DEBUG 2019-05-13 19:16:04,914: 	 Executing command: 'submit'
DEBUG 2019-05-13 19:16:04,914: 	 Found CRAB cache file /afs/cern.ch/user/s/schhibra/.crab3
DEBUG 2019-05-13 19:16:04,921: 	 Checking credentials
DEBUG 2019-05-13 19:16:04,922: 	 Found proxy file /tmp/x509up_u59012
DEBUG 2019-05-13 19:16:04,922: 	 Getting proxy life time left
DEBUG 2019-05-13 19:16:05,728: 	 Executing : 
 command : voms-proxy-info -file /tmp/x509up_u59012 -timeleft
 output : 603980

 error: 
 retcode : 0
DEBUG 2019-05-13 19:16:06,440: 	 Executing : 
 command : voms-proxy-info -file /tmp/x509up_u59012 -actimeleft
 output : 603979

 error: 
 retcode : 0
DEBUG 2019-05-13 19:16:06,440: 	 Proxy lifetime 603980 secs is different from voms extension lifetime 603979 secs for proxy: /tmp/x509up_u59012
DEBUG 2019-05-13 19:16:06,440: 	 Proxy valid for 167:46:19 hours
INFO 2019-05-13 19:16:06,441: 	 Will use CRAB configuration file crabConfig.py
DEBUG 2019-05-13 19:16:06,441: 	 Loading CRAB configuration file.
DEBUG 2019-05-13 19:16:06,471: 	 Will use CRAB Analysis plugin (i.e. will run an analysis job type).
DEBUG 2019-05-13 19:16:07,407: 	 Executing : 
 command : openssl x509 -in ~/.globus/usercert.pem -subject -noout
 output : subject= /DC=ch/DC=cern/OU=Organic Units/OU=Users/CN=schhibra/CN=715612/CN=Simranjit Singh Chhibra

 error: 
 retcode : 0
DEBUG 2019-05-13 19:16:07,408: 	 Checking credentials
DEBUG 2019-05-13 19:16:07,408: 	 Found proxy file /tmp/x509up_u59012
DEBUG 2019-05-13 19:16:07,408: 	 Getting proxy life time left
DEBUG 2019-05-13 19:16:08,215: 	 Executing : 
 command : voms-proxy-info -file /tmp/x509up_u59012 -timeleft
 output : 603977

 error: 
 retcode : 0
DEBUG 2019-05-13 19:16:09,024: 	 Executing : 
 command : voms-proxy-info -file /tmp/x509up_u59012 -actimeleft
 output : 603977

 error: 
 retcode : 0
DEBUG 2019-05-13 19:16:09,024: 	 Proxy valid for 167:46:17 hours
DEBUG 2019-05-13 19:16:09,736: 	 Executing : 
 command : env X509_USER_PROXY=/tmp/x509up_u59012 voms-proxy-info -fqan
 output : /cms/Role=NULL/Capability=NULL

 error: 
 retcode : 0
DEBUG 2019-05-13 19:16:10,190: 	 Registering user credentials for server /DC=ch/DC=cern/OU=computers/CN=vocms(052|058|030|0118|0105|0109).cern.ch|/DC=ch/DC=cern/OU=computers/CN=crab-(preprod|prod)-tw(02|01).cern.ch
DEBUG 2019-05-13 19:16:10,304: 	 Executing : 
 command : openssl x509 -in ~/.globus/usercert.pem -subject -noout
 output : subject= /DC=ch/DC=cern/OU=Organic Units/OU=Users/CN=schhibra/CN=715612/CN=Simranjit Singh Chhibra

 error: 
 retcode : 0
DEBUG 2019-05-13 19:16:10,305: 	 Getting myproxy life time left for myproxy.cern.ch
DEBUG 2019-05-13 19:16:10,305: 	 Calculating hash of /DC=ch/DC=cern/OU=Organic Units/OU=Users/CN=schhibra/CN=715612/CN=Simranjit Singh Chhibra_cmsweb.cern.ch for credential name
DEBUG 2019-05-13 19:16:10,713: 	 Executing : 
 command : myproxy-info -l 3841cd59f3d3480019d577f9a3ad69704f35aad0 -s myproxy.cern.ch
 output : username: 3841cd59f3d3480019d577f9a3ad69704f35aad0
owner: /DC=ch/DC=cern/OU=Organic Units/OU=Users/CN=schhibra/CN=715612/CN=Simranjit Singh Chhibra
  renewal policy: /DC=ch/DC=cern/OU=computers/CN=vocms(052|058|030|0118|0105|0109).cern.ch|/DC=ch/DC=cern/OU=computers/CN=crab-(preprod|prod)-tw(02|01).cern.ch
  trusted retrieval policy: /DC=ch/DC=cern/OU=computers/CN=vocms(052|058|030|0118|0105|0109).cern.ch|/DC=ch/DC=cern/OU=computers/CN=crab-(preprod|prod)-tw(02|01).cern.ch
  timeleft: 431:08:13  (18.0 days)

 error: 
 retcode : 0
DEBUG 2019-05-13 19:16:10,714: 	 Myproxy is valid: 1552093
DEBUG 2019-05-13 19:16:10,715: 	 Command use: submit
DEBUG 2019-05-13 19:16:10,715: 	 Options use: []
DEBUG 2019-05-13 19:16:10,884: 	 CRABClient version: 3.3.1904
DEBUG 2019-05-13 19:16:10,884: 	 Instance is prod
DEBUG 2019-05-13 19:16:10,884: 	 Server base url is cmsweb.cern.ch
DEBUG 2019-05-13 19:16:10,884: 	 Command url /crabserver/prod/workflow
DEBUG 2019-05-13 19:16:10,884: 	 Started submission
DEBUG 2019-05-13 19:16:10,884: 	 Working on /afs/cern.ch/work/s/schhibra/DarkPhotonSearch_v2/CMSSW_9_4_14/src/ScoutingAnalysis/TreeMaker/crab/ZdScoutingM12p5_L1_12_5_L1_15_7_Official_AccXEff/crab_20190513_191606
DEBUG 2019-05-13 19:16:11,056: 	 Loading required information from the environment
DEBUG 2019-05-13 19:16:11,056: 	 Found CMSSW_9_4_14 for slc6_amd64_gcc630 with base /afs/cern.ch/work/s/schhibra/DarkPhotonSearch_v2/CMSSW_9_4_14
DEBUG 2019-05-13 19:16:11,056: 	 Loading required information from the environment
DEBUG 2019-05-13 19:16:11,056: 	 Found CMSSW_9_4_14 for slc6_amd64_gcc630 with base /afs/cern.ch/work/s/schhibra/DarkPhotonSearch_v2/CMSSW_9_4_14
DEBUG 2019-05-13 19:16:11,073: 	 UNIQUE NAME: tarUUID b269a43c-8876-466f-8e66-29e2817ec9b8 
DEBUG 2019-05-13 19:16:11,074: 	 self.config: from WMCore.Configuration import Configuration
config = Configuration()
config.section_('General')
config.section_('JobType')
config.JobType.psetName = '../../test/tree_scout_cfg.py'
config.JobType.pluginName = 'Analysis'
config.JobType.inputFiles = ['../Rochester.tar.gz']
config.JobType.pyCfgParams = ['isMC=True', 'useLHEWeights=True', 'GlobalTag=94X_mc2017_realistic_v11', 'roccorData=Rochester/RoccoR2017.txt']
config.JobType.scriptExe = '../exec.sh'
config.section_('Data')
config.Data.inputDataset = '/DarkPhotonToMuMu_M12p5_madgraph_pythia8_TuneCP5/RunIIFall17DRPremix-PU2017_94X_mc2017_realistic_v11-v1/AODSIM'
config.Data.unitsPerJob = 10000
config.Data.publication = False
config.Data.splitting = 'EventAwareLumiBased'
config.Data.outLFNDirBase = '/store/group/phys_exotica/darkPhoton/schhibra/ScoutingNTuples2017'
config.section_('Site')
config.Site.storageSite = 'T2_CH_CERN'
config.section_('User')
config.section_('Debug')

DEBUG 2019-05-13 19:16:11,074: 	 self.config.JobType.psetName: ../../test/tree_scout_cfg.py
INFO 2019-05-13 19:16:11,075: 	 Importing CMSSW configuration ../../test/tree_scout_cfg.py
DEBUG 2019-05-13 19:16:11,075: 	 Additional parameters for the CMSSW configuration are: ['isMC=True', 'useLHEWeights=True', 'GlobalTag=94X_mc2017_realistic_v11', 'roccorData=Rochester/RoccoR2017.txt']
INFO 2019-05-13 19:16:12,739: 	 Finished importing CMSSW configuration ../../test/tree_scout_cfg.py
DEBUG 2019-05-13 19:16:12,739: 	 Writing CMSSW configuration to /afs/cern.ch/work/s/schhibra/DarkPhotonSearch_v2/CMSSW_9_4_14/src/ScoutingAnalysis/TreeMaker/crab/ZdScoutingM12p5_L1_12_5_L1_15_7_Official_AccXEff/crab_20190513_191606/inputs/PSet.py
DEBUG 2019-05-13 19:16:13,222: 	 The following EDM output files will be collected: []
DEBUG 2019-05-13 19:16:13,222: 	 The following TFile output files will be collected: ['tree_scout.root']
DEBUG 2019-05-13 19:16:13,222: 	 The following user output files will be collected: []
DEBUG 2019-05-13 19:16:13,222: 	 Loading required information from the environment
DEBUG 2019-05-13 19:16:13,222: 	 Found CMSSW_9_4_14 for slc6_amd64_gcc630 with base /afs/cern.ch/work/s/schhibra/DarkPhotonSearch_v2/CMSSW_9_4_14
DEBUG 2019-05-13 19:16:13,222: 	 Making tarball in /afs/cern.ch/work/s/schhibra/DarkPhotonSearch_v2/CMSSW_9_4_14/src/ScoutingAnalysis/TreeMaker/crab/ZdScoutingM12p5_L1_12_5_L1_15_7_Official_AccXEff/crab_20190513_191606/inputs/b269a43c-8876-466f-8e66-29e2817ec9b8default.tgz
DEBUG 2019-05-13 19:16:13,227: 	 Checking directory /afs/cern.ch/work/s/schhibra/DarkPhotonSearch_v2/CMSSW_9_4_14/lib
DEBUG 2019-05-13 19:16:13,227: 	 Adding directory /afs/cern.ch/work/s/schhibra/DarkPhotonSearch_v2/CMSSW_9_4_14/lib to tarball
DEBUG 2019-05-13 19:16:13,236: 	 Checking directory /afs/cern.ch/work/s/schhibra/DarkPhotonSearch_v2/CMSSW_9_4_14/biglib
DEBUG 2019-05-13 19:16:13,236: 	 Adding directory /afs/cern.ch/work/s/schhibra/DarkPhotonSearch_v2/CMSSW_9_4_14/biglib to tarball
DEBUG 2019-05-13 19:16:13,237: 	 Checking directory /afs/cern.ch/work/s/schhibra/DarkPhotonSearch_v2/CMSSW_9_4_14/module
DEBUG 2019-05-13 19:16:13,238: 	 Adding data directory /afs/cern.ch/work/s/schhibra/DarkPhotonSearch_v2/CMSSW_9_4_14/src/ScoutingAnalysis/TreeMaker/data to tarball
DEBUG 2019-05-13 19:16:13,444: 	 Adding data directory /afs/cern.ch/work/s/schhibra/DarkPhotonSearch_v2/CMSSW_9_4_14/src/ScoutingAnalysis/TreeMaker/interface to tarball
DEBUG 2019-05-13 19:16:13,460: 	 Adding file ../Rochester.tar.gz to tarball
DEBUG 2019-05-13 19:16:13,812: 	 Uploading archive /afs/cern.ch/work/s/schhibra/DarkPhotonSearch_v2/CMSSW_9_4_14/src/ScoutingAnalysis/TreeMaker/crab/ZdScoutingM12p5_L1_12_5_L1_15_7_Official_AccXEff/crab_20190513_191606/inputs/b269a43c-8876-466f-8e66-29e2817ec9b8default.tgz (1.386719.1 MB) to the CRAB cache. Using URI https://cmsweb.cern.ch/crabcache
DEBUG 2019-05-13 19:16:15,046: 	 Loading required information from the environment
DEBUG 2019-05-13 19:16:15,046: 	 Found CMSSW_9_4_14 for slc6_amd64_gcc630 with base /afs/cern.ch/work/s/schhibra/DarkPhotonSearch_v2/CMSSW_9_4_14
DEBUG 2019-05-13 19:16:15,046: 	 Making tarball in /afs/cern.ch/work/s/schhibra/DarkPhotonSearch_v2/CMSSW_9_4_14/src/ScoutingAnalysis/TreeMaker/crab/ZdScoutingM12p5_L1_12_5_L1_15_7_Official_AccXEff/crab_20190513_191606/inputs/debugFiles.tgz
DEBUG 2019-05-13 19:16:15,053: 	 Uploading archive /afs/cern.ch/work/s/schhibra/DarkPhotonSearch_v2/CMSSW_9_4_14/src/ScoutingAnalysis/TreeMaker/crab/ZdScoutingM12p5_L1_12_5_L1_15_7_Official_AccXEff/crab_20190513_191606/inputs/debugFiles.tgz (2 KB) to the CRAB cache. Using URI https://cmsweb.cern.ch/crabcache
DEBUG 2019-05-13 19:16:15,195: 	 Result uploading input files: c546ace1ca360e876c5df4cd4facdd8a3c1a2a64df44bf906ebc011f93f27e48.tar.gz 
INFO 2019-05-13 19:16:15,195: 	 Sending the request to the server
DEBUG 2019-05-13 19:16:15,195: 	 Submitting {'maxjobruntime': 1250, 'extrajdl': [], 'lfn': '/store/group/phys_exotica/darkPhoton/schhibra/ScoutingNTuples2017', 'savelogsflag': 0, 'useparent': 0, 'scriptexe': 'exec.sh', 'asyncdest': 'T2_CH_CERN', 'algoargs': 10000, 'cachefilename': 'c546ace1ca360e876c5df4cd4facdd8a3c1a2a64df44bf906ebc011f93f27e48.tar.gz', 'numcores': 1, 'addoutputfiles': [], 'generator': 'pythia', 'maxmemory': 2000, 'publishdbsurl': 'https://cmsweb.cern.ch/dbs/prod/phys03/DBSWriter', 'priority': 10, 'jobsw': 'CMSSW_9_4_14', 'edmoutfiles': [], 'userfiles': [], 'primarydataset': '', 'inputdata': '/DarkPhotonToMuMu_M12p5_madgraph_pythia8_TuneCP5/RunIIFall17DRPremix-PU2017_94X_mc2017_realistic_v11-v1/AODSIM', 'ignorelocality': 0, 'dryrun': 0, 'workflow': 'crab_20190513_191606', 'cacheurl': u'https://cmsweb.cern.ch/crabcache', 'nonprodsw': 0, 'tfileoutfiles': ['tree_scout.root'], 'oneEventMode': 0, 'debugfilename': '71abcee824ddbef01ee4b8d6e07bd4eec29228a92ce1bdfadafd16dfa04912d8.tar.gz', 'saveoutput': 1, 'publication': 0, 'jobarch': 'slc6_amd64_gcc630', 'totalunits': 0, 'splitalgo': 'EventAwareLumiBased', 'ignoreglobalblacklist': 0, 'nonvaliddata': 0, 'dbsurl': 'https://cmsweb.cern.ch/dbs/prod/global/DBSReader', 'publishgroupname': 0, 'jobtype': 'Analysis', 'publishname2': ''} 
DEBUG 2019-05-13 19:16:15,196: 	 Encoded submit request: maxjobruntime=1250&lfn=%2Fstore%2Fgroup%2Fphys_exotica%2FdarkPhoton%2Fschhibra%2FScoutingNTuples2017&savelogsflag=0&useparent=0&scriptexe=exec.sh&asyncdest=T2_CH_CERN&algoargs=10000&cachefilename=c546ace1ca360e876c5df4cd4facdd8a3c1a2a64df44bf906ebc011f93f27e48.tar.gz&numcores=1&generator=pythia&maxmemory=2000&publishdbsurl=https%3A%2F%2Fcmsweb.cern.ch%2Fdbs%2Fprod%2Fphys03%2FDBSWriter&priority=10&jobsw=CMSSW_9_4_14&primarydataset=&inputdata=%2FDarkPhotonToMuMu_M12p5_madgraph_pythia8_TuneCP5%2FRunIIFall17DRPremix-PU2017_94X_mc2017_realistic_v11-v1%2FAODSIM&ignorelocality=0&dryrun=0&workflow=crab_20190513_191606&cacheurl=https%3A%2F%2Fcmsweb.cern.ch%2Fcrabcache&nonprodsw=0&oneEventMode=0&debugfilename=71abcee824ddbef01ee4b8d6e07bd4eec29228a92ce1bdfadafd16dfa04912d8.tar.gz&saveoutput=1&publication=0&jobarch=slc6_amd64_gcc630&totalunits=0&splitalgo=EventAwareLumiBased&ignoreglobalblacklist=0&nonvaliddata=0&dbsurl=https%3A%2F%2Fcmsweb.cern.ch%2Fdbs%2Fprod%2Fglobal%2FDBSReader&publishgroupname=0&jobtype=Analysis&publishname2=&tfileoutfiles=tree_scout.root
DEBUG 2019-05-13 19:16:15,406: 	 Result: {u'result': [{u'RequestName': u'190513_171615:schhibra_crab_20190513_191606'}]}
INFO 2019-05-13 19:16:15,409: 	 Success: Your task has been delivered to the CRAB3 server.
INFO 2019-05-13 19:16:15,409: 	 Task name: 190513_171615:schhibra_crab_20190513_191606
INFO 2019-05-13 19:16:15,409: 	 Project dir: ./crab_20190513_191606
INFO 2019-05-13 19:16:15,409: 	 Please use 'crab status -d ./crab_20190513_191606' to check how the submission process proceeds.
DEBUG 2019-05-13 19:16:15,410: 	 About to return
INFO 2019-05-13 19:16:15,413: 	 Log file is /afs/cern.ch/work/s/schhibra/DarkPhotonSearch_v2/CMSSW_9_4_14/src/ScoutingAnalysis/TreeMaker/crab/ZdScoutingM12p5_L1_12_5_L1_15_7_Official_AccXEff/crab_20190513_191606/crab.log
DEBUG 2019-05-13 19:32:37,501: 	 Executing command: 'kill'
DEBUG 2019-05-13 19:32:37,501: 	 Found CRAB cache file /afs/cern.ch/user/s/schhibra/.crab3
DEBUG 2019-05-13 19:32:37,509: 	 Checking credentials
DEBUG 2019-05-13 19:32:37,510: 	 Found proxy file /tmp/x509up_u59012
DEBUG 2019-05-13 19:32:37,510: 	 Getting proxy life time left
DEBUG 2019-05-13 19:32:38,217: 	 Executing : 
 command : voms-proxy-info -file /tmp/x509up_u59012 -timeleft
 output : 602987

 error: 
 retcode : 0
DEBUG 2019-05-13 19:32:39,023: 	 Executing : 
 command : voms-proxy-info -file /tmp/x509up_u59012 -actimeleft
 output : 602987

 error: 
 retcode : 0
DEBUG 2019-05-13 19:32:39,024: 	 Proxy valid for 167:29:47 hours
DEBUG 2019-05-13 19:32:39,138: 	 Executing : 
 command : openssl x509 -in ~/.globus/usercert.pem -subject -noout
 output : subject= /DC=ch/DC=cern/OU=Organic Units/OU=Users/CN=schhibra/CN=715612/CN=Simranjit Singh Chhibra

 error: 
 retcode : 0
DEBUG 2019-05-13 19:32:39,139: 	 Checking credentials
DEBUG 2019-05-13 19:32:39,139: 	 Found proxy file /tmp/x509up_u59012
DEBUG 2019-05-13 19:32:39,139: 	 Getting proxy life time left
DEBUG 2019-05-13 19:32:39,845: 	 Executing : 
 command : voms-proxy-info -file /tmp/x509up_u59012 -timeleft
 output : 602986

 error: 
 retcode : 0
DEBUG 2019-05-13 19:32:40,551: 	 Executing : 
 command : voms-proxy-info -file /tmp/x509up_u59012 -actimeleft
 output : 602985

 error: 
 retcode : 0
DEBUG 2019-05-13 19:32:40,552: 	 Proxy lifetime 602986 secs is different from voms extension lifetime 602985 secs for proxy: /tmp/x509up_u59012
DEBUG 2019-05-13 19:32:40,552: 	 Proxy valid for 167:29:45 hours
DEBUG 2019-05-13 19:32:40,684: 	 Registering user credentials for server /DC=ch/DC=cern/OU=computers/CN=vocms(052|058|030|0118|0105|0109).cern.ch|/DC=ch/DC=cern/OU=computers/CN=crab-(preprod|prod)-tw(02|01).cern.ch
DEBUG 2019-05-13 19:32:40,795: 	 Executing : 
 command : openssl x509 -in ~/.globus/usercert.pem -subject -noout
 output : subject= /DC=ch/DC=cern/OU=Organic Units/OU=Users/CN=schhibra/CN=715612/CN=Simranjit Singh Chhibra

 error: 
 retcode : 0
DEBUG 2019-05-13 19:32:40,796: 	 Getting myproxy life time left for myproxy.cern.ch
DEBUG 2019-05-13 19:32:40,796: 	 Calculating hash of /DC=ch/DC=cern/OU=Organic Units/OU=Users/CN=schhibra/CN=715612/CN=Simranjit Singh Chhibra_cmsweb.cern.ch for credential name
DEBUG 2019-05-13 19:32:41,200: 	 Executing : 
 command : myproxy-info -l 3841cd59f3d3480019d577f9a3ad69704f35aad0 -s myproxy.cern.ch
 output : username: 3841cd59f3d3480019d577f9a3ad69704f35aad0
owner: /DC=ch/DC=cern/OU=Organic Units/OU=Users/CN=schhibra/CN=715612/CN=Simranjit Singh Chhibra
  renewal policy: /DC=ch/DC=cern/OU=computers/CN=vocms(052|058|030|0118|0105|0109).cern.ch|/DC=ch/DC=cern/OU=computers/CN=crab-(preprod|prod)-tw(02|01).cern.ch
  trusted retrieval policy: /DC=ch/DC=cern/OU=computers/CN=vocms(052|058|030|0118|0105|0109).cern.ch|/DC=ch/DC=cern/OU=computers/CN=crab-(preprod|prod)-tw(02|01).cern.ch
  timeleft: 430:51:42  (18.0 days)

 error: 
 retcode : 0
DEBUG 2019-05-13 19:32:41,202: 	 Myproxy is valid: 1551102
DEBUG 2019-05-13 19:32:41,203: 	 Command use: kill
DEBUG 2019-05-13 19:32:41,203: 	 Options use: ['crab_20190513_191606']
DEBUG 2019-05-13 19:32:41,338: 	 CRABClient version: 3.3.1904
DEBUG 2019-05-13 19:32:41,338: 	 Instance is prod
DEBUG 2019-05-13 19:32:41,338: 	 Server base url is cmsweb.cern.ch
DEBUG 2019-05-13 19:32:41,338: 	 Command url /crabserver/prod/workflow
DEBUG 2019-05-13 19:32:41,338: 	 Killing task 190513_171615:schhibra_crab_20190513_191606
DEBUG 2019-05-13 19:32:41,446: 	 Result: {u'result': [{u'result': u'ok'}], u'desc': {u'columns': [u'tm_taskname', u'panda_jobset_id', u'tm_task_status', u'tm_task_command', u'tm_user_role', u'tm_user_group', u'tm_task_failure', u'tm_split_algo', u'tm_split_args', u'panda_resubmitted_jobs', u'tm_save_logs', u'tm_username', u'tm_user_dn', u'tm_arguments', u'tm_input_dataset', u'tm_dbs_url', u'tm_task_warnings', u'tm_publication', u'tm_user_webdir', u'tm_asourl', u'tm_asodb', u'tm_output_dataset', u'tm_collector', u'tm_schedd', u'tm_dry_run', u'clusterid', u'tm_start_time', u'tw_name']}}
INFO 2019-05-13 19:32:41,446: 	 Kill request successfully sent
INFO 2019-05-13 19:32:41,450: 	 Log file is /afs/cern.ch/work/s/schhibra/DarkPhotonSearch_v2/CMSSW_9_4_14/src/ScoutingAnalysis/TreeMaker/crab/ZdScoutingM12p5_L1_12_5_L1_15_7_Official_AccXEff/crab_20190513_191606/crab.log
