DEBUG 2019-05-13 19:14:51,402: 	 Executing command: 'submit'
DEBUG 2019-05-13 19:14:51,403: 	 Found CRAB cache file /afs/cern.ch/user/s/schhibra/.crab3
DEBUG 2019-05-13 19:14:51,410: 	 Checking credentials
DEBUG 2019-05-13 19:14:51,410: 	 Found proxy file /tmp/x509up_u59012
DEBUG 2019-05-13 19:14:51,410: 	 Getting proxy life time left
DEBUG 2019-05-13 19:14:52,117: 	 Executing : 
 command : voms-proxy-info -file /tmp/x509up_u59012 -timeleft
 output : 604053

 error: 
 retcode : 0
DEBUG 2019-05-13 19:14:52,924: 	 Executing : 
 command : voms-proxy-info -file /tmp/x509up_u59012 -actimeleft
 output : 604053

 error: 
 retcode : 0
DEBUG 2019-05-13 19:14:52,925: 	 Proxy valid for 167:47:33 hours
INFO 2019-05-13 19:14:52,925: 	 Will use CRAB configuration file crabConfig.py
DEBUG 2019-05-13 19:14:52,925: 	 Loading CRAB configuration file.
DEBUG 2019-05-13 19:14:52,946: 	 Will use CRAB Analysis plugin (i.e. will run an analysis job type).
DEBUG 2019-05-13 19:14:53,128: 	 Executing : 
 command : openssl x509 -in ~/.globus/usercert.pem -subject -noout
 output : subject= /DC=ch/DC=cern/OU=Organic Units/OU=Users/CN=schhibra/CN=715612/CN=Simranjit Singh Chhibra

 error: 
 retcode : 0
DEBUG 2019-05-13 19:14:53,128: 	 Checking credentials
DEBUG 2019-05-13 19:14:53,129: 	 Found proxy file /tmp/x509up_u59012
DEBUG 2019-05-13 19:14:53,129: 	 Getting proxy life time left
DEBUG 2019-05-13 19:14:53,835: 	 Executing : 
 command : voms-proxy-info -file /tmp/x509up_u59012 -timeleft
 output : 604052

 error: 
 retcode : 0
DEBUG 2019-05-13 19:14:54,543: 	 Executing : 
 command : voms-proxy-info -file /tmp/x509up_u59012 -actimeleft
 output : 604051

 error: 
 retcode : 0
DEBUG 2019-05-13 19:14:54,543: 	 Proxy lifetime 604052 secs is different from voms extension lifetime 604051 secs for proxy: /tmp/x509up_u59012
DEBUG 2019-05-13 19:14:54,543: 	 Proxy valid for 167:47:31 hours
DEBUG 2019-05-13 19:14:55,352: 	 Executing : 
 command : env X509_USER_PROXY=/tmp/x509up_u59012 voms-proxy-info -fqan
 output : /cms/Role=NULL/Capability=NULL

 error: 
 retcode : 0
DEBUG 2019-05-13 19:14:55,483: 	 Registering user credentials for server /DC=ch/DC=cern/OU=computers/CN=vocms(052|058|030|0118|0105|0109).cern.ch|/DC=ch/DC=cern/OU=computers/CN=crab-(preprod|prod)-tw(02|01).cern.ch
DEBUG 2019-05-13 19:14:55,594: 	 Executing : 
 command : openssl x509 -in ~/.globus/usercert.pem -subject -noout
 output : subject= /DC=ch/DC=cern/OU=Organic Units/OU=Users/CN=schhibra/CN=715612/CN=Simranjit Singh Chhibra

 error: 
 retcode : 0
DEBUG 2019-05-13 19:14:55,594: 	 Getting myproxy life time left for myproxy.cern.ch
DEBUG 2019-05-13 19:14:55,594: 	 Calculating hash of /DC=ch/DC=cern/OU=Organic Units/OU=Users/CN=schhibra/CN=715612/CN=Simranjit Singh Chhibra_cmsweb.cern.ch for credential name
DEBUG 2019-05-13 19:14:55,999: 	 Executing : 
 command : myproxy-info -l 3841cd59f3d3480019d577f9a3ad69704f35aad0 -s myproxy.cern.ch
 output : username: 3841cd59f3d3480019d577f9a3ad69704f35aad0
owner: /DC=ch/DC=cern/OU=Organic Units/OU=Users/CN=schhibra/CN=715612/CN=Simranjit Singh Chhibra
  renewal policy: /DC=ch/DC=cern/OU=computers/CN=vocms(052|058|030|0118|0105|0109).cern.ch|/DC=ch/DC=cern/OU=computers/CN=crab-(preprod|prod)-tw(02|01).cern.ch
  trusted retrieval policy: /DC=ch/DC=cern/OU=computers/CN=vocms(052|058|030|0118|0105|0109).cern.ch|/DC=ch/DC=cern/OU=computers/CN=crab-(preprod|prod)-tw(02|01).cern.ch
  timeleft: 431:09:28  (18.0 days)

 error: 
 retcode : 0
DEBUG 2019-05-13 19:14:56,001: 	 Myproxy is valid: 1552168
DEBUG 2019-05-13 19:14:56,001: 	 Command use: submit
DEBUG 2019-05-13 19:14:56,001: 	 Options use: []
DEBUG 2019-05-13 19:14:56,162: 	 CRABClient version: 3.3.1904
DEBUG 2019-05-13 19:14:56,162: 	 Instance is prod
DEBUG 2019-05-13 19:14:56,162: 	 Server base url is cmsweb.cern.ch
DEBUG 2019-05-13 19:14:56,162: 	 Command url /crabserver/prod/workflow
DEBUG 2019-05-13 19:14:56,163: 	 Started submission
DEBUG 2019-05-13 19:14:56,163: 	 Working on /afs/cern.ch/work/s/schhibra/DarkPhotonSearch_v2/CMSSW_9_4_14/src/ScoutingAnalysis/TreeMaker/crab/ZdScoutingM10_L1_12_5_L1_15_7_Official_AccXEff/crab_20190513_191452
DEBUG 2019-05-13 19:14:56,308: 	 Loading required information from the environment
DEBUG 2019-05-13 19:14:56,308: 	 Found CMSSW_9_4_14 for slc6_amd64_gcc630 with base /afs/cern.ch/work/s/schhibra/DarkPhotonSearch_v2/CMSSW_9_4_14
DEBUG 2019-05-13 19:14:56,308: 	 Loading required information from the environment
DEBUG 2019-05-13 19:14:56,309: 	 Found CMSSW_9_4_14 for slc6_amd64_gcc630 with base /afs/cern.ch/work/s/schhibra/DarkPhotonSearch_v2/CMSSW_9_4_14
DEBUG 2019-05-13 19:14:56,328: 	 UNIQUE NAME: tarUUID 6e7d86fa-fc50-4744-b74a-a6ce0c1b9da6 
DEBUG 2019-05-13 19:14:56,328: 	 self.config: from WMCore.Configuration import Configuration
config = Configuration()
config.section_('General')
config.section_('JobType')
config.JobType.psetName = '../../test/tree_scout_cfg.py'
config.JobType.pluginName = 'Analysis'
config.JobType.inputFiles = ['../Rochester.tar.gz']
config.JobType.pyCfgParams = ['isMC=True', 'useLHEWeights=True', 'GlobalTag=94X_mc2017_realistic_v11', 'roccorData=Rochester/RoccoR2017.txt']
config.JobType.scriptExe = '../exec.sh'
config.section_('Data')
config.Data.inputDataset = '/DarkPhotonToMuMu_M10_madgraph_pythia8_TuneCP5/RunIIFall17DRPremix-PU2017_94X_mc2017_realistic_v11-v1/AODSIM'
config.Data.unitsPerJob = 10000
config.Data.publication = False
config.Data.splitting = 'EventAwareLumiBased'
config.Data.outLFNDirBase = '/store/group/phys_exotica/darkPhoton/schhibra/ScoutingNTuples2017'
config.section_('Site')
config.Site.storageSite = 'T2_CH_CERN'
config.section_('User')
config.section_('Debug')

DEBUG 2019-05-13 19:14:56,329: 	 self.config.JobType.psetName: ../../test/tree_scout_cfg.py
INFO 2019-05-13 19:14:56,329: 	 Importing CMSSW configuration ../../test/tree_scout_cfg.py
DEBUG 2019-05-13 19:14:56,329: 	 Additional parameters for the CMSSW configuration are: ['isMC=True', 'useLHEWeights=True', 'GlobalTag=94X_mc2017_realistic_v11', 'roccorData=Rochester/RoccoR2017.txt']
INFO 2019-05-13 19:14:57,927: 	 Finished importing CMSSW configuration ../../test/tree_scout_cfg.py
DEBUG 2019-05-13 19:14:57,927: 	 Writing CMSSW configuration to /afs/cern.ch/work/s/schhibra/DarkPhotonSearch_v2/CMSSW_9_4_14/src/ScoutingAnalysis/TreeMaker/crab/ZdScoutingM10_L1_12_5_L1_15_7_Official_AccXEff/crab_20190513_191452/inputs/PSet.py
DEBUG 2019-05-13 19:14:58,317: 	 The following EDM output files will be collected: []
DEBUG 2019-05-13 19:14:58,317: 	 The following TFile output files will be collected: ['tree_scout.root']
DEBUG 2019-05-13 19:14:58,318: 	 The following user output files will be collected: []
DEBUG 2019-05-13 19:14:58,318: 	 Loading required information from the environment
DEBUG 2019-05-13 19:14:58,318: 	 Found CMSSW_9_4_14 for slc6_amd64_gcc630 with base /afs/cern.ch/work/s/schhibra/DarkPhotonSearch_v2/CMSSW_9_4_14
DEBUG 2019-05-13 19:14:58,318: 	 Making tarball in /afs/cern.ch/work/s/schhibra/DarkPhotonSearch_v2/CMSSW_9_4_14/src/ScoutingAnalysis/TreeMaker/crab/ZdScoutingM10_L1_12_5_L1_15_7_Official_AccXEff/crab_20190513_191452/inputs/6e7d86fa-fc50-4744-b74a-a6ce0c1b9da6default.tgz
DEBUG 2019-05-13 19:14:58,324: 	 Checking directory /afs/cern.ch/work/s/schhibra/DarkPhotonSearch_v2/CMSSW_9_4_14/lib
DEBUG 2019-05-13 19:14:58,324: 	 Adding directory /afs/cern.ch/work/s/schhibra/DarkPhotonSearch_v2/CMSSW_9_4_14/lib to tarball
DEBUG 2019-05-13 19:14:58,333: 	 Checking directory /afs/cern.ch/work/s/schhibra/DarkPhotonSearch_v2/CMSSW_9_4_14/biglib
DEBUG 2019-05-13 19:14:58,333: 	 Adding directory /afs/cern.ch/work/s/schhibra/DarkPhotonSearch_v2/CMSSW_9_4_14/biglib to tarball
DEBUG 2019-05-13 19:14:58,334: 	 Checking directory /afs/cern.ch/work/s/schhibra/DarkPhotonSearch_v2/CMSSW_9_4_14/module
DEBUG 2019-05-13 19:14:58,335: 	 Adding data directory /afs/cern.ch/work/s/schhibra/DarkPhotonSearch_v2/CMSSW_9_4_14/src/ScoutingAnalysis/TreeMaker/data to tarball
DEBUG 2019-05-13 19:14:58,547: 	 Adding data directory /afs/cern.ch/work/s/schhibra/DarkPhotonSearch_v2/CMSSW_9_4_14/src/ScoutingAnalysis/TreeMaker/interface to tarball
DEBUG 2019-05-13 19:14:58,560: 	 Adding file ../Rochester.tar.gz to tarball
DEBUG 2019-05-13 19:14:58,926: 	 Uploading archive /afs/cern.ch/work/s/schhibra/DarkPhotonSearch_v2/CMSSW_9_4_14/src/ScoutingAnalysis/TreeMaker/crab/ZdScoutingM10_L1_12_5_L1_15_7_Official_AccXEff/crab_20190513_191452/inputs/6e7d86fa-fc50-4744-b74a-a6ce0c1b9da6default.tgz (1.385742.1 MB) to the CRAB cache. Using URI https://cmsweb.cern.ch/crabcache
DEBUG 2019-05-13 19:15:00,146: 	 Loading required information from the environment
DEBUG 2019-05-13 19:15:00,146: 	 Found CMSSW_9_4_14 for slc6_amd64_gcc630 with base /afs/cern.ch/work/s/schhibra/DarkPhotonSearch_v2/CMSSW_9_4_14
DEBUG 2019-05-13 19:15:00,146: 	 Making tarball in /afs/cern.ch/work/s/schhibra/DarkPhotonSearch_v2/CMSSW_9_4_14/src/ScoutingAnalysis/TreeMaker/crab/ZdScoutingM10_L1_12_5_L1_15_7_Official_AccXEff/crab_20190513_191452/inputs/debugFiles.tgz
DEBUG 2019-05-13 19:15:00,153: 	 Uploading archive /afs/cern.ch/work/s/schhibra/DarkPhotonSearch_v2/CMSSW_9_4_14/src/ScoutingAnalysis/TreeMaker/crab/ZdScoutingM10_L1_12_5_L1_15_7_Official_AccXEff/crab_20190513_191452/inputs/debugFiles.tgz (2 KB) to the CRAB cache. Using URI https://cmsweb.cern.ch/crabcache
DEBUG 2019-05-13 19:15:00,252: 	 Result uploading input files: c546ace1ca360e876c5df4cd4facdd8a3c1a2a64df44bf906ebc011f93f27e48.tar.gz 
INFO 2019-05-13 19:15:00,252: 	 Sending the request to the server
DEBUG 2019-05-13 19:15:00,253: 	 Submitting {'maxjobruntime': 1250, 'extrajdl': [], 'lfn': '/store/group/phys_exotica/darkPhoton/schhibra/ScoutingNTuples2017', 'savelogsflag': 0, 'useparent': 0, 'scriptexe': 'exec.sh', 'asyncdest': 'T2_CH_CERN', 'algoargs': 10000, 'cachefilename': 'c546ace1ca360e876c5df4cd4facdd8a3c1a2a64df44bf906ebc011f93f27e48.tar.gz', 'numcores': 1, 'addoutputfiles': [], 'generator': 'pythia', 'maxmemory': 2000, 'publishdbsurl': 'https://cmsweb.cern.ch/dbs/prod/phys03/DBSWriter', 'priority': 10, 'jobsw': 'CMSSW_9_4_14', 'edmoutfiles': [], 'userfiles': [], 'primarydataset': '', 'inputdata': '/DarkPhotonToMuMu_M10_madgraph_pythia8_TuneCP5/RunIIFall17DRPremix-PU2017_94X_mc2017_realistic_v11-v1/AODSIM', 'ignorelocality': 0, 'dryrun': 0, 'workflow': 'crab_20190513_191452', 'cacheurl': u'https://cmsweb.cern.ch/crabcache', 'nonprodsw': 0, 'tfileoutfiles': ['tree_scout.root'], 'oneEventMode': 0, 'debugfilename': 'e07f296b7042929284e805383a885bd477b51585286ecf2619668d9562c8c307.tar.gz', 'saveoutput': 1, 'publication': 0, 'jobarch': 'slc6_amd64_gcc630', 'totalunits': 0, 'splitalgo': 'EventAwareLumiBased', 'ignoreglobalblacklist': 0, 'nonvaliddata': 0, 'dbsurl': 'https://cmsweb.cern.ch/dbs/prod/global/DBSReader', 'publishgroupname': 0, 'jobtype': 'Analysis', 'publishname2': ''} 
DEBUG 2019-05-13 19:15:00,253: 	 Encoded submit request: maxjobruntime=1250&lfn=%2Fstore%2Fgroup%2Fphys_exotica%2FdarkPhoton%2Fschhibra%2FScoutingNTuples2017&savelogsflag=0&useparent=0&scriptexe=exec.sh&asyncdest=T2_CH_CERN&algoargs=10000&cachefilename=c546ace1ca360e876c5df4cd4facdd8a3c1a2a64df44bf906ebc011f93f27e48.tar.gz&numcores=1&generator=pythia&maxmemory=2000&publishdbsurl=https%3A%2F%2Fcmsweb.cern.ch%2Fdbs%2Fprod%2Fphys03%2FDBSWriter&priority=10&jobsw=CMSSW_9_4_14&primarydataset=&inputdata=%2FDarkPhotonToMuMu_M10_madgraph_pythia8_TuneCP5%2FRunIIFall17DRPremix-PU2017_94X_mc2017_realistic_v11-v1%2FAODSIM&ignorelocality=0&dryrun=0&workflow=crab_20190513_191452&cacheurl=https%3A%2F%2Fcmsweb.cern.ch%2Fcrabcache&nonprodsw=0&oneEventMode=0&debugfilename=e07f296b7042929284e805383a885bd477b51585286ecf2619668d9562c8c307.tar.gz&saveoutput=1&publication=0&jobarch=slc6_amd64_gcc630&totalunits=0&splitalgo=EventAwareLumiBased&ignoreglobalblacklist=0&nonvaliddata=0&dbsurl=https%3A%2F%2Fcmsweb.cern.ch%2Fdbs%2Fprod%2Fglobal%2FDBSReader&publishgroupname=0&jobtype=Analysis&publishname2=&tfileoutfiles=tree_scout.root
DEBUG 2019-05-13 19:15:00,530: 	 Result: {u'result': [{u'RequestName': u'190513_171500:schhibra_crab_20190513_191452'}]}
INFO 2019-05-13 19:15:00,533: 	 Success: Your task has been delivered to the CRAB3 server.
INFO 2019-05-13 19:15:00,533: 	 Task name: 190513_171500:schhibra_crab_20190513_191452
INFO 2019-05-13 19:15:00,533: 	 Project dir: ./crab_20190513_191452
INFO 2019-05-13 19:15:00,533: 	 Please use 'crab status -d ./crab_20190513_191452' to check how the submission process proceeds.
DEBUG 2019-05-13 19:15:00,533: 	 About to return
INFO 2019-05-13 19:15:00,536: 	 Log file is /afs/cern.ch/work/s/schhibra/DarkPhotonSearch_v2/CMSSW_9_4_14/src/ScoutingAnalysis/TreeMaker/crab/ZdScoutingM10_L1_12_5_L1_15_7_Official_AccXEff/crab_20190513_191452/crab.log
DEBUG 2019-05-13 19:32:21,930: 	 Executing command: 'kill'
DEBUG 2019-05-13 19:32:21,930: 	 Found CRAB cache file /afs/cern.ch/user/s/schhibra/.crab3
DEBUG 2019-05-13 19:32:21,939: 	 Checking credentials
DEBUG 2019-05-13 19:32:21,940: 	 Found proxy file /tmp/x509up_u59012
DEBUG 2019-05-13 19:32:21,940: 	 Getting proxy life time left
DEBUG 2019-05-13 19:32:22,745: 	 Executing : 
 command : voms-proxy-info -file /tmp/x509up_u59012 -timeleft
 output : 603003

 error: 
 retcode : 0
DEBUG 2019-05-13 19:32:23,452: 	 Executing : 
 command : voms-proxy-info -file /tmp/x509up_u59012 -actimeleft
 output : 603002

 error: 
 retcode : 0
DEBUG 2019-05-13 19:32:23,452: 	 Proxy lifetime 603003 secs is different from voms extension lifetime 603002 secs for proxy: /tmp/x509up_u59012
DEBUG 2019-05-13 19:32:23,452: 	 Proxy valid for 167:30:02 hours
DEBUG 2019-05-13 19:32:23,570: 	 Executing : 
 command : openssl x509 -in ~/.globus/usercert.pem -subject -noout
 output : subject= /DC=ch/DC=cern/OU=Organic Units/OU=Users/CN=schhibra/CN=715612/CN=Simranjit Singh Chhibra

 error: 
 retcode : 0
DEBUG 2019-05-13 19:32:23,571: 	 Checking credentials
DEBUG 2019-05-13 19:32:23,571: 	 Found proxy file /tmp/x509up_u59012
DEBUG 2019-05-13 19:32:23,571: 	 Getting proxy life time left
DEBUG 2019-05-13 19:32:24,277: 	 Executing : 
 command : voms-proxy-info -file /tmp/x509up_u59012 -timeleft
 output : 603001

 error: 
 retcode : 0
DEBUG 2019-05-13 19:32:24,984: 	 Executing : 
 command : voms-proxy-info -file /tmp/x509up_u59012 -actimeleft
 output : 603001

 error: 
 retcode : 0
DEBUG 2019-05-13 19:32:24,984: 	 Proxy valid for 167:30:01 hours
DEBUG 2019-05-13 19:32:25,147: 	 Registering user credentials for server /DC=ch/DC=cern/OU=computers/CN=vocms(052|058|030|0118|0105|0109).cern.ch|/DC=ch/DC=cern/OU=computers/CN=crab-(preprod|prod)-tw(02|01).cern.ch
DEBUG 2019-05-13 19:32:25,258: 	 Executing : 
 command : openssl x509 -in ~/.globus/usercert.pem -subject -noout
 output : subject= /DC=ch/DC=cern/OU=Organic Units/OU=Users/CN=schhibra/CN=715612/CN=Simranjit Singh Chhibra

 error: 
 retcode : 0
DEBUG 2019-05-13 19:32:25,258: 	 Getting myproxy life time left for myproxy.cern.ch
DEBUG 2019-05-13 19:32:25,259: 	 Calculating hash of /DC=ch/DC=cern/OU=Organic Units/OU=Users/CN=schhibra/CN=715612/CN=Simranjit Singh Chhibra_cmsweb.cern.ch for credential name
DEBUG 2019-05-13 19:32:25,665: 	 Executing : 
 command : myproxy-info -l 3841cd59f3d3480019d577f9a3ad69704f35aad0 -s myproxy.cern.ch
 output : username: 3841cd59f3d3480019d577f9a3ad69704f35aad0
owner: /DC=ch/DC=cern/OU=Organic Units/OU=Users/CN=schhibra/CN=715612/CN=Simranjit Singh Chhibra
  renewal policy: /DC=ch/DC=cern/OU=computers/CN=vocms(052|058|030|0118|0105|0109).cern.ch|/DC=ch/DC=cern/OU=computers/CN=crab-(preprod|prod)-tw(02|01).cern.ch
  trusted retrieval policy: /DC=ch/DC=cern/OU=computers/CN=vocms(052|058|030|0118|0105|0109).cern.ch|/DC=ch/DC=cern/OU=computers/CN=crab-(preprod|prod)-tw(02|01).cern.ch
  timeleft: 430:51:58  (18.0 days)

 error: 
 retcode : 0
DEBUG 2019-05-13 19:32:25,666: 	 Myproxy is valid: 1551118
DEBUG 2019-05-13 19:32:25,667: 	 Command use: kill
DEBUG 2019-05-13 19:32:25,667: 	 Options use: ['crab_20190513_191452']
DEBUG 2019-05-13 19:32:25,836: 	 CRABClient version: 3.3.1904
DEBUG 2019-05-13 19:32:25,836: 	 Instance is prod
DEBUG 2019-05-13 19:32:25,836: 	 Server base url is cmsweb.cern.ch
DEBUG 2019-05-13 19:32:25,836: 	 Command url /crabserver/prod/workflow
DEBUG 2019-05-13 19:32:25,836: 	 Killing task 190513_171500:schhibra_crab_20190513_191452
DEBUG 2019-05-13 19:32:25,974: 	 Result: {u'result': [{u'result': u'ok'}], u'desc': {u'columns': [u'tm_taskname', u'panda_jobset_id', u'tm_task_status', u'tm_task_command', u'tm_user_role', u'tm_user_group', u'tm_task_failure', u'tm_split_algo', u'tm_split_args', u'panda_resubmitted_jobs', u'tm_save_logs', u'tm_username', u'tm_user_dn', u'tm_arguments', u'tm_input_dataset', u'tm_dbs_url', u'tm_task_warnings', u'tm_publication', u'tm_user_webdir', u'tm_asourl', u'tm_asodb', u'tm_output_dataset', u'tm_collector', u'tm_schedd', u'tm_dry_run', u'clusterid', u'tm_start_time', u'tw_name']}}
INFO 2019-05-13 19:32:25,974: 	 Kill request successfully sent
INFO 2019-05-13 19:32:25,976: 	 Log file is /afs/cern.ch/work/s/schhibra/DarkPhotonSearch_v2/CMSSW_9_4_14/src/ScoutingAnalysis/TreeMaker/crab/ZdScoutingM10_L1_12_5_L1_15_7_Official_AccXEff/crab_20190513_191452/crab.log
