DEBUG 2019-05-13 19:15:23,216: 	 Executing command: 'submit'
DEBUG 2019-05-13 19:15:23,216: 	 Found CRAB cache file /afs/cern.ch/user/s/schhibra/.crab3
DEBUG 2019-05-13 19:15:23,225: 	 Checking credentials
DEBUG 2019-05-13 19:15:23,225: 	 Found proxy file /tmp/x509up_u59012
DEBUG 2019-05-13 19:15:23,225: 	 Getting proxy life time left
DEBUG 2019-05-13 19:15:24,033: 	 Executing : 
 command : voms-proxy-info -file /tmp/x509up_u59012 -timeleft
 output : 604022

 error: 
 retcode : 0
DEBUG 2019-05-13 19:15:24,846: 	 Executing : 
 command : voms-proxy-info -file /tmp/x509up_u59012 -actimeleft
 output : 604021

 error: 
 retcode : 0
DEBUG 2019-05-13 19:15:24,846: 	 Proxy lifetime 604022 secs is different from voms extension lifetime 604021 secs for proxy: /tmp/x509up_u59012
DEBUG 2019-05-13 19:15:24,846: 	 Proxy valid for 167:47:01 hours
INFO 2019-05-13 19:15:24,847: 	 Will use CRAB configuration file crabConfig.py
DEBUG 2019-05-13 19:15:24,847: 	 Loading CRAB configuration file.
DEBUG 2019-05-13 19:15:24,858: 	 Will use CRAB Analysis plugin (i.e. will run an analysis job type).
DEBUG 2019-05-13 19:15:25,102: 	 Executing : 
 command : openssl x509 -in ~/.globus/usercert.pem -subject -noout
 output : subject= /DC=ch/DC=cern/OU=Organic Units/OU=Users/CN=schhibra/CN=715612/CN=Simranjit Singh Chhibra

 error: 
 retcode : 0
DEBUG 2019-05-13 19:15:25,103: 	 Checking credentials
DEBUG 2019-05-13 19:15:25,104: 	 Found proxy file /tmp/x509up_u59012
DEBUG 2019-05-13 19:15:25,104: 	 Getting proxy life time left
DEBUG 2019-05-13 19:15:25,913: 	 Executing : 
 command : voms-proxy-info -file /tmp/x509up_u59012 -timeleft
 output : 604020

 error: 
 retcode : 0
DEBUG 2019-05-13 19:15:26,731: 	 Executing : 
 command : voms-proxy-info -file /tmp/x509up_u59012 -actimeleft
 output : 604019

 error: 
 retcode : 0
DEBUG 2019-05-13 19:15:26,731: 	 Proxy lifetime 604020 secs is different from voms extension lifetime 604019 secs for proxy: /tmp/x509up_u59012
DEBUG 2019-05-13 19:15:26,731: 	 Proxy valid for 167:46:59 hours
DEBUG 2019-05-13 19:15:27,539: 	 Executing : 
 command : env X509_USER_PROXY=/tmp/x509up_u59012 voms-proxy-info -fqan
 output : /cms/Role=NULL/Capability=NULL

 error: 
 retcode : 0
DEBUG 2019-05-13 19:15:27,686: 	 Registering user credentials for server /DC=ch/DC=cern/OU=computers/CN=vocms(052|058|030|0118|0105|0109).cern.ch|/DC=ch/DC=cern/OU=computers/CN=crab-(preprod|prod)-tw(02|01).cern.ch
DEBUG 2019-05-13 19:15:27,799: 	 Executing : 
 command : openssl x509 -in ~/.globus/usercert.pem -subject -noout
 output : subject= /DC=ch/DC=cern/OU=Organic Units/OU=Users/CN=schhibra/CN=715612/CN=Simranjit Singh Chhibra

 error: 
 retcode : 0
DEBUG 2019-05-13 19:15:27,800: 	 Getting myproxy life time left for myproxy.cern.ch
DEBUG 2019-05-13 19:15:27,800: 	 Calculating hash of /DC=ch/DC=cern/OU=Organic Units/OU=Users/CN=schhibra/CN=715612/CN=Simranjit Singh Chhibra_cmsweb.cern.ch for credential name
DEBUG 2019-05-13 19:15:28,205: 	 Executing : 
 command : myproxy-info -l 3841cd59f3d3480019d577f9a3ad69704f35aad0 -s myproxy.cern.ch
 output : username: 3841cd59f3d3480019d577f9a3ad69704f35aad0
owner: /DC=ch/DC=cern/OU=Organic Units/OU=Users/CN=schhibra/CN=715612/CN=Simranjit Singh Chhibra
  renewal policy: /DC=ch/DC=cern/OU=computers/CN=vocms(052|058|030|0118|0105|0109).cern.ch|/DC=ch/DC=cern/OU=computers/CN=crab-(preprod|prod)-tw(02|01).cern.ch
  trusted retrieval policy: /DC=ch/DC=cern/OU=computers/CN=vocms(052|058|030|0118|0105|0109).cern.ch|/DC=ch/DC=cern/OU=computers/CN=crab-(preprod|prod)-tw(02|01).cern.ch
  timeleft: 431:08:55  (18.0 days)

 error: 
 retcode : 0
DEBUG 2019-05-13 19:15:28,207: 	 Myproxy is valid: 1552135
DEBUG 2019-05-13 19:15:28,207: 	 Command use: submit
DEBUG 2019-05-13 19:15:28,207: 	 Options use: []
DEBUG 2019-05-13 19:15:28,386: 	 CRABClient version: 3.3.1904
DEBUG 2019-05-13 19:15:28,386: 	 Instance is prod
DEBUG 2019-05-13 19:15:28,386: 	 Server base url is cmsweb.cern.ch
DEBUG 2019-05-13 19:15:28,386: 	 Command url /crabserver/prod/workflow
DEBUG 2019-05-13 19:15:28,386: 	 Started submission
DEBUG 2019-05-13 19:15:28,387: 	 Working on /afs/cern.ch/work/s/schhibra/DarkPhotonSearch_v2/CMSSW_9_4_14/src/ScoutingAnalysis/TreeMaker/crab/ZdScoutingM20_L1_12_5_L1_15_7_Official_AccXEff/crab_20190513_191524
DEBUG 2019-05-13 19:15:28,544: 	 Loading required information from the environment
DEBUG 2019-05-13 19:15:28,544: 	 Found CMSSW_9_4_14 for slc6_amd64_gcc630 with base /afs/cern.ch/work/s/schhibra/DarkPhotonSearch_v2/CMSSW_9_4_14
DEBUG 2019-05-13 19:15:28,544: 	 Loading required information from the environment
DEBUG 2019-05-13 19:15:28,544: 	 Found CMSSW_9_4_14 for slc6_amd64_gcc630 with base /afs/cern.ch/work/s/schhibra/DarkPhotonSearch_v2/CMSSW_9_4_14
DEBUG 2019-05-13 19:15:28,563: 	 UNIQUE NAME: tarUUID 907f17d3-7678-4dfd-bc48-21a852e6ee82 
DEBUG 2019-05-13 19:15:28,564: 	 self.config: from WMCore.Configuration import Configuration
config = Configuration()
config.section_('General')
config.section_('JobType')
config.JobType.psetName = '../../test/tree_scout_cfg.py'
config.JobType.pluginName = 'Analysis'
config.JobType.inputFiles = ['../Rochester.tar.gz']
config.JobType.pyCfgParams = ['isMC=True', 'useLHEWeights=True', 'GlobalTag=94X_mc2017_realistic_v11', 'roccorData=Rochester/RoccoR2017.txt']
config.JobType.scriptExe = '../exec.sh'
config.section_('Data')
config.Data.inputDataset = '/DarkPhotonToMuMu_M20_madgraph_pythia8_TuneCP5/RunIIFall17DRPremix-PU2017_94X_mc2017_realistic_v11-v1/AODSIM'
config.Data.unitsPerJob = 10000
config.Data.publication = False
config.Data.splitting = 'EventAwareLumiBased'
config.Data.outLFNDirBase = '/store/group/phys_exotica/darkPhoton/schhibra/ScoutingNTuples2017'
config.section_('Site')
config.Site.storageSite = 'T2_CH_CERN'
config.section_('User')
config.section_('Debug')

DEBUG 2019-05-13 19:15:28,564: 	 self.config.JobType.psetName: ../../test/tree_scout_cfg.py
INFO 2019-05-13 19:15:28,564: 	 Importing CMSSW configuration ../../test/tree_scout_cfg.py
DEBUG 2019-05-13 19:15:28,565: 	 Additional parameters for the CMSSW configuration are: ['isMC=True', 'useLHEWeights=True', 'GlobalTag=94X_mc2017_realistic_v11', 'roccorData=Rochester/RoccoR2017.txt']
INFO 2019-05-13 19:15:30,704: 	 Finished importing CMSSW configuration ../../test/tree_scout_cfg.py
DEBUG 2019-05-13 19:15:30,704: 	 Writing CMSSW configuration to /afs/cern.ch/work/s/schhibra/DarkPhotonSearch_v2/CMSSW_9_4_14/src/ScoutingAnalysis/TreeMaker/crab/ZdScoutingM20_L1_12_5_L1_15_7_Official_AccXEff/crab_20190513_191524/inputs/PSet.py
DEBUG 2019-05-13 19:15:31,116: 	 The following EDM output files will be collected: []
DEBUG 2019-05-13 19:15:31,117: 	 The following TFile output files will be collected: ['tree_scout.root']
DEBUG 2019-05-13 19:15:31,117: 	 The following user output files will be collected: []
DEBUG 2019-05-13 19:15:31,117: 	 Loading required information from the environment
DEBUG 2019-05-13 19:15:31,117: 	 Found CMSSW_9_4_14 for slc6_amd64_gcc630 with base /afs/cern.ch/work/s/schhibra/DarkPhotonSearch_v2/CMSSW_9_4_14
DEBUG 2019-05-13 19:15:31,117: 	 Making tarball in /afs/cern.ch/work/s/schhibra/DarkPhotonSearch_v2/CMSSW_9_4_14/src/ScoutingAnalysis/TreeMaker/crab/ZdScoutingM20_L1_12_5_L1_15_7_Official_AccXEff/crab_20190513_191524/inputs/907f17d3-7678-4dfd-bc48-21a852e6ee82default.tgz
DEBUG 2019-05-13 19:15:31,149: 	 Checking directory /afs/cern.ch/work/s/schhibra/DarkPhotonSearch_v2/CMSSW_9_4_14/lib
DEBUG 2019-05-13 19:15:31,149: 	 Adding directory /afs/cern.ch/work/s/schhibra/DarkPhotonSearch_v2/CMSSW_9_4_14/lib to tarball
DEBUG 2019-05-13 19:15:31,159: 	 Checking directory /afs/cern.ch/work/s/schhibra/DarkPhotonSearch_v2/CMSSW_9_4_14/biglib
DEBUG 2019-05-13 19:15:31,159: 	 Adding directory /afs/cern.ch/work/s/schhibra/DarkPhotonSearch_v2/CMSSW_9_4_14/biglib to tarball
DEBUG 2019-05-13 19:15:31,160: 	 Checking directory /afs/cern.ch/work/s/schhibra/DarkPhotonSearch_v2/CMSSW_9_4_14/module
DEBUG 2019-05-13 19:15:31,161: 	 Adding data directory /afs/cern.ch/work/s/schhibra/DarkPhotonSearch_v2/CMSSW_9_4_14/src/ScoutingAnalysis/TreeMaker/data to tarball
DEBUG 2019-05-13 19:15:31,340: 	 Adding data directory /afs/cern.ch/work/s/schhibra/DarkPhotonSearch_v2/CMSSW_9_4_14/src/ScoutingAnalysis/TreeMaker/interface to tarball
DEBUG 2019-05-13 19:15:31,353: 	 Adding file ../Rochester.tar.gz to tarball
DEBUG 2019-05-13 19:15:31,664: 	 Uploading archive /afs/cern.ch/work/s/schhibra/DarkPhotonSearch_v2/CMSSW_9_4_14/src/ScoutingAnalysis/TreeMaker/crab/ZdScoutingM20_L1_12_5_L1_15_7_Official_AccXEff/crab_20190513_191524/inputs/907f17d3-7678-4dfd-bc48-21a852e6ee82default.tgz (1.385742.1 MB) to the CRAB cache. Using URI https://cmsweb.cern.ch/crabcache
DEBUG 2019-05-13 19:15:32,815: 	 Loading required information from the environment
DEBUG 2019-05-13 19:15:32,815: 	 Found CMSSW_9_4_14 for slc6_amd64_gcc630 with base /afs/cern.ch/work/s/schhibra/DarkPhotonSearch_v2/CMSSW_9_4_14
DEBUG 2019-05-13 19:15:32,815: 	 Making tarball in /afs/cern.ch/work/s/schhibra/DarkPhotonSearch_v2/CMSSW_9_4_14/src/ScoutingAnalysis/TreeMaker/crab/ZdScoutingM20_L1_12_5_L1_15_7_Official_AccXEff/crab_20190513_191524/inputs/debugFiles.tgz
DEBUG 2019-05-13 19:15:32,821: 	 Uploading archive /afs/cern.ch/work/s/schhibra/DarkPhotonSearch_v2/CMSSW_9_4_14/src/ScoutingAnalysis/TreeMaker/crab/ZdScoutingM20_L1_12_5_L1_15_7_Official_AccXEff/crab_20190513_191524/inputs/debugFiles.tgz (2 KB) to the CRAB cache. Using URI https://cmsweb.cern.ch/crabcache
DEBUG 2019-05-13 19:15:32,930: 	 Result uploading input files: c546ace1ca360e876c5df4cd4facdd8a3c1a2a64df44bf906ebc011f93f27e48.tar.gz 
INFO 2019-05-13 19:15:32,930: 	 Sending the request to the server
DEBUG 2019-05-13 19:15:32,931: 	 Submitting {'maxjobruntime': 1250, 'extrajdl': [], 'lfn': '/store/group/phys_exotica/darkPhoton/schhibra/ScoutingNTuples2017', 'savelogsflag': 0, 'useparent': 0, 'scriptexe': 'exec.sh', 'asyncdest': 'T2_CH_CERN', 'algoargs': 10000, 'cachefilename': 'c546ace1ca360e876c5df4cd4facdd8a3c1a2a64df44bf906ebc011f93f27e48.tar.gz', 'numcores': 1, 'addoutputfiles': [], 'generator': 'pythia', 'maxmemory': 2000, 'publishdbsurl': 'https://cmsweb.cern.ch/dbs/prod/phys03/DBSWriter', 'priority': 10, 'jobsw': 'CMSSW_9_4_14', 'edmoutfiles': [], 'userfiles': [], 'primarydataset': '', 'inputdata': '/DarkPhotonToMuMu_M20_madgraph_pythia8_TuneCP5/RunIIFall17DRPremix-PU2017_94X_mc2017_realistic_v11-v1/AODSIM', 'ignorelocality': 0, 'dryrun': 0, 'workflow': 'crab_20190513_191524', 'cacheurl': u'https://cmsweb.cern.ch/crabcache', 'nonprodsw': 0, 'tfileoutfiles': ['tree_scout.root'], 'oneEventMode': 0, 'debugfilename': '4ea6e8e66947c4148ee6a43ecc579be92a21c0529b39f9aee93dafdaf3ad68e2.tar.gz', 'saveoutput': 1, 'publication': 0, 'jobarch': 'slc6_amd64_gcc630', 'totalunits': 0, 'splitalgo': 'EventAwareLumiBased', 'ignoreglobalblacklist': 0, 'nonvaliddata': 0, 'dbsurl': 'https://cmsweb.cern.ch/dbs/prod/global/DBSReader', 'publishgroupname': 0, 'jobtype': 'Analysis', 'publishname2': ''} 
DEBUG 2019-05-13 19:15:32,931: 	 Encoded submit request: maxjobruntime=1250&lfn=%2Fstore%2Fgroup%2Fphys_exotica%2FdarkPhoton%2Fschhibra%2FScoutingNTuples2017&savelogsflag=0&useparent=0&scriptexe=exec.sh&asyncdest=T2_CH_CERN&algoargs=10000&cachefilename=c546ace1ca360e876c5df4cd4facdd8a3c1a2a64df44bf906ebc011f93f27e48.tar.gz&numcores=1&generator=pythia&maxmemory=2000&publishdbsurl=https%3A%2F%2Fcmsweb.cern.ch%2Fdbs%2Fprod%2Fphys03%2FDBSWriter&priority=10&jobsw=CMSSW_9_4_14&primarydataset=&inputdata=%2FDarkPhotonToMuMu_M20_madgraph_pythia8_TuneCP5%2FRunIIFall17DRPremix-PU2017_94X_mc2017_realistic_v11-v1%2FAODSIM&ignorelocality=0&dryrun=0&workflow=crab_20190513_191524&cacheurl=https%3A%2F%2Fcmsweb.cern.ch%2Fcrabcache&nonprodsw=0&oneEventMode=0&debugfilename=4ea6e8e66947c4148ee6a43ecc579be92a21c0529b39f9aee93dafdaf3ad68e2.tar.gz&saveoutput=1&publication=0&jobarch=slc6_amd64_gcc630&totalunits=0&splitalgo=EventAwareLumiBased&ignoreglobalblacklist=0&nonvaliddata=0&dbsurl=https%3A%2F%2Fcmsweb.cern.ch%2Fdbs%2Fprod%2Fglobal%2FDBSReader&publishgroupname=0&jobtype=Analysis&publishname2=&tfileoutfiles=tree_scout.root
DEBUG 2019-05-13 19:15:33,215: 	 Result: {u'result': [{u'RequestName': u'190513_171533:schhibra_crab_20190513_191524'}]}
INFO 2019-05-13 19:15:33,218: 	 Success: Your task has been delivered to the CRAB3 server.
INFO 2019-05-13 19:15:33,218: 	 Task name: 190513_171533:schhibra_crab_20190513_191524
INFO 2019-05-13 19:15:33,218: 	 Project dir: ./crab_20190513_191524
INFO 2019-05-13 19:15:33,218: 	 Please use 'crab status -d ./crab_20190513_191524' to check how the submission process proceeds.
DEBUG 2019-05-13 19:15:33,218: 	 About to return
INFO 2019-05-13 19:15:33,221: 	 Log file is /afs/cern.ch/work/s/schhibra/DarkPhotonSearch_v2/CMSSW_9_4_14/src/ScoutingAnalysis/TreeMaker/crab/ZdScoutingM20_L1_12_5_L1_15_7_Official_AccXEff/crab_20190513_191524/crab.log
DEBUG 2019-05-13 19:33:18,604: 	 Executing command: 'kill'
DEBUG 2019-05-13 19:33:18,605: 	 Found CRAB cache file /afs/cern.ch/user/s/schhibra/.crab3
DEBUG 2019-05-13 19:33:18,614: 	 Checking credentials
DEBUG 2019-05-13 19:33:18,616: 	 Found proxy file /tmp/x509up_u59012
DEBUG 2019-05-13 19:33:18,616: 	 Getting proxy life time left
DEBUG 2019-05-13 19:33:19,426: 	 Executing : 
 command : voms-proxy-info -file /tmp/x509up_u59012 -timeleft
 output : 602946

 error: 
 retcode : 0
DEBUG 2019-05-13 19:33:20,132: 	 Executing : 
 command : voms-proxy-info -file /tmp/x509up_u59012 -actimeleft
 output : 602945

 error: 
 retcode : 0
DEBUG 2019-05-13 19:33:20,133: 	 Proxy lifetime 602946 secs is different from voms extension lifetime 602945 secs for proxy: /tmp/x509up_u59012
DEBUG 2019-05-13 19:33:20,133: 	 Proxy valid for 167:29:05 hours
DEBUG 2019-05-13 19:33:20,252: 	 Executing : 
 command : openssl x509 -in ~/.globus/usercert.pem -subject -noout
 output : subject= /DC=ch/DC=cern/OU=Organic Units/OU=Users/CN=schhibra/CN=715612/CN=Simranjit Singh Chhibra

 error: 
 retcode : 0
DEBUG 2019-05-13 19:33:20,252: 	 Checking credentials
DEBUG 2019-05-13 19:33:20,252: 	 Found proxy file /tmp/x509up_u59012
DEBUG 2019-05-13 19:33:20,253: 	 Getting proxy life time left
DEBUG 2019-05-13 19:33:20,960: 	 Executing : 
 command : voms-proxy-info -file /tmp/x509up_u59012 -timeleft
 output : 602945

 error: 
 retcode : 0
DEBUG 2019-05-13 19:33:21,667: 	 Executing : 
 command : voms-proxy-info -file /tmp/x509up_u59012 -actimeleft
 output : 602944

 error: 
 retcode : 0
DEBUG 2019-05-13 19:33:21,667: 	 Proxy lifetime 602945 secs is different from voms extension lifetime 602944 secs for proxy: /tmp/x509up_u59012
DEBUG 2019-05-13 19:33:21,667: 	 Proxy valid for 167:29:04 hours
DEBUG 2019-05-13 19:33:21,798: 	 Registering user credentials for server /DC=ch/DC=cern/OU=computers/CN=vocms(052|058|030|0118|0105|0109).cern.ch|/DC=ch/DC=cern/OU=computers/CN=crab-(preprod|prod)-tw(02|01).cern.ch
DEBUG 2019-05-13 19:33:21,910: 	 Executing : 
 command : openssl x509 -in ~/.globus/usercert.pem -subject -noout
 output : subject= /DC=ch/DC=cern/OU=Organic Units/OU=Users/CN=schhibra/CN=715612/CN=Simranjit Singh Chhibra

 error: 
 retcode : 0
DEBUG 2019-05-13 19:33:21,911: 	 Getting myproxy life time left for myproxy.cern.ch
DEBUG 2019-05-13 19:33:21,911: 	 Calculating hash of /DC=ch/DC=cern/OU=Organic Units/OU=Users/CN=schhibra/CN=715612/CN=Simranjit Singh Chhibra_cmsweb.cern.ch for credential name
DEBUG 2019-05-13 19:33:22,316: 	 Executing : 
 command : myproxy-info -l 3841cd59f3d3480019d577f9a3ad69704f35aad0 -s myproxy.cern.ch
 output : username: 3841cd59f3d3480019d577f9a3ad69704f35aad0
owner: /DC=ch/DC=cern/OU=Organic Units/OU=Users/CN=schhibra/CN=715612/CN=Simranjit Singh Chhibra
  renewal policy: /DC=ch/DC=cern/OU=computers/CN=vocms(052|058|030|0118|0105|0109).cern.ch|/DC=ch/DC=cern/OU=computers/CN=crab-(preprod|prod)-tw(02|01).cern.ch
  trusted retrieval policy: /DC=ch/DC=cern/OU=computers/CN=vocms(052|058|030|0118|0105|0109).cern.ch|/DC=ch/DC=cern/OU=computers/CN=crab-(preprod|prod)-tw(02|01).cern.ch
  timeleft: 430:51:01  (18.0 days)

 error: 
 retcode : 0
DEBUG 2019-05-13 19:33:22,317: 	 Myproxy is valid: 1551061
DEBUG 2019-05-13 19:33:22,318: 	 Command use: kill
DEBUG 2019-05-13 19:33:22,318: 	 Options use: ['crab_20190513_191524']
DEBUG 2019-05-13 19:33:22,467: 	 CRABClient version: 3.3.1904
DEBUG 2019-05-13 19:33:22,467: 	 Instance is prod
DEBUG 2019-05-13 19:33:22,467: 	 Server base url is cmsweb.cern.ch
DEBUG 2019-05-13 19:33:22,467: 	 Command url /crabserver/prod/workflow
DEBUG 2019-05-13 19:33:22,467: 	 Killing task 190513_171533:schhibra_crab_20190513_191524
DEBUG 2019-05-13 19:33:22,632: 	 Result: {u'result': [{u'result': u'ok'}], u'desc': {u'columns': [u'tm_taskname', u'panda_jobset_id', u'tm_task_status', u'tm_task_command', u'tm_user_role', u'tm_user_group', u'tm_task_failure', u'tm_split_algo', u'tm_split_args', u'panda_resubmitted_jobs', u'tm_save_logs', u'tm_username', u'tm_user_dn', u'tm_arguments', u'tm_input_dataset', u'tm_dbs_url', u'tm_task_warnings', u'tm_publication', u'tm_user_webdir', u'tm_asourl', u'tm_asodb', u'tm_output_dataset', u'tm_collector', u'tm_schedd', u'tm_dry_run', u'clusterid', u'tm_start_time', u'tw_name']}}
INFO 2019-05-13 19:33:22,632: 	 Kill request successfully sent
INFO 2019-05-13 19:33:22,635: 	 Log file is /afs/cern.ch/work/s/schhibra/DarkPhotonSearch_v2/CMSSW_9_4_14/src/ScoutingAnalysis/TreeMaker/crab/ZdScoutingM20_L1_12_5_L1_15_7_Official_AccXEff/crab_20190513_191524/crab.log
