DEBUG 2019-05-13 19:14:41,571: 	 Executing command: 'submit'
DEBUG 2019-05-13 19:14:41,571: 	 Found CRAB cache file /afs/cern.ch/user/s/schhibra/.crab3
DEBUG 2019-05-13 19:14:41,580: 	 Checking credentials
DEBUG 2019-05-13 19:14:41,580: 	 Found proxy file /tmp/x509up_u59012
DEBUG 2019-05-13 19:14:41,580: 	 Getting proxy life time left
DEBUG 2019-05-13 19:14:42,286: 	 Executing : 
 command : voms-proxy-info -file /tmp/x509up_u59012 -timeleft
 output : 604063

 error: 
 retcode : 0
DEBUG 2019-05-13 19:14:43,093: 	 Executing : 
 command : voms-proxy-info -file /tmp/x509up_u59012 -actimeleft
 output : 604062

 error: 
 retcode : 0
DEBUG 2019-05-13 19:14:43,093: 	 Proxy lifetime 604063 secs is different from voms extension lifetime 604062 secs for proxy: /tmp/x509up_u59012
DEBUG 2019-05-13 19:14:43,094: 	 Proxy valid for 167:47:42 hours
INFO 2019-05-13 19:14:43,094: 	 Will use CRAB configuration file crabConfig.py
DEBUG 2019-05-13 19:14:43,094: 	 Loading CRAB configuration file.
DEBUG 2019-05-13 19:14:43,131: 	 Will use CRAB Analysis plugin (i.e. will run an analysis job type).
DEBUG 2019-05-13 19:14:43,338: 	 Executing : 
 command : openssl x509 -in ~/.globus/usercert.pem -subject -noout
 output : subject= /DC=ch/DC=cern/OU=Organic Units/OU=Users/CN=schhibra/CN=715612/CN=Simranjit Singh Chhibra

 error: 
 retcode : 0
DEBUG 2019-05-13 19:14:43,339: 	 Checking credentials
DEBUG 2019-05-13 19:14:43,339: 	 Found proxy file /tmp/x509up_u59012
DEBUG 2019-05-13 19:14:43,339: 	 Getting proxy life time left
DEBUG 2019-05-13 19:14:44,045: 	 Executing : 
 command : voms-proxy-info -file /tmp/x509up_u59012 -timeleft
 output : 604061

 error: 
 retcode : 0
DEBUG 2019-05-13 19:14:44,852: 	 Executing : 
 command : voms-proxy-info -file /tmp/x509up_u59012 -actimeleft
 output : 604061

 error: 
 retcode : 0
DEBUG 2019-05-13 19:14:44,853: 	 Proxy valid for 167:47:41 hours
DEBUG 2019-05-13 19:14:45,559: 	 Executing : 
 command : env X509_USER_PROXY=/tmp/x509up_u59012 voms-proxy-info -fqan
 output : /cms/Role=NULL/Capability=NULL

 error: 
 retcode : 0
DEBUG 2019-05-13 19:14:45,752: 	 Registering user credentials for server /DC=ch/DC=cern/OU=computers/CN=vocms(052|058|030|0118|0105|0109).cern.ch|/DC=ch/DC=cern/OU=computers/CN=crab-(preprod|prod)-tw(02|01).cern.ch
DEBUG 2019-05-13 19:14:45,865: 	 Executing : 
 command : openssl x509 -in ~/.globus/usercert.pem -subject -noout
 output : subject= /DC=ch/DC=cern/OU=Organic Units/OU=Users/CN=schhibra/CN=715612/CN=Simranjit Singh Chhibra

 error: 
 retcode : 0
DEBUG 2019-05-13 19:14:45,865: 	 Getting myproxy life time left for myproxy.cern.ch
DEBUG 2019-05-13 19:14:45,865: 	 Calculating hash of /DC=ch/DC=cern/OU=Organic Units/OU=Users/CN=schhibra/CN=715612/CN=Simranjit Singh Chhibra_cmsweb.cern.ch for credential name
DEBUG 2019-05-13 19:14:46,170: 	 Executing : 
 command : myproxy-info -l 3841cd59f3d3480019d577f9a3ad69704f35aad0 -s myproxy.cern.ch
 output : username: 3841cd59f3d3480019d577f9a3ad69704f35aad0
owner: /DC=ch/DC=cern/OU=Organic Units/OU=Users/CN=schhibra/CN=715612/CN=Simranjit Singh Chhibra
  renewal policy: /DC=ch/DC=cern/OU=computers/CN=vocms(052|058|030|0118|0105|0109).cern.ch|/DC=ch/DC=cern/OU=computers/CN=crab-(preprod|prod)-tw(02|01).cern.ch
  trusted retrieval policy: /DC=ch/DC=cern/OU=computers/CN=vocms(052|058|030|0118|0105|0109).cern.ch|/DC=ch/DC=cern/OU=computers/CN=crab-(preprod|prod)-tw(02|01).cern.ch
  timeleft: 431:09:37  (18.0 days)

 error: 
 retcode : 0
DEBUG 2019-05-13 19:14:46,172: 	 Myproxy is valid: 1552177
DEBUG 2019-05-13 19:14:46,172: 	 Command use: submit
DEBUG 2019-05-13 19:14:46,172: 	 Options use: []
DEBUG 2019-05-13 19:14:46,332: 	 CRABClient version: 3.3.1904
DEBUG 2019-05-13 19:14:46,332: 	 Instance is prod
DEBUG 2019-05-13 19:14:46,332: 	 Server base url is cmsweb.cern.ch
DEBUG 2019-05-13 19:14:46,332: 	 Command url /crabserver/prod/workflow
DEBUG 2019-05-13 19:14:46,332: 	 Started submission
DEBUG 2019-05-13 19:14:46,333: 	 Working on /afs/cern.ch/work/s/schhibra/DarkPhotonSearch_v2/CMSSW_9_4_14/src/ScoutingAnalysis/TreeMaker/crab/ZdScoutingM60_L1_12_5_L1_15_7_Official_AccXEff/crab_20190513_191443
DEBUG 2019-05-13 19:14:46,506: 	 Loading required information from the environment
DEBUG 2019-05-13 19:14:46,506: 	 Found CMSSW_9_4_14 for slc6_amd64_gcc630 with base /afs/cern.ch/work/s/schhibra/DarkPhotonSearch_v2/CMSSW_9_4_14
DEBUG 2019-05-13 19:14:46,506: 	 Loading required information from the environment
DEBUG 2019-05-13 19:14:46,506: 	 Found CMSSW_9_4_14 for slc6_amd64_gcc630 with base /afs/cern.ch/work/s/schhibra/DarkPhotonSearch_v2/CMSSW_9_4_14
DEBUG 2019-05-13 19:14:46,522: 	 UNIQUE NAME: tarUUID 82702aaf-c42f-4608-91cf-8eb28dc0e46b 
DEBUG 2019-05-13 19:14:46,523: 	 self.config: from WMCore.Configuration import Configuration
config = Configuration()
config.section_('General')
config.section_('JobType')
config.JobType.psetName = '../../test/tree_scout_cfg.py'
config.JobType.pluginName = 'Analysis'
config.JobType.inputFiles = ['../Rochester.tar.gz']
config.JobType.pyCfgParams = ['isMC=True', 'useLHEWeights=True', 'GlobalTag=94X_mc2017_realistic_v11', 'roccorData=Rochester/RoccoR2017.txt']
config.JobType.scriptExe = '../exec.sh'
config.section_('Data')
config.Data.inputDataset = '/DarkPhotonToMuMu_M60_madgraph_pythia8_TuneCP5/RunIIFall17DRPremix-PU2017_94X_mc2017_realistic_v11-v1/AODSIM'
config.Data.unitsPerJob = 10000
config.Data.publication = False
config.Data.splitting = 'EventAwareLumiBased'
config.Data.outLFNDirBase = '/store/group/phys_exotica/darkPhoton/schhibra/ScoutingNTuples2017'
config.section_('Site')
config.Site.storageSite = 'T2_CH_CERN'
config.section_('User')
config.section_('Debug')

DEBUG 2019-05-13 19:14:46,523: 	 self.config.JobType.psetName: ../../test/tree_scout_cfg.py
INFO 2019-05-13 19:14:46,523: 	 Importing CMSSW configuration ../../test/tree_scout_cfg.py
DEBUG 2019-05-13 19:14:46,523: 	 Additional parameters for the CMSSW configuration are: ['isMC=True', 'useLHEWeights=True', 'GlobalTag=94X_mc2017_realistic_v11', 'roccorData=Rochester/RoccoR2017.txt']
INFO 2019-05-13 19:14:48,163: 	 Finished importing CMSSW configuration ../../test/tree_scout_cfg.py
DEBUG 2019-05-13 19:14:48,164: 	 Writing CMSSW configuration to /afs/cern.ch/work/s/schhibra/DarkPhotonSearch_v2/CMSSW_9_4_14/src/ScoutingAnalysis/TreeMaker/crab/ZdScoutingM60_L1_12_5_L1_15_7_Official_AccXEff/crab_20190513_191443/inputs/PSet.py
DEBUG 2019-05-13 19:14:48,611: 	 The following EDM output files will be collected: []
DEBUG 2019-05-13 19:14:48,611: 	 The following TFile output files will be collected: ['tree_scout.root']
DEBUG 2019-05-13 19:14:48,611: 	 The following user output files will be collected: []
DEBUG 2019-05-13 19:14:48,611: 	 Loading required information from the environment
DEBUG 2019-05-13 19:14:48,612: 	 Found CMSSW_9_4_14 for slc6_amd64_gcc630 with base /afs/cern.ch/work/s/schhibra/DarkPhotonSearch_v2/CMSSW_9_4_14
DEBUG 2019-05-13 19:14:48,612: 	 Making tarball in /afs/cern.ch/work/s/schhibra/DarkPhotonSearch_v2/CMSSW_9_4_14/src/ScoutingAnalysis/TreeMaker/crab/ZdScoutingM60_L1_12_5_L1_15_7_Official_AccXEff/crab_20190513_191443/inputs/82702aaf-c42f-4608-91cf-8eb28dc0e46bdefault.tgz
DEBUG 2019-05-13 19:14:48,616: 	 Checking directory /afs/cern.ch/work/s/schhibra/DarkPhotonSearch_v2/CMSSW_9_4_14/lib
DEBUG 2019-05-13 19:14:48,616: 	 Adding directory /afs/cern.ch/work/s/schhibra/DarkPhotonSearch_v2/CMSSW_9_4_14/lib to tarball
DEBUG 2019-05-13 19:14:48,625: 	 Checking directory /afs/cern.ch/work/s/schhibra/DarkPhotonSearch_v2/CMSSW_9_4_14/biglib
DEBUG 2019-05-13 19:14:48,625: 	 Adding directory /afs/cern.ch/work/s/schhibra/DarkPhotonSearch_v2/CMSSW_9_4_14/biglib to tarball
DEBUG 2019-05-13 19:14:48,626: 	 Checking directory /afs/cern.ch/work/s/schhibra/DarkPhotonSearch_v2/CMSSW_9_4_14/module
DEBUG 2019-05-13 19:14:48,627: 	 Adding data directory /afs/cern.ch/work/s/schhibra/DarkPhotonSearch_v2/CMSSW_9_4_14/src/ScoutingAnalysis/TreeMaker/data to tarball
DEBUG 2019-05-13 19:14:48,831: 	 Adding data directory /afs/cern.ch/work/s/schhibra/DarkPhotonSearch_v2/CMSSW_9_4_14/src/ScoutingAnalysis/TreeMaker/interface to tarball
DEBUG 2019-05-13 19:14:48,847: 	 Adding file ../Rochester.tar.gz to tarball
DEBUG 2019-05-13 19:14:49,229: 	 Uploading archive /afs/cern.ch/work/s/schhibra/DarkPhotonSearch_v2/CMSSW_9_4_14/src/ScoutingAnalysis/TreeMaker/crab/ZdScoutingM60_L1_12_5_L1_15_7_Official_AccXEff/crab_20190513_191443/inputs/82702aaf-c42f-4608-91cf-8eb28dc0e46bdefault.tgz (1.386719.1 MB) to the CRAB cache. Using URI https://cmsweb.cern.ch/crabcache
DEBUG 2019-05-13 19:14:50,420: 	 Loading required information from the environment
DEBUG 2019-05-13 19:14:50,421: 	 Found CMSSW_9_4_14 for slc6_amd64_gcc630 with base /afs/cern.ch/work/s/schhibra/DarkPhotonSearch_v2/CMSSW_9_4_14
DEBUG 2019-05-13 19:14:50,421: 	 Making tarball in /afs/cern.ch/work/s/schhibra/DarkPhotonSearch_v2/CMSSW_9_4_14/src/ScoutingAnalysis/TreeMaker/crab/ZdScoutingM60_L1_12_5_L1_15_7_Official_AccXEff/crab_20190513_191443/inputs/debugFiles.tgz
DEBUG 2019-05-13 19:14:50,427: 	 Uploading archive /afs/cern.ch/work/s/schhibra/DarkPhotonSearch_v2/CMSSW_9_4_14/src/ScoutingAnalysis/TreeMaker/crab/ZdScoutingM60_L1_12_5_L1_15_7_Official_AccXEff/crab_20190513_191443/inputs/debugFiles.tgz (2 KB) to the CRAB cache. Using URI https://cmsweb.cern.ch/crabcache
DEBUG 2019-05-13 19:14:50,528: 	 Result uploading input files: c546ace1ca360e876c5df4cd4facdd8a3c1a2a64df44bf906ebc011f93f27e48.tar.gz 
INFO 2019-05-13 19:14:50,528: 	 Sending the request to the server
DEBUG 2019-05-13 19:14:50,529: 	 Submitting {'maxjobruntime': 1250, 'extrajdl': [], 'lfn': '/store/group/phys_exotica/darkPhoton/schhibra/ScoutingNTuples2017', 'savelogsflag': 0, 'useparent': 0, 'scriptexe': 'exec.sh', 'asyncdest': 'T2_CH_CERN', 'algoargs': 10000, 'cachefilename': 'c546ace1ca360e876c5df4cd4facdd8a3c1a2a64df44bf906ebc011f93f27e48.tar.gz', 'numcores': 1, 'addoutputfiles': [], 'generator': 'pythia', 'maxmemory': 2000, 'publishdbsurl': 'https://cmsweb.cern.ch/dbs/prod/phys03/DBSWriter', 'priority': 10, 'jobsw': 'CMSSW_9_4_14', 'edmoutfiles': [], 'userfiles': [], 'primarydataset': '', 'inputdata': '/DarkPhotonToMuMu_M60_madgraph_pythia8_TuneCP5/RunIIFall17DRPremix-PU2017_94X_mc2017_realistic_v11-v1/AODSIM', 'ignorelocality': 0, 'dryrun': 0, 'workflow': 'crab_20190513_191443', 'cacheurl': u'https://cmsweb.cern.ch/crabcache', 'nonprodsw': 0, 'tfileoutfiles': ['tree_scout.root'], 'oneEventMode': 0, 'debugfilename': '2a3d8a4fded39dbef996a93e2ec5a8e67d847c218534a1588bc668727c16e267.tar.gz', 'saveoutput': 1, 'publication': 0, 'jobarch': 'slc6_amd64_gcc630', 'totalunits': 0, 'splitalgo': 'EventAwareLumiBased', 'ignoreglobalblacklist': 0, 'nonvaliddata': 0, 'dbsurl': 'https://cmsweb.cern.ch/dbs/prod/global/DBSReader', 'publishgroupname': 0, 'jobtype': 'Analysis', 'publishname2': ''} 
DEBUG 2019-05-13 19:14:50,529: 	 Encoded submit request: maxjobruntime=1250&lfn=%2Fstore%2Fgroup%2Fphys_exotica%2FdarkPhoton%2Fschhibra%2FScoutingNTuples2017&savelogsflag=0&useparent=0&scriptexe=exec.sh&asyncdest=T2_CH_CERN&algoargs=10000&cachefilename=c546ace1ca360e876c5df4cd4facdd8a3c1a2a64df44bf906ebc011f93f27e48.tar.gz&numcores=1&generator=pythia&maxmemory=2000&publishdbsurl=https%3A%2F%2Fcmsweb.cern.ch%2Fdbs%2Fprod%2Fphys03%2FDBSWriter&priority=10&jobsw=CMSSW_9_4_14&primarydataset=&inputdata=%2FDarkPhotonToMuMu_M60_madgraph_pythia8_TuneCP5%2FRunIIFall17DRPremix-PU2017_94X_mc2017_realistic_v11-v1%2FAODSIM&ignorelocality=0&dryrun=0&workflow=crab_20190513_191443&cacheurl=https%3A%2F%2Fcmsweb.cern.ch%2Fcrabcache&nonprodsw=0&oneEventMode=0&debugfilename=2a3d8a4fded39dbef996a93e2ec5a8e67d847c218534a1588bc668727c16e267.tar.gz&saveoutput=1&publication=0&jobarch=slc6_amd64_gcc630&totalunits=0&splitalgo=EventAwareLumiBased&ignoreglobalblacklist=0&nonvaliddata=0&dbsurl=https%3A%2F%2Fcmsweb.cern.ch%2Fdbs%2Fprod%2Fglobal%2FDBSReader&publishgroupname=0&jobtype=Analysis&publishname2=&tfileoutfiles=tree_scout.root
DEBUG 2019-05-13 19:14:50,915: 	 Result: {u'result': [{u'RequestName': u'190513_171450:schhibra_crab_20190513_191443'}]}
INFO 2019-05-13 19:14:50,918: 	 Success: Your task has been delivered to the CRAB3 server.
INFO 2019-05-13 19:14:50,918: 	 Task name: 190513_171450:schhibra_crab_20190513_191443
INFO 2019-05-13 19:14:50,918: 	 Project dir: ./crab_20190513_191443
INFO 2019-05-13 19:14:50,918: 	 Please use 'crab status -d ./crab_20190513_191443' to check how the submission process proceeds.
DEBUG 2019-05-13 19:14:50,918: 	 About to return
INFO 2019-05-13 19:14:50,921: 	 Log file is /afs/cern.ch/work/s/schhibra/DarkPhotonSearch_v2/CMSSW_9_4_14/src/ScoutingAnalysis/TreeMaker/crab/ZdScoutingM60_L1_12_5_L1_15_7_Official_AccXEff/crab_20190513_191443/crab.log
DEBUG 2019-05-13 19:34:57,247: 	 Executing command: 'kill'
DEBUG 2019-05-13 19:34:57,248: 	 Found CRAB cache file /afs/cern.ch/user/s/schhibra/.crab3
DEBUG 2019-05-13 19:34:57,257: 	 Checking credentials
DEBUG 2019-05-13 19:34:57,257: 	 Found proxy file /tmp/x509up_u59012
DEBUG 2019-05-13 19:34:57,257: 	 Getting proxy life time left
DEBUG 2019-05-13 19:34:58,065: 	 Executing : 
 command : voms-proxy-info -file /tmp/x509up_u59012 -timeleft
 output : 602848

 error: 
 retcode : 0
DEBUG 2019-05-13 19:34:58,772: 	 Executing : 
 command : voms-proxy-info -file /tmp/x509up_u59012 -actimeleft
 output : 602847

 error: 
 retcode : 0
DEBUG 2019-05-13 19:34:58,772: 	 Proxy lifetime 602848 secs is different from voms extension lifetime 602847 secs for proxy: /tmp/x509up_u59012
DEBUG 2019-05-13 19:34:58,772: 	 Proxy valid for 167:27:27 hours
DEBUG 2019-05-13 19:34:58,991: 	 Executing : 
 command : openssl x509 -in ~/.globus/usercert.pem -subject -noout
 output : subject= /DC=ch/DC=cern/OU=Organic Units/OU=Users/CN=schhibra/CN=715612/CN=Simranjit Singh Chhibra

 error: 
 retcode : 0
DEBUG 2019-05-13 19:34:58,992: 	 Checking credentials
DEBUG 2019-05-13 19:34:58,992: 	 Found proxy file /tmp/x509up_u59012
DEBUG 2019-05-13 19:34:58,992: 	 Getting proxy life time left
DEBUG 2019-05-13 19:34:59,698: 	 Executing : 
 command : voms-proxy-info -file /tmp/x509up_u59012 -timeleft
 output : 602846

 error: 
 retcode : 0
DEBUG 2019-05-13 19:35:00,407: 	 Executing : 
 command : voms-proxy-info -file /tmp/x509up_u59012 -actimeleft
 output : 602845

 error: 
 retcode : 0
DEBUG 2019-05-13 19:35:00,407: 	 Proxy lifetime 602846 secs is different from voms extension lifetime 602845 secs for proxy: /tmp/x509up_u59012
DEBUG 2019-05-13 19:35:00,408: 	 Proxy valid for 167:27:25 hours
DEBUG 2019-05-13 19:35:00,536: 	 Registering user credentials for server /DC=ch/DC=cern/OU=computers/CN=vocms(052|058|030|0118|0105|0109).cern.ch|/DC=ch/DC=cern/OU=computers/CN=crab-(preprod|prod)-tw(02|01).cern.ch
DEBUG 2019-05-13 19:35:00,649: 	 Executing : 
 command : openssl x509 -in ~/.globus/usercert.pem -subject -noout
 output : subject= /DC=ch/DC=cern/OU=Organic Units/OU=Users/CN=schhibra/CN=715612/CN=Simranjit Singh Chhibra

 error: 
 retcode : 0
DEBUG 2019-05-13 19:35:00,649: 	 Getting myproxy life time left for myproxy.cern.ch
DEBUG 2019-05-13 19:35:00,649: 	 Calculating hash of /DC=ch/DC=cern/OU=Organic Units/OU=Users/CN=schhibra/CN=715612/CN=Simranjit Singh Chhibra_cmsweb.cern.ch for credential name
DEBUG 2019-05-13 19:35:01,057: 	 Executing : 
 command : myproxy-info -l 3841cd59f3d3480019d577f9a3ad69704f35aad0 -s myproxy.cern.ch
 output : username: 3841cd59f3d3480019d577f9a3ad69704f35aad0
owner: /DC=ch/DC=cern/OU=Organic Units/OU=Users/CN=schhibra/CN=715612/CN=Simranjit Singh Chhibra
  renewal policy: /DC=ch/DC=cern/OU=computers/CN=vocms(052|058|030|0118|0105|0109).cern.ch|/DC=ch/DC=cern/OU=computers/CN=crab-(preprod|prod)-tw(02|01).cern.ch
  trusted retrieval policy: /DC=ch/DC=cern/OU=computers/CN=vocms(052|058|030|0118|0105|0109).cern.ch|/DC=ch/DC=cern/OU=computers/CN=crab-(preprod|prod)-tw(02|01).cern.ch
  timeleft: 430:49:23  (18.0 days)

 error: 
 retcode : 0
DEBUG 2019-05-13 19:35:01,058: 	 Myproxy is valid: 1550963
DEBUG 2019-05-13 19:35:01,059: 	 Command use: kill
DEBUG 2019-05-13 19:35:01,059: 	 Options use: ['crab_20190513_191443']
DEBUG 2019-05-13 19:35:01,176: 	 CRABClient version: 3.3.1904
DEBUG 2019-05-13 19:35:01,177: 	 Instance is prod
DEBUG 2019-05-13 19:35:01,177: 	 Server base url is cmsweb.cern.ch
DEBUG 2019-05-13 19:35:01,177: 	 Command url /crabserver/prod/workflow
DEBUG 2019-05-13 19:35:01,177: 	 Killing task 190513_171450:schhibra_crab_20190513_191443
DEBUG 2019-05-13 19:35:01,289: 	 Result: {u'result': [{u'result': u'ok'}], u'desc': {u'columns': [u'tm_taskname', u'panda_jobset_id', u'tm_task_status', u'tm_task_command', u'tm_user_role', u'tm_user_group', u'tm_task_failure', u'tm_split_algo', u'tm_split_args', u'panda_resubmitted_jobs', u'tm_save_logs', u'tm_username', u'tm_user_dn', u'tm_arguments', u'tm_input_dataset', u'tm_dbs_url', u'tm_task_warnings', u'tm_publication', u'tm_user_webdir', u'tm_asourl', u'tm_asodb', u'tm_output_dataset', u'tm_collector', u'tm_schedd', u'tm_dry_run', u'clusterid', u'tm_start_time', u'tw_name']}}
INFO 2019-05-13 19:35:01,289: 	 Kill request successfully sent
INFO 2019-05-13 19:35:01,293: 	 Log file is /afs/cern.ch/work/s/schhibra/DarkPhotonSearch_v2/CMSSW_9_4_14/src/ScoutingAnalysis/TreeMaker/crab/ZdScoutingM60_L1_12_5_L1_15_7_Official_AccXEff/crab_20190513_191443/crab.log
