DEBUG 2019-05-08 20:36:05,029: 	 Executing command: 'submit'
DEBUG 2019-05-08 20:36:05,030: 	 Found CRAB cache file /afs/cern.ch/user/s/schhibra/.crab3
DEBUG 2019-05-08 20:36:05,041: 	 Checking credentials
DEBUG 2019-05-08 20:36:05,042: 	 Found proxy file /tmp/x509up_u59012
DEBUG 2019-05-08 20:36:05,042: 	 Getting proxy life time left
DEBUG 2019-05-08 20:36:06,150: 	 Executing : 
 command : voms-proxy-info -file /tmp/x509up_u59012 -timeleft
 output : 602049

 error: 
 retcode : 0
DEBUG 2019-05-08 20:36:07,165: 	 Executing : 
 command : voms-proxy-info -file /tmp/x509up_u59012 -actimeleft
 output : 602048

 error: 
 retcode : 0
DEBUG 2019-05-08 20:36:07,165: 	 Proxy lifetime 602049 secs is different from voms extension lifetime 602048 secs for proxy: /tmp/x509up_u59012
DEBUG 2019-05-08 20:36:07,165: 	 Proxy valid for 167:14:08 hours
INFO 2019-05-08 20:36:07,165: 	 Will use CRAB configuration file crabConfig.py
DEBUG 2019-05-08 20:36:07,166: 	 Loading CRAB configuration file.
DEBUG 2019-05-08 20:36:07,174: 	 Will use CRAB Analysis plugin (i.e. will run an analysis job type).
DEBUG 2019-05-08 20:36:07,385: 	 Executing : 
 command : openssl x509 -in ~/.globus/usercert.pem -subject -noout
 output : subject= /DC=ch/DC=cern/OU=Organic Units/OU=Users/CN=schhibra/CN=715612/CN=Simranjit Singh Chhibra

 error: 
 retcode : 0
DEBUG 2019-05-08 20:36:07,385: 	 Checking credentials
DEBUG 2019-05-08 20:36:07,386: 	 Found proxy file /tmp/x509up_u59012
DEBUG 2019-05-08 20:36:07,386: 	 Getting proxy life time left
DEBUG 2019-05-08 20:36:08,306: 	 Executing : 
 command : voms-proxy-info -file /tmp/x509up_u59012 -timeleft
 output : 602047

 error: 
 retcode : 0
DEBUG 2019-05-08 20:36:09,325: 	 Executing : 
 command : voms-proxy-info -file /tmp/x509up_u59012 -actimeleft
 output : 602046

 error: 
 retcode : 0
DEBUG 2019-05-08 20:36:09,325: 	 Proxy lifetime 602047 secs is different from voms extension lifetime 602046 secs for proxy: /tmp/x509up_u59012
DEBUG 2019-05-08 20:36:09,326: 	 Proxy valid for 167:14:06 hours
DEBUG 2019-05-08 20:36:10,338: 	 Executing : 
 command : env X509_USER_PROXY=/tmp/x509up_u59012 voms-proxy-info -fqan
 output : /cms/Role=NULL/Capability=NULL

 error: 
 retcode : 0
DEBUG 2019-05-08 20:36:10,454: 	 Registering user credentials for server /DC=ch/DC=cern/OU=computers/CN=vocms(052|058|030|0118|0105|0109).cern.ch|/DC=ch/DC=cern/OU=computers/CN=crab-(preprod|prod)-tw(02|01).cern.ch
DEBUG 2019-05-08 20:36:10,571: 	 Executing : 
 command : openssl x509 -in ~/.globus/usercert.pem -subject -noout
 output : subject= /DC=ch/DC=cern/OU=Organic Units/OU=Users/CN=schhibra/CN=715612/CN=Simranjit Singh Chhibra

 error: 
 retcode : 0
DEBUG 2019-05-08 20:36:10,571: 	 Getting myproxy life time left for myproxy.cern.ch
DEBUG 2019-05-08 20:36:10,572: 	 Calculating hash of /DC=ch/DC=cern/OU=Organic Units/OU=Users/CN=schhibra/CN=715612/CN=Simranjit Singh Chhibra_cmsweb.cern.ch for credential name
DEBUG 2019-05-08 20:36:10,778: 	 Executing : 
 command : myproxy-info -l 3841cd59f3d3480019d577f9a3ad69704f35aad0 -s myproxy.cern.ch
 output : username: 3841cd59f3d3480019d577f9a3ad69704f35aad0
owner: /DC=ch/DC=cern/OU=Organic Units/OU=Users/CN=schhibra/CN=715612/CN=Simranjit Singh Chhibra
  renewal policy: /DC=ch/DC=cern/OU=computers/CN=vocms(052|058|030|0118|0105|0109).cern.ch|/DC=ch/DC=cern/OU=computers/CN=crab-(preprod|prod)-tw(02|01).cern.ch
  trusted retrieval policy: /DC=ch/DC=cern/OU=computers/CN=vocms(052|058|030|0118|0105|0109).cern.ch|/DC=ch/DC=cern/OU=computers/CN=crab-(preprod|prod)-tw(02|01).cern.ch
  timeleft: 549:48:13  (22.9 days)

 error: 
 retcode : 0
DEBUG 2019-05-08 20:36:10,780: 	 Myproxy is valid: 1979293
DEBUG 2019-05-08 20:36:10,780: 	 Command use: submit
DEBUG 2019-05-08 20:36:10,780: 	 Options use: []
DEBUG 2019-05-08 20:36:10,888: 	 CRABClient version: 3.3.1904
DEBUG 2019-05-08 20:36:10,888: 	 Instance is prod
DEBUG 2019-05-08 20:36:10,888: 	 Server base url is cmsweb.cern.ch
DEBUG 2019-05-08 20:36:10,888: 	 Command url /crabserver/prod/workflow
DEBUG 2019-05-08 20:36:10,888: 	 Started submission
DEBUG 2019-05-08 20:36:10,888: 	 Working on /afs/cern.ch/work/s/schhibra/DarkPhotonSearch_v2/CMSSW_9_4_14/src/ScoutingAnalysis/TreeMaker/crab/ZdScoutingM30_L1_12_5_L1_15_7_Official_AccXEff/crab_20190508_203607
DEBUG 2019-05-08 20:36:11,015: 	 Loading required information from the environment
DEBUG 2019-05-08 20:36:11,015: 	 Found CMSSW_9_4_14 for slc6_amd64_gcc630 with base /afs/cern.ch/work/s/schhibra/DarkPhotonSearch_v2/CMSSW_9_4_14
DEBUG 2019-05-08 20:36:11,015: 	 Loading required information from the environment
DEBUG 2019-05-08 20:36:11,015: 	 Found CMSSW_9_4_14 for slc6_amd64_gcc630 with base /afs/cern.ch/work/s/schhibra/DarkPhotonSearch_v2/CMSSW_9_4_14
DEBUG 2019-05-08 20:36:11,040: 	 UNIQUE NAME: tarUUID 63695a8e-a608-49b3-97c4-eb86f213023a 
DEBUG 2019-05-08 20:36:11,041: 	 self.config: from WMCore.Configuration import Configuration
config = Configuration()
config.section_('General')
config.section_('JobType')
config.JobType.psetName = '../../test/tree_scout_cfg.py'
config.JobType.pluginName = 'Analysis'
config.JobType.inputFiles = ['../Rochester.tar.gz']
config.JobType.pyCfgParams = ['isMC=True', 'useLHEWeights=True', 'GlobalTag=94X_mc2017_realistic_v11', 'roccorData=Rochester/RoccoR2017.txt']
config.JobType.scriptExe = '../exec.sh'
config.section_('Data')
config.Data.inputDataset = '/DarkPhotonToMuMu_M30_madgraph_pythia8_TuneCP5/RunIIFall17DRPremix-PU2017_94X_mc2017_realistic_v11-v1/AODSIM'
config.Data.unitsPerJob = 10000
config.Data.publication = False
config.Data.splitting = 'EventAwareLumiBased'
config.Data.outLFNDirBase = '/store/group/phys_exotica/darkPhoton/schhibra/ScoutingNTuples2017'
config.section_('Site')
config.Site.storageSite = 'T2_CH_CERN'
config.section_('User')
config.section_('Debug')

DEBUG 2019-05-08 20:36:11,041: 	 self.config.JobType.psetName: ../../test/tree_scout_cfg.py
INFO 2019-05-08 20:36:11,041: 	 Importing CMSSW configuration ../../test/tree_scout_cfg.py
DEBUG 2019-05-08 20:36:11,041: 	 Additional parameters for the CMSSW configuration are: ['isMC=True', 'useLHEWeights=True', 'GlobalTag=94X_mc2017_realistic_v11', 'roccorData=Rochester/RoccoR2017.txt']
INFO 2019-05-08 20:36:13,038: 	 Finished importing CMSSW configuration ../../test/tree_scout_cfg.py
DEBUG 2019-05-08 20:36:13,038: 	 Writing CMSSW configuration to /afs/cern.ch/work/s/schhibra/DarkPhotonSearch_v2/CMSSW_9_4_14/src/ScoutingAnalysis/TreeMaker/crab/ZdScoutingM30_L1_12_5_L1_15_7_Official_AccXEff/crab_20190508_203607/inputs/PSet.py
DEBUG 2019-05-08 20:36:13,466: 	 The following EDM output files will be collected: []
DEBUG 2019-05-08 20:36:13,466: 	 The following TFile output files will be collected: ['tree_scout.root']
DEBUG 2019-05-08 20:36:13,466: 	 The following user output files will be collected: []
DEBUG 2019-05-08 20:36:13,466: 	 Loading required information from the environment
DEBUG 2019-05-08 20:36:13,466: 	 Found CMSSW_9_4_14 for slc6_amd64_gcc630 with base /afs/cern.ch/work/s/schhibra/DarkPhotonSearch_v2/CMSSW_9_4_14
DEBUG 2019-05-08 20:36:13,466: 	 Making tarball in /afs/cern.ch/work/s/schhibra/DarkPhotonSearch_v2/CMSSW_9_4_14/src/ScoutingAnalysis/TreeMaker/crab/ZdScoutingM30_L1_12_5_L1_15_7_Official_AccXEff/crab_20190508_203607/inputs/63695a8e-a608-49b3-97c4-eb86f213023adefault.tgz
DEBUG 2019-05-08 20:36:13,474: 	 Checking directory /afs/cern.ch/work/s/schhibra/DarkPhotonSearch_v2/CMSSW_9_4_14/lib
DEBUG 2019-05-08 20:36:13,474: 	 Adding directory /afs/cern.ch/work/s/schhibra/DarkPhotonSearch_v2/CMSSW_9_4_14/lib to tarball
DEBUG 2019-05-08 20:36:13,488: 	 Checking directory /afs/cern.ch/work/s/schhibra/DarkPhotonSearch_v2/CMSSW_9_4_14/biglib
DEBUG 2019-05-08 20:36:13,488: 	 Adding directory /afs/cern.ch/work/s/schhibra/DarkPhotonSearch_v2/CMSSW_9_4_14/biglib to tarball
DEBUG 2019-05-08 20:36:13,489: 	 Checking directory /afs/cern.ch/work/s/schhibra/DarkPhotonSearch_v2/CMSSW_9_4_14/module
DEBUG 2019-05-08 20:36:13,491: 	 Adding data directory /afs/cern.ch/work/s/schhibra/DarkPhotonSearch_v2/CMSSW_9_4_14/src/ScoutingAnalysis/TreeMaker/data to tarball
DEBUG 2019-05-08 20:36:13,706: 	 Adding data directory /afs/cern.ch/work/s/schhibra/DarkPhotonSearch_v2/CMSSW_9_4_14/src/ScoutingAnalysis/TreeMaker/interface to tarball
DEBUG 2019-05-08 20:36:13,723: 	 Adding file ../Rochester.tar.gz to tarball
DEBUG 2019-05-08 20:36:14,099: 	 Uploading archive /afs/cern.ch/work/s/schhibra/DarkPhotonSearch_v2/CMSSW_9_4_14/src/ScoutingAnalysis/TreeMaker/crab/ZdScoutingM30_L1_12_5_L1_15_7_Official_AccXEff/crab_20190508_203607/inputs/63695a8e-a608-49b3-97c4-eb86f213023adefault.tgz (1.385742.1 MB) to the CRAB cache. Using URI https://cmsweb.cern.ch/crabcache
DEBUG 2019-05-08 20:36:15,301: 	 Loading required information from the environment
DEBUG 2019-05-08 20:36:15,301: 	 Found CMSSW_9_4_14 for slc6_amd64_gcc630 with base /afs/cern.ch/work/s/schhibra/DarkPhotonSearch_v2/CMSSW_9_4_14
DEBUG 2019-05-08 20:36:15,301: 	 Making tarball in /afs/cern.ch/work/s/schhibra/DarkPhotonSearch_v2/CMSSW_9_4_14/src/ScoutingAnalysis/TreeMaker/crab/ZdScoutingM30_L1_12_5_L1_15_7_Official_AccXEff/crab_20190508_203607/inputs/debugFiles.tgz
DEBUG 2019-05-08 20:36:15,308: 	 Uploading archive /afs/cern.ch/work/s/schhibra/DarkPhotonSearch_v2/CMSSW_9_4_14/src/ScoutingAnalysis/TreeMaker/crab/ZdScoutingM30_L1_12_5_L1_15_7_Official_AccXEff/crab_20190508_203607/inputs/debugFiles.tgz (2 KB) to the CRAB cache. Using URI https://cmsweb.cern.ch/crabcache
DEBUG 2019-05-08 20:36:15,440: 	 Result uploading input files: 202ff77a57cd694dca7493871a5db3be4cad6fd6c3a711e91d5ea562ffe1ebed.tar.gz 
INFO 2019-05-08 20:36:15,440: 	 Sending the request to the server
DEBUG 2019-05-08 20:36:15,440: 	 Submitting {'maxjobruntime': 1250, 'extrajdl': [], 'lfn': '/store/group/phys_exotica/darkPhoton/schhibra/ScoutingNTuples2017', 'savelogsflag': 0, 'useparent': 0, 'scriptexe': 'exec.sh', 'asyncdest': 'T2_CH_CERN', 'algoargs': 10000, 'cachefilename': '202ff77a57cd694dca7493871a5db3be4cad6fd6c3a711e91d5ea562ffe1ebed.tar.gz', 'numcores': 1, 'addoutputfiles': [], 'generator': 'pythia', 'maxmemory': 2000, 'publishdbsurl': 'https://cmsweb.cern.ch/dbs/prod/phys03/DBSWriter', 'priority': 10, 'jobsw': 'CMSSW_9_4_14', 'edmoutfiles': [], 'userfiles': [], 'primarydataset': '', 'inputdata': '/DarkPhotonToMuMu_M30_madgraph_pythia8_TuneCP5/RunIIFall17DRPremix-PU2017_94X_mc2017_realistic_v11-v1/AODSIM', 'ignorelocality': 0, 'dryrun': 0, 'workflow': 'crab_20190508_203607', 'cacheurl': u'https://cmsweb.cern.ch/crabcache', 'nonprodsw': 0, 'tfileoutfiles': ['tree_scout.root'], 'oneEventMode': 0, 'debugfilename': '1bbedd60d66d973e7bf774483dc0773bde2be0b5ec48e174da3b7ffc18812085.tar.gz', 'saveoutput': 1, 'publication': 0, 'jobarch': 'slc6_amd64_gcc630', 'totalunits': 0, 'splitalgo': 'EventAwareLumiBased', 'ignoreglobalblacklist': 0, 'nonvaliddata': 0, 'dbsurl': 'https://cmsweb.cern.ch/dbs/prod/global/DBSReader', 'publishgroupname': 0, 'jobtype': 'Analysis', 'publishname2': ''} 
DEBUG 2019-05-08 20:36:15,441: 	 Encoded submit request: maxjobruntime=1250&lfn=%2Fstore%2Fgroup%2Fphys_exotica%2FdarkPhoton%2Fschhibra%2FScoutingNTuples2017&savelogsflag=0&useparent=0&scriptexe=exec.sh&asyncdest=T2_CH_CERN&algoargs=10000&cachefilename=202ff77a57cd694dca7493871a5db3be4cad6fd6c3a711e91d5ea562ffe1ebed.tar.gz&numcores=1&generator=pythia&maxmemory=2000&publishdbsurl=https%3A%2F%2Fcmsweb.cern.ch%2Fdbs%2Fprod%2Fphys03%2FDBSWriter&priority=10&jobsw=CMSSW_9_4_14&primarydataset=&inputdata=%2FDarkPhotonToMuMu_M30_madgraph_pythia8_TuneCP5%2FRunIIFall17DRPremix-PU2017_94X_mc2017_realistic_v11-v1%2FAODSIM&ignorelocality=0&dryrun=0&workflow=crab_20190508_203607&cacheurl=https%3A%2F%2Fcmsweb.cern.ch%2Fcrabcache&nonprodsw=0&oneEventMode=0&debugfilename=1bbedd60d66d973e7bf774483dc0773bde2be0b5ec48e174da3b7ffc18812085.tar.gz&saveoutput=1&publication=0&jobarch=slc6_amd64_gcc630&totalunits=0&splitalgo=EventAwareLumiBased&ignoreglobalblacklist=0&nonvaliddata=0&dbsurl=https%3A%2F%2Fcmsweb.cern.ch%2Fdbs%2Fprod%2Fglobal%2FDBSReader&publishgroupname=0&jobtype=Analysis&publishname2=&tfileoutfiles=tree_scout.root
DEBUG 2019-05-08 20:36:15,720: 	 Result: {u'result': [{u'RequestName': u'190508_183615:schhibra_crab_20190508_203607'}]}
INFO 2019-05-08 20:36:15,723: 	 Success: Your task has been delivered to the CRAB3 server.
INFO 2019-05-08 20:36:15,723: 	 Task name: 190508_183615:schhibra_crab_20190508_203607
INFO 2019-05-08 20:36:15,723: 	 Project dir: ./crab_20190508_203607
INFO 2019-05-08 20:36:15,723: 	 Please use 'crab status -d ./crab_20190508_203607' to check how the submission process proceeds.
DEBUG 2019-05-08 20:36:15,723: 	 About to return
INFO 2019-05-08 20:36:15,727: 	 Log file is /afs/cern.ch/work/s/schhibra/DarkPhotonSearch_v2/CMSSW_9_4_14/src/ScoutingAnalysis/TreeMaker/crab/ZdScoutingM30_L1_12_5_L1_15_7_Official_AccXEff/crab_20190508_203607/crab.log
DEBUG 2019-05-08 21:59:19,355: 	 Executing command: 'status'
DEBUG 2019-05-08 21:59:19,356: 	 Found CRAB cache file /afs/cern.ch/user/s/schhibra/.crab3
DEBUG 2019-05-08 21:59:19,369: 	 Checking credentials
DEBUG 2019-05-08 21:59:19,370: 	 Found proxy file /tmp/x509up_u59012
DEBUG 2019-05-08 21:59:19,370: 	 Getting proxy life time left
DEBUG 2019-05-08 21:59:23,493: 	 Executing : 
 command : voms-proxy-info -file /tmp/x509up_u59012 -timeleft
 output : 601079

 error: 
 retcode : 0
DEBUG 2019-05-08 21:59:24,503: 	 Executing : 
 command : voms-proxy-info -file /tmp/x509up_u59012 -actimeleft
 output : 601078

 error: 
 retcode : 0
DEBUG 2019-05-08 21:59:24,504: 	 Proxy lifetime 601079 secs is different from voms extension lifetime 601078 secs for proxy: /tmp/x509up_u59012
DEBUG 2019-05-08 21:59:24,504: 	 Proxy valid for 166:57:58 hours
DEBUG 2019-05-08 21:59:24,630: 	 Executing : 
 command : openssl x509 -in ~/.globus/usercert.pem -subject -noout
 output : subject= /DC=ch/DC=cern/OU=Organic Units/OU=Users/CN=schhibra/CN=715612/CN=Simranjit Singh Chhibra

 error: 
 retcode : 0
DEBUG 2019-05-08 21:59:24,631: 	 Checking credentials
DEBUG 2019-05-08 21:59:24,631: 	 Found proxy file /tmp/x509up_u59012
DEBUG 2019-05-08 21:59:24,631: 	 Getting proxy life time left
DEBUG 2019-05-08 21:59:27,454: 	 Executing : 
 command : voms-proxy-info -file /tmp/x509up_u59012 -timeleft
 output : 601075

 error: 
 retcode : 0
DEBUG 2019-05-08 21:59:28,367: 	 Executing : 
 command : voms-proxy-info -file /tmp/x509up_u59012 -actimeleft
 output : 601074

 error: 
 retcode : 0
DEBUG 2019-05-08 21:59:28,367: 	 Proxy lifetime 601075 secs is different from voms extension lifetime 601074 secs for proxy: /tmp/x509up_u59012
DEBUG 2019-05-08 21:59:28,367: 	 Proxy valid for 166:57:54 hours
DEBUG 2019-05-08 21:59:28,542: 	 Registering user credentials for server /DC=ch/DC=cern/OU=computers/CN=vocms(052|058|030|0118|0105|0109).cern.ch|/DC=ch/DC=cern/OU=computers/CN=crab-(preprod|prod)-tw(02|01).cern.ch
DEBUG 2019-05-08 21:59:28,657: 	 Executing : 
 command : openssl x509 -in ~/.globus/usercert.pem -subject -noout
 output : subject= /DC=ch/DC=cern/OU=Organic Units/OU=Users/CN=schhibra/CN=715612/CN=Simranjit Singh Chhibra

 error: 
 retcode : 0
DEBUG 2019-05-08 21:59:28,658: 	 Getting myproxy life time left for myproxy.cern.ch
DEBUG 2019-05-08 21:59:28,658: 	 Calculating hash of /DC=ch/DC=cern/OU=Organic Units/OU=Users/CN=schhibra/CN=715612/CN=Simranjit Singh Chhibra_cmsweb.cern.ch for credential name
DEBUG 2019-05-08 21:59:28,865: 	 Executing : 
 command : myproxy-info -l 3841cd59f3d3480019d577f9a3ad69704f35aad0 -s myproxy.cern.ch
 output : username: 3841cd59f3d3480019d577f9a3ad69704f35aad0
owner: /DC=ch/DC=cern/OU=Organic Units/OU=Users/CN=schhibra/CN=715612/CN=Simranjit Singh Chhibra
  renewal policy: /DC=ch/DC=cern/OU=computers/CN=vocms(052|058|030|0118|0105|0109).cern.ch|/DC=ch/DC=cern/OU=computers/CN=crab-(preprod|prod)-tw(02|01).cern.ch
  trusted retrieval policy: /DC=ch/DC=cern/OU=computers/CN=vocms(052|058|030|0118|0105|0109).cern.ch|/DC=ch/DC=cern/OU=computers/CN=crab-(preprod|prod)-tw(02|01).cern.ch
  timeleft: 548:24:55  (22.9 days)

 error: 
 retcode : 0
DEBUG 2019-05-08 21:59:28,867: 	 Myproxy is valid: 1974295
DEBUG 2019-05-08 21:59:28,868: 	 Command use: status
DEBUG 2019-05-08 21:59:28,868: 	 Options use: ['ZdScoutingM30_L1_12_5_L1_15_7_Official_AccXEff/crab_20190508_203607/']
DEBUG 2019-05-08 21:59:29,013: 	 CRABClient version: 3.3.1904
DEBUG 2019-05-08 21:59:29,013: 	 Instance is prod
DEBUG 2019-05-08 21:59:29,013: 	 Server base url is cmsweb.cern.ch
DEBUG 2019-05-08 21:59:29,013: 	 Command url /crabserver/prod/workflow
DEBUG 2019-05-08 21:59:29,187: 	 Got information from server oracle database: {u'result': [u'190508_183615:schhibra_crab_20190508_203607', u'None', u'None', u'SUBMITTED', u'SUBMIT', u'2019-05-08 18:36:15.663553', u'None', u'2019-05-08 18:53:55.319868', u'None', u'CMSSW_9_4_14', u'slc6_amd64_gcc630', u'/DarkPhotonToMuMu_M30_madgraph_pythia8_TuneCP5/RunIIFall17DRPremix-PU2017_94X_mc2017_realistic_v11-v1/AODSIM', u'F', u'0', u'[]', u'[]', u'EventAwareLumiBased', u"{'splitOnRun': False, 'events_per_job': 10000, 'halt_job_on_file_boundaries': False, 'runs': [], 'lumis': []}", u'202ff77a57cd694dca7493871a5db3be4cad6fd6c3a711e91d5ea562ffe1ebed.tar.gz', u'https://cmsweb.cern.ch/crabcache', u'schhibra', u'/DC=ch/DC=cern/OU=Organic Units/OU=Users/CN=schhibra/CN=715612/CN=Simranjit Singh Chhibra', u'cms', u'None', u'None', u'crab_20190508_203607-00000000000000000000000000000000', u'F', u'T2_CH_CERN', u'https://cmsweb.cern.ch/dbs/prod/global/DBSReader', u'https://cmsweb.cern.ch/dbs/prod/phys03/DBSWriter', u'F', u'[]', u"['tree_scout.root']", u'[]', u'Analysis', u'pythia', u'None', u'{}', u'[]', u'F', u'crab-prod-tw01', u'[]', u'1250', u'1', u'2000', u'10', u'None', u'[]', u'http://vocms0120.cern.ch/mon/cms175/190508_183615:schhibra_crab_20190508_203607', u'exec.sh', u'[]', u'[]', u'https://cmsweb.cern.ch/crabserver/prod', u'cmsgwms-collector-global.cern.ch:9620,cmssrv221.fnal.gov:9620', u'crab3@vocms0120.cern.ch', u'F', u'[]', u'T', u'/store/group/phys_exotica/darkPhoton/schhibra/ScoutingNTuples2017', u'F', u'None', u'F', u'None', u'DarkPhotonToMuMu_M30_madgraph_pythia8_TuneCP5', u'None', u'1bbedd60d66d973e7bf774483dc0773bde2be0b5ec48e174da3b7ffc18812085.tar.gz', u'37602758', u'filetransfers', u'F', u'188.185.115.30', u'0.0', u'None'], u'desc': {u'columns': [u'tm_taskname', u'tm_activity', u'panda_jobset_id', u'tm_task_status', u'tm_task_command', u'tm_start_time', u'tm_start_injection', u'tm_end_injection', u'tm_task_failure', u'tm_job_sw', u'tm_job_arch', u'tm_input_dataset', u'tm_nonvalid_input_dataset', u'tm_use_parent', u'tm_site_whitelist', u'tm_site_blacklist', u'tm_split_algo', u'tm_split_args', u'tm_user_sandbox', u'tm_cache_url', u'tm_username', u'tm_user_dn', u'tm_user_vo', u'tm_user_role', u'tm_user_group', u'tm_publish_name', u'tm_publish_groupname', u'tm_asyncdest', u'tm_dbs_url', u'tm_publish_dbs_url', u'tm_publication', u'tm_outfiles', u'tm_tfile_outfiles', u'tm_edm_outfiles', u'tm_job_type', u'tm_generator', u'tm_events_per_lumi', u'tm_arguments', u'panda_resubmitted_jobs', u'tm_save_logs', u'tw_name', u'tm_user_infiles', u'tm_maxjobruntime', u'tm_numcores', u'tm_maxmemory', u'tm_priority', u'tm_output_dataset', u'tm_task_warnings', u'tm_user_webdir', u'tm_scriptexe', u'tm_scriptargs', u'tm_extrajdl', u'tm_asourl', u'tm_collector', u'tm_schedd', u'tm_dry_run', u'tm_user_files', u'tm_transfer_outputs', u'tm_output_lfn', u'tm_ignore_locality', u'tm_fail_limit', u'tm_one_event_mode', u'tm_secondary_input_dataset', u'tm_primary_dataset', u'tm_last_publication', u'tm_debug_files', u'clusterid', u'tm_asodb', u'tm_ignore_global_blacklist', u'tm_submitter_ip_addr', u'tm_totalunits', u'tm_ddm_reqid']}}
INFO 2019-05-08 21:59:29,188: 	 CRAB project directory:		/afs/cern.ch/work/s/schhibra/DarkPhotonSearch_v2/CMSSW_9_4_14/src/ScoutingAnalysis/TreeMaker/crab/ZdScoutingM30_L1_12_5_L1_15_7_Official_AccXEff/crab_20190508_203607
INFO 2019-05-08 21:59:29,188: 	 Task name:			190508_183615:schhibra_crab_20190508_203607
INFO 2019-05-08 21:59:29,188: 	 Grid scheduler - Task Worker:	crab3@vocms0120.cern.ch - crab-prod-tw01
INFO 2019-05-08 21:59:29,188: 	 Status on the CRAB server:	SUBMITTED
INFO 2019-05-08 21:59:29,188: 	 Task URL to use for HELP:	https://cmsweb.cern.ch/crabserver/ui/task/190508_183615%3Aschhibra_crab_20190508_203607
INFO 2019-05-08 21:59:29,188: 	 Dashboard monitoring URL:	http://dashb-cms-job.cern.ch/dashboard/templates/task-analysis/#user=schhibra&refresh=0&table=Jobs&p=1&records=25&activemenu=2&status=&site=&tid=190508_183615%3Aschhibra_crab_20190508_203607
INFO 2019-05-08 21:59:29,189: 	 New dashboard monitoring URL:	https://monit-grafana.cern.ch/d/cmsTMDetail/cms-task-monitoring-task-view?orgId=11&var-user=schhibra&var-task=190508_183615%3Aschhibra_crab_20190508_203607
INFO 2019-05-08 21:59:29,189: 	 In case of issues with the new dashboard, please provide feedback to hn-cms-computing-tools@cern.ch
DEBUG 2019-05-08 21:59:29,189: 	 The CRAB server submitted your task to the Grid scheduler (cluster ID: 37602758)
DEBUG 2019-05-08 21:59:29,189: 	 Webdir is located at http://vocms0120.cern.ch/mon/cms175/190508_183615:schhibra_crab_20190508_203607
DEBUG 2019-05-08 21:59:29,324: 	 Proxied webdir is located at https://cmsweb.cern.ch/scheddmon/0120/cms175/190508_183615:schhibra_crab_20190508_203607
DEBUG 2019-05-08 21:59:29,324: 	 Retrieving 'status_cache' file from https://cmsweb.cern.ch/scheddmon/0120/cms175/190508_183615:schhibra_crab_20190508_203607/status_cache
DEBUG 2019-05-08 21:59:29,435: 	 Got information from status cache file: {'1': {'Retries': 0, 'WallDurations': [0], 'StartTimes': [], 'SubmitTimes': [1557341648.0], 'JobIds': ['37602762.0'], 'EndTimes': [], 'Restarts': 0, 'RecordedSite': False, 'State': 'idle', 'ResidentSetSize': [0], 'TotalUserCpuTimeHistory': [0.0], 'SiteHistory': ['Unknown'], 'TotalSysCpuTimeHistory': [0.0]}, '3': {'Retries': 0, 'WallDurations': [0], 'StartTimes': [], 'SubmitTimes': [1557341649.0], 'JobIds': ['37602763.0'], 'EndTimes': [], 'Restarts': 0, 'RecordedSite': False, 'State': 'idle', 'ResidentSetSize': [0], 'TotalUserCpuTimeHistory': [0.0], 'SiteHistory': ['Unknown'], 'TotalSysCpuTimeHistory': [0.0]}, '2': {'Retries': 0, 'WallDurations': [0], 'StartTimes': [], 'SubmitTimes': [1557341650.0], 'JobIds': ['37602764.0'], 'EndTimes': [], 'Restarts': 0, 'RecordedSite': False, 'State': 'idle', 'ResidentSetSize': [0], 'TotalUserCpuTimeHistory': [0.0], 'SiteHistory': ['Unknown'], 'TotalSysCpuTimeHistory': [0.0]}, '5': {'Retries': 0, 'WallDurations': [0], 'StartTimes': [], 'SubmitTimes': [1557341648.0], 'JobIds': ['37602761.0'], 'EndTimes': [], 'Restarts': 0, 'RecordedSite': False, 'State': 'idle', 'ResidentSetSize': [0], 'TotalUserCpuTimeHistory': [0.0], 'SiteHistory': ['Unknown'], 'TotalSysCpuTimeHistory': [0.0]}, '4': {'Retries': 0, 'WallDurations': [0], 'StartTimes': [], 'SubmitTimes': [1557341651.0], 'JobIds': ['37602766.0'], 'EndTimes': [], 'Restarts': 0, 'RecordedSite': False, 'State': 'idle', 'ResidentSetSize': [0], 'TotalUserCpuTimeHistory': [0.0], 'SiteHistory': ['Unknown'], 'TotalSysCpuTimeHistory': [0.0]}}
INFO 2019-05-08 21:59:29,435: 	 Status on the scheduler:	SUBMITTED
INFO 2019-05-08 21:59:29,435: 	 
Jobs status:                    idle         		100.0% (5/5)
INFO 2019-05-08 21:59:29,435: 	 
No publication information (publication has been disabled in the CRAB configuration file)
INFO 2019-05-08 21:59:29,448: 	 Log file is /afs/cern.ch/work/s/schhibra/DarkPhotonSearch_v2/CMSSW_9_4_14/src/ScoutingAnalysis/TreeMaker/crab/ZdScoutingM30_L1_12_5_L1_15_7_Official_AccXEff/crab_20190508_203607/crab.log
DEBUG 2019-05-08 23:02:19,697: 	 Executing command: 'status'
DEBUG 2019-05-08 23:02:19,697: 	 Found CRAB cache file /afs/cern.ch/user/s/schhibra/.crab3
DEBUG 2019-05-08 23:02:19,718: 	 Checking credentials
DEBUG 2019-05-08 23:02:19,721: 	 Found proxy file /tmp/x509up_u59012
DEBUG 2019-05-08 23:02:19,721: 	 Getting proxy life time left
DEBUG 2019-05-08 23:02:21,239: 	 Executing : 
 command : voms-proxy-info -file /tmp/x509up_u59012 -timeleft
 output : 597301

 error: 
 retcode : 0
DEBUG 2019-05-08 23:02:22,250: 	 Executing : 
 command : voms-proxy-info -file /tmp/x509up_u59012 -actimeleft
 output : 597300

 error: 
 retcode : 0
DEBUG 2019-05-08 23:02:22,250: 	 Proxy lifetime 597301 secs is different from voms extension lifetime 597300 secs for proxy: /tmp/x509up_u59012
DEBUG 2019-05-08 23:02:22,251: 	 Proxy valid for 165:55:00 hours
DEBUG 2019-05-08 23:02:22,379: 	 Executing : 
 command : openssl x509 -in ~/.globus/usercert.pem -subject -noout
 output : subject= /DC=ch/DC=cern/OU=Organic Units/OU=Users/CN=schhibra/CN=715612/CN=Simranjit Singh Chhibra

 error: 
 retcode : 0
DEBUG 2019-05-08 23:02:22,380: 	 Checking credentials
DEBUG 2019-05-08 23:02:22,381: 	 Found proxy file /tmp/x509up_u59012
DEBUG 2019-05-08 23:02:22,381: 	 Getting proxy life time left
DEBUG 2019-05-08 23:02:23,692: 	 Executing : 
 command : voms-proxy-info -file /tmp/x509up_u59012 -timeleft
 output : 597299

 error: 
 retcode : 0
DEBUG 2019-05-08 23:02:24,705: 	 Executing : 
 command : voms-proxy-info -file /tmp/x509up_u59012 -actimeleft
 output : 597298

 error: 
 retcode : 0
DEBUG 2019-05-08 23:02:24,705: 	 Proxy lifetime 597299 secs is different from voms extension lifetime 597298 secs for proxy: /tmp/x509up_u59012
DEBUG 2019-05-08 23:02:24,705: 	 Proxy valid for 165:54:58 hours
DEBUG 2019-05-08 23:02:24,894: 	 Registering user credentials for server /DC=ch/DC=cern/OU=computers/CN=vocms(052|058|030|0118|0105|0109).cern.ch|/DC=ch/DC=cern/OU=computers/CN=crab-(preprod|prod)-tw(02|01).cern.ch
DEBUG 2019-05-08 23:02:25,014: 	 Executing : 
 command : openssl x509 -in ~/.globus/usercert.pem -subject -noout
 output : subject= /DC=ch/DC=cern/OU=Organic Units/OU=Users/CN=schhibra/CN=715612/CN=Simranjit Singh Chhibra

 error: 
 retcode : 0
DEBUG 2019-05-08 23:02:25,014: 	 Getting myproxy life time left for myproxy.cern.ch
DEBUG 2019-05-08 23:02:25,014: 	 Calculating hash of /DC=ch/DC=cern/OU=Organic Units/OU=Users/CN=schhibra/CN=715612/CN=Simranjit Singh Chhibra_cmsweb.cern.ch for credential name
DEBUG 2019-05-08 23:02:25,222: 	 Executing : 
 command : myproxy-info -l 3841cd59f3d3480019d577f9a3ad69704f35aad0 -s myproxy.cern.ch
 output : username: 3841cd59f3d3480019d577f9a3ad69704f35aad0
owner: /DC=ch/DC=cern/OU=Organic Units/OU=Users/CN=schhibra/CN=715612/CN=Simranjit Singh Chhibra
  renewal policy: /DC=ch/DC=cern/OU=computers/CN=vocms(052|058|030|0118|0105|0109).cern.ch|/DC=ch/DC=cern/OU=computers/CN=crab-(preprod|prod)-tw(02|01).cern.ch
  trusted retrieval policy: /DC=ch/DC=cern/OU=computers/CN=vocms(052|058|030|0118|0105|0109).cern.ch|/DC=ch/DC=cern/OU=computers/CN=crab-(preprod|prod)-tw(02|01).cern.ch
  timeleft: 547:21:58  (22.8 days)

 error: 
 retcode : 0
DEBUG 2019-05-08 23:02:25,224: 	 Myproxy is valid: 1970518
DEBUG 2019-05-08 23:02:25,225: 	 Command use: status
DEBUG 2019-05-08 23:02:25,225: 	 Options use: ['crab_20190508_203607/']
DEBUG 2019-05-08 23:02:25,342: 	 CRABClient version: 3.3.1904
DEBUG 2019-05-08 23:02:25,342: 	 Instance is prod
DEBUG 2019-05-08 23:02:25,342: 	 Server base url is cmsweb.cern.ch
DEBUG 2019-05-08 23:02:25,343: 	 Command url /crabserver/prod/workflow
DEBUG 2019-05-08 23:02:25,486: 	 Got information from server oracle database: {u'result': [u'190508_183615:schhibra_crab_20190508_203607', u'None', u'None', u'SUBMITTED', u'SUBMIT', u'2019-05-08 18:36:15.663553', u'None', u'2019-05-08 18:53:55.319868', u'None', u'CMSSW_9_4_14', u'slc6_amd64_gcc630', u'/DarkPhotonToMuMu_M30_madgraph_pythia8_TuneCP5/RunIIFall17DRPremix-PU2017_94X_mc2017_realistic_v11-v1/AODSIM', u'F', u'0', u'[]', u'[]', u'EventAwareLumiBased', u"{'splitOnRun': False, 'events_per_job': 10000, 'halt_job_on_file_boundaries': False, 'runs': [], 'lumis': []}", u'202ff77a57cd694dca7493871a5db3be4cad6fd6c3a711e91d5ea562ffe1ebed.tar.gz', u'https://cmsweb.cern.ch/crabcache', u'schhibra', u'/DC=ch/DC=cern/OU=Organic Units/OU=Users/CN=schhibra/CN=715612/CN=Simranjit Singh Chhibra', u'cms', u'None', u'None', u'crab_20190508_203607-00000000000000000000000000000000', u'F', u'T2_CH_CERN', u'https://cmsweb.cern.ch/dbs/prod/global/DBSReader', u'https://cmsweb.cern.ch/dbs/prod/phys03/DBSWriter', u'F', u'[]', u"['tree_scout.root']", u'[]', u'Analysis', u'pythia', u'None', u'{}', u'[]', u'F', u'crab-prod-tw01', u'[]', u'1250', u'1', u'2000', u'10', u'None', u'[]', u'http://vocms0120.cern.ch/mon/cms175/190508_183615:schhibra_crab_20190508_203607', u'exec.sh', u'[]', u'[]', u'https://cmsweb.cern.ch/crabserver/prod', u'cmsgwms-collector-global.cern.ch:9620,cmssrv221.fnal.gov:9620', u'crab3@vocms0120.cern.ch', u'F', u'[]', u'T', u'/store/group/phys_exotica/darkPhoton/schhibra/ScoutingNTuples2017', u'F', u'None', u'F', u'None', u'DarkPhotonToMuMu_M30_madgraph_pythia8_TuneCP5', u'None', u'1bbedd60d66d973e7bf774483dc0773bde2be0b5ec48e174da3b7ffc18812085.tar.gz', u'37602758', u'filetransfers', u'F', u'188.185.115.30', u'0.0', u'None'], u'desc': {u'columns': [u'tm_taskname', u'tm_activity', u'panda_jobset_id', u'tm_task_status', u'tm_task_command', u'tm_start_time', u'tm_start_injection', u'tm_end_injection', u'tm_task_failure', u'tm_job_sw', u'tm_job_arch', u'tm_input_dataset', u'tm_nonvalid_input_dataset', u'tm_use_parent', u'tm_site_whitelist', u'tm_site_blacklist', u'tm_split_algo', u'tm_split_args', u'tm_user_sandbox', u'tm_cache_url', u'tm_username', u'tm_user_dn', u'tm_user_vo', u'tm_user_role', u'tm_user_group', u'tm_publish_name', u'tm_publish_groupname', u'tm_asyncdest', u'tm_dbs_url', u'tm_publish_dbs_url', u'tm_publication', u'tm_outfiles', u'tm_tfile_outfiles', u'tm_edm_outfiles', u'tm_job_type', u'tm_generator', u'tm_events_per_lumi', u'tm_arguments', u'panda_resubmitted_jobs', u'tm_save_logs', u'tw_name', u'tm_user_infiles', u'tm_maxjobruntime', u'tm_numcores', u'tm_maxmemory', u'tm_priority', u'tm_output_dataset', u'tm_task_warnings', u'tm_user_webdir', u'tm_scriptexe', u'tm_scriptargs', u'tm_extrajdl', u'tm_asourl', u'tm_collector', u'tm_schedd', u'tm_dry_run', u'tm_user_files', u'tm_transfer_outputs', u'tm_output_lfn', u'tm_ignore_locality', u'tm_fail_limit', u'tm_one_event_mode', u'tm_secondary_input_dataset', u'tm_primary_dataset', u'tm_last_publication', u'tm_debug_files', u'clusterid', u'tm_asodb', u'tm_ignore_global_blacklist', u'tm_submitter_ip_addr', u'tm_totalunits', u'tm_ddm_reqid']}}
INFO 2019-05-08 23:02:25,488: 	 CRAB project directory:		/afs/cern.ch/work/s/schhibra/DarkPhotonSearch_v2/CMSSW_9_4_14/src/ScoutingAnalysis/TreeMaker/crab/ZdScoutingM30_L1_12_5_L1_15_7_Official_AccXEff/crab_20190508_203607
INFO 2019-05-08 23:02:25,489: 	 Task name:			190508_183615:schhibra_crab_20190508_203607
INFO 2019-05-08 23:02:25,490: 	 Grid scheduler - Task Worker:	crab3@vocms0120.cern.ch - crab-prod-tw01
INFO 2019-05-08 23:02:25,490: 	 Status on the CRAB server:	SUBMITTED
INFO 2019-05-08 23:02:25,490: 	 Task URL to use for HELP:	https://cmsweb.cern.ch/crabserver/ui/task/190508_183615%3Aschhibra_crab_20190508_203607
INFO 2019-05-08 23:02:25,490: 	 Dashboard monitoring URL:	http://dashb-cms-job.cern.ch/dashboard/templates/task-analysis/#user=schhibra&refresh=0&table=Jobs&p=1&records=25&activemenu=2&status=&site=&tid=190508_183615%3Aschhibra_crab_20190508_203607
INFO 2019-05-08 23:02:25,490: 	 New dashboard monitoring URL:	https://monit-grafana.cern.ch/d/cmsTMDetail/cms-task-monitoring-task-view?orgId=11&var-user=schhibra&var-task=190508_183615%3Aschhibra_crab_20190508_203607
INFO 2019-05-08 23:02:25,490: 	 In case of issues with the new dashboard, please provide feedback to hn-cms-computing-tools@cern.ch
DEBUG 2019-05-08 23:02:25,490: 	 The CRAB server submitted your task to the Grid scheduler (cluster ID: 37602758)
DEBUG 2019-05-08 23:02:25,490: 	 Webdir is located at http://vocms0120.cern.ch/mon/cms175/190508_183615:schhibra_crab_20190508_203607
DEBUG 2019-05-08 23:02:25,601: 	 Proxied webdir is located at https://cmsweb.cern.ch/scheddmon/0120/cms175/190508_183615:schhibra_crab_20190508_203607
DEBUG 2019-05-08 23:02:25,601: 	 Retrieving 'status_cache' file from https://cmsweb.cern.ch/scheddmon/0120/cms175/190508_183615:schhibra_crab_20190508_203607/status_cache
DEBUG 2019-05-08 23:02:25,681: 	 Got information from status cache file: {'1': {'Retries': 0, 'WallDurations': [0], 'StartTimes': [], 'SubmitTimes': [1557341648.0], 'JobIds': ['37602762.0'], 'EndTimes': [], 'Restarts': 0, 'RecordedSite': False, 'State': 'idle', 'ResidentSetSize': [0], 'TotalUserCpuTimeHistory': [0.0], 'SiteHistory': ['Unknown'], 'TotalSysCpuTimeHistory': [0.0]}, '3': {'Retries': 0, 'WallDurations': [0], 'StartTimes': [], 'SubmitTimes': [1557341649.0], 'JobIds': ['37602763.0'], 'EndTimes': [], 'Restarts': 0, 'RecordedSite': False, 'State': 'idle', 'ResidentSetSize': [0], 'TotalUserCpuTimeHistory': [0.0], 'SiteHistory': ['Unknown'], 'TotalSysCpuTimeHistory': [0.0]}, '2': {'Retries': 0, 'WallDurations': [0], 'StartTimes': [], 'SubmitTimes': [1557341650.0], 'JobIds': ['37602764.0'], 'EndTimes': [], 'Restarts': 0, 'RecordedSite': False, 'State': 'idle', 'ResidentSetSize': [0], 'TotalUserCpuTimeHistory': [0.0], 'SiteHistory': ['Unknown'], 'TotalSysCpuTimeHistory': [0.0]}, '5': {'Retries': 0, 'WallDurations': [0], 'StartTimes': [], 'SubmitTimes': [1557341648.0], 'JobIds': ['37602761.0'], 'EndTimes': [], 'Restarts': 0, 'RecordedSite': False, 'State': 'idle', 'ResidentSetSize': [0], 'TotalUserCpuTimeHistory': [0.0], 'SiteHistory': ['Unknown'], 'TotalSysCpuTimeHistory': [0.0]}, '4': {'Retries': 0, 'WallDurations': [0], 'StartTimes': [], 'SubmitTimes': [1557341651.0], 'JobIds': ['37602766.0'], 'EndTimes': [], 'Restarts': 0, 'RecordedSite': False, 'State': 'idle', 'ResidentSetSize': [0], 'TotalUserCpuTimeHistory': [0.0], 'SiteHistory': ['Unknown'], 'TotalSysCpuTimeHistory': [0.0]}}
INFO 2019-05-08 23:02:25,681: 	 Status on the scheduler:	SUBMITTED
INFO 2019-05-08 23:02:25,681: 	 
Jobs status:                    idle         		100.0% (5/5)
INFO 2019-05-08 23:02:25,682: 	 
No publication information (publication has been disabled in the CRAB configuration file)
INFO 2019-05-08 23:02:25,722: 	 Log file is /afs/cern.ch/work/s/schhibra/DarkPhotonSearch_v2/CMSSW_9_4_14/src/ScoutingAnalysis/TreeMaker/crab/ZdScoutingM30_L1_12_5_L1_15_7_Official_AccXEff/crab_20190508_203607/crab.log
DEBUG 2019-05-09 13:50:04,161: 	 Executing command: 'status'
DEBUG 2019-05-09 13:50:04,161: 	 Found CRAB cache file /afs/cern.ch/user/s/schhibra/.crab3
DEBUG 2019-05-09 13:50:04,187: 	 Checking credentials
DEBUG 2019-05-09 13:50:04,188: 	 Found proxy file /tmp/x509up_u59012
DEBUG 2019-05-09 13:50:04,188: 	 Getting proxy life time left
DEBUG 2019-05-09 13:50:05,196: 	 Executing : 
 command : voms-proxy-info -file /tmp/x509up_u59012 -timeleft
 output : 85065

 error: 
 retcode : 0
DEBUG 2019-05-09 13:50:06,507: 	 Executing : 
 command : voms-proxy-info -file /tmp/x509up_u59012 -actimeleft
 output : 85063

 error: 
 retcode : 0
DEBUG 2019-05-09 13:50:06,508: 	 Proxy lifetime 85065 secs is different from voms extension lifetime 85063 secs for proxy: /tmp/x509up_u59012
DEBUG 2019-05-09 13:50:06,508: 	 Proxy valid for 23:37:43 hours
DEBUG 2019-05-09 13:50:06,631: 	 Executing : 
 command : openssl x509 -in ~/.globus/usercert.pem -subject -noout
 output : subject= /DC=ch/DC=cern/OU=Organic Units/OU=Users/CN=schhibra/CN=715612/CN=Simranjit Singh Chhibra

 error: 
 retcode : 0
DEBUG 2019-05-09 13:50:06,631: 	 Checking credentials
DEBUG 2019-05-09 13:50:06,631: 	 Found proxy file /tmp/x509up_u59012
DEBUG 2019-05-09 13:50:06,631: 	 Getting proxy life time left
DEBUG 2019-05-09 13:50:07,741: 	 Executing : 
 command : voms-proxy-info -file /tmp/x509up_u59012 -timeleft
 output : 85063

 error: 
 retcode : 0
DEBUG 2019-05-09 13:50:08,651: 	 Executing : 
 command : voms-proxy-info -file /tmp/x509up_u59012 -actimeleft
 output : 85061

 error: 
 retcode : 0
DEBUG 2019-05-09 13:50:08,652: 	 Proxy lifetime 85063 secs is different from voms extension lifetime 85061 secs for proxy: /tmp/x509up_u59012
DEBUG 2019-05-09 13:50:08,652: 	 Proxy valid for 23:37:41 hours
DEBUG 2019-05-09 13:50:08,871: 	 Registering user credentials for server /DC=ch/DC=cern/OU=computers/CN=vocms(052|058|030|0118|0105|0109).cern.ch|/DC=ch/DC=cern/OU=computers/CN=crab-(preprod|prod)-tw(02|01).cern.ch
DEBUG 2019-05-09 13:50:08,996: 	 Executing : 
 command : openssl x509 -in ~/.globus/usercert.pem -subject -noout
 output : subject= /DC=ch/DC=cern/OU=Organic Units/OU=Users/CN=schhibra/CN=715612/CN=Simranjit Singh Chhibra

 error: 
 retcode : 0
DEBUG 2019-05-09 13:50:08,996: 	 Getting myproxy life time left for myproxy.cern.ch
DEBUG 2019-05-09 13:50:08,996: 	 Calculating hash of /DC=ch/DC=cern/OU=Organic Units/OU=Users/CN=schhibra/CN=715612/CN=Simranjit Singh Chhibra_cmsweb.cern.ch for credential name
DEBUG 2019-05-09 13:50:09,403: 	 Executing : 
 command : myproxy-info -l 3841cd59f3d3480019d577f9a3ad69704f35aad0 -s myproxy.cern.ch
 output : username: 3841cd59f3d3480019d577f9a3ad69704f35aad0
owner: /DC=ch/DC=cern/OU=Organic Units/OU=Users/CN=schhibra/CN=715612/CN=Simranjit Singh Chhibra
  renewal policy: /DC=ch/DC=cern/OU=computers/CN=vocms(052|058|030|0118|0105|0109).cern.ch|/DC=ch/DC=cern/OU=computers/CN=crab-(preprod|prod)-tw(02|01).cern.ch
  trusted retrieval policy: /DC=ch/DC=cern/OU=computers/CN=vocms(052|058|030|0118|0105|0109).cern.ch|/DC=ch/DC=cern/OU=computers/CN=crab-(preprod|prod)-tw(02|01).cern.ch
  timeleft: 532:34:14  (22.2 days)

 error: 
 retcode : 0
DEBUG 2019-05-09 13:50:09,405: 	 Myproxy is valid: 1917254
DEBUG 2019-05-09 13:50:09,406: 	 Command use: status
DEBUG 2019-05-09 13:50:09,406: 	 Options use: ['ZdScoutingM30_L1_12_5_L1_15_7_Official_AccXEff/crab_20190508_203607/']
DEBUG 2019-05-09 13:50:09,544: 	 CRABClient version: 3.3.1904
DEBUG 2019-05-09 13:50:09,544: 	 Instance is prod
DEBUG 2019-05-09 13:50:09,544: 	 Server base url is cmsweb.cern.ch
DEBUG 2019-05-09 13:50:09,544: 	 Command url /crabserver/prod/workflow
DEBUG 2019-05-09 13:50:09,651: 	 Got information from server oracle database: {u'result': [u'190508_183615:schhibra_crab_20190508_203607', u'None', u'None', u'SUBMITTED', u'SUBMIT', u'2019-05-08 18:36:15.663553', u'None', u'2019-05-08 18:53:55.319868', u'None', u'CMSSW_9_4_14', u'slc6_amd64_gcc630', u'/DarkPhotonToMuMu_M30_madgraph_pythia8_TuneCP5/RunIIFall17DRPremix-PU2017_94X_mc2017_realistic_v11-v1/AODSIM', u'F', u'0', u'[]', u'[]', u'EventAwareLumiBased', u"{'splitOnRun': False, 'events_per_job': 10000, 'halt_job_on_file_boundaries': False, 'runs': [], 'lumis': []}", u'202ff77a57cd694dca7493871a5db3be4cad6fd6c3a711e91d5ea562ffe1ebed.tar.gz', u'https://cmsweb.cern.ch/crabcache', u'schhibra', u'/DC=ch/DC=cern/OU=Organic Units/OU=Users/CN=schhibra/CN=715612/CN=Simranjit Singh Chhibra', u'cms', u'None', u'None', u'crab_20190508_203607-00000000000000000000000000000000', u'F', u'T2_CH_CERN', u'https://cmsweb.cern.ch/dbs/prod/global/DBSReader', u'https://cmsweb.cern.ch/dbs/prod/phys03/DBSWriter', u'F', u'[]', u"['tree_scout.root']", u'[]', u'Analysis', u'pythia', u'None', u'{}', u'[]', u'F', u'crab-prod-tw01', u'[]', u'1250', u'1', u'2000', u'10', u'None', u'[]', u'http://vocms0120.cern.ch/mon/cms175/190508_183615:schhibra_crab_20190508_203607', u'exec.sh', u'[]', u'[]', u'https://cmsweb.cern.ch/crabserver/prod', u'cmsgwms-collector-global.cern.ch:9620,cmssrv221.fnal.gov:9620', u'crab3@vocms0120.cern.ch', u'F', u'[]', u'T', u'/store/group/phys_exotica/darkPhoton/schhibra/ScoutingNTuples2017', u'F', u'None', u'F', u'None', u'DarkPhotonToMuMu_M30_madgraph_pythia8_TuneCP5', u'None', u'1bbedd60d66d973e7bf774483dc0773bde2be0b5ec48e174da3b7ffc18812085.tar.gz', u'37602758', u'filetransfers', u'F', u'188.185.115.30', u'0.0', u'None'], u'desc': {u'columns': [u'tm_taskname', u'tm_activity', u'panda_jobset_id', u'tm_task_status', u'tm_task_command', u'tm_start_time', u'tm_start_injection', u'tm_end_injection', u'tm_task_failure', u'tm_job_sw', u'tm_job_arch', u'tm_input_dataset', u'tm_nonvalid_input_dataset', u'tm_use_parent', u'tm_site_whitelist', u'tm_site_blacklist', u'tm_split_algo', u'tm_split_args', u'tm_user_sandbox', u'tm_cache_url', u'tm_username', u'tm_user_dn', u'tm_user_vo', u'tm_user_role', u'tm_user_group', u'tm_publish_name', u'tm_publish_groupname', u'tm_asyncdest', u'tm_dbs_url', u'tm_publish_dbs_url', u'tm_publication', u'tm_outfiles', u'tm_tfile_outfiles', u'tm_edm_outfiles', u'tm_job_type', u'tm_generator', u'tm_events_per_lumi', u'tm_arguments', u'panda_resubmitted_jobs', u'tm_save_logs', u'tw_name', u'tm_user_infiles', u'tm_maxjobruntime', u'tm_numcores', u'tm_maxmemory', u'tm_priority', u'tm_output_dataset', u'tm_task_warnings', u'tm_user_webdir', u'tm_scriptexe', u'tm_scriptargs', u'tm_extrajdl', u'tm_asourl', u'tm_collector', u'tm_schedd', u'tm_dry_run', u'tm_user_files', u'tm_transfer_outputs', u'tm_output_lfn', u'tm_ignore_locality', u'tm_fail_limit', u'tm_one_event_mode', u'tm_secondary_input_dataset', u'tm_primary_dataset', u'tm_last_publication', u'tm_debug_files', u'clusterid', u'tm_asodb', u'tm_ignore_global_blacklist', u'tm_submitter_ip_addr', u'tm_totalunits', u'tm_ddm_reqid']}}
INFO 2019-05-09 13:50:09,652: 	 CRAB project directory:		/afs/cern.ch/work/s/schhibra/DarkPhotonSearch_v2/CMSSW_9_4_14/src/ScoutingAnalysis/TreeMaker/crab/ZdScoutingM30_L1_12_5_L1_15_7_Official_AccXEff/crab_20190508_203607
INFO 2019-05-09 13:50:09,652: 	 Task name:			190508_183615:schhibra_crab_20190508_203607
INFO 2019-05-09 13:50:09,652: 	 Grid scheduler - Task Worker:	crab3@vocms0120.cern.ch - crab-prod-tw01
INFO 2019-05-09 13:50:09,652: 	 Status on the CRAB server:	SUBMITTED
INFO 2019-05-09 13:50:09,652: 	 Task URL to use for HELP:	https://cmsweb.cern.ch/crabserver/ui/task/190508_183615%3Aschhibra_crab_20190508_203607
INFO 2019-05-09 13:50:09,653: 	 Dashboard monitoring URL:	http://dashb-cms-job.cern.ch/dashboard/templates/task-analysis/#user=schhibra&refresh=0&table=Jobs&p=1&records=25&activemenu=2&status=&site=&tid=190508_183615%3Aschhibra_crab_20190508_203607
INFO 2019-05-09 13:50:09,653: 	 New dashboard monitoring URL:	https://monit-grafana.cern.ch/d/cmsTMDetail/cms-task-monitoring-task-view?orgId=11&var-user=schhibra&var-task=190508_183615%3Aschhibra_crab_20190508_203607
INFO 2019-05-09 13:50:09,653: 	 In case of issues with the new dashboard, please provide feedback to hn-cms-computing-tools@cern.ch
DEBUG 2019-05-09 13:50:09,653: 	 The CRAB server submitted your task to the Grid scheduler (cluster ID: 37602758)
DEBUG 2019-05-09 13:50:09,653: 	 Webdir is located at http://vocms0120.cern.ch/mon/cms175/190508_183615:schhibra_crab_20190508_203607
DEBUG 2019-05-09 13:50:09,803: 	 Proxied webdir is located at https://cmsweb.cern.ch/scheddmon/0120/cms175/190508_183615:schhibra_crab_20190508_203607
DEBUG 2019-05-09 13:50:09,803: 	 Retrieving 'status_cache' file from https://cmsweb.cern.ch/scheddmon/0120/cms175/190508_183615:schhibra_crab_20190508_203607/status_cache
DEBUG 2019-05-09 13:50:09,887: 	 Got information from status cache file: {'1': {'Retries': 0, 'WallDurations': [10.0, 258.0], 'StartTimes': [1557349448.0], 'SubmitTimes': [1557341648.0], 'JobIds': ['37602762.0'], 'EndTimes': [1557349706.0], 'Restarts': 0, 'RecordedSite': True, 'State': 'finished', 'ResidentSetSize': [33824], 'TotalUserCpuTimeHistory': [103], 'SiteHistory': ['Unknown', 'T2_CH_CSCS'], 'TotalSysCpuTimeHistory': [4]}, '3': {'Retries': 0, 'WallDurations': [8.0, 267.0], 'StartTimes': [1557349449.0], 'SubmitTimes': [1557341649.0], 'JobIds': ['37602763.0'], 'EndTimes': [1557349716.0], 'Restarts': 0, 'RecordedSite': True, 'State': 'finished', 'ResidentSetSize': [4676], 'TotalUserCpuTimeHistory': [157], 'SiteHistory': ['Unknown', 'T2_CH_CSCS'], 'TotalSysCpuTimeHistory': [4]}, '2': {'Retries': 0, 'WallDurations': [13.0, 270.0], 'StartTimes': [1557349450.0], 'SubmitTimes': [1557341650.0], 'JobIds': ['37602764.0'], 'EndTimes': [1557349720.0], 'Restarts': 0, 'RecordedSite': True, 'State': 'finished', 'ResidentSetSize': [28896], 'TotalUserCpuTimeHistory': [147], 'SiteHistory': ['Unknown', 'T2_CH_CSCS'], 'TotalSysCpuTimeHistory': [4]}, '5': {'Retries': 0, 'WallDurations': [8.0, 292.0], 'StartTimes': [1557349450.0], 'SubmitTimes': [1557341648.0], 'JobIds': ['37602761.0'], 'EndTimes': [1557349742.0], 'Restarts': 0, 'RecordedSite': True, 'State': 'finished', 'ResidentSetSize': [4680], 'TotalUserCpuTimeHistory': [132], 'SiteHistory': ['Unknown', 'T2_CH_CSCS'], 'TotalSysCpuTimeHistory': [4]}, '4': {'Retries': 0, 'WallDurations': [9.0, 243.0], 'StartTimes': [1557349448.0], 'SubmitTimes': [1557341651.0], 'JobIds': ['37602766.0'], 'EndTimes': [1557349691.0], 'Restarts': 0, 'RecordedSite': True, 'State': 'finished', 'ResidentSetSize': [2784], 'TotalUserCpuTimeHistory': [105], 'SiteHistory': ['Unknown', 'T2_CH_CSCS'], 'TotalSysCpuTimeHistory': [3]}}
INFO 2019-05-09 13:50:09,887: 	 Status on the scheduler:	COMPLETED
INFO 2019-05-09 13:50:09,888: 	 
Jobs status:                    finished     		100.0% (5/5)
INFO 2019-05-09 13:50:09,888: 	 
No publication information (publication has been disabled in the CRAB configuration file)
INFO 2019-05-09 13:50:09,888: 	 
Warning: the max jobs runtime is less than 30% of the task requested value (1250 min), please consider to request a lower value for failed jobs (allowed through crab resubmit) and/or improve the jobs splitting (e.g. config.Data.splitting = 'Automatic') in a new task.
INFO 2019-05-09 13:50:09,888: 	 
Warning: the average jobs CPU efficiency is less than 50%, please consider to improve the jobs splitting (e.g. config.Data.splitting = 'Automatic') in a new task
INFO 2019-05-09 13:50:09,888: 	 
Summary of run jobs:
 * Memory: 33MB min, 33MB max, 15MB ave
 * Runtime: 0:04:03 min, 0:04:52 max, 0:04:26 ave
 * CPU eff: 41% min, 60% max, 50% ave
 * Waste: 0:00:48 (3% of total)

INFO 2019-05-09 13:50:09,934: 	 Log file is /afs/cern.ch/work/s/schhibra/DarkPhotonSearch_v2/CMSSW_9_4_14/src/ScoutingAnalysis/TreeMaker/crab/ZdScoutingM30_L1_12_5_L1_15_7_Official_AccXEff/crab_20190508_203607/crab.log
