DEBUG 2019-05-08 23:00:25,866: 	 Executing command: 'submit'
DEBUG 2019-05-08 23:00:25,866: 	 Found CRAB cache file /afs/cern.ch/user/s/schhibra/.crab3
DEBUG 2019-05-08 23:00:25,879: 	 Checking credentials
DEBUG 2019-05-08 23:00:25,880: 	 Found proxy file /tmp/x509up_u59012
DEBUG 2019-05-08 23:00:25,880: 	 Getting proxy life time left
DEBUG 2019-05-08 23:00:27,197: 	 Executing : 
 command : voms-proxy-info -file /tmp/x509up_u59012 -timeleft
 output : 597415

 error: 
 retcode : 0
DEBUG 2019-05-08 23:00:28,309: 	 Executing : 
 command : voms-proxy-info -file /tmp/x509up_u59012 -actimeleft
 output : 597414

 error: 
 retcode : 0
DEBUG 2019-05-08 23:00:28,309: 	 Proxy lifetime 597415 secs is different from voms extension lifetime 597414 secs for proxy: /tmp/x509up_u59012
DEBUG 2019-05-08 23:00:28,309: 	 Proxy valid for 165:56:54 hours
INFO 2019-05-08 23:00:28,309: 	 Will use CRAB configuration file crabConfig.py
DEBUG 2019-05-08 23:00:28,310: 	 Loading CRAB configuration file.
DEBUG 2019-05-08 23:00:28,319: 	 Will use CRAB Analysis plugin (i.e. will run an analysis job type).
DEBUG 2019-05-08 23:00:28,451: 	 Executing : 
 command : openssl x509 -in ~/.globus/usercert.pem -subject -noout
 output : subject= /DC=ch/DC=cern/OU=Organic Units/OU=Users/CN=schhibra/CN=715612/CN=Simranjit Singh Chhibra

 error: 
 retcode : 0
DEBUG 2019-05-08 23:00:28,451: 	 Checking credentials
DEBUG 2019-05-08 23:00:28,454: 	 Found proxy file /tmp/x509up_u59012
DEBUG 2019-05-08 23:00:28,454: 	 Getting proxy life time left
DEBUG 2019-05-08 23:00:29,465: 	 Executing : 
 command : voms-proxy-info -file /tmp/x509up_u59012 -timeleft
 output : 597413

 error: 
 retcode : 0
DEBUG 2019-05-08 23:00:30,479: 	 Executing : 
 command : voms-proxy-info -file /tmp/x509up_u59012 -actimeleft
 output : 597412

 error: 
 retcode : 0
DEBUG 2019-05-08 23:00:30,480: 	 Proxy lifetime 597413 secs is different from voms extension lifetime 597412 secs for proxy: /tmp/x509up_u59012
DEBUG 2019-05-08 23:00:30,480: 	 Proxy valid for 165:56:52 hours
DEBUG 2019-05-08 23:00:31,489: 	 Executing : 
 command : env X509_USER_PROXY=/tmp/x509up_u59012 voms-proxy-info -fqan
 output : /cms/Role=NULL/Capability=NULL

 error: 
 retcode : 0
DEBUG 2019-05-08 23:00:31,637: 	 Registering user credentials for server /DC=ch/DC=cern/OU=computers/CN=vocms(052|058|030|0118|0105|0109).cern.ch|/DC=ch/DC=cern/OU=computers/CN=crab-(preprod|prod)-tw(02|01).cern.ch
DEBUG 2019-05-08 23:00:31,754: 	 Executing : 
 command : openssl x509 -in ~/.globus/usercert.pem -subject -noout
 output : subject= /DC=ch/DC=cern/OU=Organic Units/OU=Users/CN=schhibra/CN=715612/CN=Simranjit Singh Chhibra

 error: 
 retcode : 0
DEBUG 2019-05-08 23:00:31,754: 	 Getting myproxy life time left for myproxy.cern.ch
DEBUG 2019-05-08 23:00:31,754: 	 Calculating hash of /DC=ch/DC=cern/OU=Organic Units/OU=Users/CN=schhibra/CN=715612/CN=Simranjit Singh Chhibra_cmsweb.cern.ch for credential name
DEBUG 2019-05-08 23:00:31,961: 	 Executing : 
 command : myproxy-info -l 3841cd59f3d3480019d577f9a3ad69704f35aad0 -s myproxy.cern.ch
 output : username: 3841cd59f3d3480019d577f9a3ad69704f35aad0
owner: /DC=ch/DC=cern/OU=Organic Units/OU=Users/CN=schhibra/CN=715612/CN=Simranjit Singh Chhibra
  renewal policy: /DC=ch/DC=cern/OU=computers/CN=vocms(052|058|030|0118|0105|0109).cern.ch|/DC=ch/DC=cern/OU=computers/CN=crab-(preprod|prod)-tw(02|01).cern.ch
  trusted retrieval policy: /DC=ch/DC=cern/OU=computers/CN=vocms(052|058|030|0118|0105|0109).cern.ch|/DC=ch/DC=cern/OU=computers/CN=crab-(preprod|prod)-tw(02|01).cern.ch
  timeleft: 547:23:52  (22.8 days)

 error: 
 retcode : 0
DEBUG 2019-05-08 23:00:31,963: 	 Myproxy is valid: 1970632
DEBUG 2019-05-08 23:00:31,963: 	 Command use: submit
DEBUG 2019-05-08 23:00:31,963: 	 Options use: ['crabConfig.py']
DEBUG 2019-05-08 23:00:32,129: 	 CRABClient version: 3.3.1904
DEBUG 2019-05-08 23:00:32,129: 	 Instance is prod
DEBUG 2019-05-08 23:00:32,129: 	 Server base url is cmsweb.cern.ch
DEBUG 2019-05-08 23:00:32,129: 	 Command url /crabserver/prod/workflow
DEBUG 2019-05-08 23:00:32,129: 	 Started submission
DEBUG 2019-05-08 23:00:32,130: 	 Working on /afs/cern.ch/work/s/schhibra/DarkPhotonSearch_v2/CMSSW_9_4_14/src/ScoutingAnalysis/TreeMaker/crab/ZdScoutingM15_L1_12_5_L1_15_7_Official_AccXEff/crab_20190508_230028
DEBUG 2019-05-08 23:00:32,330: 	 Loading required information from the environment
DEBUG 2019-05-08 23:00:32,331: 	 Found CMSSW_9_4_14 for slc6_amd64_gcc630 with base /afs/cern.ch/work/s/schhibra/DarkPhotonSearch_v2/CMSSW_9_4_14
DEBUG 2019-05-08 23:00:32,331: 	 Loading required information from the environment
DEBUG 2019-05-08 23:00:32,331: 	 Found CMSSW_9_4_14 for slc6_amd64_gcc630 with base /afs/cern.ch/work/s/schhibra/DarkPhotonSearch_v2/CMSSW_9_4_14
DEBUG 2019-05-08 23:00:32,368: 	 UNIQUE NAME: tarUUID e0c4021e-b520-4e0b-bc12-c0c0cd7a41f6 
DEBUG 2019-05-08 23:00:32,369: 	 self.config: from WMCore.Configuration import Configuration
config = Configuration()
config.section_('General')
config.section_('JobType')
config.JobType.psetName = '../../test/tree_scout_cfg.py'
config.JobType.pluginName = 'Analysis'
config.JobType.inputFiles = ['../Rochester.tar.gz']
config.JobType.pyCfgParams = ['isMC=True', 'useLHEWeights=True', 'GlobalTag=94X_mc2017_realistic_v11', 'roccorData=Rochester/RoccoR2017.txt']
config.JobType.scriptExe = '../exec.sh'
config.section_('Data')
config.Data.inputDataset = '/DarkPhotonToMuMu_M15_madgraph_pythia8_TuneCP5/RunIIFall17DRPremix-PU2017_94X_mc2017_realistic_v11-v1/AODSIM'
config.Data.unitsPerJob = 10000
config.Data.publication = False
config.Data.splitting = 'EventAwareLumiBased'
config.Data.outLFNDirBase = '/store/group/phys_exotica/darkPhoton/schhibra/ScoutingNTuples2017'
config.section_('Site')
config.Site.storageSite = 'T2_CH_CERN'
config.section_('User')
config.section_('Debug')

DEBUG 2019-05-08 23:00:32,369: 	 self.config.JobType.psetName: ../../test/tree_scout_cfg.py
INFO 2019-05-08 23:00:32,369: 	 Importing CMSSW configuration ../../test/tree_scout_cfg.py
DEBUG 2019-05-08 23:00:32,370: 	 Additional parameters for the CMSSW configuration are: ['isMC=True', 'useLHEWeights=True', 'GlobalTag=94X_mc2017_realistic_v11', 'roccorData=Rochester/RoccoR2017.txt']
INFO 2019-05-08 23:00:34,605: 	 Finished importing CMSSW configuration ../../test/tree_scout_cfg.py
DEBUG 2019-05-08 23:00:34,605: 	 Writing CMSSW configuration to /afs/cern.ch/work/s/schhibra/DarkPhotonSearch_v2/CMSSW_9_4_14/src/ScoutingAnalysis/TreeMaker/crab/ZdScoutingM15_L1_12_5_L1_15_7_Official_AccXEff/crab_20190508_230028/inputs/PSet.py
DEBUG 2019-05-08 23:00:35,056: 	 The following EDM output files will be collected: []
DEBUG 2019-05-08 23:00:35,056: 	 The following TFile output files will be collected: ['tree_scout.root']
DEBUG 2019-05-08 23:00:35,056: 	 The following user output files will be collected: []
DEBUG 2019-05-08 23:00:35,056: 	 Loading required information from the environment
DEBUG 2019-05-08 23:00:35,056: 	 Found CMSSW_9_4_14 for slc6_amd64_gcc630 with base /afs/cern.ch/work/s/schhibra/DarkPhotonSearch_v2/CMSSW_9_4_14
DEBUG 2019-05-08 23:00:35,056: 	 Making tarball in /afs/cern.ch/work/s/schhibra/DarkPhotonSearch_v2/CMSSW_9_4_14/src/ScoutingAnalysis/TreeMaker/crab/ZdScoutingM15_L1_12_5_L1_15_7_Official_AccXEff/crab_20190508_230028/inputs/e0c4021e-b520-4e0b-bc12-c0c0cd7a41f6default.tgz
DEBUG 2019-05-08 23:00:35,090: 	 Checking directory /afs/cern.ch/work/s/schhibra/DarkPhotonSearch_v2/CMSSW_9_4_14/lib
DEBUG 2019-05-08 23:00:35,090: 	 Adding directory /afs/cern.ch/work/s/schhibra/DarkPhotonSearch_v2/CMSSW_9_4_14/lib to tarball
DEBUG 2019-05-08 23:00:35,102: 	 Checking directory /afs/cern.ch/work/s/schhibra/DarkPhotonSearch_v2/CMSSW_9_4_14/biglib
DEBUG 2019-05-08 23:00:35,102: 	 Adding directory /afs/cern.ch/work/s/schhibra/DarkPhotonSearch_v2/CMSSW_9_4_14/biglib to tarball
DEBUG 2019-05-08 23:00:35,103: 	 Checking directory /afs/cern.ch/work/s/schhibra/DarkPhotonSearch_v2/CMSSW_9_4_14/module
DEBUG 2019-05-08 23:00:35,105: 	 Adding data directory /afs/cern.ch/work/s/schhibra/DarkPhotonSearch_v2/CMSSW_9_4_14/src/ScoutingAnalysis/TreeMaker/data to tarball
DEBUG 2019-05-08 23:00:35,327: 	 Adding data directory /afs/cern.ch/work/s/schhibra/DarkPhotonSearch_v2/CMSSW_9_4_14/src/ScoutingAnalysis/TreeMaker/interface to tarball
DEBUG 2019-05-08 23:00:35,349: 	 Adding file ../Rochester.tar.gz to tarball
DEBUG 2019-05-08 23:00:35,735: 	 Uploading archive /afs/cern.ch/work/s/schhibra/DarkPhotonSearch_v2/CMSSW_9_4_14/src/ScoutingAnalysis/TreeMaker/crab/ZdScoutingM15_L1_12_5_L1_15_7_Official_AccXEff/crab_20190508_230028/inputs/e0c4021e-b520-4e0b-bc12-c0c0cd7a41f6default.tgz (1.385742.1 MB) to the CRAB cache. Using URI https://cmsweb.cern.ch/crabcache
DEBUG 2019-05-08 23:00:36,925: 	 Loading required information from the environment
DEBUG 2019-05-08 23:00:36,925: 	 Found CMSSW_9_4_14 for slc6_amd64_gcc630 with base /afs/cern.ch/work/s/schhibra/DarkPhotonSearch_v2/CMSSW_9_4_14
DEBUG 2019-05-08 23:00:36,925: 	 Making tarball in /afs/cern.ch/work/s/schhibra/DarkPhotonSearch_v2/CMSSW_9_4_14/src/ScoutingAnalysis/TreeMaker/crab/ZdScoutingM15_L1_12_5_L1_15_7_Official_AccXEff/crab_20190508_230028/inputs/debugFiles.tgz
DEBUG 2019-05-08 23:00:36,931: 	 Uploading archive /afs/cern.ch/work/s/schhibra/DarkPhotonSearch_v2/CMSSW_9_4_14/src/ScoutingAnalysis/TreeMaker/crab/ZdScoutingM15_L1_12_5_L1_15_7_Official_AccXEff/crab_20190508_230028/inputs/debugFiles.tgz (2 KB) to the CRAB cache. Using URI https://cmsweb.cern.ch/crabcache
DEBUG 2019-05-08 23:00:37,102: 	 Result uploading input files: 202ff77a57cd694dca7493871a5db3be4cad6fd6c3a711e91d5ea562ffe1ebed.tar.gz 
INFO 2019-05-08 23:00:37,102: 	 Sending the request to the server
DEBUG 2019-05-08 23:00:37,102: 	 Submitting {'maxjobruntime': 1250, 'extrajdl': [], 'lfn': '/store/group/phys_exotica/darkPhoton/schhibra/ScoutingNTuples2017', 'savelogsflag': 0, 'useparent': 0, 'scriptexe': 'exec.sh', 'asyncdest': 'T2_CH_CERN', 'algoargs': 10000, 'cachefilename': '202ff77a57cd694dca7493871a5db3be4cad6fd6c3a711e91d5ea562ffe1ebed.tar.gz', 'numcores': 1, 'addoutputfiles': [], 'generator': 'pythia', 'maxmemory': 2000, 'publishdbsurl': 'https://cmsweb.cern.ch/dbs/prod/phys03/DBSWriter', 'priority': 10, 'jobsw': 'CMSSW_9_4_14', 'edmoutfiles': [], 'userfiles': [], 'primarydataset': '', 'inputdata': '/DarkPhotonToMuMu_M15_madgraph_pythia8_TuneCP5/RunIIFall17DRPremix-PU2017_94X_mc2017_realistic_v11-v1/AODSIM', 'ignorelocality': 0, 'dryrun': 0, 'workflow': 'crab_20190508_230028', 'cacheurl': u'https://cmsweb.cern.ch/crabcache', 'nonprodsw': 0, 'tfileoutfiles': ['tree_scout.root'], 'oneEventMode': 0, 'debugfilename': '39714a04ec5691b4e86a096714f4f128fba0af5aaa07393be93326573db762ae.tar.gz', 'saveoutput': 1, 'publication': 0, 'jobarch': 'slc6_amd64_gcc630', 'totalunits': 0, 'splitalgo': 'EventAwareLumiBased', 'ignoreglobalblacklist': 0, 'nonvaliddata': 0, 'dbsurl': 'https://cmsweb.cern.ch/dbs/prod/global/DBSReader', 'publishgroupname': 0, 'jobtype': 'Analysis', 'publishname2': ''} 
DEBUG 2019-05-08 23:00:37,102: 	 Encoded submit request: maxjobruntime=1250&lfn=%2Fstore%2Fgroup%2Fphys_exotica%2FdarkPhoton%2Fschhibra%2FScoutingNTuples2017&savelogsflag=0&useparent=0&scriptexe=exec.sh&asyncdest=T2_CH_CERN&algoargs=10000&cachefilename=202ff77a57cd694dca7493871a5db3be4cad6fd6c3a711e91d5ea562ffe1ebed.tar.gz&numcores=1&generator=pythia&maxmemory=2000&publishdbsurl=https%3A%2F%2Fcmsweb.cern.ch%2Fdbs%2Fprod%2Fphys03%2FDBSWriter&priority=10&jobsw=CMSSW_9_4_14&primarydataset=&inputdata=%2FDarkPhotonToMuMu_M15_madgraph_pythia8_TuneCP5%2FRunIIFall17DRPremix-PU2017_94X_mc2017_realistic_v11-v1%2FAODSIM&ignorelocality=0&dryrun=0&workflow=crab_20190508_230028&cacheurl=https%3A%2F%2Fcmsweb.cern.ch%2Fcrabcache&nonprodsw=0&oneEventMode=0&debugfilename=39714a04ec5691b4e86a096714f4f128fba0af5aaa07393be93326573db762ae.tar.gz&saveoutput=1&publication=0&jobarch=slc6_amd64_gcc630&totalunits=0&splitalgo=EventAwareLumiBased&ignoreglobalblacklist=0&nonvaliddata=0&dbsurl=https%3A%2F%2Fcmsweb.cern.ch%2Fdbs%2Fprod%2Fglobal%2FDBSReader&publishgroupname=0&jobtype=Analysis&publishname2=&tfileoutfiles=tree_scout.root
DEBUG 2019-05-08 23:00:37,362: 	 Result: {u'result': [{u'RequestName': u'190508_210037:schhibra_crab_20190508_230028'}]}
INFO 2019-05-08 23:00:37,366: 	 Success: Your task has been delivered to the CRAB3 server.
INFO 2019-05-08 23:00:37,366: 	 Task name: 190508_210037:schhibra_crab_20190508_230028
INFO 2019-05-08 23:00:37,367: 	 Project dir: ./crab_20190508_230028
INFO 2019-05-08 23:00:37,367: 	 Please use 'crab status -d ./crab_20190508_230028' to check how the submission process proceeds.
DEBUG 2019-05-08 23:00:37,367: 	 About to return
INFO 2019-05-08 23:00:37,371: 	 Log file is /afs/cern.ch/work/s/schhibra/DarkPhotonSearch_v2/CMSSW_9_4_14/src/ScoutingAnalysis/TreeMaker/crab/ZdScoutingM15_L1_12_5_L1_15_7_Official_AccXEff/crab_20190508_230028/crab.log
DEBUG 2019-05-09 13:48:51,945: 	 Executing command: 'status'
DEBUG 2019-05-09 13:48:51,945: 	 Found CRAB cache file /afs/cern.ch/user/s/schhibra/.crab3
DEBUG 2019-05-09 13:48:51,971: 	 Checking credentials
DEBUG 2019-05-09 13:48:51,971: 	 Found proxy file /tmp/x509up_u59012
DEBUG 2019-05-09 13:48:51,972: 	 Getting proxy life time left
DEBUG 2019-05-09 13:48:52,880: 	 Executing : 
 command : voms-proxy-info -file /tmp/x509up_u59012 -timeleft
 output : 85138

 error: 
 retcode : 0
DEBUG 2019-05-09 13:48:53,795: 	 Executing : 
 command : voms-proxy-info -file /tmp/x509up_u59012 -actimeleft
 output : 85136

 error: 
 retcode : 0
DEBUG 2019-05-09 13:48:53,795: 	 Proxy lifetime 85138 secs is different from voms extension lifetime 85136 secs for proxy: /tmp/x509up_u59012
DEBUG 2019-05-09 13:48:53,796: 	 Proxy valid for 23:38:56 hours
DEBUG 2019-05-09 13:48:54,003: 	 Executing : 
 command : openssl x509 -in ~/.globus/usercert.pem -subject -noout
 output : subject= /DC=ch/DC=cern/OU=Organic Units/OU=Users/CN=schhibra/CN=715612/CN=Simranjit Singh Chhibra

 error: 
 retcode : 0
DEBUG 2019-05-09 13:48:54,004: 	 Checking credentials
DEBUG 2019-05-09 13:48:54,004: 	 Found proxy file /tmp/x509up_u59012
DEBUG 2019-05-09 13:48:54,004: 	 Getting proxy life time left
DEBUG 2019-05-09 13:48:54,912: 	 Executing : 
 command : voms-proxy-info -file /tmp/x509up_u59012 -timeleft
 output : 85136

 error: 
 retcode : 0
DEBUG 2019-05-09 13:48:55,822: 	 Executing : 
 command : voms-proxy-info -file /tmp/x509up_u59012 -actimeleft
 output : 85134

 error: 
 retcode : 0
DEBUG 2019-05-09 13:48:55,823: 	 Proxy lifetime 85136 secs is different from voms extension lifetime 85134 secs for proxy: /tmp/x509up_u59012
DEBUG 2019-05-09 13:48:55,823: 	 Proxy valid for 23:38:54 hours
DEBUG 2019-05-09 13:48:55,930: 	 Registering user credentials for server /DC=ch/DC=cern/OU=computers/CN=vocms(052|058|030|0118|0105|0109).cern.ch|/DC=ch/DC=cern/OU=computers/CN=crab-(preprod|prod)-tw(02|01).cern.ch
DEBUG 2019-05-09 13:48:56,045: 	 Executing : 
 command : openssl x509 -in ~/.globus/usercert.pem -subject -noout
 output : subject= /DC=ch/DC=cern/OU=Organic Units/OU=Users/CN=schhibra/CN=715612/CN=Simranjit Singh Chhibra

 error: 
 retcode : 0
DEBUG 2019-05-09 13:48:56,045: 	 Getting myproxy life time left for myproxy.cern.ch
DEBUG 2019-05-09 13:48:56,045: 	 Calculating hash of /DC=ch/DC=cern/OU=Organic Units/OU=Users/CN=schhibra/CN=715612/CN=Simranjit Singh Chhibra_cmsweb.cern.ch for credential name
DEBUG 2019-05-09 13:48:56,250: 	 Executing : 
 command : myproxy-info -l 3841cd59f3d3480019d577f9a3ad69704f35aad0 -s myproxy.cern.ch
 output : username: 3841cd59f3d3480019d577f9a3ad69704f35aad0
owner: /DC=ch/DC=cern/OU=Organic Units/OU=Users/CN=schhibra/CN=715612/CN=Simranjit Singh Chhibra
  renewal policy: /DC=ch/DC=cern/OU=computers/CN=vocms(052|058|030|0118|0105|0109).cern.ch|/DC=ch/DC=cern/OU=computers/CN=crab-(preprod|prod)-tw(02|01).cern.ch
  trusted retrieval policy: /DC=ch/DC=cern/OU=computers/CN=vocms(052|058|030|0118|0105|0109).cern.ch|/DC=ch/DC=cern/OU=computers/CN=crab-(preprod|prod)-tw(02|01).cern.ch
  timeleft: 532:35:27  (22.2 days)

 error: 
 retcode : 0
DEBUG 2019-05-09 13:48:56,251: 	 Myproxy is valid: 1917327
DEBUG 2019-05-09 13:48:56,252: 	 Command use: status
DEBUG 2019-05-09 13:48:56,252: 	 Options use: ['ZdScoutingM15_L1_12_5_L1_15_7_Official_AccXEff/crab_20190508_230028/']
DEBUG 2019-05-09 13:48:56,351: 	 CRABClient version: 3.3.1904
DEBUG 2019-05-09 13:48:56,351: 	 Instance is prod
DEBUG 2019-05-09 13:48:56,351: 	 Server base url is cmsweb.cern.ch
DEBUG 2019-05-09 13:48:56,351: 	 Command url /crabserver/prod/workflow
DEBUG 2019-05-09 13:48:56,517: 	 Got information from server oracle database: {u'result': [u'190508_210037:schhibra_crab_20190508_230028', u'None', u'None', u'SUBMITTED', u'SUBMIT', u'2019-05-08 21:00:37.333798', u'None', u'2019-05-08 21:03:55.886604', u'None', u'CMSSW_9_4_14', u'slc6_amd64_gcc630', u'/DarkPhotonToMuMu_M15_madgraph_pythia8_TuneCP5/RunIIFall17DRPremix-PU2017_94X_mc2017_realistic_v11-v1/AODSIM', u'F', u'0', u'[]', u'[]', u'EventAwareLumiBased', u"{'splitOnRun': False, 'events_per_job': 10000, 'halt_job_on_file_boundaries': False, 'runs': [], 'lumis': []}", u'202ff77a57cd694dca7493871a5db3be4cad6fd6c3a711e91d5ea562ffe1ebed.tar.gz', u'https://cmsweb.cern.ch/crabcache', u'schhibra', u'/DC=ch/DC=cern/OU=Organic Units/OU=Users/CN=schhibra/CN=715612/CN=Simranjit Singh Chhibra', u'cms', u'None', u'None', u'crab_20190508_230028-00000000000000000000000000000000', u'F', u'T2_CH_CERN', u'https://cmsweb.cern.ch/dbs/prod/global/DBSReader', u'https://cmsweb.cern.ch/dbs/prod/phys03/DBSWriter', u'F', u'[]', u"['tree_scout.root']", u'[]', u'Analysis', u'pythia', u'None', u'{}', u'[]', u'F', u'crab-prod-tw01', u'[]', u'1250', u'1', u'2000', u'10', u'None', u'[]', u'http://vocms0144.cern.ch/mon/cms175/190508_210037:schhibra_crab_20190508_230028', u'exec.sh', u'[]', u'[]', u'https://cmsweb.cern.ch/crabserver/prod', u'cmsgwms-collector-global.cern.ch:9620,cmssrv221.fnal.gov:9620', u'crab3@vocms0144.cern.ch', u'F', u'[]', u'T', u'/store/group/phys_exotica/darkPhoton/schhibra/ScoutingNTuples2017', u'F', u'None', u'F', u'None', u'DarkPhotonToMuMu_M15_madgraph_pythia8_TuneCP5', u'None', u'39714a04ec5691b4e86a096714f4f128fba0af5aaa07393be93326573db762ae.tar.gz', u'39060876', u'filetransfers', u'F', u'188.185.115.30', u'0.0', u'None'], u'desc': {u'columns': [u'tm_taskname', u'tm_activity', u'panda_jobset_id', u'tm_task_status', u'tm_task_command', u'tm_start_time', u'tm_start_injection', u'tm_end_injection', u'tm_task_failure', u'tm_job_sw', u'tm_job_arch', u'tm_input_dataset', u'tm_nonvalid_input_dataset', u'tm_use_parent', u'tm_site_whitelist', u'tm_site_blacklist', u'tm_split_algo', u'tm_split_args', u'tm_user_sandbox', u'tm_cache_url', u'tm_username', u'tm_user_dn', u'tm_user_vo', u'tm_user_role', u'tm_user_group', u'tm_publish_name', u'tm_publish_groupname', u'tm_asyncdest', u'tm_dbs_url', u'tm_publish_dbs_url', u'tm_publication', u'tm_outfiles', u'tm_tfile_outfiles', u'tm_edm_outfiles', u'tm_job_type', u'tm_generator', u'tm_events_per_lumi', u'tm_arguments', u'panda_resubmitted_jobs', u'tm_save_logs', u'tw_name', u'tm_user_infiles', u'tm_maxjobruntime', u'tm_numcores', u'tm_maxmemory', u'tm_priority', u'tm_output_dataset', u'tm_task_warnings', u'tm_user_webdir', u'tm_scriptexe', u'tm_scriptargs', u'tm_extrajdl', u'tm_asourl', u'tm_collector', u'tm_schedd', u'tm_dry_run', u'tm_user_files', u'tm_transfer_outputs', u'tm_output_lfn', u'tm_ignore_locality', u'tm_fail_limit', u'tm_one_event_mode', u'tm_secondary_input_dataset', u'tm_primary_dataset', u'tm_last_publication', u'tm_debug_files', u'clusterid', u'tm_asodb', u'tm_ignore_global_blacklist', u'tm_submitter_ip_addr', u'tm_totalunits', u'tm_ddm_reqid']}}
INFO 2019-05-09 13:48:56,518: 	 CRAB project directory:		/afs/cern.ch/work/s/schhibra/DarkPhotonSearch_v2/CMSSW_9_4_14/src/ScoutingAnalysis/TreeMaker/crab/ZdScoutingM15_L1_12_5_L1_15_7_Official_AccXEff/crab_20190508_230028
INFO 2019-05-09 13:48:56,518: 	 Task name:			190508_210037:schhibra_crab_20190508_230028
INFO 2019-05-09 13:48:56,518: 	 Grid scheduler - Task Worker:	crab3@vocms0144.cern.ch - crab-prod-tw01
INFO 2019-05-09 13:48:56,518: 	 Status on the CRAB server:	SUBMITTED
INFO 2019-05-09 13:48:56,519: 	 Task URL to use for HELP:	https://cmsweb.cern.ch/crabserver/ui/task/190508_210037%3Aschhibra_crab_20190508_230028
INFO 2019-05-09 13:48:56,519: 	 Dashboard monitoring URL:	http://dashb-cms-job.cern.ch/dashboard/templates/task-analysis/#user=schhibra&refresh=0&table=Jobs&p=1&records=25&activemenu=2&status=&site=&tid=190508_210037%3Aschhibra_crab_20190508_230028
INFO 2019-05-09 13:48:56,519: 	 New dashboard monitoring URL:	https://monit-grafana.cern.ch/d/cmsTMDetail/cms-task-monitoring-task-view?orgId=11&var-user=schhibra&var-task=190508_210037%3Aschhibra_crab_20190508_230028
INFO 2019-05-09 13:48:56,519: 	 In case of issues with the new dashboard, please provide feedback to hn-cms-computing-tools@cern.ch
DEBUG 2019-05-09 13:48:56,519: 	 The CRAB server submitted your task to the Grid scheduler (cluster ID: 39060876)
DEBUG 2019-05-09 13:48:56,519: 	 Webdir is located at http://vocms0144.cern.ch/mon/cms175/190508_210037:schhibra_crab_20190508_230028
DEBUG 2019-05-09 13:48:56,652: 	 Proxied webdir is located at https://cmsweb.cern.ch/scheddmon/0144/cms175/190508_210037:schhibra_crab_20190508_230028
DEBUG 2019-05-09 13:48:56,652: 	 Retrieving 'status_cache' file from https://cmsweb.cern.ch/scheddmon/0144/cms175/190508_210037:schhibra_crab_20190508_230028/status_cache
DEBUG 2019-05-09 13:48:56,738: 	 Got information from status cache file: {'1': {'Retries': 0, 'WallDurations': [9.0, 260.0], 'StartTimes': [1557350608.0], 'SubmitTimes': [1557349451.0], 'JobIds': ['39060878.0'], 'EndTimes': [1557350868.0], 'Restarts': 0, 'RecordedSite': True, 'State': 'finished', 'ResidentSetSize': [4432], 'TotalUserCpuTimeHistory': [145], 'SiteHistory': ['Unknown', 'T2_CH_CSCS'], 'TotalSysCpuTimeHistory': [4]}, '3': {'Retries': 0, 'WallDurations': [10.0, 215.0], 'StartTimes': [1557350608.0], 'SubmitTimes': [1557349454.0], 'JobIds': ['39060881.0'], 'EndTimes': [1557350823.0], 'Restarts': 0, 'RecordedSite': True, 'State': 'finished', 'ResidentSetSize': [32392], 'TotalUserCpuTimeHistory': [137], 'SiteHistory': ['Unknown', 'T2_CH_CSCS'], 'TotalSysCpuTimeHistory': [4]}, '2': {'Retries': 0, 'WallDurations': [10.0, 220.0], 'StartTimes': [1557350608.0], 'SubmitTimes': [1557349452.0], 'JobIds': ['39060879.0'], 'EndTimes': [1557350828.0], 'Restarts': 0, 'RecordedSite': True, 'State': 'finished', 'ResidentSetSize': [31260], 'TotalUserCpuTimeHistory': [156], 'SiteHistory': ['Unknown', 'T2_CH_CSCS'], 'TotalSysCpuTimeHistory': [4]}, '5': {'Retries': 0, 'WallDurations': [8.0, 255.0], 'StartTimes': [1557350609.0], 'SubmitTimes': [1557349454.0], 'JobIds': ['39060882.0'], 'EndTimes': [1557350864.0], 'Restarts': 0, 'RecordedSite': True, 'State': 'finished', 'ResidentSetSize': [32156], 'TotalUserCpuTimeHistory': [162], 'SiteHistory': ['Unknown', 'T2_CH_CSCS'], 'TotalSysCpuTimeHistory': [5]}, '4': {'Retries': 0, 'WallDurations': [9.0, 242.0], 'StartTimes': [1557350608.0], 'SubmitTimes': [1557349453.0], 'JobIds': ['39060880.0'], 'EndTimes': [1557350850.0], 'Restarts': 0, 'RecordedSite': True, 'State': 'finished', 'ResidentSetSize': [30676], 'TotalUserCpuTimeHistory': [139], 'SiteHistory': ['Unknown', 'T2_CH_CSCS'], 'TotalSysCpuTimeHistory': [4]}}
INFO 2019-05-09 13:48:56,739: 	 Status on the scheduler:	COMPLETED
INFO 2019-05-09 13:48:56,739: 	 
Jobs status:                    finished     		100.0% (5/5)
INFO 2019-05-09 13:48:56,739: 	 
No publication information (publication has been disabled in the CRAB configuration file)
INFO 2019-05-09 13:48:56,739: 	 
Warning: the max jobs runtime is less than 30% of the task requested value (1250 min), please consider to request a lower value for failed jobs (allowed through crab resubmit) and/or improve the jobs splitting (e.g. config.Data.splitting = 'Automatic') in a new task.
INFO 2019-05-09 13:48:56,739: 	 
Summary of run jobs:
 * Memory: 4MB min, 31MB max, 26MB ave
 * Runtime: 0:03:35 min, 0:04:20 max, 0:03:58 ave
 * CPU eff: 57% min, 73% max, 64% ave
 * Waste: 0:00:46 (4% of total)

INFO 2019-05-09 13:48:56,771: 	 Log file is /afs/cern.ch/work/s/schhibra/DarkPhotonSearch_v2/CMSSW_9_4_14/src/ScoutingAnalysis/TreeMaker/crab/ZdScoutingM15_L1_12_5_L1_15_7_Official_AccXEff/crab_20190508_230028/crab.log
