DEBUG 2019-05-13 19:26:29,746: 	 Executing command: 'submit'
DEBUG 2019-05-13 19:26:29,746: 	 Found CRAB cache file /afs/cern.ch/user/s/schhibra/.crab3
DEBUG 2019-05-13 19:26:29,754: 	 Checking credentials
DEBUG 2019-05-13 19:26:29,754: 	 Found proxy file /tmp/x509up_u59012
DEBUG 2019-05-13 19:26:29,754: 	 Getting proxy life time left
DEBUG 2019-05-13 19:26:30,560: 	 Executing : 
 command : voms-proxy-info -file /tmp/x509up_u59012 -timeleft
 output : 603355

 error: 
 retcode : 0
DEBUG 2019-05-13 19:26:31,369: 	 Executing : 
 command : voms-proxy-info -file /tmp/x509up_u59012 -actimeleft
 output : 603354

 error: 
 retcode : 0
DEBUG 2019-05-13 19:26:31,370: 	 Proxy lifetime 603355 secs is different from voms extension lifetime 603354 secs for proxy: /tmp/x509up_u59012
DEBUG 2019-05-13 19:26:31,370: 	 Proxy valid for 167:35:54 hours
INFO 2019-05-13 19:26:31,370: 	 Will use CRAB configuration file crabConfig.py
DEBUG 2019-05-13 19:26:31,370: 	 Loading CRAB configuration file.
DEBUG 2019-05-13 19:26:31,386: 	 Will use CRAB Analysis plugin (i.e. will run an analysis job type).
DEBUG 2019-05-13 19:26:31,659: 	 Executing : 
 command : openssl x509 -in ~/.globus/usercert.pem -subject -noout
 output : subject= /DC=ch/DC=cern/OU=Organic Units/OU=Users/CN=schhibra/CN=715612/CN=Simranjit Singh Chhibra

 error: 
 retcode : 0
DEBUG 2019-05-13 19:26:31,660: 	 Checking credentials
DEBUG 2019-05-13 19:26:31,660: 	 Found proxy file /tmp/x509up_u59012
DEBUG 2019-05-13 19:26:31,660: 	 Getting proxy life time left
DEBUG 2019-05-13 19:26:32,470: 	 Executing : 
 command : voms-proxy-info -file /tmp/x509up_u59012 -timeleft
 output : 603353

 error: 
 retcode : 0
DEBUG 2019-05-13 19:26:33,284: 	 Executing : 
 command : voms-proxy-info -file /tmp/x509up_u59012 -actimeleft
 output : 603352

 error: 
 retcode : 0
DEBUG 2019-05-13 19:26:33,285: 	 Proxy lifetime 603353 secs is different from voms extension lifetime 603352 secs for proxy: /tmp/x509up_u59012
DEBUG 2019-05-13 19:26:33,285: 	 Proxy valid for 167:35:52 hours
DEBUG 2019-05-13 19:26:33,994: 	 Executing : 
 command : env X509_USER_PROXY=/tmp/x509up_u59012 voms-proxy-info -fqan
 output : /cms/Role=NULL/Capability=NULL

 error: 
 retcode : 0
DEBUG 2019-05-13 19:26:34,109: 	 Registering user credentials for server /DC=ch/DC=cern/OU=computers/CN=vocms(052|058|030|0118|0105|0109).cern.ch|/DC=ch/DC=cern/OU=computers/CN=crab-(preprod|prod)-tw(02|01).cern.ch
DEBUG 2019-05-13 19:26:34,220: 	 Executing : 
 command : openssl x509 -in ~/.globus/usercert.pem -subject -noout
 output : subject= /DC=ch/DC=cern/OU=Organic Units/OU=Users/CN=schhibra/CN=715612/CN=Simranjit Singh Chhibra

 error: 
 retcode : 0
DEBUG 2019-05-13 19:26:34,221: 	 Getting myproxy life time left for myproxy.cern.ch
DEBUG 2019-05-13 19:26:34,221: 	 Calculating hash of /DC=ch/DC=cern/OU=Organic Units/OU=Users/CN=schhibra/CN=715612/CN=Simranjit Singh Chhibra_cmsweb.cern.ch for credential name
DEBUG 2019-05-13 19:26:34,727: 	 Executing : 
 command : myproxy-info -l 3841cd59f3d3480019d577f9a3ad69704f35aad0 -s myproxy.cern.ch
 output : username: 3841cd59f3d3480019d577f9a3ad69704f35aad0
owner: /DC=ch/DC=cern/OU=Organic Units/OU=Users/CN=schhibra/CN=715612/CN=Simranjit Singh Chhibra
  renewal policy: /DC=ch/DC=cern/OU=computers/CN=vocms(052|058|030|0118|0105|0109).cern.ch|/DC=ch/DC=cern/OU=computers/CN=crab-(preprod|prod)-tw(02|01).cern.ch
  trusted retrieval policy: /DC=ch/DC=cern/OU=computers/CN=vocms(052|058|030|0118|0105|0109).cern.ch|/DC=ch/DC=cern/OU=computers/CN=crab-(preprod|prod)-tw(02|01).cern.ch
  timeleft: 430:57:49  (18.0 days)

 error: 
 retcode : 0
DEBUG 2019-05-13 19:26:34,729: 	 Myproxy is valid: 1551469
DEBUG 2019-05-13 19:26:34,729: 	 Command use: submit
DEBUG 2019-05-13 19:26:34,729: 	 Options use: []
DEBUG 2019-05-13 19:26:34,865: 	 CRABClient version: 3.3.1904
DEBUG 2019-05-13 19:26:34,865: 	 Instance is prod
DEBUG 2019-05-13 19:26:34,865: 	 Server base url is cmsweb.cern.ch
DEBUG 2019-05-13 19:26:34,865: 	 Command url /crabserver/prod/workflow
DEBUG 2019-05-13 19:26:34,866: 	 Started submission
DEBUG 2019-05-13 19:26:34,866: 	 Working on /afs/cern.ch/work/s/schhibra/DarkPhotonSearch_v2/CMSSW_9_4_14/src/ScoutingAnalysis/TreeMaker/crab/ZdScoutingM40_L1_12_5_L1_15_7_Official_AccXEff/crab_20190513_192631
DEBUG 2019-05-13 19:26:35,017: 	 Loading required information from the environment
DEBUG 2019-05-13 19:26:35,017: 	 Found CMSSW_9_4_14 for slc6_amd64_gcc630 with base /afs/cern.ch/work/s/schhibra/DarkPhotonSearch_v2/CMSSW_9_4_14
DEBUG 2019-05-13 19:26:35,017: 	 Loading required information from the environment
DEBUG 2019-05-13 19:26:35,017: 	 Found CMSSW_9_4_14 for slc6_amd64_gcc630 with base /afs/cern.ch/work/s/schhibra/DarkPhotonSearch_v2/CMSSW_9_4_14
DEBUG 2019-05-13 19:26:35,033: 	 UNIQUE NAME: tarUUID c69b6aa5-27dd-4f4a-a8a6-e6478e6de3a1 
DEBUG 2019-05-13 19:26:35,034: 	 self.config: from WMCore.Configuration import Configuration
config = Configuration()
config.section_('General')
config.section_('JobType')
config.JobType.psetName = '../../test/tree_scout_cfg.py'
config.JobType.pluginName = 'Analysis'
config.JobType.inputFiles = ['../Rochester.tar.gz']
config.JobType.pyCfgParams = ['isMC=True', 'useLHEWeights=True', 'GlobalTag=94X_mc2017_realistic_v11', 'roccorData=Rochester/RoccoR2017.txt']
config.JobType.scriptExe = '../exec.sh'
config.section_('Data')
config.Data.inputDataset = '/DarkPhotonToMuMu_M40_madgraph_pythia8_TuneCP5/RunIIFall17DRPremix-PU2017_94X_mc2017_realistic_v11-v1/AODSIM'
config.Data.unitsPerJob = 10000
config.Data.publication = False
config.Data.splitting = 'EventAwareLumiBased'
config.Data.outLFNDirBase = '/store/group/phys_exotica/darkPhoton/schhibra/ScoutingNTuples2017'
config.section_('Site')
config.Site.storageSite = 'T2_CH_CERN'
config.section_('User')
config.section_('Debug')

DEBUG 2019-05-13 19:26:35,034: 	 self.config.JobType.psetName: ../../test/tree_scout_cfg.py
INFO 2019-05-13 19:26:35,034: 	 Importing CMSSW configuration ../../test/tree_scout_cfg.py
DEBUG 2019-05-13 19:26:35,034: 	 Additional parameters for the CMSSW configuration are: ['isMC=True', 'useLHEWeights=True', 'GlobalTag=94X_mc2017_realistic_v11', 'roccorData=Rochester/RoccoR2017.txt']
INFO 2019-05-13 19:26:36,632: 	 Finished importing CMSSW configuration ../../test/tree_scout_cfg.py
DEBUG 2019-05-13 19:26:36,632: 	 Writing CMSSW configuration to /afs/cern.ch/work/s/schhibra/DarkPhotonSearch_v2/CMSSW_9_4_14/src/ScoutingAnalysis/TreeMaker/crab/ZdScoutingM40_L1_12_5_L1_15_7_Official_AccXEff/crab_20190513_192631/inputs/PSet.py
DEBUG 2019-05-13 19:26:37,062: 	 The following EDM output files will be collected: []
DEBUG 2019-05-13 19:26:37,062: 	 The following TFile output files will be collected: ['tree_scout.root']
DEBUG 2019-05-13 19:26:37,062: 	 The following user output files will be collected: []
DEBUG 2019-05-13 19:26:37,063: 	 Loading required information from the environment
DEBUG 2019-05-13 19:26:37,063: 	 Found CMSSW_9_4_14 for slc6_amd64_gcc630 with base /afs/cern.ch/work/s/schhibra/DarkPhotonSearch_v2/CMSSW_9_4_14
DEBUG 2019-05-13 19:26:37,063: 	 Making tarball in /afs/cern.ch/work/s/schhibra/DarkPhotonSearch_v2/CMSSW_9_4_14/src/ScoutingAnalysis/TreeMaker/crab/ZdScoutingM40_L1_12_5_L1_15_7_Official_AccXEff/crab_20190513_192631/inputs/c69b6aa5-27dd-4f4a-a8a6-e6478e6de3a1default.tgz
DEBUG 2019-05-13 19:26:37,067: 	 Checking directory /afs/cern.ch/work/s/schhibra/DarkPhotonSearch_v2/CMSSW_9_4_14/lib
DEBUG 2019-05-13 19:26:37,067: 	 Adding directory /afs/cern.ch/work/s/schhibra/DarkPhotonSearch_v2/CMSSW_9_4_14/lib to tarball
DEBUG 2019-05-13 19:26:37,076: 	 Checking directory /afs/cern.ch/work/s/schhibra/DarkPhotonSearch_v2/CMSSW_9_4_14/biglib
DEBUG 2019-05-13 19:26:37,076: 	 Adding directory /afs/cern.ch/work/s/schhibra/DarkPhotonSearch_v2/CMSSW_9_4_14/biglib to tarball
DEBUG 2019-05-13 19:26:37,077: 	 Checking directory /afs/cern.ch/work/s/schhibra/DarkPhotonSearch_v2/CMSSW_9_4_14/module
DEBUG 2019-05-13 19:26:37,078: 	 Adding data directory /afs/cern.ch/work/s/schhibra/DarkPhotonSearch_v2/CMSSW_9_4_14/src/ScoutingAnalysis/TreeMaker/data to tarball
DEBUG 2019-05-13 19:26:37,262: 	 Adding data directory /afs/cern.ch/work/s/schhibra/DarkPhotonSearch_v2/CMSSW_9_4_14/src/ScoutingAnalysis/TreeMaker/interface to tarball
DEBUG 2019-05-13 19:26:37,284: 	 Adding file ../Rochester.tar.gz to tarball
DEBUG 2019-05-13 19:26:37,629: 	 Uploading archive /afs/cern.ch/work/s/schhibra/DarkPhotonSearch_v2/CMSSW_9_4_14/src/ScoutingAnalysis/TreeMaker/crab/ZdScoutingM40_L1_12_5_L1_15_7_Official_AccXEff/crab_20190513_192631/inputs/c69b6aa5-27dd-4f4a-a8a6-e6478e6de3a1default.tgz (1.383789.1 MB) to the CRAB cache. Using URI https://cmsweb.cern.ch/crabcache
DEBUG 2019-05-13 19:26:38,786: 	 Loading required information from the environment
DEBUG 2019-05-13 19:26:38,786: 	 Found CMSSW_9_4_14 for slc6_amd64_gcc630 with base /afs/cern.ch/work/s/schhibra/DarkPhotonSearch_v2/CMSSW_9_4_14
DEBUG 2019-05-13 19:26:38,786: 	 Making tarball in /afs/cern.ch/work/s/schhibra/DarkPhotonSearch_v2/CMSSW_9_4_14/src/ScoutingAnalysis/TreeMaker/crab/ZdScoutingM40_L1_12_5_L1_15_7_Official_AccXEff/crab_20190513_192631/inputs/debugFiles.tgz
DEBUG 2019-05-13 19:26:38,792: 	 Uploading archive /afs/cern.ch/work/s/schhibra/DarkPhotonSearch_v2/CMSSW_9_4_14/src/ScoutingAnalysis/TreeMaker/crab/ZdScoutingM40_L1_12_5_L1_15_7_Official_AccXEff/crab_20190513_192631/inputs/debugFiles.tgz (2 KB) to the CRAB cache. Using URI https://cmsweb.cern.ch/crabcache
DEBUG 2019-05-13 19:26:38,919: 	 Result uploading input files: a91432ba4693afbbde9dbfbf3a45ce6415c548894da6deac0dabcf6ac4d297eb.tar.gz 
INFO 2019-05-13 19:26:38,920: 	 Sending the request to the server
DEBUG 2019-05-13 19:26:38,920: 	 Submitting {'maxjobruntime': 1250, 'extrajdl': [], 'lfn': '/store/group/phys_exotica/darkPhoton/schhibra/ScoutingNTuples2017', 'savelogsflag': 0, 'useparent': 0, 'scriptexe': 'exec.sh', 'asyncdest': 'T2_CH_CERN', 'algoargs': 10000, 'cachefilename': 'a91432ba4693afbbde9dbfbf3a45ce6415c548894da6deac0dabcf6ac4d297eb.tar.gz', 'numcores': 1, 'addoutputfiles': [], 'generator': 'pythia', 'maxmemory': 2000, 'publishdbsurl': 'https://cmsweb.cern.ch/dbs/prod/phys03/DBSWriter', 'priority': 10, 'jobsw': 'CMSSW_9_4_14', 'edmoutfiles': [], 'userfiles': [], 'primarydataset': '', 'inputdata': '/DarkPhotonToMuMu_M40_madgraph_pythia8_TuneCP5/RunIIFall17DRPremix-PU2017_94X_mc2017_realistic_v11-v1/AODSIM', 'ignorelocality': 0, 'dryrun': 0, 'workflow': 'crab_20190513_192631', 'cacheurl': u'https://cmsweb.cern.ch/crabcache', 'nonprodsw': 0, 'tfileoutfiles': ['tree_scout.root'], 'oneEventMode': 0, 'debugfilename': 'ace603d17f820e4835aabb3551cc9a0942115e380319e5b44f75cfafacab1c3c.tar.gz', 'saveoutput': 1, 'publication': 0, 'jobarch': 'slc6_amd64_gcc630', 'totalunits': 0, 'splitalgo': 'EventAwareLumiBased', 'ignoreglobalblacklist': 0, 'nonvaliddata': 0, 'dbsurl': 'https://cmsweb.cern.ch/dbs/prod/global/DBSReader', 'publishgroupname': 0, 'jobtype': 'Analysis', 'publishname2': ''} 
DEBUG 2019-05-13 19:26:38,920: 	 Encoded submit request: maxjobruntime=1250&lfn=%2Fstore%2Fgroup%2Fphys_exotica%2FdarkPhoton%2Fschhibra%2FScoutingNTuples2017&savelogsflag=0&useparent=0&scriptexe=exec.sh&asyncdest=T2_CH_CERN&algoargs=10000&cachefilename=a91432ba4693afbbde9dbfbf3a45ce6415c548894da6deac0dabcf6ac4d297eb.tar.gz&numcores=1&generator=pythia&maxmemory=2000&publishdbsurl=https%3A%2F%2Fcmsweb.cern.ch%2Fdbs%2Fprod%2Fphys03%2FDBSWriter&priority=10&jobsw=CMSSW_9_4_14&primarydataset=&inputdata=%2FDarkPhotonToMuMu_M40_madgraph_pythia8_TuneCP5%2FRunIIFall17DRPremix-PU2017_94X_mc2017_realistic_v11-v1%2FAODSIM&ignorelocality=0&dryrun=0&workflow=crab_20190513_192631&cacheurl=https%3A%2F%2Fcmsweb.cern.ch%2Fcrabcache&nonprodsw=0&oneEventMode=0&debugfilename=ace603d17f820e4835aabb3551cc9a0942115e380319e5b44f75cfafacab1c3c.tar.gz&saveoutput=1&publication=0&jobarch=slc6_amd64_gcc630&totalunits=0&splitalgo=EventAwareLumiBased&ignoreglobalblacklist=0&nonvaliddata=0&dbsurl=https%3A%2F%2Fcmsweb.cern.ch%2Fdbs%2Fprod%2Fglobal%2FDBSReader&publishgroupname=0&jobtype=Analysis&publishname2=&tfileoutfiles=tree_scout.root
DEBUG 2019-05-13 19:26:39,437: 	 Result: {u'result': [{u'RequestName': u'190513_172639:schhibra_crab_20190513_192631'}]}
INFO 2019-05-13 19:26:39,440: 	 Success: Your task has been delivered to the CRAB3 server.
INFO 2019-05-13 19:26:39,440: 	 Task name: 190513_172639:schhibra_crab_20190513_192631
INFO 2019-05-13 19:26:39,440: 	 Project dir: ./crab_20190513_192631
INFO 2019-05-13 19:26:39,440: 	 Please use 'crab status -d ./crab_20190513_192631' to check how the submission process proceeds.
DEBUG 2019-05-13 19:26:39,440: 	 About to return
INFO 2019-05-13 19:26:39,443: 	 Log file is /afs/cern.ch/work/s/schhibra/DarkPhotonSearch_v2/CMSSW_9_4_14/src/ScoutingAnalysis/TreeMaker/crab/ZdScoutingM40_L1_12_5_L1_15_7_Official_AccXEff/crab_20190513_192631/crab.log
DEBUG 2019-05-17 19:16:34,085: 	 Executing command: 'status'
DEBUG 2019-05-17 19:16:34,085: 	 Found CRAB cache file /afs/cern.ch/user/s/schhibra/.crab3
DEBUG 2019-05-17 19:16:34,129: 	 Checking credentials
DEBUG 2019-05-17 19:16:34,129: 	 Found proxy file /tmp/x509up_u59012
DEBUG 2019-05-17 19:16:34,129: 	 Getting proxy life time left
DEBUG 2019-05-17 19:16:35,143: 	 Executing : 
 command : voms-proxy-info -file /tmp/x509up_u59012 -timeleft
 output : 584112

 error: 
 retcode : 0
DEBUG 2019-05-17 19:16:36,157: 	 Executing : 
 command : voms-proxy-info -file /tmp/x509up_u59012 -actimeleft
 output : 584110

 error: 
 retcode : 0
DEBUG 2019-05-17 19:16:36,157: 	 Proxy lifetime 584112 secs is different from voms extension lifetime 584110 secs for proxy: /tmp/x509up_u59012
DEBUG 2019-05-17 19:16:36,157: 	 Proxy valid for 162:15:10 hours
DEBUG 2019-05-17 19:16:36,283: 	 Executing : 
 command : openssl x509 -in ~/.globus/usercert.pem -subject -noout
 output : subject= /DC=ch/DC=cern/OU=Organic Units/OU=Users/CN=schhibra/CN=715612/CN=Simranjit Singh Chhibra

 error: 
 retcode : 0
DEBUG 2019-05-17 19:16:36,283: 	 Checking credentials
DEBUG 2019-05-17 19:16:36,284: 	 Found proxy file /tmp/x509up_u59012
DEBUG 2019-05-17 19:16:36,284: 	 Getting proxy life time left
DEBUG 2019-05-17 19:16:37,201: 	 Executing : 
 command : voms-proxy-info -file /tmp/x509up_u59012 -timeleft
 output : 584110

 error: 
 retcode : 0
DEBUG 2019-05-17 19:16:38,113: 	 Executing : 
 command : voms-proxy-info -file /tmp/x509up_u59012 -actimeleft
 output : 584108

 error: 
 retcode : 0
DEBUG 2019-05-17 19:16:38,114: 	 Proxy lifetime 584110 secs is different from voms extension lifetime 584108 secs for proxy: /tmp/x509up_u59012
DEBUG 2019-05-17 19:16:38,114: 	 Proxy valid for 162:15:08 hours
DEBUG 2019-05-17 19:16:39,704: 	 Registering user credentials for server /DC=ch/DC=cern/OU=computers/CN=vocms(052|058|030|0118|0105|0109).cern.ch|/DC=ch/DC=cern/OU=computers/CN=crab-(preprod|prod)-tw(02|01).cern.ch
DEBUG 2019-05-17 19:16:39,824: 	 Executing : 
 command : openssl x509 -in ~/.globus/usercert.pem -subject -noout
 output : subject= /DC=ch/DC=cern/OU=Organic Units/OU=Users/CN=schhibra/CN=715612/CN=Simranjit Singh Chhibra

 error: 
 retcode : 0
DEBUG 2019-05-17 19:16:39,824: 	 Getting myproxy life time left for myproxy.cern.ch
DEBUG 2019-05-17 19:16:39,825: 	 Calculating hash of /DC=ch/DC=cern/OU=Organic Units/OU=Users/CN=schhibra/CN=715612/CN=Simranjit Singh Chhibra_cmsweb.cern.ch for credential name
DEBUG 2019-05-17 19:16:40,034: 	 Executing : 
 command : myproxy-info -l 3841cd59f3d3480019d577f9a3ad69704f35aad0 -s myproxy.cern.ch
 output : username: 3841cd59f3d3480019d577f9a3ad69704f35aad0
owner: /DC=ch/DC=cern/OU=Organic Units/OU=Users/CN=schhibra/CN=715612/CN=Simranjit Singh Chhibra
  renewal policy: /DC=ch/DC=cern/OU=computers/CN=vocms(052|058|030|0118|0105|0109).cern.ch|/DC=ch/DC=cern/OU=computers/CN=crab-(preprod|prod)-tw(02|01).cern.ch
  trusted retrieval policy: /DC=ch/DC=cern/OU=computers/CN=vocms(052|058|030|0118|0105|0109).cern.ch|/DC=ch/DC=cern/OU=computers/CN=crab-(preprod|prod)-tw(02|01).cern.ch
  timeleft: 701:51:39  (29.2 days)

 error: 
 retcode : 0
DEBUG 2019-05-17 19:16:40,035: 	 Myproxy is valid: 2526699
DEBUG 2019-05-17 19:16:40,036: 	 Command use: status
DEBUG 2019-05-17 19:16:40,037: 	 Options use: ['ZdScoutingM40_L1_12_5_L1_15_7_Official_AccXEff/crab_20190513_192631/']
DEBUG 2019-05-17 19:16:44,723: 	 CRABClient version: 3.3.1904
DEBUG 2019-05-17 19:16:44,723: 	 Instance is prod
DEBUG 2019-05-17 19:16:44,723: 	 Server base url is cmsweb.cern.ch
DEBUG 2019-05-17 19:16:44,723: 	 Command url /crabserver/prod/workflow
DEBUG 2019-05-17 19:16:44,891: 	 Got information from server oracle database: {u'result': [u'190513_172639:schhibra_crab_20190513_192631', u'None', u'None', u'SUBMITTED', u'SUBMIT', u'2019-05-13 17:26:39.407937', u'None', u'2019-05-13 17:27:01.794919', u'None', u'CMSSW_9_4_14', u'slc6_amd64_gcc630', u'/DarkPhotonToMuMu_M40_madgraph_pythia8_TuneCP5/RunIIFall17DRPremix-PU2017_94X_mc2017_realistic_v11-v1/AODSIM', u'F', u'0', u'[]', u'[]', u'EventAwareLumiBased', u"{'splitOnRun': False, 'events_per_job': 10000, 'halt_job_on_file_boundaries': False, 'runs': [], 'lumis': []}", u'a91432ba4693afbbde9dbfbf3a45ce6415c548894da6deac0dabcf6ac4d297eb.tar.gz', u'https://cmsweb.cern.ch/crabcache', u'schhibra', u'/DC=ch/DC=cern/OU=Organic Units/OU=Users/CN=schhibra/CN=715612/CN=Simranjit Singh Chhibra', u'cms', u'None', u'None', u'crab_20190513_192631-00000000000000000000000000000000', u'F', u'T2_CH_CERN', u'https://cmsweb.cern.ch/dbs/prod/global/DBSReader', u'https://cmsweb.cern.ch/dbs/prod/phys03/DBSWriter', u'F', u'[]', u"['tree_scout.root']", u'[]', u'Analysis', u'pythia', u'None', u'{}', u'[]', u'F', u'crab-prod-tw01', u'[]', u'1250', u'1', u'2000', u'10', u'None', u'[]', u'http://vocms0194.cern.ch/mon/cms175/190513_172639:schhibra_crab_20190513_192631', u'exec.sh', u'[]', u'[]', u'https://cmsweb.cern.ch/crabserver/prod', u'cmsgwms-collector-global.cern.ch:9620,cmssrv221.fnal.gov:9620', u'crab3@vocms0194.cern.ch', u'F', u'[]', u'T', u'/store/group/phys_exotica/darkPhoton/schhibra/ScoutingNTuples2017', u'F', u'None', u'F', u'None', u'DarkPhotonToMuMu_M40_madgraph_pythia8_TuneCP5', u'None', u'ace603d17f820e4835aabb3551cc9a0942115e380319e5b44f75cfafacab1c3c.tar.gz', u'37882296', u'filetransfers', u'F', u'188.184.104.130', u'0.0', u'None'], u'desc': {u'columns': [u'tm_taskname', u'tm_activity', u'panda_jobset_id', u'tm_task_status', u'tm_task_command', u'tm_start_time', u'tm_start_injection', u'tm_end_injection', u'tm_task_failure', u'tm_job_sw', u'tm_job_arch', u'tm_input_dataset', u'tm_nonvalid_input_dataset', u'tm_use_parent', u'tm_site_whitelist', u'tm_site_blacklist', u'tm_split_algo', u'tm_split_args', u'tm_user_sandbox', u'tm_cache_url', u'tm_username', u'tm_user_dn', u'tm_user_vo', u'tm_user_role', u'tm_user_group', u'tm_publish_name', u'tm_publish_groupname', u'tm_asyncdest', u'tm_dbs_url', u'tm_publish_dbs_url', u'tm_publication', u'tm_outfiles', u'tm_tfile_outfiles', u'tm_edm_outfiles', u'tm_job_type', u'tm_generator', u'tm_events_per_lumi', u'tm_arguments', u'panda_resubmitted_jobs', u'tm_save_logs', u'tw_name', u'tm_user_infiles', u'tm_maxjobruntime', u'tm_numcores', u'tm_maxmemory', u'tm_priority', u'tm_output_dataset', u'tm_task_warnings', u'tm_user_webdir', u'tm_scriptexe', u'tm_scriptargs', u'tm_extrajdl', u'tm_asourl', u'tm_collector', u'tm_schedd', u'tm_dry_run', u'tm_user_files', u'tm_transfer_outputs', u'tm_output_lfn', u'tm_ignore_locality', u'tm_fail_limit', u'tm_one_event_mode', u'tm_secondary_input_dataset', u'tm_primary_dataset', u'tm_last_publication', u'tm_debug_files', u'clusterid', u'tm_asodb', u'tm_ignore_global_blacklist', u'tm_submitter_ip_addr', u'tm_totalunits', u'tm_ddm_reqid']}}
INFO 2019-05-17 19:16:44,892: 	 CRAB project directory:		/afs/cern.ch/work/s/schhibra/DarkPhotonSearch_v2/CMSSW_9_4_14/src/ScoutingAnalysis/TreeMaker/crab/ZdScoutingM40_L1_12_5_L1_15_7_Official_AccXEff/crab_20190513_192631
INFO 2019-05-17 19:16:44,892: 	 Task name:			190513_172639:schhibra_crab_20190513_192631
INFO 2019-05-17 19:16:44,892: 	 Grid scheduler - Task Worker:	crab3@vocms0194.cern.ch - crab-prod-tw01
INFO 2019-05-17 19:16:44,892: 	 Status on the CRAB server:	SUBMITTED
INFO 2019-05-17 19:16:44,892: 	 Task URL to use for HELP:	https://cmsweb.cern.ch/crabserver/ui/task/190513_172639%3Aschhibra_crab_20190513_192631
INFO 2019-05-17 19:16:44,892: 	 Dashboard monitoring URL:	http://dashb-cms-job.cern.ch/dashboard/templates/task-analysis/#user=schhibra&refresh=0&table=Jobs&p=1&records=25&activemenu=2&status=&site=&tid=190513_172639%3Aschhibra_crab_20190513_192631
INFO 2019-05-17 19:16:44,893: 	 New dashboard monitoring URL:	https://monit-grafana.cern.ch/d/cmsTMDetail/cms-task-monitoring-task-view?orgId=11&var-user=schhibra&var-task=190513_172639%3Aschhibra_crab_20190513_192631
INFO 2019-05-17 19:16:44,893: 	 In case of issues with the new dashboard, please provide feedback to hn-cms-computing-tools@cern.ch
DEBUG 2019-05-17 19:16:44,893: 	 The CRAB server submitted your task to the Grid scheduler (cluster ID: 37882296)
DEBUG 2019-05-17 19:16:44,893: 	 Webdir is located at http://vocms0194.cern.ch/mon/cms175/190513_172639:schhibra_crab_20190513_192631
DEBUG 2019-05-17 19:16:45,004: 	 Proxied webdir is located at https://cmsweb.cern.ch/scheddmon/0194/cms175/190513_172639:schhibra_crab_20190513_192631
DEBUG 2019-05-17 19:16:45,004: 	 Retrieving 'status_cache' file from https://cmsweb.cern.ch/scheddmon/0194/cms175/190513_172639:schhibra_crab_20190513_192631/status_cache
DEBUG 2019-05-17 19:16:45,325: 	 Got information from status cache file: {'1': {'Retries': 0, 'WallDurations': [8.0, 565.0], 'StartTimes': [1557772973.0], 'SubmitTimes': [1557768438.0], 'JobIds': ['37882331.0'], 'EndTimes': [1557773538.0], 'Restarts': 0, 'RecordedSite': True, 'State': 'finished', 'ResidentSetSize': [628564], 'TotalUserCpuTimeHistory': [116], 'SiteHistory': ['Unknown', 'T2_FI_HIP'], 'TotalSysCpuTimeHistory': [3]}, '3': {'Retries': 0, 'WallDurations': [9.0, 633.0], 'StartTimes': [1557772953.0], 'SubmitTimes': [1557768437.0], 'JobIds': ['37882322.0'], 'EndTimes': [1557773586.0], 'Restarts': 0, 'RecordedSite': True, 'State': 'finished', 'ResidentSetSize': [622284], 'TotalUserCpuTimeHistory': [119], 'SiteHistory': ['Unknown', 'T2_FI_HIP'], 'TotalSysCpuTimeHistory': [4]}, '2': {'Retries': 0, 'WallDurations': [9.0, 584.0], 'StartTimes': [1557772957.0], 'SubmitTimes': [1557768438.0], 'JobIds': ['37882328.0'], 'EndTimes': [1557773541.0], 'Restarts': 0, 'RecordedSite': True, 'State': 'finished', 'ResidentSetSize': [699608], 'TotalUserCpuTimeHistory': [115], 'SiteHistory': ['Unknown', 'T2_FI_HIP'], 'TotalSysCpuTimeHistory': [3]}, '5': {'Retries': 0, 'WallDurations': [8.0, 607.0], 'StartTimes': [1557772945.0], 'SubmitTimes': [1557768436.0], 'JobIds': ['37882319.0'], 'EndTimes': [1557773552.0], 'Restarts': 0, 'RecordedSite': True, 'State': 'finished', 'ResidentSetSize': [627656], 'TotalUserCpuTimeHistory': [118], 'SiteHistory': ['Unknown', 'T2_FI_HIP'], 'TotalSysCpuTimeHistory': [3]}, '4': {'Retries': 0, 'WallDurations': [9.0, 639.0], 'StartTimes': [1557772958.0], 'SubmitTimes': [1557768438.0], 'JobIds': ['37882325.0'], 'EndTimes': [1557773597.0], 'Restarts': 0, 'RecordedSite': True, 'State': 'finished', 'ResidentSetSize': [692288], 'TotalUserCpuTimeHistory': [123], 'SiteHistory': ['Unknown', 'T2_FI_HIP'], 'TotalSysCpuTimeHistory': [4]}}
INFO 2019-05-17 19:16:45,325: 	 Status on the scheduler:	COMPLETED
INFO 2019-05-17 19:16:45,325: 	 
Jobs status:                    finished     		100.0% (5/5)
INFO 2019-05-17 19:16:45,325: 	 
No publication information (publication has been disabled in the CRAB configuration file)
INFO 2019-05-17 19:16:45,326: 	 
Warning: the max jobs runtime is less than 30% of the task requested value (1250 min), please consider to request a lower value for failed jobs (allowed through crab resubmit) and/or improve the jobs splitting (e.g. config.Data.splitting = 'Automatic') in a new task.
INFO 2019-05-17 19:16:45,326: 	 
Warning: the average jobs CPU efficiency is less than 50%, please consider to improve the jobs splitting (e.g. config.Data.splitting = 'Automatic') in a new task
INFO 2019-05-17 19:16:45,326: 	 
Summary of run jobs:
 * Memory: 612MB min, 683MB max, 639MB ave
 * Runtime: 0:09:25 min, 0:10:39 max, 0:10:05 ave
 * CPU eff: 19% min, 21% max, 20% ave
 * Waste: 0:00:43 (1% of total)

INFO 2019-05-17 19:16:45,387: 	 Log file is /afs/cern.ch/work/s/schhibra/DarkPhotonSearch_v2/CMSSW_9_4_14/src/ScoutingAnalysis/TreeMaker/crab/ZdScoutingM40_L1_12_5_L1_15_7_Official_AccXEff/crab_20190513_192631/crab.log
