DEBUG 2019-05-13 19:27:31,015: 	 Executing command: 'submit'
DEBUG 2019-05-13 19:27:31,015: 	 Found CRAB cache file /afs/cern.ch/user/s/schhibra/.crab3
DEBUG 2019-05-13 19:27:31,025: 	 Checking credentials
DEBUG 2019-05-13 19:27:31,025: 	 Found proxy file /tmp/x509up_u59012
DEBUG 2019-05-13 19:27:31,025: 	 Getting proxy life time left
DEBUG 2019-05-13 19:27:31,832: 	 Executing : 
 command : voms-proxy-info -file /tmp/x509up_u59012 -timeleft
 output : 603294

 error: 
 retcode : 0
DEBUG 2019-05-13 19:27:32,646: 	 Executing : 
 command : voms-proxy-info -file /tmp/x509up_u59012 -actimeleft
 output : 603293

 error: 
 retcode : 0
DEBUG 2019-05-13 19:27:32,647: 	 Proxy lifetime 603294 secs is different from voms extension lifetime 603293 secs for proxy: /tmp/x509up_u59012
DEBUG 2019-05-13 19:27:32,647: 	 Proxy valid for 167:34:53 hours
INFO 2019-05-13 19:27:32,647: 	 Will use CRAB configuration file crabConfig.py
DEBUG 2019-05-13 19:27:32,647: 	 Loading CRAB configuration file.
DEBUG 2019-05-13 19:27:32,675: 	 Will use CRAB Analysis plugin (i.e. will run an analysis job type).
DEBUG 2019-05-13 19:27:32,798: 	 Executing : 
 command : openssl x509 -in ~/.globus/usercert.pem -subject -noout
 output : subject= /DC=ch/DC=cern/OU=Organic Units/OU=Users/CN=schhibra/CN=715612/CN=Simranjit Singh Chhibra

 error: 
 retcode : 0
DEBUG 2019-05-13 19:27:32,799: 	 Checking credentials
DEBUG 2019-05-13 19:27:32,799: 	 Found proxy file /tmp/x509up_u59012
DEBUG 2019-05-13 19:27:32,799: 	 Getting proxy life time left
DEBUG 2019-05-13 19:27:33,625: 	 Executing : 
 command : voms-proxy-info -file /tmp/x509up_u59012 -timeleft
 output : 603292

 error: 
 retcode : 0
DEBUG 2019-05-13 19:27:34,434: 	 Executing : 
 command : voms-proxy-info -file /tmp/x509up_u59012 -actimeleft
 output : 603291

 error: 
 retcode : 0
DEBUG 2019-05-13 19:27:34,435: 	 Proxy lifetime 603292 secs is different from voms extension lifetime 603291 secs for proxy: /tmp/x509up_u59012
DEBUG 2019-05-13 19:27:34,435: 	 Proxy valid for 167:34:51 hours
DEBUG 2019-05-13 19:27:35,243: 	 Executing : 
 command : env X509_USER_PROXY=/tmp/x509up_u59012 voms-proxy-info -fqan
 output : /cms/Role=NULL/Capability=NULL

 error: 
 retcode : 0
DEBUG 2019-05-13 19:27:35,381: 	 Registering user credentials for server /DC=ch/DC=cern/OU=computers/CN=vocms(052|058|030|0118|0105|0109).cern.ch|/DC=ch/DC=cern/OU=computers/CN=crab-(preprod|prod)-tw(02|01).cern.ch
DEBUG 2019-05-13 19:27:35,501: 	 Executing : 
 command : openssl x509 -in ~/.globus/usercert.pem -subject -noout
 output : subject= /DC=ch/DC=cern/OU=Organic Units/OU=Users/CN=schhibra/CN=715612/CN=Simranjit Singh Chhibra

 error: 
 retcode : 0
DEBUG 2019-05-13 19:27:35,501: 	 Getting myproxy life time left for myproxy.cern.ch
DEBUG 2019-05-13 19:27:35,501: 	 Calculating hash of /DC=ch/DC=cern/OU=Organic Units/OU=Users/CN=schhibra/CN=715612/CN=Simranjit Singh Chhibra_cmsweb.cern.ch for credential name
DEBUG 2019-05-13 19:27:36,108: 	 Executing : 
 command : myproxy-info -l 3841cd59f3d3480019d577f9a3ad69704f35aad0 -s myproxy.cern.ch
 output : username: 3841cd59f3d3480019d577f9a3ad69704f35aad0
owner: /DC=ch/DC=cern/OU=Organic Units/OU=Users/CN=schhibra/CN=715612/CN=Simranjit Singh Chhibra
  renewal policy: /DC=ch/DC=cern/OU=computers/CN=vocms(052|058|030|0118|0105|0109).cern.ch|/DC=ch/DC=cern/OU=computers/CN=crab-(preprod|prod)-tw(02|01).cern.ch
  trusted retrieval policy: /DC=ch/DC=cern/OU=computers/CN=vocms(052|058|030|0118|0105|0109).cern.ch|/DC=ch/DC=cern/OU=computers/CN=crab-(preprod|prod)-tw(02|01).cern.ch
  timeleft: 430:56:47  (18.0 days)

 error: 
 retcode : 0
DEBUG 2019-05-13 19:27:36,110: 	 Myproxy is valid: 1551407
DEBUG 2019-05-13 19:27:36,110: 	 Command use: submit
DEBUG 2019-05-13 19:27:36,110: 	 Options use: []
DEBUG 2019-05-13 19:27:36,244: 	 CRABClient version: 3.3.1904
DEBUG 2019-05-13 19:27:36,244: 	 Instance is prod
DEBUG 2019-05-13 19:27:36,244: 	 Server base url is cmsweb.cern.ch
DEBUG 2019-05-13 19:27:36,244: 	 Command url /crabserver/prod/workflow
DEBUG 2019-05-13 19:27:36,244: 	 Started submission
DEBUG 2019-05-13 19:27:36,244: 	 Working on /afs/cern.ch/work/s/schhibra/DarkPhotonSearch_v2/CMSSW_9_4_14/src/ScoutingAnalysis/TreeMaker/crab/DYJetsToLL_M-10to50_ext1_L1_12_5_L1_15_7/crab_20190513_192732
DEBUG 2019-05-13 19:27:36,406: 	 Loading required information from the environment
DEBUG 2019-05-13 19:27:36,406: 	 Found CMSSW_9_4_14 for slc6_amd64_gcc630 with base /afs/cern.ch/work/s/schhibra/DarkPhotonSearch_v2/CMSSW_9_4_14
DEBUG 2019-05-13 19:27:36,406: 	 Loading required information from the environment
DEBUG 2019-05-13 19:27:36,406: 	 Found CMSSW_9_4_14 for slc6_amd64_gcc630 with base /afs/cern.ch/work/s/schhibra/DarkPhotonSearch_v2/CMSSW_9_4_14
DEBUG 2019-05-13 19:27:36,422: 	 UNIQUE NAME: tarUUID e603ec5d-db3b-47ca-b5f8-cec04309f5ec 
DEBUG 2019-05-13 19:27:36,423: 	 self.config: from WMCore.Configuration import Configuration
config = Configuration()
config.section_('General')
config.section_('JobType')
config.JobType.psetName = '../../test/tree_scout_cfg.py'
config.JobType.pluginName = 'Analysis'
config.JobType.inputFiles = ['../Rochester.tar.gz']
config.JobType.pyCfgParams = ['isMC=True', 'useLHEWeights=True', 'applyHLTFilter=True', 'applyDimuonFilter=True', 'GlobalTag=94X_mc2017_realistic_v11', 'roccorData=Rochester/RoccoR2017.txt']
config.JobType.scriptExe = '../exec.sh'
config.section_('Data')
config.Data.inputDataset = '/DYJetsToLL_M-10to50_TuneCP5_13TeV-madgraphMLM-pythia8/RunIIFall17DRPremix-PU2017_94X_mc2017_realistic_v11_ext1-v2/AODSIM'
config.Data.unitsPerJob = 50000
config.Data.publication = False
config.Data.splitting = 'EventAwareLumiBased'
config.Data.outLFNDirBase = '/store/group/phys_exotica/darkPhoton/schhibra/ScoutingNTuples2017'
config.section_('Site')
config.Site.storageSite = 'T2_CH_CERN'
config.section_('User')
config.section_('Debug')

DEBUG 2019-05-13 19:27:36,423: 	 self.config.JobType.psetName: ../../test/tree_scout_cfg.py
INFO 2019-05-13 19:27:36,423: 	 Importing CMSSW configuration ../../test/tree_scout_cfg.py
DEBUG 2019-05-13 19:27:36,423: 	 Additional parameters for the CMSSW configuration are: ['isMC=True', 'useLHEWeights=True', 'applyHLTFilter=True', 'applyDimuonFilter=True', 'GlobalTag=94X_mc2017_realistic_v11', 'roccorData=Rochester/RoccoR2017.txt']
INFO 2019-05-13 19:27:38,047: 	 Finished importing CMSSW configuration ../../test/tree_scout_cfg.py
DEBUG 2019-05-13 19:27:38,047: 	 Writing CMSSW configuration to /afs/cern.ch/work/s/schhibra/DarkPhotonSearch_v2/CMSSW_9_4_14/src/ScoutingAnalysis/TreeMaker/crab/DYJetsToLL_M-10to50_ext1_L1_12_5_L1_15_7/crab_20190513_192732/inputs/PSet.py
DEBUG 2019-05-13 19:27:38,481: 	 The following EDM output files will be collected: []
DEBUG 2019-05-13 19:27:38,481: 	 The following TFile output files will be collected: ['tree_scout.root']
DEBUG 2019-05-13 19:27:38,481: 	 The following user output files will be collected: []
DEBUG 2019-05-13 19:27:38,482: 	 Loading required information from the environment
DEBUG 2019-05-13 19:27:38,482: 	 Found CMSSW_9_4_14 for slc6_amd64_gcc630 with base /afs/cern.ch/work/s/schhibra/DarkPhotonSearch_v2/CMSSW_9_4_14
DEBUG 2019-05-13 19:27:38,482: 	 Making tarball in /afs/cern.ch/work/s/schhibra/DarkPhotonSearch_v2/CMSSW_9_4_14/src/ScoutingAnalysis/TreeMaker/crab/DYJetsToLL_M-10to50_ext1_L1_12_5_L1_15_7/crab_20190513_192732/inputs/e603ec5d-db3b-47ca-b5f8-cec04309f5ecdefault.tgz
DEBUG 2019-05-13 19:27:38,486: 	 Checking directory /afs/cern.ch/work/s/schhibra/DarkPhotonSearch_v2/CMSSW_9_4_14/lib
DEBUG 2019-05-13 19:27:38,486: 	 Adding directory /afs/cern.ch/work/s/schhibra/DarkPhotonSearch_v2/CMSSW_9_4_14/lib to tarball
DEBUG 2019-05-13 19:27:38,495: 	 Checking directory /afs/cern.ch/work/s/schhibra/DarkPhotonSearch_v2/CMSSW_9_4_14/biglib
DEBUG 2019-05-13 19:27:38,495: 	 Adding directory /afs/cern.ch/work/s/schhibra/DarkPhotonSearch_v2/CMSSW_9_4_14/biglib to tarball
DEBUG 2019-05-13 19:27:38,495: 	 Checking directory /afs/cern.ch/work/s/schhibra/DarkPhotonSearch_v2/CMSSW_9_4_14/module
DEBUG 2019-05-13 19:27:38,497: 	 Adding data directory /afs/cern.ch/work/s/schhibra/DarkPhotonSearch_v2/CMSSW_9_4_14/src/ScoutingAnalysis/TreeMaker/data to tarball
DEBUG 2019-05-13 19:27:38,707: 	 Adding data directory /afs/cern.ch/work/s/schhibra/DarkPhotonSearch_v2/CMSSW_9_4_14/src/ScoutingAnalysis/TreeMaker/interface to tarball
DEBUG 2019-05-13 19:27:38,731: 	 Adding file ../Rochester.tar.gz to tarball
DEBUG 2019-05-13 19:27:39,073: 	 Uploading archive /afs/cern.ch/work/s/schhibra/DarkPhotonSearch_v2/CMSSW_9_4_14/src/ScoutingAnalysis/TreeMaker/crab/DYJetsToLL_M-10to50_ext1_L1_12_5_L1_15_7/crab_20190513_192732/inputs/e603ec5d-db3b-47ca-b5f8-cec04309f5ecdefault.tgz (1.383789.1 MB) to the CRAB cache. Using URI https://cmsweb.cern.ch/crabcache
DEBUG 2019-05-13 19:27:40,299: 	 Loading required information from the environment
DEBUG 2019-05-13 19:27:40,299: 	 Found CMSSW_9_4_14 for slc6_amd64_gcc630 with base /afs/cern.ch/work/s/schhibra/DarkPhotonSearch_v2/CMSSW_9_4_14
DEBUG 2019-05-13 19:27:40,299: 	 Making tarball in /afs/cern.ch/work/s/schhibra/DarkPhotonSearch_v2/CMSSW_9_4_14/src/ScoutingAnalysis/TreeMaker/crab/DYJetsToLL_M-10to50_ext1_L1_12_5_L1_15_7/crab_20190513_192732/inputs/debugFiles.tgz
DEBUG 2019-05-13 19:27:40,305: 	 Uploading archive /afs/cern.ch/work/s/schhibra/DarkPhotonSearch_v2/CMSSW_9_4_14/src/ScoutingAnalysis/TreeMaker/crab/DYJetsToLL_M-10to50_ext1_L1_12_5_L1_15_7/crab_20190513_192732/inputs/debugFiles.tgz (2 KB) to the CRAB cache. Using URI https://cmsweb.cern.ch/crabcache
DEBUG 2019-05-13 19:27:40,435: 	 Result uploading input files: 14b99d335bfa033b1471f93e202220e0b75cc2adc604f01f94508707dcfb848b.tar.gz 
INFO 2019-05-13 19:27:40,436: 	 Sending the request to the server
DEBUG 2019-05-13 19:27:40,436: 	 Submitting {'maxjobruntime': 1250, 'extrajdl': [], 'lfn': '/store/group/phys_exotica/darkPhoton/schhibra/ScoutingNTuples2017', 'savelogsflag': 0, 'useparent': 0, 'scriptexe': 'exec.sh', 'asyncdest': 'T2_CH_CERN', 'algoargs': 50000, 'cachefilename': '14b99d335bfa033b1471f93e202220e0b75cc2adc604f01f94508707dcfb848b.tar.gz', 'numcores': 1, 'addoutputfiles': [], 'generator': 'pythia', 'maxmemory': 2000, 'publishdbsurl': 'https://cmsweb.cern.ch/dbs/prod/phys03/DBSWriter', 'priority': 10, 'jobsw': 'CMSSW_9_4_14', 'edmoutfiles': [], 'userfiles': [], 'primarydataset': '', 'inputdata': '/DYJetsToLL_M-10to50_TuneCP5_13TeV-madgraphMLM-pythia8/RunIIFall17DRPremix-PU2017_94X_mc2017_realistic_v11_ext1-v2/AODSIM', 'ignorelocality': 0, 'dryrun': 0, 'workflow': 'crab_20190513_192732', 'cacheurl': u'https://cmsweb.cern.ch/crabcache', 'nonprodsw': 0, 'tfileoutfiles': ['tree_scout.root'], 'oneEventMode': 0, 'debugfilename': '39fd431c299c8e92bdaba33088afa42b726dafd48417f1c76dd7c3cbc968d635.tar.gz', 'saveoutput': 1, 'publication': 0, 'jobarch': 'slc6_amd64_gcc630', 'totalunits': 0, 'splitalgo': 'EventAwareLumiBased', 'ignoreglobalblacklist': 0, 'nonvaliddata': 0, 'dbsurl': 'https://cmsweb.cern.ch/dbs/prod/global/DBSReader', 'publishgroupname': 0, 'jobtype': 'Analysis', 'publishname2': ''} 
DEBUG 2019-05-13 19:27:40,436: 	 Encoded submit request: maxjobruntime=1250&lfn=%2Fstore%2Fgroup%2Fphys_exotica%2FdarkPhoton%2Fschhibra%2FScoutingNTuples2017&savelogsflag=0&useparent=0&scriptexe=exec.sh&asyncdest=T2_CH_CERN&algoargs=50000&cachefilename=14b99d335bfa033b1471f93e202220e0b75cc2adc604f01f94508707dcfb848b.tar.gz&numcores=1&generator=pythia&maxmemory=2000&publishdbsurl=https%3A%2F%2Fcmsweb.cern.ch%2Fdbs%2Fprod%2Fphys03%2FDBSWriter&priority=10&jobsw=CMSSW_9_4_14&primarydataset=&inputdata=%2FDYJetsToLL_M-10to50_TuneCP5_13TeV-madgraphMLM-pythia8%2FRunIIFall17DRPremix-PU2017_94X_mc2017_realistic_v11_ext1-v2%2FAODSIM&ignorelocality=0&dryrun=0&workflow=crab_20190513_192732&cacheurl=https%3A%2F%2Fcmsweb.cern.ch%2Fcrabcache&nonprodsw=0&oneEventMode=0&debugfilename=39fd431c299c8e92bdaba33088afa42b726dafd48417f1c76dd7c3cbc968d635.tar.gz&saveoutput=1&publication=0&jobarch=slc6_amd64_gcc630&totalunits=0&splitalgo=EventAwareLumiBased&ignoreglobalblacklist=0&nonvaliddata=0&dbsurl=https%3A%2F%2Fcmsweb.cern.ch%2Fdbs%2Fprod%2Fglobal%2FDBSReader&publishgroupname=0&jobtype=Analysis&publishname2=&tfileoutfiles=tree_scout.root
DEBUG 2019-05-13 19:27:40,676: 	 Result: {u'result': [{u'RequestName': u'190513_172740:schhibra_crab_20190513_192732'}]}
INFO 2019-05-13 19:27:40,679: 	 Success: Your task has been delivered to the CRAB3 server.
INFO 2019-05-13 19:27:40,679: 	 Task name: 190513_172740:schhibra_crab_20190513_192732
INFO 2019-05-13 19:27:40,679: 	 Project dir: ./crab_20190513_192732
INFO 2019-05-13 19:27:40,679: 	 Please use 'crab status -d ./crab_20190513_192732' to check how the submission process proceeds.
DEBUG 2019-05-13 19:27:40,680: 	 About to return
INFO 2019-05-13 19:27:40,683: 	 Log file is /afs/cern.ch/work/s/schhibra/DarkPhotonSearch_v2/CMSSW_9_4_14/src/ScoutingAnalysis/TreeMaker/crab/DYJetsToLL_M-10to50_ext1_L1_12_5_L1_15_7/crab_20190513_192732/crab.log
