000 (1748900.000.000) 08/02 12:43:36 Job submitted from host: <188.185.71.142:9618?addrs=188.185.71.142-9618&noUDP&sock=2885_72d1_3>
...
001 (1748900.000.000) 08/02 12:51:28 Job executing on host: <128.142.240.31:9618?addrs=128.142.240.31-9618+[2001-1458-301-f9--100-1e]-9618&noUDP&sock=16648_b8c4_3>
...
006 (1748900.000.000) 08/02 12:51:36 Image size of job updated: 104800
	57  -  MemoryUsage of job (MB)
	58236  -  ResidentSetSize of job (KB)
...
006 (1748900.000.000) 08/02 12:55:36 Image size of job updated: 217448
	57  -  MemoryUsage of job (MB)
	58300  -  ResidentSetSize of job (KB)
...
005 (1748900.000.000) 08/02 12:55:36 Job terminated.
	(1) Normal termination (return value 0)
		Usr 0 00:01:47, Sys 0 00:01:39  -  Run Remote Usage
		Usr 0 00:00:00, Sys 0 00:00:00  -  Run Local Usage
		Usr 0 00:01:47, Sys 0 00:01:39  -  Total Remote Usage
		Usr 0 00:00:00, Sys 0 00:00:00  -  Total Local Usage
	60  -  Run Bytes Sent By Job
	293  -  Run Bytes Received By Job
	60  -  Total Bytes Sent By Job
	293  -  Total Bytes Received By Job
	Partitionable Resources :    Usage  Request Allocated
	   Cpus                 :                 1          
	   Disk (KB)            :       15        1   1996471
	   Memory (MB)          :       57     2000      2000
...
