000 (1748906.000.000) 08/02 12:43:48 Job submitted from host: <188.185.71.142:9618?addrs=188.185.71.142-9618&noUDP&sock=2885_72d1_3>
...
001 (1748906.000.000) 08/02 12:51:27 Job executing on host: <188.184.132.99:9618?addrs=188.184.132.99-9618+[2001-1458-301-a0--100-64]-9618&noUDP&sock=16477_6e13_3>
...
006 (1748906.000.000) 08/02 12:51:36 Image size of job updated: 132408
	76  -  MemoryUsage of job (MB)
	77740  -  ResidentSetSize of job (KB)
...
006 (1748906.000.000) 08/02 12:56:37 Image size of job updated: 217796
	142  -  MemoryUsage of job (MB)
	145216  -  ResidentSetSize of job (KB)
...
005 (1748906.000.000) 08/02 13:46:26 Job terminated.
	(1) Normal termination (return value 0)
		Usr 0 00:23:24, Sys 0 00:22:16  -  Run Remote Usage
		Usr 0 00:00:00, Sys 0 00:00:00  -  Run Local Usage
		Usr 0 00:23:24, Sys 0 00:22:16  -  Total Remote Usage
		Usr 0 00:00:00, Sys 0 00:00:00  -  Total Local Usage
	60  -  Run Bytes Sent By Job
	293  -  Run Bytes Received By Job
	60  -  Total Bytes Sent By Job
	293  -  Total Bytes Received By Job
	Partitionable Resources :    Usage  Request Allocated
	   Cpus                 :                 1          
	   Disk (KB)            :       15        1   1909786
	   Memory (MB)          :      142     2000      2000
...
