000 (1748913.000.000) 08/02 12:44:02 Job submitted from host: <188.185.71.142:9618?addrs=188.185.71.142-9618&noUDP&sock=2885_72d1_3>
...
001 (1748913.000.000) 08/02 12:50:04 Job executing on host: <188.184.212.125:9618?addrs=188.184.212.125-9618+[2001-1458-301-10c--100-70]-9618&noUDP&sock=20412_833e_3>
...
006 (1748913.000.000) 08/02 12:50:13 Image size of job updated: 157340
	86  -  MemoryUsage of job (MB)
	87304  -  ResidentSetSize of job (KB)
...
006 (1748913.000.000) 08/02 12:55:13 Image size of job updated: 173596
	101  -  MemoryUsage of job (MB)
	102456  -  ResidentSetSize of job (KB)
...
005 (1748913.000.000) 08/02 12:57:15 Job terminated.
	(1) Normal termination (return value 0)
		Usr 0 00:02:24, Sys 0 00:02:15  -  Run Remote Usage
		Usr 0 00:00:00, Sys 0 00:00:00  -  Run Local Usage
		Usr 0 00:02:24, Sys 0 00:02:15  -  Total Remote Usage
		Usr 0 00:00:00, Sys 0 00:00:00  -  Total Local Usage
	779  -  Run Bytes Sent By Job
	293  -  Run Bytes Received By Job
	779  -  Total Bytes Sent By Job
	293  -  Total Bytes Received By Job
	Partitionable Resources :    Usage  Request Allocated
	   Cpus                 :                 1          
	   Disk (KB)            :       16        1   3000028
	   Memory (MB)          :      101     2000      2000
...
