000 (1748888.000.000) 08/02 12:43:11 Job submitted from host: <188.185.71.142:9618?addrs=188.185.71.142-9618&noUDP&sock=2885_72d1_3>
...
001 (1748888.000.000) 08/02 12:50:12 Job executing on host: <188.184.190.81:9618?addrs=188.184.190.81-9618+[2001-1458-301-4b--100-44]-9618&noUDP&sock=5588_7b4f_3>
...
006 (1748888.000.000) 08/02 12:50:21 Image size of job updated: 157596
	86  -  MemoryUsage of job (MB)
	87136  -  ResidentSetSize of job (KB)
...
006 (1748888.000.000) 08/02 12:55:22 Image size of job updated: 216956
	141  -  MemoryUsage of job (MB)
	144376  -  ResidentSetSize of job (KB)
...
006 (1748888.000.000) 08/02 13:00:22 Image size of job updated: 217452
	142  -  MemoryUsage of job (MB)
	144872  -  ResidentSetSize of job (KB)
...
005 (1748888.000.000) 08/02 13:17:20 Job terminated.
	(1) Normal termination (return value 0)
		Usr 0 00:10:38, Sys 0 00:10:30  -  Run Remote Usage
		Usr 0 00:00:00, Sys 0 00:00:00  -  Run Local Usage
		Usr 0 00:10:38, Sys 0 00:10:30  -  Total Remote Usage
		Usr 0 00:00:00, Sys 0 00:00:00  -  Total Local Usage
	60  -  Run Bytes Sent By Job
	293  -  Run Bytes Received By Job
	60  -  Total Bytes Sent By Job
	293  -  Total Bytes Received By Job
	Partitionable Resources :    Usage  Request Allocated
	   Cpus                 :                 1          
	   Disk (KB)            :       15        1   2744729
	   Memory (MB)          :      142     2000      2000
...
