000 (1748887.000.000) 08/02 12:43:09 Job submitted from host: <188.185.71.142:9618?addrs=188.185.71.142-9618&noUDP&sock=2885_72d1_3>
...
001 (1748887.000.000) 08/02 12:49:58 Job executing on host: <188.184.210.89:9618?addrs=188.184.210.89-9618+[2001-1458-301-10b--100-68]-9618&noUDP&sock=20243_97bd_3>
...
006 (1748887.000.000) 08/02 12:50:07 Image size of job updated: 173316
	99  -  MemoryUsage of job (MB)
	100792  -  ResidentSetSize of job (KB)
...
006 (1748887.000.000) 08/02 12:55:09 Image size of job updated: 217380
	142  -  MemoryUsage of job (MB)
	144796  -  ResidentSetSize of job (KB)
...
005 (1748887.000.000) 08/02 13:15:55 Job terminated.
	(1) Normal termination (return value 0)
		Usr 0 00:11:30, Sys 0 00:11:32  -  Run Remote Usage
		Usr 0 00:00:00, Sys 0 00:00:00  -  Run Local Usage
		Usr 0 00:11:30, Sys 0 00:11:32  -  Total Remote Usage
		Usr 0 00:00:00, Sys 0 00:00:00  -  Total Local Usage
	60  -  Run Bytes Sent By Job
	293  -  Run Bytes Received By Job
	60  -  Total Bytes Sent By Job
	293  -  Total Bytes Received By Job
	Partitionable Resources :    Usage  Request Allocated
	   Cpus                 :                 1          
	   Disk (KB)            :       16        1   3024535
	   Memory (MB)          :      142     2000      2000
...
