000 (1748904.000.000) 08/02 12:43:45 Job submitted from host: <188.185.71.142:9618?addrs=188.185.71.142-9618&noUDP&sock=2885_72d1_3>
...
001 (1748904.000.000) 08/02 12:50:01 Job executing on host: <188.184.190.41:9618?addrs=188.184.190.41-9618+[2001-1458-301-4b--100-1e]-9618&noUDP&sock=5600_b672_3>
...
006 (1748904.000.000) 08/02 12:50:09 Image size of job updated: 115052
	64  -  MemoryUsage of job (MB)
	64712  -  ResidentSetSize of job (KB)
...
006 (1748904.000.000) 08/02 12:53:11 Image size of job updated: 215500
	64  -  MemoryUsage of job (MB)
	64972  -  ResidentSetSize of job (KB)
...
005 (1748904.000.000) 08/02 12:53:11 Job terminated.
	(1) Normal termination (return value 0)
		Usr 0 00:01:16, Sys 0 00:01:12  -  Run Remote Usage
		Usr 0 00:00:00, Sys 0 00:00:00  -  Run Local Usage
		Usr 0 00:01:16, Sys 0 00:01:12  -  Total Remote Usage
		Usr 0 00:00:00, Sys 0 00:00:00  -  Total Local Usage
	60  -  Run Bytes Sent By Job
	293  -  Run Bytes Received By Job
	60  -  Total Bytes Sent By Job
	293  -  Total Bytes Received By Job
	Partitionable Resources :    Usage  Request Allocated
	   Cpus                 :                 1          
	   Disk (KB)            :       15        1   2718751
	   Memory (MB)          :       64     2000      2000
...
