000 (1748922.000.000) 08/02 12:44:19 Job submitted from host: <188.185.71.142:9618?addrs=188.185.71.142-9618&noUDP&sock=2885_72d1_3>
...
001 (1748922.000.000) 08/02 12:50:04 Job executing on host: <188.184.212.72:9618?addrs=188.184.212.72-9618+[2001-1458-301-10c--100-3c]-9618&noUDP&sock=20262_a00a_3>
...
006 (1748922.000.000) 08/02 12:50:13 Image size of job updated: 158224
	86  -  MemoryUsage of job (MB)
	87280  -  ResidentSetSize of job (KB)
...
006 (1748922.000.000) 08/02 12:53:43 Image size of job updated: 217920
	86  -  MemoryUsage of job (MB)
	87280  -  ResidentSetSize of job (KB)
...
005 (1748922.000.000) 08/02 12:53:43 Job terminated.
	(1) Normal termination (return value 0)
		Usr 0 00:01:33, Sys 0 00:01:30  -  Run Remote Usage
		Usr 0 00:00:00, Sys 0 00:00:00  -  Run Local Usage
		Usr 0 00:01:33, Sys 0 00:01:30  -  Total Remote Usage
		Usr 0 00:00:00, Sys 0 00:00:00  -  Total Local Usage
	60  -  Run Bytes Sent By Job
	293  -  Run Bytes Received By Job
	60  -  Total Bytes Sent By Job
	293  -  Total Bytes Received By Job
	Partitionable Resources :    Usage  Request Allocated
	   Cpus                 :                 1          
	   Disk (KB)            :       15        1   2991798
	   Memory (MB)          :       86     2000      2000
...
