000 (1748926.000.000) 08/02 12:44:27 Job submitted from host: <188.185.71.142:9618?addrs=188.185.71.142-9618&noUDP&sock=2885_72d1_3>
...
001 (1748926.000.000) 08/02 12:51:30 Job executing on host: <188.184.204.98:9618?addrs=188.184.204.98-9618+[2001-1458-301-7d--100-52]-9618&noUDP&sock=19465_f30e_3>
...
006 (1748926.000.000) 08/02 12:51:38 Image size of job updated: 32828
	22  -  MemoryUsage of job (MB)
	21988  -  ResidentSetSize of job (KB)
...
006 (1748926.000.000) 08/02 12:56:38 Image size of job updated: 216060
	143  -  MemoryUsage of job (MB)
	145412  -  ResidentSetSize of job (KB)
...
005 (1748926.000.000) 08/02 12:58:59 Job terminated.
	(1) Normal termination (return value 0)
		Usr 0 00:03:05, Sys 0 00:02:49  -  Run Remote Usage
		Usr 0 00:00:00, Sys 0 00:00:00  -  Run Local Usage
		Usr 0 00:03:05, Sys 0 00:02:49  -  Total Remote Usage
		Usr 0 00:00:00, Sys 0 00:00:00  -  Total Local Usage
	60  -  Run Bytes Sent By Job
	293  -  Run Bytes Received By Job
	60  -  Total Bytes Sent By Job
	293  -  Total Bytes Received By Job
	Partitionable Resources :    Usage  Request Allocated
	   Cpus                 :                 1          
	   Disk (KB)            :       16        1   1888148
	   Memory (MB)          :      143     2000      2000
...
