000 (1748914.000.000) 08/02 12:44:04 Job submitted from host: <188.185.71.142:9618?addrs=188.185.71.142-9618&noUDP&sock=2885_72d1_3>
...
001 (1748914.000.000) 08/02 12:50:03 Job executing on host: <188.184.213.83:9618?addrs=188.184.213.83-9618+[2001-1458-301-10c--100-149]-9618&noUDP&sock=20235_1afb_3>
...
006 (1748914.000.000) 08/02 12:50:12 Image size of job updated: 172052
	99  -  MemoryUsage of job (MB)
	101128  -  ResidentSetSize of job (KB)
...
006 (1748914.000.000) 08/02 12:55:13 Image size of job updated: 216168
	142  -  MemoryUsage of job (MB)
	145344  -  ResidentSetSize of job (KB)
...
006 (1748914.000.000) 08/02 13:00:14 Image size of job updated: 216236
	142  -  MemoryUsage of job (MB)
	145344  -  ResidentSetSize of job (KB)
...
005 (1748914.000.000) 08/02 13:37:18 Job terminated.
	(1) Normal termination (return value 0)
		Usr 0 00:21:13, Sys 0 00:19:26  -  Run Remote Usage
		Usr 0 00:00:00, Sys 0 00:00:00  -  Run Local Usage
		Usr 0 00:21:13, Sys 0 00:19:26  -  Total Remote Usage
		Usr 0 00:00:00, Sys 0 00:00:00  -  Total Local Usage
	59  -  Run Bytes Sent By Job
	292  -  Run Bytes Received By Job
	59  -  Total Bytes Sent By Job
	292  -  Total Bytes Received By Job
	Partitionable Resources :    Usage  Request Allocated
	   Cpus                 :                 1          
	   Disk (KB)            :       16        1   3027016
	   Memory (MB)          :      142     2000      2000
...
