000 (1748925.000.000) 08/02 12:44:25 Job submitted from host: <188.185.71.142:9618?addrs=188.185.71.142-9618&noUDP&sock=2885_72d1_3>
...
001 (1748925.000.000) 08/02 12:50:07 Job executing on host: <188.184.138.70:9618?addrs=188.184.138.70-9618+[2001-1458-301-45--100-38]-9618&noUDP&sock=5573_3164_3>
...
006 (1748925.000.000) 08/02 12:50:15 Image size of job updated: 217740
	142  -  MemoryUsage of job (MB)
	145220  -  ResidentSetSize of job (KB)
...
006 (1748925.000.000) 08/02 12:54:03 Image size of job updated: 575932
	142  -  MemoryUsage of job (MB)
	145220  -  ResidentSetSize of job (KB)
...
005 (1748925.000.000) 08/02 12:54:03 Job terminated.
	(1) Normal termination (return value 1)
		Usr 0 00:01:05, Sys 0 00:01:01  -  Run Remote Usage
		Usr 0 00:00:00, Sys 0 00:00:00  -  Run Local Usage
		Usr 0 00:01:05, Sys 0 00:01:01  -  Total Remote Usage
		Usr 0 00:00:00, Sys 0 00:00:00  -  Total Local Usage
	13060  -  Run Bytes Sent By Job
	293  -  Run Bytes Received By Job
	13060  -  Total Bytes Sent By Job
	293  -  Total Bytes Received By Job
	Partitionable Resources :    Usage  Request Allocated
	   Cpus                 :                 1          
	   Disk (KB)            :       28        1   2932787
	   Memory (MB)          :      142     2000      2000
...
