000 (1750165.000.000) 08/02 15:40:35 Job submitted from host: <188.185.71.142:9618?addrs=188.185.71.142-9618&noUDP&sock=2885_72d1_3>
...
001 (1750165.000.000) 08/02 16:20:41 Job executing on host: <188.185.222.226:9618?addrs=188.185.222.226-9618+[2001-1459-301-71--100-5c]-9618&noUDP&sock=16487_4a05_3>
...
006 (1750165.000.000) 08/02 16:20:50 Image size of job updated: 1336
	2  -  MemoryUsage of job (MB)
	1336  -  ResidentSetSize of job (KB)
...
006 (1750165.000.000) 08/02 16:25:51 Image size of job updated: 147004
	142  -  MemoryUsage of job (MB)
	145224  -  ResidentSetSize of job (KB)
...
005 (1750165.000.000) 08/02 16:30:46 Job terminated.
	(1) Normal termination (return value 0)
		Usr 0 00:02:10, Sys 0 00:02:02  -  Run Remote Usage
		Usr 0 00:00:00, Sys 0 00:00:00  -  Run Local Usage
		Usr 0 00:02:10, Sys 0 00:02:02  -  Total Remote Usage
		Usr 0 00:00:00, Sys 0 00:00:00  -  Total Local Usage
	676  -  Run Bytes Sent By Job
	293  -  Run Bytes Received By Job
	676  -  Total Bytes Sent By Job
	293  -  Total Bytes Received By Job
	Partitionable Resources :    Usage  Request Allocated
	   Cpus                 :                 1          
	   Disk (KB)            :       16        1   1835896
	   Memory (MB)          :      142     2000      2000
...
