000 (1748929.000.000) 08/02 12:44:34 Job submitted from host: <188.185.71.142:9618?addrs=188.185.71.142-9618&noUDP&sock=2885_72d1_3>
...
001 (1748929.000.000) 08/02 12:51:30 Job executing on host: <128.142.133.149:9618?addrs=128.142.133.149-9618+[--1]-9618&noUDP&sock=4681_5ae9_3>
...
006 (1748929.000.000) 08/02 12:51:38 Image size of job updated: 63416
	37  -  MemoryUsage of job (MB)
	37124  -  ResidentSetSize of job (KB)
...
006 (1748929.000.000) 08/02 12:56:38 Image size of job updated: 175964
	101  -  MemoryUsage of job (MB)
	103332  -  ResidentSetSize of job (KB)
...
006 (1748929.000.000) 08/02 12:57:36 Image size of job updated: 218108
	101  -  MemoryUsage of job (MB)
	103332  -  ResidentSetSize of job (KB)
...
005 (1748929.000.000) 08/02 12:57:36 Job terminated.
	(1) Normal termination (return value 0)
		Usr 0 00:02:41, Sys 0 00:02:26  -  Run Remote Usage
		Usr 0 00:00:00, Sys 0 00:00:00  -  Run Local Usage
		Usr 0 00:02:41, Sys 0 00:02:26  -  Total Remote Usage
		Usr 0 00:00:00, Sys 0 00:00:00  -  Total Local Usage
	60  -  Run Bytes Sent By Job
	293  -  Run Bytes Received By Job
	60  -  Total Bytes Sent By Job
	293  -  Total Bytes Received By Job
	Partitionable Resources :    Usage  Request Allocated
	   Cpus                 :                 1          
	   Disk (KB)            :       15        1   1781807
	   Memory (MB)          :      101     2000      2000
...
