000 (1748932.000.000) 08/02 12:44:42 Job submitted from host: <188.185.71.142:9618?addrs=188.185.71.142-9618&noUDP&sock=2885_72d1_3>
...
001 (1748932.000.000) 08/02 12:51:54 Job executing on host: <188.184.207.89:9618?addrs=188.184.207.89-9618+[2001-1458-301-7d--100-158]-9618&noUDP&sock=19499_4547_3>
...
006 (1748932.000.000) 08/02 12:52:02 Image size of job updated: 34424
	22  -  MemoryUsage of job (MB)
	22092  -  ResidentSetSize of job (KB)
...
006 (1748932.000.000) 08/02 12:57:02 Image size of job updated: 216824
	141  -  MemoryUsage of job (MB)
	144244  -  ResidentSetSize of job (KB)
...
005 (1748932.000.000) 08/02 12:57:59 Job terminated.
	(1) Normal termination (return value 0)
		Usr 0 00:02:43, Sys 0 00:02:32  -  Run Remote Usage
		Usr 0 00:00:00, Sys 0 00:00:00  -  Run Local Usage
		Usr 0 00:02:43, Sys 0 00:02:32  -  Total Remote Usage
		Usr 0 00:00:00, Sys 0 00:00:00  -  Total Local Usage
	60  -  Run Bytes Sent By Job
	293  -  Run Bytes Received By Job
	60  -  Total Bytes Sent By Job
	293  -  Total Bytes Received By Job
	Partitionable Resources :    Usage  Request Allocated
	   Cpus                 :                 1          
	   Disk (KB)            :       16        1   1965089
	   Memory (MB)          :      141     2000      2000
...
