000 (1750166.000.000) 08/02 15:40:37 Job submitted from host: <188.185.71.142:9618?addrs=188.185.71.142-9618&noUDP&sock=2885_72d1_3>
...
001 (1750166.000.000) 08/02 16:27:06 Job executing on host: <188.185.255.16:9618?addrs=188.185.255.16-9618+[2001-1459-301-92--100-a]-9618&noUDP&sock=17249_f530_3>
...
006 (1750166.000.000) 08/02 16:27:14 Image size of job updated: 63284
	28  -  MemoryUsage of job (MB)
	28244  -  ResidentSetSize of job (KB)
...
006 (1750166.000.000) 08/02 16:32:14 Image size of job updated: 216484
	143  -  MemoryUsage of job (MB)
	145420  -  ResidentSetSize of job (KB)
...
005 (1750166.000.000) 08/02 16:38:56 Job terminated.
	(1) Normal termination (return value 0)
		Usr 0 00:03:14, Sys 0 00:01:51  -  Run Remote Usage
		Usr 0 00:00:00, Sys 0 00:00:00  -  Run Local Usage
		Usr 0 00:03:14, Sys 0 00:01:51  -  Total Remote Usage
		Usr 0 00:00:00, Sys 0 00:00:00  -  Total Local Usage
	676  -  Run Bytes Sent By Job
	293  -  Run Bytes Received By Job
	676  -  Total Bytes Sent By Job
	293  -  Total Bytes Received By Job
	Partitionable Resources :    Usage  Request Allocated
	   Cpus                 :                 1          
	   Disk (KB)            :       16        1   3945805
	   Memory (MB)          :      143     2000      2000
...
