000 (1748885.000.000) 08/02 12:43:05 Job submitted from host: <188.185.71.142:9618?addrs=188.185.71.142-9618&noUDP&sock=2885_72d1_3>
...
001 (1748885.000.000) 08/02 12:50:11 Job executing on host: <188.184.211.27:9618?addrs=188.184.211.27-9618+[2001-1458-301-10b--100-109]-9618&noUDP&sock=5700_4deb_3>
...
006 (1748885.000.000) 08/02 12:50:20 Image size of job updated: 158084
	86  -  MemoryUsage of job (MB)
	87148  -  ResidentSetSize of job (KB)
...
006 (1748885.000.000) 08/02 12:55:21 Image size of job updated: 217420
	142  -  MemoryUsage of job (MB)
	144844  -  ResidentSetSize of job (KB)
...
006 (1748885.000.000) 08/02 13:15:22 Image size of job updated: 217644
	142  -  MemoryUsage of job (MB)
	145068  -  ResidentSetSize of job (KB)
...
005 (1748885.000.000) 08/02 13:34:25 Job terminated.
	(1) Normal termination (return value 0)
		Usr 0 00:19:15, Sys 0 00:18:56  -  Run Remote Usage
		Usr 0 00:00:00, Sys 0 00:00:00  -  Run Local Usage
		Usr 0 00:19:15, Sys 0 00:18:56  -  Total Remote Usage
		Usr 0 00:00:00, Sys 0 00:00:00  -  Total Local Usage
	60  -  Run Bytes Sent By Job
	293  -  Run Bytes Received By Job
	60  -  Total Bytes Sent By Job
	293  -  Total Bytes Received By Job
	Partitionable Resources :    Usage  Request Allocated
	   Cpus                 :                 1          
	   Disk (KB)            :       16        1   2955349
	   Memory (MB)          :      142     2000      2000
...
