000 (1748910.000.000) 08/02 12:43:56 Job submitted from host: <188.185.71.142:9618?addrs=188.185.71.142-9618&noUDP&sock=2885_72d1_3>
...
001 (1748910.000.000) 08/02 12:50:01 Job executing on host: <188.184.213.200:9618?addrs=188.184.213.200-9618+[2001-1458-301-10c--100-1c6]-9618&noUDP&sock=20368_5514_3>
...
006 (1748910.000.000) 08/02 12:50:10 Image size of job updated: 172708
	98  -  MemoryUsage of job (MB)
	100188  -  ResidentSetSize of job (KB)
...
006 (1748910.000.000) 08/02 12:53:18 Image size of job updated: 219460
	98  -  MemoryUsage of job (MB)
	100188  -  ResidentSetSize of job (KB)
...
005 (1748910.000.000) 08/02 12:53:19 Job terminated.
	(1) Normal termination (return value 0)
		Usr 0 00:01:28, Sys 0 00:01:26  -  Run Remote Usage
		Usr 0 00:00:00, Sys 0 00:00:00  -  Run Local Usage
		Usr 0 00:01:28, Sys 0 00:01:26  -  Total Remote Usage
		Usr 0 00:00:00, Sys 0 00:00:00  -  Total Local Usage
	60  -  Run Bytes Sent By Job
	293  -  Run Bytes Received By Job
	60  -  Total Bytes Sent By Job
	293  -  Total Bytes Received By Job
	Partitionable Resources :    Usage  Request Allocated
	   Cpus                 :                 1          
	   Disk (KB)            :       16        1   3101328
	   Memory (MB)          :       98     2000      2000
...
