000 (1748909.000.000) 08/02 12:43:54 Job submitted from host: <188.185.71.142:9618?addrs=188.185.71.142-9618&noUDP&sock=2885_72d1_3>
...
001 (1748909.000.000) 08/02 12:50:01 Job executing on host: <188.184.254.23:9618?addrs=188.184.254.23-9618+[2001-1458-301-8--100-2a]-9618&noUDP&sock=5697_3f22_3>
...
006 (1748909.000.000) 08/02 12:50:09 Image size of job updated: 301220
	99  -  MemoryUsage of job (MB)
	100880  -  ResidentSetSize of job (KB)
...
005 (1748909.000.000) 08/02 12:54:07 Job terminated.
	(1) Normal termination (return value 0)
		Usr 0 00:01:22, Sys 0 00:01:22  -  Run Remote Usage
		Usr 0 00:00:00, Sys 0 00:00:00  -  Run Local Usage
		Usr 0 00:01:22, Sys 0 00:01:22  -  Total Remote Usage
		Usr 0 00:00:00, Sys 0 00:00:00  -  Total Local Usage
	504  -  Run Bytes Sent By Job
	293  -  Run Bytes Received By Job
	504  -  Total Bytes Sent By Job
	293  -  Total Bytes Received By Job
	Partitionable Resources :    Usage  Request Allocated
	   Cpus                 :                 1          
	   Disk (KB)            :       16        1   2928177
	   Memory (MB)          :       99     2000      2000
...
