000 (1748928.000.000) 08/02 12:44:31 Job submitted from host: <188.185.71.142:9618?addrs=188.185.71.142-9618&noUDP&sock=2885_72d1_3>
...
001 (1748928.000.000) 08/02 12:52:02 Job executing on host: <188.185.254.170:9618?addrs=188.185.254.170-9618+[2001-1459-301-91--100-a4]-9618&noUDP&sock=17152_6c80_3>
...
006 (1748928.000.000) 08/02 12:52:11 Image size of job updated: 9676
	10  -  MemoryUsage of job (MB)
	9676  -  ResidentSetSize of job (KB)
...
006 (1748928.000.000) 08/02 12:57:13 Image size of job updated: 218000
	142  -  MemoryUsage of job (MB)
	145380  -  ResidentSetSize of job (KB)
...
006 (1748928.000.000) 08/02 13:02:13 Image size of job updated: 220012
	144  -  MemoryUsage of job (MB)
	147392  -  ResidentSetSize of job (KB)
...
006 (1748928.000.000) 08/02 13:04:52 Image size of job updated: 220048
	144  -  MemoryUsage of job (MB)
	147392  -  ResidentSetSize of job (KB)
...
005 (1748928.000.000) 08/02 13:04:53 Job terminated.
	(1) Normal termination (return value 0)
		Usr 0 00:03:03, Sys 0 00:01:45  -  Run Remote Usage
		Usr 0 00:00:00, Sys 0 00:00:00  -  Run Local Usage
		Usr 0 00:03:03, Sys 0 00:01:45  -  Total Remote Usage
		Usr 0 00:00:00, Sys 0 00:00:00  -  Total Local Usage
	257  -  Run Bytes Sent By Job
	293  -  Run Bytes Received By Job
	257  -  Total Bytes Sent By Job
	293  -  Total Bytes Received By Job
	Partitionable Resources :    Usage  Request Allocated
	   Cpus                 :                 1          
	   Disk (KB)            :       16        1   3494041
	   Memory (MB)          :      144     2000      2000
...
