000 (1748915.000.000) 08/02 12:44:06 Job submitted from host: <188.185.71.142:9618?addrs=188.185.71.142-9618&noUDP&sock=2885_72d1_3>
...
001 (1748915.000.000) 08/02 12:50:03 Job executing on host: <188.184.138.210:9618?addrs=188.184.138.210-9618+[2001-1458-301-45--100-af]-9618&noUDP&sock=5710_29dd_3>
...
006 (1748915.000.000) 08/02 12:50:12 Image size of job updated: 173272
	99  -  MemoryUsage of job (MB)
	100724  -  ResidentSetSize of job (KB)
...
006 (1748915.000.000) 08/02 12:55:13 Image size of job updated: 173376
	99  -  MemoryUsage of job (MB)
	100768  -  ResidentSetSize of job (KB)
...
006 (1748915.000.000) 08/02 13:00:13 Image size of job updated: 217540
	142  -  MemoryUsage of job (MB)
	144932  -  ResidentSetSize of job (KB)
...
006 (1748915.000.000) 08/02 13:05:13 Image size of job updated: 217984
	142  -  MemoryUsage of job (MB)
	145376  -  ResidentSetSize of job (KB)
...
005 (1748915.000.000) 08/02 13:39:10 Job terminated.
	(1) Normal termination (return value 0)
		Usr 0 00:20:05, Sys 0 00:18:34  -  Run Remote Usage
		Usr 0 00:00:00, Sys 0 00:00:00  -  Run Local Usage
		Usr 0 00:20:05, Sys 0 00:18:34  -  Total Remote Usage
		Usr 0 00:00:00, Sys 0 00:00:00  -  Total Local Usage
	60  -  Run Bytes Sent By Job
	293  -  Run Bytes Received By Job
	60  -  Total Bytes Sent By Job
	293  -  Total Bytes Received By Job
	Partitionable Resources :    Usage  Request Allocated
	   Cpus                 :                 1          
	   Disk (KB)            :       16        1   3106775
	   Memory (MB)          :      142     2000      2000
...
