000 (1748917.000.000) 08/02 12:44:10 Job submitted from host: <188.185.71.142:9618?addrs=188.185.71.142-9618&noUDP&sock=2885_72d1_3>
...
001 (1748917.000.000) 08/02 12:50:03 Job executing on host: <188.184.139.44:9618?addrs=188.184.139.44-9618+[--1]-9618&noUDP&sock=5676_d7a5_3>
...
006 (1748917.000.000) 08/02 12:50:12 Image size of job updated: 173204
	99  -  MemoryUsage of job (MB)
	100688  -  ResidentSetSize of job (KB)
...
006 (1748917.000.000) 08/02 12:55:13 Image size of job updated: 216136
	141  -  MemoryUsage of job (MB)
	143560  -  ResidentSetSize of job (KB)
...
006 (1748917.000.000) 08/02 13:00:13 Image size of job updated: 216472
	141  -  MemoryUsage of job (MB)
	143896  -  ResidentSetSize of job (KB)
...
006 (1748917.000.000) 08/02 13:05:13 Image size of job updated: 216672
	141  -  MemoryUsage of job (MB)
	144096  -  ResidentSetSize of job (KB)
...
005 (1748917.000.000) 08/02 13:12:06 Job terminated.
	(1) Normal termination (return value 0)
		Usr 0 00:09:28, Sys 0 00:09:07  -  Run Remote Usage
		Usr 0 00:00:00, Sys 0 00:00:00  -  Run Local Usage
		Usr 0 00:09:28, Sys 0 00:09:07  -  Total Remote Usage
		Usr 0 00:00:00, Sys 0 00:00:00  -  Total Local Usage
	60  -  Run Bytes Sent By Job
	293  -  Run Bytes Received By Job
	60  -  Total Bytes Sent By Job
	293  -  Total Bytes Received By Job
	Partitionable Resources :    Usage  Request Allocated
	   Cpus                 :                 1          
	   Disk (KB)            :       15        1   2478697
	   Memory (MB)          :      141     2000      2000
...
