000 (1748923.000.000) 08/02 12:44:21 Job submitted from host: <188.185.71.142:9618?addrs=188.185.71.142-9618&noUDP&sock=2885_72d1_3>
...
001 (1748923.000.000) 08/02 12:50:04 Job executing on host: <188.184.197.219:9618?addrs=188.184.197.219-9618+[2001-1458-301-103--100-c4]-9618&noUDP&sock=20238_29c4_3>
...
006 (1748923.000.000) 08/02 12:50:12 Image size of job updated: 135924
	78  -  MemoryUsage of job (MB)
	79452  -  ResidentSetSize of job (KB)
...
006 (1748923.000.000) 08/02 12:55:03 Image size of job updated: 217484
	78  -  MemoryUsage of job (MB)
	79580  -  ResidentSetSize of job (KB)
...
005 (1748923.000.000) 08/02 12:55:04 Job terminated.
	(1) Normal termination (return value 0)
		Usr 0 00:02:14, Sys 0 00:01:58  -  Run Remote Usage
		Usr 0 00:00:00, Sys 0 00:00:00  -  Run Local Usage
		Usr 0 00:02:14, Sys 0 00:01:58  -  Total Remote Usage
		Usr 0 00:00:00, Sys 0 00:00:00  -  Total Local Usage
	60  -  Run Bytes Sent By Job
	293  -  Run Bytes Received By Job
	60  -  Total Bytes Sent By Job
	293  -  Total Bytes Received By Job
	Partitionable Resources :    Usage  Request Allocated
	   Cpus                 :                 1          
	   Disk (KB)            :       16        1   2960433
	   Memory (MB)          :       78     2000      2000
...
