000 (1748902.000.000) 08/02 12:43:40 Job submitted from host: <188.185.71.142:9618?addrs=188.185.71.142-9618&noUDP&sock=2885_72d1_3>
...
001 (1748902.000.000) 08/02 12:49:58 Job executing on host: <188.184.138.44:9618?addrs=188.184.138.44-9618+[2001-1458-301-45--100-2c]-9618&noUDP&sock=5608_3334_3>
...
006 (1748902.000.000) 08/02 12:50:07 Image size of job updated: 207572
	132  -  MemoryUsage of job (MB)
	135052  -  ResidentSetSize of job (KB)
...
006 (1748902.000.000) 08/02 12:52:26 Image size of job updated: 217144
	133  -  MemoryUsage of job (MB)
	136164  -  ResidentSetSize of job (KB)
...
005 (1748902.000.000) 08/02 12:52:26 Job terminated.
	(1) Normal termination (return value 0)
		Usr 0 00:01:03, Sys 0 00:01:05  -  Run Remote Usage
		Usr 0 00:00:00, Sys 0 00:00:00  -  Run Local Usage
		Usr 0 00:01:03, Sys 0 00:01:05  -  Total Remote Usage
		Usr 0 00:00:00, Sys 0 00:00:00  -  Total Local Usage
	60  -  Run Bytes Sent By Job
	293  -  Run Bytes Received By Job
	60  -  Total Bytes Sent By Job
	293  -  Total Bytes Received By Job
	Partitionable Resources :    Usage  Request Allocated
	   Cpus                 :                 1          
	   Disk (KB)            :       15        1   2968481
	   Memory (MB)          :      133     2000      2000
...
