000 (1748896.000.000) 08/02 12:43:27 Job submitted from host: <188.185.71.142:9618?addrs=188.185.71.142-9618&noUDP&sock=2885_72d1_3>
...
001 (1748896.000.000) 08/02 12:50:00 Job executing on host: <188.184.196.243:9618?addrs=188.184.196.243-9618+[2001-1458-301-102--100-f7]-9618&noUDP&sock=20280_f8be_3>
...
006 (1748896.000.000) 08/02 12:50:08 Image size of job updated: 160236
	85  -  MemoryUsage of job (MB)
	86996  -  ResidentSetSize of job (KB)
...
006 (1748896.000.000) 08/02 12:55:08 Image size of job updated: 217592
	142  -  MemoryUsage of job (MB)
	145008  -  ResidentSetSize of job (KB)
...
006 (1748896.000.000) 08/02 13:05:10 Image size of job updated: 217592
	142  -  MemoryUsage of job (MB)
	145116  -  ResidentSetSize of job (KB)
...
005 (1748896.000.000) 08/02 13:17:48 Job terminated.
	(1) Normal termination (return value 0)
		Usr 0 00:12:34, Sys 0 00:12:34  -  Run Remote Usage
		Usr 0 00:00:00, Sys 0 00:00:00  -  Run Local Usage
		Usr 0 00:12:34, Sys 0 00:12:34  -  Total Remote Usage
		Usr 0 00:00:00, Sys 0 00:00:00  -  Total Local Usage
	60  -  Run Bytes Sent By Job
	293  -  Run Bytes Received By Job
	60  -  Total Bytes Sent By Job
	293  -  Total Bytes Received By Job
	Partitionable Resources :    Usage  Request Allocated
	   Cpus                 :                 1          
	   Disk (KB)            :       16        1   2978479
	   Memory (MB)          :      142     2000      2000
...
