000 (1748889.000.000) 08/02 12:43:13 Job submitted from host: <188.185.71.142:9618?addrs=188.185.71.142-9618&noUDP&sock=2885_72d1_3>
...
001 (1748889.000.000) 08/02 12:50:02 Job executing on host: <188.184.138.250:9618?addrs=188.184.138.250-9618+[--1]-9618&noUDP&sock=5687_6330_3>
...
006 (1748889.000.000) 08/02 12:50:10 Image size of job updated: 173560
	99  -  MemoryUsage of job (MB)
	101044  -  ResidentSetSize of job (KB)
...
006 (1748889.000.000) 08/02 12:54:32 Image size of job updated: 219660
	99  -  MemoryUsage of job (MB)
	101044  -  ResidentSetSize of job (KB)
...
005 (1748889.000.000) 08/02 12:54:32 Job terminated.
	(1) Normal termination (return value 0)
		Usr 0 00:02:00, Sys 0 00:01:58  -  Run Remote Usage
		Usr 0 00:00:00, Sys 0 00:00:00  -  Run Local Usage
		Usr 0 00:02:00, Sys 0 00:01:58  -  Total Remote Usage
		Usr 0 00:00:00, Sys 0 00:00:00  -  Total Local Usage
	60  -  Run Bytes Sent By Job
	293  -  Run Bytes Received By Job
	60  -  Total Bytes Sent By Job
	293  -  Total Bytes Received By Job
	Partitionable Resources :    Usage  Request Allocated
	   Cpus                 :                 1          
	   Disk (KB)            :       15        1   2944060
	   Memory (MB)          :       99     2000      2000
...
