000 (1748895.000.000) 08/02 12:43:25 Job submitted from host: <188.185.71.142:9618?addrs=188.185.71.142-9618&noUDP&sock=2885_72d1_3>
...
001 (1748895.000.000) 08/02 12:51:27 Job executing on host: <188.184.142.94:9618?addrs=188.184.142.94-9618+[2001-1458-301-46--100-71]-9618&noUDP&sock=4736_149f_3>
...
006 (1748895.000.000) 08/02 12:51:36 Image size of job updated: 173340
	99  -  MemoryUsage of job (MB)
	100816  -  ResidentSetSize of job (KB)
...
006 (1748895.000.000) 08/02 12:54:00 Image size of job updated: 217656
	99  -  MemoryUsage of job (MB)
	100816  -  ResidentSetSize of job (KB)
...
005 (1748895.000.000) 08/02 12:54:00 Job terminated.
	(1) Normal termination (return value 0)
		Usr 0 00:01:22, Sys 0 00:00:50  -  Run Remote Usage
		Usr 0 00:00:00, Sys 0 00:00:00  -  Run Local Usage
		Usr 0 00:01:22, Sys 0 00:00:50  -  Total Remote Usage
		Usr 0 00:00:00, Sys 0 00:00:00  -  Total Local Usage
	59  -  Run Bytes Sent By Job
	292  -  Run Bytes Received By Job
	59  -  Total Bytes Sent By Job
	292  -  Total Bytes Received By Job
	Partitionable Resources :    Usage  Request Allocated
	   Cpus                 :                 1          
	   Disk (KB)            :       16        1   2109833
	   Memory (MB)          :       99     2000      2000
...
