000 (1748905.000.000) 08/02 12:43:47 Job submitted from host: <188.185.71.142:9618?addrs=188.185.71.142-9618&noUDP&sock=2885_72d1_3>
...
001 (1748905.000.000) 08/02 12:50:00 Job executing on host: <188.184.196.245:9618?addrs=188.184.196.245-9618+[2001-1458-301-102--100-fe]-9618&noUDP&sock=20374_72a5_3>
...
006 (1748905.000.000) 08/02 12:50:08 Image size of job updated: 173736
	99  -  MemoryUsage of job (MB)
	101184  -  ResidentSetSize of job (KB)
...
006 (1748905.000.000) 08/02 12:55:08 Image size of job updated: 217840
	142  -  MemoryUsage of job (MB)
	145228  -  ResidentSetSize of job (KB)
...
006 (1748905.000.000) 08/02 13:22:54 Image size of job updated: 223032
	142  -  MemoryUsage of job (MB)
	145228  -  ResidentSetSize of job (KB)
...
005 (1748905.000.000) 08/02 13:22:54 Job terminated.
	(1) Normal termination (return value 0)
		Usr 0 00:14:47, Sys 0 00:14:34  -  Run Remote Usage
		Usr 0 00:00:00, Sys 0 00:00:00  -  Run Local Usage
		Usr 0 00:14:47, Sys 0 00:14:34  -  Total Remote Usage
		Usr 0 00:00:00, Sys 0 00:00:00  -  Total Local Usage
	60  -  Run Bytes Sent By Job
	293  -  Run Bytes Received By Job
	60  -  Total Bytes Sent By Job
	293  -  Total Bytes Received By Job
	Partitionable Resources :    Usage  Request Allocated
	   Cpus                 :                 1          
	   Disk (KB)            :       16        1   2854343
	   Memory (MB)          :      142     2000      2000
...
