000 (1748924.000.000) 08/02 12:44:23 Job submitted from host: <188.185.71.142:9618?addrs=188.185.71.142-9618&noUDP&sock=2885_72d1_3>
...
001 (1748924.000.000) 08/02 12:50:07 Job executing on host: <188.184.138.17:9618?addrs=188.184.138.17-9618+[2001-1458-301-45--100-3d]-9618&noUDP&sock=5611_41fd_3>
...
006 (1748924.000.000) 08/02 12:50:15 Image size of job updated: 79920
	35  -  MemoryUsage of job (MB)
	35680  -  ResidentSetSize of job (KB)
...
006 (1748924.000.000) 08/02 12:55:15 Image size of job updated: 216824
	141  -  MemoryUsage of job (MB)
	144216  -  ResidentSetSize of job (KB)
...
006 (1748924.000.000) 08/02 13:00:16 Image size of job updated: 216836
	141  -  MemoryUsage of job (MB)
	144228  -  ResidentSetSize of job (KB)
...
006 (1748924.000.000) 08/02 13:51:09 Image size of job updated: 581028
	141  -  MemoryUsage of job (MB)
	144228  -  ResidentSetSize of job (KB)
...
005 (1748924.000.000) 08/02 13:51:42 Job terminated.
	(1) Normal termination (return value 0)
		Usr 0 00:25:44, Sys 0 00:23:31  -  Run Remote Usage
		Usr 0 00:00:00, Sys 0 00:00:00  -  Run Local Usage
		Usr 0 00:25:44, Sys 0 00:23:31  -  Total Remote Usage
		Usr 0 00:00:00, Sys 0 00:00:00  -  Total Local Usage
	60  -  Run Bytes Sent By Job
	293  -  Run Bytes Received By Job
	60  -  Total Bytes Sent By Job
	293  -  Total Bytes Received By Job
	Partitionable Resources :    Usage  Request Allocated
	   Cpus                 :                 1          
	   Disk (KB)            :       15        1   2780727
	   Memory (MB)          :      141     2000      2000
...
