000 (1748919.000.000) 08/02 12:44:13 Job submitted from host: <188.185.71.142:9618?addrs=188.185.71.142-9618&noUDP&sock=2885_72d1_3>
...
001 (1748919.000.000) 08/02 12:50:05 Job executing on host: <188.184.213.189:9618?addrs=188.184.213.189-9618+[2001-1458-301-10c--100-1b8]-9618&noUDP&sock=5689_c260_3>
...
006 (1748919.000.000) 08/02 12:50:14 Image size of job updated: 217592
	142  -  MemoryUsage of job (MB)
	145072  -  ResidentSetSize of job (KB)
...
005 (1748919.000.000) 08/02 12:53:15 Job terminated.
	(1) Normal termination (return value 1)
		Usr 0 00:00:53, Sys 0 00:00:51  -  Run Remote Usage
		Usr 0 00:00:00, Sys 0 00:00:00  -  Run Local Usage
		Usr 0 00:00:53, Sys 0 00:00:51  -  Total Remote Usage
		Usr 0 00:00:00, Sys 0 00:00:00  -  Total Local Usage
	10759  -  Run Bytes Sent By Job
	293  -  Run Bytes Received By Job
	10759  -  Total Bytes Sent By Job
	293  -  Total Bytes Received By Job
	Partitionable Resources :    Usage  Request Allocated
	   Cpus                 :                 1          
	   Disk (KB)            :       26        1   2911832
	   Memory (MB)          :      142     2000      2000
...
