000 (1748916.000.000) 08/02 12:44:08 Job submitted from host: <188.185.71.142:9618?addrs=188.185.71.142-9618&noUDP&sock=2885_72d1_3>
...
001 (1748916.000.000) 08/02 12:50:05 Job executing on host: <188.184.212.56:9618?addrs=188.184.212.56-9618+[--1]-9618&noUDP&sock=5723_1498_3>
...
006 (1748916.000.000) 08/02 12:50:14 Image size of job updated: 173276
	99  -  MemoryUsage of job (MB)
	100760  -  ResidentSetSize of job (KB)
...
006 (1748916.000.000) 08/02 12:55:15 Image size of job updated: 216872
	141  -  MemoryUsage of job (MB)
	144296  -  ResidentSetSize of job (KB)
...
006 (1748916.000.000) 08/02 13:00:15 Image size of job updated: 217776
	142  -  MemoryUsage of job (MB)
	145200  -  ResidentSetSize of job (KB)
...
005 (1748916.000.000) 08/02 13:18:41 Job terminated.
	(1) Normal termination (return value 0)
		Usr 0 00:13:23, Sys 0 00:12:30  -  Run Remote Usage
		Usr 0 00:00:00, Sys 0 00:00:00  -  Run Local Usage
		Usr 0 00:13:23, Sys 0 00:12:30  -  Total Remote Usage
		Usr 0 00:00:00, Sys 0 00:00:00  -  Total Local Usage
	60  -  Run Bytes Sent By Job
	293  -  Run Bytes Received By Job
	60  -  Total Bytes Sent By Job
	293  -  Total Bytes Received By Job
	Partitionable Resources :    Usage  Request Allocated
	   Cpus                 :                 1          
	   Disk (KB)            :       15        1   2988683
	   Memory (MB)          :      142     2000      2000
...
