000 (1748921.000.000) 08/02 12:44:17 Job submitted from host: <188.185.71.142:9618?addrs=188.185.71.142-9618&noUDP&sock=2885_72d1_3>
...
001 (1748921.000.000) 08/02 12:50:05 Job executing on host: <188.184.212.27:9618?addrs=188.184.212.27-9618+[2001-1458-301-10c--100-b]-9618&noUDP&sock=5709_7a45_3>
...
006 (1748921.000.000) 08/02 12:50:14 Image size of job updated: 158268
	86  -  MemoryUsage of job (MB)
	87300  -  ResidentSetSize of job (KB)
...
006 (1748921.000.000) 08/02 12:53:21 Image size of job updated: 217876
	86  -  MemoryUsage of job (MB)
	87300  -  ResidentSetSize of job (KB)
...
005 (1748921.000.000) 08/02 12:53:21 Job terminated.
	(1) Normal termination (return value 0)
		Usr 0 00:01:25, Sys 0 00:01:17  -  Run Remote Usage
		Usr 0 00:00:00, Sys 0 00:00:00  -  Run Local Usage
		Usr 0 00:01:25, Sys 0 00:01:17  -  Total Remote Usage
		Usr 0 00:00:00, Sys 0 00:00:00  -  Total Local Usage
	60  -  Run Bytes Sent By Job
	293  -  Run Bytes Received By Job
	60  -  Total Bytes Sent By Job
	293  -  Total Bytes Received By Job
	Partitionable Resources :    Usage  Request Allocated
	   Cpus                 :                 1          
	   Disk (KB)            :       16        1   3140808
	   Memory (MB)          :       86     2000      2000
...
