000 (1748903.000.000) 08/02 12:43:43 Job submitted from host: <188.185.71.142:9618?addrs=188.185.71.142-9618&noUDP&sock=2885_72d1_3>
...
001 (1748903.000.000) 08/02 12:50:01 Job executing on host: <188.184.196.59:9618?addrs=188.184.196.59-9618+[2001-1458-301-102--100-43]-9618&noUDP&sock=20486_4541_3>
...
006 (1748903.000.000) 08/02 12:50:10 Image size of job updated: 67420
	36  -  MemoryUsage of job (MB)
	36832  -  ResidentSetSize of job (KB)
...
006 (1748903.000.000) 08/02 12:53:30 Image size of job updated: 217120
	36  -  MemoryUsage of job (MB)
	36836  -  ResidentSetSize of job (KB)
...
005 (1748903.000.000) 08/02 12:53:30 Job terminated.
	(1) Normal termination (return value 0)
		Usr 0 00:01:16, Sys 0 00:01:13  -  Run Remote Usage
		Usr 0 00:00:00, Sys 0 00:00:00  -  Run Local Usage
		Usr 0 00:01:16, Sys 0 00:01:13  -  Total Remote Usage
		Usr 0 00:00:00, Sys 0 00:00:00  -  Total Local Usage
	60  -  Run Bytes Sent By Job
	293  -  Run Bytes Received By Job
	60  -  Total Bytes Sent By Job
	293  -  Total Bytes Received By Job
	Partitionable Resources :    Usage  Request Allocated
	   Cpus                 :                 1          
	   Disk (KB)            :       16        1   2659047
	   Memory (MB)          :       36     2000      2000
...
