000 (1375195.000.000) 06/06 23:16:09 Job submitted from host: <188.185.71.142:9618?addrs=188.185.71.142-9618&noUDP&sock=4096_1802_3>
...
001 (1375195.000.000) 06/06 23:32:58 Job executing on host: <188.184.211.133:9618?addrs=188.184.211.133-9618+[2001-1458-301-10b--100-183]-9618&noUDP&sock=21950_73e7_3>
...
006 (1375195.000.000) 06/06 23:33:07 Image size of job updated: 211600
	136  -  MemoryUsage of job (MB)
	139080  -  ResidentSetSize of job (KB)
...
006 (1375195.000.000) 06/06 23:34:46 Image size of job updated: 211924
	136  -  MemoryUsage of job (MB)
	139080  -  ResidentSetSize of job (KB)
...
005 (1375195.000.000) 06/06 23:34:46 Job terminated.
	(1) Normal termination (return value 0)
		Usr 0 00:00:48, Sys 0 00:00:45  -  Run Remote Usage
		Usr 0 00:00:00, Sys 0 00:00:00  -  Run Local Usage
		Usr 0 00:00:48, Sys 0 00:00:45  -  Total Remote Usage
		Usr 0 00:00:00, Sys 0 00:00:00  -  Total Local Usage
	59  -  Run Bytes Sent By Job
	292  -  Run Bytes Received By Job
	59  -  Total Bytes Sent By Job
	292  -  Total Bytes Received By Job
	Partitionable Resources :    Usage  Request Allocated
	   Cpus                 :                 1         1
	   Disk (KB)            :       15        1   2981439
	   Memory (MB)          :      136     2000      2000
...
