000 (1375217.000.000) 06/06 23:18:06 Job submitted from host: <188.185.71.142:9618?addrs=188.185.71.142-9618&noUDP&sock=4096_1802_3>
...
001 (1375217.000.000) 06/06 23:33:06 Job executing on host: <128.142.133.105:9618?addrs=128.142.133.105-9618+[2001-1458-301-32--100-56]-9618&noUDP&sock=4764_4945_3>
...
006 (1375217.000.000) 06/06 23:33:14 Image size of job updated: 168124
	94  -  MemoryUsage of job (MB)
	95576  -  ResidentSetSize of job (KB)
...
006 (1375217.000.000) 06/06 23:38:14 Image size of job updated: 210948
	136  -  MemoryUsage of job (MB)
	138340  -  ResidentSetSize of job (KB)
...
006 (1375217.000.000) 06/07 00:01:22 Image size of job updated: 575288
	136  -  MemoryUsage of job (MB)
	138340  -  ResidentSetSize of job (KB)
...
005 (1375217.000.000) 06/07 00:01:22 Job terminated.
	(1) Normal termination (return value 0)
		Usr 0 00:12:20, Sys 0 00:11:32  -  Run Remote Usage
		Usr 0 00:00:00, Sys 0 00:00:00  -  Run Local Usage
		Usr 0 00:12:20, Sys 0 00:11:32  -  Total Remote Usage
		Usr 0 00:00:00, Sys 0 00:00:00  -  Total Local Usage
	60  -  Run Bytes Sent By Job
	293  -  Run Bytes Received By Job
	60  -  Total Bytes Sent By Job
	293  -  Total Bytes Received By Job
	Partitionable Resources :    Usage  Request Allocated
	   Cpus                 :                 1         1
	   Disk (KB)            :       15        1   2030337
	   Memory (MB)          :      136     2000      2000
...
