000 (1375214.000.000) 06/06 23:17:52 Job submitted from host: <188.185.71.142:9618?addrs=188.185.71.142-9618&noUDP&sock=4096_1802_3>
...
001 (1375214.000.000) 06/06 23:32:58 Job executing on host: <128.142.240.40:9618?addrs=128.142.240.40-9618+[2001-1458-301-f9--100-6]-9618&noUDP&sock=16604_8a9a_3>
...
006 (1375214.000.000) 06/06 23:33:07 Image size of job updated: 167744
	93  -  MemoryUsage of job (MB)
	95196  -  ResidentSetSize of job (KB)
...
006 (1375214.000.000) 06/06 23:38:08 Image size of job updated: 212040
	137  -  MemoryUsage of job (MB)
	139432  -  ResidentSetSize of job (KB)
...
005 (1375214.000.000) 06/07 00:25:10 Job terminated.
	(1) Normal termination (return value 0)
		Usr 0 00:22:59, Sys 0 00:20:22  -  Run Remote Usage
		Usr 0 00:00:00, Sys 0 00:00:00  -  Run Local Usage
		Usr 0 00:22:59, Sys 0 00:20:22  -  Total Remote Usage
		Usr 0 00:00:00, Sys 0 00:00:00  -  Total Local Usage
	59  -  Run Bytes Sent By Job
	292  -  Run Bytes Received By Job
	59  -  Total Bytes Sent By Job
	292  -  Total Bytes Received By Job
	Partitionable Resources :    Usage  Request Allocated
	   Cpus                 :                 1         1
	   Disk (KB)            :       16        1   2073876
	   Memory (MB)          :      137     2000      2000
...
