000 (1375220.000.000) 06/06 23:18:20 Job submitted from host: <188.185.71.142:9618?addrs=188.185.71.142-9618&noUDP&sock=4096_1802_3>
...
001 (1375220.000.000) 06/06 23:36:42 Job executing on host: <188.184.180.124:9618?addrs=188.184.180.124-9618+[--1]-9618&noUDP&sock=4678_4c20_3>
...
006 (1375220.000.000) 06/06 23:36:50 Image size of job updated: 80148
	35  -  MemoryUsage of job (MB)
	35772  -  ResidentSetSize of job (KB)
...
006 (1375220.000.000) 06/06 23:41:45 Image size of job updated: 161844
	36  -  MemoryUsage of job (MB)
	36520  -  ResidentSetSize of job (KB)
...
005 (1375220.000.000) 06/06 23:41:45 Job terminated.
	(1) Normal termination (return value 0)
		Usr 0 00:02:08, Sys 0 00:01:58  -  Run Remote Usage
		Usr 0 00:00:00, Sys 0 00:00:00  -  Run Local Usage
		Usr 0 00:02:08, Sys 0 00:01:58  -  Total Remote Usage
		Usr 0 00:00:00, Sys 0 00:00:00  -  Total Local Usage
	60  -  Run Bytes Sent By Job
	293  -  Run Bytes Received By Job
	60  -  Total Bytes Sent By Job
	293  -  Total Bytes Received By Job
	Partitionable Resources :    Usage  Request Allocated
	   Cpus                 :                 1         1
	   Disk (KB)            :       15        1   1773140
	   Memory (MB)          :       36     2000      2000
...
