000 (1375206.000.000) 06/06 23:17:13 Job submitted from host: <188.185.71.142:9618?addrs=188.185.71.142-9618&noUDP&sock=4096_1802_3>
...
001 (1375206.000.000) 06/06 23:32:59 Job executing on host: <188.184.186.216:9618?addrs=188.184.186.216-9618+[2001-1458-301-f8--100-ef]-9618&noUDP&sock=16667_c111_3>
...
006 (1375206.000.000) 06/06 23:33:08 Image size of job updated: 167828
	94  -  MemoryUsage of job (MB)
	95276  -  ResidentSetSize of job (KB)
...
006 (1375206.000.000) 06/06 23:38:08 Image size of job updated: 211756
	136  -  MemoryUsage of job (MB)
	139144  -  ResidentSetSize of job (KB)
...
005 (1375206.000.000) 06/07 00:27:37 Job terminated.
	(1) Normal termination (return value 0)
		Usr 0 00:23:53, Sys 0 00:22:47  -  Run Remote Usage
		Usr 0 00:00:00, Sys 0 00:00:00  -  Run Local Usage
		Usr 0 00:23:53, Sys 0 00:22:47  -  Total Remote Usage
		Usr 0 00:00:00, Sys 0 00:00:00  -  Total Local Usage
	60  -  Run Bytes Sent By Job
	293  -  Run Bytes Received By Job
	60  -  Total Bytes Sent By Job
	293  -  Total Bytes Received By Job
	Partitionable Resources :    Usage  Request Allocated
	   Cpus                 :                 1         1
	   Disk (KB)            :       15        1   2060405
	   Memory (MB)          :      136     2000      2000
...
