000 (1375199.000.000) 06/06 23:16:28 Job submitted from host: <188.185.71.142:9618?addrs=188.185.71.142-9618&noUDP&sock=4096_1802_3>
...
001 (1375199.000.000) 06/06 23:32:54 Job executing on host: <188.184.213.15:9618?addrs=188.184.213.15-9618+[2001-1458-301-10c--100-101]-9618&noUDP&sock=20324_26e9_3>
...
006 (1375199.000.000) 06/06 23:33:03 Image size of job updated: 167488
	93  -  MemoryUsage of job (MB)
	94968  -  ResidentSetSize of job (KB)
...
005 (1375199.000.000) 06/06 23:36:02 Job terminated.
	(1) Normal termination (return value 0)
		Usr 0 00:01:22, Sys 0 00:01:17  -  Run Remote Usage
		Usr 0 00:00:00, Sys 0 00:00:00  -  Run Local Usage
		Usr 0 00:01:22, Sys 0 00:01:17  -  Total Remote Usage
		Usr 0 00:00:00, Sys 0 00:00:00  -  Total Local Usage
	60  -  Run Bytes Sent By Job
	293  -  Run Bytes Received By Job
	60  -  Total Bytes Sent By Job
	293  -  Total Bytes Received By Job
	Partitionable Resources :    Usage  Request Allocated
	   Cpus                 :                 1         1
	   Disk (KB)            :       16        1   3178970
	   Memory (MB)          :       93     2000      2000
...
