000 (1375222.000.000) 06/06 23:18:41 Job submitted from host: <188.185.71.142:9618?addrs=188.185.71.142-9618&noUDP&sock=4096_1802_3>
...
001 (1375222.000.000) 06/06 23:35:38 Job executing on host: <188.184.167.65:9618?addrs=188.184.167.65-9618+[2001-1458-301-82--100-48]-9618&noUDP&sock=4676_ecf0_3>
...
006 (1375222.000.000) 06/06 23:35:46 Image size of job updated: 62488
	36  -  MemoryUsage of job (MB)
	36648  -  ResidentSetSize of job (KB)
...
006 (1375222.000.000) 06/06 23:40:46 Image size of job updated: 211928
	137  -  MemoryUsage of job (MB)
	139376  -  ResidentSetSize of job (KB)
...
005 (1375222.000.000) 06/06 23:41:06 Job terminated.
	(1) Normal termination (return value 0)
		Usr 0 00:02:19, Sys 0 00:02:20  -  Run Remote Usage
		Usr 0 00:00:00, Sys 0 00:00:00  -  Run Local Usage
		Usr 0 00:02:19, Sys 0 00:02:20  -  Total Remote Usage
		Usr 0 00:00:00, Sys 0 00:00:00  -  Total Local Usage
	60  -  Run Bytes Sent By Job
	293  -  Run Bytes Received By Job
	60  -  Total Bytes Sent By Job
	293  -  Total Bytes Received By Job
	Partitionable Resources :    Usage  Request Allocated
	   Cpus                 :                 1         1
	   Disk (KB)            :       16        1   1811449
	   Memory (MB)          :      137     2000      2000
...
