000 (1375230.000.000) 06/06 23:19:16 Job submitted from host: <188.185.71.142:9618?addrs=188.185.71.142-9618&noUDP&sock=4096_1802_3>
...
001 (1375230.000.000) 06/06 23:35:41 Job executing on host: <188.184.180.232:9618?addrs=188.184.180.232-9618+[--1]-9618&noUDP&sock=4677_9c88_3>
...
006 (1375230.000.000) 06/06 23:35:49 Image size of job updated: 95820
	50  -  MemoryUsage of job (MB)
	50904  -  ResidentSetSize of job (KB)
...
006 (1375230.000.000) 06/06 23:40:49 Image size of job updated: 212292
	137  -  MemoryUsage of job (MB)
	139704  -  ResidentSetSize of job (KB)
...
006 (1375230.000.000) 06/06 23:42:32 Image size of job updated: 575220
	137  -  MemoryUsage of job (MB)
	139704  -  ResidentSetSize of job (KB)
...
005 (1375230.000.000) 06/06 23:42:32 Job terminated.
	(1) Normal termination (return value 0)
		Usr 0 00:02:59, Sys 0 00:02:41  -  Run Remote Usage
		Usr 0 00:00:00, Sys 0 00:00:00  -  Run Local Usage
		Usr 0 00:02:59, Sys 0 00:02:41  -  Total Remote Usage
		Usr 0 00:00:00, Sys 0 00:00:00  -  Total Local Usage
	60  -  Run Bytes Sent By Job
	293  -  Run Bytes Received By Job
	60  -  Total Bytes Sent By Job
	293  -  Total Bytes Received By Job
	Partitionable Resources :    Usage  Request Allocated
	   Cpus                 :                 1         1
	   Disk (KB)            :       15        1   1820256
	   Memory (MB)          :      137     2000      2000
...
