000 (1375187.000.000) 06/06 23:15:36 Job submitted from host: <188.185.71.142:9618?addrs=188.185.71.142-9618&noUDP&sock=4096_1802_3>
...
001 (1375187.000.000) 06/06 23:32:57 Job executing on host: <188.184.211.65:9618?addrs=188.184.211.65-9618+[2001-1458-301-10b--100-142]-9618&noUDP&sock=5696_8f8a_3>
...
006 (1375187.000.000) 06/06 23:33:06 Image size of job updated: 168024
	94  -  MemoryUsage of job (MB)
	95508  -  ResidentSetSize of job (KB)
...
006 (1375187.000.000) 06/06 23:38:06 Image size of job updated: 168024
	96  -  MemoryUsage of job (MB)
	97844  -  ResidentSetSize of job (KB)
...
006 (1375187.000.000) 06/06 23:43:06 Image size of job updated: 168024
	136  -  MemoryUsage of job (MB)
	139164  -  ResidentSetSize of job (KB)
...
006 (1375187.000.000) 06/06 23:58:08 Image size of job updated: 168024
	137  -  MemoryUsage of job (MB)
	139272  -  ResidentSetSize of job (KB)
...
005 (1375187.000.000) 06/07 00:15:13 Job terminated.
	(1) Normal termination (return value 0)
		Usr 0 00:19:14, Sys 0 00:18:05  -  Run Remote Usage
		Usr 0 00:00:00, Sys 0 00:00:00  -  Run Local Usage
		Usr 0 00:19:14, Sys 0 00:18:05  -  Total Remote Usage
		Usr 0 00:00:00, Sys 0 00:00:00  -  Total Local Usage
	60  -  Run Bytes Sent By Job
	293  -  Run Bytes Received By Job
	60  -  Total Bytes Sent By Job
	293  -  Total Bytes Received By Job
	Partitionable Resources :    Usage  Request Allocated
	   Cpus                 :                 1         1
	   Disk (KB)            :       15        1   2939377
	   Memory (MB)          :      137     2000      2000
...
