000 (1375225.000.000) 06/06 23:18:53 Job submitted from host: <188.185.71.142:9618?addrs=188.185.71.142-9618&noUDP&sock=4096_1802_3>
...
001 (1375225.000.000) 06/06 23:35:34 Job executing on host: <188.184.167.8:9618?addrs=188.184.167.8-9618+[--1]-9618&noUDP&sock=4713_4df1_3>
...
006 (1375225.000.000) 06/06 23:35:42 Image size of job updated: 157460
	85  -  MemoryUsage of job (MB)
	87008  -  ResidentSetSize of job (KB)
...
006 (1375225.000.000) 06/06 23:40:42 Image size of job updated: 212056
	137  -  MemoryUsage of job (MB)
	139476  -  ResidentSetSize of job (KB)
...
006 (1375225.000.000) 06/06 23:42:32 Image size of job updated: 212100
	137  -  MemoryUsage of job (MB)
	139476  -  ResidentSetSize of job (KB)
...
005 (1375225.000.000) 06/06 23:42:32 Job terminated.
	(1) Normal termination (return value 0)
		Usr 0 00:02:54, Sys 0 00:02:32  -  Run Remote Usage
		Usr 0 00:00:00, Sys 0 00:00:00  -  Run Local Usage
		Usr 0 00:02:54, Sys 0 00:02:32  -  Total Remote Usage
		Usr 0 00:00:00, Sys 0 00:00:00  -  Total Local Usage
	60  -  Run Bytes Sent By Job
	293  -  Run Bytes Received By Job
	60  -  Total Bytes Sent By Job
	293  -  Total Bytes Received By Job
	Partitionable Resources :    Usage  Request Allocated
	   Cpus                 :                 1         1
	   Disk (KB)            :       15        1   1821913
	   Memory (MB)          :      137     2000      2000
...
