000 (1375211.000.000) 06/06 23:17:36 Job submitted from host: <188.185.71.142:9618?addrs=188.185.71.142-9618&noUDP&sock=4096_1802_3>
...
001 (1375211.000.000) 06/06 23:32:57 Job executing on host: <188.184.205.220:9618?addrs=188.184.205.220-9618+[2001-1458-301-7d--100-1d3]-9618&noUDP&sock=4681_5ae9_3>
...
006 (1375211.000.000) 06/06 23:33:06 Image size of job updated: 167688
	93  -  MemoryUsage of job (MB)
	95140  -  ResidentSetSize of job (KB)
...
006 (1375211.000.000) 06/06 23:38:07 Image size of job updated: 167688
	136  -  MemoryUsage of job (MB)
	138640  -  ResidentSetSize of job (KB)
...
005 (1375211.000.000) 06/06 23:38:14 Job terminated.
	(1) Normal termination (return value 0)
		Usr 0 00:02:24, Sys 0 00:02:11  -  Run Remote Usage
		Usr 0 00:00:00, Sys 0 00:00:00  -  Run Local Usage
		Usr 0 00:02:24, Sys 0 00:02:11  -  Total Remote Usage
		Usr 0 00:00:00, Sys 0 00:00:00  -  Total Local Usage
	60  -  Run Bytes Sent By Job
	293  -  Run Bytes Received By Job
	60  -  Total Bytes Sent By Job
	293  -  Total Bytes Received By Job
	Partitionable Resources :    Usage  Request Allocated
	   Cpus                 :                 1         1
	   Disk (KB)            :       16        1   2091285
	   Memory (MB)          :      136     2000      2000
...
