000 (1375204.000.000) 06/06 23:17:04 Job submitted from host: <188.185.71.142:9618?addrs=188.185.71.142-9618&noUDP&sock=4096_1802_3>
...
001 (1375204.000.000) 06/06 23:33:01 Job executing on host: <188.184.133.135:9618?addrs=188.184.133.135-9618+[2001-1458-301-a0--100-1a3]-9618&noUDP&sock=16682_0afd_3>
...
006 (1375204.000.000) 06/06 23:33:09 Image size of job updated: 154272
	84  -  MemoryUsage of job (MB)
	85600  -  ResidentSetSize of job (KB)
...
005 (1375204.000.000) 06/06 23:36:15 Job terminated.
	(1) Normal termination (return value 0)
		Usr 0 00:01:19, Sys 0 00:01:14  -  Run Remote Usage
		Usr 0 00:00:00, Sys 0 00:00:00  -  Run Local Usage
		Usr 0 00:01:19, Sys 0 00:01:14  -  Total Remote Usage
		Usr 0 00:00:00, Sys 0 00:00:00  -  Total Local Usage
	60  -  Run Bytes Sent By Job
	293  -  Run Bytes Received By Job
	60  -  Total Bytes Sent By Job
	293  -  Total Bytes Received By Job
	Partitionable Resources :    Usage  Request Allocated
	   Cpus                 :                 1         1
	   Disk (KB)            :       15        1   2104050
	   Memory (MB)          :       84     2000      2000
...
