000 (1375227.000.000) 06/06 23:19:00 Job submitted from host: <188.185.71.142:9618?addrs=188.185.71.142-9618&noUDP&sock=4096_1802_3>
...
001 (1375227.000.000) 06/06 23:36:48 Job executing on host: <188.184.180.108:9618?addrs=188.184.180.108-9618+[--1]-9618&noUDP&sock=4672_2e8f_3>
...
006 (1375227.000.000) 06/06 23:36:56 Image size of job updated: 73988
	30  -  MemoryUsage of job (MB)
	30188  -  ResidentSetSize of job (KB)
...
006 (1375227.000.000) 06/06 23:41:56 Image size of job updated: 212200
	137  -  MemoryUsage of job (MB)
	139628  -  ResidentSetSize of job (KB)
...
005 (1375227.000.000) 06/06 23:44:36 Job terminated.
	(1) Normal termination (return value 0)
		Usr 0 00:03:13, Sys 0 00:02:44  -  Run Remote Usage
		Usr 0 00:00:00, Sys 0 00:00:00  -  Run Local Usage
		Usr 0 00:03:13, Sys 0 00:02:44  -  Total Remote Usage
		Usr 0 00:00:00, Sys 0 00:00:00  -  Total Local Usage
	257  -  Run Bytes Sent By Job
	293  -  Run Bytes Received By Job
	257  -  Total Bytes Sent By Job
	293  -  Total Bytes Received By Job
	Partitionable Resources :    Usage  Request Allocated
	   Cpus                 :                 1         1
	   Disk (KB)            :       15        1   1820082
	   Memory (MB)          :      137     2000      2000
...
