000 (1375186.000.000) 06/06 23:15:32 Job submitted from host: <188.185.71.142:9618?addrs=188.185.71.142-9618&noUDP&sock=4096_1802_3>
...
001 (1375186.000.000) 06/06 23:32:56 Job executing on host: <128.142.96.68:9618?addrs=128.142.96.68-9618+[2001-1458-301-87--100-3c]-9618&noUDP&sock=16875_6cc4_3>
...
006 (1375186.000.000) 06/06 23:33:05 Image size of job updated: 167104
	93  -  MemoryUsage of job (MB)
	94316  -  ResidentSetSize of job (KB)
...
006 (1375186.000.000) 06/06 23:38:06 Image size of job updated: 167104
	136  -  MemoryUsage of job (MB)
	138836  -  ResidentSetSize of job (KB)
...
006 (1375186.000.000) 06/06 23:43:06 Image size of job updated: 167104
	136  -  MemoryUsage of job (MB)
	139144  -  ResidentSetSize of job (KB)
...
005 (1375186.000.000) 06/07 00:13:23 Job terminated.
	(1) Normal termination (return value 0)
		Usr 0 00:18:49, Sys 0 00:17:16  -  Run Remote Usage
		Usr 0 00:00:00, Sys 0 00:00:00  -  Run Local Usage
		Usr 0 00:18:49, Sys 0 00:17:16  -  Total Remote Usage
		Usr 0 00:00:00, Sys 0 00:00:00  -  Total Local Usage
	60  -  Run Bytes Sent By Job
	293  -  Run Bytes Received By Job
	60  -  Total Bytes Sent By Job
	293  -  Total Bytes Received By Job
	Partitionable Resources :    Usage  Request Allocated
	   Cpus                 :                 1         1
	   Disk (KB)            :       15        1   3728416
	   Memory (MB)          :      136     2000      2000
...
