000 (1375224.000.000) 06/06 23:18:49 Job submitted from host: <188.185.71.142:9618?addrs=188.185.71.142-9618&noUDP&sock=4096_1802_3>
...
001 (1375224.000.000) 06/06 23:35:38 Job executing on host: <188.184.181.191:9618?addrs=188.184.181.191-9618+[2001-1458-301-81--100-1c1]-9618&noUDP&sock=19229_12b5_3>
...
006 (1375224.000.000) 06/06 23:35:46 Image size of job updated: 75768
	31  -  MemoryUsage of job (MB)
	31524  -  ResidentSetSize of job (KB)
...
006 (1375224.000.000) 06/06 23:40:46 Image size of job updated: 170848
	136  -  MemoryUsage of job (MB)
	138356  -  ResidentSetSize of job (KB)
...
006 (1375224.000.000) 06/06 23:45:47 Image size of job updated: 170848
	136  -  MemoryUsage of job (MB)
	138360  -  ResidentSetSize of job (KB)
...
005 (1375224.000.000) 06/07 00:45:52 Job terminated.
	(1) Normal termination (return value 0)
		Usr 0 00:29:43, Sys 0 00:26:50  -  Run Remote Usage
		Usr 0 00:00:00, Sys 0 00:00:00  -  Run Local Usage
		Usr 0 00:29:43, Sys 0 00:26:50  -  Total Remote Usage
		Usr 0 00:00:00, Sys 0 00:00:00  -  Total Local Usage
	60  -  Run Bytes Sent By Job
	293  -  Run Bytes Received By Job
	60  -  Total Bytes Sent By Job
	293  -  Total Bytes Received By Job
	Partitionable Resources :    Usage  Request Allocated
	   Cpus                 :                 1         1
	   Disk (KB)            :       16        1   1772806
	   Memory (MB)          :      136     2000      2000
...
