000 (1375196.000.000) 06/06 23:16:13 Job submitted from host: <188.185.71.142:9618?addrs=188.185.71.142-9618&noUDP&sock=4096_1802_3>
...
001 (1375196.000.000) 06/06 23:32:57 Job executing on host: <188.184.196.148:9618?addrs=188.184.196.148-9618+[2001-1458-301-102--100-95]-9618&noUDP&sock=20444_7646_3>
...
006 (1375196.000.000) 06/06 23:33:06 Image size of job updated: 167252
	93  -  MemoryUsage of job (MB)
	94956  -  ResidentSetSize of job (KB)
...
006 (1375196.000.000) 06/06 23:38:06 Image size of job updated: 169444
	96  -  MemoryUsage of job (MB)
	97400  -  ResidentSetSize of job (KB)
...
006 (1375196.000.000) 06/06 23:43:06 Image size of job updated: 211220
	136  -  MemoryUsage of job (MB)
	139168  -  ResidentSetSize of job (KB)
...
005 (1375196.000.000) 06/07 00:10:02 Job terminated.
	(1) Normal termination (return value 0)
		Usr 0 00:16:39, Sys 0 00:15:51  -  Run Remote Usage
		Usr 0 00:00:00, Sys 0 00:00:00  -  Run Local Usage
		Usr 0 00:16:39, Sys 0 00:15:51  -  Total Remote Usage
		Usr 0 00:00:00, Sys 0 00:00:00  -  Total Local Usage
	60  -  Run Bytes Sent By Job
	293  -  Run Bytes Received By Job
	60  -  Total Bytes Sent By Job
	293  -  Total Bytes Received By Job
	Partitionable Resources :    Usage  Request Allocated
	   Cpus                 :                 1         1
	   Disk (KB)            :       16        1   2953394
	   Memory (MB)          :      136     2000      2000
...
