000 (1375219.000.000) 06/06 23:18:16 Job submitted from host: <188.185.71.142:9618?addrs=188.185.71.142-9618&noUDP&sock=4096_1802_3>
...
001 (1375219.000.000) 06/06 23:35:38 Job executing on host: <188.184.180.24:9618?addrs=188.184.180.24-9618+[--1]-9618&noUDP&sock=4723_29e3_3>
...
006 (1375219.000.000) 06/06 23:35:46 Image size of job updated: 34440
	22  -  MemoryUsage of job (MB)
	22100  -  ResidentSetSize of job (KB)
...
006 (1375219.000.000) 06/06 23:40:46 Image size of job updated: 211824
	136  -  MemoryUsage of job (MB)
	139216  -  ResidentSetSize of job (KB)
...
006 (1375219.000.000) 06/06 23:40:53 Image size of job updated: 211968
	136  -  MemoryUsage of job (MB)
	139216  -  ResidentSetSize of job (KB)
...
005 (1375219.000.000) 06/06 23:40:53 Job terminated.
	(1) Normal termination (return value 0)
		Usr 0 00:02:06, Sys 0 00:01:59  -  Run Remote Usage
		Usr 0 00:00:00, Sys 0 00:00:00  -  Run Local Usage
		Usr 0 00:02:06, Sys 0 00:01:59  -  Total Remote Usage
		Usr 0 00:00:00, Sys 0 00:00:00  -  Total Local Usage
	60  -  Run Bytes Sent By Job
	293  -  Run Bytes Received By Job
	60  -  Total Bytes Sent By Job
	293  -  Total Bytes Received By Job
	Partitionable Resources :    Usage  Request Allocated
	   Cpus                 :                 1         1
	   Disk (KB)            :       15        1   1818175
	   Memory (MB)          :      136     2000      2000
...
