000 (1375200.000.000) 06/06 23:16:32 Job submitted from host: <188.185.71.142:9618?addrs=188.185.71.142-9618&noUDP&sock=4096_1802_3>
...
001 (1375200.000.000) 06/06 23:32:55 Job executing on host: <188.184.213.88:9618?addrs=188.184.213.88-9618+[2001-1458-301-10c--100-155]-9618&noUDP&sock=5698_eeba_3>
...
006 (1375200.000.000) 06/06 23:33:03 Image size of job updated: 211132
	136  -  MemoryUsage of job (MB)
	138668  -  ResidentSetSize of job (KB)
...
006 (1375200.000.000) 06/06 23:35:54 Image size of job updated: 211708
	136  -  MemoryUsage of job (MB)
	138668  -  ResidentSetSize of job (KB)
...
005 (1375200.000.000) 06/06 23:35:54 Job terminated.
	(1) Normal termination (return value 0)
		Usr 0 00:01:21, Sys 0 00:01:17  -  Run Remote Usage
		Usr 0 00:00:00, Sys 0 00:00:00  -  Run Local Usage
		Usr 0 00:01:21, Sys 0 00:01:17  -  Total Remote Usage
		Usr 0 00:00:00, Sys 0 00:00:00  -  Total Local Usage
	60  -  Run Bytes Sent By Job
	293  -  Run Bytes Received By Job
	60  -  Total Bytes Sent By Job
	293  -  Total Bytes Received By Job
	Partitionable Resources :    Usage  Request Allocated
	   Cpus                 :                 1         1
	   Disk (KB)            :       16        1   2974258
	   Memory (MB)          :      136     2000      2000
...
