000 (1375210.000.000) 06/06 23:17:31 Job submitted from host: <188.185.71.142:9618?addrs=188.185.71.142-9618&noUDP&sock=4096_1802_3>
...
001 (1375210.000.000) 06/06 23:32:58 Job executing on host: <188.184.143.69:9618?addrs=188.184.143.69-9618+[--1]-9618&noUDP&sock=4707_305f_3>
...
006 (1375210.000.000) 06/06 23:33:07 Image size of job updated: 166788
	93  -  MemoryUsage of job (MB)
	94272  -  ResidentSetSize of job (KB)
...
006 (1375210.000.000) 06/06 23:38:07 Image size of job updated: 211768
	136  -  MemoryUsage of job (MB)
	139192  -  ResidentSetSize of job (KB)
...
006 (1375210.000.000) 06/06 23:38:21 Image size of job updated: 575044
	136  -  MemoryUsage of job (MB)
	139192  -  ResidentSetSize of job (KB)
...
005 (1375210.000.000) 06/06 23:38:21 Job terminated.
	(1) Normal termination (return value 0)
		Usr 0 00:02:25, Sys 0 00:02:10  -  Run Remote Usage
		Usr 0 00:00:00, Sys 0 00:00:00  -  Run Local Usage
		Usr 0 00:02:25, Sys 0 00:02:10  -  Total Remote Usage
		Usr 0 00:00:00, Sys 0 00:00:00  -  Total Local Usage
	60  -  Run Bytes Sent By Job
	293  -  Run Bytes Received By Job
	60  -  Total Bytes Sent By Job
	293  -  Total Bytes Received By Job
	Partitionable Resources :    Usage  Request Allocated
	   Cpus                 :                 1         1
	   Disk (KB)            :       15        1   2049430
	   Memory (MB)          :      136     2000      2000
...
