000 (1375221.000.000) 06/06 23:18:24 Job submitted from host: <188.185.71.142:9618?addrs=188.185.71.142-9618&noUDP&sock=4096_1802_3>
...
001 (1375221.000.000) 06/06 23:35:34 Job executing on host: <188.184.181.212:9618?addrs=188.184.181.212-9618+[--1]-9618&noUDP&sock=4696_a4d5_3>
...
006 (1375221.000.000) 06/06 23:35:42 Image size of job updated: 157612
	86  -  MemoryUsage of job (MB)
	87132  -  ResidentSetSize of job (KB)
...
006 (1375221.000.000) 06/06 23:40:07 Image size of job updated: 181724
	86  -  MemoryUsage of job (MB)
	87132  -  ResidentSetSize of job (KB)
...
005 (1375221.000.000) 06/06 23:40:08 Job terminated.
	(1) Normal termination (return value 0)
		Usr 0 00:01:57, Sys 0 00:01:46  -  Run Remote Usage
		Usr 0 00:00:00, Sys 0 00:00:00  -  Run Local Usage
		Usr 0 00:01:57, Sys 0 00:01:46  -  Total Remote Usage
		Usr 0 00:00:00, Sys 0 00:00:00  -  Total Local Usage
	60  -  Run Bytes Sent By Job
	293  -  Run Bytes Received By Job
	60  -  Total Bytes Sent By Job
	293  -  Total Bytes Received By Job
	Partitionable Resources :    Usage  Request Allocated
	   Cpus                 :                 1         1
	   Disk (KB)            :       16        1   1829721
	   Memory (MB)          :       86     2000      2000
...
