000 (1375212.000.000) 06/06 23:17:42 Job submitted from host: <188.185.71.142:9618?addrs=188.185.71.142-9618&noUDP&sock=4096_1802_3>
...
001 (1375212.000.000) 06/06 23:33:04 Job executing on host: <188.184.143.75:9618?addrs=188.184.143.75-9618+[2001-1458-301-46--100-158]-9618&noUDP&sock=19563_2b56_3>
...
006 (1375212.000.000) 06/06 23:33:12 Image size of job updated: 114960
	93  -  MemoryUsage of job (MB)
	94820  -  ResidentSetSize of job (KB)
...
006 (1375212.000.000) 06/06 23:38:12 Image size of job updated: 158052
	136  -  MemoryUsage of job (MB)
	139132  -  ResidentSetSize of job (KB)
...
005 (1375212.000.000) 06/06 23:39:45 Job terminated.
	(1) Normal termination (return value 0)
		Usr 0 00:02:47, Sys 0 00:02:38  -  Run Remote Usage
		Usr 0 00:00:00, Sys 0 00:00:00  -  Run Local Usage
		Usr 0 00:02:47, Sys 0 00:02:38  -  Total Remote Usage
		Usr 0 00:00:00, Sys 0 00:00:00  -  Total Local Usage
	60  -  Run Bytes Sent By Job
	293  -  Run Bytes Received By Job
	60  -  Total Bytes Sent By Job
	293  -  Total Bytes Received By Job
	Partitionable Resources :    Usage  Request Allocated
	   Cpus                 :                 1         1
	   Disk (KB)            :       15        1   1818008
	   Memory (MB)          :      136     2000      2000
...
