000 (1375231.000.000) 06/06 23:19:19 Job submitted from host: <188.185.71.142:9618?addrs=188.185.71.142-9618&noUDP&sock=4096_1802_3>
...
001 (1375231.000.000) 06/06 23:35:39 Job executing on host: <128.142.64.226:9618?addrs=128.142.64.226-9618+[2001-1458-301-fa--100-3f]-9618&noUDP&sock=16613_b6f4_3>
...
006 (1375231.000.000) 06/06 23:35:47 Image size of job updated: 65692
	36  -  MemoryUsage of job (MB)
	36724  -  ResidentSetSize of job (KB)
...
006 (1375231.000.000) 06/06 23:40:47 Image size of job updated: 211004
	136  -  MemoryUsage of job (MB)
	138396  -  ResidentSetSize of job (KB)
...
005 (1375231.000.000) 06/06 23:42:21 Job terminated.
	(1) Normal termination (return value 0)
		Usr 0 00:02:55, Sys 0 00:02:38  -  Run Remote Usage
		Usr 0 00:00:00, Sys 0 00:00:00  -  Run Local Usage
		Usr 0 00:02:55, Sys 0 00:02:38  -  Total Remote Usage
		Usr 0 00:00:00, Sys 0 00:00:00  -  Total Local Usage
	60  -  Run Bytes Sent By Job
	293  -  Run Bytes Received By Job
	60  -  Total Bytes Sent By Job
	293  -  Total Bytes Received By Job
	Partitionable Resources :    Usage  Request Allocated
	   Cpus                 :                 1         1
	   Disk (KB)            :       15        1   1943842
	   Memory (MB)          :      136     2000      2000
...
