000 (1375205.000.000) 06/06 23:17:09 Job submitted from host: <188.185.71.142:9618?addrs=188.185.71.142-9618&noUDP&sock=4096_1802_3>
...
001 (1375205.000.000) 06/06 23:32:52 Job executing on host: <188.184.138.160:9618?addrs=188.184.138.160-9618+[2001-1458-301-45--100-b6]-9618&noUDP&sock=5589_2ae8_3>
...
006 (1375205.000.000) 06/06 23:33:01 Image size of job updated: 211568
	136  -  MemoryUsage of job (MB)
	139048  -  ResidentSetSize of job (KB)
...
006 (1375205.000.000) 06/06 23:43:02 Image size of job updated: 211568
	136  -  MemoryUsage of job (MB)
	139096  -  ResidentSetSize of job (KB)
...
006 (1375205.000.000) 06/06 23:48:02 Image size of job updated: 211568
	137  -  MemoryUsage of job (MB)
	139376  -  ResidentSetSize of job (KB)
...
005 (1375205.000.000) 06/07 00:16:00 Job terminated.
	(1) Normal termination (return value 0)
		Usr 0 00:19:25, Sys 0 00:18:42  -  Run Remote Usage
		Usr 0 00:00:00, Sys 0 00:00:00  -  Run Local Usage
		Usr 0 00:19:25, Sys 0 00:18:42  -  Total Remote Usage
		Usr 0 00:00:00, Sys 0 00:00:00  -  Total Local Usage
	60  -  Run Bytes Sent By Job
	293  -  Run Bytes Received By Job
	60  -  Total Bytes Sent By Job
	293  -  Total Bytes Received By Job
	Partitionable Resources :    Usage  Request Allocated
	   Cpus                 :                 1         1
	   Disk (KB)            :       15        1   2882312
	   Memory (MB)          :      137     2000      2000
...
