000 (1375223.000.000) 06/06 23:18:43 Job submitted from host: <188.185.71.142:9618?addrs=188.185.71.142-9618&noUDP&sock=4096_1802_3>
...
001 (1375223.000.000) 06/06 23:35:38 Job executing on host: <188.184.180.76:9618?addrs=188.184.180.76-9618+[--1]-9618&noUDP&sock=4681_5ae9_3>
...
006 (1375223.000.000) 06/06 23:35:46 Image size of job updated: 113640
	63  -  MemoryUsage of job (MB)
	64460  -  ResidentSetSize of job (KB)
...
006 (1375223.000.000) 06/06 23:40:46 Image size of job updated: 169968
	96  -  MemoryUsage of job (MB)
	97516  -  ResidentSetSize of job (KB)
...
006 (1375223.000.000) 06/06 23:41:06 Image size of job updated: 211480
	96  -  MemoryUsage of job (MB)
	97516  -  ResidentSetSize of job (KB)
...
005 (1375223.000.000) 06/06 23:41:06 Job terminated.
	(1) Normal termination (return value 0)
		Usr 0 00:02:17, Sys 0 00:02:04  -  Run Remote Usage
		Usr 0 00:00:00, Sys 0 00:00:00  -  Run Local Usage
		Usr 0 00:02:17, Sys 0 00:02:04  -  Total Remote Usage
		Usr 0 00:00:00, Sys 0 00:00:00  -  Total Local Usage
	60  -  Run Bytes Sent By Job
	293  -  Run Bytes Received By Job
	60  -  Total Bytes Sent By Job
	293  -  Total Bytes Received By Job
	Partitionable Resources :    Usage  Request Allocated
	   Cpus                 :                 1         1
	   Disk (KB)            :       15        1   1815133
	   Memory (MB)          :       96     2000      2000
...
