000 (1375188.000.000) 06/06 23:15:41 Job submitted from host: <188.185.71.142:9618?addrs=188.185.71.142-9618&noUDP&sock=4096_1802_3>
...
001 (1375188.000.000) 06/06 23:32:55 Job executing on host: <188.184.197.126:9618?addrs=188.184.197.126-9618+[2001-1458-301-103--100-89]-9618&noUDP&sock=5711_d975_3>
...
006 (1375188.000.000) 06/06 23:33:04 Image size of job updated: 167400
	93  -  MemoryUsage of job (MB)
	94888  -  ResidentSetSize of job (KB)
...
006 (1375188.000.000) 06/06 23:38:05 Image size of job updated: 167400
	136  -  MemoryUsage of job (MB)
	138964  -  ResidentSetSize of job (KB)
...
006 (1375188.000.000) 06/06 23:43:05 Image size of job updated: 167400
	136  -  MemoryUsage of job (MB)
	139232  -  ResidentSetSize of job (KB)
...
005 (1375188.000.000) 06/07 00:09:41 Job terminated.
	(1) Normal termination (return value 0)
		Usr 0 00:16:46, Sys 0 00:15:32  -  Run Remote Usage
		Usr 0 00:00:00, Sys 0 00:00:00  -  Run Local Usage
		Usr 0 00:16:46, Sys 0 00:15:32  -  Total Remote Usage
		Usr 0 00:00:00, Sys 0 00:00:00  -  Total Local Usage
	60  -  Run Bytes Sent By Job
	293  -  Run Bytes Received By Job
	60  -  Total Bytes Sent By Job
	293  -  Total Bytes Received By Job
	Partitionable Resources :    Usage  Request Allocated
	   Cpus                 :                 1         1
	   Disk (KB)            :       16        1   3056111
	   Memory (MB)          :      136     2000      2000
...
