000 (1375198.000.000) 06/06 23:16:24 Job submitted from host: <188.185.71.142:9618?addrs=188.185.71.142-9618&noUDP&sock=4096_1802_3>
...
001 (1375198.000.000) 06/06 23:32:57 Job executing on host: <188.184.190.148:9618?addrs=188.184.190.148-9618+[2001-1458-301-4b--100-a9]-9618&noUDP&sock=5597_a7a9_3>
...
006 (1375198.000.000) 06/06 23:33:06 Image size of job updated: 167824
	94  -  MemoryUsage of job (MB)
	95300  -  ResidentSetSize of job (KB)
...
005 (1375198.000.000) 06/06 23:35:37 Job terminated.
	(1) Normal termination (return value 0)
		Usr 0 00:01:11, Sys 0 00:01:07  -  Run Remote Usage
		Usr 0 00:00:00, Sys 0 00:00:00  -  Run Local Usage
		Usr 0 00:01:11, Sys 0 00:01:07  -  Total Remote Usage
		Usr 0 00:00:00, Sys 0 00:00:00  -  Total Local Usage
	60  -  Run Bytes Sent By Job
	293  -  Run Bytes Received By Job
	60  -  Total Bytes Sent By Job
	293  -  Total Bytes Received By Job
	Partitionable Resources :    Usage  Request Allocated
	   Cpus                 :                 1         1
	   Disk (KB)            :       15        1   3106045
	   Memory (MB)          :       94     2000      2000
...
