000 (1375201.000.000) 06/06 23:16:37 Job submitted from host: <188.185.71.142:9618?addrs=188.185.71.142-9618&noUDP&sock=4096_1802_3>
...
001 (1375201.000.000) 06/06 23:33:01 Job executing on host: <188.184.204.32:9618?addrs=188.184.204.32-9618+[2001-1458-301-7d--100-39]-9618&noUDP&sock=19538_0578_3>
...
006 (1375201.000.000) 06/06 23:33:09 Image size of job updated: 169708
	95  -  MemoryUsage of job (MB)
	97160  -  ResidentSetSize of job (KB)
...
005 (1375201.000.000) 06/06 23:36:45 Job terminated.
	(1) Normal termination (return value 0)
		Usr 0 00:01:41, Sys 0 00:01:36  -  Run Remote Usage
		Usr 0 00:00:00, Sys 0 00:00:00  -  Run Local Usage
		Usr 0 00:01:41, Sys 0 00:01:36  -  Total Remote Usage
		Usr 0 00:00:00, Sys 0 00:00:00  -  Total Local Usage
	60  -  Run Bytes Sent By Job
	293  -  Run Bytes Received By Job
	60  -  Total Bytes Sent By Job
	293  -  Total Bytes Received By Job
	Partitionable Resources :    Usage  Request Allocated
	   Cpus                 :                 1         1
	   Disk (KB)            :       15        1   2063388
	   Memory (MB)          :       95     2000      2000
...
