000 (1375203.000.000) 06/06 23:17:00 Job submitted from host: <188.185.71.142:9618?addrs=188.185.71.142-9618&noUDP&sock=4096_1802_3>
...
001 (1375203.000.000) 06/06 23:32:59 Job executing on host: <188.184.205.229:9618?addrs=188.184.205.229-9618+[2001-1458-301-7d--100-1ed]-9618&noUDP&sock=4725_8914_3>
...
006 (1375203.000.000) 06/06 23:33:07 Image size of job updated: 166772
	93  -  MemoryUsage of job (MB)
	94220  -  ResidentSetSize of job (KB)
...
005 (1375203.000.000) 06/06 23:35:35 Job terminated.
	(1) Normal termination (return value 0)
		Usr 0 00:01:08, Sys 0 00:01:05  -  Run Remote Usage
		Usr 0 00:00:00, Sys 0 00:00:00  -  Run Local Usage
		Usr 0 00:01:08, Sys 0 00:01:05  -  Total Remote Usage
		Usr 0 00:00:00, Sys 0 00:00:00  -  Total Local Usage
	60  -  Run Bytes Sent By Job
	293  -  Run Bytes Received By Job
	60  -  Total Bytes Sent By Job
	293  -  Total Bytes Received By Job
	Partitionable Resources :    Usage  Request Allocated
	   Cpus                 :                 1         1
	   Disk (KB)            :       15        1   2086089
	   Memory (MB)          :       93     2000      2000
...
