000 (1375216.000.000) 06/06 23:18:01 Job submitted from host: <188.185.71.142:9618?addrs=188.185.71.142-9618&noUDP&sock=4096_1802_3>
...
001 (1375216.000.000) 06/06 23:33:02 Job executing on host: <188.184.186.251:9618?addrs=188.184.186.251-9618+[2001-1458-301-f8--100-ee]-9618&noUDP&sock=18318_33ed_3>
...
006 (1375216.000.000) 06/06 23:33:11 Image size of job updated: 167424
	93  -  MemoryUsage of job (MB)
	94904  -  ResidentSetSize of job (KB)
...
006 (1375216.000.000) 06/06 23:38:11 Image size of job updated: 167424
	136  -  MemoryUsage of job (MB)
	138476  -  ResidentSetSize of job (KB)
...
005 (1375216.000.000) 06/07 00:21:08 Job terminated.
	(1) Normal termination (return value 0)
		Usr 0 00:21:12, Sys 0 00:18:38  -  Run Remote Usage
		Usr 0 00:00:00, Sys 0 00:00:00  -  Run Local Usage
		Usr 0 00:21:12, Sys 0 00:18:38  -  Total Remote Usage
		Usr 0 00:00:00, Sys 0 00:00:00  -  Total Local Usage
	60  -  Run Bytes Sent By Job
	293  -  Run Bytes Received By Job
	60  -  Total Bytes Sent By Job
	293  -  Total Bytes Received By Job
	Partitionable Resources :    Usage  Request Allocated
	   Cpus                 :                 1         1
	   Disk (KB)            :       15        1   2083473
	   Memory (MB)          :      136     2000      2000
...
