000 (1375215.000.000) 06/06 23:17:56 Job submitted from host: <188.185.71.142:9618?addrs=188.185.71.142-9618&noUDP&sock=4096_1802_3>
...
001 (1375215.000.000) 06/06 23:33:03 Job executing on host: <188.184.142.35:9618?addrs=188.184.142.35-9618+[2001-1458-301-46--100-1b]-9618&noUDP&sock=4816_f432_3>
...
006 (1375215.000.000) 06/06 23:33:11 Image size of job updated: 167448
	93  -  MemoryUsage of job (MB)
	94888  -  ResidentSetSize of job (KB)
...
006 (1375215.000.000) 06/06 23:38:11 Image size of job updated: 167448
	93  -  MemoryUsage of job (MB)
	95128  -  ResidentSetSize of job (KB)
...
006 (1375215.000.000) 06/06 23:43:12 Image size of job updated: 167448
	130  -  MemoryUsage of job (MB)
	132336  -  ResidentSetSize of job (KB)
...
005 (1375215.000.000) 06/07 00:20:29 Job terminated.
	(1) Normal termination (return value 0)
		Usr 0 00:19:56, Sys 0 00:18:37  -  Run Remote Usage
		Usr 0 00:00:00, Sys 0 00:00:00  -  Run Local Usage
		Usr 0 00:19:56, Sys 0 00:18:37  -  Total Remote Usage
		Usr 0 00:00:00, Sys 0 00:00:00  -  Total Local Usage
	60  -  Run Bytes Sent By Job
	293  -  Run Bytes Received By Job
	60  -  Total Bytes Sent By Job
	293  -  Total Bytes Received By Job
	Partitionable Resources :    Usage  Request Allocated
	   Cpus                 :                 1         1
	   Disk (KB)            :       15        1   2063985
	   Memory (MB)          :      130     2000      2000
...
