000 (1375208.000.000) 06/06 23:17:20 Job submitted from host: <188.185.71.142:9618?addrs=188.185.71.142-9618&noUDP&sock=4096_1802_3>
...
001 (1375208.000.000) 06/06 23:33:02 Job executing on host: <188.184.132.84:9618?addrs=188.184.132.84-9618+[2001-1458-301-a0--100-5c]-9618&noUDP&sock=16504_f321_3>
...
006 (1375208.000.000) 06/06 23:33:10 Image size of job updated: 75920
	31  -  MemoryUsage of job (MB)
	31712  -  ResidentSetSize of job (KB)
...
006 (1375208.000.000) 06/06 23:37:44 Image size of job updated: 211940
	31  -  MemoryUsage of job (MB)
	31712  -  ResidentSetSize of job (KB)
...
005 (1375208.000.000) 06/06 23:37:44 Job terminated.
	(1) Normal termination (return value 0)
		Usr 0 00:02:06, Sys 0 00:01:56  -  Run Remote Usage
		Usr 0 00:00:00, Sys 0 00:00:00  -  Run Local Usage
		Usr 0 00:02:06, Sys 0 00:01:56  -  Total Remote Usage
		Usr 0 00:00:00, Sys 0 00:00:00  -  Total Local Usage
	60  -  Run Bytes Sent By Job
	293  -  Run Bytes Received By Job
	60  -  Total Bytes Sent By Job
	293  -  Total Bytes Received By Job
	Partitionable Resources :    Usage  Request Allocated
	   Cpus                 :                 1         1
	   Disk (KB)            :       15        1   2179717
	   Memory (MB)          :       31     2000      2000
...
