000 (1375192.000.000) 06/06 23:15:57 Job submitted from host: <188.185.71.142:9618?addrs=188.185.71.142-9618&noUDP&sock=4096_1802_3>
...
001 (1375192.000.000) 06/06 23:32:55 Job executing on host: <188.184.210.31:9618?addrs=188.184.210.31-9618+[2001-1458-301-10b--100-1b]-9618&noUDP&sock=20273_2b94_3>
...
006 (1375192.000.000) 06/06 23:33:03 Image size of job updated: 167820
	94  -  MemoryUsage of job (MB)
	95304  -  ResidentSetSize of job (KB)
...
006 (1375192.000.000) 06/06 23:38:03 Image size of job updated: 167820
	136  -  MemoryUsage of job (MB)
	138740  -  ResidentSetSize of job (KB)
...
005 (1375192.000.000) 06/06 23:38:32 Job terminated.
	(1) Normal termination (return value 0)
		Usr 0 00:02:36, Sys 0 00:02:26  -  Run Remote Usage
		Usr 0 00:00:00, Sys 0 00:00:00  -  Run Local Usage
		Usr 0 00:02:36, Sys 0 00:02:26  -  Total Remote Usage
		Usr 0 00:00:00, Sys 0 00:00:00  -  Total Local Usage
	60  -  Run Bytes Sent By Job
	293  -  Run Bytes Received By Job
	60  -  Total Bytes Sent By Job
	293  -  Total Bytes Received By Job
	Partitionable Resources :    Usage  Request Allocated
	   Cpus                 :                 1         1
	   Disk (KB)            :       15        1   3057819
	   Memory (MB)          :      136     2000      2000
...
