000 (1375190.000.000) 06/06 23:15:48 Job submitted from host: <188.185.71.142:9618?addrs=188.185.71.142-9618&noUDP&sock=4096_1802_3>
...
001 (1375190.000.000) 06/06 23:34:05 Job executing on host: <188.184.196.240:9618?addrs=188.184.196.240-9618+[2001-1458-301-102--100-d2]-9618&noUDP&sock=20332_a3ab_3>
...
006 (1375190.000.000) 06/06 23:34:13 Image size of job updated: 167892
	94  -  MemoryUsage of job (MB)
	95368  -  ResidentSetSize of job (KB)
...
006 (1375190.000.000) 06/06 23:39:13 Image size of job updated: 167892
	111  -  MemoryUsage of job (MB)
	112720  -  ResidentSetSize of job (KB)
...
006 (1375190.000.000) 06/06 23:41:20 Image size of job updated: 167892
	111  -  MemoryUsage of job (MB)
	112976  -  ResidentSetSize of job (KB)
...
005 (1375190.000.000) 06/06 23:41:20 Job terminated.
	(1) Normal termination (return value 0)
		Usr 0 00:03:13, Sys 0 00:02:51  -  Run Remote Usage
		Usr 0 00:00:00, Sys 0 00:00:00  -  Run Local Usage
		Usr 0 00:03:13, Sys 0 00:02:51  -  Total Remote Usage
		Usr 0 00:00:00, Sys 0 00:00:00  -  Total Local Usage
	60  -  Run Bytes Sent By Job
	293  -  Run Bytes Received By Job
	60  -  Total Bytes Sent By Job
	293  -  Total Bytes Received By Job
	Partitionable Resources :    Usage  Request Allocated
	   Cpus                 :                 1         1
	   Disk (KB)            :       15        1   2998419
	   Memory (MB)          :      111     2000      2000
...
