000 (1375229.000.000) 06/06 23:19:12 Job submitted from host: <188.185.71.142:9618?addrs=188.185.71.142-9618&noUDP&sock=4096_1802_3>
...
001 (1375229.000.000) 06/06 23:35:38 Job executing on host: <188.184.181.48:9618?addrs=188.184.181.48-9618+[--1]-9618&noUDP&sock=4649_67e1_3>
...
006 (1375229.000.000) 06/06 23:35:47 Image size of job updated: 212052
	137  -  MemoryUsage of job (MB)
	139504  -  ResidentSetSize of job (KB)
...
006 (1375229.000.000) 06/06 23:40:47 Image size of job updated: 212276
	137  -  MemoryUsage of job (MB)
	139668  -  ResidentSetSize of job (KB)
...
005 (1375229.000.000) 06/06 23:41:51 Job terminated.
	(1) Normal termination (return value 0)
		Usr 0 00:02:52, Sys 0 00:02:29  -  Run Remote Usage
		Usr 0 00:00:00, Sys 0 00:00:00  -  Run Local Usage
		Usr 0 00:02:52, Sys 0 00:02:29  -  Total Remote Usage
		Usr 0 00:00:00, Sys 0 00:00:00  -  Total Local Usage
	60  -  Run Bytes Sent By Job
	293  -  Run Bytes Received By Job
	60  -  Total Bytes Sent By Job
	293  -  Total Bytes Received By Job
	Partitionable Resources :    Usage  Request Allocated
	   Cpus                 :                 1         1
	   Disk (KB)            :       15        1   1891466
	   Memory (MB)          :      137     2000      2000
...
