000 (1375213.000.000) 06/06 23:17:47 Job submitted from host: <188.185.71.142:9618?addrs=188.185.71.142-9618&noUDP&sock=4096_1802_3>
...
001 (1375213.000.000) 06/06 23:33:00 Job executing on host: <188.184.143.8:9618?addrs=188.184.143.8-9618+[--1]-9618&noUDP&sock=4714_fd89_3>
...
006 (1375213.000.000) 06/06 23:33:09 Image size of job updated: 167800
	94  -  MemoryUsage of job (MB)
	95272  -  ResidentSetSize of job (KB)
...
006 (1375213.000.000) 06/06 23:38:10 Image size of job updated: 167800
	136  -  MemoryUsage of job (MB)
	138984  -  ResidentSetSize of job (KB)
...
006 (1375213.000.000) 06/06 23:38:26 Image size of job updated: 575000
	136  -  MemoryUsage of job (MB)
	138984  -  ResidentSetSize of job (KB)
...
005 (1375213.000.000) 06/06 23:38:26 Job terminated.
	(1) Normal termination (return value 0)
		Usr 0 00:02:30, Sys 0 00:02:15  -  Run Remote Usage
		Usr 0 00:00:00, Sys 0 00:00:00  -  Run Local Usage
		Usr 0 00:02:30, Sys 0 00:02:15  -  Total Remote Usage
		Usr 0 00:00:00, Sys 0 00:00:00  -  Total Local Usage
	60  -  Run Bytes Sent By Job
	293  -  Run Bytes Received By Job
	60  -  Total Bytes Sent By Job
	293  -  Total Bytes Received By Job
	Partitionable Resources :    Usage  Request Allocated
	   Cpus                 :                 1         1
	   Disk (KB)            :       15        1   2199162
	   Memory (MB)          :      136     2000      2000
...
