000 (1375232.000.000) 06/06 23:19:23 Job submitted from host: <188.185.71.142:9618?addrs=188.185.71.142-9618&noUDP&sock=4096_1802_3>
...
001 (1375232.000.000) 06/06 23:35:40 Job executing on host: <188.184.167.92:9618?addrs=188.184.167.92-9618+[--1]-9618&noUDP&sock=4675_3d58_3>
...
006 (1375232.000.000) 06/06 23:35:48 Image size of job updated: 154560
	84  -  MemoryUsage of job (MB)
	85932  -  ResidentSetSize of job (KB)
...
006 (1375232.000.000) 06/06 23:40:48 Image size of job updated: 210988
	136  -  MemoryUsage of job (MB)
	138404  -  ResidentSetSize of job (KB)
...
006 (1375232.000.000) 06/06 23:41:30 Image size of job updated: 574828
	136  -  MemoryUsage of job (MB)
	138404  -  ResidentSetSize of job (KB)
...
005 (1375232.000.000) 06/06 23:41:31 Job terminated.
	(1) Normal termination (return value 0)
		Usr 0 00:02:38, Sys 0 00:02:25  -  Run Remote Usage
		Usr 0 00:00:00, Sys 0 00:00:00  -  Run Local Usage
		Usr 0 00:02:38, Sys 0 00:02:25  -  Total Remote Usage
		Usr 0 00:00:00, Sys 0 00:00:00  -  Total Local Usage
	257  -  Run Bytes Sent By Job
	293  -  Run Bytes Received By Job
	257  -  Total Bytes Sent By Job
	293  -  Total Bytes Received By Job
	Partitionable Resources :    Usage  Request Allocated
	   Cpus                 :                 1         1
	   Disk (KB)            :       16        1   1840623
	   Memory (MB)          :      136     2000      2000
...
