000 (1375197.000.000) 06/06 23:16:18 Job submitted from host: <188.185.71.142:9618?addrs=188.185.71.142-9618&noUDP&sock=4096_1802_3>
...
001 (1375197.000.000) 06/06 23:33:00 Job executing on host: <188.184.204.148:9618?addrs=188.184.204.148-9618+[2001-1458-301-7d--100-97]-9618&noUDP&sock=19588_5135_3>
...
006 (1375197.000.000) 06/06 23:33:08 Image size of job updated: 167452
	93  -  MemoryUsage of job (MB)
	94900  -  ResidentSetSize of job (KB)
...
006 (1375197.000.000) 06/06 23:38:08 Image size of job updated: 167452
	136  -  MemoryUsage of job (MB)
	138932  -  ResidentSetSize of job (KB)
...
006 (1375197.000.000) 06/06 23:43:09 Image size of job updated: 167452
	136  -  MemoryUsage of job (MB)
	139016  -  ResidentSetSize of job (KB)
...
005 (1375197.000.000) 06/07 00:06:35 Job terminated.
	(1) Normal termination (return value 0)
		Usr 0 00:13:58, Sys 0 00:13:40  -  Run Remote Usage
		Usr 0 00:00:00, Sys 0 00:00:00  -  Run Local Usage
		Usr 0 00:13:58, Sys 0 00:13:40  -  Total Remote Usage
		Usr 0 00:00:00, Sys 0 00:00:00  -  Total Local Usage
	60  -  Run Bytes Sent By Job
	293  -  Run Bytes Received By Job
	60  -  Total Bytes Sent By Job
	293  -  Total Bytes Received By Job
	Partitionable Resources :    Usage  Request Allocated
	   Cpus                 :                 1         1
	   Disk (KB)            :       15        1   2105441
	   Memory (MB)          :      136     2000      2000
...
