000 (1375226.000.000) 06/06 23:18:57 Job submitted from host: <188.185.71.142:9618?addrs=188.185.71.142-9618&noUDP&sock=4096_1802_3>
...
001 (1375226.000.000) 06/06 23:35:40 Job executing on host: <188.184.181.140:9618?addrs=188.184.181.140-9618+[--1]-9618&noUDP&sock=4679_fbb9_3>
...
006 (1375226.000.000) 06/06 23:35:48 Image size of job updated: 160736
	85  -  MemoryUsage of job (MB)
	86820  -  ResidentSetSize of job (KB)
...
006 (1375226.000.000) 06/06 23:40:48 Image size of job updated: 207988
	137  -  MemoryUsage of job (MB)
	139576  -  ResidentSetSize of job (KB)
...
005 (1375226.000.000) 06/06 23:42:03 Job terminated.
	(1) Normal termination (return value 0)
		Usr 0 00:02:56, Sys 0 00:02:31  -  Run Remote Usage
		Usr 0 00:00:00, Sys 0 00:00:00  -  Run Local Usage
		Usr 0 00:02:56, Sys 0 00:02:31  -  Total Remote Usage
		Usr 0 00:00:00, Sys 0 00:00:00  -  Total Local Usage
	60  -  Run Bytes Sent By Job
	293  -  Run Bytes Received By Job
	60  -  Total Bytes Sent By Job
	293  -  Total Bytes Received By Job
	Partitionable Resources :    Usage  Request Allocated
	   Cpus                 :                 1         1
	   Disk (KB)            :       15        1   1852785
	   Memory (MB)          :      137     2000      2000
...
