000 (1375189.000.000) 06/06 23:15:43 Job submitted from host: <188.185.71.142:9618?addrs=188.185.71.142-9618&noUDP&sock=4096_1802_3>
...
001 (1375189.000.000) 06/06 23:32:58 Job executing on host: <188.184.197.182:9618?addrs=188.184.197.182-9618+[2001-1458-301-103--100-d2]-9618&noUDP&sock=20278_998e_3>
...
006 (1375189.000.000) 06/06 23:33:06 Image size of job updated: 161896
	89  -  MemoryUsage of job (MB)
	90468  -  ResidentSetSize of job (KB)
...
006 (1375189.000.000) 06/06 23:38:06 Image size of job updated: 161896
	136  -  MemoryUsage of job (MB)
	138808  -  ResidentSetSize of job (KB)
...
006 (1375189.000.000) 06/06 23:43:07 Image size of job updated: 161896
	136  -  MemoryUsage of job (MB)
	138988  -  ResidentSetSize of job (KB)
...
006 (1375189.000.000) 06/06 23:48:08 Image size of job updated: 161896
	136  -  MemoryUsage of job (MB)
	139244  -  ResidentSetSize of job (KB)
...
006 (1375189.000.000) 06/06 23:58:08 Image size of job updated: 161896
	140  -  MemoryUsage of job (MB)
	143076  -  ResidentSetSize of job (KB)
...
005 (1375189.000.000) 06/06 23:58:21 Job terminated.
	(1) Normal termination (return value 0)
		Usr 0 00:10:51, Sys 0 00:10:29  -  Run Remote Usage
		Usr 0 00:00:00, Sys 0 00:00:00  -  Run Local Usage
		Usr 0 00:10:51, Sys 0 00:10:29  -  Total Remote Usage
		Usr 0 00:00:00, Sys 0 00:00:00  -  Total Local Usage
	257  -  Run Bytes Sent By Job
	293  -  Run Bytes Received By Job
	257  -  Total Bytes Sent By Job
	293  -  Total Bytes Received By Job
	Partitionable Resources :    Usage  Request Allocated
	   Cpus                 :                 1         1
	   Disk (KB)            :       16        1   3023453
	   Memory (MB)          :      140     2000      2000
...
