000 (1375191.000.000) 06/06 23:15:53 Job submitted from host: <188.185.71.142:9618?addrs=188.185.71.142-9618&noUDP&sock=4096_1802_3>
...
001 (1375191.000.000) 06/06 23:32:57 Job executing on host: <188.184.186.232:9618?addrs=188.184.186.232-9618+[2001-1458-301-f8--100-d8]-9618&noUDP&sock=16747_a0a5_3>
...
006 (1375191.000.000) 06/06 23:33:06 Image size of job updated: 160760
	88  -  MemoryUsage of job (MB)
	89428  -  ResidentSetSize of job (KB)
...
006 (1375191.000.000) 06/06 23:37:30 Image size of job updated: 211064
	88  -  MemoryUsage of job (MB)
	89428  -  ResidentSetSize of job (KB)
...
005 (1375191.000.000) 06/06 23:37:30 Job terminated.
	(1) Normal termination (return value 0)
		Usr 0 00:02:04, Sys 0 00:01:57  -  Run Remote Usage
		Usr 0 00:00:00, Sys 0 00:00:00  -  Run Local Usage
		Usr 0 00:02:04, Sys 0 00:01:57  -  Total Remote Usage
		Usr 0 00:00:00, Sys 0 00:00:00  -  Total Local Usage
	60  -  Run Bytes Sent By Job
	293  -  Run Bytes Received By Job
	60  -  Total Bytes Sent By Job
	293  -  Total Bytes Received By Job
	Partitionable Resources :    Usage  Request Allocated
	   Cpus                 :                 1         1
	   Disk (KB)            :       15        1   2091953
	   Memory (MB)          :       88     2000      2000
...
