DEBUG 2019-05-08 20:36:17,497: 	 Executing command: 'submit'
DEBUG 2019-05-08 20:36:17,497: 	 Found CRAB cache file /afs/cern.ch/user/s/schhibra/.crab3
DEBUG 2019-05-08 20:36:17,509: 	 Checking credentials
DEBUG 2019-05-08 20:36:17,510: 	 Found proxy file /tmp/x509up_u59012
DEBUG 2019-05-08 20:36:17,510: 	 Getting proxy life time left
DEBUG 2019-05-08 20:36:18,518: 	 Executing : 
 command : voms-proxy-info -file /tmp/x509up_u59012 -timeleft
 output : 602037

 error: 
 retcode : 0
DEBUG 2019-05-08 20:36:19,430: 	 Executing : 
 command : voms-proxy-info -file /tmp/x509up_u59012 -actimeleft
 output : 602036

 error: 
 retcode : 0
DEBUG 2019-05-08 20:36:19,431: 	 Proxy lifetime 602037 secs is different from voms extension lifetime 602036 secs for proxy: /tmp/x509up_u59012
DEBUG 2019-05-08 20:36:19,431: 	 Proxy valid for 167:13:56 hours
INFO 2019-05-08 20:36:19,431: 	 Will use CRAB configuration file crabConfig.py
DEBUG 2019-05-08 20:36:19,431: 	 Loading CRAB configuration file.
DEBUG 2019-05-08 20:36:19,452: 	 Will use CRAB Analysis plugin (i.e. will run an analysis job type).
DEBUG 2019-05-08 20:36:19,576: 	 Executing : 
 command : openssl x509 -in ~/.globus/usercert.pem -subject -noout
 output : subject= /DC=ch/DC=cern/OU=Organic Units/OU=Users/CN=schhibra/CN=715612/CN=Simranjit Singh Chhibra

 error: 
 retcode : 0
DEBUG 2019-05-08 20:36:19,576: 	 Checking credentials
DEBUG 2019-05-08 20:36:19,577: 	 Found proxy file /tmp/x509up_u59012
DEBUG 2019-05-08 20:36:19,577: 	 Getting proxy life time left
DEBUG 2019-05-08 20:36:20,589: 	 Executing : 
 command : voms-proxy-info -file /tmp/x509up_u59012 -timeleft
 output : 602035

 error: 
 retcode : 0
DEBUG 2019-05-08 20:36:21,512: 	 Executing : 
 command : voms-proxy-info -file /tmp/x509up_u59012 -actimeleft
 output : 602034

 error: 
 retcode : 0
DEBUG 2019-05-08 20:36:21,513: 	 Proxy lifetime 602035 secs is different from voms extension lifetime 602034 secs for proxy: /tmp/x509up_u59012
DEBUG 2019-05-08 20:36:21,513: 	 Proxy valid for 167:13:54 hours
DEBUG 2019-05-08 20:36:22,424: 	 Executing : 
 command : env X509_USER_PROXY=/tmp/x509up_u59012 voms-proxy-info -fqan
 output : /cms/Role=NULL/Capability=NULL

 error: 
 retcode : 0
DEBUG 2019-05-08 20:36:22,610: 	 Registering user credentials for server /DC=ch/DC=cern/OU=computers/CN=vocms(052|058|030|0118|0105|0109).cern.ch|/DC=ch/DC=cern/OU=computers/CN=crab-(preprod|prod)-tw(02|01).cern.ch
DEBUG 2019-05-08 20:36:22,727: 	 Executing : 
 command : openssl x509 -in ~/.globus/usercert.pem -subject -noout
 output : subject= /DC=ch/DC=cern/OU=Organic Units/OU=Users/CN=schhibra/CN=715612/CN=Simranjit Singh Chhibra

 error: 
 retcode : 0
DEBUG 2019-05-08 20:36:22,727: 	 Getting myproxy life time left for myproxy.cern.ch
DEBUG 2019-05-08 20:36:22,727: 	 Calculating hash of /DC=ch/DC=cern/OU=Organic Units/OU=Users/CN=schhibra/CN=715612/CN=Simranjit Singh Chhibra_cmsweb.cern.ch for credential name
DEBUG 2019-05-08 20:36:22,935: 	 Executing : 
 command : myproxy-info -l 3841cd59f3d3480019d577f9a3ad69704f35aad0 -s myproxy.cern.ch
 output : username: 3841cd59f3d3480019d577f9a3ad69704f35aad0
owner: /DC=ch/DC=cern/OU=Organic Units/OU=Users/CN=schhibra/CN=715612/CN=Simranjit Singh Chhibra
  renewal policy: /DC=ch/DC=cern/OU=computers/CN=vocms(052|058|030|0118|0105|0109).cern.ch|/DC=ch/DC=cern/OU=computers/CN=crab-(preprod|prod)-tw(02|01).cern.ch
  trusted retrieval policy: /DC=ch/DC=cern/OU=computers/CN=vocms(052|058|030|0118|0105|0109).cern.ch|/DC=ch/DC=cern/OU=computers/CN=crab-(preprod|prod)-tw(02|01).cern.ch
  timeleft: 549:48:01  (22.9 days)

 error: 
 retcode : 0
DEBUG 2019-05-08 20:36:22,937: 	 Myproxy is valid: 1979281
DEBUG 2019-05-08 20:36:22,937: 	 Command use: submit
DEBUG 2019-05-08 20:36:22,937: 	 Options use: []
DEBUG 2019-05-08 20:36:23,080: 	 CRABClient version: 3.3.1904
DEBUG 2019-05-08 20:36:23,080: 	 Instance is prod
DEBUG 2019-05-08 20:36:23,080: 	 Server base url is cmsweb.cern.ch
DEBUG 2019-05-08 20:36:23,080: 	 Command url /crabserver/prod/workflow
DEBUG 2019-05-08 20:36:23,080: 	 Started submission
DEBUG 2019-05-08 20:36:23,080: 	 Working on /afs/cern.ch/work/s/schhibra/DarkPhotonSearch_v2/CMSSW_9_4_14/src/ScoutingAnalysis/TreeMaker/crab/ZdScoutingM12p5_L1_12_5_L1_15_7_Official_AccXEff/crab_20190508_203619
DEBUG 2019-05-08 20:36:23,251: 	 Loading required information from the environment
DEBUG 2019-05-08 20:36:23,251: 	 Found CMSSW_9_4_14 for slc6_amd64_gcc630 with base /afs/cern.ch/work/s/schhibra/DarkPhotonSearch_v2/CMSSW_9_4_14
DEBUG 2019-05-08 20:36:23,251: 	 Loading required information from the environment
DEBUG 2019-05-08 20:36:23,251: 	 Found CMSSW_9_4_14 for slc6_amd64_gcc630 with base /afs/cern.ch/work/s/schhibra/DarkPhotonSearch_v2/CMSSW_9_4_14
DEBUG 2019-05-08 20:36:23,278: 	 UNIQUE NAME: tarUUID ab5e7e18-2104-482d-a369-e0b13bda338b 
DEBUG 2019-05-08 20:36:23,279: 	 self.config: from WMCore.Configuration import Configuration
config = Configuration()
config.section_('General')
config.section_('JobType')
config.JobType.psetName = '../../test/tree_scout_cfg.py'
config.JobType.pluginName = 'Analysis'
config.JobType.inputFiles = ['../Rochester.tar.gz']
config.JobType.pyCfgParams = ['isMC=True', 'useLHEWeights=True', 'GlobalTag=94X_mc2017_realistic_v11', 'roccorData=Rochester/RoccoR2017.txt']
config.JobType.scriptExe = '../exec.sh'
config.section_('Data')
config.Data.inputDataset = '/DarkPhotonToMuMu_M12p5_madgraph_pythia8_TuneCP5/RunIIFall17DRPremix-PU2017_94X_mc2017_realistic_v11-v1/AODSIM'
config.Data.unitsPerJob = 10000
config.Data.publication = False
config.Data.splitting = 'EventAwareLumiBased'
config.Data.outLFNDirBase = '/store/group/phys_exotica/darkPhoton/schhibra/ScoutingNTuples2017'
config.section_('Site')
config.Site.storageSite = 'T2_CH_CERN'
config.section_('User')
config.section_('Debug')

DEBUG 2019-05-08 20:36:23,279: 	 self.config.JobType.psetName: ../../test/tree_scout_cfg.py
INFO 2019-05-08 20:36:23,279: 	 Importing CMSSW configuration ../../test/tree_scout_cfg.py
DEBUG 2019-05-08 20:36:23,280: 	 Additional parameters for the CMSSW configuration are: ['isMC=True', 'useLHEWeights=True', 'GlobalTag=94X_mc2017_realistic_v11', 'roccorData=Rochester/RoccoR2017.txt']
INFO 2019-05-08 20:36:25,638: 	 Finished importing CMSSW configuration ../../test/tree_scout_cfg.py
DEBUG 2019-05-08 20:36:25,638: 	 Writing CMSSW configuration to /afs/cern.ch/work/s/schhibra/DarkPhotonSearch_v2/CMSSW_9_4_14/src/ScoutingAnalysis/TreeMaker/crab/ZdScoutingM12p5_L1_12_5_L1_15_7_Official_AccXEff/crab_20190508_203619/inputs/PSet.py
DEBUG 2019-05-08 20:36:26,066: 	 The following EDM output files will be collected: []
DEBUG 2019-05-08 20:36:26,066: 	 The following TFile output files will be collected: ['tree_scout.root']
DEBUG 2019-05-08 20:36:26,066: 	 The following user output files will be collected: []
DEBUG 2019-05-08 20:36:26,066: 	 Loading required information from the environment
DEBUG 2019-05-08 20:36:26,066: 	 Found CMSSW_9_4_14 for slc6_amd64_gcc630 with base /afs/cern.ch/work/s/schhibra/DarkPhotonSearch_v2/CMSSW_9_4_14
DEBUG 2019-05-08 20:36:26,066: 	 Making tarball in /afs/cern.ch/work/s/schhibra/DarkPhotonSearch_v2/CMSSW_9_4_14/src/ScoutingAnalysis/TreeMaker/crab/ZdScoutingM12p5_L1_12_5_L1_15_7_Official_AccXEff/crab_20190508_203619/inputs/ab5e7e18-2104-482d-a369-e0b13bda338bdefault.tgz
DEBUG 2019-05-08 20:36:26,084: 	 Checking directory /afs/cern.ch/work/s/schhibra/DarkPhotonSearch_v2/CMSSW_9_4_14/lib
DEBUG 2019-05-08 20:36:26,084: 	 Adding directory /afs/cern.ch/work/s/schhibra/DarkPhotonSearch_v2/CMSSW_9_4_14/lib to tarball
DEBUG 2019-05-08 20:36:26,096: 	 Checking directory /afs/cern.ch/work/s/schhibra/DarkPhotonSearch_v2/CMSSW_9_4_14/biglib
DEBUG 2019-05-08 20:36:26,096: 	 Adding directory /afs/cern.ch/work/s/schhibra/DarkPhotonSearch_v2/CMSSW_9_4_14/biglib to tarball
DEBUG 2019-05-08 20:36:26,097: 	 Checking directory /afs/cern.ch/work/s/schhibra/DarkPhotonSearch_v2/CMSSW_9_4_14/module
DEBUG 2019-05-08 20:36:26,100: 	 Adding data directory /afs/cern.ch/work/s/schhibra/DarkPhotonSearch_v2/CMSSW_9_4_14/src/ScoutingAnalysis/TreeMaker/data to tarball
DEBUG 2019-05-08 20:36:26,332: 	 Adding data directory /afs/cern.ch/work/s/schhibra/DarkPhotonSearch_v2/CMSSW_9_4_14/src/ScoutingAnalysis/TreeMaker/interface to tarball
DEBUG 2019-05-08 20:36:26,349: 	 Adding file ../Rochester.tar.gz to tarball
DEBUG 2019-05-08 20:36:26,742: 	 Uploading archive /afs/cern.ch/work/s/schhibra/DarkPhotonSearch_v2/CMSSW_9_4_14/src/ScoutingAnalysis/TreeMaker/crab/ZdScoutingM12p5_L1_12_5_L1_15_7_Official_AccXEff/crab_20190508_203619/inputs/ab5e7e18-2104-482d-a369-e0b13bda338bdefault.tgz (1.385742.1 MB) to the CRAB cache. Using URI https://cmsweb.cern.ch/crabcache
DEBUG 2019-05-08 20:36:27,976: 	 Loading required information from the environment
DEBUG 2019-05-08 20:36:27,976: 	 Found CMSSW_9_4_14 for slc6_amd64_gcc630 with base /afs/cern.ch/work/s/schhibra/DarkPhotonSearch_v2/CMSSW_9_4_14
DEBUG 2019-05-08 20:36:27,976: 	 Making tarball in /afs/cern.ch/work/s/schhibra/DarkPhotonSearch_v2/CMSSW_9_4_14/src/ScoutingAnalysis/TreeMaker/crab/ZdScoutingM12p5_L1_12_5_L1_15_7_Official_AccXEff/crab_20190508_203619/inputs/debugFiles.tgz
DEBUG 2019-05-08 20:36:27,982: 	 Uploading archive /afs/cern.ch/work/s/schhibra/DarkPhotonSearch_v2/CMSSW_9_4_14/src/ScoutingAnalysis/TreeMaker/crab/ZdScoutingM12p5_L1_12_5_L1_15_7_Official_AccXEff/crab_20190508_203619/inputs/debugFiles.tgz (2 KB) to the CRAB cache. Using URI https://cmsweb.cern.ch/crabcache
DEBUG 2019-05-08 20:36:28,124: 	 Result uploading input files: 202ff77a57cd694dca7493871a5db3be4cad6fd6c3a711e91d5ea562ffe1ebed.tar.gz 
INFO 2019-05-08 20:36:28,124: 	 Sending the request to the server
DEBUG 2019-05-08 20:36:28,125: 	 Submitting {'maxjobruntime': 1250, 'extrajdl': [], 'lfn': '/store/group/phys_exotica/darkPhoton/schhibra/ScoutingNTuples2017', 'savelogsflag': 0, 'useparent': 0, 'scriptexe': 'exec.sh', 'asyncdest': 'T2_CH_CERN', 'algoargs': 10000, 'cachefilename': '202ff77a57cd694dca7493871a5db3be4cad6fd6c3a711e91d5ea562ffe1ebed.tar.gz', 'numcores': 1, 'addoutputfiles': [], 'generator': 'pythia', 'maxmemory': 2000, 'publishdbsurl': 'https://cmsweb.cern.ch/dbs/prod/phys03/DBSWriter', 'priority': 10, 'jobsw': 'CMSSW_9_4_14', 'edmoutfiles': [], 'userfiles': [], 'primarydataset': '', 'inputdata': '/DarkPhotonToMuMu_M12p5_madgraph_pythia8_TuneCP5/RunIIFall17DRPremix-PU2017_94X_mc2017_realistic_v11-v1/AODSIM', 'ignorelocality': 0, 'dryrun': 0, 'workflow': 'crab_20190508_203619', 'cacheurl': u'https://cmsweb.cern.ch/crabcache', 'nonprodsw': 0, 'tfileoutfiles': ['tree_scout.root'], 'oneEventMode': 0, 'debugfilename': '6c39b7a6da49e037957327339ae326e9caa401723042cdd735de91b628b0758c.tar.gz', 'saveoutput': 1, 'publication': 0, 'jobarch': 'slc6_amd64_gcc630', 'totalunits': 0, 'splitalgo': 'EventAwareLumiBased', 'ignoreglobalblacklist': 0, 'nonvaliddata': 0, 'dbsurl': 'https://cmsweb.cern.ch/dbs/prod/global/DBSReader', 'publishgroupname': 0, 'jobtype': 'Analysis', 'publishname2': ''} 
DEBUG 2019-05-08 20:36:28,125: 	 Encoded submit request: maxjobruntime=1250&lfn=%2Fstore%2Fgroup%2Fphys_exotica%2FdarkPhoton%2Fschhibra%2FScoutingNTuples2017&savelogsflag=0&useparent=0&scriptexe=exec.sh&asyncdest=T2_CH_CERN&algoargs=10000&cachefilename=202ff77a57cd694dca7493871a5db3be4cad6fd6c3a711e91d5ea562ffe1ebed.tar.gz&numcores=1&generator=pythia&maxmemory=2000&publishdbsurl=https%3A%2F%2Fcmsweb.cern.ch%2Fdbs%2Fprod%2Fphys03%2FDBSWriter&priority=10&jobsw=CMSSW_9_4_14&primarydataset=&inputdata=%2FDarkPhotonToMuMu_M12p5_madgraph_pythia8_TuneCP5%2FRunIIFall17DRPremix-PU2017_94X_mc2017_realistic_v11-v1%2FAODSIM&ignorelocality=0&dryrun=0&workflow=crab_20190508_203619&cacheurl=https%3A%2F%2Fcmsweb.cern.ch%2Fcrabcache&nonprodsw=0&oneEventMode=0&debugfilename=6c39b7a6da49e037957327339ae326e9caa401723042cdd735de91b628b0758c.tar.gz&saveoutput=1&publication=0&jobarch=slc6_amd64_gcc630&totalunits=0&splitalgo=EventAwareLumiBased&ignoreglobalblacklist=0&nonvaliddata=0&dbsurl=https%3A%2F%2Fcmsweb.cern.ch%2Fdbs%2Fprod%2Fglobal%2FDBSReader&publishgroupname=0&jobtype=Analysis&publishname2=&tfileoutfiles=tree_scout.root
DEBUG 2019-05-08 20:36:28,412: 	 Result: {u'result': [{u'RequestName': u'190508_183628:schhibra_crab_20190508_203619'}]}
INFO 2019-05-08 20:36:28,458: 	 Success: Your task has been delivered to the CRAB3 server.
INFO 2019-05-08 20:36:28,458: 	 Task name: 190508_183628:schhibra_crab_20190508_203619
INFO 2019-05-08 20:36:28,458: 	 Project dir: ./crab_20190508_203619
INFO 2019-05-08 20:36:28,458: 	 Please use 'crab status -d ./crab_20190508_203619' to check how the submission process proceeds.
DEBUG 2019-05-08 20:36:28,459: 	 About to return
INFO 2019-05-08 20:36:28,463: 	 Log file is /afs/cern.ch/work/s/schhibra/DarkPhotonSearch_v2/CMSSW_9_4_14/src/ScoutingAnalysis/TreeMaker/crab/ZdScoutingM12p5_L1_12_5_L1_15_7_Official_AccXEff/crab_20190508_203619/crab.log
DEBUG 2019-05-08 21:55:47,957: 	 Executing command: 'status'
DEBUG 2019-05-08 21:55:47,957: 	 Found CRAB cache file /afs/cern.ch/user/s/schhibra/.crab3
DEBUG 2019-05-08 21:55:47,979: 	 Checking credentials
DEBUG 2019-05-08 21:55:47,980: 	 Found proxy file /tmp/x509up_u59012
DEBUG 2019-05-08 21:55:47,980: 	 Getting proxy life time left
DEBUG 2019-05-08 21:55:49,092: 	 Executing : 
 command : voms-proxy-info -file /tmp/x509up_u59012 -timeleft
 output : 601293

 error: 
 retcode : 0
DEBUG 2019-05-08 21:55:50,109: 	 Executing : 
 command : voms-proxy-info -file /tmp/x509up_u59012 -actimeleft
 output : 601292

 error: 
 retcode : 0
DEBUG 2019-05-08 21:55:50,110: 	 Proxy lifetime 601293 secs is different from voms extension lifetime 601292 secs for proxy: /tmp/x509up_u59012
DEBUG 2019-05-08 21:55:50,110: 	 Proxy valid for 167:01:32 hours
DEBUG 2019-05-08 21:55:50,243: 	 Executing : 
 command : openssl x509 -in ~/.globus/usercert.pem -subject -noout
 output : subject= /DC=ch/DC=cern/OU=Organic Units/OU=Users/CN=schhibra/CN=715612/CN=Simranjit Singh Chhibra

 error: 
 retcode : 0
DEBUG 2019-05-08 21:55:50,244: 	 Checking credentials
DEBUG 2019-05-08 21:55:50,244: 	 Found proxy file /tmp/x509up_u59012
DEBUG 2019-05-08 21:55:50,244: 	 Getting proxy life time left
DEBUG 2019-05-08 21:55:51,254: 	 Executing : 
 command : voms-proxy-info -file /tmp/x509up_u59012 -timeleft
 output : 601291

 error: 
 retcode : 0
DEBUG 2019-05-08 21:55:52,273: 	 Executing : 
 command : voms-proxy-info -file /tmp/x509up_u59012 -actimeleft
 output : 601290

 error: 
 retcode : 0
DEBUG 2019-05-08 21:55:52,274: 	 Proxy lifetime 601291 secs is different from voms extension lifetime 601290 secs for proxy: /tmp/x509up_u59012
DEBUG 2019-05-08 21:55:52,274: 	 Proxy valid for 167:01:30 hours
DEBUG 2019-05-08 21:55:52,456: 	 Registering user credentials for server /DC=ch/DC=cern/OU=computers/CN=vocms(052|058|030|0118|0105|0109).cern.ch|/DC=ch/DC=cern/OU=computers/CN=crab-(preprod|prod)-tw(02|01).cern.ch
DEBUG 2019-05-08 21:55:52,576: 	 Executing : 
 command : openssl x509 -in ~/.globus/usercert.pem -subject -noout
 output : subject= /DC=ch/DC=cern/OU=Organic Units/OU=Users/CN=schhibra/CN=715612/CN=Simranjit Singh Chhibra

 error: 
 retcode : 0
DEBUG 2019-05-08 21:55:52,576: 	 Getting myproxy life time left for myproxy.cern.ch
DEBUG 2019-05-08 21:55:52,576: 	 Calculating hash of /DC=ch/DC=cern/OU=Organic Units/OU=Users/CN=schhibra/CN=715612/CN=Simranjit Singh Chhibra_cmsweb.cern.ch for credential name
DEBUG 2019-05-08 21:55:52,983: 	 Executing : 
 command : myproxy-info -l 3841cd59f3d3480019d577f9a3ad69704f35aad0 -s myproxy.cern.ch
 output : username: 3841cd59f3d3480019d577f9a3ad69704f35aad0
owner: /DC=ch/DC=cern/OU=Organic Units/OU=Users/CN=schhibra/CN=715612/CN=Simranjit Singh Chhibra
  renewal policy: /DC=ch/DC=cern/OU=computers/CN=vocms(052|058|030|0118|0105|0109).cern.ch|/DC=ch/DC=cern/OU=computers/CN=crab-(preprod|prod)-tw(02|01).cern.ch
  trusted retrieval policy: /DC=ch/DC=cern/OU=computers/CN=vocms(052|058|030|0118|0105|0109).cern.ch|/DC=ch/DC=cern/OU=computers/CN=crab-(preprod|prod)-tw(02|01).cern.ch
  timeleft: 548:28:31  (22.9 days)

 error: 
 retcode : 0
DEBUG 2019-05-08 21:55:52,985: 	 Myproxy is valid: 1974511
DEBUG 2019-05-08 21:55:52,986: 	 Command use: status
DEBUG 2019-05-08 21:55:52,986: 	 Options use: ['ZdScoutingM12p5_L1_12_5_L1_15_7_Official_AccXEff/crab_20190508_203619/']
DEBUG 2019-05-08 21:55:53,159: 	 CRABClient version: 3.3.1904
DEBUG 2019-05-08 21:55:53,159: 	 Instance is prod
DEBUG 2019-05-08 21:55:53,159: 	 Server base url is cmsweb.cern.ch
DEBUG 2019-05-08 21:55:53,159: 	 Command url /crabserver/prod/workflow
DEBUG 2019-05-08 21:55:53,330: 	 Got information from server oracle database: {u'result': [u'190508_183628:schhibra_crab_20190508_203619', u'None', u'None', u'SUBMITTED', u'SUBMIT', u'2019-05-08 18:36:28.406384', u'None', u'2019-05-08 18:54:07.889355', u'None', u'CMSSW_9_4_14', u'slc6_amd64_gcc630', u'/DarkPhotonToMuMu_M12p5_madgraph_pythia8_TuneCP5/RunIIFall17DRPremix-PU2017_94X_mc2017_realistic_v11-v1/AODSIM', u'F', u'0', u'[]', u'[]', u'EventAwareLumiBased', u"{'splitOnRun': False, 'events_per_job': 10000, 'halt_job_on_file_boundaries': False, 'runs': [], 'lumis': []}", u'202ff77a57cd694dca7493871a5db3be4cad6fd6c3a711e91d5ea562ffe1ebed.tar.gz', u'https://cmsweb.cern.ch/crabcache', u'schhibra', u'/DC=ch/DC=cern/OU=Organic Units/OU=Users/CN=schhibra/CN=715612/CN=Simranjit Singh Chhibra', u'cms', u'None', u'None', u'crab_20190508_203619-00000000000000000000000000000000', u'F', u'T2_CH_CERN', u'https://cmsweb.cern.ch/dbs/prod/global/DBSReader', u'https://cmsweb.cern.ch/dbs/prod/phys03/DBSWriter', u'F', u'[]', u"['tree_scout.root']", u'[]', u'Analysis', u'pythia', u'None', u'{}', u'[]', u'F', u'crab-prod-tw01', u'[]', u'1250', u'1', u'2000', u'10', u'None', u'[]', u'http://vocms0196.cern.ch/mon/cms175/190508_183628:schhibra_crab_20190508_203619', u'exec.sh', u'[]', u'[]', u'https://cmsweb.cern.ch/crabserver/prod', u'cmsgwms-collector-global.cern.ch:9620,cmssrv221.fnal.gov:9620', u'crab3@vocms0196.cern.ch', u'F', u'[]', u'T', u'/store/group/phys_exotica/darkPhoton/schhibra/ScoutingNTuples2017', u'F', u'None', u'F', u'None', u'DarkPhotonToMuMu_M12p5_madgraph_pythia8_TuneCP5', u'None', u'6c39b7a6da49e037957327339ae326e9caa401723042cdd735de91b628b0758c.tar.gz', u'37377710', u'filetransfers', u'F', u'188.185.115.30', u'0.0', u'None'], u'desc': {u'columns': [u'tm_taskname', u'tm_activity', u'panda_jobset_id', u'tm_task_status', u'tm_task_command', u'tm_start_time', u'tm_start_injection', u'tm_end_injection', u'tm_task_failure', u'tm_job_sw', u'tm_job_arch', u'tm_input_dataset', u'tm_nonvalid_input_dataset', u'tm_use_parent', u'tm_site_whitelist', u'tm_site_blacklist', u'tm_split_algo', u'tm_split_args', u'tm_user_sandbox', u'tm_cache_url', u'tm_username', u'tm_user_dn', u'tm_user_vo', u'tm_user_role', u'tm_user_group', u'tm_publish_name', u'tm_publish_groupname', u'tm_asyncdest', u'tm_dbs_url', u'tm_publish_dbs_url', u'tm_publication', u'tm_outfiles', u'tm_tfile_outfiles', u'tm_edm_outfiles', u'tm_job_type', u'tm_generator', u'tm_events_per_lumi', u'tm_arguments', u'panda_resubmitted_jobs', u'tm_save_logs', u'tw_name', u'tm_user_infiles', u'tm_maxjobruntime', u'tm_numcores', u'tm_maxmemory', u'tm_priority', u'tm_output_dataset', u'tm_task_warnings', u'tm_user_webdir', u'tm_scriptexe', u'tm_scriptargs', u'tm_extrajdl', u'tm_asourl', u'tm_collector', u'tm_schedd', u'tm_dry_run', u'tm_user_files', u'tm_transfer_outputs', u'tm_output_lfn', u'tm_ignore_locality', u'tm_fail_limit', u'tm_one_event_mode', u'tm_secondary_input_dataset', u'tm_primary_dataset', u'tm_last_publication', u'tm_debug_files', u'clusterid', u'tm_asodb', u'tm_ignore_global_blacklist', u'tm_submitter_ip_addr', u'tm_totalunits', u'tm_ddm_reqid']}}
INFO 2019-05-08 21:55:53,330: 	 CRAB project directory:		/afs/cern.ch/work/s/schhibra/DarkPhotonSearch_v2/CMSSW_9_4_14/src/ScoutingAnalysis/TreeMaker/crab/ZdScoutingM12p5_L1_12_5_L1_15_7_Official_AccXEff/crab_20190508_203619
INFO 2019-05-08 21:55:53,330: 	 Task name:			190508_183628:schhibra_crab_20190508_203619
INFO 2019-05-08 21:55:53,331: 	 Grid scheduler - Task Worker:	crab3@vocms0196.cern.ch - crab-prod-tw01
INFO 2019-05-08 21:55:53,331: 	 Status on the CRAB server:	SUBMITTED
INFO 2019-05-08 21:55:53,331: 	 Task URL to use for HELP:	https://cmsweb.cern.ch/crabserver/ui/task/190508_183628%3Aschhibra_crab_20190508_203619
INFO 2019-05-08 21:55:53,331: 	 Dashboard monitoring URL:	http://dashb-cms-job.cern.ch/dashboard/templates/task-analysis/#user=schhibra&refresh=0&table=Jobs&p=1&records=25&activemenu=2&status=&site=&tid=190508_183628%3Aschhibra_crab_20190508_203619
INFO 2019-05-08 21:55:53,331: 	 New dashboard monitoring URL:	https://monit-grafana.cern.ch/d/cmsTMDetail/cms-task-monitoring-task-view?orgId=11&var-user=schhibra&var-task=190508_183628%3Aschhibra_crab_20190508_203619
INFO 2019-05-08 21:55:53,331: 	 In case of issues with the new dashboard, please provide feedback to hn-cms-computing-tools@cern.ch
DEBUG 2019-05-08 21:55:53,331: 	 The CRAB server submitted your task to the Grid scheduler (cluster ID: 37377710)
DEBUG 2019-05-08 21:55:53,331: 	 Webdir is located at http://vocms0196.cern.ch/mon/cms175/190508_183628:schhibra_crab_20190508_203619
DEBUG 2019-05-08 21:55:53,479: 	 Proxied webdir is located at https://cmsweb.cern.ch/scheddmon/0196/cms175/190508_183628:schhibra_crab_20190508_203619
DEBUG 2019-05-08 21:55:53,479: 	 Retrieving 'status_cache' file from https://cmsweb.cern.ch/scheddmon/0196/cms175/190508_183628:schhibra_crab_20190508_203619/status_cache
DEBUG 2019-05-08 21:55:53,589: 	 Got information from status cache file: {'1': {'Retries': 0, 'WallDurations': [10.0, 219.0], 'StartTimes': [1557342168.0], 'SubmitTimes': [1557341659.0], 'JobIds': ['37377714.0'], 'EndTimes': [1557342387.0], 'Restarts': 0, 'RecordedSite': True, 'State': 'finished', 'ResidentSetSize': [181644], 'TotalUserCpuTimeHistory': [128], 'SiteHistory': ['Unknown', 'T2_US_Nebraska'], 'TotalSysCpuTimeHistory': [3]}, '3': {'Retries': 0, 'WallDurations': [9.0, 1092.0], 'StartTimes': [1557342153.0], 'SubmitTimes': [1557341659.0], 'JobIds': ['37377716.0'], 'EndTimes': [1557343245.0], 'Restarts': 0, 'RecordedSite': True, 'State': 'transferring', 'ResidentSetSize': [693032], 'TotalUserCpuTimeHistory': [225], 'SiteHistory': ['Unknown', 'T2_US_Vanderbilt'], 'TotalSysCpuTimeHistory': [8]}, '2': {'Retries': 0, 'WallDurations': [9.0, 995.0], 'StartTimes': [1557342152.0], 'SubmitTimes': [1557341659.0], 'JobIds': ['37377712.0'], 'EndTimes': [1557343147.0], 'Restarts': 0, 'RecordedSite': True, 'State': 'finished', 'ResidentSetSize': [689752], 'TotalUserCpuTimeHistory': [146], 'SiteHistory': ['Unknown', 'T2_US_Vanderbilt'], 'TotalSysCpuTimeHistory': [6]}, '5': {'Retries': 0, 'WallDurations': [9.0, 1173.0], 'StartTimes': [1557342153.0], 'SubmitTimes': [1557341659.0], 'JobIds': ['37377713.0'], 'EndTimes': [1557343326.0], 'Restarts': 0, 'RecordedSite': True, 'State': 'transferring', 'ResidentSetSize': [682848], 'TotalUserCpuTimeHistory': [239], 'SiteHistory': ['Unknown', 'T2_US_Vanderbilt'], 'TotalSysCpuTimeHistory': [9]}, '4': {'Retries': 0, 'WallDurations': [9.0, 1019.0], 'StartTimes': [1557342151.0], 'SubmitTimes': [1557341659.0], 'JobIds': ['37377715.0'], 'EndTimes': [1557343170.0], 'Restarts': 0, 'RecordedSite': True, 'State': 'finished', 'ResidentSetSize': [675004], 'TotalUserCpuTimeHistory': [154], 'SiteHistory': ['Unknown', 'T2_US_Vanderbilt'], 'TotalSysCpuTimeHistory': [5]}}
INFO 2019-05-08 21:55:53,589: 	 Status on the scheduler:	SUBMITTED
INFO 2019-05-08 21:55:53,589: 	 
Jobs status:                    finished     		 60.0% (3/5)
INFO 2019-05-08 21:55:53,590: 	 				transferring 		 40.0% (2/5)
INFO 2019-05-08 21:55:53,590: 	 
No publication information (publication has been disabled in the CRAB configuration file)
INFO 2019-05-08 21:55:53,590: 	 
Warning: the max jobs runtime is less than 30% of the task requested value (1250 min), please consider to request a lower value for failed jobs (allowed through crab resubmit) and/or improve the jobs splitting (e.g. config.Data.splitting = 'Automatic') in a new task.
INFO 2019-05-08 21:55:53,590: 	 
Warning: the average jobs CPU efficiency is less than 50%, please consider to improve the jobs splitting (e.g. config.Data.splitting = 'Automatic') in a new task
INFO 2019-05-08 21:55:53,590: 	 
Summary of run jobs:
 * Memory: 177MB min, 676MB max, 571MB ave
 * Runtime: 0:03:39 min, 0:19:33 max, 0:14:59 ave
 * CPU eff: 15% min, 60% max, 21% ave
 * Waste: 0:00:46 (1% of total)

INFO 2019-05-08 21:55:53,605: 	 Log file is /afs/cern.ch/work/s/schhibra/DarkPhotonSearch_v2/CMSSW_9_4_14/src/ScoutingAnalysis/TreeMaker/crab/ZdScoutingM12p5_L1_12_5_L1_15_7_Official_AccXEff/crab_20190508_203619/crab.log
DEBUG 2019-05-08 22:59:32,357: 	 Executing command: 'status'
DEBUG 2019-05-08 22:59:32,357: 	 Found CRAB cache file /afs/cern.ch/user/s/schhibra/.crab3
DEBUG 2019-05-08 22:59:32,373: 	 Checking credentials
DEBUG 2019-05-08 22:59:32,374: 	 Found proxy file /tmp/x509up_u59012
DEBUG 2019-05-08 22:59:32,374: 	 Getting proxy life time left
DEBUG 2019-05-08 22:59:34,190: 	 Executing : 
 command : voms-proxy-info -file /tmp/x509up_u59012 -timeleft
 output : 597468

 error: 
 retcode : 0
DEBUG 2019-05-08 22:59:35,301: 	 Executing : 
 command : voms-proxy-info -file /tmp/x509up_u59012 -actimeleft
 output : 597467

 error: 
 retcode : 0
DEBUG 2019-05-08 22:59:35,302: 	 Proxy lifetime 597468 secs is different from voms extension lifetime 597467 secs for proxy: /tmp/x509up_u59012
DEBUG 2019-05-08 22:59:35,302: 	 Proxy valid for 165:57:47 hours
DEBUG 2019-05-08 22:59:35,429: 	 Executing : 
 command : openssl x509 -in ~/.globus/usercert.pem -subject -noout
 output : subject= /DC=ch/DC=cern/OU=Organic Units/OU=Users/CN=schhibra/CN=715612/CN=Simranjit Singh Chhibra

 error: 
 retcode : 0
DEBUG 2019-05-08 22:59:35,430: 	 Checking credentials
DEBUG 2019-05-08 22:59:35,430: 	 Found proxy file /tmp/x509up_u59012
DEBUG 2019-05-08 22:59:35,430: 	 Getting proxy life time left
DEBUG 2019-05-08 22:59:36,445: 	 Executing : 
 command : voms-proxy-info -file /tmp/x509up_u59012 -timeleft
 output : 597466

 error: 
 retcode : 0
DEBUG 2019-05-08 22:59:37,456: 	 Executing : 
 command : voms-proxy-info -file /tmp/x509up_u59012 -actimeleft
 output : 597465

 error: 
 retcode : 0
DEBUG 2019-05-08 22:59:37,456: 	 Proxy lifetime 597466 secs is different from voms extension lifetime 597465 secs for proxy: /tmp/x509up_u59012
DEBUG 2019-05-08 22:59:37,456: 	 Proxy valid for 165:57:45 hours
DEBUG 2019-05-08 22:59:37,585: 	 Registering user credentials for server /DC=ch/DC=cern/OU=computers/CN=vocms(052|058|030|0118|0105|0109).cern.ch|/DC=ch/DC=cern/OU=computers/CN=crab-(preprod|prod)-tw(02|01).cern.ch
DEBUG 2019-05-08 22:59:37,704: 	 Executing : 
 command : openssl x509 -in ~/.globus/usercert.pem -subject -noout
 output : subject= /DC=ch/DC=cern/OU=Organic Units/OU=Users/CN=schhibra/CN=715612/CN=Simranjit Singh Chhibra

 error: 
 retcode : 0
DEBUG 2019-05-08 22:59:37,705: 	 Getting myproxy life time left for myproxy.cern.ch
DEBUG 2019-05-08 22:59:37,705: 	 Calculating hash of /DC=ch/DC=cern/OU=Organic Units/OU=Users/CN=schhibra/CN=715612/CN=Simranjit Singh Chhibra_cmsweb.cern.ch for credential name
DEBUG 2019-05-08 22:59:37,911: 	 Executing : 
 command : myproxy-info -l 3841cd59f3d3480019d577f9a3ad69704f35aad0 -s myproxy.cern.ch
 output : username: 3841cd59f3d3480019d577f9a3ad69704f35aad0
owner: /DC=ch/DC=cern/OU=Organic Units/OU=Users/CN=schhibra/CN=715612/CN=Simranjit Singh Chhibra
  renewal policy: /DC=ch/DC=cern/OU=computers/CN=vocms(052|058|030|0118|0105|0109).cern.ch|/DC=ch/DC=cern/OU=computers/CN=crab-(preprod|prod)-tw(02|01).cern.ch
  trusted retrieval policy: /DC=ch/DC=cern/OU=computers/CN=vocms(052|058|030|0118|0105|0109).cern.ch|/DC=ch/DC=cern/OU=computers/CN=crab-(preprod|prod)-tw(02|01).cern.ch
  timeleft: 547:24:46  (22.8 days)

 error: 
 retcode : 0
DEBUG 2019-05-08 22:59:37,913: 	 Myproxy is valid: 1970686
DEBUG 2019-05-08 22:59:37,914: 	 Command use: status
DEBUG 2019-05-08 22:59:37,915: 	 Options use: ['crab_20190508_203619/']
DEBUG 2019-05-08 22:59:38,082: 	 CRABClient version: 3.3.1904
DEBUG 2019-05-08 22:59:38,082: 	 Instance is prod
DEBUG 2019-05-08 22:59:38,082: 	 Server base url is cmsweb.cern.ch
DEBUG 2019-05-08 22:59:38,082: 	 Command url /crabserver/prod/workflow
DEBUG 2019-05-08 22:59:38,192: 	 Got information from server oracle database: {u'result': [u'190508_183628:schhibra_crab_20190508_203619', u'None', u'None', u'SUBMITTED', u'SUBMIT', u'2019-05-08 18:36:28.406384', u'None', u'2019-05-08 18:54:07.889355', u'None', u'CMSSW_9_4_14', u'slc6_amd64_gcc630', u'/DarkPhotonToMuMu_M12p5_madgraph_pythia8_TuneCP5/RunIIFall17DRPremix-PU2017_94X_mc2017_realistic_v11-v1/AODSIM', u'F', u'0', u'[]', u'[]', u'EventAwareLumiBased', u"{'splitOnRun': False, 'events_per_job': 10000, 'halt_job_on_file_boundaries': False, 'runs': [], 'lumis': []}", u'202ff77a57cd694dca7493871a5db3be4cad6fd6c3a711e91d5ea562ffe1ebed.tar.gz', u'https://cmsweb.cern.ch/crabcache', u'schhibra', u'/DC=ch/DC=cern/OU=Organic Units/OU=Users/CN=schhibra/CN=715612/CN=Simranjit Singh Chhibra', u'cms', u'None', u'None', u'crab_20190508_203619-00000000000000000000000000000000', u'F', u'T2_CH_CERN', u'https://cmsweb.cern.ch/dbs/prod/global/DBSReader', u'https://cmsweb.cern.ch/dbs/prod/phys03/DBSWriter', u'F', u'[]', u"['tree_scout.root']", u'[]', u'Analysis', u'pythia', u'None', u'{}', u'[]', u'F', u'crab-prod-tw01', u'[]', u'1250', u'1', u'2000', u'10', u'None', u'[]', u'http://vocms0196.cern.ch/mon/cms175/190508_183628:schhibra_crab_20190508_203619', u'exec.sh', u'[]', u'[]', u'https://cmsweb.cern.ch/crabserver/prod', u'cmsgwms-collector-global.cern.ch:9620,cmssrv221.fnal.gov:9620', u'crab3@vocms0196.cern.ch', u'F', u'[]', u'T', u'/store/group/phys_exotica/darkPhoton/schhibra/ScoutingNTuples2017', u'F', u'None', u'F', u'None', u'DarkPhotonToMuMu_M12p5_madgraph_pythia8_TuneCP5', u'None', u'6c39b7a6da49e037957327339ae326e9caa401723042cdd735de91b628b0758c.tar.gz', u'37377710', u'filetransfers', u'F', u'188.185.115.30', u'0.0', u'None'], u'desc': {u'columns': [u'tm_taskname', u'tm_activity', u'panda_jobset_id', u'tm_task_status', u'tm_task_command', u'tm_start_time', u'tm_start_injection', u'tm_end_injection', u'tm_task_failure', u'tm_job_sw', u'tm_job_arch', u'tm_input_dataset', u'tm_nonvalid_input_dataset', u'tm_use_parent', u'tm_site_whitelist', u'tm_site_blacklist', u'tm_split_algo', u'tm_split_args', u'tm_user_sandbox', u'tm_cache_url', u'tm_username', u'tm_user_dn', u'tm_user_vo', u'tm_user_role', u'tm_user_group', u'tm_publish_name', u'tm_publish_groupname', u'tm_asyncdest', u'tm_dbs_url', u'tm_publish_dbs_url', u'tm_publication', u'tm_outfiles', u'tm_tfile_outfiles', u'tm_edm_outfiles', u'tm_job_type', u'tm_generator', u'tm_events_per_lumi', u'tm_arguments', u'panda_resubmitted_jobs', u'tm_save_logs', u'tw_name', u'tm_user_infiles', u'tm_maxjobruntime', u'tm_numcores', u'tm_maxmemory', u'tm_priority', u'tm_output_dataset', u'tm_task_warnings', u'tm_user_webdir', u'tm_scriptexe', u'tm_scriptargs', u'tm_extrajdl', u'tm_asourl', u'tm_collector', u'tm_schedd', u'tm_dry_run', u'tm_user_files', u'tm_transfer_outputs', u'tm_output_lfn', u'tm_ignore_locality', u'tm_fail_limit', u'tm_one_event_mode', u'tm_secondary_input_dataset', u'tm_primary_dataset', u'tm_last_publication', u'tm_debug_files', u'clusterid', u'tm_asodb', u'tm_ignore_global_blacklist', u'tm_submitter_ip_addr', u'tm_totalunits', u'tm_ddm_reqid']}}
INFO 2019-05-08 22:59:38,193: 	 CRAB project directory:		/afs/cern.ch/work/s/schhibra/DarkPhotonSearch_v2/CMSSW_9_4_14/src/ScoutingAnalysis/TreeMaker/crab/ZdScoutingM12p5_L1_12_5_L1_15_7_Official_AccXEff/crab_20190508_203619
INFO 2019-05-08 22:59:38,193: 	 Task name:			190508_183628:schhibra_crab_20190508_203619
INFO 2019-05-08 22:59:38,193: 	 Grid scheduler - Task Worker:	crab3@vocms0196.cern.ch - crab-prod-tw01
INFO 2019-05-08 22:59:38,193: 	 Status on the CRAB server:	SUBMITTED
INFO 2019-05-08 22:59:38,193: 	 Task URL to use for HELP:	https://cmsweb.cern.ch/crabserver/ui/task/190508_183628%3Aschhibra_crab_20190508_203619
INFO 2019-05-08 22:59:38,193: 	 Dashboard monitoring URL:	http://dashb-cms-job.cern.ch/dashboard/templates/task-analysis/#user=schhibra&refresh=0&table=Jobs&p=1&records=25&activemenu=2&status=&site=&tid=190508_183628%3Aschhibra_crab_20190508_203619
INFO 2019-05-08 22:59:38,193: 	 New dashboard monitoring URL:	https://monit-grafana.cern.ch/d/cmsTMDetail/cms-task-monitoring-task-view?orgId=11&var-user=schhibra&var-task=190508_183628%3Aschhibra_crab_20190508_203619
INFO 2019-05-08 22:59:38,193: 	 In case of issues with the new dashboard, please provide feedback to hn-cms-computing-tools@cern.ch
DEBUG 2019-05-08 22:59:38,193: 	 The CRAB server submitted your task to the Grid scheduler (cluster ID: 37377710)
DEBUG 2019-05-08 22:59:38,194: 	 Webdir is located at http://vocms0196.cern.ch/mon/cms175/190508_183628:schhibra_crab_20190508_203619
DEBUG 2019-05-08 22:59:38,342: 	 Proxied webdir is located at https://cmsweb.cern.ch/scheddmon/0196/cms175/190508_183628:schhibra_crab_20190508_203619
DEBUG 2019-05-08 22:59:38,342: 	 Retrieving 'status_cache' file from https://cmsweb.cern.ch/scheddmon/0196/cms175/190508_183628:schhibra_crab_20190508_203619/status_cache
DEBUG 2019-05-08 22:59:38,437: 	 Got information from status cache file: {'1': {'Retries': 0, 'WallDurations': [10.0, 219.0], 'StartTimes': [1557342168.0], 'SubmitTimes': [1557341659.0], 'JobIds': ['37377714.0'], 'EndTimes': [1557342387.0], 'Restarts': 0, 'RecordedSite': True, 'State': 'finished', 'ResidentSetSize': [181644], 'TotalUserCpuTimeHistory': [128], 'SiteHistory': ['Unknown', 'T2_US_Nebraska'], 'TotalSysCpuTimeHistory': [3]}, '3': {'Retries': 0, 'WallDurations': [9.0, 1092.0], 'StartTimes': [1557342153.0], 'SubmitTimes': [1557341659.0], 'JobIds': ['37377716.0'], 'EndTimes': [1557343245.0], 'Restarts': 0, 'RecordedSite': True, 'State': 'finished', 'ResidentSetSize': [693032], 'TotalUserCpuTimeHistory': [225], 'SiteHistory': ['Unknown', 'T2_US_Vanderbilt'], 'TotalSysCpuTimeHistory': [8]}, '2': {'Retries': 0, 'WallDurations': [9.0, 995.0], 'StartTimes': [1557342152.0], 'SubmitTimes': [1557341659.0], 'JobIds': ['37377712.0'], 'EndTimes': [1557343147.0], 'Restarts': 0, 'RecordedSite': True, 'State': 'finished', 'ResidentSetSize': [689752], 'TotalUserCpuTimeHistory': [146], 'SiteHistory': ['Unknown', 'T2_US_Vanderbilt'], 'TotalSysCpuTimeHistory': [6]}, '5': {'Retries': 0, 'WallDurations': [9.0, 1173.0], 'StartTimes': [1557342153.0], 'SubmitTimes': [1557341659.0], 'JobIds': ['37377713.0'], 'EndTimes': [1557343326.0], 'Restarts': 0, 'RecordedSite': True, 'State': 'finished', 'ResidentSetSize': [682848], 'TotalUserCpuTimeHistory': [239], 'SiteHistory': ['Unknown', 'T2_US_Vanderbilt'], 'TotalSysCpuTimeHistory': [9]}, '4': {'Retries': 0, 'WallDurations': [9.0, 1019.0], 'StartTimes': [1557342151.0], 'SubmitTimes': [1557341659.0], 'JobIds': ['37377715.0'], 'EndTimes': [1557343170.0], 'Restarts': 0, 'RecordedSite': True, 'State': 'finished', 'ResidentSetSize': [675004], 'TotalUserCpuTimeHistory': [154], 'SiteHistory': ['Unknown', 'T2_US_Vanderbilt'], 'TotalSysCpuTimeHistory': [5]}}
INFO 2019-05-08 22:59:38,437: 	 Status on the scheduler:	COMPLETED
INFO 2019-05-08 22:59:38,438: 	 
Jobs status:                    finished     		100.0% (5/5)
INFO 2019-05-08 22:59:38,438: 	 
No publication information (publication has been disabled in the CRAB configuration file)
INFO 2019-05-08 22:59:38,438: 	 
Warning: the max jobs runtime is less than 30% of the task requested value (1250 min), please consider to request a lower value for failed jobs (allowed through crab resubmit) and/or improve the jobs splitting (e.g. config.Data.splitting = 'Automatic') in a new task.
INFO 2019-05-08 22:59:38,438: 	 
Warning: the average jobs CPU efficiency is less than 50%, please consider to improve the jobs splitting (e.g. config.Data.splitting = 'Automatic') in a new task
INFO 2019-05-08 22:59:38,438: 	 
Summary of run jobs:
 * Memory: 177MB min, 676MB max, 571MB ave
 * Runtime: 0:03:39 min, 0:19:33 max, 0:14:59 ave
 * CPU eff: 15% min, 60% max, 21% ave
 * Waste: 0:00:46 (1% of total)

INFO 2019-05-08 22:59:38,453: 	 Log file is /afs/cern.ch/work/s/schhibra/DarkPhotonSearch_v2/CMSSW_9_4_14/src/ScoutingAnalysis/TreeMaker/crab/ZdScoutingM12p5_L1_12_5_L1_15_7_Official_AccXEff/crab_20190508_203619/crab.log
DEBUG 2019-05-09 13:48:28,919: 	 Executing command: 'status'
DEBUG 2019-05-09 13:48:28,919: 	 Found CRAB cache file /afs/cern.ch/user/s/schhibra/.crab3
DEBUG 2019-05-09 13:48:28,970: 	 Checking credentials
DEBUG 2019-05-09 13:48:28,973: 	 Found proxy file /tmp/x509up_u59012
DEBUG 2019-05-09 13:48:28,974: 	 Getting proxy life time left
DEBUG 2019-05-09 13:48:29,982: 	 Executing : 
 command : voms-proxy-info -file /tmp/x509up_u59012 -timeleft
 output : 85161

 error: 
 retcode : 0
DEBUG 2019-05-09 13:48:30,891: 	 Executing : 
 command : voms-proxy-info -file /tmp/x509up_u59012 -actimeleft
 output : 85159

 error: 
 retcode : 0
DEBUG 2019-05-09 13:48:30,891: 	 Proxy lifetime 85161 secs is different from voms extension lifetime 85159 secs for proxy: /tmp/x509up_u59012
DEBUG 2019-05-09 13:48:30,891: 	 Proxy valid for 23:39:19 hours
DEBUG 2019-05-09 13:48:31,011: 	 Executing : 
 command : openssl x509 -in ~/.globus/usercert.pem -subject -noout
 output : subject= /DC=ch/DC=cern/OU=Organic Units/OU=Users/CN=schhibra/CN=715612/CN=Simranjit Singh Chhibra

 error: 
 retcode : 0
DEBUG 2019-05-09 13:48:31,012: 	 Checking credentials
DEBUG 2019-05-09 13:48:31,012: 	 Found proxy file /tmp/x509up_u59012
DEBUG 2019-05-09 13:48:31,012: 	 Getting proxy life time left
DEBUG 2019-05-09 13:48:31,921: 	 Executing : 
 command : voms-proxy-info -file /tmp/x509up_u59012 -timeleft
 output : 85159

 error: 
 retcode : 0
DEBUG 2019-05-09 13:48:32,732: 	 Executing : 
 command : voms-proxy-info -file /tmp/x509up_u59012 -actimeleft
 output : 85157

 error: 
 retcode : 0
DEBUG 2019-05-09 13:48:32,733: 	 Proxy lifetime 85159 secs is different from voms extension lifetime 85157 secs for proxy: /tmp/x509up_u59012
DEBUG 2019-05-09 13:48:32,733: 	 Proxy valid for 23:39:17 hours
DEBUG 2019-05-09 13:48:32,886: 	 Registering user credentials for server /DC=ch/DC=cern/OU=computers/CN=vocms(052|058|030|0118|0105|0109).cern.ch|/DC=ch/DC=cern/OU=computers/CN=crab-(preprod|prod)-tw(02|01).cern.ch
DEBUG 2019-05-09 13:48:33,001: 	 Executing : 
 command : openssl x509 -in ~/.globus/usercert.pem -subject -noout
 output : subject= /DC=ch/DC=cern/OU=Organic Units/OU=Users/CN=schhibra/CN=715612/CN=Simranjit Singh Chhibra

 error: 
 retcode : 0
DEBUG 2019-05-09 13:48:33,002: 	 Getting myproxy life time left for myproxy.cern.ch
DEBUG 2019-05-09 13:48:33,002: 	 Calculating hash of /DC=ch/DC=cern/OU=Organic Units/OU=Users/CN=schhibra/CN=715612/CN=Simranjit Singh Chhibra_cmsweb.cern.ch for credential name
DEBUG 2019-05-09 13:48:33,208: 	 Executing : 
 command : myproxy-info -l 3841cd59f3d3480019d577f9a3ad69704f35aad0 -s myproxy.cern.ch
 output : username: 3841cd59f3d3480019d577f9a3ad69704f35aad0
owner: /DC=ch/DC=cern/OU=Organic Units/OU=Users/CN=schhibra/CN=715612/CN=Simranjit Singh Chhibra
  renewal policy: /DC=ch/DC=cern/OU=computers/CN=vocms(052|058|030|0118|0105|0109).cern.ch|/DC=ch/DC=cern/OU=computers/CN=crab-(preprod|prod)-tw(02|01).cern.ch
  trusted retrieval policy: /DC=ch/DC=cern/OU=computers/CN=vocms(052|058|030|0118|0105|0109).cern.ch|/DC=ch/DC=cern/OU=computers/CN=crab-(preprod|prod)-tw(02|01).cern.ch
  timeleft: 532:35:50  (22.2 days)

 error: 
 retcode : 0
DEBUG 2019-05-09 13:48:33,210: 	 Myproxy is valid: 1917350
DEBUG 2019-05-09 13:48:33,210: 	 Command use: status
DEBUG 2019-05-09 13:48:33,211: 	 Options use: ['ZdScoutingM12p5_L1_12_5_L1_15_7_Official_AccXEff/crab_20190508_203619/']
DEBUG 2019-05-09 13:48:33,307: 	 CRABClient version: 3.3.1904
DEBUG 2019-05-09 13:48:33,307: 	 Instance is prod
DEBUG 2019-05-09 13:48:33,307: 	 Server base url is cmsweb.cern.ch
DEBUG 2019-05-09 13:48:33,307: 	 Command url /crabserver/prod/workflow
DEBUG 2019-05-09 13:48:33,427: 	 Got information from server oracle database: {u'result': [u'190508_183628:schhibra_crab_20190508_203619', u'None', u'None', u'SUBMITTED', u'SUBMIT', u'2019-05-08 18:36:28.406384', u'None', u'2019-05-08 18:54:07.889355', u'None', u'CMSSW_9_4_14', u'slc6_amd64_gcc630', u'/DarkPhotonToMuMu_M12p5_madgraph_pythia8_TuneCP5/RunIIFall17DRPremix-PU2017_94X_mc2017_realistic_v11-v1/AODSIM', u'F', u'0', u'[]', u'[]', u'EventAwareLumiBased', u"{'splitOnRun': False, 'events_per_job': 10000, 'halt_job_on_file_boundaries': False, 'runs': [], 'lumis': []}", u'202ff77a57cd694dca7493871a5db3be4cad6fd6c3a711e91d5ea562ffe1ebed.tar.gz', u'https://cmsweb.cern.ch/crabcache', u'schhibra', u'/DC=ch/DC=cern/OU=Organic Units/OU=Users/CN=schhibra/CN=715612/CN=Simranjit Singh Chhibra', u'cms', u'None', u'None', u'crab_20190508_203619-00000000000000000000000000000000', u'F', u'T2_CH_CERN', u'https://cmsweb.cern.ch/dbs/prod/global/DBSReader', u'https://cmsweb.cern.ch/dbs/prod/phys03/DBSWriter', u'F', u'[]', u"['tree_scout.root']", u'[]', u'Analysis', u'pythia', u'None', u'{}', u'[]', u'F', u'crab-prod-tw01', u'[]', u'1250', u'1', u'2000', u'10', u'None', u'[]', u'http://vocms0196.cern.ch/mon/cms175/190508_183628:schhibra_crab_20190508_203619', u'exec.sh', u'[]', u'[]', u'https://cmsweb.cern.ch/crabserver/prod', u'cmsgwms-collector-global.cern.ch:9620,cmssrv221.fnal.gov:9620', u'crab3@vocms0196.cern.ch', u'F', u'[]', u'T', u'/store/group/phys_exotica/darkPhoton/schhibra/ScoutingNTuples2017', u'F', u'None', u'F', u'None', u'DarkPhotonToMuMu_M12p5_madgraph_pythia8_TuneCP5', u'None', u'6c39b7a6da49e037957327339ae326e9caa401723042cdd735de91b628b0758c.tar.gz', u'37377710', u'filetransfers', u'F', u'188.185.115.30', u'0.0', u'None'], u'desc': {u'columns': [u'tm_taskname', u'tm_activity', u'panda_jobset_id', u'tm_task_status', u'tm_task_command', u'tm_start_time', u'tm_start_injection', u'tm_end_injection', u'tm_task_failure', u'tm_job_sw', u'tm_job_arch', u'tm_input_dataset', u'tm_nonvalid_input_dataset', u'tm_use_parent', u'tm_site_whitelist', u'tm_site_blacklist', u'tm_split_algo', u'tm_split_args', u'tm_user_sandbox', u'tm_cache_url', u'tm_username', u'tm_user_dn', u'tm_user_vo', u'tm_user_role', u'tm_user_group', u'tm_publish_name', u'tm_publish_groupname', u'tm_asyncdest', u'tm_dbs_url', u'tm_publish_dbs_url', u'tm_publication', u'tm_outfiles', u'tm_tfile_outfiles', u'tm_edm_outfiles', u'tm_job_type', u'tm_generator', u'tm_events_per_lumi', u'tm_arguments', u'panda_resubmitted_jobs', u'tm_save_logs', u'tw_name', u'tm_user_infiles', u'tm_maxjobruntime', u'tm_numcores', u'tm_maxmemory', u'tm_priority', u'tm_output_dataset', u'tm_task_warnings', u'tm_user_webdir', u'tm_scriptexe', u'tm_scriptargs', u'tm_extrajdl', u'tm_asourl', u'tm_collector', u'tm_schedd', u'tm_dry_run', u'tm_user_files', u'tm_transfer_outputs', u'tm_output_lfn', u'tm_ignore_locality', u'tm_fail_limit', u'tm_one_event_mode', u'tm_secondary_input_dataset', u'tm_primary_dataset', u'tm_last_publication', u'tm_debug_files', u'clusterid', u'tm_asodb', u'tm_ignore_global_blacklist', u'tm_submitter_ip_addr', u'tm_totalunits', u'tm_ddm_reqid']}}
INFO 2019-05-09 13:48:33,428: 	 CRAB project directory:		/afs/cern.ch/work/s/schhibra/DarkPhotonSearch_v2/CMSSW_9_4_14/src/ScoutingAnalysis/TreeMaker/crab/ZdScoutingM12p5_L1_12_5_L1_15_7_Official_AccXEff/crab_20190508_203619
INFO 2019-05-09 13:48:33,428: 	 Task name:			190508_183628:schhibra_crab_20190508_203619
INFO 2019-05-09 13:48:33,428: 	 Grid scheduler - Task Worker:	crab3@vocms0196.cern.ch - crab-prod-tw01
INFO 2019-05-09 13:48:33,428: 	 Status on the CRAB server:	SUBMITTED
INFO 2019-05-09 13:48:33,428: 	 Task URL to use for HELP:	https://cmsweb.cern.ch/crabserver/ui/task/190508_183628%3Aschhibra_crab_20190508_203619
INFO 2019-05-09 13:48:33,428: 	 Dashboard monitoring URL:	http://dashb-cms-job.cern.ch/dashboard/templates/task-analysis/#user=schhibra&refresh=0&table=Jobs&p=1&records=25&activemenu=2&status=&site=&tid=190508_183628%3Aschhibra_crab_20190508_203619
INFO 2019-05-09 13:48:33,428: 	 New dashboard monitoring URL:	https://monit-grafana.cern.ch/d/cmsTMDetail/cms-task-monitoring-task-view?orgId=11&var-user=schhibra&var-task=190508_183628%3Aschhibra_crab_20190508_203619
INFO 2019-05-09 13:48:33,428: 	 In case of issues with the new dashboard, please provide feedback to hn-cms-computing-tools@cern.ch
DEBUG 2019-05-09 13:48:33,428: 	 The CRAB server submitted your task to the Grid scheduler (cluster ID: 37377710)
DEBUG 2019-05-09 13:48:33,428: 	 Webdir is located at http://vocms0196.cern.ch/mon/cms175/190508_183628:schhibra_crab_20190508_203619
DEBUG 2019-05-09 13:48:33,585: 	 Proxied webdir is located at https://cmsweb.cern.ch/scheddmon/0196/cms175/190508_183628:schhibra_crab_20190508_203619
DEBUG 2019-05-09 13:48:33,585: 	 Retrieving 'status_cache' file from https://cmsweb.cern.ch/scheddmon/0196/cms175/190508_183628:schhibra_crab_20190508_203619/status_cache
DEBUG 2019-05-09 13:48:33,654: 	 Got information from status cache file: {'1': {'Retries': 0, 'WallDurations': [10.0, 219.0], 'StartTimes': [1557342168.0], 'SubmitTimes': [1557341659.0], 'JobIds': ['37377714.0'], 'EndTimes': [1557342387.0], 'Restarts': 0, 'RecordedSite': True, 'State': 'finished', 'ResidentSetSize': [181644], 'TotalUserCpuTimeHistory': [128], 'SiteHistory': ['Unknown', 'T2_US_Nebraska'], 'TotalSysCpuTimeHistory': [3]}, '3': {'Retries': 0, 'WallDurations': [9.0, 1092.0], 'StartTimes': [1557342153.0], 'SubmitTimes': [1557341659.0], 'JobIds': ['37377716.0'], 'EndTimes': [1557343245.0], 'Restarts': 0, 'RecordedSite': True, 'State': 'finished', 'ResidentSetSize': [693032], 'TotalUserCpuTimeHistory': [225], 'SiteHistory': ['Unknown', 'T2_US_Vanderbilt'], 'TotalSysCpuTimeHistory': [8]}, '2': {'Retries': 0, 'WallDurations': [9.0, 995.0], 'StartTimes': [1557342152.0], 'SubmitTimes': [1557341659.0], 'JobIds': ['37377712.0'], 'EndTimes': [1557343147.0], 'Restarts': 0, 'RecordedSite': True, 'State': 'finished', 'ResidentSetSize': [689752], 'TotalUserCpuTimeHistory': [146], 'SiteHistory': ['Unknown', 'T2_US_Vanderbilt'], 'TotalSysCpuTimeHistory': [6]}, '5': {'Retries': 0, 'WallDurations': [9.0, 1173.0], 'StartTimes': [1557342153.0], 'SubmitTimes': [1557341659.0], 'JobIds': ['37377713.0'], 'EndTimes': [1557343326.0], 'Restarts': 0, 'RecordedSite': True, 'State': 'finished', 'ResidentSetSize': [682848], 'TotalUserCpuTimeHistory': [239], 'SiteHistory': ['Unknown', 'T2_US_Vanderbilt'], 'TotalSysCpuTimeHistory': [9]}, '4': {'Retries': 0, 'WallDurations': [9.0, 1019.0], 'StartTimes': [1557342151.0], 'SubmitTimes': [1557341659.0], 'JobIds': ['37377715.0'], 'EndTimes': [1557343170.0], 'Restarts': 0, 'RecordedSite': True, 'State': 'finished', 'ResidentSetSize': [675004], 'TotalUserCpuTimeHistory': [154], 'SiteHistory': ['Unknown', 'T2_US_Vanderbilt'], 'TotalSysCpuTimeHistory': [5]}}
INFO 2019-05-09 13:48:33,654: 	 Status on the scheduler:	COMPLETED
INFO 2019-05-09 13:48:33,654: 	 
Jobs status:                    finished     		100.0% (5/5)
INFO 2019-05-09 13:48:33,654: 	 
No publication information (publication has been disabled in the CRAB configuration file)
INFO 2019-05-09 13:48:33,655: 	 
Warning: the max jobs runtime is less than 30% of the task requested value (1250 min), please consider to request a lower value for failed jobs (allowed through crab resubmit) and/or improve the jobs splitting (e.g. config.Data.splitting = 'Automatic') in a new task.
INFO 2019-05-09 13:48:33,655: 	 
Warning: the average jobs CPU efficiency is less than 50%, please consider to improve the jobs splitting (e.g. config.Data.splitting = 'Automatic') in a new task
INFO 2019-05-09 13:48:33,655: 	 
Summary of run jobs:
 * Memory: 177MB min, 676MB max, 571MB ave
 * Runtime: 0:03:39 min, 0:19:33 max, 0:14:59 ave
 * CPU eff: 15% min, 60% max, 21% ave
 * Waste: 0:00:46 (1% of total)

INFO 2019-05-09 13:48:33,709: 	 Log file is /afs/cern.ch/work/s/schhibra/DarkPhotonSearch_v2/CMSSW_9_4_14/src/ScoutingAnalysis/TreeMaker/crab/ZdScoutingM12p5_L1_12_5_L1_15_7_Official_AccXEff/crab_20190508_203619/crab.log
