DEBUG 2019-05-08 23:06:10,969: 	 Executing command: 'submit'
DEBUG 2019-05-08 23:06:10,970: 	 Found CRAB cache file /afs/cern.ch/user/s/schhibra/.crab3
DEBUG 2019-05-08 23:06:10,982: 	 Checking credentials
DEBUG 2019-05-08 23:06:10,983: 	 Found proxy file /tmp/x509up_u59012
DEBUG 2019-05-08 23:06:10,983: 	 Getting proxy life time left
DEBUG 2019-05-08 23:06:11,993: 	 Executing : 
 command : voms-proxy-info -file /tmp/x509up_u59012 -timeleft
 output : 597071

 error: 
 retcode : 0
DEBUG 2019-05-08 23:06:13,004: 	 Executing : 
 command : voms-proxy-info -file /tmp/x509up_u59012 -actimeleft
 output : 597070

 error: 
 retcode : 0
DEBUG 2019-05-08 23:06:13,005: 	 Proxy lifetime 597071 secs is different from voms extension lifetime 597070 secs for proxy: /tmp/x509up_u59012
DEBUG 2019-05-08 23:06:13,005: 	 Proxy valid for 165:51:10 hours
INFO 2019-05-08 23:06:13,005: 	 Will use CRAB configuration file crabConfig.py
DEBUG 2019-05-08 23:06:13,005: 	 Loading CRAB configuration file.
DEBUG 2019-05-08 23:06:13,024: 	 Will use CRAB Analysis plugin (i.e. will run an analysis job type).
DEBUG 2019-05-08 23:06:13,154: 	 Executing : 
 command : openssl x509 -in ~/.globus/usercert.pem -subject -noout
 output : subject= /DC=ch/DC=cern/OU=Organic Units/OU=Users/CN=schhibra/CN=715612/CN=Simranjit Singh Chhibra

 error: 
 retcode : 0
DEBUG 2019-05-08 23:06:13,155: 	 Checking credentials
DEBUG 2019-05-08 23:06:13,155: 	 Found proxy file /tmp/x509up_u59012
DEBUG 2019-05-08 23:06:13,155: 	 Getting proxy life time left
DEBUG 2019-05-08 23:06:14,168: 	 Executing : 
 command : voms-proxy-info -file /tmp/x509up_u59012 -timeleft
 output : 597068

 error: 
 retcode : 0
DEBUG 2019-05-08 23:06:15,178: 	 Executing : 
 command : voms-proxy-info -file /tmp/x509up_u59012 -actimeleft
 output : 597067

 error: 
 retcode : 0
DEBUG 2019-05-08 23:06:15,178: 	 Proxy lifetime 597068 secs is different from voms extension lifetime 597067 secs for proxy: /tmp/x509up_u59012
DEBUG 2019-05-08 23:06:15,178: 	 Proxy valid for 165:51:07 hours
DEBUG 2019-05-08 23:06:16,088: 	 Executing : 
 command : env X509_USER_PROXY=/tmp/x509up_u59012 voms-proxy-info -fqan
 output : /cms/Role=NULL/Capability=NULL

 error: 
 retcode : 0
DEBUG 2019-05-08 23:06:16,198: 	 Registering user credentials for server /DC=ch/DC=cern/OU=computers/CN=vocms(052|058|030|0118|0105|0109).cern.ch|/DC=ch/DC=cern/OU=computers/CN=crab-(preprod|prod)-tw(02|01).cern.ch
DEBUG 2019-05-08 23:06:16,318: 	 Executing : 
 command : openssl x509 -in ~/.globus/usercert.pem -subject -noout
 output : subject= /DC=ch/DC=cern/OU=Organic Units/OU=Users/CN=schhibra/CN=715612/CN=Simranjit Singh Chhibra

 error: 
 retcode : 0
DEBUG 2019-05-08 23:06:16,318: 	 Getting myproxy life time left for myproxy.cern.ch
DEBUG 2019-05-08 23:06:16,318: 	 Calculating hash of /DC=ch/DC=cern/OU=Organic Units/OU=Users/CN=schhibra/CN=715612/CN=Simranjit Singh Chhibra_cmsweb.cern.ch for credential name
DEBUG 2019-05-08 23:06:16,525: 	 Executing : 
 command : myproxy-info -l 3841cd59f3d3480019d577f9a3ad69704f35aad0 -s myproxy.cern.ch
 output : username: 3841cd59f3d3480019d577f9a3ad69704f35aad0
owner: /DC=ch/DC=cern/OU=Organic Units/OU=Users/CN=schhibra/CN=715612/CN=Simranjit Singh Chhibra
  renewal policy: /DC=ch/DC=cern/OU=computers/CN=vocms(052|058|030|0118|0105|0109).cern.ch|/DC=ch/DC=cern/OU=computers/CN=crab-(preprod|prod)-tw(02|01).cern.ch
  trusted retrieval policy: /DC=ch/DC=cern/OU=computers/CN=vocms(052|058|030|0118|0105|0109).cern.ch|/DC=ch/DC=cern/OU=computers/CN=crab-(preprod|prod)-tw(02|01).cern.ch
  timeleft: 547:18:07  (22.8 days)

 error: 
 retcode : 0
DEBUG 2019-05-08 23:06:16,527: 	 Myproxy is valid: 1970287
DEBUG 2019-05-08 23:06:16,527: 	 Command use: submit
DEBUG 2019-05-08 23:06:16,527: 	 Options use: ['crabConfig.py']
DEBUG 2019-05-08 23:06:16,646: 	 CRABClient version: 3.3.1904
DEBUG 2019-05-08 23:06:16,647: 	 Instance is prod
DEBUG 2019-05-08 23:06:16,647: 	 Server base url is cmsweb.cern.ch
DEBUG 2019-05-08 23:06:16,647: 	 Command url /crabserver/prod/workflow
DEBUG 2019-05-08 23:06:16,647: 	 Started submission
DEBUG 2019-05-08 23:06:16,647: 	 Working on /afs/cern.ch/work/s/schhibra/DarkPhotonSearch_v2/CMSSW_9_4_14/src/ScoutingAnalysis/TreeMaker/crab/ZdScoutingM60_L1_12_5_L1_15_7_Official_AccXEff/crab_20190508_230613
DEBUG 2019-05-08 23:06:16,861: 	 Loading required information from the environment
DEBUG 2019-05-08 23:06:16,861: 	 Found CMSSW_9_4_14 for slc6_amd64_gcc630 with base /afs/cern.ch/work/s/schhibra/DarkPhotonSearch_v2/CMSSW_9_4_14
DEBUG 2019-05-08 23:06:16,861: 	 Loading required information from the environment
DEBUG 2019-05-08 23:06:16,861: 	 Found CMSSW_9_4_14 for slc6_amd64_gcc630 with base /afs/cern.ch/work/s/schhibra/DarkPhotonSearch_v2/CMSSW_9_4_14
DEBUG 2019-05-08 23:06:16,890: 	 UNIQUE NAME: tarUUID a84832f8-552a-41d7-b009-3247b1d0f059 
DEBUG 2019-05-08 23:06:16,891: 	 self.config: from WMCore.Configuration import Configuration
config = Configuration()
config.section_('General')
config.section_('JobType')
config.JobType.psetName = '../../test/tree_scout_cfg.py'
config.JobType.pluginName = 'Analysis'
config.JobType.inputFiles = ['../Rochester.tar.gz']
config.JobType.pyCfgParams = ['isMC=True', 'useLHEWeights=True', 'GlobalTag=94X_mc2017_realistic_v11', 'roccorData=Rochester/RoccoR2017.txt']
config.JobType.scriptExe = '../exec.sh'
config.section_('Data')
config.Data.inputDataset = '/DarkPhotonToMuMu_M60_madgraph_pythia8_TuneCP5/RunIIFall17DRPremix-PU2017_94X_mc2017_realistic_v11-v1/AODSIM'
config.Data.unitsPerJob = 10000
config.Data.publication = False
config.Data.splitting = 'EventAwareLumiBased'
config.Data.outLFNDirBase = '/store/group/phys_exotica/darkPhoton/schhibra/ScoutingNTuples2017'
config.section_('Site')
config.Site.storageSite = 'T2_CH_CERN'
config.section_('User')
config.section_('Debug')

DEBUG 2019-05-08 23:06:16,891: 	 self.config.JobType.psetName: ../../test/tree_scout_cfg.py
INFO 2019-05-08 23:06:16,892: 	 Importing CMSSW configuration ../../test/tree_scout_cfg.py
DEBUG 2019-05-08 23:06:16,892: 	 Additional parameters for the CMSSW configuration are: ['isMC=True', 'useLHEWeights=True', 'GlobalTag=94X_mc2017_realistic_v11', 'roccorData=Rochester/RoccoR2017.txt']
INFO 2019-05-08 23:06:19,258: 	 Finished importing CMSSW configuration ../../test/tree_scout_cfg.py
DEBUG 2019-05-08 23:06:19,258: 	 Writing CMSSW configuration to /afs/cern.ch/work/s/schhibra/DarkPhotonSearch_v2/CMSSW_9_4_14/src/ScoutingAnalysis/TreeMaker/crab/ZdScoutingM60_L1_12_5_L1_15_7_Official_AccXEff/crab_20190508_230613/inputs/PSet.py
DEBUG 2019-05-08 23:06:19,681: 	 The following EDM output files will be collected: []
DEBUG 2019-05-08 23:06:19,681: 	 The following TFile output files will be collected: ['tree_scout.root']
DEBUG 2019-05-08 23:06:19,681: 	 The following user output files will be collected: []
DEBUG 2019-05-08 23:06:19,681: 	 Loading required information from the environment
DEBUG 2019-05-08 23:06:19,681: 	 Found CMSSW_9_4_14 for slc6_amd64_gcc630 with base /afs/cern.ch/work/s/schhibra/DarkPhotonSearch_v2/CMSSW_9_4_14
DEBUG 2019-05-08 23:06:19,681: 	 Making tarball in /afs/cern.ch/work/s/schhibra/DarkPhotonSearch_v2/CMSSW_9_4_14/src/ScoutingAnalysis/TreeMaker/crab/ZdScoutingM60_L1_12_5_L1_15_7_Official_AccXEff/crab_20190508_230613/inputs/a84832f8-552a-41d7-b009-3247b1d0f059default.tgz
DEBUG 2019-05-08 23:06:19,713: 	 Checking directory /afs/cern.ch/work/s/schhibra/DarkPhotonSearch_v2/CMSSW_9_4_14/lib
DEBUG 2019-05-08 23:06:19,713: 	 Adding directory /afs/cern.ch/work/s/schhibra/DarkPhotonSearch_v2/CMSSW_9_4_14/lib to tarball
DEBUG 2019-05-08 23:06:19,724: 	 Checking directory /afs/cern.ch/work/s/schhibra/DarkPhotonSearch_v2/CMSSW_9_4_14/biglib
DEBUG 2019-05-08 23:06:19,724: 	 Adding directory /afs/cern.ch/work/s/schhibra/DarkPhotonSearch_v2/CMSSW_9_4_14/biglib to tarball
DEBUG 2019-05-08 23:06:19,725: 	 Checking directory /afs/cern.ch/work/s/schhibra/DarkPhotonSearch_v2/CMSSW_9_4_14/module
DEBUG 2019-05-08 23:06:19,727: 	 Adding data directory /afs/cern.ch/work/s/schhibra/DarkPhotonSearch_v2/CMSSW_9_4_14/src/ScoutingAnalysis/TreeMaker/data to tarball
DEBUG 2019-05-08 23:06:19,947: 	 Adding data directory /afs/cern.ch/work/s/schhibra/DarkPhotonSearch_v2/CMSSW_9_4_14/src/ScoutingAnalysis/TreeMaker/interface to tarball
DEBUG 2019-05-08 23:06:19,969: 	 Adding file ../Rochester.tar.gz to tarball
DEBUG 2019-05-08 23:06:20,357: 	 Uploading archive /afs/cern.ch/work/s/schhibra/DarkPhotonSearch_v2/CMSSW_9_4_14/src/ScoutingAnalysis/TreeMaker/crab/ZdScoutingM60_L1_12_5_L1_15_7_Official_AccXEff/crab_20190508_230613/inputs/a84832f8-552a-41d7-b009-3247b1d0f059default.tgz (1.385742.1 MB) to the CRAB cache. Using URI https://cmsweb.cern.ch/crabcache
DEBUG 2019-05-08 23:06:21,606: 	 Loading required information from the environment
DEBUG 2019-05-08 23:06:21,606: 	 Found CMSSW_9_4_14 for slc6_amd64_gcc630 with base /afs/cern.ch/work/s/schhibra/DarkPhotonSearch_v2/CMSSW_9_4_14
DEBUG 2019-05-08 23:06:21,606: 	 Making tarball in /afs/cern.ch/work/s/schhibra/DarkPhotonSearch_v2/CMSSW_9_4_14/src/ScoutingAnalysis/TreeMaker/crab/ZdScoutingM60_L1_12_5_L1_15_7_Official_AccXEff/crab_20190508_230613/inputs/debugFiles.tgz
DEBUG 2019-05-08 23:06:21,615: 	 Uploading archive /afs/cern.ch/work/s/schhibra/DarkPhotonSearch_v2/CMSSW_9_4_14/src/ScoutingAnalysis/TreeMaker/crab/ZdScoutingM60_L1_12_5_L1_15_7_Official_AccXEff/crab_20190508_230613/inputs/debugFiles.tgz (2 KB) to the CRAB cache. Using URI https://cmsweb.cern.ch/crabcache
DEBUG 2019-05-08 23:06:21,751: 	 Result uploading input files: 202ff77a57cd694dca7493871a5db3be4cad6fd6c3a711e91d5ea562ffe1ebed.tar.gz 
INFO 2019-05-08 23:06:21,751: 	 Sending the request to the server
DEBUG 2019-05-08 23:06:21,752: 	 Submitting {'maxjobruntime': 1250, 'extrajdl': [], 'lfn': '/store/group/phys_exotica/darkPhoton/schhibra/ScoutingNTuples2017', 'savelogsflag': 0, 'useparent': 0, 'scriptexe': 'exec.sh', 'asyncdest': 'T2_CH_CERN', 'algoargs': 10000, 'cachefilename': '202ff77a57cd694dca7493871a5db3be4cad6fd6c3a711e91d5ea562ffe1ebed.tar.gz', 'numcores': 1, 'addoutputfiles': [], 'generator': 'pythia', 'maxmemory': 2000, 'publishdbsurl': 'https://cmsweb.cern.ch/dbs/prod/phys03/DBSWriter', 'priority': 10, 'jobsw': 'CMSSW_9_4_14', 'edmoutfiles': [], 'userfiles': [], 'primarydataset': '', 'inputdata': '/DarkPhotonToMuMu_M60_madgraph_pythia8_TuneCP5/RunIIFall17DRPremix-PU2017_94X_mc2017_realistic_v11-v1/AODSIM', 'ignorelocality': 0, 'dryrun': 0, 'workflow': 'crab_20190508_230613', 'cacheurl': u'https://cmsweb.cern.ch/crabcache', 'nonprodsw': 0, 'tfileoutfiles': ['tree_scout.root'], 'oneEventMode': 0, 'debugfilename': '53a947a6914e852706fdf3567c5c549221fbf0e23ba8d3a518b4acae2fc21574.tar.gz', 'saveoutput': 1, 'publication': 0, 'jobarch': 'slc6_amd64_gcc630', 'totalunits': 0, 'splitalgo': 'EventAwareLumiBased', 'ignoreglobalblacklist': 0, 'nonvaliddata': 0, 'dbsurl': 'https://cmsweb.cern.ch/dbs/prod/global/DBSReader', 'publishgroupname': 0, 'jobtype': 'Analysis', 'publishname2': ''} 
DEBUG 2019-05-08 23:06:21,752: 	 Encoded submit request: maxjobruntime=1250&lfn=%2Fstore%2Fgroup%2Fphys_exotica%2FdarkPhoton%2Fschhibra%2FScoutingNTuples2017&savelogsflag=0&useparent=0&scriptexe=exec.sh&asyncdest=T2_CH_CERN&algoargs=10000&cachefilename=202ff77a57cd694dca7493871a5db3be4cad6fd6c3a711e91d5ea562ffe1ebed.tar.gz&numcores=1&generator=pythia&maxmemory=2000&publishdbsurl=https%3A%2F%2Fcmsweb.cern.ch%2Fdbs%2Fprod%2Fphys03%2FDBSWriter&priority=10&jobsw=CMSSW_9_4_14&primarydataset=&inputdata=%2FDarkPhotonToMuMu_M60_madgraph_pythia8_TuneCP5%2FRunIIFall17DRPremix-PU2017_94X_mc2017_realistic_v11-v1%2FAODSIM&ignorelocality=0&dryrun=0&workflow=crab_20190508_230613&cacheurl=https%3A%2F%2Fcmsweb.cern.ch%2Fcrabcache&nonprodsw=0&oneEventMode=0&debugfilename=53a947a6914e852706fdf3567c5c549221fbf0e23ba8d3a518b4acae2fc21574.tar.gz&saveoutput=1&publication=0&jobarch=slc6_amd64_gcc630&totalunits=0&splitalgo=EventAwareLumiBased&ignoreglobalblacklist=0&nonvaliddata=0&dbsurl=https%3A%2F%2Fcmsweb.cern.ch%2Fdbs%2Fprod%2Fglobal%2FDBSReader&publishgroupname=0&jobtype=Analysis&publishname2=&tfileoutfiles=tree_scout.root
DEBUG 2019-05-08 23:06:22,033: 	 Result: {u'result': [{u'RequestName': u'190508_210621:schhibra_crab_20190508_230613'}]}
INFO 2019-05-08 23:06:22,075: 	 Success: Your task has been delivered to the CRAB3 server.
INFO 2019-05-08 23:06:22,075: 	 Task name: 190508_210621:schhibra_crab_20190508_230613
INFO 2019-05-08 23:06:22,075: 	 Project dir: ./crab_20190508_230613
INFO 2019-05-08 23:06:22,075: 	 Please use 'crab status -d ./crab_20190508_230613' to check how the submission process proceeds.
DEBUG 2019-05-08 23:06:22,076: 	 About to return
INFO 2019-05-08 23:06:22,079: 	 Log file is /afs/cern.ch/work/s/schhibra/DarkPhotonSearch_v2/CMSSW_9_4_14/src/ScoutingAnalysis/TreeMaker/crab/ZdScoutingM60_L1_12_5_L1_15_7_Official_AccXEff/crab_20190508_230613/crab.log
DEBUG 2019-05-09 13:51:25,233: 	 Executing command: 'status'
DEBUG 2019-05-09 13:51:25,233: 	 Found CRAB cache file /afs/cern.ch/user/s/schhibra/.crab3
DEBUG 2019-05-09 13:51:25,248: 	 Checking credentials
DEBUG 2019-05-09 13:51:25,248: 	 Found proxy file /tmp/x509up_u59012
DEBUG 2019-05-09 13:51:25,248: 	 Getting proxy life time left
DEBUG 2019-05-09 13:51:26,257: 	 Executing : 
 command : voms-proxy-info -file /tmp/x509up_u59012 -timeleft
 output : 84984

 error: 
 retcode : 0
DEBUG 2019-05-09 13:51:27,169: 	 Executing : 
 command : voms-proxy-info -file /tmp/x509up_u59012 -actimeleft
 output : 84982

 error: 
 retcode : 0
DEBUG 2019-05-09 13:51:27,169: 	 Proxy lifetime 84984 secs is different from voms extension lifetime 84982 secs for proxy: /tmp/x509up_u59012
DEBUG 2019-05-09 13:51:27,169: 	 Proxy valid for 23:36:22 hours
DEBUG 2019-05-09 13:51:27,288: 	 Executing : 
 command : openssl x509 -in ~/.globus/usercert.pem -subject -noout
 output : subject= /DC=ch/DC=cern/OU=Organic Units/OU=Users/CN=schhibra/CN=715612/CN=Simranjit Singh Chhibra

 error: 
 retcode : 0
DEBUG 2019-05-09 13:51:27,289: 	 Checking credentials
DEBUG 2019-05-09 13:51:27,289: 	 Found proxy file /tmp/x509up_u59012
DEBUG 2019-05-09 13:51:27,289: 	 Getting proxy life time left
DEBUG 2019-05-09 13:51:28,197: 	 Executing : 
 command : voms-proxy-info -file /tmp/x509up_u59012 -timeleft
 output : 84982

 error: 
 retcode : 0
DEBUG 2019-05-09 13:51:29,106: 	 Executing : 
 command : voms-proxy-info -file /tmp/x509up_u59012 -actimeleft
 output : 84980

 error: 
 retcode : 0
DEBUG 2019-05-09 13:51:29,107: 	 Proxy lifetime 84982 secs is different from voms extension lifetime 84980 secs for proxy: /tmp/x509up_u59012
DEBUG 2019-05-09 13:51:29,107: 	 Proxy valid for 23:36:20 hours
DEBUG 2019-05-09 13:51:29,267: 	 Registering user credentials for server /DC=ch/DC=cern/OU=computers/CN=vocms(052|058|030|0118|0105|0109).cern.ch|/DC=ch/DC=cern/OU=computers/CN=crab-(preprod|prod)-tw(02|01).cern.ch
DEBUG 2019-05-09 13:51:29,387: 	 Executing : 
 command : openssl x509 -in ~/.globus/usercert.pem -subject -noout
 output : subject= /DC=ch/DC=cern/OU=Organic Units/OU=Users/CN=schhibra/CN=715612/CN=Simranjit Singh Chhibra

 error: 
 retcode : 0
DEBUG 2019-05-09 13:51:29,387: 	 Getting myproxy life time left for myproxy.cern.ch
DEBUG 2019-05-09 13:51:29,387: 	 Calculating hash of /DC=ch/DC=cern/OU=Organic Units/OU=Users/CN=schhibra/CN=715612/CN=Simranjit Singh Chhibra_cmsweb.cern.ch for credential name
DEBUG 2019-05-09 13:51:29,593: 	 Executing : 
 command : myproxy-info -l 3841cd59f3d3480019d577f9a3ad69704f35aad0 -s myproxy.cern.ch
 output : username: 3841cd59f3d3480019d577f9a3ad69704f35aad0
owner: /DC=ch/DC=cern/OU=Organic Units/OU=Users/CN=schhibra/CN=715612/CN=Simranjit Singh Chhibra
  renewal policy: /DC=ch/DC=cern/OU=computers/CN=vocms(052|058|030|0118|0105|0109).cern.ch|/DC=ch/DC=cern/OU=computers/CN=crab-(preprod|prod)-tw(02|01).cern.ch
  trusted retrieval policy: /DC=ch/DC=cern/OU=computers/CN=vocms(052|058|030|0118|0105|0109).cern.ch|/DC=ch/DC=cern/OU=computers/CN=crab-(preprod|prod)-tw(02|01).cern.ch
  timeleft: 532:32:54  (22.2 days)

 error: 
 retcode : 0
DEBUG 2019-05-09 13:51:29,594: 	 Myproxy is valid: 1917174
DEBUG 2019-05-09 13:51:29,595: 	 Command use: status
DEBUG 2019-05-09 13:51:29,595: 	 Options use: ['ZdScoutingM60_L1_12_5_L1_15_7_Official_AccXEff/crab_20190508_230613/']
DEBUG 2019-05-09 13:51:29,700: 	 CRABClient version: 3.3.1904
DEBUG 2019-05-09 13:51:29,700: 	 Instance is prod
DEBUG 2019-05-09 13:51:29,700: 	 Server base url is cmsweb.cern.ch
DEBUG 2019-05-09 13:51:29,700: 	 Command url /crabserver/prod/workflow
DEBUG 2019-05-09 13:51:29,820: 	 Got information from server oracle database: {u'result': [u'190508_210621:schhibra_crab_20190508_230613', u'None', u'None', u'SUBMITTED', u'SUBMIT', u'2019-05-08 21:06:22.003013', u'None', u'2019-05-08 21:08:20.284715', u'None', u'CMSSW_9_4_14', u'slc6_amd64_gcc630', u'/DarkPhotonToMuMu_M60_madgraph_pythia8_TuneCP5/RunIIFall17DRPremix-PU2017_94X_mc2017_realistic_v11-v1/AODSIM', u'F', u'0', u'[]', u'[]', u'EventAwareLumiBased', u"{'splitOnRun': False, 'events_per_job': 10000, 'halt_job_on_file_boundaries': False, 'runs': [], 'lumis': []}", u'202ff77a57cd694dca7493871a5db3be4cad6fd6c3a711e91d5ea562ffe1ebed.tar.gz', u'https://cmsweb.cern.ch/crabcache', u'schhibra', u'/DC=ch/DC=cern/OU=Organic Units/OU=Users/CN=schhibra/CN=715612/CN=Simranjit Singh Chhibra', u'cms', u'None', u'None', u'crab_20190508_230613-00000000000000000000000000000000', u'F', u'T2_CH_CERN', u'https://cmsweb.cern.ch/dbs/prod/global/DBSReader', u'https://cmsweb.cern.ch/dbs/prod/phys03/DBSWriter', u'F', u'[]', u"['tree_scout.root']", u'[]', u'Analysis', u'pythia', u'None', u'{}', u'[]', u'F', u'crab-prod-tw01', u'[]', u'1250', u'1', u'2000', u'10', u'None', u'[]', u'http://vocms0144.cern.ch/mon/cms175/190508_210621:schhibra_crab_20190508_230613', u'exec.sh', u'[]', u'[]', u'https://cmsweb.cern.ch/crabserver/prod', u'cmsgwms-collector-global.cern.ch:9620,cmssrv221.fnal.gov:9620', u'crab3@vocms0144.cern.ch', u'F', u'[]', u'T', u'/store/group/phys_exotica/darkPhoton/schhibra/ScoutingNTuples2017', u'F', u'None', u'F', u'None', u'DarkPhotonToMuMu_M60_madgraph_pythia8_TuneCP5', u'None', u'53a947a6914e852706fdf3567c5c549221fbf0e23ba8d3a518b4acae2fc21574.tar.gz', u'39060963', u'filetransfers', u'F', u'188.185.115.30', u'0.0', u'None'], u'desc': {u'columns': [u'tm_taskname', u'tm_activity', u'panda_jobset_id', u'tm_task_status', u'tm_task_command', u'tm_start_time', u'tm_start_injection', u'tm_end_injection', u'tm_task_failure', u'tm_job_sw', u'tm_job_arch', u'tm_input_dataset', u'tm_nonvalid_input_dataset', u'tm_use_parent', u'tm_site_whitelist', u'tm_site_blacklist', u'tm_split_algo', u'tm_split_args', u'tm_user_sandbox', u'tm_cache_url', u'tm_username', u'tm_user_dn', u'tm_user_vo', u'tm_user_role', u'tm_user_group', u'tm_publish_name', u'tm_publish_groupname', u'tm_asyncdest', u'tm_dbs_url', u'tm_publish_dbs_url', u'tm_publication', u'tm_outfiles', u'tm_tfile_outfiles', u'tm_edm_outfiles', u'tm_job_type', u'tm_generator', u'tm_events_per_lumi', u'tm_arguments', u'panda_resubmitted_jobs', u'tm_save_logs', u'tw_name', u'tm_user_infiles', u'tm_maxjobruntime', u'tm_numcores', u'tm_maxmemory', u'tm_priority', u'tm_output_dataset', u'tm_task_warnings', u'tm_user_webdir', u'tm_scriptexe', u'tm_scriptargs', u'tm_extrajdl', u'tm_asourl', u'tm_collector', u'tm_schedd', u'tm_dry_run', u'tm_user_files', u'tm_transfer_outputs', u'tm_output_lfn', u'tm_ignore_locality', u'tm_fail_limit', u'tm_one_event_mode', u'tm_secondary_input_dataset', u'tm_primary_dataset', u'tm_last_publication', u'tm_debug_files', u'clusterid', u'tm_asodb', u'tm_ignore_global_blacklist', u'tm_submitter_ip_addr', u'tm_totalunits', u'tm_ddm_reqid']}}
INFO 2019-05-09 13:51:29,821: 	 CRAB project directory:		/afs/cern.ch/work/s/schhibra/DarkPhotonSearch_v2/CMSSW_9_4_14/src/ScoutingAnalysis/TreeMaker/crab/ZdScoutingM60_L1_12_5_L1_15_7_Official_AccXEff/crab_20190508_230613
INFO 2019-05-09 13:51:29,821: 	 Task name:			190508_210621:schhibra_crab_20190508_230613
INFO 2019-05-09 13:51:29,821: 	 Grid scheduler - Task Worker:	crab3@vocms0144.cern.ch - crab-prod-tw01
INFO 2019-05-09 13:51:29,821: 	 Status on the CRAB server:	SUBMITTED
INFO 2019-05-09 13:51:29,821: 	 Task URL to use for HELP:	https://cmsweb.cern.ch/crabserver/ui/task/190508_210621%3Aschhibra_crab_20190508_230613
INFO 2019-05-09 13:51:29,821: 	 Dashboard monitoring URL:	http://dashb-cms-job.cern.ch/dashboard/templates/task-analysis/#user=schhibra&refresh=0&table=Jobs&p=1&records=25&activemenu=2&status=&site=&tid=190508_210621%3Aschhibra_crab_20190508_230613
INFO 2019-05-09 13:51:29,821: 	 New dashboard monitoring URL:	https://monit-grafana.cern.ch/d/cmsTMDetail/cms-task-monitoring-task-view?orgId=11&var-user=schhibra&var-task=190508_210621%3Aschhibra_crab_20190508_230613
INFO 2019-05-09 13:51:29,821: 	 In case of issues with the new dashboard, please provide feedback to hn-cms-computing-tools@cern.ch
DEBUG 2019-05-09 13:51:29,821: 	 The CRAB server submitted your task to the Grid scheduler (cluster ID: 39060963)
DEBUG 2019-05-09 13:51:29,821: 	 Webdir is located at http://vocms0144.cern.ch/mon/cms175/190508_210621:schhibra_crab_20190508_230613
DEBUG 2019-05-09 13:51:29,948: 	 Proxied webdir is located at https://cmsweb.cern.ch/scheddmon/0144/cms175/190508_210621:schhibra_crab_20190508_230613
DEBUG 2019-05-09 13:51:29,948: 	 Retrieving 'status_cache' file from https://cmsweb.cern.ch/scheddmon/0144/cms175/190508_210621:schhibra_crab_20190508_230613/status_cache
DEBUG 2019-05-09 13:51:30,046: 	 Got information from status cache file: {'1': {'Retries': 0, 'WallDurations': [0], 'StartTimes': [], 'SubmitTimes': [1557349714.0], 'JobIds': ['39060967.0'], 'EndTimes': [], 'Restarts': 0, 'RecordedSite': False, 'State': 'idle', 'ResidentSetSize': [0], 'TotalUserCpuTimeHistory': [0.0], 'SiteHistory': ['Unknown'], 'TotalSysCpuTimeHistory': [0.0]}, '3': {'Retries': 0, 'WallDurations': [0], 'StartTimes': [], 'SubmitTimes': [1557349714.0], 'JobIds': ['39060969.0'], 'EndTimes': [], 'Restarts': 0, 'RecordedSite': False, 'State': 'idle', 'ResidentSetSize': [0], 'TotalUserCpuTimeHistory': [0.0], 'SiteHistory': ['Unknown'], 'TotalSysCpuTimeHistory': [0.0]}, '2': {'Retries': 0, 'WallDurations': [0], 'StartTimes': [], 'SubmitTimes': [1557349714.0], 'JobIds': ['39060968.0'], 'EndTimes': [], 'Restarts': 0, 'RecordedSite': False, 'State': 'idle', 'ResidentSetSize': [0], 'TotalUserCpuTimeHistory': [0.0], 'SiteHistory': ['Unknown'], 'TotalSysCpuTimeHistory': [0.0]}, '5': {'Retries': 0, 'WallDurations': [0], 'StartTimes': [], 'SubmitTimes': [1557349714.0], 'JobIds': ['39060965.0'], 'EndTimes': [], 'Restarts': 0, 'RecordedSite': False, 'State': 'idle', 'ResidentSetSize': [0], 'TotalUserCpuTimeHistory': [0.0], 'SiteHistory': ['Unknown'], 'TotalSysCpuTimeHistory': [0.0]}, '4': {'Retries': 0, 'WallDurations': [0], 'StartTimes': [], 'SubmitTimes': [1557349714.0], 'JobIds': ['39060966.0'], 'EndTimes': [], 'Restarts': 0, 'RecordedSite': False, 'State': 'idle', 'ResidentSetSize': [0], 'TotalUserCpuTimeHistory': [0.0], 'SiteHistory': ['Unknown'], 'TotalSysCpuTimeHistory': [0.0]}}
INFO 2019-05-09 13:51:30,047: 	 Status on the scheduler:	SUBMITTED
INFO 2019-05-09 13:51:30,047: 	 
Jobs status:                    idle         		100.0% (5/5)
INFO 2019-05-09 13:51:30,047: 	 
No publication information (publication has been disabled in the CRAB configuration file)
INFO 2019-05-09 13:51:30,059: 	 Log file is /afs/cern.ch/work/s/schhibra/DarkPhotonSearch_v2/CMSSW_9_4_14/src/ScoutingAnalysis/TreeMaker/crab/ZdScoutingM60_L1_12_5_L1_15_7_Official_AccXEff/crab_20190508_230613/crab.log
DEBUG 2019-05-12 18:58:49,281: 	 Executing command: 'status'
DEBUG 2019-05-12 18:58:49,281: 	 Found CRAB cache file /afs/cern.ch/user/s/schhibra/.crab3
DEBUG 2019-05-12 18:58:49,340: 	 Checking credentials
DEBUG 2019-05-12 18:58:49,340: 	 Found proxy file /tmp/x509up_u59012
DEBUG 2019-05-12 18:58:49,340: 	 Getting proxy life time left
DEBUG 2019-05-12 18:58:50,247: 	 Executing : 
 command : voms-proxy-info -file /tmp/x509up_u59012 -timeleft
 output : 85777

 error: 
 retcode : 0
DEBUG 2019-05-12 18:58:51,156: 	 Executing : 
 command : voms-proxy-info -file /tmp/x509up_u59012 -actimeleft
 output : 85775

 error: 
 retcode : 0
DEBUG 2019-05-12 18:58:51,157: 	 Proxy lifetime 85777 secs is different from voms extension lifetime 85775 secs for proxy: /tmp/x509up_u59012
DEBUG 2019-05-12 18:58:51,157: 	 Proxy valid for 23:49:35 hours
DEBUG 2019-05-12 18:58:51,291: 	 Executing : 
 command : openssl x509 -in ~/.globus/usercert.pem -subject -noout
 output : subject= /DC=ch/DC=cern/OU=Organic Units/OU=Users/CN=schhibra/CN=715612/CN=Simranjit Singh Chhibra

 error: 
 retcode : 0
DEBUG 2019-05-12 18:58:51,291: 	 Checking credentials
DEBUG 2019-05-12 18:58:51,291: 	 Found proxy file /tmp/x509up_u59012
DEBUG 2019-05-12 18:58:51,291: 	 Getting proxy life time left
DEBUG 2019-05-12 18:58:52,200: 	 Executing : 
 command : voms-proxy-info -file /tmp/x509up_u59012 -timeleft
 output : 85775

 error: 
 retcode : 0
DEBUG 2019-05-12 18:58:53,108: 	 Executing : 
 command : voms-proxy-info -file /tmp/x509up_u59012 -actimeleft
 output : 85774

 error: 
 retcode : 0
DEBUG 2019-05-12 18:58:53,109: 	 Proxy lifetime 85775 secs is different from voms extension lifetime 85774 secs for proxy: /tmp/x509up_u59012
DEBUG 2019-05-12 18:58:53,109: 	 Proxy valid for 23:49:34 hours
DEBUG 2019-05-12 18:58:53,313: 	 Registering user credentials for server /DC=ch/DC=cern/OU=computers/CN=vocms(052|058|030|0118|0105|0109).cern.ch|/DC=ch/DC=cern/OU=computers/CN=crab-(preprod|prod)-tw(02|01).cern.ch
DEBUG 2019-05-12 18:58:53,427: 	 Executing : 
 command : openssl x509 -in ~/.globus/usercert.pem -subject -noout
 output : subject= /DC=ch/DC=cern/OU=Organic Units/OU=Users/CN=schhibra/CN=715612/CN=Simranjit Singh Chhibra

 error: 
 retcode : 0
DEBUG 2019-05-12 18:58:53,428: 	 Getting myproxy life time left for myproxy.cern.ch
DEBUG 2019-05-12 18:58:53,428: 	 Calculating hash of /DC=ch/DC=cern/OU=Organic Units/OU=Users/CN=schhibra/CN=715612/CN=Simranjit Singh Chhibra_cmsweb.cern.ch for credential name
DEBUG 2019-05-12 18:58:53,835: 	 Executing : 
 command : myproxy-info -l 3841cd59f3d3480019d577f9a3ad69704f35aad0 -s myproxy.cern.ch
 output : username: 3841cd59f3d3480019d577f9a3ad69704f35aad0
owner: /DC=ch/DC=cern/OU=Organic Units/OU=Users/CN=schhibra/CN=715612/CN=Simranjit Singh Chhibra
  renewal policy: /DC=ch/DC=cern/OU=computers/CN=vocms(052|058|030|0118|0105|0109).cern.ch|/DC=ch/DC=cern/OU=computers/CN=crab-(preprod|prod)-tw(02|01).cern.ch
  trusted retrieval policy: /DC=ch/DC=cern/OU=computers/CN=vocms(052|058|030|0118|0105|0109).cern.ch|/DC=ch/DC=cern/OU=computers/CN=crab-(preprod|prod)-tw(02|01).cern.ch
  timeleft: 455:25:30  (19.0 days)

 error: 
 retcode : 0
DEBUG 2019-05-12 18:58:53,837: 	 Myproxy is valid: 1639530
DEBUG 2019-05-12 18:58:53,838: 	 Command use: status
DEBUG 2019-05-12 18:58:53,838: 	 Options use: ['ZdScoutingM60_L1_12_5_L1_15_7_Official_AccXEff/crab_20190508_230613/']
DEBUG 2019-05-12 18:58:53,977: 	 CRABClient version: 3.3.1904
DEBUG 2019-05-12 18:58:53,978: 	 Instance is prod
DEBUG 2019-05-12 18:58:53,978: 	 Server base url is cmsweb.cern.ch
DEBUG 2019-05-12 18:58:53,978: 	 Command url /crabserver/prod/workflow
DEBUG 2019-05-12 18:58:54,119: 	 Got information from server oracle database: {u'result': [u'190508_210621:schhibra_crab_20190508_230613', u'None', u'None', u'SUBMITTED', u'SUBMIT', u'2019-05-08 21:06:22.003013', u'None', u'2019-05-08 21:08:20.284715', u'None', u'CMSSW_9_4_14', u'slc6_amd64_gcc630', u'/DarkPhotonToMuMu_M60_madgraph_pythia8_TuneCP5/RunIIFall17DRPremix-PU2017_94X_mc2017_realistic_v11-v1/AODSIM', u'F', u'0', u'[]', u'[]', u'EventAwareLumiBased', u"{'splitOnRun': False, 'events_per_job': 10000, 'halt_job_on_file_boundaries': False, 'runs': [], 'lumis': []}", u'202ff77a57cd694dca7493871a5db3be4cad6fd6c3a711e91d5ea562ffe1ebed.tar.gz', u'https://cmsweb.cern.ch/crabcache', u'schhibra', u'/DC=ch/DC=cern/OU=Organic Units/OU=Users/CN=schhibra/CN=715612/CN=Simranjit Singh Chhibra', u'cms', u'None', u'None', u'crab_20190508_230613-00000000000000000000000000000000', u'F', u'T2_CH_CERN', u'https://cmsweb.cern.ch/dbs/prod/global/DBSReader', u'https://cmsweb.cern.ch/dbs/prod/phys03/DBSWriter', u'F', u'[]', u"['tree_scout.root']", u'[]', u'Analysis', u'pythia', u'None', u'{}', u'[]', u'F', u'crab-prod-tw01', u'[]', u'1250', u'1', u'2000', u'10', u'None', u'[]', u'http://vocms0144.cern.ch/mon/cms175/190508_210621:schhibra_crab_20190508_230613', u'exec.sh', u'[]', u'[]', u'https://cmsweb.cern.ch/crabserver/prod', u'cmsgwms-collector-global.cern.ch:9620,cmssrv221.fnal.gov:9620', u'crab3@vocms0144.cern.ch', u'F', u'[]', u'T', u'/store/group/phys_exotica/darkPhoton/schhibra/ScoutingNTuples2017', u'F', u'None', u'F', u'None', u'DarkPhotonToMuMu_M60_madgraph_pythia8_TuneCP5', u'None', u'53a947a6914e852706fdf3567c5c549221fbf0e23ba8d3a518b4acae2fc21574.tar.gz', u'39060963', u'filetransfers', u'F', u'188.185.115.30', u'0.0', u'None'], u'desc': {u'columns': [u'tm_taskname', u'tm_activity', u'panda_jobset_id', u'tm_task_status', u'tm_task_command', u'tm_start_time', u'tm_start_injection', u'tm_end_injection', u'tm_task_failure', u'tm_job_sw', u'tm_job_arch', u'tm_input_dataset', u'tm_nonvalid_input_dataset', u'tm_use_parent', u'tm_site_whitelist', u'tm_site_blacklist', u'tm_split_algo', u'tm_split_args', u'tm_user_sandbox', u'tm_cache_url', u'tm_username', u'tm_user_dn', u'tm_user_vo', u'tm_user_role', u'tm_user_group', u'tm_publish_name', u'tm_publish_groupname', u'tm_asyncdest', u'tm_dbs_url', u'tm_publish_dbs_url', u'tm_publication', u'tm_outfiles', u'tm_tfile_outfiles', u'tm_edm_outfiles', u'tm_job_type', u'tm_generator', u'tm_events_per_lumi', u'tm_arguments', u'panda_resubmitted_jobs', u'tm_save_logs', u'tw_name', u'tm_user_infiles', u'tm_maxjobruntime', u'tm_numcores', u'tm_maxmemory', u'tm_priority', u'tm_output_dataset', u'tm_task_warnings', u'tm_user_webdir', u'tm_scriptexe', u'tm_scriptargs', u'tm_extrajdl', u'tm_asourl', u'tm_collector', u'tm_schedd', u'tm_dry_run', u'tm_user_files', u'tm_transfer_outputs', u'tm_output_lfn', u'tm_ignore_locality', u'tm_fail_limit', u'tm_one_event_mode', u'tm_secondary_input_dataset', u'tm_primary_dataset', u'tm_last_publication', u'tm_debug_files', u'clusterid', u'tm_asodb', u'tm_ignore_global_blacklist', u'tm_submitter_ip_addr', u'tm_totalunits', u'tm_ddm_reqid']}}
INFO 2019-05-12 18:58:54,120: 	 CRAB project directory:		/afs/cern.ch/work/s/schhibra/DarkPhotonSearch_v2/CMSSW_9_4_14/src/ScoutingAnalysis/TreeMaker/crab/ZdScoutingM60_L1_12_5_L1_15_7_Official_AccXEff/crab_20190508_230613
INFO 2019-05-12 18:58:54,120: 	 Task name:			190508_210621:schhibra_crab_20190508_230613
INFO 2019-05-12 18:58:54,120: 	 Grid scheduler - Task Worker:	crab3@vocms0144.cern.ch - crab-prod-tw01
INFO 2019-05-12 18:58:54,120: 	 Status on the CRAB server:	SUBMITTED
INFO 2019-05-12 18:58:54,120: 	 Task URL to use for HELP:	https://cmsweb.cern.ch/crabserver/ui/task/190508_210621%3Aschhibra_crab_20190508_230613
INFO 2019-05-12 18:58:54,120: 	 Dashboard monitoring URL:	http://dashb-cms-job.cern.ch/dashboard/templates/task-analysis/#user=schhibra&refresh=0&table=Jobs&p=1&records=25&activemenu=2&status=&site=&tid=190508_210621%3Aschhibra_crab_20190508_230613
INFO 2019-05-12 18:58:54,121: 	 New dashboard monitoring URL:	https://monit-grafana.cern.ch/d/cmsTMDetail/cms-task-monitoring-task-view?orgId=11&var-user=schhibra&var-task=190508_210621%3Aschhibra_crab_20190508_230613
INFO 2019-05-12 18:58:54,121: 	 In case of issues with the new dashboard, please provide feedback to hn-cms-computing-tools@cern.ch
DEBUG 2019-05-12 18:58:54,121: 	 The CRAB server submitted your task to the Grid scheduler (cluster ID: 39060963)
DEBUG 2019-05-12 18:58:54,121: 	 Webdir is located at http://vocms0144.cern.ch/mon/cms175/190508_210621:schhibra_crab_20190508_230613
DEBUG 2019-05-12 18:58:54,257: 	 Proxied webdir is located at https://cmsweb.cern.ch/scheddmon/0144/cms175/190508_210621:schhibra_crab_20190508_230613
DEBUG 2019-05-12 18:58:54,257: 	 Retrieving 'status_cache' file from https://cmsweb.cern.ch/scheddmon/0144/cms175/190508_210621:schhibra_crab_20190508_230613/status_cache
DEBUG 2019-05-12 18:58:54,414: 	 Got information from status cache file: {'1': {'Retries': 0, 'WallDurations': [9.0, 672.0], 'StartTimes': [1557602776.0], 'SubmitTimes': [1557349714.0], 'JobIds': ['39060967.0'], 'EndTimes': [1557603448.0], 'Restarts': 0, 'RecordedSite': True, 'State': 'finished', 'ResidentSetSize': [312792], 'TotalUserCpuTimeHistory': [103], 'SiteHistory': ['Unknown', 'T2_IN_TIFR'], 'TotalSysCpuTimeHistory': [3]}, '3': {'Retries': 0, 'WallDurations': [8.0, 148.0], 'StartTimes': [1557603469.0], 'SubmitTimes': [1557349714.0], 'JobIds': ['39060969.0'], 'EndTimes': [1557603617.0], 'Restarts': 0, 'RecordedSite': True, 'State': 'finished', 'ResidentSetSize': [2832], 'TotalUserCpuTimeHistory': [94], 'SiteHistory': ['Unknown', 'T2_IN_TIFR'], 'TotalSysCpuTimeHistory': [2]}, '2': {'Retries': 0, 'WallDurations': [9.0, 148.0], 'StartTimes': [1557603480.0], 'SubmitTimes': [1557349714.0], 'JobIds': ['39060968.0'], 'EndTimes': [1557603628.0], 'Restarts': 0, 'RecordedSite': True, 'State': 'finished', 'ResidentSetSize': [2828], 'TotalUserCpuTimeHistory': [93], 'SiteHistory': ['Unknown', 'T2_IN_TIFR'], 'TotalSysCpuTimeHistory': [2]}, '5': {'Retries': 0, 'WallDurations': [11.0, 660.0], 'StartTimes': [1557602776.0], 'SubmitTimes': [1557349714.0], 'JobIds': ['39060965.0'], 'EndTimes': [1557603436.0], 'Restarts': 0, 'RecordedSite': True, 'State': 'finished', 'ResidentSetSize': [312976], 'TotalUserCpuTimeHistory': [89], 'SiteHistory': ['Unknown', 'T2_IN_TIFR'], 'TotalSysCpuTimeHistory': [2]}, '4': {'Retries': 0, 'WallDurations': [9.0, 686.0], 'StartTimes': [1557602776.0], 'SubmitTimes': [1557349714.0], 'JobIds': ['39060966.0'], 'EndTimes': [1557603462.0], 'Restarts': 0, 'RecordedSite': True, 'State': 'finished', 'ResidentSetSize': [312420], 'TotalUserCpuTimeHistory': [115], 'SiteHistory': ['Unknown', 'T2_IN_TIFR'], 'TotalSysCpuTimeHistory': [3]}}
INFO 2019-05-12 18:58:54,414: 	 Status on the scheduler:	COMPLETED
INFO 2019-05-12 18:58:54,414: 	 
Jobs status:                    finished     		100.0% (5/5)
INFO 2019-05-12 18:58:54,414: 	 
No publication information (publication has been disabled in the CRAB configuration file)
INFO 2019-05-12 18:58:54,415: 	 
Warning: the max jobs runtime is less than 30% of the task requested value (1250 min), please consider to request a lower value for failed jobs (allowed through crab resubmit) and/or improve the jobs splitting (e.g. config.Data.splitting = 'Automatic') in a new task.
INFO 2019-05-12 18:58:54,415: 	 
Warning: the average jobs CPU efficiency is less than 50%, please consider to improve the jobs splitting (e.g. config.Data.splitting = 'Automatic') in a new task
INFO 2019-05-12 18:58:54,415: 	 
Summary of run jobs:
 * Memory: 2MB min, 305MB max, 184MB ave
 * Runtime: 0:02:28 min, 0:11:26 max, 0:07:42 ave
 * CPU eff: 14% min, 65% max, 22% ave
 * Waste: 0:00:46 (2% of total)

INFO 2019-05-12 18:58:54,443: 	 Log file is /afs/cern.ch/work/s/schhibra/DarkPhotonSearch_v2/CMSSW_9_4_14/src/ScoutingAnalysis/TreeMaker/crab/ZdScoutingM60_L1_12_5_L1_15_7_Official_AccXEff/crab_20190508_230613/crab.log
