DEBUG 2019-05-13 19:26:09,548: 	 Executing command: 'submit'
DEBUG 2019-05-13 19:26:09,548: 	 Found CRAB cache file /afs/cern.ch/user/s/schhibra/.crab3
DEBUG 2019-05-13 19:26:09,558: 	 Checking credentials
DEBUG 2019-05-13 19:26:09,558: 	 Found proxy file /tmp/x509up_u59012
DEBUG 2019-05-13 19:26:09,558: 	 Getting proxy life time left
DEBUG 2019-05-13 19:26:10,364: 	 Executing : 
 command : voms-proxy-info -file /tmp/x509up_u59012 -timeleft
 output : 603375

 error: 
 retcode : 0
DEBUG 2019-05-13 19:26:11,173: 	 Executing : 
 command : voms-proxy-info -file /tmp/x509up_u59012 -actimeleft
 output : 603374

 error: 
 retcode : 0
DEBUG 2019-05-13 19:26:11,173: 	 Proxy lifetime 603375 secs is different from voms extension lifetime 603374 secs for proxy: /tmp/x509up_u59012
DEBUG 2019-05-13 19:26:11,173: 	 Proxy valid for 167:36:14 hours
INFO 2019-05-13 19:26:11,176: 	 Will use CRAB configuration file crabConfig.py
DEBUG 2019-05-13 19:26:11,177: 	 Loading CRAB configuration file.
DEBUG 2019-05-13 19:26:11,215: 	 Will use CRAB Analysis plugin (i.e. will run an analysis job type).
DEBUG 2019-05-13 19:26:11,445: 	 Executing : 
 command : openssl x509 -in ~/.globus/usercert.pem -subject -noout
 output : subject= /DC=ch/DC=cern/OU=Organic Units/OU=Users/CN=schhibra/CN=715612/CN=Simranjit Singh Chhibra

 error: 
 retcode : 0
DEBUG 2019-05-13 19:26:11,445: 	 Checking credentials
DEBUG 2019-05-13 19:26:11,446: 	 Found proxy file /tmp/x509up_u59012
DEBUG 2019-05-13 19:26:11,446: 	 Getting proxy life time left
DEBUG 2019-05-13 19:26:12,258: 	 Executing : 
 command : voms-proxy-info -file /tmp/x509up_u59012 -timeleft
 output : 603373

 error: 
 retcode : 0
DEBUG 2019-05-13 19:26:13,067: 	 Executing : 
 command : voms-proxy-info -file /tmp/x509up_u59012 -actimeleft
 output : 603372

 error: 
 retcode : 0
DEBUG 2019-05-13 19:26:13,067: 	 Proxy lifetime 603373 secs is different from voms extension lifetime 603372 secs for proxy: /tmp/x509up_u59012
DEBUG 2019-05-13 19:26:13,067: 	 Proxy valid for 167:36:12 hours
DEBUG 2019-05-13 19:26:13,874: 	 Executing : 
 command : env X509_USER_PROXY=/tmp/x509up_u59012 voms-proxy-info -fqan
 output : /cms/Role=NULL/Capability=NULL

 error: 
 retcode : 0
DEBUG 2019-05-13 19:26:14,014: 	 Registering user credentials for server /DC=ch/DC=cern/OU=computers/CN=vocms(052|058|030|0118|0105|0109).cern.ch|/DC=ch/DC=cern/OU=computers/CN=crab-(preprod|prod)-tw(02|01).cern.ch
DEBUG 2019-05-13 19:26:14,125: 	 Executing : 
 command : openssl x509 -in ~/.globus/usercert.pem -subject -noout
 output : subject= /DC=ch/DC=cern/OU=Organic Units/OU=Users/CN=schhibra/CN=715612/CN=Simranjit Singh Chhibra

 error: 
 retcode : 0
DEBUG 2019-05-13 19:26:14,125: 	 Getting myproxy life time left for myproxy.cern.ch
DEBUG 2019-05-13 19:26:14,126: 	 Calculating hash of /DC=ch/DC=cern/OU=Organic Units/OU=Users/CN=schhibra/CN=715612/CN=Simranjit Singh Chhibra_cmsweb.cern.ch for credential name
DEBUG 2019-05-13 19:26:14,532: 	 Executing : 
 command : myproxy-info -l 3841cd59f3d3480019d577f9a3ad69704f35aad0 -s myproxy.cern.ch
 output : username: 3841cd59f3d3480019d577f9a3ad69704f35aad0
owner: /DC=ch/DC=cern/OU=Organic Units/OU=Users/CN=schhibra/CN=715612/CN=Simranjit Singh Chhibra
  renewal policy: /DC=ch/DC=cern/OU=computers/CN=vocms(052|058|030|0118|0105|0109).cern.ch|/DC=ch/DC=cern/OU=computers/CN=crab-(preprod|prod)-tw(02|01).cern.ch
  trusted retrieval policy: /DC=ch/DC=cern/OU=computers/CN=vocms(052|058|030|0118|0105|0109).cern.ch|/DC=ch/DC=cern/OU=computers/CN=crab-(preprod|prod)-tw(02|01).cern.ch
  timeleft: 430:58:09  (18.0 days)

 error: 
 retcode : 0
DEBUG 2019-05-13 19:26:14,534: 	 Myproxy is valid: 1551489
DEBUG 2019-05-13 19:26:14,534: 	 Command use: submit
DEBUG 2019-05-13 19:26:14,534: 	 Options use: []
DEBUG 2019-05-13 19:26:14,671: 	 CRABClient version: 3.3.1904
DEBUG 2019-05-13 19:26:14,671: 	 Instance is prod
DEBUG 2019-05-13 19:26:14,671: 	 Server base url is cmsweb.cern.ch
DEBUG 2019-05-13 19:26:14,671: 	 Command url /crabserver/prod/workflow
DEBUG 2019-05-13 19:26:14,671: 	 Started submission
DEBUG 2019-05-13 19:26:14,671: 	 Working on /afs/cern.ch/work/s/schhibra/DarkPhotonSearch_v2/CMSSW_9_4_14/src/ScoutingAnalysis/TreeMaker/crab/ZdScoutingM20_L1_12_5_L1_15_7_Official_AccXEff/crab_20190513_192611
DEBUG 2019-05-13 19:26:14,856: 	 Loading required information from the environment
DEBUG 2019-05-13 19:26:14,856: 	 Found CMSSW_9_4_14 for slc6_amd64_gcc630 with base /afs/cern.ch/work/s/schhibra/DarkPhotonSearch_v2/CMSSW_9_4_14
DEBUG 2019-05-13 19:26:14,856: 	 Loading required information from the environment
DEBUG 2019-05-13 19:26:14,856: 	 Found CMSSW_9_4_14 for slc6_amd64_gcc630 with base /afs/cern.ch/work/s/schhibra/DarkPhotonSearch_v2/CMSSW_9_4_14
DEBUG 2019-05-13 19:26:14,886: 	 UNIQUE NAME: tarUUID 0ee0f001-d656-4f57-994f-142491eb91c2 
DEBUG 2019-05-13 19:26:14,887: 	 self.config: from WMCore.Configuration import Configuration
config = Configuration()
config.section_('General')
config.section_('JobType')
config.JobType.psetName = '../../test/tree_scout_cfg.py'
config.JobType.pluginName = 'Analysis'
config.JobType.inputFiles = ['../Rochester.tar.gz']
config.JobType.pyCfgParams = ['isMC=True', 'useLHEWeights=True', 'GlobalTag=94X_mc2017_realistic_v11', 'roccorData=Rochester/RoccoR2017.txt']
config.JobType.scriptExe = '../exec.sh'
config.section_('Data')
config.Data.inputDataset = '/DarkPhotonToMuMu_M20_madgraph_pythia8_TuneCP5/RunIIFall17DRPremix-PU2017_94X_mc2017_realistic_v11-v1/AODSIM'
config.Data.unitsPerJob = 10000
config.Data.publication = False
config.Data.splitting = 'EventAwareLumiBased'
config.Data.outLFNDirBase = '/store/group/phys_exotica/darkPhoton/schhibra/ScoutingNTuples2017'
config.section_('Site')
config.Site.storageSite = 'T2_CH_CERN'
config.section_('User')
config.section_('Debug')

DEBUG 2019-05-13 19:26:14,887: 	 self.config.JobType.psetName: ../../test/tree_scout_cfg.py
INFO 2019-05-13 19:26:14,887: 	 Importing CMSSW configuration ../../test/tree_scout_cfg.py
DEBUG 2019-05-13 19:26:14,888: 	 Additional parameters for the CMSSW configuration are: ['isMC=True', 'useLHEWeights=True', 'GlobalTag=94X_mc2017_realistic_v11', 'roccorData=Rochester/RoccoR2017.txt']
INFO 2019-05-13 19:26:16,692: 	 Finished importing CMSSW configuration ../../test/tree_scout_cfg.py
DEBUG 2019-05-13 19:26:16,692: 	 Writing CMSSW configuration to /afs/cern.ch/work/s/schhibra/DarkPhotonSearch_v2/CMSSW_9_4_14/src/ScoutingAnalysis/TreeMaker/crab/ZdScoutingM20_L1_12_5_L1_15_7_Official_AccXEff/crab_20190513_192611/inputs/PSet.py
DEBUG 2019-05-13 19:26:17,093: 	 The following EDM output files will be collected: []
DEBUG 2019-05-13 19:26:17,093: 	 The following TFile output files will be collected: ['tree_scout.root']
DEBUG 2019-05-13 19:26:17,093: 	 The following user output files will be collected: []
DEBUG 2019-05-13 19:26:17,094: 	 Loading required information from the environment
DEBUG 2019-05-13 19:26:17,094: 	 Found CMSSW_9_4_14 for slc6_amd64_gcc630 with base /afs/cern.ch/work/s/schhibra/DarkPhotonSearch_v2/CMSSW_9_4_14
DEBUG 2019-05-13 19:26:17,094: 	 Making tarball in /afs/cern.ch/work/s/schhibra/DarkPhotonSearch_v2/CMSSW_9_4_14/src/ScoutingAnalysis/TreeMaker/crab/ZdScoutingM20_L1_12_5_L1_15_7_Official_AccXEff/crab_20190513_192611/inputs/0ee0f001-d656-4f57-994f-142491eb91c2default.tgz
DEBUG 2019-05-13 19:26:17,109: 	 Checking directory /afs/cern.ch/work/s/schhibra/DarkPhotonSearch_v2/CMSSW_9_4_14/lib
DEBUG 2019-05-13 19:26:17,109: 	 Adding directory /afs/cern.ch/work/s/schhibra/DarkPhotonSearch_v2/CMSSW_9_4_14/lib to tarball
DEBUG 2019-05-13 19:26:17,118: 	 Checking directory /afs/cern.ch/work/s/schhibra/DarkPhotonSearch_v2/CMSSW_9_4_14/biglib
DEBUG 2019-05-13 19:26:17,118: 	 Adding directory /afs/cern.ch/work/s/schhibra/DarkPhotonSearch_v2/CMSSW_9_4_14/biglib to tarball
DEBUG 2019-05-13 19:26:17,119: 	 Checking directory /afs/cern.ch/work/s/schhibra/DarkPhotonSearch_v2/CMSSW_9_4_14/module
DEBUG 2019-05-13 19:26:17,120: 	 Adding data directory /afs/cern.ch/work/s/schhibra/DarkPhotonSearch_v2/CMSSW_9_4_14/src/ScoutingAnalysis/TreeMaker/data to tarball
DEBUG 2019-05-13 19:26:17,321: 	 Adding data directory /afs/cern.ch/work/s/schhibra/DarkPhotonSearch_v2/CMSSW_9_4_14/src/ScoutingAnalysis/TreeMaker/interface to tarball
DEBUG 2019-05-13 19:26:17,341: 	 Adding file ../Rochester.tar.gz to tarball
DEBUG 2019-05-13 19:26:17,676: 	 Uploading archive /afs/cern.ch/work/s/schhibra/DarkPhotonSearch_v2/CMSSW_9_4_14/src/ScoutingAnalysis/TreeMaker/crab/ZdScoutingM20_L1_12_5_L1_15_7_Official_AccXEff/crab_20190513_192611/inputs/0ee0f001-d656-4f57-994f-142491eb91c2default.tgz (1.384766.1 MB) to the CRAB cache. Using URI https://cmsweb.cern.ch/crabcache
DEBUG 2019-05-13 19:26:18,889: 	 Loading required information from the environment
DEBUG 2019-05-13 19:26:18,889: 	 Found CMSSW_9_4_14 for slc6_amd64_gcc630 with base /afs/cern.ch/work/s/schhibra/DarkPhotonSearch_v2/CMSSW_9_4_14
DEBUG 2019-05-13 19:26:18,889: 	 Making tarball in /afs/cern.ch/work/s/schhibra/DarkPhotonSearch_v2/CMSSW_9_4_14/src/ScoutingAnalysis/TreeMaker/crab/ZdScoutingM20_L1_12_5_L1_15_7_Official_AccXEff/crab_20190513_192611/inputs/debugFiles.tgz
DEBUG 2019-05-13 19:26:18,896: 	 Uploading archive /afs/cern.ch/work/s/schhibra/DarkPhotonSearch_v2/CMSSW_9_4_14/src/ScoutingAnalysis/TreeMaker/crab/ZdScoutingM20_L1_12_5_L1_15_7_Official_AccXEff/crab_20190513_192611/inputs/debugFiles.tgz (2 KB) to the CRAB cache. Using URI https://cmsweb.cern.ch/crabcache
DEBUG 2019-05-13 19:26:19,027: 	 Result uploading input files: a91432ba4693afbbde9dbfbf3a45ce6415c548894da6deac0dabcf6ac4d297eb.tar.gz 
INFO 2019-05-13 19:26:19,027: 	 Sending the request to the server
DEBUG 2019-05-13 19:26:19,028: 	 Submitting {'maxjobruntime': 1250, 'extrajdl': [], 'lfn': '/store/group/phys_exotica/darkPhoton/schhibra/ScoutingNTuples2017', 'savelogsflag': 0, 'useparent': 0, 'scriptexe': 'exec.sh', 'asyncdest': 'T2_CH_CERN', 'algoargs': 10000, 'cachefilename': 'a91432ba4693afbbde9dbfbf3a45ce6415c548894da6deac0dabcf6ac4d297eb.tar.gz', 'numcores': 1, 'addoutputfiles': [], 'generator': 'pythia', 'maxmemory': 2000, 'publishdbsurl': 'https://cmsweb.cern.ch/dbs/prod/phys03/DBSWriter', 'priority': 10, 'jobsw': 'CMSSW_9_4_14', 'edmoutfiles': [], 'userfiles': [], 'primarydataset': '', 'inputdata': '/DarkPhotonToMuMu_M20_madgraph_pythia8_TuneCP5/RunIIFall17DRPremix-PU2017_94X_mc2017_realistic_v11-v1/AODSIM', 'ignorelocality': 0, 'dryrun': 0, 'workflow': 'crab_20190513_192611', 'cacheurl': u'https://cmsweb.cern.ch/crabcache', 'nonprodsw': 0, 'tfileoutfiles': ['tree_scout.root'], 'oneEventMode': 0, 'debugfilename': '4ea6e8e66947c4148ee6a43ecc579be92a21c0529b39f9aee93dafdaf3ad68e2.tar.gz', 'saveoutput': 1, 'publication': 0, 'jobarch': 'slc6_amd64_gcc630', 'totalunits': 0, 'splitalgo': 'EventAwareLumiBased', 'ignoreglobalblacklist': 0, 'nonvaliddata': 0, 'dbsurl': 'https://cmsweb.cern.ch/dbs/prod/global/DBSReader', 'publishgroupname': 0, 'jobtype': 'Analysis', 'publishname2': ''} 
DEBUG 2019-05-13 19:26:19,028: 	 Encoded submit request: maxjobruntime=1250&lfn=%2Fstore%2Fgroup%2Fphys_exotica%2FdarkPhoton%2Fschhibra%2FScoutingNTuples2017&savelogsflag=0&useparent=0&scriptexe=exec.sh&asyncdest=T2_CH_CERN&algoargs=10000&cachefilename=a91432ba4693afbbde9dbfbf3a45ce6415c548894da6deac0dabcf6ac4d297eb.tar.gz&numcores=1&generator=pythia&maxmemory=2000&publishdbsurl=https%3A%2F%2Fcmsweb.cern.ch%2Fdbs%2Fprod%2Fphys03%2FDBSWriter&priority=10&jobsw=CMSSW_9_4_14&primarydataset=&inputdata=%2FDarkPhotonToMuMu_M20_madgraph_pythia8_TuneCP5%2FRunIIFall17DRPremix-PU2017_94X_mc2017_realistic_v11-v1%2FAODSIM&ignorelocality=0&dryrun=0&workflow=crab_20190513_192611&cacheurl=https%3A%2F%2Fcmsweb.cern.ch%2Fcrabcache&nonprodsw=0&oneEventMode=0&debugfilename=4ea6e8e66947c4148ee6a43ecc579be92a21c0529b39f9aee93dafdaf3ad68e2.tar.gz&saveoutput=1&publication=0&jobarch=slc6_amd64_gcc630&totalunits=0&splitalgo=EventAwareLumiBased&ignoreglobalblacklist=0&nonvaliddata=0&dbsurl=https%3A%2F%2Fcmsweb.cern.ch%2Fdbs%2Fprod%2Fglobal%2FDBSReader&publishgroupname=0&jobtype=Analysis&publishname2=&tfileoutfiles=tree_scout.root
DEBUG 2019-05-13 19:26:19,309: 	 Result: {u'result': [{u'RequestName': u'190513_172619:schhibra_crab_20190513_192611'}]}
INFO 2019-05-13 19:26:19,311: 	 Success: Your task has been delivered to the CRAB3 server.
INFO 2019-05-13 19:26:19,312: 	 Task name: 190513_172619:schhibra_crab_20190513_192611
INFO 2019-05-13 19:26:19,312: 	 Project dir: ./crab_20190513_192611
INFO 2019-05-13 19:26:19,312: 	 Please use 'crab status -d ./crab_20190513_192611' to check how the submission process proceeds.
DEBUG 2019-05-13 19:26:19,312: 	 About to return
INFO 2019-05-13 19:26:19,315: 	 Log file is /afs/cern.ch/work/s/schhibra/DarkPhotonSearch_v2/CMSSW_9_4_14/src/ScoutingAnalysis/TreeMaker/crab/ZdScoutingM20_L1_12_5_L1_15_7_Official_AccXEff/crab_20190513_192611/crab.log
DEBUG 2019-05-17 19:14:33,426: 	 Executing command: 'status'
DEBUG 2019-05-17 19:14:33,426: 	 Found CRAB cache file /afs/cern.ch/user/s/schhibra/.crab3
DEBUG 2019-05-17 19:14:33,537: 	 Checking credentials
DEBUG 2019-05-17 19:14:33,537: 	 Found proxy file /tmp/x509up_u59012
DEBUG 2019-05-17 19:14:33,537: 	 Getting proxy life time left
DEBUG 2019-05-17 19:14:35,347: 	 Executing : 
 command : voms-proxy-info -file /tmp/x509up_u59012 -timeleft
 output : 584232

 error: 
 retcode : 0
DEBUG 2019-05-17 19:14:37,066: 	 Executing : 
 command : voms-proxy-info -file /tmp/x509up_u59012 -actimeleft
 output : 584229

 error: 
 retcode : 0
DEBUG 2019-05-17 19:14:37,067: 	 Proxy lifetime 584232 secs is different from voms extension lifetime 584229 secs for proxy: /tmp/x509up_u59012
DEBUG 2019-05-17 19:14:37,068: 	 Proxy valid for 162:17:09 hours
DEBUG 2019-05-17 19:14:37,401: 	 Executing : 
 command : openssl x509 -in ~/.globus/usercert.pem -subject -noout
 output : subject= /DC=ch/DC=cern/OU=Organic Units/OU=Users/CN=schhibra/CN=715612/CN=Simranjit Singh Chhibra

 error: 
 retcode : 0
DEBUG 2019-05-17 19:14:37,401: 	 Checking credentials
DEBUG 2019-05-17 19:14:37,401: 	 Found proxy file /tmp/x509up_u59012
DEBUG 2019-05-17 19:14:37,402: 	 Getting proxy life time left
DEBUG 2019-05-17 19:14:39,117: 	 Executing : 
 command : voms-proxy-info -file /tmp/x509up_u59012 -timeleft
 output : 584228

 error: 
 retcode : 0
DEBUG 2019-05-17 19:14:40,840: 	 Executing : 
 command : voms-proxy-info -file /tmp/x509up_u59012 -actimeleft
 output : 584226

 error: 
 retcode : 0
DEBUG 2019-05-17 19:14:40,840: 	 Proxy lifetime 584228 secs is different from voms extension lifetime 584226 secs for proxy: /tmp/x509up_u59012
DEBUG 2019-05-17 19:14:40,840: 	 Proxy valid for 162:17:06 hours
DEBUG 2019-05-17 19:14:41,009: 	 Registering user credentials for server /DC=ch/DC=cern/OU=computers/CN=vocms(052|058|030|0118|0105|0109).cern.ch|/DC=ch/DC=cern/OU=computers/CN=crab-(preprod|prod)-tw(02|01).cern.ch
DEBUG 2019-05-17 19:14:41,265: 	 Executing : 
 command : openssl x509 -in ~/.globus/usercert.pem -subject -noout
 output : subject= /DC=ch/DC=cern/OU=Organic Units/OU=Users/CN=schhibra/CN=715612/CN=Simranjit Singh Chhibra

 error: 
 retcode : 0
DEBUG 2019-05-17 19:14:41,265: 	 Getting myproxy life time left for myproxy.cern.ch
DEBUG 2019-05-17 19:14:41,266: 	 Calculating hash of /DC=ch/DC=cern/OU=Organic Units/OU=Users/CN=schhibra/CN=715612/CN=Simranjit Singh Chhibra_cmsweb.cern.ch for credential name
DEBUG 2019-05-17 19:14:41,674: 	 Executing : 
 command : myproxy-info -l 3841cd59f3d3480019d577f9a3ad69704f35aad0 -s myproxy.cern.ch
 output : username: 3841cd59f3d3480019d577f9a3ad69704f35aad0
owner: /DC=ch/DC=cern/OU=Organic Units/OU=Users/CN=schhibra/CN=715612/CN=Simranjit Singh Chhibra
  renewal policy: /DC=ch/DC=cern/OU=computers/CN=vocms(052|058|030|0118|0105|0109).cern.ch|/DC=ch/DC=cern/OU=computers/CN=crab-(preprod|prod)-tw(02|01).cern.ch
  trusted retrieval policy: /DC=ch/DC=cern/OU=computers/CN=vocms(052|058|030|0118|0105|0109).cern.ch|/DC=ch/DC=cern/OU=computers/CN=crab-(preprod|prod)-tw(02|01).cern.ch
  timeleft: 701:53:38  (29.2 days)

 error: 
 retcode : 0
DEBUG 2019-05-17 19:14:41,676: 	 Myproxy is valid: 2526818
DEBUG 2019-05-17 19:14:41,677: 	 Command use: status
DEBUG 2019-05-17 19:14:41,677: 	 Options use: ['ZdScoutingM20_L1_12_5_L1_15_7_Official_AccXEff/crab_20190513_192611/']
DEBUG 2019-05-17 19:14:41,819: 	 CRABClient version: 3.3.1904
DEBUG 2019-05-17 19:14:41,819: 	 Instance is prod
DEBUG 2019-05-17 19:14:41,819: 	 Server base url is cmsweb.cern.ch
DEBUG 2019-05-17 19:14:41,819: 	 Command url /crabserver/prod/workflow
DEBUG 2019-05-17 19:14:41,974: 	 Got information from server oracle database: {u'result': [u'190513_172619:schhibra_crab_20190513_192611', u'None', u'None', u'SUBMITTED', u'SUBMIT', u'2019-05-13 17:26:19.267481', u'None', u'2019-05-13 17:27:00.065521', u'None', u'CMSSW_9_4_14', u'slc6_amd64_gcc630', u'/DarkPhotonToMuMu_M20_madgraph_pythia8_TuneCP5/RunIIFall17DRPremix-PU2017_94X_mc2017_realistic_v11-v1/AODSIM', u'F', u'0', u'[]', u'[]', u'EventAwareLumiBased', u"{'splitOnRun': False, 'events_per_job': 10000, 'halt_job_on_file_boundaries': False, 'runs': [], 'lumis': []}", u'a91432ba4693afbbde9dbfbf3a45ce6415c548894da6deac0dabcf6ac4d297eb.tar.gz', u'https://cmsweb.cern.ch/crabcache', u'schhibra', u'/DC=ch/DC=cern/OU=Organic Units/OU=Users/CN=schhibra/CN=715612/CN=Simranjit Singh Chhibra', u'cms', u'None', u'None', u'crab_20190513_192611-00000000000000000000000000000000', u'F', u'T2_CH_CERN', u'https://cmsweb.cern.ch/dbs/prod/global/DBSReader', u'https://cmsweb.cern.ch/dbs/prod/phys03/DBSWriter', u'F', u'[]', u"['tree_scout.root']", u'[]', u'Analysis', u'pythia', u'None', u'{}', u'[]', u'F', u'crab-prod-tw01', u'[]', u'1250', u'1', u'2000', u'10', u'None', u'[]', u'http://vocms0194.cern.ch/mon/cms175/190513_172619:schhibra_crab_20190513_192611', u'exec.sh', u'[]', u'[]', u'https://cmsweb.cern.ch/crabserver/prod', u'cmsgwms-collector-global.cern.ch:9620,cmssrv221.fnal.gov:9620', u'crab3@vocms0194.cern.ch', u'F', u'[]', u'T', u'/store/group/phys_exotica/darkPhoton/schhibra/ScoutingNTuples2017', u'F', u'None', u'F', u'None', u'DarkPhotonToMuMu_M20_madgraph_pythia8_TuneCP5', u'None', u'4ea6e8e66947c4148ee6a43ecc579be92a21c0529b39f9aee93dafdaf3ad68e2.tar.gz', u'37882295', u'filetransfers', u'F', u'188.184.104.130', u'0.0', u'None'], u'desc': {u'columns': [u'tm_taskname', u'tm_activity', u'panda_jobset_id', u'tm_task_status', u'tm_task_command', u'tm_start_time', u'tm_start_injection', u'tm_end_injection', u'tm_task_failure', u'tm_job_sw', u'tm_job_arch', u'tm_input_dataset', u'tm_nonvalid_input_dataset', u'tm_use_parent', u'tm_site_whitelist', u'tm_site_blacklist', u'tm_split_algo', u'tm_split_args', u'tm_user_sandbox', u'tm_cache_url', u'tm_username', u'tm_user_dn', u'tm_user_vo', u'tm_user_role', u'tm_user_group', u'tm_publish_name', u'tm_publish_groupname', u'tm_asyncdest', u'tm_dbs_url', u'tm_publish_dbs_url', u'tm_publication', u'tm_outfiles', u'tm_tfile_outfiles', u'tm_edm_outfiles', u'tm_job_type', u'tm_generator', u'tm_events_per_lumi', u'tm_arguments', u'panda_resubmitted_jobs', u'tm_save_logs', u'tw_name', u'tm_user_infiles', u'tm_maxjobruntime', u'tm_numcores', u'tm_maxmemory', u'tm_priority', u'tm_output_dataset', u'tm_task_warnings', u'tm_user_webdir', u'tm_scriptexe', u'tm_scriptargs', u'tm_extrajdl', u'tm_asourl', u'tm_collector', u'tm_schedd', u'tm_dry_run', u'tm_user_files', u'tm_transfer_outputs', u'tm_output_lfn', u'tm_ignore_locality', u'tm_fail_limit', u'tm_one_event_mode', u'tm_secondary_input_dataset', u'tm_primary_dataset', u'tm_last_publication', u'tm_debug_files', u'clusterid', u'tm_asodb', u'tm_ignore_global_blacklist', u'tm_submitter_ip_addr', u'tm_totalunits', u'tm_ddm_reqid']}}
INFO 2019-05-17 19:14:41,975: 	 CRAB project directory:		/afs/cern.ch/work/s/schhibra/DarkPhotonSearch_v2/CMSSW_9_4_14/src/ScoutingAnalysis/TreeMaker/crab/ZdScoutingM20_L1_12_5_L1_15_7_Official_AccXEff/crab_20190513_192611
INFO 2019-05-17 19:14:41,975: 	 Task name:			190513_172619:schhibra_crab_20190513_192611
INFO 2019-05-17 19:14:41,975: 	 Grid scheduler - Task Worker:	crab3@vocms0194.cern.ch - crab-prod-tw01
INFO 2019-05-17 19:14:41,975: 	 Status on the CRAB server:	SUBMITTED
INFO 2019-05-17 19:14:41,975: 	 Task URL to use for HELP:	https://cmsweb.cern.ch/crabserver/ui/task/190513_172619%3Aschhibra_crab_20190513_192611
INFO 2019-05-17 19:14:41,975: 	 Dashboard monitoring URL:	http://dashb-cms-job.cern.ch/dashboard/templates/task-analysis/#user=schhibra&refresh=0&table=Jobs&p=1&records=25&activemenu=2&status=&site=&tid=190513_172619%3Aschhibra_crab_20190513_192611
INFO 2019-05-17 19:14:41,976: 	 New dashboard monitoring URL:	https://monit-grafana.cern.ch/d/cmsTMDetail/cms-task-monitoring-task-view?orgId=11&var-user=schhibra&var-task=190513_172619%3Aschhibra_crab_20190513_192611
INFO 2019-05-17 19:14:41,976: 	 In case of issues with the new dashboard, please provide feedback to hn-cms-computing-tools@cern.ch
DEBUG 2019-05-17 19:14:41,976: 	 The CRAB server submitted your task to the Grid scheduler (cluster ID: 37882295)
DEBUG 2019-05-17 19:14:41,976: 	 Webdir is located at http://vocms0194.cern.ch/mon/cms175/190513_172619:schhibra_crab_20190513_192611
DEBUG 2019-05-17 19:14:42,108: 	 Proxied webdir is located at https://cmsweb.cern.ch/scheddmon/0194/cms175/190513_172619:schhibra_crab_20190513_192611
DEBUG 2019-05-17 19:14:42,108: 	 Retrieving 'status_cache' file from https://cmsweb.cern.ch/scheddmon/0194/cms175/190513_172619:schhibra_crab_20190513_192611/status_cache
DEBUG 2019-05-17 19:14:42,330: 	 Got information from status cache file: {'1': {'Retries': 0, 'WallDurations': [188.0, 202.8517189025879], 'StartTimes': [1557958176.0], 'SubmitTimes': [1557768437.0], 'JobIds': ['37882320.0'], 'EndTimes': [1557958364.0], 'Restarts': 0, 'RecordedSite': True, 'State': 'finished', 'ResidentSetSize': [19076], 'TotalUserCpuTimeHistory': [110], 'SiteHistory': ['Unknown', 'T2_FR_IPHC'], 'TotalSysCpuTimeHistory': [2]}, '3': {'Retries': 0, 'WallDurations': [9.0, 213.0], 'StartTimes': [1557958242.0], 'SubmitTimes': [1557768437.0], 'JobIds': ['37882323.0'], 'EndTimes': [1557958455.0], 'Restarts': 0, 'RecordedSite': True, 'State': 'finished', 'ResidentSetSize': [2800], 'TotalUserCpuTimeHistory': [154], 'SiteHistory': ['Unknown', 'T2_FR_IPHC'], 'TotalSysCpuTimeHistory': [2]}, '2': {'Retries': 0, 'WallDurations': [9.0, 198.0], 'StartTimes': [1557958352.0], 'SubmitTimes': [1557768438.0], 'JobIds': ['37882329.0'], 'EndTimes': [1557958550.0], 'Restarts': 0, 'RecordedSite': True, 'State': 'finished', 'ResidentSetSize': [2800], 'TotalUserCpuTimeHistory': [141], 'SiteHistory': ['Unknown', 'T2_FR_IPHC'], 'TotalSysCpuTimeHistory': [3]}, '5': {'Retries': 0, 'WallDurations': [9.0, 156.0], 'StartTimes': [1557958363.0], 'SubmitTimes': [1557768438.0], 'JobIds': ['37882332.0'], 'EndTimes': [1557958519.0], 'Restarts': 0, 'RecordedSite': True, 'State': 'finished', 'ResidentSetSize': [2804], 'TotalUserCpuTimeHistory': [94], 'SiteHistory': ['Unknown', 'T2_FR_IPHC'], 'TotalSysCpuTimeHistory': [2]}, '4': {'Retries': 0, 'WallDurations': [8.0, 162.0], 'StartTimes': [1557958312.0], 'SubmitTimes': [1557768438.0], 'JobIds': ['37882326.0'], 'EndTimes': [1557958474.0], 'Restarts': 0, 'RecordedSite': True, 'State': 'finished', 'ResidentSetSize': [41152], 'TotalUserCpuTimeHistory': [102], 'SiteHistory': ['Unknown', 'T2_FR_IPHC'], 'TotalSysCpuTimeHistory': [2]}}
INFO 2019-05-17 19:14:42,330: 	 Status on the scheduler:	COMPLETED
INFO 2019-05-17 19:14:42,330: 	 
Jobs status:                    finished     		100.0% (5/5)
INFO 2019-05-17 19:14:42,330: 	 
No publication information (publication has been disabled in the CRAB configuration file)
INFO 2019-05-17 19:14:42,331: 	 
Warning: the max jobs runtime is less than 30% of the task requested value (1250 min), please consider to request a lower value for failed jobs (allowed through crab resubmit) and/or improve the jobs splitting (e.g. config.Data.splitting = 'Automatic') in a new task.
INFO 2019-05-17 19:14:42,331: 	 
Summary of run jobs:
 * Memory: 18MB min, 40MB max, 13MB ave
 * Runtime: 0:02:36 min, 0:03:33 max, 0:03:06 ave
 * CPU eff: 55% min, 73% max, 66% ave
 * Waste: 0:03:43 (19% of total)

INFO 2019-05-17 19:14:42,542: 	 Log file is /afs/cern.ch/work/s/schhibra/DarkPhotonSearch_v2/CMSSW_9_4_14/src/ScoutingAnalysis/TreeMaker/crab/ZdScoutingM20_L1_12_5_L1_15_7_Official_AccXEff/crab_20190513_192611/crab.log
