DEBUG 2019-05-13 19:15:53,773: 	 Executing command: 'submit'
DEBUG 2019-05-13 19:15:53,774: 	 Found CRAB cache file /afs/cern.ch/user/s/schhibra/.crab3
DEBUG 2019-05-13 19:15:53,783: 	 Checking credentials
DEBUG 2019-05-13 19:15:53,783: 	 Found proxy file /tmp/x509up_u59012
DEBUG 2019-05-13 19:15:53,783: 	 Getting proxy life time left
DEBUG 2019-05-13 19:15:54,590: 	 Executing : 
 command : voms-proxy-info -file /tmp/x509up_u59012 -timeleft
 output : 603991

 error: 
 retcode : 0
DEBUG 2019-05-13 19:15:55,398: 	 Executing : 
 command : voms-proxy-info -file /tmp/x509up_u59012 -actimeleft
 output : 603990

 error: 
 retcode : 0
DEBUG 2019-05-13 19:15:55,398: 	 Proxy lifetime 603991 secs is different from voms extension lifetime 603990 secs for proxy: /tmp/x509up_u59012
DEBUG 2019-05-13 19:15:55,399: 	 Proxy valid for 167:46:30 hours
INFO 2019-05-13 19:15:55,399: 	 Will use CRAB configuration file crabConfig.py
DEBUG 2019-05-13 19:15:55,399: 	 Loading CRAB configuration file.
DEBUG 2019-05-13 19:15:55,444: 	 Will use CRAB Analysis plugin (i.e. will run an analysis job type).
DEBUG 2019-05-13 19:15:55,683: 	 Executing : 
 command : openssl x509 -in ~/.globus/usercert.pem -subject -noout
 output : subject= /DC=ch/DC=cern/OU=Organic Units/OU=Users/CN=schhibra/CN=715612/CN=Simranjit Singh Chhibra

 error: 
 retcode : 0
DEBUG 2019-05-13 19:15:55,684: 	 Checking credentials
DEBUG 2019-05-13 19:15:55,684: 	 Found proxy file /tmp/x509up_u59012
DEBUG 2019-05-13 19:15:55,684: 	 Getting proxy life time left
DEBUG 2019-05-13 19:15:56,390: 	 Executing : 
 command : voms-proxy-info -file /tmp/x509up_u59012 -timeleft
 output : 603989

 error: 
 retcode : 0
DEBUG 2019-05-13 19:15:57,200: 	 Executing : 
 command : voms-proxy-info -file /tmp/x509up_u59012 -actimeleft
 output : 603988

 error: 
 retcode : 0
DEBUG 2019-05-13 19:15:57,200: 	 Proxy lifetime 603989 secs is different from voms extension lifetime 603988 secs for proxy: /tmp/x509up_u59012
DEBUG 2019-05-13 19:15:57,200: 	 Proxy valid for 167:46:28 hours
DEBUG 2019-05-13 19:15:58,008: 	 Executing : 
 command : env X509_USER_PROXY=/tmp/x509up_u59012 voms-proxy-info -fqan
 output : /cms/Role=NULL/Capability=NULL

 error: 
 retcode : 0
DEBUG 2019-05-13 19:15:58,613: 	 Registering user credentials for server /DC=ch/DC=cern/OU=computers/CN=vocms(052|058|030|0118|0105|0109).cern.ch|/DC=ch/DC=cern/OU=computers/CN=crab-(preprod|prod)-tw(02|01).cern.ch
DEBUG 2019-05-13 19:15:58,726: 	 Executing : 
 command : openssl x509 -in ~/.globus/usercert.pem -subject -noout
 output : subject= /DC=ch/DC=cern/OU=Organic Units/OU=Users/CN=schhibra/CN=715612/CN=Simranjit Singh Chhibra

 error: 
 retcode : 0
DEBUG 2019-05-13 19:15:58,726: 	 Getting myproxy life time left for myproxy.cern.ch
DEBUG 2019-05-13 19:15:58,726: 	 Calculating hash of /DC=ch/DC=cern/OU=Organic Units/OU=Users/CN=schhibra/CN=715612/CN=Simranjit Singh Chhibra_cmsweb.cern.ch for credential name
DEBUG 2019-05-13 19:15:59,131: 	 Executing : 
 command : myproxy-info -l 3841cd59f3d3480019d577f9a3ad69704f35aad0 -s myproxy.cern.ch
 output : username: 3841cd59f3d3480019d577f9a3ad69704f35aad0
owner: /DC=ch/DC=cern/OU=Organic Units/OU=Users/CN=schhibra/CN=715612/CN=Simranjit Singh Chhibra
  renewal policy: /DC=ch/DC=cern/OU=computers/CN=vocms(052|058|030|0118|0105|0109).cern.ch|/DC=ch/DC=cern/OU=computers/CN=crab-(preprod|prod)-tw(02|01).cern.ch
  trusted retrieval policy: /DC=ch/DC=cern/OU=computers/CN=vocms(052|058|030|0118|0105|0109).cern.ch|/DC=ch/DC=cern/OU=computers/CN=crab-(preprod|prod)-tw(02|01).cern.ch
  timeleft: 431:08:24  (18.0 days)

 error: 
 retcode : 0
DEBUG 2019-05-13 19:15:59,133: 	 Myproxy is valid: 1552104
DEBUG 2019-05-13 19:15:59,133: 	 Command use: submit
DEBUG 2019-05-13 19:15:59,133: 	 Options use: []
DEBUG 2019-05-13 19:15:59,724: 	 CRABClient version: 3.3.1904
DEBUG 2019-05-13 19:15:59,724: 	 Instance is prod
DEBUG 2019-05-13 19:15:59,724: 	 Server base url is cmsweb.cern.ch
DEBUG 2019-05-13 19:15:59,724: 	 Command url /crabserver/prod/workflow
DEBUG 2019-05-13 19:15:59,724: 	 Started submission
DEBUG 2019-05-13 19:15:59,724: 	 Working on /afs/cern.ch/work/s/schhibra/DarkPhotonSearch_v2/CMSSW_9_4_14/src/ScoutingAnalysis/TreeMaker/crab/ZdScoutingM30_L1_12_5_L1_15_7_Official_AccXEff/crab_20190513_191555
DEBUG 2019-05-13 19:15:59,895: 	 Loading required information from the environment
DEBUG 2019-05-13 19:15:59,895: 	 Found CMSSW_9_4_14 for slc6_amd64_gcc630 with base /afs/cern.ch/work/s/schhibra/DarkPhotonSearch_v2/CMSSW_9_4_14
DEBUG 2019-05-13 19:15:59,896: 	 Loading required information from the environment
DEBUG 2019-05-13 19:15:59,896: 	 Found CMSSW_9_4_14 for slc6_amd64_gcc630 with base /afs/cern.ch/work/s/schhibra/DarkPhotonSearch_v2/CMSSW_9_4_14
DEBUG 2019-05-13 19:15:59,912: 	 UNIQUE NAME: tarUUID 1eef3106-5ecd-4633-8088-8084c475a546 
DEBUG 2019-05-13 19:15:59,913: 	 self.config: from WMCore.Configuration import Configuration
config = Configuration()
config.section_('General')
config.section_('JobType')
config.JobType.psetName = '../../test/tree_scout_cfg.py'
config.JobType.pluginName = 'Analysis'
config.JobType.inputFiles = ['../Rochester.tar.gz']
config.JobType.pyCfgParams = ['isMC=True', 'useLHEWeights=True', 'GlobalTag=94X_mc2017_realistic_v11', 'roccorData=Rochester/RoccoR2017.txt']
config.JobType.scriptExe = '../exec.sh'
config.section_('Data')
config.Data.inputDataset = '/DarkPhotonToMuMu_M30_madgraph_pythia8_TuneCP5/RunIIFall17DRPremix-PU2017_94X_mc2017_realistic_v11-v1/AODSIM'
config.Data.unitsPerJob = 10000
config.Data.publication = False
config.Data.splitting = 'EventAwareLumiBased'
config.Data.outLFNDirBase = '/store/group/phys_exotica/darkPhoton/schhibra/ScoutingNTuples2017'
config.section_('Site')
config.Site.storageSite = 'T2_CH_CERN'
config.section_('User')
config.section_('Debug')

DEBUG 2019-05-13 19:15:59,913: 	 self.config.JobType.psetName: ../../test/tree_scout_cfg.py
INFO 2019-05-13 19:15:59,913: 	 Importing CMSSW configuration ../../test/tree_scout_cfg.py
DEBUG 2019-05-13 19:15:59,914: 	 Additional parameters for the CMSSW configuration are: ['isMC=True', 'useLHEWeights=True', 'GlobalTag=94X_mc2017_realistic_v11', 'roccorData=Rochester/RoccoR2017.txt']
INFO 2019-05-13 19:16:01,623: 	 Finished importing CMSSW configuration ../../test/tree_scout_cfg.py
DEBUG 2019-05-13 19:16:01,623: 	 Writing CMSSW configuration to /afs/cern.ch/work/s/schhibra/DarkPhotonSearch_v2/CMSSW_9_4_14/src/ScoutingAnalysis/TreeMaker/crab/ZdScoutingM30_L1_12_5_L1_15_7_Official_AccXEff/crab_20190513_191555/inputs/PSet.py
DEBUG 2019-05-13 19:16:02,044: 	 The following EDM output files will be collected: []
DEBUG 2019-05-13 19:16:02,044: 	 The following TFile output files will be collected: ['tree_scout.root']
DEBUG 2019-05-13 19:16:02,044: 	 The following user output files will be collected: []
DEBUG 2019-05-13 19:16:02,044: 	 Loading required information from the environment
DEBUG 2019-05-13 19:16:02,044: 	 Found CMSSW_9_4_14 for slc6_amd64_gcc630 with base /afs/cern.ch/work/s/schhibra/DarkPhotonSearch_v2/CMSSW_9_4_14
DEBUG 2019-05-13 19:16:02,044: 	 Making tarball in /afs/cern.ch/work/s/schhibra/DarkPhotonSearch_v2/CMSSW_9_4_14/src/ScoutingAnalysis/TreeMaker/crab/ZdScoutingM30_L1_12_5_L1_15_7_Official_AccXEff/crab_20190513_191555/inputs/1eef3106-5ecd-4633-8088-8084c475a546default.tgz
DEBUG 2019-05-13 19:16:02,048: 	 Checking directory /afs/cern.ch/work/s/schhibra/DarkPhotonSearch_v2/CMSSW_9_4_14/lib
DEBUG 2019-05-13 19:16:02,049: 	 Adding directory /afs/cern.ch/work/s/schhibra/DarkPhotonSearch_v2/CMSSW_9_4_14/lib to tarball
DEBUG 2019-05-13 19:16:02,057: 	 Checking directory /afs/cern.ch/work/s/schhibra/DarkPhotonSearch_v2/CMSSW_9_4_14/biglib
DEBUG 2019-05-13 19:16:02,057: 	 Adding directory /afs/cern.ch/work/s/schhibra/DarkPhotonSearch_v2/CMSSW_9_4_14/biglib to tarball
DEBUG 2019-05-13 19:16:02,058: 	 Checking directory /afs/cern.ch/work/s/schhibra/DarkPhotonSearch_v2/CMSSW_9_4_14/module
DEBUG 2019-05-13 19:16:02,059: 	 Adding data directory /afs/cern.ch/work/s/schhibra/DarkPhotonSearch_v2/CMSSW_9_4_14/src/ScoutingAnalysis/TreeMaker/data to tarball
DEBUG 2019-05-13 19:16:02,277: 	 Adding data directory /afs/cern.ch/work/s/schhibra/DarkPhotonSearch_v2/CMSSW_9_4_14/src/ScoutingAnalysis/TreeMaker/interface to tarball
DEBUG 2019-05-13 19:16:02,291: 	 Adding file ../Rochester.tar.gz to tarball
DEBUG 2019-05-13 19:16:02,761: 	 Uploading archive /afs/cern.ch/work/s/schhibra/DarkPhotonSearch_v2/CMSSW_9_4_14/src/ScoutingAnalysis/TreeMaker/crab/ZdScoutingM30_L1_12_5_L1_15_7_Official_AccXEff/crab_20190513_191555/inputs/1eef3106-5ecd-4633-8088-8084c475a546default.tgz (1.384766.1 MB) to the CRAB cache. Using URI https://cmsweb.cern.ch/crabcache
DEBUG 2019-05-13 19:16:03,990: 	 Loading required information from the environment
DEBUG 2019-05-13 19:16:03,990: 	 Found CMSSW_9_4_14 for slc6_amd64_gcc630 with base /afs/cern.ch/work/s/schhibra/DarkPhotonSearch_v2/CMSSW_9_4_14
DEBUG 2019-05-13 19:16:03,990: 	 Making tarball in /afs/cern.ch/work/s/schhibra/DarkPhotonSearch_v2/CMSSW_9_4_14/src/ScoutingAnalysis/TreeMaker/crab/ZdScoutingM30_L1_12_5_L1_15_7_Official_AccXEff/crab_20190513_191555/inputs/debugFiles.tgz
DEBUG 2019-05-13 19:16:03,996: 	 Uploading archive /afs/cern.ch/work/s/schhibra/DarkPhotonSearch_v2/CMSSW_9_4_14/src/ScoutingAnalysis/TreeMaker/crab/ZdScoutingM30_L1_12_5_L1_15_7_Official_AccXEff/crab_20190513_191555/inputs/debugFiles.tgz (2 KB) to the CRAB cache. Using URI https://cmsweb.cern.ch/crabcache
DEBUG 2019-05-13 19:16:04,152: 	 Result uploading input files: c546ace1ca360e876c5df4cd4facdd8a3c1a2a64df44bf906ebc011f93f27e48.tar.gz 
INFO 2019-05-13 19:16:04,153: 	 Sending the request to the server
DEBUG 2019-05-13 19:16:04,153: 	 Submitting {'maxjobruntime': 1250, 'extrajdl': [], 'lfn': '/store/group/phys_exotica/darkPhoton/schhibra/ScoutingNTuples2017', 'savelogsflag': 0, 'useparent': 0, 'scriptexe': 'exec.sh', 'asyncdest': 'T2_CH_CERN', 'algoargs': 10000, 'cachefilename': 'c546ace1ca360e876c5df4cd4facdd8a3c1a2a64df44bf906ebc011f93f27e48.tar.gz', 'numcores': 1, 'addoutputfiles': [], 'generator': 'pythia', 'maxmemory': 2000, 'publishdbsurl': 'https://cmsweb.cern.ch/dbs/prod/phys03/DBSWriter', 'priority': 10, 'jobsw': 'CMSSW_9_4_14', 'edmoutfiles': [], 'userfiles': [], 'primarydataset': '', 'inputdata': '/DarkPhotonToMuMu_M30_madgraph_pythia8_TuneCP5/RunIIFall17DRPremix-PU2017_94X_mc2017_realistic_v11-v1/AODSIM', 'ignorelocality': 0, 'dryrun': 0, 'workflow': 'crab_20190513_191555', 'cacheurl': u'https://cmsweb.cern.ch/crabcache', 'nonprodsw': 0, 'tfileoutfiles': ['tree_scout.root'], 'oneEventMode': 0, 'debugfilename': '5fb94d44d68761a698c63d4f2eff47e04418a9dcbdd8351d18cd3640c54d4eb9.tar.gz', 'saveoutput': 1, 'publication': 0, 'jobarch': 'slc6_amd64_gcc630', 'totalunits': 0, 'splitalgo': 'EventAwareLumiBased', 'ignoreglobalblacklist': 0, 'nonvaliddata': 0, 'dbsurl': 'https://cmsweb.cern.ch/dbs/prod/global/DBSReader', 'publishgroupname': 0, 'jobtype': 'Analysis', 'publishname2': ''} 
DEBUG 2019-05-13 19:16:04,153: 	 Encoded submit request: maxjobruntime=1250&lfn=%2Fstore%2Fgroup%2Fphys_exotica%2FdarkPhoton%2Fschhibra%2FScoutingNTuples2017&savelogsflag=0&useparent=0&scriptexe=exec.sh&asyncdest=T2_CH_CERN&algoargs=10000&cachefilename=c546ace1ca360e876c5df4cd4facdd8a3c1a2a64df44bf906ebc011f93f27e48.tar.gz&numcores=1&generator=pythia&maxmemory=2000&publishdbsurl=https%3A%2F%2Fcmsweb.cern.ch%2Fdbs%2Fprod%2Fphys03%2FDBSWriter&priority=10&jobsw=CMSSW_9_4_14&primarydataset=&inputdata=%2FDarkPhotonToMuMu_M30_madgraph_pythia8_TuneCP5%2FRunIIFall17DRPremix-PU2017_94X_mc2017_realistic_v11-v1%2FAODSIM&ignorelocality=0&dryrun=0&workflow=crab_20190513_191555&cacheurl=https%3A%2F%2Fcmsweb.cern.ch%2Fcrabcache&nonprodsw=0&oneEventMode=0&debugfilename=5fb94d44d68761a698c63d4f2eff47e04418a9dcbdd8351d18cd3640c54d4eb9.tar.gz&saveoutput=1&publication=0&jobarch=slc6_amd64_gcc630&totalunits=0&splitalgo=EventAwareLumiBased&ignoreglobalblacklist=0&nonvaliddata=0&dbsurl=https%3A%2F%2Fcmsweb.cern.ch%2Fdbs%2Fprod%2Fglobal%2FDBSReader&publishgroupname=0&jobtype=Analysis&publishname2=&tfileoutfiles=tree_scout.root
DEBUG 2019-05-13 19:16:04,380: 	 Result: {u'result': [{u'RequestName': u'190513_171604:schhibra_crab_20190513_191555'}]}
INFO 2019-05-13 19:16:04,382: 	 Success: Your task has been delivered to the CRAB3 server.
INFO 2019-05-13 19:16:04,383: 	 Task name: 190513_171604:schhibra_crab_20190513_191555
INFO 2019-05-13 19:16:04,383: 	 Project dir: ./crab_20190513_191555
INFO 2019-05-13 19:16:04,383: 	 Please use 'crab status -d ./crab_20190513_191555' to check how the submission process proceeds.
DEBUG 2019-05-13 19:16:04,383: 	 About to return
INFO 2019-05-13 19:16:04,386: 	 Log file is /afs/cern.ch/work/s/schhibra/DarkPhotonSearch_v2/CMSSW_9_4_14/src/ScoutingAnalysis/TreeMaker/crab/ZdScoutingM30_L1_12_5_L1_15_7_Official_AccXEff/crab_20190513_191555/crab.log
DEBUG 2019-05-13 19:33:53,857: 	 Executing command: 'kill'
DEBUG 2019-05-13 19:33:53,857: 	 Found CRAB cache file /afs/cern.ch/user/s/schhibra/.crab3
DEBUG 2019-05-13 19:33:53,865: 	 Checking credentials
DEBUG 2019-05-13 19:33:53,865: 	 Found proxy file /tmp/x509up_u59012
DEBUG 2019-05-13 19:33:53,866: 	 Getting proxy life time left
DEBUG 2019-05-13 19:33:54,672: 	 Executing : 
 command : voms-proxy-info -file /tmp/x509up_u59012 -timeleft
 output : 602911

 error: 
 retcode : 0
DEBUG 2019-05-13 19:33:55,479: 	 Executing : 
 command : voms-proxy-info -file /tmp/x509up_u59012 -actimeleft
 output : 602910

 error: 
 retcode : 0
DEBUG 2019-05-13 19:33:55,480: 	 Proxy lifetime 602911 secs is different from voms extension lifetime 602910 secs for proxy: /tmp/x509up_u59012
DEBUG 2019-05-13 19:33:55,480: 	 Proxy valid for 167:28:30 hours
DEBUG 2019-05-13 19:33:55,600: 	 Executing : 
 command : openssl x509 -in ~/.globus/usercert.pem -subject -noout
 output : subject= /DC=ch/DC=cern/OU=Organic Units/OU=Users/CN=schhibra/CN=715612/CN=Simranjit Singh Chhibra

 error: 
 retcode : 0
DEBUG 2019-05-13 19:33:55,601: 	 Checking credentials
DEBUG 2019-05-13 19:33:55,601: 	 Found proxy file /tmp/x509up_u59012
DEBUG 2019-05-13 19:33:55,601: 	 Getting proxy life time left
DEBUG 2019-05-13 19:33:56,407: 	 Executing : 
 command : voms-proxy-info -file /tmp/x509up_u59012 -timeleft
 output : 602909

 error: 
 retcode : 0
DEBUG 2019-05-13 19:33:57,115: 	 Executing : 
 command : voms-proxy-info -file /tmp/x509up_u59012 -actimeleft
 output : 602908

 error: 
 retcode : 0
DEBUG 2019-05-13 19:33:57,115: 	 Proxy lifetime 602909 secs is different from voms extension lifetime 602908 secs for proxy: /tmp/x509up_u59012
DEBUG 2019-05-13 19:33:57,116: 	 Proxy valid for 167:28:28 hours
DEBUG 2019-05-13 19:33:57,272: 	 Registering user credentials for server /DC=ch/DC=cern/OU=computers/CN=vocms(052|058|030|0118|0105|0109).cern.ch|/DC=ch/DC=cern/OU=computers/CN=crab-(preprod|prod)-tw(02|01).cern.ch
DEBUG 2019-05-13 19:33:57,383: 	 Executing : 
 command : openssl x509 -in ~/.globus/usercert.pem -subject -noout
 output : subject= /DC=ch/DC=cern/OU=Organic Units/OU=Users/CN=schhibra/CN=715612/CN=Simranjit Singh Chhibra

 error: 
 retcode : 0
DEBUG 2019-05-13 19:33:57,383: 	 Getting myproxy life time left for myproxy.cern.ch
DEBUG 2019-05-13 19:33:57,383: 	 Calculating hash of /DC=ch/DC=cern/OU=Organic Units/OU=Users/CN=schhibra/CN=715612/CN=Simranjit Singh Chhibra_cmsweb.cern.ch for credential name
DEBUG 2019-05-13 19:33:57,789: 	 Executing : 
 command : myproxy-info -l 3841cd59f3d3480019d577f9a3ad69704f35aad0 -s myproxy.cern.ch
 output : username: 3841cd59f3d3480019d577f9a3ad69704f35aad0
owner: /DC=ch/DC=cern/OU=Organic Units/OU=Users/CN=schhibra/CN=715612/CN=Simranjit Singh Chhibra
  renewal policy: /DC=ch/DC=cern/OU=computers/CN=vocms(052|058|030|0118|0105|0109).cern.ch|/DC=ch/DC=cern/OU=computers/CN=crab-(preprod|prod)-tw(02|01).cern.ch
  trusted retrieval policy: /DC=ch/DC=cern/OU=computers/CN=vocms(052|058|030|0118|0105|0109).cern.ch|/DC=ch/DC=cern/OU=computers/CN=crab-(preprod|prod)-tw(02|01).cern.ch
  timeleft: 430:50:26  (18.0 days)

 error: 
 retcode : 0
DEBUG 2019-05-13 19:33:57,791: 	 Myproxy is valid: 1551026
DEBUG 2019-05-13 19:33:57,791: 	 Command use: kill
DEBUG 2019-05-13 19:33:57,791: 	 Options use: ['crab_20190513_191555']
DEBUG 2019-05-13 19:33:57,923: 	 CRABClient version: 3.3.1904
DEBUG 2019-05-13 19:33:57,924: 	 Instance is prod
DEBUG 2019-05-13 19:33:57,924: 	 Server base url is cmsweb.cern.ch
DEBUG 2019-05-13 19:33:57,924: 	 Command url /crabserver/prod/workflow
DEBUG 2019-05-13 19:33:57,924: 	 Killing task 190513_171604:schhibra_crab_20190513_191555
DEBUG 2019-05-13 19:33:58,113: 	 Result: {u'result': [{u'result': u'ok'}], u'desc': {u'columns': [u'tm_taskname', u'panda_jobset_id', u'tm_task_status', u'tm_task_command', u'tm_user_role', u'tm_user_group', u'tm_task_failure', u'tm_split_algo', u'tm_split_args', u'panda_resubmitted_jobs', u'tm_save_logs', u'tm_username', u'tm_user_dn', u'tm_arguments', u'tm_input_dataset', u'tm_dbs_url', u'tm_task_warnings', u'tm_publication', u'tm_user_webdir', u'tm_asourl', u'tm_asodb', u'tm_output_dataset', u'tm_collector', u'tm_schedd', u'tm_dry_run', u'clusterid', u'tm_start_time', u'tw_name']}}
INFO 2019-05-13 19:33:58,113: 	 Kill request successfully sent
INFO 2019-05-13 19:33:58,117: 	 Log file is /afs/cern.ch/work/s/schhibra/DarkPhotonSearch_v2/CMSSW_9_4_14/src/ScoutingAnalysis/TreeMaker/crab/ZdScoutingM30_L1_12_5_L1_15_7_Official_AccXEff/crab_20190513_191555/crab.log
