DEBUG 2019-05-13 19:15:43,748: 	 Executing command: 'submit'
DEBUG 2019-05-13 19:15:43,748: 	 Found CRAB cache file /afs/cern.ch/user/s/schhibra/.crab3
DEBUG 2019-05-13 19:15:43,756: 	 Checking credentials
DEBUG 2019-05-13 19:15:43,756: 	 Found proxy file /tmp/x509up_u59012
DEBUG 2019-05-13 19:15:43,757: 	 Getting proxy life time left
DEBUG 2019-05-13 19:15:44,563: 	 Executing : 
 command : voms-proxy-info -file /tmp/x509up_u59012 -timeleft
 output : 604001

 error: 
 retcode : 0
DEBUG 2019-05-13 19:15:45,270: 	 Executing : 
 command : voms-proxy-info -file /tmp/x509up_u59012 -actimeleft
 output : 604000

 error: 
 retcode : 0
DEBUG 2019-05-13 19:15:45,271: 	 Proxy lifetime 604001 secs is different from voms extension lifetime 604000 secs for proxy: /tmp/x509up_u59012
DEBUG 2019-05-13 19:15:45,271: 	 Proxy valid for 167:46:40 hours
INFO 2019-05-13 19:15:45,271: 	 Will use CRAB configuration file crabConfig.py
DEBUG 2019-05-13 19:15:45,271: 	 Loading CRAB configuration file.
DEBUG 2019-05-13 19:15:45,326: 	 Will use CRAB Analysis plugin (i.e. will run an analysis job type).
DEBUG 2019-05-13 19:15:45,455: 	 Executing : 
 command : openssl x509 -in ~/.globus/usercert.pem -subject -noout
 output : subject= /DC=ch/DC=cern/OU=Organic Units/OU=Users/CN=schhibra/CN=715612/CN=Simranjit Singh Chhibra

 error: 
 retcode : 0
DEBUG 2019-05-13 19:15:45,455: 	 Checking credentials
DEBUG 2019-05-13 19:15:45,455: 	 Found proxy file /tmp/x509up_u59012
DEBUG 2019-05-13 19:15:45,455: 	 Getting proxy life time left
DEBUG 2019-05-13 19:15:46,264: 	 Executing : 
 command : voms-proxy-info -file /tmp/x509up_u59012 -timeleft
 output : 603999

 error: 
 retcode : 0
DEBUG 2019-05-13 19:15:47,081: 	 Executing : 
 command : voms-proxy-info -file /tmp/x509up_u59012 -actimeleft
 output : 603999

 error: 
 retcode : 0
DEBUG 2019-05-13 19:15:47,082: 	 Proxy valid for 167:46:39 hours
DEBUG 2019-05-13 19:15:47,889: 	 Executing : 
 command : env X509_USER_PROXY=/tmp/x509up_u59012 voms-proxy-info -fqan
 output : /cms/Role=NULL/Capability=NULL

 error: 
 retcode : 0
DEBUG 2019-05-13 19:15:48,031: 	 Registering user credentials for server /DC=ch/DC=cern/OU=computers/CN=vocms(052|058|030|0118|0105|0109).cern.ch|/DC=ch/DC=cern/OU=computers/CN=crab-(preprod|prod)-tw(02|01).cern.ch
DEBUG 2019-05-13 19:15:48,148: 	 Executing : 
 command : openssl x509 -in ~/.globus/usercert.pem -subject -noout
 output : subject= /DC=ch/DC=cern/OU=Organic Units/OU=Users/CN=schhibra/CN=715612/CN=Simranjit Singh Chhibra

 error: 
 retcode : 0
DEBUG 2019-05-13 19:15:48,148: 	 Getting myproxy life time left for myproxy.cern.ch
DEBUG 2019-05-13 19:15:48,149: 	 Calculating hash of /DC=ch/DC=cern/OU=Organic Units/OU=Users/CN=schhibra/CN=715612/CN=Simranjit Singh Chhibra_cmsweb.cern.ch for credential name
DEBUG 2019-05-13 19:15:48,555: 	 Executing : 
 command : myproxy-info -l 3841cd59f3d3480019d577f9a3ad69704f35aad0 -s myproxy.cern.ch
 output : username: 3841cd59f3d3480019d577f9a3ad69704f35aad0
owner: /DC=ch/DC=cern/OU=Organic Units/OU=Users/CN=schhibra/CN=715612/CN=Simranjit Singh Chhibra
  renewal policy: /DC=ch/DC=cern/OU=computers/CN=vocms(052|058|030|0118|0105|0109).cern.ch|/DC=ch/DC=cern/OU=computers/CN=crab-(preprod|prod)-tw(02|01).cern.ch
  trusted retrieval policy: /DC=ch/DC=cern/OU=computers/CN=vocms(052|058|030|0118|0105|0109).cern.ch|/DC=ch/DC=cern/OU=computers/CN=crab-(preprod|prod)-tw(02|01).cern.ch
  timeleft: 431:08:35  (18.0 days)

 error: 
 retcode : 0
DEBUG 2019-05-13 19:15:48,556: 	 Myproxy is valid: 1552115
DEBUG 2019-05-13 19:15:48,556: 	 Command use: submit
DEBUG 2019-05-13 19:15:48,557: 	 Options use: []
DEBUG 2019-05-13 19:15:48,705: 	 CRABClient version: 3.3.1904
DEBUG 2019-05-13 19:15:48,705: 	 Instance is prod
DEBUG 2019-05-13 19:15:48,705: 	 Server base url is cmsweb.cern.ch
DEBUG 2019-05-13 19:15:48,705: 	 Command url /crabserver/prod/workflow
DEBUG 2019-05-13 19:15:48,705: 	 Started submission
DEBUG 2019-05-13 19:15:48,705: 	 Working on /afs/cern.ch/work/s/schhibra/DarkPhotonSearch_v2/CMSSW_9_4_14/src/ScoutingAnalysis/TreeMaker/crab/ZdScoutingM40_L1_12_5_L1_15_7_Official_AccXEff/crab_20190513_191545
DEBUG 2019-05-13 19:15:48,859: 	 Loading required information from the environment
DEBUG 2019-05-13 19:15:48,859: 	 Found CMSSW_9_4_14 for slc6_amd64_gcc630 with base /afs/cern.ch/work/s/schhibra/DarkPhotonSearch_v2/CMSSW_9_4_14
DEBUG 2019-05-13 19:15:48,859: 	 Loading required information from the environment
DEBUG 2019-05-13 19:15:48,859: 	 Found CMSSW_9_4_14 for slc6_amd64_gcc630 with base /afs/cern.ch/work/s/schhibra/DarkPhotonSearch_v2/CMSSW_9_4_14
DEBUG 2019-05-13 19:15:48,878: 	 UNIQUE NAME: tarUUID 6380e7ce-aabd-4228-9f9f-843fffd1e3d7 
DEBUG 2019-05-13 19:15:48,879: 	 self.config: from WMCore.Configuration import Configuration
config = Configuration()
config.section_('General')
config.section_('JobType')
config.JobType.psetName = '../../test/tree_scout_cfg.py'
config.JobType.pluginName = 'Analysis'
config.JobType.inputFiles = ['../Rochester.tar.gz']
config.JobType.pyCfgParams = ['isMC=True', 'useLHEWeights=True', 'GlobalTag=94X_mc2017_realistic_v11', 'roccorData=Rochester/RoccoR2017.txt']
config.JobType.scriptExe = '../exec.sh'
config.section_('Data')
config.Data.inputDataset = '/DarkPhotonToMuMu_M40_madgraph_pythia8_TuneCP5/RunIIFall17DRPremix-PU2017_94X_mc2017_realistic_v11-v1/AODSIM'
config.Data.unitsPerJob = 10000
config.Data.publication = False
config.Data.splitting = 'EventAwareLumiBased'
config.Data.outLFNDirBase = '/store/group/phys_exotica/darkPhoton/schhibra/ScoutingNTuples2017'
config.section_('Site')
config.Site.storageSite = 'T2_CH_CERN'
config.section_('User')
config.section_('Debug')

DEBUG 2019-05-13 19:15:48,879: 	 self.config.JobType.psetName: ../../test/tree_scout_cfg.py
INFO 2019-05-13 19:15:48,879: 	 Importing CMSSW configuration ../../test/tree_scout_cfg.py
DEBUG 2019-05-13 19:15:48,880: 	 Additional parameters for the CMSSW configuration are: ['isMC=True', 'useLHEWeights=True', 'GlobalTag=94X_mc2017_realistic_v11', 'roccorData=Rochester/RoccoR2017.txt']
INFO 2019-05-13 19:15:50,476: 	 Finished importing CMSSW configuration ../../test/tree_scout_cfg.py
DEBUG 2019-05-13 19:15:50,476: 	 Writing CMSSW configuration to /afs/cern.ch/work/s/schhibra/DarkPhotonSearch_v2/CMSSW_9_4_14/src/ScoutingAnalysis/TreeMaker/crab/ZdScoutingM40_L1_12_5_L1_15_7_Official_AccXEff/crab_20190513_191545/inputs/PSet.py
DEBUG 2019-05-13 19:15:50,919: 	 The following EDM output files will be collected: []
DEBUG 2019-05-13 19:15:50,919: 	 The following TFile output files will be collected: ['tree_scout.root']
DEBUG 2019-05-13 19:15:50,919: 	 The following user output files will be collected: []
DEBUG 2019-05-13 19:15:50,919: 	 Loading required information from the environment
DEBUG 2019-05-13 19:15:50,919: 	 Found CMSSW_9_4_14 for slc6_amd64_gcc630 with base /afs/cern.ch/work/s/schhibra/DarkPhotonSearch_v2/CMSSW_9_4_14
DEBUG 2019-05-13 19:15:50,919: 	 Making tarball in /afs/cern.ch/work/s/schhibra/DarkPhotonSearch_v2/CMSSW_9_4_14/src/ScoutingAnalysis/TreeMaker/crab/ZdScoutingM40_L1_12_5_L1_15_7_Official_AccXEff/crab_20190513_191545/inputs/6380e7ce-aabd-4228-9f9f-843fffd1e3d7default.tgz
DEBUG 2019-05-13 19:15:50,923: 	 Checking directory /afs/cern.ch/work/s/schhibra/DarkPhotonSearch_v2/CMSSW_9_4_14/lib
DEBUG 2019-05-13 19:15:50,924: 	 Adding directory /afs/cern.ch/work/s/schhibra/DarkPhotonSearch_v2/CMSSW_9_4_14/lib to tarball
DEBUG 2019-05-13 19:15:50,933: 	 Checking directory /afs/cern.ch/work/s/schhibra/DarkPhotonSearch_v2/CMSSW_9_4_14/biglib
DEBUG 2019-05-13 19:15:50,933: 	 Adding directory /afs/cern.ch/work/s/schhibra/DarkPhotonSearch_v2/CMSSW_9_4_14/biglib to tarball
DEBUG 2019-05-13 19:15:50,934: 	 Checking directory /afs/cern.ch/work/s/schhibra/DarkPhotonSearch_v2/CMSSW_9_4_14/module
DEBUG 2019-05-13 19:15:50,935: 	 Adding data directory /afs/cern.ch/work/s/schhibra/DarkPhotonSearch_v2/CMSSW_9_4_14/src/ScoutingAnalysis/TreeMaker/data to tarball
DEBUG 2019-05-13 19:15:51,131: 	 Adding data directory /afs/cern.ch/work/s/schhibra/DarkPhotonSearch_v2/CMSSW_9_4_14/src/ScoutingAnalysis/TreeMaker/interface to tarball
DEBUG 2019-05-13 19:15:51,145: 	 Adding file ../Rochester.tar.gz to tarball
DEBUG 2019-05-13 19:15:51,513: 	 Uploading archive /afs/cern.ch/work/s/schhibra/DarkPhotonSearch_v2/CMSSW_9_4_14/src/ScoutingAnalysis/TreeMaker/crab/ZdScoutingM40_L1_12_5_L1_15_7_Official_AccXEff/crab_20190513_191545/inputs/6380e7ce-aabd-4228-9f9f-843fffd1e3d7default.tgz (1.385742.1 MB) to the CRAB cache. Using URI https://cmsweb.cern.ch/crabcache
DEBUG 2019-05-13 19:15:52,889: 	 Loading required information from the environment
DEBUG 2019-05-13 19:15:52,889: 	 Found CMSSW_9_4_14 for slc6_amd64_gcc630 with base /afs/cern.ch/work/s/schhibra/DarkPhotonSearch_v2/CMSSW_9_4_14
DEBUG 2019-05-13 19:15:52,889: 	 Making tarball in /afs/cern.ch/work/s/schhibra/DarkPhotonSearch_v2/CMSSW_9_4_14/src/ScoutingAnalysis/TreeMaker/crab/ZdScoutingM40_L1_12_5_L1_15_7_Official_AccXEff/crab_20190513_191545/inputs/debugFiles.tgz
DEBUG 2019-05-13 19:15:52,895: 	 Uploading archive /afs/cern.ch/work/s/schhibra/DarkPhotonSearch_v2/CMSSW_9_4_14/src/ScoutingAnalysis/TreeMaker/crab/ZdScoutingM40_L1_12_5_L1_15_7_Official_AccXEff/crab_20190513_191545/inputs/debugFiles.tgz (2 KB) to the CRAB cache. Using URI https://cmsweb.cern.ch/crabcache
DEBUG 2019-05-13 19:15:53,026: 	 Result uploading input files: c546ace1ca360e876c5df4cd4facdd8a3c1a2a64df44bf906ebc011f93f27e48.tar.gz 
INFO 2019-05-13 19:15:53,026: 	 Sending the request to the server
DEBUG 2019-05-13 19:15:53,027: 	 Submitting {'maxjobruntime': 1250, 'extrajdl': [], 'lfn': '/store/group/phys_exotica/darkPhoton/schhibra/ScoutingNTuples2017', 'savelogsflag': 0, 'useparent': 0, 'scriptexe': 'exec.sh', 'asyncdest': 'T2_CH_CERN', 'algoargs': 10000, 'cachefilename': 'c546ace1ca360e876c5df4cd4facdd8a3c1a2a64df44bf906ebc011f93f27e48.tar.gz', 'numcores': 1, 'addoutputfiles': [], 'generator': 'pythia', 'maxmemory': 2000, 'publishdbsurl': 'https://cmsweb.cern.ch/dbs/prod/phys03/DBSWriter', 'priority': 10, 'jobsw': 'CMSSW_9_4_14', 'edmoutfiles': [], 'userfiles': [], 'primarydataset': '', 'inputdata': '/DarkPhotonToMuMu_M40_madgraph_pythia8_TuneCP5/RunIIFall17DRPremix-PU2017_94X_mc2017_realistic_v11-v1/AODSIM', 'ignorelocality': 0, 'dryrun': 0, 'workflow': 'crab_20190513_191545', 'cacheurl': u'https://cmsweb.cern.ch/crabcache', 'nonprodsw': 0, 'tfileoutfiles': ['tree_scout.root'], 'oneEventMode': 0, 'debugfilename': 'ace603d17f820e4835aabb3551cc9a0942115e380319e5b44f75cfafacab1c3c.tar.gz', 'saveoutput': 1, 'publication': 0, 'jobarch': 'slc6_amd64_gcc630', 'totalunits': 0, 'splitalgo': 'EventAwareLumiBased', 'ignoreglobalblacklist': 0, 'nonvaliddata': 0, 'dbsurl': 'https://cmsweb.cern.ch/dbs/prod/global/DBSReader', 'publishgroupname': 0, 'jobtype': 'Analysis', 'publishname2': ''} 
DEBUG 2019-05-13 19:15:53,027: 	 Encoded submit request: maxjobruntime=1250&lfn=%2Fstore%2Fgroup%2Fphys_exotica%2FdarkPhoton%2Fschhibra%2FScoutingNTuples2017&savelogsflag=0&useparent=0&scriptexe=exec.sh&asyncdest=T2_CH_CERN&algoargs=10000&cachefilename=c546ace1ca360e876c5df4cd4facdd8a3c1a2a64df44bf906ebc011f93f27e48.tar.gz&numcores=1&generator=pythia&maxmemory=2000&publishdbsurl=https%3A%2F%2Fcmsweb.cern.ch%2Fdbs%2Fprod%2Fphys03%2FDBSWriter&priority=10&jobsw=CMSSW_9_4_14&primarydataset=&inputdata=%2FDarkPhotonToMuMu_M40_madgraph_pythia8_TuneCP5%2FRunIIFall17DRPremix-PU2017_94X_mc2017_realistic_v11-v1%2FAODSIM&ignorelocality=0&dryrun=0&workflow=crab_20190513_191545&cacheurl=https%3A%2F%2Fcmsweb.cern.ch%2Fcrabcache&nonprodsw=0&oneEventMode=0&debugfilename=ace603d17f820e4835aabb3551cc9a0942115e380319e5b44f75cfafacab1c3c.tar.gz&saveoutput=1&publication=0&jobarch=slc6_amd64_gcc630&totalunits=0&splitalgo=EventAwareLumiBased&ignoreglobalblacklist=0&nonvaliddata=0&dbsurl=https%3A%2F%2Fcmsweb.cern.ch%2Fdbs%2Fprod%2Fglobal%2FDBSReader&publishgroupname=0&jobtype=Analysis&publishname2=&tfileoutfiles=tree_scout.root
DEBUG 2019-05-13 19:15:53,261: 	 Result: {u'result': [{u'RequestName': u'190513_171553:schhibra_crab_20190513_191545'}]}
INFO 2019-05-13 19:15:53,264: 	 Success: Your task has been delivered to the CRAB3 server.
INFO 2019-05-13 19:15:53,264: 	 Task name: 190513_171553:schhibra_crab_20190513_191545
INFO 2019-05-13 19:15:53,264: 	 Project dir: ./crab_20190513_191545
INFO 2019-05-13 19:15:53,264: 	 Please use 'crab status -d ./crab_20190513_191545' to check how the submission process proceeds.
DEBUG 2019-05-13 19:15:53,264: 	 About to return
INFO 2019-05-13 19:15:53,268: 	 Log file is /afs/cern.ch/work/s/schhibra/DarkPhotonSearch_v2/CMSSW_9_4_14/src/ScoutingAnalysis/TreeMaker/crab/ZdScoutingM40_L1_12_5_L1_15_7_Official_AccXEff/crab_20190513_191545/crab.log
DEBUG 2019-05-13 19:34:31,546: 	 Executing command: 'kill'
DEBUG 2019-05-13 19:34:31,546: 	 Found CRAB cache file /afs/cern.ch/user/s/schhibra/.crab3
DEBUG 2019-05-13 19:34:31,558: 	 Checking credentials
DEBUG 2019-05-13 19:34:31,560: 	 Found proxy file /tmp/x509up_u59012
DEBUG 2019-05-13 19:34:31,560: 	 Getting proxy life time left
DEBUG 2019-05-13 19:34:32,371: 	 Executing : 
 command : voms-proxy-info -file /tmp/x509up_u59012 -timeleft
 output : 602873

 error: 
 retcode : 0
DEBUG 2019-05-13 19:34:33,180: 	 Executing : 
 command : voms-proxy-info -file /tmp/x509up_u59012 -actimeleft
 output : 602872

 error: 
 retcode : 0
DEBUG 2019-05-13 19:34:33,181: 	 Proxy lifetime 602873 secs is different from voms extension lifetime 602872 secs for proxy: /tmp/x509up_u59012
DEBUG 2019-05-13 19:34:33,181: 	 Proxy valid for 167:27:52 hours
DEBUG 2019-05-13 19:34:33,388: 	 Executing : 
 command : openssl x509 -in ~/.globus/usercert.pem -subject -noout
 output : subject= /DC=ch/DC=cern/OU=Organic Units/OU=Users/CN=schhibra/CN=715612/CN=Simranjit Singh Chhibra

 error: 
 retcode : 0
DEBUG 2019-05-13 19:34:33,389: 	 Checking credentials
DEBUG 2019-05-13 19:34:33,389: 	 Found proxy file /tmp/x509up_u59012
DEBUG 2019-05-13 19:34:33,389: 	 Getting proxy life time left
DEBUG 2019-05-13 19:34:34,097: 	 Executing : 
 command : voms-proxy-info -file /tmp/x509up_u59012 -timeleft
 output : 602871

 error: 
 retcode : 0
DEBUG 2019-05-13 19:34:34,904: 	 Executing : 
 command : voms-proxy-info -file /tmp/x509up_u59012 -actimeleft
 output : 602871

 error: 
 retcode : 0
DEBUG 2019-05-13 19:34:34,905: 	 Proxy valid for 167:27:51 hours
DEBUG 2019-05-13 19:34:35,066: 	 Registering user credentials for server /DC=ch/DC=cern/OU=computers/CN=vocms(052|058|030|0118|0105|0109).cern.ch|/DC=ch/DC=cern/OU=computers/CN=crab-(preprod|prod)-tw(02|01).cern.ch
DEBUG 2019-05-13 19:34:35,177: 	 Executing : 
 command : openssl x509 -in ~/.globus/usercert.pem -subject -noout
 output : subject= /DC=ch/DC=cern/OU=Organic Units/OU=Users/CN=schhibra/CN=715612/CN=Simranjit Singh Chhibra

 error: 
 retcode : 0
DEBUG 2019-05-13 19:34:35,178: 	 Getting myproxy life time left for myproxy.cern.ch
DEBUG 2019-05-13 19:34:35,178: 	 Calculating hash of /DC=ch/DC=cern/OU=Organic Units/OU=Users/CN=schhibra/CN=715612/CN=Simranjit Singh Chhibra_cmsweb.cern.ch for credential name
DEBUG 2019-05-13 19:34:35,583: 	 Executing : 
 command : myproxy-info -l 3841cd59f3d3480019d577f9a3ad69704f35aad0 -s myproxy.cern.ch
 output : username: 3841cd59f3d3480019d577f9a3ad69704f35aad0
owner: /DC=ch/DC=cern/OU=Organic Units/OU=Users/CN=schhibra/CN=715612/CN=Simranjit Singh Chhibra
  renewal policy: /DC=ch/DC=cern/OU=computers/CN=vocms(052|058|030|0118|0105|0109).cern.ch|/DC=ch/DC=cern/OU=computers/CN=crab-(preprod|prod)-tw(02|01).cern.ch
  trusted retrieval policy: /DC=ch/DC=cern/OU=computers/CN=vocms(052|058|030|0118|0105|0109).cern.ch|/DC=ch/DC=cern/OU=computers/CN=crab-(preprod|prod)-tw(02|01).cern.ch
  timeleft: 430:49:48  (18.0 days)

 error: 
 retcode : 0
DEBUG 2019-05-13 19:34:35,585: 	 Myproxy is valid: 1550988
DEBUG 2019-05-13 19:34:35,586: 	 Command use: kill
DEBUG 2019-05-13 19:34:35,586: 	 Options use: ['crab_20190513_191545']
DEBUG 2019-05-13 19:34:35,738: 	 CRABClient version: 3.3.1904
DEBUG 2019-05-13 19:34:35,738: 	 Instance is prod
DEBUG 2019-05-13 19:34:35,738: 	 Server base url is cmsweb.cern.ch
DEBUG 2019-05-13 19:34:35,738: 	 Command url /crabserver/prod/workflow
DEBUG 2019-05-13 19:34:35,738: 	 Killing task 190513_171553:schhibra_crab_20190513_191545
DEBUG 2019-05-13 19:34:35,935: 	 Result: {u'result': [{u'result': u'ok'}], u'desc': {u'columns': [u'tm_taskname', u'panda_jobset_id', u'tm_task_status', u'tm_task_command', u'tm_user_role', u'tm_user_group', u'tm_task_failure', u'tm_split_algo', u'tm_split_args', u'panda_resubmitted_jobs', u'tm_save_logs', u'tm_username', u'tm_user_dn', u'tm_arguments', u'tm_input_dataset', u'tm_dbs_url', u'tm_task_warnings', u'tm_publication', u'tm_user_webdir', u'tm_asourl', u'tm_asodb', u'tm_output_dataset', u'tm_collector', u'tm_schedd', u'tm_dry_run', u'clusterid', u'tm_start_time', u'tw_name']}}
INFO 2019-05-13 19:34:35,936: 	 Kill request successfully sent
INFO 2019-05-13 19:34:35,939: 	 Log file is /afs/cern.ch/work/s/schhibra/DarkPhotonSearch_v2/CMSSW_9_4_14/src/ScoutingAnalysis/TreeMaker/crab/ZdScoutingM40_L1_12_5_L1_15_7_Official_AccXEff/crab_20190513_191545/crab.log
