DEBUG 2019-05-13 19:15:10,879: 	 Executing command: 'submit'
DEBUG 2019-05-13 19:15:10,879: 	 Found CRAB cache file /afs/cern.ch/user/s/schhibra/.crab3
DEBUG 2019-05-13 19:15:10,887: 	 Checking credentials
DEBUG 2019-05-13 19:15:10,888: 	 Found proxy file /tmp/x509up_u59012
DEBUG 2019-05-13 19:15:10,888: 	 Getting proxy life time left
DEBUG 2019-05-13 19:15:11,693: 	 Executing : 
 command : voms-proxy-info -file /tmp/x509up_u59012 -timeleft
 output : 604034

 error: 
 retcode : 0
DEBUG 2019-05-13 19:15:12,500: 	 Executing : 
 command : voms-proxy-info -file /tmp/x509up_u59012 -actimeleft
 output : 604033

 error: 
 retcode : 0
DEBUG 2019-05-13 19:15:12,501: 	 Proxy lifetime 604034 secs is different from voms extension lifetime 604033 secs for proxy: /tmp/x509up_u59012
DEBUG 2019-05-13 19:15:12,501: 	 Proxy valid for 167:47:13 hours
INFO 2019-05-13 19:15:12,501: 	 Will use CRAB configuration file crabConfig.py
DEBUG 2019-05-13 19:15:12,501: 	 Loading CRAB configuration file.
DEBUG 2019-05-13 19:15:12,529: 	 Will use CRAB Analysis plugin (i.e. will run an analysis job type).
DEBUG 2019-05-13 19:15:12,652: 	 Executing : 
 command : openssl x509 -in ~/.globus/usercert.pem -subject -noout
 output : subject= /DC=ch/DC=cern/OU=Organic Units/OU=Users/CN=schhibra/CN=715612/CN=Simranjit Singh Chhibra

 error: 
 retcode : 0
DEBUG 2019-05-13 19:15:12,652: 	 Checking credentials
DEBUG 2019-05-13 19:15:12,652: 	 Found proxy file /tmp/x509up_u59012
DEBUG 2019-05-13 19:15:12,652: 	 Getting proxy life time left
DEBUG 2019-05-13 19:15:13,464: 	 Executing : 
 command : voms-proxy-info -file /tmp/x509up_u59012 -timeleft
 output : 604032

 error: 
 retcode : 0
DEBUG 2019-05-13 19:15:14,271: 	 Executing : 
 command : voms-proxy-info -file /tmp/x509up_u59012 -actimeleft
 output : 604031

 error: 
 retcode : 0
DEBUG 2019-05-13 19:15:14,271: 	 Proxy lifetime 604032 secs is different from voms extension lifetime 604031 secs for proxy: /tmp/x509up_u59012
DEBUG 2019-05-13 19:15:14,271: 	 Proxy valid for 167:47:11 hours
DEBUG 2019-05-13 19:15:15,080: 	 Executing : 
 command : env X509_USER_PROXY=/tmp/x509up_u59012 voms-proxy-info -fqan
 output : /cms/Role=NULL/Capability=NULL

 error: 
 retcode : 0
DEBUG 2019-05-13 19:15:15,224: 	 Registering user credentials for server /DC=ch/DC=cern/OU=computers/CN=vocms(052|058|030|0118|0105|0109).cern.ch|/DC=ch/DC=cern/OU=computers/CN=crab-(preprod|prod)-tw(02|01).cern.ch
DEBUG 2019-05-13 19:15:15,336: 	 Executing : 
 command : openssl x509 -in ~/.globus/usercert.pem -subject -noout
 output : subject= /DC=ch/DC=cern/OU=Organic Units/OU=Users/CN=schhibra/CN=715612/CN=Simranjit Singh Chhibra

 error: 
 retcode : 0
DEBUG 2019-05-13 19:15:15,336: 	 Getting myproxy life time left for myproxy.cern.ch
DEBUG 2019-05-13 19:15:15,337: 	 Calculating hash of /DC=ch/DC=cern/OU=Organic Units/OU=Users/CN=schhibra/CN=715612/CN=Simranjit Singh Chhibra_cmsweb.cern.ch for credential name
DEBUG 2019-05-13 19:15:15,745: 	 Executing : 
 command : myproxy-info -l 3841cd59f3d3480019d577f9a3ad69704f35aad0 -s myproxy.cern.ch
 output : username: 3841cd59f3d3480019d577f9a3ad69704f35aad0
owner: /DC=ch/DC=cern/OU=Organic Units/OU=Users/CN=schhibra/CN=715612/CN=Simranjit Singh Chhibra
  renewal policy: /DC=ch/DC=cern/OU=computers/CN=vocms(052|058|030|0118|0105|0109).cern.ch|/DC=ch/DC=cern/OU=computers/CN=crab-(preprod|prod)-tw(02|01).cern.ch
  trusted retrieval policy: /DC=ch/DC=cern/OU=computers/CN=vocms(052|058|030|0118|0105|0109).cern.ch|/DC=ch/DC=cern/OU=computers/CN=crab-(preprod|prod)-tw(02|01).cern.ch
  timeleft: 431:09:08  (18.0 days)

 error: 
 retcode : 0
DEBUG 2019-05-13 19:15:15,746: 	 Myproxy is valid: 1552148
DEBUG 2019-05-13 19:15:15,746: 	 Command use: submit
DEBUG 2019-05-13 19:15:15,746: 	 Options use: []
DEBUG 2019-05-13 19:15:15,897: 	 CRABClient version: 3.3.1904
DEBUG 2019-05-13 19:15:15,897: 	 Instance is prod
DEBUG 2019-05-13 19:15:15,897: 	 Server base url is cmsweb.cern.ch
DEBUG 2019-05-13 19:15:15,897: 	 Command url /crabserver/prod/workflow
DEBUG 2019-05-13 19:15:15,897: 	 Started submission
DEBUG 2019-05-13 19:15:15,897: 	 Working on /afs/cern.ch/work/s/schhibra/DarkPhotonSearch_v2/CMSSW_9_4_14/src/ScoutingAnalysis/TreeMaker/crab/ZdScoutingM35_L1_12_5_L1_15_7_Official_AccXEff/crab_20190513_191512
DEBUG 2019-05-13 19:15:16,111: 	 Loading required information from the environment
DEBUG 2019-05-13 19:15:16,111: 	 Found CMSSW_9_4_14 for slc6_amd64_gcc630 with base /afs/cern.ch/work/s/schhibra/DarkPhotonSearch_v2/CMSSW_9_4_14
DEBUG 2019-05-13 19:15:16,111: 	 Loading required information from the environment
DEBUG 2019-05-13 19:15:16,111: 	 Found CMSSW_9_4_14 for slc6_amd64_gcc630 with base /afs/cern.ch/work/s/schhibra/DarkPhotonSearch_v2/CMSSW_9_4_14
DEBUG 2019-05-13 19:15:16,127: 	 UNIQUE NAME: tarUUID b3d61156-e7ca-4bde-8af5-88a6ef2ece67 
DEBUG 2019-05-13 19:15:16,128: 	 self.config: from WMCore.Configuration import Configuration
config = Configuration()
config.section_('General')
config.section_('JobType')
config.JobType.psetName = '../../test/tree_scout_cfg.py'
config.JobType.pluginName = 'Analysis'
config.JobType.inputFiles = ['../Rochester.tar.gz']
config.JobType.pyCfgParams = ['isMC=True', 'useLHEWeights=True', 'GlobalTag=94X_mc2017_realistic_v11', 'roccorData=Rochester/RoccoR2017.txt']
config.JobType.scriptExe = '../exec.sh'
config.section_('Data')
config.Data.inputDataset = '/DarkPhotonToMuMu_M35_madgraph_pythia8_TuneCP5/RunIIFall17DRPremix-PU2017_94X_mc2017_realistic_v11-v1/AODSIM'
config.Data.unitsPerJob = 10000
config.Data.publication = False
config.Data.splitting = 'EventAwareLumiBased'
config.Data.outLFNDirBase = '/store/group/phys_exotica/darkPhoton/schhibra/ScoutingNTuples2017'
config.section_('Site')
config.Site.storageSite = 'T2_CH_CERN'
config.section_('User')
config.section_('Debug')

DEBUG 2019-05-13 19:15:16,128: 	 self.config.JobType.psetName: ../../test/tree_scout_cfg.py
INFO 2019-05-13 19:15:16,128: 	 Importing CMSSW configuration ../../test/tree_scout_cfg.py
DEBUG 2019-05-13 19:15:16,128: 	 Additional parameters for the CMSSW configuration are: ['isMC=True', 'useLHEWeights=True', 'GlobalTag=94X_mc2017_realistic_v11', 'roccorData=Rochester/RoccoR2017.txt']
INFO 2019-05-13 19:15:17,751: 	 Finished importing CMSSW configuration ../../test/tree_scout_cfg.py
DEBUG 2019-05-13 19:15:17,751: 	 Writing CMSSW configuration to /afs/cern.ch/work/s/schhibra/DarkPhotonSearch_v2/CMSSW_9_4_14/src/ScoutingAnalysis/TreeMaker/crab/ZdScoutingM35_L1_12_5_L1_15_7_Official_AccXEff/crab_20190513_191512/inputs/PSet.py
DEBUG 2019-05-13 19:15:18,192: 	 The following EDM output files will be collected: []
DEBUG 2019-05-13 19:15:18,192: 	 The following TFile output files will be collected: ['tree_scout.root']
DEBUG 2019-05-13 19:15:18,192: 	 The following user output files will be collected: []
DEBUG 2019-05-13 19:15:18,192: 	 Loading required information from the environment
DEBUG 2019-05-13 19:15:18,192: 	 Found CMSSW_9_4_14 for slc6_amd64_gcc630 with base /afs/cern.ch/work/s/schhibra/DarkPhotonSearch_v2/CMSSW_9_4_14
DEBUG 2019-05-13 19:15:18,192: 	 Making tarball in /afs/cern.ch/work/s/schhibra/DarkPhotonSearch_v2/CMSSW_9_4_14/src/ScoutingAnalysis/TreeMaker/crab/ZdScoutingM35_L1_12_5_L1_15_7_Official_AccXEff/crab_20190513_191512/inputs/b3d61156-e7ca-4bde-8af5-88a6ef2ece67default.tgz
DEBUG 2019-05-13 19:15:18,198: 	 Checking directory /afs/cern.ch/work/s/schhibra/DarkPhotonSearch_v2/CMSSW_9_4_14/lib
DEBUG 2019-05-13 19:15:18,198: 	 Adding directory /afs/cern.ch/work/s/schhibra/DarkPhotonSearch_v2/CMSSW_9_4_14/lib to tarball
DEBUG 2019-05-13 19:15:18,207: 	 Checking directory /afs/cern.ch/work/s/schhibra/DarkPhotonSearch_v2/CMSSW_9_4_14/biglib
DEBUG 2019-05-13 19:15:18,207: 	 Adding directory /afs/cern.ch/work/s/schhibra/DarkPhotonSearch_v2/CMSSW_9_4_14/biglib to tarball
DEBUG 2019-05-13 19:15:18,208: 	 Checking directory /afs/cern.ch/work/s/schhibra/DarkPhotonSearch_v2/CMSSW_9_4_14/module
DEBUG 2019-05-13 19:15:18,209: 	 Adding data directory /afs/cern.ch/work/s/schhibra/DarkPhotonSearch_v2/CMSSW_9_4_14/src/ScoutingAnalysis/TreeMaker/data to tarball
DEBUG 2019-05-13 19:15:18,447: 	 Adding data directory /afs/cern.ch/work/s/schhibra/DarkPhotonSearch_v2/CMSSW_9_4_14/src/ScoutingAnalysis/TreeMaker/interface to tarball
DEBUG 2019-05-13 19:15:18,463: 	 Adding file ../Rochester.tar.gz to tarball
DEBUG 2019-05-13 19:15:18,867: 	 Uploading archive /afs/cern.ch/work/s/schhibra/DarkPhotonSearch_v2/CMSSW_9_4_14/src/ScoutingAnalysis/TreeMaker/crab/ZdScoutingM35_L1_12_5_L1_15_7_Official_AccXEff/crab_20190513_191512/inputs/b3d61156-e7ca-4bde-8af5-88a6ef2ece67default.tgz (1.385742.1 MB) to the CRAB cache. Using URI https://cmsweb.cern.ch/crabcache
DEBUG 2019-05-13 19:15:20,062: 	 Loading required information from the environment
DEBUG 2019-05-13 19:15:20,062: 	 Found CMSSW_9_4_14 for slc6_amd64_gcc630 with base /afs/cern.ch/work/s/schhibra/DarkPhotonSearch_v2/CMSSW_9_4_14
DEBUG 2019-05-13 19:15:20,062: 	 Making tarball in /afs/cern.ch/work/s/schhibra/DarkPhotonSearch_v2/CMSSW_9_4_14/src/ScoutingAnalysis/TreeMaker/crab/ZdScoutingM35_L1_12_5_L1_15_7_Official_AccXEff/crab_20190513_191512/inputs/debugFiles.tgz
DEBUG 2019-05-13 19:15:20,068: 	 Uploading archive /afs/cern.ch/work/s/schhibra/DarkPhotonSearch_v2/CMSSW_9_4_14/src/ScoutingAnalysis/TreeMaker/crab/ZdScoutingM35_L1_12_5_L1_15_7_Official_AccXEff/crab_20190513_191512/inputs/debugFiles.tgz (2 KB) to the CRAB cache. Using URI https://cmsweb.cern.ch/crabcache
DEBUG 2019-05-13 19:15:20,206: 	 Result uploading input files: c546ace1ca360e876c5df4cd4facdd8a3c1a2a64df44bf906ebc011f93f27e48.tar.gz 
INFO 2019-05-13 19:15:20,207: 	 Sending the request to the server
DEBUG 2019-05-13 19:15:20,207: 	 Submitting {'maxjobruntime': 1250, 'extrajdl': [], 'lfn': '/store/group/phys_exotica/darkPhoton/schhibra/ScoutingNTuples2017', 'savelogsflag': 0, 'useparent': 0, 'scriptexe': 'exec.sh', 'asyncdest': 'T2_CH_CERN', 'algoargs': 10000, 'cachefilename': 'c546ace1ca360e876c5df4cd4facdd8a3c1a2a64df44bf906ebc011f93f27e48.tar.gz', 'numcores': 1, 'addoutputfiles': [], 'generator': 'pythia', 'maxmemory': 2000, 'publishdbsurl': 'https://cmsweb.cern.ch/dbs/prod/phys03/DBSWriter', 'priority': 10, 'jobsw': 'CMSSW_9_4_14', 'edmoutfiles': [], 'userfiles': [], 'primarydataset': '', 'inputdata': '/DarkPhotonToMuMu_M35_madgraph_pythia8_TuneCP5/RunIIFall17DRPremix-PU2017_94X_mc2017_realistic_v11-v1/AODSIM', 'ignorelocality': 0, 'dryrun': 0, 'workflow': 'crab_20190513_191512', 'cacheurl': u'https://cmsweb.cern.ch/crabcache', 'nonprodsw': 0, 'tfileoutfiles': ['tree_scout.root'], 'oneEventMode': 0, 'debugfilename': '7f023d0942086124eb9f7d9fd72c0345afb2eb04897946e21f58132967150ed7.tar.gz', 'saveoutput': 1, 'publication': 0, 'jobarch': 'slc6_amd64_gcc630', 'totalunits': 0, 'splitalgo': 'EventAwareLumiBased', 'ignoreglobalblacklist': 0, 'nonvaliddata': 0, 'dbsurl': 'https://cmsweb.cern.ch/dbs/prod/global/DBSReader', 'publishgroupname': 0, 'jobtype': 'Analysis', 'publishname2': ''} 
DEBUG 2019-05-13 19:15:20,208: 	 Encoded submit request: maxjobruntime=1250&lfn=%2Fstore%2Fgroup%2Fphys_exotica%2FdarkPhoton%2Fschhibra%2FScoutingNTuples2017&savelogsflag=0&useparent=0&scriptexe=exec.sh&asyncdest=T2_CH_CERN&algoargs=10000&cachefilename=c546ace1ca360e876c5df4cd4facdd8a3c1a2a64df44bf906ebc011f93f27e48.tar.gz&numcores=1&generator=pythia&maxmemory=2000&publishdbsurl=https%3A%2F%2Fcmsweb.cern.ch%2Fdbs%2Fprod%2Fphys03%2FDBSWriter&priority=10&jobsw=CMSSW_9_4_14&primarydataset=&inputdata=%2FDarkPhotonToMuMu_M35_madgraph_pythia8_TuneCP5%2FRunIIFall17DRPremix-PU2017_94X_mc2017_realistic_v11-v1%2FAODSIM&ignorelocality=0&dryrun=0&workflow=crab_20190513_191512&cacheurl=https%3A%2F%2Fcmsweb.cern.ch%2Fcrabcache&nonprodsw=0&oneEventMode=0&debugfilename=7f023d0942086124eb9f7d9fd72c0345afb2eb04897946e21f58132967150ed7.tar.gz&saveoutput=1&publication=0&jobarch=slc6_amd64_gcc630&totalunits=0&splitalgo=EventAwareLumiBased&ignoreglobalblacklist=0&nonvaliddata=0&dbsurl=https%3A%2F%2Fcmsweb.cern.ch%2Fdbs%2Fprod%2Fglobal%2FDBSReader&publishgroupname=0&jobtype=Analysis&publishname2=&tfileoutfiles=tree_scout.root
DEBUG 2019-05-13 19:15:20,467: 	 Result: {u'result': [{u'RequestName': u'190513_171520:schhibra_crab_20190513_191512'}]}
INFO 2019-05-13 19:15:20,471: 	 Success: Your task has been delivered to the CRAB3 server.
INFO 2019-05-13 19:15:20,471: 	 Task name: 190513_171520:schhibra_crab_20190513_191512
INFO 2019-05-13 19:15:20,471: 	 Project dir: ./crab_20190513_191512
INFO 2019-05-13 19:15:20,471: 	 Please use 'crab status -d ./crab_20190513_191512' to check how the submission process proceeds.
DEBUG 2019-05-13 19:15:20,472: 	 About to return
INFO 2019-05-13 19:15:20,475: 	 Log file is /afs/cern.ch/work/s/schhibra/DarkPhotonSearch_v2/CMSSW_9_4_14/src/ScoutingAnalysis/TreeMaker/crab/ZdScoutingM35_L1_12_5_L1_15_7_Official_AccXEff/crab_20190513_191512/crab.log
DEBUG 2019-05-13 19:34:14,772: 	 Executing command: 'kill'
DEBUG 2019-05-13 19:34:14,772: 	 Found CRAB cache file /afs/cern.ch/user/s/schhibra/.crab3
DEBUG 2019-05-13 19:34:14,782: 	 Checking credentials
DEBUG 2019-05-13 19:34:14,783: 	 Found proxy file /tmp/x509up_u59012
DEBUG 2019-05-13 19:34:14,783: 	 Getting proxy life time left
DEBUG 2019-05-13 19:34:15,589: 	 Executing : 
 command : voms-proxy-info -file /tmp/x509up_u59012 -timeleft
 output : 602890

 error: 
 retcode : 0
DEBUG 2019-05-13 19:34:16,297: 	 Executing : 
 command : voms-proxy-info -file /tmp/x509up_u59012 -actimeleft
 output : 602889

 error: 
 retcode : 0
DEBUG 2019-05-13 19:34:16,297: 	 Proxy lifetime 602890 secs is different from voms extension lifetime 602889 secs for proxy: /tmp/x509up_u59012
DEBUG 2019-05-13 19:34:16,297: 	 Proxy valid for 167:28:09 hours
DEBUG 2019-05-13 19:34:16,412: 	 Executing : 
 command : openssl x509 -in ~/.globus/usercert.pem -subject -noout
 output : subject= /DC=ch/DC=cern/OU=Organic Units/OU=Users/CN=schhibra/CN=715612/CN=Simranjit Singh Chhibra

 error: 
 retcode : 0
DEBUG 2019-05-13 19:34:16,413: 	 Checking credentials
DEBUG 2019-05-13 19:34:16,413: 	 Found proxy file /tmp/x509up_u59012
DEBUG 2019-05-13 19:34:16,413: 	 Getting proxy life time left
DEBUG 2019-05-13 19:34:17,220: 	 Executing : 
 command : voms-proxy-info -file /tmp/x509up_u59012 -timeleft
 output : 602888

 error: 
 retcode : 0
DEBUG 2019-05-13 19:34:17,927: 	 Executing : 
 command : voms-proxy-info -file /tmp/x509up_u59012 -actimeleft
 output : 602888

 error: 
 retcode : 0
DEBUG 2019-05-13 19:34:17,928: 	 Proxy valid for 167:28:08 hours
DEBUG 2019-05-13 19:34:18,073: 	 Registering user credentials for server /DC=ch/DC=cern/OU=computers/CN=vocms(052|058|030|0118|0105|0109).cern.ch|/DC=ch/DC=cern/OU=computers/CN=crab-(preprod|prod)-tw(02|01).cern.ch
DEBUG 2019-05-13 19:34:18,183: 	 Executing : 
 command : openssl x509 -in ~/.globus/usercert.pem -subject -noout
 output : subject= /DC=ch/DC=cern/OU=Organic Units/OU=Users/CN=schhibra/CN=715612/CN=Simranjit Singh Chhibra

 error: 
 retcode : 0
DEBUG 2019-05-13 19:34:18,184: 	 Getting myproxy life time left for myproxy.cern.ch
DEBUG 2019-05-13 19:34:18,184: 	 Calculating hash of /DC=ch/DC=cern/OU=Organic Units/OU=Users/CN=schhibra/CN=715612/CN=Simranjit Singh Chhibra_cmsweb.cern.ch for credential name
DEBUG 2019-05-13 19:34:18,589: 	 Executing : 
 command : myproxy-info -l 3841cd59f3d3480019d577f9a3ad69704f35aad0 -s myproxy.cern.ch
 output : username: 3841cd59f3d3480019d577f9a3ad69704f35aad0
owner: /DC=ch/DC=cern/OU=Organic Units/OU=Users/CN=schhibra/CN=715612/CN=Simranjit Singh Chhibra
  renewal policy: /DC=ch/DC=cern/OU=computers/CN=vocms(052|058|030|0118|0105|0109).cern.ch|/DC=ch/DC=cern/OU=computers/CN=crab-(preprod|prod)-tw(02|01).cern.ch
  trusted retrieval policy: /DC=ch/DC=cern/OU=computers/CN=vocms(052|058|030|0118|0105|0109).cern.ch|/DC=ch/DC=cern/OU=computers/CN=crab-(preprod|prod)-tw(02|01).cern.ch
  timeleft: 430:50:05  (18.0 days)

 error: 
 retcode : 0
DEBUG 2019-05-13 19:34:18,591: 	 Myproxy is valid: 1551005
DEBUG 2019-05-13 19:34:18,592: 	 Command use: kill
DEBUG 2019-05-13 19:34:18,592: 	 Options use: ['crab_20190513_191512']
DEBUG 2019-05-13 19:34:18,738: 	 CRABClient version: 3.3.1904
DEBUG 2019-05-13 19:34:18,738: 	 Instance is prod
DEBUG 2019-05-13 19:34:18,738: 	 Server base url is cmsweb.cern.ch
DEBUG 2019-05-13 19:34:18,738: 	 Command url /crabserver/prod/workflow
DEBUG 2019-05-13 19:34:18,738: 	 Killing task 190513_171520:schhibra_crab_20190513_191512
DEBUG 2019-05-13 19:34:18,885: 	 Result: {u'result': [{u'result': u'ok'}], u'desc': {u'columns': [u'tm_taskname', u'panda_jobset_id', u'tm_task_status', u'tm_task_command', u'tm_user_role', u'tm_user_group', u'tm_task_failure', u'tm_split_algo', u'tm_split_args', u'panda_resubmitted_jobs', u'tm_save_logs', u'tm_username', u'tm_user_dn', u'tm_arguments', u'tm_input_dataset', u'tm_dbs_url', u'tm_task_warnings', u'tm_publication', u'tm_user_webdir', u'tm_asourl', u'tm_asodb', u'tm_output_dataset', u'tm_collector', u'tm_schedd', u'tm_dry_run', u'clusterid', u'tm_start_time', u'tw_name']}}
INFO 2019-05-13 19:34:18,885: 	 Kill request successfully sent
INFO 2019-05-13 19:34:18,888: 	 Log file is /afs/cern.ch/work/s/schhibra/DarkPhotonSearch_v2/CMSSW_9_4_14/src/ScoutingAnalysis/TreeMaker/crab/ZdScoutingM35_L1_12_5_L1_15_7_Official_AccXEff/crab_20190513_191512/crab.log
