DEBUG 2019-05-08 23:02:57,541: 	 Executing command: 'submit'
DEBUG 2019-05-08 23:02:57,542: 	 Found CRAB cache file /afs/cern.ch/user/s/schhibra/.crab3
DEBUG 2019-05-08 23:02:57,555: 	 Checking credentials
DEBUG 2019-05-08 23:02:57,555: 	 Found proxy file /tmp/x509up_u59012
DEBUG 2019-05-08 23:02:57,555: 	 Getting proxy life time left
DEBUG 2019-05-08 23:02:58,564: 	 Executing : 
 command : voms-proxy-info -file /tmp/x509up_u59012 -timeleft
 output : 597264

 error: 
 retcode : 0
DEBUG 2019-05-08 23:03:00,078: 	 Executing : 
 command : voms-proxy-info -file /tmp/x509up_u59012 -actimeleft
 output : 597262

 error: 
 retcode : 0
DEBUG 2019-05-08 23:03:00,079: 	 Proxy lifetime 597264 secs is different from voms extension lifetime 597262 secs for proxy: /tmp/x509up_u59012
DEBUG 2019-05-08 23:03:00,079: 	 Proxy valid for 165:54:22 hours
INFO 2019-05-08 23:03:00,079: 	 Will use CRAB configuration file crabConfig.py
DEBUG 2019-05-08 23:03:00,079: 	 Loading CRAB configuration file.
DEBUG 2019-05-08 23:03:00,089: 	 Will use CRAB Analysis plugin (i.e. will run an analysis job type).
DEBUG 2019-05-08 23:03:00,297: 	 Executing : 
 command : openssl x509 -in ~/.globus/usercert.pem -subject -noout
 output : subject= /DC=ch/DC=cern/OU=Organic Units/OU=Users/CN=schhibra/CN=715612/CN=Simranjit Singh Chhibra

 error: 
 retcode : 0
DEBUG 2019-05-08 23:03:00,298: 	 Checking credentials
DEBUG 2019-05-08 23:03:00,298: 	 Found proxy file /tmp/x509up_u59012
DEBUG 2019-05-08 23:03:00,298: 	 Getting proxy life time left
DEBUG 2019-05-08 23:03:01,708: 	 Executing : 
 command : voms-proxy-info -file /tmp/x509up_u59012 -timeleft
 output : 597261

 error: 
 retcode : 0
DEBUG 2019-05-08 23:03:02,719: 	 Executing : 
 command : voms-proxy-info -file /tmp/x509up_u59012 -actimeleft
 output : 597260

 error: 
 retcode : 0
DEBUG 2019-05-08 23:03:02,720: 	 Proxy lifetime 597261 secs is different from voms extension lifetime 597260 secs for proxy: /tmp/x509up_u59012
DEBUG 2019-05-08 23:03:02,720: 	 Proxy valid for 165:54:20 hours
DEBUG 2019-05-08 23:03:03,932: 	 Executing : 
 command : env X509_USER_PROXY=/tmp/x509up_u59012 voms-proxy-info -fqan
 output : /cms/Role=NULL/Capability=NULL

 error: 
 retcode : 0
DEBUG 2019-05-08 23:03:04,103: 	 Registering user credentials for server /DC=ch/DC=cern/OU=computers/CN=vocms(052|058|030|0118|0105|0109).cern.ch|/DC=ch/DC=cern/OU=computers/CN=crab-(preprod|prod)-tw(02|01).cern.ch
DEBUG 2019-05-08 23:03:04,224: 	 Executing : 
 command : openssl x509 -in ~/.globus/usercert.pem -subject -noout
 output : subject= /DC=ch/DC=cern/OU=Organic Units/OU=Users/CN=schhibra/CN=715612/CN=Simranjit Singh Chhibra

 error: 
 retcode : 0
DEBUG 2019-05-08 23:03:04,225: 	 Getting myproxy life time left for myproxy.cern.ch
DEBUG 2019-05-08 23:03:04,225: 	 Calculating hash of /DC=ch/DC=cern/OU=Organic Units/OU=Users/CN=schhibra/CN=715612/CN=Simranjit Singh Chhibra_cmsweb.cern.ch for credential name
DEBUG 2019-05-08 23:03:04,435: 	 Executing : 
 command : myproxy-info -l 3841cd59f3d3480019d577f9a3ad69704f35aad0 -s myproxy.cern.ch
 output : username: 3841cd59f3d3480019d577f9a3ad69704f35aad0
owner: /DC=ch/DC=cern/OU=Organic Units/OU=Users/CN=schhibra/CN=715612/CN=Simranjit Singh Chhibra
  renewal policy: /DC=ch/DC=cern/OU=computers/CN=vocms(052|058|030|0118|0105|0109).cern.ch|/DC=ch/DC=cern/OU=computers/CN=crab-(preprod|prod)-tw(02|01).cern.ch
  trusted retrieval policy: /DC=ch/DC=cern/OU=computers/CN=vocms(052|058|030|0118|0105|0109).cern.ch|/DC=ch/DC=cern/OU=computers/CN=crab-(preprod|prod)-tw(02|01).cern.ch
  timeleft: 547:21:19  (22.8 days)

 error: 
 retcode : 0
DEBUG 2019-05-08 23:03:04,437: 	 Myproxy is valid: 1970479
DEBUG 2019-05-08 23:03:04,437: 	 Command use: submit
DEBUG 2019-05-08 23:03:04,437: 	 Options use: ['crabConfig.py']
DEBUG 2019-05-08 23:03:04,574: 	 CRABClient version: 3.3.1904
DEBUG 2019-05-08 23:03:04,574: 	 Instance is prod
DEBUG 2019-05-08 23:03:04,574: 	 Server base url is cmsweb.cern.ch
DEBUG 2019-05-08 23:03:04,574: 	 Command url /crabserver/prod/workflow
DEBUG 2019-05-08 23:03:04,574: 	 Started submission
DEBUG 2019-05-08 23:03:04,574: 	 Working on /afs/cern.ch/work/s/schhibra/DarkPhotonSearch_v2/CMSSW_9_4_14/src/ScoutingAnalysis/TreeMaker/crab/ZdScoutingM35_L1_12_5_L1_15_7_Official_AccXEff/crab_20190508_230300
DEBUG 2019-05-08 23:03:04,775: 	 Loading required information from the environment
DEBUG 2019-05-08 23:03:04,775: 	 Found CMSSW_9_4_14 for slc6_amd64_gcc630 with base /afs/cern.ch/work/s/schhibra/DarkPhotonSearch_v2/CMSSW_9_4_14
DEBUG 2019-05-08 23:03:04,775: 	 Loading required information from the environment
DEBUG 2019-05-08 23:03:04,775: 	 Found CMSSW_9_4_14 for slc6_amd64_gcc630 with base /afs/cern.ch/work/s/schhibra/DarkPhotonSearch_v2/CMSSW_9_4_14
DEBUG 2019-05-08 23:03:04,806: 	 UNIQUE NAME: tarUUID b2520a82-ed3e-48ef-8ee2-dbf707ee83ea 
DEBUG 2019-05-08 23:03:04,808: 	 self.config: from WMCore.Configuration import Configuration
config = Configuration()
config.section_('General')
config.section_('JobType')
config.JobType.psetName = '../../test/tree_scout_cfg.py'
config.JobType.pluginName = 'Analysis'
config.JobType.inputFiles = ['../Rochester.tar.gz']
config.JobType.pyCfgParams = ['isMC=True', 'useLHEWeights=True', 'GlobalTag=94X_mc2017_realistic_v11', 'roccorData=Rochester/RoccoR2017.txt']
config.JobType.scriptExe = '../exec.sh'
config.section_('Data')
config.Data.inputDataset = '/DarkPhotonToMuMu_M35_madgraph_pythia8_TuneCP5/RunIIFall17DRPremix-PU2017_94X_mc2017_realistic_v11-v1/AODSIM'
config.Data.unitsPerJob = 10000
config.Data.publication = False
config.Data.splitting = 'EventAwareLumiBased'
config.Data.outLFNDirBase = '/store/group/phys_exotica/darkPhoton/schhibra/ScoutingNTuples2017'
config.section_('Site')
config.Site.storageSite = 'T2_CH_CERN'
config.section_('User')
config.section_('Debug')

DEBUG 2019-05-08 23:03:04,808: 	 self.config.JobType.psetName: ../../test/tree_scout_cfg.py
INFO 2019-05-08 23:03:04,812: 	 Importing CMSSW configuration ../../test/tree_scout_cfg.py
DEBUG 2019-05-08 23:03:04,812: 	 Additional parameters for the CMSSW configuration are: ['isMC=True', 'useLHEWeights=True', 'GlobalTag=94X_mc2017_realistic_v11', 'roccorData=Rochester/RoccoR2017.txt']
INFO 2019-05-08 23:03:07,199: 	 Finished importing CMSSW configuration ../../test/tree_scout_cfg.py
DEBUG 2019-05-08 23:03:07,199: 	 Writing CMSSW configuration to /afs/cern.ch/work/s/schhibra/DarkPhotonSearch_v2/CMSSW_9_4_14/src/ScoutingAnalysis/TreeMaker/crab/ZdScoutingM35_L1_12_5_L1_15_7_Official_AccXEff/crab_20190508_230300/inputs/PSet.py
DEBUG 2019-05-08 23:03:07,638: 	 The following EDM output files will be collected: []
DEBUG 2019-05-08 23:03:07,638: 	 The following TFile output files will be collected: ['tree_scout.root']
DEBUG 2019-05-08 23:03:07,638: 	 The following user output files will be collected: []
DEBUG 2019-05-08 23:03:07,638: 	 Loading required information from the environment
DEBUG 2019-05-08 23:03:07,638: 	 Found CMSSW_9_4_14 for slc6_amd64_gcc630 with base /afs/cern.ch/work/s/schhibra/DarkPhotonSearch_v2/CMSSW_9_4_14
DEBUG 2019-05-08 23:03:07,638: 	 Making tarball in /afs/cern.ch/work/s/schhibra/DarkPhotonSearch_v2/CMSSW_9_4_14/src/ScoutingAnalysis/TreeMaker/crab/ZdScoutingM35_L1_12_5_L1_15_7_Official_AccXEff/crab_20190508_230300/inputs/b2520a82-ed3e-48ef-8ee2-dbf707ee83eadefault.tgz
DEBUG 2019-05-08 23:03:07,664: 	 Checking directory /afs/cern.ch/work/s/schhibra/DarkPhotonSearch_v2/CMSSW_9_4_14/lib
DEBUG 2019-05-08 23:03:07,664: 	 Adding directory /afs/cern.ch/work/s/schhibra/DarkPhotonSearch_v2/CMSSW_9_4_14/lib to tarball
DEBUG 2019-05-08 23:03:07,683: 	 Checking directory /afs/cern.ch/work/s/schhibra/DarkPhotonSearch_v2/CMSSW_9_4_14/biglib
DEBUG 2019-05-08 23:03:07,683: 	 Adding directory /afs/cern.ch/work/s/schhibra/DarkPhotonSearch_v2/CMSSW_9_4_14/biglib to tarball
DEBUG 2019-05-08 23:03:07,684: 	 Checking directory /afs/cern.ch/work/s/schhibra/DarkPhotonSearch_v2/CMSSW_9_4_14/module
DEBUG 2019-05-08 23:03:07,686: 	 Adding data directory /afs/cern.ch/work/s/schhibra/DarkPhotonSearch_v2/CMSSW_9_4_14/src/ScoutingAnalysis/TreeMaker/data to tarball
DEBUG 2019-05-08 23:03:07,923: 	 Adding data directory /afs/cern.ch/work/s/schhibra/DarkPhotonSearch_v2/CMSSW_9_4_14/src/ScoutingAnalysis/TreeMaker/interface to tarball
DEBUG 2019-05-08 23:03:07,945: 	 Adding file ../Rochester.tar.gz to tarball
DEBUG 2019-05-08 23:03:08,331: 	 Uploading archive /afs/cern.ch/work/s/schhibra/DarkPhotonSearch_v2/CMSSW_9_4_14/src/ScoutingAnalysis/TreeMaker/crab/ZdScoutingM35_L1_12_5_L1_15_7_Official_AccXEff/crab_20190508_230300/inputs/b2520a82-ed3e-48ef-8ee2-dbf707ee83eadefault.tgz (1.385742.1 MB) to the CRAB cache. Using URI https://cmsweb.cern.ch/crabcache
DEBUG 2019-05-08 23:03:09,587: 	 Loading required information from the environment
DEBUG 2019-05-08 23:03:09,587: 	 Found CMSSW_9_4_14 for slc6_amd64_gcc630 with base /afs/cern.ch/work/s/schhibra/DarkPhotonSearch_v2/CMSSW_9_4_14
DEBUG 2019-05-08 23:03:09,587: 	 Making tarball in /afs/cern.ch/work/s/schhibra/DarkPhotonSearch_v2/CMSSW_9_4_14/src/ScoutingAnalysis/TreeMaker/crab/ZdScoutingM35_L1_12_5_L1_15_7_Official_AccXEff/crab_20190508_230300/inputs/debugFiles.tgz
DEBUG 2019-05-08 23:03:09,595: 	 Uploading archive /afs/cern.ch/work/s/schhibra/DarkPhotonSearch_v2/CMSSW_9_4_14/src/ScoutingAnalysis/TreeMaker/crab/ZdScoutingM35_L1_12_5_L1_15_7_Official_AccXEff/crab_20190508_230300/inputs/debugFiles.tgz (2 KB) to the CRAB cache. Using URI https://cmsweb.cern.ch/crabcache
DEBUG 2019-05-08 23:03:09,738: 	 Result uploading input files: 202ff77a57cd694dca7493871a5db3be4cad6fd6c3a711e91d5ea562ffe1ebed.tar.gz 
INFO 2019-05-08 23:03:09,739: 	 Sending the request to the server
DEBUG 2019-05-08 23:03:09,739: 	 Submitting {'maxjobruntime': 1250, 'extrajdl': [], 'lfn': '/store/group/phys_exotica/darkPhoton/schhibra/ScoutingNTuples2017', 'savelogsflag': 0, 'useparent': 0, 'scriptexe': 'exec.sh', 'asyncdest': 'T2_CH_CERN', 'algoargs': 10000, 'cachefilename': '202ff77a57cd694dca7493871a5db3be4cad6fd6c3a711e91d5ea562ffe1ebed.tar.gz', 'numcores': 1, 'addoutputfiles': [], 'generator': 'pythia', 'maxmemory': 2000, 'publishdbsurl': 'https://cmsweb.cern.ch/dbs/prod/phys03/DBSWriter', 'priority': 10, 'jobsw': 'CMSSW_9_4_14', 'edmoutfiles': [], 'userfiles': [], 'primarydataset': '', 'inputdata': '/DarkPhotonToMuMu_M35_madgraph_pythia8_TuneCP5/RunIIFall17DRPremix-PU2017_94X_mc2017_realistic_v11-v1/AODSIM', 'ignorelocality': 0, 'dryrun': 0, 'workflow': 'crab_20190508_230300', 'cacheurl': u'https://cmsweb.cern.ch/crabcache', 'nonprodsw': 0, 'tfileoutfiles': ['tree_scout.root'], 'oneEventMode': 0, 'debugfilename': '5e1e7c3eb6b90c4da9f6455eb31d94ab03ede303796156cabee8fa2e7791ee1f.tar.gz', 'saveoutput': 1, 'publication': 0, 'jobarch': 'slc6_amd64_gcc630', 'totalunits': 0, 'splitalgo': 'EventAwareLumiBased', 'ignoreglobalblacklist': 0, 'nonvaliddata': 0, 'dbsurl': 'https://cmsweb.cern.ch/dbs/prod/global/DBSReader', 'publishgroupname': 0, 'jobtype': 'Analysis', 'publishname2': ''} 
DEBUG 2019-05-08 23:03:09,739: 	 Encoded submit request: maxjobruntime=1250&lfn=%2Fstore%2Fgroup%2Fphys_exotica%2FdarkPhoton%2Fschhibra%2FScoutingNTuples2017&savelogsflag=0&useparent=0&scriptexe=exec.sh&asyncdest=T2_CH_CERN&algoargs=10000&cachefilename=202ff77a57cd694dca7493871a5db3be4cad6fd6c3a711e91d5ea562ffe1ebed.tar.gz&numcores=1&generator=pythia&maxmemory=2000&publishdbsurl=https%3A%2F%2Fcmsweb.cern.ch%2Fdbs%2Fprod%2Fphys03%2FDBSWriter&priority=10&jobsw=CMSSW_9_4_14&primarydataset=&inputdata=%2FDarkPhotonToMuMu_M35_madgraph_pythia8_TuneCP5%2FRunIIFall17DRPremix-PU2017_94X_mc2017_realistic_v11-v1%2FAODSIM&ignorelocality=0&dryrun=0&workflow=crab_20190508_230300&cacheurl=https%3A%2F%2Fcmsweb.cern.ch%2Fcrabcache&nonprodsw=0&oneEventMode=0&debugfilename=5e1e7c3eb6b90c4da9f6455eb31d94ab03ede303796156cabee8fa2e7791ee1f.tar.gz&saveoutput=1&publication=0&jobarch=slc6_amd64_gcc630&totalunits=0&splitalgo=EventAwareLumiBased&ignoreglobalblacklist=0&nonvaliddata=0&dbsurl=https%3A%2F%2Fcmsweb.cern.ch%2Fdbs%2Fprod%2Fglobal%2FDBSReader&publishgroupname=0&jobtype=Analysis&publishname2=&tfileoutfiles=tree_scout.root
DEBUG 2019-05-08 23:03:09,994: 	 Result: {u'result': [{u'RequestName': u'190508_210309:schhibra_crab_20190508_230300'}]}
INFO 2019-05-08 23:03:09,997: 	 Success: Your task has been delivered to the CRAB3 server.
INFO 2019-05-08 23:03:09,997: 	 Task name: 190508_210309:schhibra_crab_20190508_230300
INFO 2019-05-08 23:03:09,997: 	 Project dir: ./crab_20190508_230300
INFO 2019-05-08 23:03:09,997: 	 Please use 'crab status -d ./crab_20190508_230300' to check how the submission process proceeds.
DEBUG 2019-05-08 23:03:09,998: 	 About to return
INFO 2019-05-08 23:03:10,002: 	 Log file is /afs/cern.ch/work/s/schhibra/DarkPhotonSearch_v2/CMSSW_9_4_14/src/ScoutingAnalysis/TreeMaker/crab/ZdScoutingM35_L1_12_5_L1_15_7_Official_AccXEff/crab_20190508_230300/crab.log
DEBUG 2019-05-09 13:50:25,513: 	 Executing command: 'status'
DEBUG 2019-05-09 13:50:25,513: 	 Found CRAB cache file /afs/cern.ch/user/s/schhibra/.crab3
DEBUG 2019-05-09 13:50:25,547: 	 Checking credentials
DEBUG 2019-05-09 13:50:25,547: 	 Found proxy file /tmp/x509up_u59012
DEBUG 2019-05-09 13:50:25,548: 	 Getting proxy life time left
DEBUG 2019-05-09 13:50:27,060: 	 Executing : 
 command : voms-proxy-info -file /tmp/x509up_u59012 -timeleft
 output : 85043

 error: 
 retcode : 0
DEBUG 2019-05-09 13:50:28,169: 	 Executing : 
 command : voms-proxy-info -file /tmp/x509up_u59012 -actimeleft
 output : 85041

 error: 
 retcode : 0
DEBUG 2019-05-09 13:50:28,170: 	 Proxy lifetime 85043 secs is different from voms extension lifetime 85041 secs for proxy: /tmp/x509up_u59012
DEBUG 2019-05-09 13:50:28,170: 	 Proxy valid for 23:37:21 hours
DEBUG 2019-05-09 13:50:28,290: 	 Executing : 
 command : openssl x509 -in ~/.globus/usercert.pem -subject -noout
 output : subject= /DC=ch/DC=cern/OU=Organic Units/OU=Users/CN=schhibra/CN=715612/CN=Simranjit Singh Chhibra

 error: 
 retcode : 0
DEBUG 2019-05-09 13:50:28,290: 	 Checking credentials
DEBUG 2019-05-09 13:50:28,292: 	 Found proxy file /tmp/x509up_u59012
DEBUG 2019-05-09 13:50:28,292: 	 Getting proxy life time left
DEBUG 2019-05-09 13:50:29,200: 	 Executing : 
 command : voms-proxy-info -file /tmp/x509up_u59012 -timeleft
 output : 85041

 error: 
 retcode : 0
DEBUG 2019-05-09 13:50:30,410: 	 Executing : 
 command : voms-proxy-info -file /tmp/x509up_u59012 -actimeleft
 output : 85039

 error: 
 retcode : 0
DEBUG 2019-05-09 13:50:30,410: 	 Proxy lifetime 85041 secs is different from voms extension lifetime 85039 secs for proxy: /tmp/x509up_u59012
DEBUG 2019-05-09 13:50:30,410: 	 Proxy valid for 23:37:19 hours
DEBUG 2019-05-09 13:50:30,544: 	 Registering user credentials for server /DC=ch/DC=cern/OU=computers/CN=vocms(052|058|030|0118|0105|0109).cern.ch|/DC=ch/DC=cern/OU=computers/CN=crab-(preprod|prod)-tw(02|01).cern.ch
DEBUG 2019-05-09 13:50:30,659: 	 Executing : 
 command : openssl x509 -in ~/.globus/usercert.pem -subject -noout
 output : subject= /DC=ch/DC=cern/OU=Organic Units/OU=Users/CN=schhibra/CN=715612/CN=Simranjit Singh Chhibra

 error: 
 retcode : 0
DEBUG 2019-05-09 13:50:30,660: 	 Getting myproxy life time left for myproxy.cern.ch
DEBUG 2019-05-09 13:50:30,660: 	 Calculating hash of /DC=ch/DC=cern/OU=Organic Units/OU=Users/CN=schhibra/CN=715612/CN=Simranjit Singh Chhibra_cmsweb.cern.ch for credential name
DEBUG 2019-05-09 13:50:30,866: 	 Executing : 
 command : myproxy-info -l 3841cd59f3d3480019d577f9a3ad69704f35aad0 -s myproxy.cern.ch
 output : username: 3841cd59f3d3480019d577f9a3ad69704f35aad0
owner: /DC=ch/DC=cern/OU=Organic Units/OU=Users/CN=schhibra/CN=715612/CN=Simranjit Singh Chhibra
  renewal policy: /DC=ch/DC=cern/OU=computers/CN=vocms(052|058|030|0118|0105|0109).cern.ch|/DC=ch/DC=cern/OU=computers/CN=crab-(preprod|prod)-tw(02|01).cern.ch
  trusted retrieval policy: /DC=ch/DC=cern/OU=computers/CN=vocms(052|058|030|0118|0105|0109).cern.ch|/DC=ch/DC=cern/OU=computers/CN=crab-(preprod|prod)-tw(02|01).cern.ch
  timeleft: 532:33:53  (22.2 days)

 error: 
 retcode : 0
DEBUG 2019-05-09 13:50:30,867: 	 Myproxy is valid: 1917233
DEBUG 2019-05-09 13:50:30,868: 	 Command use: status
DEBUG 2019-05-09 13:50:30,868: 	 Options use: ['ZdScoutingM35_L1_12_5_L1_15_7_Official_AccXEff/crab_20190508_230300/']
DEBUG 2019-05-09 13:50:31,026: 	 CRABClient version: 3.3.1904
DEBUG 2019-05-09 13:50:31,026: 	 Instance is prod
DEBUG 2019-05-09 13:50:31,027: 	 Server base url is cmsweb.cern.ch
DEBUG 2019-05-09 13:50:31,027: 	 Command url /crabserver/prod/workflow
DEBUG 2019-05-09 13:50:31,175: 	 Got information from server oracle database: {u'result': [u'190508_210309:schhibra_crab_20190508_230300', u'None', u'None', u'SUBMITTED', u'SUBMIT', u'2019-05-08 21:03:09.986778', u'None', u'2019-05-08 21:06:09.410470', u'None', u'CMSSW_9_4_14', u'slc6_amd64_gcc630', u'/DarkPhotonToMuMu_M35_madgraph_pythia8_TuneCP5/RunIIFall17DRPremix-PU2017_94X_mc2017_realistic_v11-v1/AODSIM', u'F', u'0', u'[]', u'[]', u'EventAwareLumiBased', u"{'splitOnRun': False, 'events_per_job': 10000, 'halt_job_on_file_boundaries': False, 'runs': [], 'lumis': []}", u'202ff77a57cd694dca7493871a5db3be4cad6fd6c3a711e91d5ea562ffe1ebed.tar.gz', u'https://cmsweb.cern.ch/crabcache', u'schhibra', u'/DC=ch/DC=cern/OU=Organic Units/OU=Users/CN=schhibra/CN=715612/CN=Simranjit Singh Chhibra', u'cms', u'None', u'None', u'crab_20190508_230300-00000000000000000000000000000000', u'F', u'T2_CH_CERN', u'https://cmsweb.cern.ch/dbs/prod/global/DBSReader', u'https://cmsweb.cern.ch/dbs/prod/phys03/DBSWriter', u'F', u'[]', u"['tree_scout.root']", u'[]', u'Analysis', u'pythia', u'None', u'{}', u'[]', u'F', u'crab-prod-tw01', u'[]', u'1250', u'1', u'2000', u'10', u'None', u'[]', u'http://vocms0119.cern.ch/mon/cms175/190508_210309:schhibra_crab_20190508_230300', u'exec.sh', u'[]', u'[]', u'https://cmsweb.cern.ch/crabserver/prod', u'cmsgwms-collector-global.cern.ch:9620,cmssrv221.fnal.gov:9620', u'crab3@vocms0119.cern.ch', u'F', u'[]', u'T', u'/store/group/phys_exotica/darkPhoton/schhibra/ScoutingNTuples2017', u'F', u'None', u'F', u'None', u'DarkPhotonToMuMu_M35_madgraph_pythia8_TuneCP5', u'None', u'5e1e7c3eb6b90c4da9f6455eb31d94ab03ede303796156cabee8fa2e7791ee1f.tar.gz', u'37297212', u'filetransfers', u'F', u'188.185.115.30', u'0.0', u'None'], u'desc': {u'columns': [u'tm_taskname', u'tm_activity', u'panda_jobset_id', u'tm_task_status', u'tm_task_command', u'tm_start_time', u'tm_start_injection', u'tm_end_injection', u'tm_task_failure', u'tm_job_sw', u'tm_job_arch', u'tm_input_dataset', u'tm_nonvalid_input_dataset', u'tm_use_parent', u'tm_site_whitelist', u'tm_site_blacklist', u'tm_split_algo', u'tm_split_args', u'tm_user_sandbox', u'tm_cache_url', u'tm_username', u'tm_user_dn', u'tm_user_vo', u'tm_user_role', u'tm_user_group', u'tm_publish_name', u'tm_publish_groupname', u'tm_asyncdest', u'tm_dbs_url', u'tm_publish_dbs_url', u'tm_publication', u'tm_outfiles', u'tm_tfile_outfiles', u'tm_edm_outfiles', u'tm_job_type', u'tm_generator', u'tm_events_per_lumi', u'tm_arguments', u'panda_resubmitted_jobs', u'tm_save_logs', u'tw_name', u'tm_user_infiles', u'tm_maxjobruntime', u'tm_numcores', u'tm_maxmemory', u'tm_priority', u'tm_output_dataset', u'tm_task_warnings', u'tm_user_webdir', u'tm_scriptexe', u'tm_scriptargs', u'tm_extrajdl', u'tm_asourl', u'tm_collector', u'tm_schedd', u'tm_dry_run', u'tm_user_files', u'tm_transfer_outputs', u'tm_output_lfn', u'tm_ignore_locality', u'tm_fail_limit', u'tm_one_event_mode', u'tm_secondary_input_dataset', u'tm_primary_dataset', u'tm_last_publication', u'tm_debug_files', u'clusterid', u'tm_asodb', u'tm_ignore_global_blacklist', u'tm_submitter_ip_addr', u'tm_totalunits', u'tm_ddm_reqid']}}
INFO 2019-05-09 13:50:31,175: 	 CRAB project directory:		/afs/cern.ch/work/s/schhibra/DarkPhotonSearch_v2/CMSSW_9_4_14/src/ScoutingAnalysis/TreeMaker/crab/ZdScoutingM35_L1_12_5_L1_15_7_Official_AccXEff/crab_20190508_230300
INFO 2019-05-09 13:50:31,175: 	 Task name:			190508_210309:schhibra_crab_20190508_230300
INFO 2019-05-09 13:50:31,176: 	 Grid scheduler - Task Worker:	crab3@vocms0119.cern.ch - crab-prod-tw01
INFO 2019-05-09 13:50:31,176: 	 Status on the CRAB server:	SUBMITTED
INFO 2019-05-09 13:50:31,176: 	 Task URL to use for HELP:	https://cmsweb.cern.ch/crabserver/ui/task/190508_210309%3Aschhibra_crab_20190508_230300
INFO 2019-05-09 13:50:31,176: 	 Dashboard monitoring URL:	http://dashb-cms-job.cern.ch/dashboard/templates/task-analysis/#user=schhibra&refresh=0&table=Jobs&p=1&records=25&activemenu=2&status=&site=&tid=190508_210309%3Aschhibra_crab_20190508_230300
INFO 2019-05-09 13:50:31,176: 	 New dashboard monitoring URL:	https://monit-grafana.cern.ch/d/cmsTMDetail/cms-task-monitoring-task-view?orgId=11&var-user=schhibra&var-task=190508_210309%3Aschhibra_crab_20190508_230300
INFO 2019-05-09 13:50:31,176: 	 In case of issues with the new dashboard, please provide feedback to hn-cms-computing-tools@cern.ch
DEBUG 2019-05-09 13:50:31,176: 	 The CRAB server submitted your task to the Grid scheduler (cluster ID: 37297212)
DEBUG 2019-05-09 13:50:31,176: 	 Webdir is located at http://vocms0119.cern.ch/mon/cms175/190508_210309:schhibra_crab_20190508_230300
DEBUG 2019-05-09 13:50:31,288: 	 Proxied webdir is located at https://cmsweb.cern.ch/scheddmon/0119/cms175/190508_210309:schhibra_crab_20190508_230300
DEBUG 2019-05-09 13:50:31,288: 	 Retrieving 'status_cache' file from https://cmsweb.cern.ch/scheddmon/0119/cms175/190508_210309:schhibra_crab_20190508_230300/status_cache
DEBUG 2019-05-09 13:50:31,440: 	 Got information from status cache file: {'1': {'Retries': 0, 'WallDurations': [213.0, 288.5963659286499], 'StartTimes': [1557352670.0], 'SubmitTimes': [1557349580.0], 'JobIds': ['37297244.0'], 'EndTimes': [1557352883.0], 'Restarts': 0, 'RecordedSite': True, 'State': 'finished', 'ResidentSetSize': [4436], 'TotalUserCpuTimeHistory': [140], 'SiteHistory': ['Unknown', 'T2_US_Nebraska'], 'TotalSysCpuTimeHistory': [3]}, '3': {'Retries': 0, 'WallDurations': [11.0, 137.0], 'StartTimes': [1557352898.0], 'SubmitTimes': [1557349580.0], 'JobIds': ['37297246.0'], 'EndTimes': [1557353035.0], 'Restarts': 0, 'RecordedSite': True, 'State': 'finished', 'ResidentSetSize': [17384], 'TotalUserCpuTimeHistory': [75], 'SiteHistory': ['Unknown', 'T2_US_Nebraska'], 'TotalSysCpuTimeHistory': [2]}, '2': {'Retries': 0, 'WallDurations': [222.0, 225.92209696769714], 'StartTimes': [1557352432.0], 'SubmitTimes': [1557349580.0], 'JobIds': ['37297243.0'], 'EndTimes': [1557352654.0], 'Restarts': 0, 'RecordedSite': True, 'State': 'finished', 'ResidentSetSize': [4432], 'TotalUserCpuTimeHistory': [149], 'SiteHistory': ['Unknown', 'T2_US_Nebraska'], 'TotalSysCpuTimeHistory': [3]}, '5': {'Retries': 0, 'WallDurations': [8.0, 447.0], 'StartTimes': [1557350827.0], 'SubmitTimes': [1557349580.0], 'JobIds': ['37297247.0'], 'EndTimes': [1557351274.0], 'Restarts': 0, 'RecordedSite': True, 'State': 'finished', 'ResidentSetSize': [652776], 'TotalUserCpuTimeHistory': [120], 'SiteHistory': ['Unknown', 'T2_FI_HIP'], 'TotalSysCpuTimeHistory': [3]}, '4': {'Retries': 0, 'WallDurations': [8.0, 445.0], 'StartTimes': [1557350831.0], 'SubmitTimes': [1557349580.0], 'JobIds': ['37297245.0'], 'EndTimes': [1557351276.0], 'Restarts': 0, 'RecordedSite': True, 'State': 'finished', 'ResidentSetSize': [705160], 'TotalUserCpuTimeHistory': [117], 'SiteHistory': ['Unknown', 'T2_FI_HIP'], 'TotalSysCpuTimeHistory': [3]}, '6': {'Retries': 0, 'WallDurations': [8.0, 324.0], 'StartTimes': [1557350831.0], 'SubmitTimes': [1557349580.0], 'JobIds': ['37297248.0'], 'EndTimes': [1557351155.0], 'Restarts': 0, 'RecordedSite': True, 'State': 'finished', 'ResidentSetSize': [702828], 'TotalUserCpuTimeHistory': [62], 'SiteHistory': ['Unknown', 'T2_FI_HIP'], 'TotalSysCpuTimeHistory': [1]}}
INFO 2019-05-09 13:50:31,440: 	 Status on the scheduler:	COMPLETED
INFO 2019-05-09 13:50:31,440: 	 
Jobs status:                    finished     		100.0% (6/6)
INFO 2019-05-09 13:50:31,440: 	 
No publication information (publication has been disabled in the CRAB configuration file)
INFO 2019-05-09 13:50:31,441: 	 
Warning: the max jobs runtime is less than 30% of the task requested value (1250 min), please consider to request a lower value for failed jobs (allowed through crab resubmit) and/or improve the jobs splitting (e.g. config.Data.splitting = 'Automatic') in a new task.
INFO 2019-05-09 13:50:31,441: 	 
Warning: the average jobs CPU efficiency is less than 50%, please consider to improve the jobs splitting (e.g. config.Data.splitting = 'Automatic') in a new task
INFO 2019-05-09 13:50:31,441: 	 
Summary of run jobs:
 * Memory: 4MB min, 688MB max, 340MB ave
 * Runtime: 0:02:17 min, 0:07:27 max, 0:05:11 ave
 * CPU eff: 19% min, 67% max, 36% ave
 * Waste: 0:07:50 (20% of total)

INFO 2019-05-09 13:50:31,453: 	 Log file is /afs/cern.ch/work/s/schhibra/DarkPhotonSearch_v2/CMSSW_9_4_14/src/ScoutingAnalysis/TreeMaker/crab/ZdScoutingM35_L1_12_5_L1_15_7_Official_AccXEff/crab_20190508_230300/crab.log
