DEBUG 2019-05-08 20:35:30,337: 	 Executing command: 'submit'
DEBUG 2019-05-08 20:35:30,337: 	 Found CRAB cache file /afs/cern.ch/user/s/schhibra/.crab3
DEBUG 2019-05-08 20:35:30,351: 	 Checking credentials
DEBUG 2019-05-08 20:35:30,352: 	 Found proxy file /tmp/x509up_u59012
DEBUG 2019-05-08 20:35:30,352: 	 Getting proxy life time left
DEBUG 2019-05-08 20:35:31,362: 	 Executing : 
 command : voms-proxy-info -file /tmp/x509up_u59012 -timeleft
 output : 602084

 error: 
 retcode : 0
DEBUG 2019-05-08 20:35:32,373: 	 Executing : 
 command : voms-proxy-info -file /tmp/x509up_u59012 -actimeleft
 output : 602083

 error: 
 retcode : 0
DEBUG 2019-05-08 20:35:32,374: 	 Proxy lifetime 602084 secs is different from voms extension lifetime 602083 secs for proxy: /tmp/x509up_u59012
DEBUG 2019-05-08 20:35:32,374: 	 Proxy valid for 167:14:43 hours
INFO 2019-05-08 20:35:32,374: 	 Will use CRAB configuration file crabConfig.py
DEBUG 2019-05-08 20:35:32,374: 	 Loading CRAB configuration file.
DEBUG 2019-05-08 20:35:32,383: 	 Will use CRAB Analysis plugin (i.e. will run an analysis job type).
DEBUG 2019-05-08 20:35:32,513: 	 Executing : 
 command : openssl x509 -in ~/.globus/usercert.pem -subject -noout
 output : subject= /DC=ch/DC=cern/OU=Organic Units/OU=Users/CN=schhibra/CN=715612/CN=Simranjit Singh Chhibra

 error: 
 retcode : 0
DEBUG 2019-05-08 20:35:32,513: 	 Checking credentials
DEBUG 2019-05-08 20:35:32,513: 	 Found proxy file /tmp/x509up_u59012
DEBUG 2019-05-08 20:35:32,513: 	 Getting proxy life time left
DEBUG 2019-05-08 20:35:33,526: 	 Executing : 
 command : voms-proxy-info -file /tmp/x509up_u59012 -timeleft
 output : 602082

 error: 
 retcode : 0
DEBUG 2019-05-08 20:35:34,537: 	 Executing : 
 command : voms-proxy-info -file /tmp/x509up_u59012 -actimeleft
 output : 602081

 error: 
 retcode : 0
DEBUG 2019-05-08 20:35:34,538: 	 Proxy lifetime 602082 secs is different from voms extension lifetime 602081 secs for proxy: /tmp/x509up_u59012
DEBUG 2019-05-08 20:35:34,538: 	 Proxy valid for 167:14:41 hours
DEBUG 2019-05-08 20:35:35,450: 	 Executing : 
 command : env X509_USER_PROXY=/tmp/x509up_u59012 voms-proxy-info -fqan
 output : /cms/Role=NULL/Capability=NULL

 error: 
 retcode : 0
DEBUG 2019-05-08 20:35:35,596: 	 Registering user credentials for server /DC=ch/DC=cern/OU=computers/CN=vocms(052|058|030|0118|0105|0109).cern.ch|/DC=ch/DC=cern/OU=computers/CN=crab-(preprod|prod)-tw(02|01).cern.ch
DEBUG 2019-05-08 20:35:35,714: 	 Executing : 
 command : openssl x509 -in ~/.globus/usercert.pem -subject -noout
 output : subject= /DC=ch/DC=cern/OU=Organic Units/OU=Users/CN=schhibra/CN=715612/CN=Simranjit Singh Chhibra

 error: 
 retcode : 0
DEBUG 2019-05-08 20:35:35,714: 	 Getting myproxy life time left for myproxy.cern.ch
DEBUG 2019-05-08 20:35:35,715: 	 Calculating hash of /DC=ch/DC=cern/OU=Organic Units/OU=Users/CN=schhibra/CN=715612/CN=Simranjit Singh Chhibra_cmsweb.cern.ch for credential name
DEBUG 2019-05-08 20:35:35,922: 	 Executing : 
 command : myproxy-info -l 3841cd59f3d3480019d577f9a3ad69704f35aad0 -s myproxy.cern.ch
 output : username: 3841cd59f3d3480019d577f9a3ad69704f35aad0
owner: /DC=ch/DC=cern/OU=Organic Units/OU=Users/CN=schhibra/CN=715612/CN=Simranjit Singh Chhibra
  renewal policy: /DC=ch/DC=cern/OU=computers/CN=vocms(052|058|030|0118|0105|0109).cern.ch|/DC=ch/DC=cern/OU=computers/CN=crab-(preprod|prod)-tw(02|01).cern.ch
  trusted retrieval policy: /DC=ch/DC=cern/OU=computers/CN=vocms(052|058|030|0118|0105|0109).cern.ch|/DC=ch/DC=cern/OU=computers/CN=crab-(preprod|prod)-tw(02|01).cern.ch
  timeleft: 549:48:48  (22.9 days)

 error: 
 retcode : 0
DEBUG 2019-05-08 20:35:35,924: 	 Myproxy is valid: 1979328
DEBUG 2019-05-08 20:35:35,924: 	 Command use: submit
DEBUG 2019-05-08 20:35:35,924: 	 Options use: []
DEBUG 2019-05-08 20:35:36,073: 	 CRABClient version: 3.3.1904
DEBUG 2019-05-08 20:35:36,073: 	 Instance is prod
DEBUG 2019-05-08 20:35:36,073: 	 Server base url is cmsweb.cern.ch
DEBUG 2019-05-08 20:35:36,073: 	 Command url /crabserver/prod/workflow
DEBUG 2019-05-08 20:35:36,073: 	 Started submission
DEBUG 2019-05-08 20:35:36,074: 	 Working on /afs/cern.ch/work/s/schhibra/DarkPhotonSearch_v2/CMSSW_9_4_14/src/ScoutingAnalysis/TreeMaker/crab/ZdScoutingM20_L1_12_5_L1_15_7_Official_AccXEff/crab_20190508_203532
DEBUG 2019-05-08 20:35:36,209: 	 Loading required information from the environment
DEBUG 2019-05-08 20:35:36,209: 	 Found CMSSW_9_4_14 for slc6_amd64_gcc630 with base /afs/cern.ch/work/s/schhibra/DarkPhotonSearch_v2/CMSSW_9_4_14
DEBUG 2019-05-08 20:35:36,209: 	 Loading required information from the environment
DEBUG 2019-05-08 20:35:36,209: 	 Found CMSSW_9_4_14 for slc6_amd64_gcc630 with base /afs/cern.ch/work/s/schhibra/DarkPhotonSearch_v2/CMSSW_9_4_14
DEBUG 2019-05-08 20:35:36,236: 	 UNIQUE NAME: tarUUID 92fd181b-f86c-46b0-a00b-f1b0b3304a22 
DEBUG 2019-05-08 20:35:36,237: 	 self.config: from WMCore.Configuration import Configuration
config = Configuration()
config.section_('General')
config.section_('JobType')
config.JobType.psetName = '../../test/tree_scout_cfg.py'
config.JobType.pluginName = 'Analysis'
config.JobType.inputFiles = ['../Rochester.tar.gz']
config.JobType.pyCfgParams = ['isMC=True', 'useLHEWeights=True', 'GlobalTag=94X_mc2017_realistic_v11', 'roccorData=Rochester/RoccoR2017.txt']
config.JobType.scriptExe = '../exec.sh'
config.section_('Data')
config.Data.inputDataset = '/DarkPhotonToMuMu_M20_madgraph_pythia8_TuneCP5/RunIIFall17DRPremix-PU2017_94X_mc2017_realistic_v11-v1/AODSIM'
config.Data.unitsPerJob = 10000
config.Data.publication = False
config.Data.splitting = 'EventAwareLumiBased'
config.Data.outLFNDirBase = '/store/group/phys_exotica/darkPhoton/schhibra/ScoutingNTuples2017'
config.section_('Site')
config.Site.storageSite = 'T2_CH_CERN'
config.section_('User')
config.section_('Debug')

DEBUG 2019-05-08 20:35:36,237: 	 self.config.JobType.psetName: ../../test/tree_scout_cfg.py
INFO 2019-05-08 20:35:36,237: 	 Importing CMSSW configuration ../../test/tree_scout_cfg.py
DEBUG 2019-05-08 20:35:36,238: 	 Additional parameters for the CMSSW configuration are: ['isMC=True', 'useLHEWeights=True', 'GlobalTag=94X_mc2017_realistic_v11', 'roccorData=Rochester/RoccoR2017.txt']
INFO 2019-05-08 20:35:38,329: 	 Finished importing CMSSW configuration ../../test/tree_scout_cfg.py
DEBUG 2019-05-08 20:35:38,329: 	 Writing CMSSW configuration to /afs/cern.ch/work/s/schhibra/DarkPhotonSearch_v2/CMSSW_9_4_14/src/ScoutingAnalysis/TreeMaker/crab/ZdScoutingM20_L1_12_5_L1_15_7_Official_AccXEff/crab_20190508_203532/inputs/PSet.py
DEBUG 2019-05-08 20:35:38,788: 	 The following EDM output files will be collected: []
DEBUG 2019-05-08 20:35:38,788: 	 The following TFile output files will be collected: ['tree_scout.root']
DEBUG 2019-05-08 20:35:38,789: 	 The following user output files will be collected: []
DEBUG 2019-05-08 20:35:38,789: 	 Loading required information from the environment
DEBUG 2019-05-08 20:35:38,789: 	 Found CMSSW_9_4_14 for slc6_amd64_gcc630 with base /afs/cern.ch/work/s/schhibra/DarkPhotonSearch_v2/CMSSW_9_4_14
DEBUG 2019-05-08 20:35:38,789: 	 Making tarball in /afs/cern.ch/work/s/schhibra/DarkPhotonSearch_v2/CMSSW_9_4_14/src/ScoutingAnalysis/TreeMaker/crab/ZdScoutingM20_L1_12_5_L1_15_7_Official_AccXEff/crab_20190508_203532/inputs/92fd181b-f86c-46b0-a00b-f1b0b3304a22default.tgz
DEBUG 2019-05-08 20:35:38,795: 	 Checking directory /afs/cern.ch/work/s/schhibra/DarkPhotonSearch_v2/CMSSW_9_4_14/lib
DEBUG 2019-05-08 20:35:38,795: 	 Adding directory /afs/cern.ch/work/s/schhibra/DarkPhotonSearch_v2/CMSSW_9_4_14/lib to tarball
DEBUG 2019-05-08 20:35:38,808: 	 Checking directory /afs/cern.ch/work/s/schhibra/DarkPhotonSearch_v2/CMSSW_9_4_14/biglib
DEBUG 2019-05-08 20:35:38,808: 	 Adding directory /afs/cern.ch/work/s/schhibra/DarkPhotonSearch_v2/CMSSW_9_4_14/biglib to tarball
DEBUG 2019-05-08 20:35:38,809: 	 Checking directory /afs/cern.ch/work/s/schhibra/DarkPhotonSearch_v2/CMSSW_9_4_14/module
DEBUG 2019-05-08 20:35:38,812: 	 Adding data directory /afs/cern.ch/work/s/schhibra/DarkPhotonSearch_v2/CMSSW_9_4_14/src/ScoutingAnalysis/TreeMaker/data to tarball
DEBUG 2019-05-08 20:35:39,042: 	 Adding data directory /afs/cern.ch/work/s/schhibra/DarkPhotonSearch_v2/CMSSW_9_4_14/src/ScoutingAnalysis/TreeMaker/interface to tarball
DEBUG 2019-05-08 20:35:39,057: 	 Adding file ../Rochester.tar.gz to tarball
DEBUG 2019-05-08 20:35:39,474: 	 Uploading archive /afs/cern.ch/work/s/schhibra/DarkPhotonSearch_v2/CMSSW_9_4_14/src/ScoutingAnalysis/TreeMaker/crab/ZdScoutingM20_L1_12_5_L1_15_7_Official_AccXEff/crab_20190508_203532/inputs/92fd181b-f86c-46b0-a00b-f1b0b3304a22default.tgz (1.385742.1 MB) to the CRAB cache. Using URI https://cmsweb.cern.ch/crabcache
DEBUG 2019-05-08 20:35:40,810: 	 Loading required information from the environment
DEBUG 2019-05-08 20:35:40,810: 	 Found CMSSW_9_4_14 for slc6_amd64_gcc630 with base /afs/cern.ch/work/s/schhibra/DarkPhotonSearch_v2/CMSSW_9_4_14
DEBUG 2019-05-08 20:35:40,810: 	 Making tarball in /afs/cern.ch/work/s/schhibra/DarkPhotonSearch_v2/CMSSW_9_4_14/src/ScoutingAnalysis/TreeMaker/crab/ZdScoutingM20_L1_12_5_L1_15_7_Official_AccXEff/crab_20190508_203532/inputs/debugFiles.tgz
DEBUG 2019-05-08 20:35:40,816: 	 Uploading archive /afs/cern.ch/work/s/schhibra/DarkPhotonSearch_v2/CMSSW_9_4_14/src/ScoutingAnalysis/TreeMaker/crab/ZdScoutingM20_L1_12_5_L1_15_7_Official_AccXEff/crab_20190508_203532/inputs/debugFiles.tgz (2 KB) to the CRAB cache. Using URI https://cmsweb.cern.ch/crabcache
DEBUG 2019-05-08 20:35:40,962: 	 Result uploading input files: 202ff77a57cd694dca7493871a5db3be4cad6fd6c3a711e91d5ea562ffe1ebed.tar.gz 
INFO 2019-05-08 20:35:40,962: 	 Sending the request to the server
DEBUG 2019-05-08 20:35:40,963: 	 Submitting {'maxjobruntime': 1250, 'extrajdl': [], 'lfn': '/store/group/phys_exotica/darkPhoton/schhibra/ScoutingNTuples2017', 'savelogsflag': 0, 'useparent': 0, 'scriptexe': 'exec.sh', 'asyncdest': 'T2_CH_CERN', 'algoargs': 10000, 'cachefilename': '202ff77a57cd694dca7493871a5db3be4cad6fd6c3a711e91d5ea562ffe1ebed.tar.gz', 'numcores': 1, 'addoutputfiles': [], 'generator': 'pythia', 'maxmemory': 2000, 'publishdbsurl': 'https://cmsweb.cern.ch/dbs/prod/phys03/DBSWriter', 'priority': 10, 'jobsw': 'CMSSW_9_4_14', 'edmoutfiles': [], 'userfiles': [], 'primarydataset': '', 'inputdata': '/DarkPhotonToMuMu_M20_madgraph_pythia8_TuneCP5/RunIIFall17DRPremix-PU2017_94X_mc2017_realistic_v11-v1/AODSIM', 'ignorelocality': 0, 'dryrun': 0, 'workflow': 'crab_20190508_203532', 'cacheurl': u'https://cmsweb.cern.ch/crabcache', 'nonprodsw': 0, 'tfileoutfiles': ['tree_scout.root'], 'oneEventMode': 0, 'debugfilename': '200302ca86fca22faa1b7ef22f47eea239f7a016c3aa2fcfed9391c2e1ec1f8b.tar.gz', 'saveoutput': 1, 'publication': 0, 'jobarch': 'slc6_amd64_gcc630', 'totalunits': 0, 'splitalgo': 'EventAwareLumiBased', 'ignoreglobalblacklist': 0, 'nonvaliddata': 0, 'dbsurl': 'https://cmsweb.cern.ch/dbs/prod/global/DBSReader', 'publishgroupname': 0, 'jobtype': 'Analysis', 'publishname2': ''} 
DEBUG 2019-05-08 20:35:40,963: 	 Encoded submit request: maxjobruntime=1250&lfn=%2Fstore%2Fgroup%2Fphys_exotica%2FdarkPhoton%2Fschhibra%2FScoutingNTuples2017&savelogsflag=0&useparent=0&scriptexe=exec.sh&asyncdest=T2_CH_CERN&algoargs=10000&cachefilename=202ff77a57cd694dca7493871a5db3be4cad6fd6c3a711e91d5ea562ffe1ebed.tar.gz&numcores=1&generator=pythia&maxmemory=2000&publishdbsurl=https%3A%2F%2Fcmsweb.cern.ch%2Fdbs%2Fprod%2Fphys03%2FDBSWriter&priority=10&jobsw=CMSSW_9_4_14&primarydataset=&inputdata=%2FDarkPhotonToMuMu_M20_madgraph_pythia8_TuneCP5%2FRunIIFall17DRPremix-PU2017_94X_mc2017_realistic_v11-v1%2FAODSIM&ignorelocality=0&dryrun=0&workflow=crab_20190508_203532&cacheurl=https%3A%2F%2Fcmsweb.cern.ch%2Fcrabcache&nonprodsw=0&oneEventMode=0&debugfilename=200302ca86fca22faa1b7ef22f47eea239f7a016c3aa2fcfed9391c2e1ec1f8b.tar.gz&saveoutput=1&publication=0&jobarch=slc6_amd64_gcc630&totalunits=0&splitalgo=EventAwareLumiBased&ignoreglobalblacklist=0&nonvaliddata=0&dbsurl=https%3A%2F%2Fcmsweb.cern.ch%2Fdbs%2Fprod%2Fglobal%2FDBSReader&publishgroupname=0&jobtype=Analysis&publishname2=&tfileoutfiles=tree_scout.root
DEBUG 2019-05-08 20:35:41,163: 	 Result: {u'result': [{u'RequestName': u'190508_183541:schhibra_crab_20190508_203532'}]}
INFO 2019-05-08 20:35:41,166: 	 Success: Your task has been delivered to the CRAB3 server.
INFO 2019-05-08 20:35:41,166: 	 Task name: 190508_183541:schhibra_crab_20190508_203532
INFO 2019-05-08 20:35:41,166: 	 Project dir: ./crab_20190508_203532
INFO 2019-05-08 20:35:41,166: 	 Please use 'crab status -d ./crab_20190508_203532' to check how the submission process proceeds.
DEBUG 2019-05-08 20:35:41,166: 	 About to return
INFO 2019-05-08 20:35:41,170: 	 Log file is /afs/cern.ch/work/s/schhibra/DarkPhotonSearch_v2/CMSSW_9_4_14/src/ScoutingAnalysis/TreeMaker/crab/ZdScoutingM20_L1_12_5_L1_15_7_Official_AccXEff/crab_20190508_203532/crab.log
DEBUG 2019-05-08 21:58:51,233: 	 Executing command: 'status'
DEBUG 2019-05-08 21:58:51,233: 	 Found CRAB cache file /afs/cern.ch/user/s/schhibra/.crab3
DEBUG 2019-05-08 21:58:51,250: 	 Checking credentials
DEBUG 2019-05-08 21:58:51,251: 	 Found proxy file /tmp/x509up_u59012
DEBUG 2019-05-08 21:58:51,251: 	 Getting proxy life time left
DEBUG 2019-05-08 21:58:52,368: 	 Executing : 
 command : voms-proxy-info -file /tmp/x509up_u59012 -timeleft
 output : 601110

 error: 
 retcode : 0
DEBUG 2019-05-08 21:58:53,377: 	 Executing : 
 command : voms-proxy-info -file /tmp/x509up_u59012 -actimeleft
 output : 601109

 error: 
 retcode : 0
DEBUG 2019-05-08 21:58:53,377: 	 Proxy lifetime 601110 secs is different from voms extension lifetime 601109 secs for proxy: /tmp/x509up_u59012
DEBUG 2019-05-08 21:58:53,378: 	 Proxy valid for 166:58:29 hours
DEBUG 2019-05-08 21:58:53,506: 	 Executing : 
 command : openssl x509 -in ~/.globus/usercert.pem -subject -noout
 output : subject= /DC=ch/DC=cern/OU=Organic Units/OU=Users/CN=schhibra/CN=715612/CN=Simranjit Singh Chhibra

 error: 
 retcode : 0
DEBUG 2019-05-08 21:58:53,506: 	 Checking credentials
DEBUG 2019-05-08 21:58:53,506: 	 Found proxy file /tmp/x509up_u59012
DEBUG 2019-05-08 21:58:53,506: 	 Getting proxy life time left
DEBUG 2019-05-08 21:58:54,917: 	 Executing : 
 command : voms-proxy-info -file /tmp/x509up_u59012 -timeleft
 output : 601108

 error: 
 retcode : 0
DEBUG 2019-05-08 21:58:55,926: 	 Executing : 
 command : voms-proxy-info -file /tmp/x509up_u59012 -actimeleft
 output : 601107

 error: 
 retcode : 0
DEBUG 2019-05-08 21:58:55,926: 	 Proxy lifetime 601108 secs is different from voms extension lifetime 601107 secs for proxy: /tmp/x509up_u59012
DEBUG 2019-05-08 21:58:55,926: 	 Proxy valid for 166:58:27 hours
DEBUG 2019-05-08 21:58:56,046: 	 Registering user credentials for server /DC=ch/DC=cern/OU=computers/CN=vocms(052|058|030|0118|0105|0109).cern.ch|/DC=ch/DC=cern/OU=computers/CN=crab-(preprod|prod)-tw(02|01).cern.ch
DEBUG 2019-05-08 21:58:56,163: 	 Executing : 
 command : openssl x509 -in ~/.globus/usercert.pem -subject -noout
 output : subject= /DC=ch/DC=cern/OU=Organic Units/OU=Users/CN=schhibra/CN=715612/CN=Simranjit Singh Chhibra

 error: 
 retcode : 0
DEBUG 2019-05-08 21:58:56,163: 	 Getting myproxy life time left for myproxy.cern.ch
DEBUG 2019-05-08 21:58:56,163: 	 Calculating hash of /DC=ch/DC=cern/OU=Organic Units/OU=Users/CN=schhibra/CN=715612/CN=Simranjit Singh Chhibra_cmsweb.cern.ch for credential name
DEBUG 2019-05-08 21:58:56,370: 	 Executing : 
 command : myproxy-info -l 3841cd59f3d3480019d577f9a3ad69704f35aad0 -s myproxy.cern.ch
 output : username: 3841cd59f3d3480019d577f9a3ad69704f35aad0
owner: /DC=ch/DC=cern/OU=Organic Units/OU=Users/CN=schhibra/CN=715612/CN=Simranjit Singh Chhibra
  renewal policy: /DC=ch/DC=cern/OU=computers/CN=vocms(052|058|030|0118|0105|0109).cern.ch|/DC=ch/DC=cern/OU=computers/CN=crab-(preprod|prod)-tw(02|01).cern.ch
  trusted retrieval policy: /DC=ch/DC=cern/OU=computers/CN=vocms(052|058|030|0118|0105|0109).cern.ch|/DC=ch/DC=cern/OU=computers/CN=crab-(preprod|prod)-tw(02|01).cern.ch
  timeleft: 548:25:27  (22.9 days)

 error: 
 retcode : 0
DEBUG 2019-05-08 21:58:56,372: 	 Myproxy is valid: 1974327
DEBUG 2019-05-08 21:58:56,373: 	 Command use: status
DEBUG 2019-05-08 21:58:56,373: 	 Options use: ['ZdScoutingM20_L1_12_5_L1_15_7_Official_AccXEff/crab_20190508_203532/']
DEBUG 2019-05-08 21:58:56,510: 	 CRABClient version: 3.3.1904
DEBUG 2019-05-08 21:58:56,510: 	 Instance is prod
DEBUG 2019-05-08 21:58:56,510: 	 Server base url is cmsweb.cern.ch
DEBUG 2019-05-08 21:58:56,510: 	 Command url /crabserver/prod/workflow
DEBUG 2019-05-08 21:58:56,682: 	 Got information from server oracle database: {u'result': [u'190508_183541:schhibra_crab_20190508_203532', u'None', u'None', u'SUBMITTED', u'SUBMIT', u'2019-05-08 18:35:41.156692', u'None', u'2019-05-08 18:43:24.875399', u'None', u'CMSSW_9_4_14', u'slc6_amd64_gcc630', u'/DarkPhotonToMuMu_M20_madgraph_pythia8_TuneCP5/RunIIFall17DRPremix-PU2017_94X_mc2017_realistic_v11-v1/AODSIM', u'F', u'0', u'[]', u'[]', u'EventAwareLumiBased', u"{'splitOnRun': False, 'events_per_job': 10000, 'halt_job_on_file_boundaries': False, 'runs': [], 'lumis': []}", u'202ff77a57cd694dca7493871a5db3be4cad6fd6c3a711e91d5ea562ffe1ebed.tar.gz', u'https://cmsweb.cern.ch/crabcache', u'schhibra', u'/DC=ch/DC=cern/OU=Organic Units/OU=Users/CN=schhibra/CN=715612/CN=Simranjit Singh Chhibra', u'cms', u'None', u'None', u'crab_20190508_203532-00000000000000000000000000000000', u'F', u'T2_CH_CERN', u'https://cmsweb.cern.ch/dbs/prod/global/DBSReader', u'https://cmsweb.cern.ch/dbs/prod/phys03/DBSWriter', u'F', u'[]', u"['tree_scout.root']", u'[]', u'Analysis', u'pythia', u'None', u'{}', u'[]', u'F', u'crab-prod-tw01', u'[]', u'1250', u'1', u'2000', u'10', u'None', u'[]', u'http://vocms0144.cern.ch/mon/cms175/190508_183541:schhibra_crab_20190508_203532', u'exec.sh', u'[]', u'[]', u'https://cmsweb.cern.ch/crabserver/prod', u'cmsgwms-collector-global.cern.ch:9620,cmssrv221.fnal.gov:9620', u'crab3@vocms0144.cern.ch', u'F', u'[]', u'T', u'/store/group/phys_exotica/darkPhoton/schhibra/ScoutingNTuples2017', u'F', u'None', u'F', u'None', u'DarkPhotonToMuMu_M20_madgraph_pythia8_TuneCP5', u'None', u'200302ca86fca22faa1b7ef22f47eea239f7a016c3aa2fcfed9391c2e1ec1f8b.tar.gz', u'39057934', u'filetransfers', u'F', u'188.185.115.30', u'0.0', u'None'], u'desc': {u'columns': [u'tm_taskname', u'tm_activity', u'panda_jobset_id', u'tm_task_status', u'tm_task_command', u'tm_start_time', u'tm_start_injection', u'tm_end_injection', u'tm_task_failure', u'tm_job_sw', u'tm_job_arch', u'tm_input_dataset', u'tm_nonvalid_input_dataset', u'tm_use_parent', u'tm_site_whitelist', u'tm_site_blacklist', u'tm_split_algo', u'tm_split_args', u'tm_user_sandbox', u'tm_cache_url', u'tm_username', u'tm_user_dn', u'tm_user_vo', u'tm_user_role', u'tm_user_group', u'tm_publish_name', u'tm_publish_groupname', u'tm_asyncdest', u'tm_dbs_url', u'tm_publish_dbs_url', u'tm_publication', u'tm_outfiles', u'tm_tfile_outfiles', u'tm_edm_outfiles', u'tm_job_type', u'tm_generator', u'tm_events_per_lumi', u'tm_arguments', u'panda_resubmitted_jobs', u'tm_save_logs', u'tw_name', u'tm_user_infiles', u'tm_maxjobruntime', u'tm_numcores', u'tm_maxmemory', u'tm_priority', u'tm_output_dataset', u'tm_task_warnings', u'tm_user_webdir', u'tm_scriptexe', u'tm_scriptargs', u'tm_extrajdl', u'tm_asourl', u'tm_collector', u'tm_schedd', u'tm_dry_run', u'tm_user_files', u'tm_transfer_outputs', u'tm_output_lfn', u'tm_ignore_locality', u'tm_fail_limit', u'tm_one_event_mode', u'tm_secondary_input_dataset', u'tm_primary_dataset', u'tm_last_publication', u'tm_debug_files', u'clusterid', u'tm_asodb', u'tm_ignore_global_blacklist', u'tm_submitter_ip_addr', u'tm_totalunits', u'tm_ddm_reqid']}}
INFO 2019-05-08 21:58:56,683: 	 CRAB project directory:		/afs/cern.ch/work/s/schhibra/DarkPhotonSearch_v2/CMSSW_9_4_14/src/ScoutingAnalysis/TreeMaker/crab/ZdScoutingM20_L1_12_5_L1_15_7_Official_AccXEff/crab_20190508_203532
INFO 2019-05-08 21:58:56,684: 	 Task name:			190508_183541:schhibra_crab_20190508_203532
INFO 2019-05-08 21:58:56,684: 	 Grid scheduler - Task Worker:	crab3@vocms0144.cern.ch - crab-prod-tw01
INFO 2019-05-08 21:58:56,684: 	 Status on the CRAB server:	SUBMITTED
INFO 2019-05-08 21:58:56,684: 	 Task URL to use for HELP:	https://cmsweb.cern.ch/crabserver/ui/task/190508_183541%3Aschhibra_crab_20190508_203532
INFO 2019-05-08 21:58:56,684: 	 Dashboard monitoring URL:	http://dashb-cms-job.cern.ch/dashboard/templates/task-analysis/#user=schhibra&refresh=0&table=Jobs&p=1&records=25&activemenu=2&status=&site=&tid=190508_183541%3Aschhibra_crab_20190508_203532
INFO 2019-05-08 21:58:56,684: 	 New dashboard monitoring URL:	https://monit-grafana.cern.ch/d/cmsTMDetail/cms-task-monitoring-task-view?orgId=11&var-user=schhibra&var-task=190508_183541%3Aschhibra_crab_20190508_203532
INFO 2019-05-08 21:58:56,684: 	 In case of issues with the new dashboard, please provide feedback to hn-cms-computing-tools@cern.ch
DEBUG 2019-05-08 21:58:56,685: 	 The CRAB server submitted your task to the Grid scheduler (cluster ID: 39057934)
DEBUG 2019-05-08 21:58:56,685: 	 Webdir is located at http://vocms0144.cern.ch/mon/cms175/190508_183541:schhibra_crab_20190508_203532
DEBUG 2019-05-08 21:58:56,829: 	 Proxied webdir is located at https://cmsweb.cern.ch/scheddmon/0144/cms175/190508_183541:schhibra_crab_20190508_203532
DEBUG 2019-05-08 21:58:56,829: 	 Retrieving 'status_cache' file from https://cmsweb.cern.ch/scheddmon/0144/cms175/190508_183541:schhibra_crab_20190508_203532/status_cache
DEBUG 2019-05-08 21:58:56,906: 	 Got information from status cache file: {'1': {'Retries': 0, 'WallDurations': [0], 'StartTimes': [], 'SubmitTimes': [1557341016.0], 'JobIds': ['39057938.0'], 'EndTimes': [], 'Restarts': 0, 'RecordedSite': False, 'State': 'idle', 'ResidentSetSize': [0], 'TotalUserCpuTimeHistory': [0.0], 'SiteHistory': ['Unknown'], 'TotalSysCpuTimeHistory': [0.0]}, '3': {'Retries': 0, 'WallDurations': [0], 'StartTimes': [], 'SubmitTimes': [1557341015.0], 'JobIds': ['39057937.0'], 'EndTimes': [], 'Restarts': 0, 'RecordedSite': False, 'State': 'idle', 'ResidentSetSize': [0], 'TotalUserCpuTimeHistory': [0.0], 'SiteHistory': ['Unknown'], 'TotalSysCpuTimeHistory': [0.0]}, '2': {'Retries': 0, 'WallDurations': [0], 'StartTimes': [], 'SubmitTimes': [1557341016.0], 'JobIds': ['39057939.0'], 'EndTimes': [], 'Restarts': 0, 'RecordedSite': False, 'State': 'idle', 'ResidentSetSize': [0], 'TotalUserCpuTimeHistory': [0.0], 'SiteHistory': ['Unknown'], 'TotalSysCpuTimeHistory': [0.0]}, '5': {'Retries': 0, 'WallDurations': [0], 'StartTimes': [], 'SubmitTimes': [1557341016.0], 'JobIds': ['39057940.0'], 'EndTimes': [], 'Restarts': 0, 'RecordedSite': False, 'State': 'idle', 'ResidentSetSize': [0], 'TotalUserCpuTimeHistory': [0.0], 'SiteHistory': ['Unknown'], 'TotalSysCpuTimeHistory': [0.0]}, '4': {'Retries': 0, 'WallDurations': [0], 'StartTimes': [], 'SubmitTimes': [1557341015.0], 'JobIds': ['39057936.0'], 'EndTimes': [], 'Restarts': 0, 'RecordedSite': False, 'State': 'idle', 'ResidentSetSize': [0], 'TotalUserCpuTimeHistory': [0.0], 'SiteHistory': ['Unknown'], 'TotalSysCpuTimeHistory': [0.0]}}
INFO 2019-05-08 21:58:56,907: 	 Status on the scheduler:	SUBMITTED
INFO 2019-05-08 21:58:56,907: 	 
Jobs status:                    idle         		100.0% (5/5)
INFO 2019-05-08 21:58:56,907: 	 
No publication information (publication has been disabled in the CRAB configuration file)
INFO 2019-05-08 21:58:56,928: 	 Log file is /afs/cern.ch/work/s/schhibra/DarkPhotonSearch_v2/CMSSW_9_4_14/src/ScoutingAnalysis/TreeMaker/crab/ZdScoutingM20_L1_12_5_L1_15_7_Official_AccXEff/crab_20190508_203532/crab.log
DEBUG 2019-05-08 23:01:13,668: 	 Executing command: 'status'
DEBUG 2019-05-08 23:01:13,668: 	 Found CRAB cache file /afs/cern.ch/user/s/schhibra/.crab3
DEBUG 2019-05-08 23:01:13,685: 	 Checking credentials
DEBUG 2019-05-08 23:01:13,687: 	 Found proxy file /tmp/x509up_u59012
DEBUG 2019-05-08 23:01:13,687: 	 Getting proxy life time left
DEBUG 2019-05-08 23:01:14,902: 	 Executing : 
 command : voms-proxy-info -file /tmp/x509up_u59012 -timeleft
 output : 597368

 error: 
 retcode : 0
DEBUG 2019-05-08 23:01:16,315: 	 Executing : 
 command : voms-proxy-info -file /tmp/x509up_u59012 -actimeleft
 output : 597366

 error: 
 retcode : 0
DEBUG 2019-05-08 23:01:16,315: 	 Proxy lifetime 597368 secs is different from voms extension lifetime 597366 secs for proxy: /tmp/x509up_u59012
DEBUG 2019-05-08 23:01:16,316: 	 Proxy valid for 165:56:06 hours
DEBUG 2019-05-08 23:01:16,438: 	 Executing : 
 command : openssl x509 -in ~/.globus/usercert.pem -subject -noout
 output : subject= /DC=ch/DC=cern/OU=Organic Units/OU=Users/CN=schhibra/CN=715612/CN=Simranjit Singh Chhibra

 error: 
 retcode : 0
DEBUG 2019-05-08 23:01:16,439: 	 Checking credentials
DEBUG 2019-05-08 23:01:16,439: 	 Found proxy file /tmp/x509up_u59012
DEBUG 2019-05-08 23:01:16,439: 	 Getting proxy life time left
DEBUG 2019-05-08 23:01:17,450: 	 Executing : 
 command : voms-proxy-info -file /tmp/x509up_u59012 -timeleft
 output : 597365

 error: 
 retcode : 0
DEBUG 2019-05-08 23:01:18,668: 	 Executing : 
 command : voms-proxy-info -file /tmp/x509up_u59012 -actimeleft
 output : 597364

 error: 
 retcode : 0
DEBUG 2019-05-08 23:01:18,669: 	 Proxy lifetime 597365 secs is different from voms extension lifetime 597364 secs for proxy: /tmp/x509up_u59012
DEBUG 2019-05-08 23:01:18,669: 	 Proxy valid for 165:56:04 hours
DEBUG 2019-05-08 23:01:18,840: 	 Registering user credentials for server /DC=ch/DC=cern/OU=computers/CN=vocms(052|058|030|0118|0105|0109).cern.ch|/DC=ch/DC=cern/OU=computers/CN=crab-(preprod|prod)-tw(02|01).cern.ch
DEBUG 2019-05-08 23:01:18,971: 	 Executing : 
 command : openssl x509 -in ~/.globus/usercert.pem -subject -noout
 output : subject= /DC=ch/DC=cern/OU=Organic Units/OU=Users/CN=schhibra/CN=715612/CN=Simranjit Singh Chhibra

 error: 
 retcode : 0
DEBUG 2019-05-08 23:01:18,971: 	 Getting myproxy life time left for myproxy.cern.ch
DEBUG 2019-05-08 23:01:18,972: 	 Calculating hash of /DC=ch/DC=cern/OU=Organic Units/OU=Users/CN=schhibra/CN=715612/CN=Simranjit Singh Chhibra_cmsweb.cern.ch for credential name
DEBUG 2019-05-08 23:01:19,180: 	 Executing : 
 command : myproxy-info -l 3841cd59f3d3480019d577f9a3ad69704f35aad0 -s myproxy.cern.ch
 output : username: 3841cd59f3d3480019d577f9a3ad69704f35aad0
owner: /DC=ch/DC=cern/OU=Organic Units/OU=Users/CN=schhibra/CN=715612/CN=Simranjit Singh Chhibra
  renewal policy: /DC=ch/DC=cern/OU=computers/CN=vocms(052|058|030|0118|0105|0109).cern.ch|/DC=ch/DC=cern/OU=computers/CN=crab-(preprod|prod)-tw(02|01).cern.ch
  trusted retrieval policy: /DC=ch/DC=cern/OU=computers/CN=vocms(052|058|030|0118|0105|0109).cern.ch|/DC=ch/DC=cern/OU=computers/CN=crab-(preprod|prod)-tw(02|01).cern.ch
  timeleft: 547:23:04  (22.8 days)

 error: 
 retcode : 0
DEBUG 2019-05-08 23:01:19,182: 	 Myproxy is valid: 1970584
DEBUG 2019-05-08 23:01:19,183: 	 Command use: status
DEBUG 2019-05-08 23:01:19,183: 	 Options use: ['crab_20190508_203532/']
DEBUG 2019-05-08 23:01:19,302: 	 CRABClient version: 3.3.1904
DEBUG 2019-05-08 23:01:19,302: 	 Instance is prod
DEBUG 2019-05-08 23:01:19,302: 	 Server base url is cmsweb.cern.ch
DEBUG 2019-05-08 23:01:19,302: 	 Command url /crabserver/prod/workflow
DEBUG 2019-05-08 23:01:19,412: 	 Got information from server oracle database: {u'result': [u'190508_183541:schhibra_crab_20190508_203532', u'None', u'None', u'SUBMITTED', u'SUBMIT', u'2019-05-08 18:35:41.156692', u'None', u'2019-05-08 18:43:24.875399', u'None', u'CMSSW_9_4_14', u'slc6_amd64_gcc630', u'/DarkPhotonToMuMu_M20_madgraph_pythia8_TuneCP5/RunIIFall17DRPremix-PU2017_94X_mc2017_realistic_v11-v1/AODSIM', u'F', u'0', u'[]', u'[]', u'EventAwareLumiBased', u"{'splitOnRun': False, 'events_per_job': 10000, 'halt_job_on_file_boundaries': False, 'runs': [], 'lumis': []}", u'202ff77a57cd694dca7493871a5db3be4cad6fd6c3a711e91d5ea562ffe1ebed.tar.gz', u'https://cmsweb.cern.ch/crabcache', u'schhibra', u'/DC=ch/DC=cern/OU=Organic Units/OU=Users/CN=schhibra/CN=715612/CN=Simranjit Singh Chhibra', u'cms', u'None', u'None', u'crab_20190508_203532-00000000000000000000000000000000', u'F', u'T2_CH_CERN', u'https://cmsweb.cern.ch/dbs/prod/global/DBSReader', u'https://cmsweb.cern.ch/dbs/prod/phys03/DBSWriter', u'F', u'[]', u"['tree_scout.root']", u'[]', u'Analysis', u'pythia', u'None', u'{}', u'[]', u'F', u'crab-prod-tw01', u'[]', u'1250', u'1', u'2000', u'10', u'None', u'[]', u'http://vocms0144.cern.ch/mon/cms175/190508_183541:schhibra_crab_20190508_203532', u'exec.sh', u'[]', u'[]', u'https://cmsweb.cern.ch/crabserver/prod', u'cmsgwms-collector-global.cern.ch:9620,cmssrv221.fnal.gov:9620', u'crab3@vocms0144.cern.ch', u'F', u'[]', u'T', u'/store/group/phys_exotica/darkPhoton/schhibra/ScoutingNTuples2017', u'F', u'None', u'F', u'None', u'DarkPhotonToMuMu_M20_madgraph_pythia8_TuneCP5', u'None', u'200302ca86fca22faa1b7ef22f47eea239f7a016c3aa2fcfed9391c2e1ec1f8b.tar.gz', u'39057934', u'filetransfers', u'F', u'188.185.115.30', u'0.0', u'None'], u'desc': {u'columns': [u'tm_taskname', u'tm_activity', u'panda_jobset_id', u'tm_task_status', u'tm_task_command', u'tm_start_time', u'tm_start_injection', u'tm_end_injection', u'tm_task_failure', u'tm_job_sw', u'tm_job_arch', u'tm_input_dataset', u'tm_nonvalid_input_dataset', u'tm_use_parent', u'tm_site_whitelist', u'tm_site_blacklist', u'tm_split_algo', u'tm_split_args', u'tm_user_sandbox', u'tm_cache_url', u'tm_username', u'tm_user_dn', u'tm_user_vo', u'tm_user_role', u'tm_user_group', u'tm_publish_name', u'tm_publish_groupname', u'tm_asyncdest', u'tm_dbs_url', u'tm_publish_dbs_url', u'tm_publication', u'tm_outfiles', u'tm_tfile_outfiles', u'tm_edm_outfiles', u'tm_job_type', u'tm_generator', u'tm_events_per_lumi', u'tm_arguments', u'panda_resubmitted_jobs', u'tm_save_logs', u'tw_name', u'tm_user_infiles', u'tm_maxjobruntime', u'tm_numcores', u'tm_maxmemory', u'tm_priority', u'tm_output_dataset', u'tm_task_warnings', u'tm_user_webdir', u'tm_scriptexe', u'tm_scriptargs', u'tm_extrajdl', u'tm_asourl', u'tm_collector', u'tm_schedd', u'tm_dry_run', u'tm_user_files', u'tm_transfer_outputs', u'tm_output_lfn', u'tm_ignore_locality', u'tm_fail_limit', u'tm_one_event_mode', u'tm_secondary_input_dataset', u'tm_primary_dataset', u'tm_last_publication', u'tm_debug_files', u'clusterid', u'tm_asodb', u'tm_ignore_global_blacklist', u'tm_submitter_ip_addr', u'tm_totalunits', u'tm_ddm_reqid']}}
INFO 2019-05-08 23:01:19,412: 	 CRAB project directory:		/afs/cern.ch/work/s/schhibra/DarkPhotonSearch_v2/CMSSW_9_4_14/src/ScoutingAnalysis/TreeMaker/crab/ZdScoutingM20_L1_12_5_L1_15_7_Official_AccXEff/crab_20190508_203532
INFO 2019-05-08 23:01:19,413: 	 Task name:			190508_183541:schhibra_crab_20190508_203532
INFO 2019-05-08 23:01:19,413: 	 Grid scheduler - Task Worker:	crab3@vocms0144.cern.ch - crab-prod-tw01
INFO 2019-05-08 23:01:19,413: 	 Status on the CRAB server:	SUBMITTED
INFO 2019-05-08 23:01:19,413: 	 Task URL to use for HELP:	https://cmsweb.cern.ch/crabserver/ui/task/190508_183541%3Aschhibra_crab_20190508_203532
INFO 2019-05-08 23:01:19,413: 	 Dashboard monitoring URL:	http://dashb-cms-job.cern.ch/dashboard/templates/task-analysis/#user=schhibra&refresh=0&table=Jobs&p=1&records=25&activemenu=2&status=&site=&tid=190508_183541%3Aschhibra_crab_20190508_203532
INFO 2019-05-08 23:01:19,413: 	 New dashboard monitoring URL:	https://monit-grafana.cern.ch/d/cmsTMDetail/cms-task-monitoring-task-view?orgId=11&var-user=schhibra&var-task=190508_183541%3Aschhibra_crab_20190508_203532
INFO 2019-05-08 23:01:19,413: 	 In case of issues with the new dashboard, please provide feedback to hn-cms-computing-tools@cern.ch
DEBUG 2019-05-08 23:01:19,414: 	 The CRAB server submitted your task to the Grid scheduler (cluster ID: 39057934)
DEBUG 2019-05-08 23:01:19,414: 	 Webdir is located at http://vocms0144.cern.ch/mon/cms175/190508_183541:schhibra_crab_20190508_203532
DEBUG 2019-05-08 23:01:19,565: 	 Proxied webdir is located at https://cmsweb.cern.ch/scheddmon/0144/cms175/190508_183541:schhibra_crab_20190508_203532
DEBUG 2019-05-08 23:01:19,566: 	 Retrieving 'status_cache' file from https://cmsweb.cern.ch/scheddmon/0144/cms175/190508_183541:schhibra_crab_20190508_203532/status_cache
DEBUG 2019-05-08 23:01:19,829: 	 Got information from status cache file: {'1': {'Retries': 0, 'WallDurations': [0], 'StartTimes': [], 'SubmitTimes': [1557341016.0], 'JobIds': ['39057938.0'], 'EndTimes': [], 'Restarts': 0, 'RecordedSite': False, 'State': 'idle', 'ResidentSetSize': [0], 'TotalUserCpuTimeHistory': [0.0], 'SiteHistory': ['Unknown'], 'TotalSysCpuTimeHistory': [0.0]}, '3': {'Retries': 0, 'WallDurations': [0], 'StartTimes': [], 'SubmitTimes': [1557341015.0], 'JobIds': ['39057937.0'], 'EndTimes': [], 'Restarts': 0, 'RecordedSite': False, 'State': 'idle', 'ResidentSetSize': [0], 'TotalUserCpuTimeHistory': [0.0], 'SiteHistory': ['Unknown'], 'TotalSysCpuTimeHistory': [0.0]}, '2': {'Retries': 0, 'WallDurations': [0], 'StartTimes': [], 'SubmitTimes': [1557341016.0], 'JobIds': ['39057939.0'], 'EndTimes': [], 'Restarts': 0, 'RecordedSite': False, 'State': 'idle', 'ResidentSetSize': [0], 'TotalUserCpuTimeHistory': [0.0], 'SiteHistory': ['Unknown'], 'TotalSysCpuTimeHistory': [0.0]}, '5': {'Retries': 0, 'WallDurations': [0], 'StartTimes': [], 'SubmitTimes': [1557341016.0], 'JobIds': ['39057940.0'], 'EndTimes': [], 'Restarts': 0, 'RecordedSite': False, 'State': 'idle', 'ResidentSetSize': [0], 'TotalUserCpuTimeHistory': [0.0], 'SiteHistory': ['Unknown'], 'TotalSysCpuTimeHistory': [0.0]}, '4': {'Retries': 0, 'WallDurations': [0], 'StartTimes': [], 'SubmitTimes': [1557341015.0], 'JobIds': ['39057936.0'], 'EndTimes': [], 'Restarts': 0, 'RecordedSite': False, 'State': 'idle', 'ResidentSetSize': [0], 'TotalUserCpuTimeHistory': [0.0], 'SiteHistory': ['Unknown'], 'TotalSysCpuTimeHistory': [0.0]}}
INFO 2019-05-08 23:01:19,829: 	 Status on the scheduler:	SUBMITTED
INFO 2019-05-08 23:01:19,830: 	 
Jobs status:                    idle         		100.0% (5/5)
INFO 2019-05-08 23:01:19,830: 	 
No publication information (publication has been disabled in the CRAB configuration file)
INFO 2019-05-08 23:01:19,871: 	 Log file is /afs/cern.ch/work/s/schhibra/DarkPhotonSearch_v2/CMSSW_9_4_14/src/ScoutingAnalysis/TreeMaker/crab/ZdScoutingM20_L1_12_5_L1_15_7_Official_AccXEff/crab_20190508_203532/crab.log
DEBUG 2019-05-09 13:49:17,464: 	 Executing command: 'status'
DEBUG 2019-05-09 13:49:17,466: 	 Found CRAB cache file /afs/cern.ch/user/s/schhibra/.crab3
DEBUG 2019-05-09 13:49:17,489: 	 Checking credentials
DEBUG 2019-05-09 13:49:17,489: 	 Found proxy file /tmp/x509up_u59012
DEBUG 2019-05-09 13:49:17,489: 	 Getting proxy life time left
DEBUG 2019-05-09 13:49:18,498: 	 Executing : 
 command : voms-proxy-info -file /tmp/x509up_u59012 -timeleft
 output : 85112

 error: 
 retcode : 0
DEBUG 2019-05-09 13:49:19,408: 	 Executing : 
 command : voms-proxy-info -file /tmp/x509up_u59012 -actimeleft
 output : 85110

 error: 
 retcode : 0
DEBUG 2019-05-09 13:49:19,408: 	 Proxy lifetime 85112 secs is different from voms extension lifetime 85110 secs for proxy: /tmp/x509up_u59012
DEBUG 2019-05-09 13:49:19,408: 	 Proxy valid for 23:38:30 hours
DEBUG 2019-05-09 13:49:19,602: 	 Executing : 
 command : openssl x509 -in ~/.globus/usercert.pem -subject -noout
 output : subject= /DC=ch/DC=cern/OU=Organic Units/OU=Users/CN=schhibra/CN=715612/CN=Simranjit Singh Chhibra

 error: 
 retcode : 0
DEBUG 2019-05-09 13:49:19,603: 	 Checking credentials
DEBUG 2019-05-09 13:49:19,603: 	 Found proxy file /tmp/x509up_u59012
DEBUG 2019-05-09 13:49:19,603: 	 Getting proxy life time left
DEBUG 2019-05-09 13:49:20,614: 	 Executing : 
 command : voms-proxy-info -file /tmp/x509up_u59012 -timeleft
 output : 85110

 error: 
 retcode : 0
DEBUG 2019-05-09 13:49:21,521: 	 Executing : 
 command : voms-proxy-info -file /tmp/x509up_u59012 -actimeleft
 output : 85108

 error: 
 retcode : 0
DEBUG 2019-05-09 13:49:21,522: 	 Proxy lifetime 85110 secs is different from voms extension lifetime 85108 secs for proxy: /tmp/x509up_u59012
DEBUG 2019-05-09 13:49:21,522: 	 Proxy valid for 23:38:28 hours
DEBUG 2019-05-09 13:49:21,690: 	 Registering user credentials for server /DC=ch/DC=cern/OU=computers/CN=vocms(052|058|030|0118|0105|0109).cern.ch|/DC=ch/DC=cern/OU=computers/CN=crab-(preprod|prod)-tw(02|01).cern.ch
DEBUG 2019-05-09 13:49:21,807: 	 Executing : 
 command : openssl x509 -in ~/.globus/usercert.pem -subject -noout
 output : subject= /DC=ch/DC=cern/OU=Organic Units/OU=Users/CN=schhibra/CN=715612/CN=Simranjit Singh Chhibra

 error: 
 retcode : 0
DEBUG 2019-05-09 13:49:21,807: 	 Getting myproxy life time left for myproxy.cern.ch
DEBUG 2019-05-09 13:49:21,807: 	 Calculating hash of /DC=ch/DC=cern/OU=Organic Units/OU=Users/CN=schhibra/CN=715612/CN=Simranjit Singh Chhibra_cmsweb.cern.ch for credential name
DEBUG 2019-05-09 13:49:22,014: 	 Executing : 
 command : myproxy-info -l 3841cd59f3d3480019d577f9a3ad69704f35aad0 -s myproxy.cern.ch
 output : username: 3841cd59f3d3480019d577f9a3ad69704f35aad0
owner: /DC=ch/DC=cern/OU=Organic Units/OU=Users/CN=schhibra/CN=715612/CN=Simranjit Singh Chhibra
  renewal policy: /DC=ch/DC=cern/OU=computers/CN=vocms(052|058|030|0118|0105|0109).cern.ch|/DC=ch/DC=cern/OU=computers/CN=crab-(preprod|prod)-tw(02|01).cern.ch
  trusted retrieval policy: /DC=ch/DC=cern/OU=computers/CN=vocms(052|058|030|0118|0105|0109).cern.ch|/DC=ch/DC=cern/OU=computers/CN=crab-(preprod|prod)-tw(02|01).cern.ch
  timeleft: 532:35:02  (22.2 days)

 error: 
 retcode : 0
DEBUG 2019-05-09 13:49:22,016: 	 Myproxy is valid: 1917302
DEBUG 2019-05-09 13:49:22,017: 	 Command use: status
DEBUG 2019-05-09 13:49:22,017: 	 Options use: ['ZdScoutingM20_L1_12_5_L1_15_7_Official_AccXEff/crab_20190508_203532/']
DEBUG 2019-05-09 13:49:22,154: 	 CRABClient version: 3.3.1904
DEBUG 2019-05-09 13:49:22,154: 	 Instance is prod
DEBUG 2019-05-09 13:49:22,154: 	 Server base url is cmsweb.cern.ch
DEBUG 2019-05-09 13:49:22,154: 	 Command url /crabserver/prod/workflow
DEBUG 2019-05-09 13:49:22,290: 	 Got information from server oracle database: {u'result': [u'190508_183541:schhibra_crab_20190508_203532', u'None', u'None', u'SUBMITTED', u'SUBMIT', u'2019-05-08 18:35:41.156692', u'None', u'2019-05-08 18:43:24.875399', u'None', u'CMSSW_9_4_14', u'slc6_amd64_gcc630', u'/DarkPhotonToMuMu_M20_madgraph_pythia8_TuneCP5/RunIIFall17DRPremix-PU2017_94X_mc2017_realistic_v11-v1/AODSIM', u'F', u'0', u'[]', u'[]', u'EventAwareLumiBased', u"{'splitOnRun': False, 'events_per_job': 10000, 'halt_job_on_file_boundaries': False, 'runs': [], 'lumis': []}", u'202ff77a57cd694dca7493871a5db3be4cad6fd6c3a711e91d5ea562ffe1ebed.tar.gz', u'https://cmsweb.cern.ch/crabcache', u'schhibra', u'/DC=ch/DC=cern/OU=Organic Units/OU=Users/CN=schhibra/CN=715612/CN=Simranjit Singh Chhibra', u'cms', u'None', u'None', u'crab_20190508_203532-00000000000000000000000000000000', u'F', u'T2_CH_CERN', u'https://cmsweb.cern.ch/dbs/prod/global/DBSReader', u'https://cmsweb.cern.ch/dbs/prod/phys03/DBSWriter', u'F', u'[]', u"['tree_scout.root']", u'[]', u'Analysis', u'pythia', u'None', u'{}', u'[]', u'F', u'crab-prod-tw01', u'[]', u'1250', u'1', u'2000', u'10', u'None', u'[]', u'http://vocms0144.cern.ch/mon/cms175/190508_183541:schhibra_crab_20190508_203532', u'exec.sh', u'[]', u'[]', u'https://cmsweb.cern.ch/crabserver/prod', u'cmsgwms-collector-global.cern.ch:9620,cmssrv221.fnal.gov:9620', u'crab3@vocms0144.cern.ch', u'F', u'[]', u'T', u'/store/group/phys_exotica/darkPhoton/schhibra/ScoutingNTuples2017', u'F', u'None', u'F', u'None', u'DarkPhotonToMuMu_M20_madgraph_pythia8_TuneCP5', u'None', u'200302ca86fca22faa1b7ef22f47eea239f7a016c3aa2fcfed9391c2e1ec1f8b.tar.gz', u'39057934', u'filetransfers', u'F', u'188.185.115.30', u'0.0', u'None'], u'desc': {u'columns': [u'tm_taskname', u'tm_activity', u'panda_jobset_id', u'tm_task_status', u'tm_task_command', u'tm_start_time', u'tm_start_injection', u'tm_end_injection', u'tm_task_failure', u'tm_job_sw', u'tm_job_arch', u'tm_input_dataset', u'tm_nonvalid_input_dataset', u'tm_use_parent', u'tm_site_whitelist', u'tm_site_blacklist', u'tm_split_algo', u'tm_split_args', u'tm_user_sandbox', u'tm_cache_url', u'tm_username', u'tm_user_dn', u'tm_user_vo', u'tm_user_role', u'tm_user_group', u'tm_publish_name', u'tm_publish_groupname', u'tm_asyncdest', u'tm_dbs_url', u'tm_publish_dbs_url', u'tm_publication', u'tm_outfiles', u'tm_tfile_outfiles', u'tm_edm_outfiles', u'tm_job_type', u'tm_generator', u'tm_events_per_lumi', u'tm_arguments', u'panda_resubmitted_jobs', u'tm_save_logs', u'tw_name', u'tm_user_infiles', u'tm_maxjobruntime', u'tm_numcores', u'tm_maxmemory', u'tm_priority', u'tm_output_dataset', u'tm_task_warnings', u'tm_user_webdir', u'tm_scriptexe', u'tm_scriptargs', u'tm_extrajdl', u'tm_asourl', u'tm_collector', u'tm_schedd', u'tm_dry_run', u'tm_user_files', u'tm_transfer_outputs', u'tm_output_lfn', u'tm_ignore_locality', u'tm_fail_limit', u'tm_one_event_mode', u'tm_secondary_input_dataset', u'tm_primary_dataset', u'tm_last_publication', u'tm_debug_files', u'clusterid', u'tm_asodb', u'tm_ignore_global_blacklist', u'tm_submitter_ip_addr', u'tm_totalunits', u'tm_ddm_reqid']}}
INFO 2019-05-09 13:49:22,291: 	 CRAB project directory:		/afs/cern.ch/work/s/schhibra/DarkPhotonSearch_v2/CMSSW_9_4_14/src/ScoutingAnalysis/TreeMaker/crab/ZdScoutingM20_L1_12_5_L1_15_7_Official_AccXEff/crab_20190508_203532
INFO 2019-05-09 13:49:22,292: 	 Task name:			190508_183541:schhibra_crab_20190508_203532
INFO 2019-05-09 13:49:22,292: 	 Grid scheduler - Task Worker:	crab3@vocms0144.cern.ch - crab-prod-tw01
INFO 2019-05-09 13:49:22,292: 	 Status on the CRAB server:	SUBMITTED
INFO 2019-05-09 13:49:22,292: 	 Task URL to use for HELP:	https://cmsweb.cern.ch/crabserver/ui/task/190508_183541%3Aschhibra_crab_20190508_203532
INFO 2019-05-09 13:49:22,292: 	 Dashboard monitoring URL:	http://dashb-cms-job.cern.ch/dashboard/templates/task-analysis/#user=schhibra&refresh=0&table=Jobs&p=1&records=25&activemenu=2&status=&site=&tid=190508_183541%3Aschhibra_crab_20190508_203532
INFO 2019-05-09 13:49:22,293: 	 New dashboard monitoring URL:	https://monit-grafana.cern.ch/d/cmsTMDetail/cms-task-monitoring-task-view?orgId=11&var-user=schhibra&var-task=190508_183541%3Aschhibra_crab_20190508_203532
INFO 2019-05-09 13:49:22,293: 	 In case of issues with the new dashboard, please provide feedback to hn-cms-computing-tools@cern.ch
DEBUG 2019-05-09 13:49:22,293: 	 The CRAB server submitted your task to the Grid scheduler (cluster ID: 39057934)
DEBUG 2019-05-09 13:49:22,293: 	 Webdir is located at http://vocms0144.cern.ch/mon/cms175/190508_183541:schhibra_crab_20190508_203532
DEBUG 2019-05-09 13:49:22,428: 	 Proxied webdir is located at https://cmsweb.cern.ch/scheddmon/0144/cms175/190508_183541:schhibra_crab_20190508_203532
DEBUG 2019-05-09 13:49:22,428: 	 Retrieving 'status_cache' file from https://cmsweb.cern.ch/scheddmon/0144/cms175/190508_183541:schhibra_crab_20190508_203532/status_cache
DEBUG 2019-05-09 13:49:22,593: 	 Got information from status cache file: {'1': {'Retries': 0, 'WallDurations': [0], 'StartTimes': [], 'SubmitTimes': [1557341016.0], 'JobIds': ['39057938.0'], 'EndTimes': [], 'Restarts': 0, 'RecordedSite': False, 'State': 'idle', 'ResidentSetSize': [0], 'TotalUserCpuTimeHistory': [0.0], 'SiteHistory': ['Unknown'], 'TotalSysCpuTimeHistory': [0.0]}, '3': {'Retries': 0, 'WallDurations': [0], 'StartTimes': [], 'SubmitTimes': [1557341015.0], 'JobIds': ['39057937.0'], 'EndTimes': [], 'Restarts': 0, 'RecordedSite': False, 'State': 'idle', 'ResidentSetSize': [0], 'TotalUserCpuTimeHistory': [0.0], 'SiteHistory': ['Unknown'], 'TotalSysCpuTimeHistory': [0.0]}, '2': {'Retries': 0, 'WallDurations': [0], 'StartTimes': [], 'SubmitTimes': [1557341016.0], 'JobIds': ['39057939.0'], 'EndTimes': [], 'Restarts': 0, 'RecordedSite': False, 'State': 'idle', 'ResidentSetSize': [0], 'TotalUserCpuTimeHistory': [0.0], 'SiteHistory': ['Unknown'], 'TotalSysCpuTimeHistory': [0.0]}, '5': {'Retries': 0, 'WallDurations': [0], 'StartTimes': [], 'SubmitTimes': [1557341016.0], 'JobIds': ['39057940.0'], 'EndTimes': [], 'Restarts': 0, 'RecordedSite': False, 'State': 'idle', 'ResidentSetSize': [0], 'TotalUserCpuTimeHistory': [0.0], 'SiteHistory': ['Unknown'], 'TotalSysCpuTimeHistory': [0.0]}, '4': {'Retries': 0, 'WallDurations': [0], 'StartTimes': [], 'SubmitTimes': [1557341015.0], 'JobIds': ['39057936.0'], 'EndTimes': [], 'Restarts': 0, 'RecordedSite': False, 'State': 'idle', 'ResidentSetSize': [0], 'TotalUserCpuTimeHistory': [0.0], 'SiteHistory': ['Unknown'], 'TotalSysCpuTimeHistory': [0.0]}}
INFO 2019-05-09 13:49:22,593: 	 Status on the scheduler:	SUBMITTED
INFO 2019-05-09 13:49:22,593: 	 
Jobs status:                    idle         		100.0% (5/5)
INFO 2019-05-09 13:49:22,593: 	 
No publication information (publication has been disabled in the CRAB configuration file)
INFO 2019-05-09 13:49:22,647: 	 Log file is /afs/cern.ch/work/s/schhibra/DarkPhotonSearch_v2/CMSSW_9_4_14/src/ScoutingAnalysis/TreeMaker/crab/ZdScoutingM20_L1_12_5_L1_15_7_Official_AccXEff/crab_20190508_203532/crab.log
DEBUG 2019-05-12 18:58:02,896: 	 Executing command: 'status'
DEBUG 2019-05-12 18:58:02,897: 	 Found CRAB cache file /afs/cern.ch/user/s/schhibra/.crab3
DEBUG 2019-05-12 18:58:02,949: 	 Checking credentials
DEBUG 2019-05-12 18:58:02,950: 	 Found proxy file /tmp/x509up_u59012
DEBUG 2019-05-12 18:58:02,950: 	 Getting proxy life time left
DEBUG 2019-05-12 18:58:03,857: 	 Executing : 
 command : voms-proxy-info -file /tmp/x509up_u59012 -timeleft
 output : 85824

 error: 
 retcode : 0
DEBUG 2019-05-12 18:58:04,664: 	 Executing : 
 command : voms-proxy-info -file /tmp/x509up_u59012 -actimeleft
 output : 85822

 error: 
 retcode : 0
DEBUG 2019-05-12 18:58:04,664: 	 Proxy lifetime 85824 secs is different from voms extension lifetime 85822 secs for proxy: /tmp/x509up_u59012
DEBUG 2019-05-12 18:58:04,664: 	 Proxy valid for 23:50:22 hours
DEBUG 2019-05-12 18:58:04,785: 	 Executing : 
 command : openssl x509 -in ~/.globus/usercert.pem -subject -noout
 output : subject= /DC=ch/DC=cern/OU=Organic Units/OU=Users/CN=schhibra/CN=715612/CN=Simranjit Singh Chhibra

 error: 
 retcode : 0
DEBUG 2019-05-12 18:58:04,786: 	 Checking credentials
DEBUG 2019-05-12 18:58:04,786: 	 Found proxy file /tmp/x509up_u59012
DEBUG 2019-05-12 18:58:04,786: 	 Getting proxy life time left
DEBUG 2019-05-12 18:58:05,694: 	 Executing : 
 command : voms-proxy-info -file /tmp/x509up_u59012 -timeleft
 output : 85822

 error: 
 retcode : 0
DEBUG 2019-05-12 18:58:06,505: 	 Executing : 
 command : voms-proxy-info -file /tmp/x509up_u59012 -actimeleft
 output : 85820

 error: 
 retcode : 0
DEBUG 2019-05-12 18:58:06,506: 	 Proxy lifetime 85822 secs is different from voms extension lifetime 85820 secs for proxy: /tmp/x509up_u59012
DEBUG 2019-05-12 18:58:06,506: 	 Proxy valid for 23:50:20 hours
DEBUG 2019-05-12 18:58:06,645: 	 Registering user credentials for server /DC=ch/DC=cern/OU=computers/CN=vocms(052|058|030|0118|0105|0109).cern.ch|/DC=ch/DC=cern/OU=computers/CN=crab-(preprod|prod)-tw(02|01).cern.ch
DEBUG 2019-05-12 18:58:06,759: 	 Executing : 
 command : openssl x509 -in ~/.globus/usercert.pem -subject -noout
 output : subject= /DC=ch/DC=cern/OU=Organic Units/OU=Users/CN=schhibra/CN=715612/CN=Simranjit Singh Chhibra

 error: 
 retcode : 0
DEBUG 2019-05-12 18:58:06,760: 	 Getting myproxy life time left for myproxy.cern.ch
DEBUG 2019-05-12 18:58:06,760: 	 Calculating hash of /DC=ch/DC=cern/OU=Organic Units/OU=Users/CN=schhibra/CN=715612/CN=Simranjit Singh Chhibra_cmsweb.cern.ch for credential name
DEBUG 2019-05-12 18:58:07,167: 	 Executing : 
 command : myproxy-info -l 3841cd59f3d3480019d577f9a3ad69704f35aad0 -s myproxy.cern.ch
 output : username: 3841cd59f3d3480019d577f9a3ad69704f35aad0
owner: /DC=ch/DC=cern/OU=Organic Units/OU=Users/CN=schhibra/CN=715612/CN=Simranjit Singh Chhibra
  renewal policy: /DC=ch/DC=cern/OU=computers/CN=vocms(052|058|030|0118|0105|0109).cern.ch|/DC=ch/DC=cern/OU=computers/CN=crab-(preprod|prod)-tw(02|01).cern.ch
  trusted retrieval policy: /DC=ch/DC=cern/OU=computers/CN=vocms(052|058|030|0118|0105|0109).cern.ch|/DC=ch/DC=cern/OU=computers/CN=crab-(preprod|prod)-tw(02|01).cern.ch
  timeleft: 455:26:16  (19.0 days)

 error: 
 retcode : 0
DEBUG 2019-05-12 18:58:07,168: 	 Myproxy is valid: 1639576
DEBUG 2019-05-12 18:58:07,169: 	 Command use: status
DEBUG 2019-05-12 18:58:07,169: 	 Options use: ['ZdScoutingM20_L1_12_5_L1_15_7_Official_AccXEff/crab_20190508_203532/']
DEBUG 2019-05-12 18:58:07,312: 	 CRABClient version: 3.3.1904
DEBUG 2019-05-12 18:58:07,312: 	 Instance is prod
DEBUG 2019-05-12 18:58:07,312: 	 Server base url is cmsweb.cern.ch
DEBUG 2019-05-12 18:58:07,312: 	 Command url /crabserver/prod/workflow
DEBUG 2019-05-12 18:58:07,414: 	 Got information from server oracle database: {u'result': [u'190508_183541:schhibra_crab_20190508_203532', u'None', u'None', u'SUBMITTED', u'SUBMIT', u'2019-05-08 18:35:41.156692', u'None', u'2019-05-08 18:43:24.875399', u'None', u'CMSSW_9_4_14', u'slc6_amd64_gcc630', u'/DarkPhotonToMuMu_M20_madgraph_pythia8_TuneCP5/RunIIFall17DRPremix-PU2017_94X_mc2017_realistic_v11-v1/AODSIM', u'F', u'0', u'[]', u'[]', u'EventAwareLumiBased', u"{'splitOnRun': False, 'events_per_job': 10000, 'halt_job_on_file_boundaries': False, 'runs': [], 'lumis': []}", u'202ff77a57cd694dca7493871a5db3be4cad6fd6c3a711e91d5ea562ffe1ebed.tar.gz', u'https://cmsweb.cern.ch/crabcache', u'schhibra', u'/DC=ch/DC=cern/OU=Organic Units/OU=Users/CN=schhibra/CN=715612/CN=Simranjit Singh Chhibra', u'cms', u'None', u'None', u'crab_20190508_203532-00000000000000000000000000000000', u'F', u'T2_CH_CERN', u'https://cmsweb.cern.ch/dbs/prod/global/DBSReader', u'https://cmsweb.cern.ch/dbs/prod/phys03/DBSWriter', u'F', u'[]', u"['tree_scout.root']", u'[]', u'Analysis', u'pythia', u'None', u'{}', u'[]', u'F', u'crab-prod-tw01', u'[]', u'1250', u'1', u'2000', u'10', u'None', u'[]', u'http://vocms0144.cern.ch/mon/cms175/190508_183541:schhibra_crab_20190508_203532', u'exec.sh', u'[]', u'[]', u'https://cmsweb.cern.ch/crabserver/prod', u'cmsgwms-collector-global.cern.ch:9620,cmssrv221.fnal.gov:9620', u'crab3@vocms0144.cern.ch', u'F', u'[]', u'T', u'/store/group/phys_exotica/darkPhoton/schhibra/ScoutingNTuples2017', u'F', u'None', u'F', u'None', u'DarkPhotonToMuMu_M20_madgraph_pythia8_TuneCP5', u'None', u'200302ca86fca22faa1b7ef22f47eea239f7a016c3aa2fcfed9391c2e1ec1f8b.tar.gz', u'39057934', u'filetransfers', u'F', u'188.185.115.30', u'0.0', u'None'], u'desc': {u'columns': [u'tm_taskname', u'tm_activity', u'panda_jobset_id', u'tm_task_status', u'tm_task_command', u'tm_start_time', u'tm_start_injection', u'tm_end_injection', u'tm_task_failure', u'tm_job_sw', u'tm_job_arch', u'tm_input_dataset', u'tm_nonvalid_input_dataset', u'tm_use_parent', u'tm_site_whitelist', u'tm_site_blacklist', u'tm_split_algo', u'tm_split_args', u'tm_user_sandbox', u'tm_cache_url', u'tm_username', u'tm_user_dn', u'tm_user_vo', u'tm_user_role', u'tm_user_group', u'tm_publish_name', u'tm_publish_groupname', u'tm_asyncdest', u'tm_dbs_url', u'tm_publish_dbs_url', u'tm_publication', u'tm_outfiles', u'tm_tfile_outfiles', u'tm_edm_outfiles', u'tm_job_type', u'tm_generator', u'tm_events_per_lumi', u'tm_arguments', u'panda_resubmitted_jobs', u'tm_save_logs', u'tw_name', u'tm_user_infiles', u'tm_maxjobruntime', u'tm_numcores', u'tm_maxmemory', u'tm_priority', u'tm_output_dataset', u'tm_task_warnings', u'tm_user_webdir', u'tm_scriptexe', u'tm_scriptargs', u'tm_extrajdl', u'tm_asourl', u'tm_collector', u'tm_schedd', u'tm_dry_run', u'tm_user_files', u'tm_transfer_outputs', u'tm_output_lfn', u'tm_ignore_locality', u'tm_fail_limit', u'tm_one_event_mode', u'tm_secondary_input_dataset', u'tm_primary_dataset', u'tm_last_publication', u'tm_debug_files', u'clusterid', u'tm_asodb', u'tm_ignore_global_blacklist', u'tm_submitter_ip_addr', u'tm_totalunits', u'tm_ddm_reqid']}}
INFO 2019-05-12 18:58:07,414: 	 CRAB project directory:		/afs/cern.ch/work/s/schhibra/DarkPhotonSearch_v2/CMSSW_9_4_14/src/ScoutingAnalysis/TreeMaker/crab/ZdScoutingM20_L1_12_5_L1_15_7_Official_AccXEff/crab_20190508_203532
INFO 2019-05-12 18:58:07,414: 	 Task name:			190508_183541:schhibra_crab_20190508_203532
INFO 2019-05-12 18:58:07,415: 	 Grid scheduler - Task Worker:	crab3@vocms0144.cern.ch - crab-prod-tw01
INFO 2019-05-12 18:58:07,415: 	 Status on the CRAB server:	SUBMITTED
INFO 2019-05-12 18:58:07,415: 	 Task URL to use for HELP:	https://cmsweb.cern.ch/crabserver/ui/task/190508_183541%3Aschhibra_crab_20190508_203532
INFO 2019-05-12 18:58:07,415: 	 Dashboard monitoring URL:	http://dashb-cms-job.cern.ch/dashboard/templates/task-analysis/#user=schhibra&refresh=0&table=Jobs&p=1&records=25&activemenu=2&status=&site=&tid=190508_183541%3Aschhibra_crab_20190508_203532
INFO 2019-05-12 18:58:07,415: 	 New dashboard monitoring URL:	https://monit-grafana.cern.ch/d/cmsTMDetail/cms-task-monitoring-task-view?orgId=11&var-user=schhibra&var-task=190508_183541%3Aschhibra_crab_20190508_203532
INFO 2019-05-12 18:58:07,415: 	 In case of issues with the new dashboard, please provide feedback to hn-cms-computing-tools@cern.ch
DEBUG 2019-05-12 18:58:07,415: 	 The CRAB server submitted your task to the Grid scheduler (cluster ID: 39057934)
DEBUG 2019-05-12 18:58:07,415: 	 Webdir is located at http://vocms0144.cern.ch/mon/cms175/190508_183541:schhibra_crab_20190508_203532
DEBUG 2019-05-12 18:58:07,513: 	 Proxied webdir is located at https://cmsweb.cern.ch/scheddmon/0144/cms175/190508_183541:schhibra_crab_20190508_203532
DEBUG 2019-05-12 18:58:07,514: 	 Retrieving 'status_cache' file from https://cmsweb.cern.ch/scheddmon/0144/cms175/190508_183541:schhibra_crab_20190508_203532/status_cache
DEBUG 2019-05-12 18:58:07,710: 	 Got information from status cache file: {'1': {'Retries': 0, 'WallDurations': [9.0, 222.0], 'StartTimes': [1557430220.0], 'SubmitTimes': [1557341016.0], 'JobIds': ['39057938.0'], 'EndTimes': [1557430442.0], 'Restarts': 0, 'RecordedSite': True, 'State': 'finished', 'ResidentSetSize': [2800], 'TotalUserCpuTimeHistory': [158], 'SiteHistory': ['Unknown', 'T2_FR_IPHC'], 'TotalSysCpuTimeHistory': [3]}, '3': {'Retries': 0, 'WallDurations': [9.0, 276.0], 'StartTimes': [1557429962.0], 'SubmitTimes': [1557341015.0], 'JobIds': ['39057937.0'], 'EndTimes': [1557430238.0], 'Restarts': 0, 'RecordedSite': True, 'State': 'finished', 'ResidentSetSize': [2120], 'TotalUserCpuTimeHistory': [170], 'SiteHistory': ['Unknown', 'T2_FR_IPHC'], 'TotalSysCpuTimeHistory': [4]}, '2': {'Retries': 0, 'WallDurations': [9.0, 218.0], 'StartTimes': [1557430241.0], 'SubmitTimes': [1557341016.0], 'JobIds': ['39057939.0'], 'EndTimes': [1557430459.0], 'Restarts': 0, 'RecordedSite': True, 'State': 'finished', 'ResidentSetSize': [22972], 'TotalUserCpuTimeHistory': [149], 'SiteHistory': ['Unknown', 'T2_FR_IPHC'], 'TotalSysCpuTimeHistory': [3]}, '5': {'Retries': 0, 'WallDurations': [8.0, 209.0], 'StartTimes': [1557430446.0], 'SubmitTimes': [1557341016.0], 'JobIds': ['39057940.0'], 'EndTimes': [1557430655.0], 'Restarts': 0, 'RecordedSite': True, 'State': 'finished', 'ResidentSetSize': [2836], 'TotalUserCpuTimeHistory': [148], 'SiteHistory': ['Unknown', 'T2_FR_IPHC'], 'TotalSysCpuTimeHistory': [3]}, '4': {'Retries': 0, 'WallDurations': [9.0, 253.0], 'StartTimes': [1557429962.0], 'SubmitTimes': [1557341015.0], 'JobIds': ['39057936.0'], 'EndTimes': [1557430215.0], 'Restarts': 0, 'RecordedSite': True, 'State': 'finished', 'ResidentSetSize': [2268], 'TotalUserCpuTimeHistory': [134], 'SiteHistory': ['Unknown', 'T2_FR_IPHC'], 'TotalSysCpuTimeHistory': [3]}}
INFO 2019-05-12 18:58:07,710: 	 Status on the scheduler:	COMPLETED
INFO 2019-05-12 18:58:07,710: 	 
Jobs status:                    finished     		100.0% (5/5)
INFO 2019-05-12 18:58:07,710: 	 
No publication information (publication has been disabled in the CRAB configuration file)
INFO 2019-05-12 18:58:07,710: 	 
Warning: the max jobs runtime is less than 30% of the task requested value (1250 min), please consider to request a lower value for failed jobs (allowed through crab resubmit) and/or improve the jobs splitting (e.g. config.Data.splitting = 'Automatic') in a new task.
INFO 2019-05-12 18:58:07,711: 	 
Summary of run jobs:
 * Memory: 2MB min, 22MB max, 6MB ave
 * Runtime: 0:03:29 min, 0:04:36 max, 0:03:55 ave
 * CPU eff: 54% min, 73% max, 66% ave
 * Waste: 0:00:44 (4% of total)

INFO 2019-05-12 18:58:08,026: 	 Log file is /afs/cern.ch/work/s/schhibra/DarkPhotonSearch_v2/CMSSW_9_4_14/src/ScoutingAnalysis/TreeMaker/crab/ZdScoutingM20_L1_12_5_L1_15_7_Official_AccXEff/crab_20190508_203532/crab.log
