DEBUG 2019-05-13 19:16:15,979: 	 Executing command: 'submit'
DEBUG 2019-05-13 19:16:15,979: 	 Found CRAB cache file /afs/cern.ch/user/s/schhibra/.crab3
DEBUG 2019-05-13 19:16:15,988: 	 Checking credentials
DEBUG 2019-05-13 19:16:15,989: 	 Found proxy file /tmp/x509up_u59012
DEBUG 2019-05-13 19:16:15,989: 	 Getting proxy life time left
DEBUG 2019-05-13 19:16:16,799: 	 Executing : 
 command : voms-proxy-info -file /tmp/x509up_u59012 -timeleft
 output : 603969

 error: 
 retcode : 0
DEBUG 2019-05-13 19:16:17,511: 	 Executing : 
 command : voms-proxy-info -file /tmp/x509up_u59012 -actimeleft
 output : 603968

 error: 
 retcode : 0
DEBUG 2019-05-13 19:16:17,512: 	 Proxy lifetime 603969 secs is different from voms extension lifetime 603968 secs for proxy: /tmp/x509up_u59012
DEBUG 2019-05-13 19:16:17,512: 	 Proxy valid for 167:46:08 hours
INFO 2019-05-13 19:16:17,512: 	 Will use CRAB configuration file crabConfig.py
DEBUG 2019-05-13 19:16:17,512: 	 Loading CRAB configuration file.
DEBUG 2019-05-13 19:16:17,534: 	 Will use CRAB Analysis plugin (i.e. will run an analysis job type).
DEBUG 2019-05-13 19:16:17,655: 	 Executing : 
 command : openssl x509 -in ~/.globus/usercert.pem -subject -noout
 output : subject= /DC=ch/DC=cern/OU=Organic Units/OU=Users/CN=schhibra/CN=715612/CN=Simranjit Singh Chhibra

 error: 
 retcode : 0
DEBUG 2019-05-13 19:16:17,656: 	 Checking credentials
DEBUG 2019-05-13 19:16:17,656: 	 Found proxy file /tmp/x509up_u59012
DEBUG 2019-05-13 19:16:17,656: 	 Getting proxy life time left
DEBUG 2019-05-13 19:16:18,362: 	 Executing : 
 command : voms-proxy-info -file /tmp/x509up_u59012 -timeleft
 output : 603967

 error: 
 retcode : 0
DEBUG 2019-05-13 19:16:19,170: 	 Executing : 
 command : voms-proxy-info -file /tmp/x509up_u59012 -actimeleft
 output : 603966

 error: 
 retcode : 0
DEBUG 2019-05-13 19:16:19,171: 	 Proxy lifetime 603967 secs is different from voms extension lifetime 603966 secs for proxy: /tmp/x509up_u59012
DEBUG 2019-05-13 19:16:19,171: 	 Proxy valid for 167:46:06 hours
DEBUG 2019-05-13 19:16:19,977: 	 Executing : 
 command : env X509_USER_PROXY=/tmp/x509up_u59012 voms-proxy-info -fqan
 output : /cms/Role=NULL/Capability=NULL

 error: 
 retcode : 0
DEBUG 2019-05-13 19:16:20,134: 	 Registering user credentials for server /DC=ch/DC=cern/OU=computers/CN=vocms(052|058|030|0118|0105|0109).cern.ch|/DC=ch/DC=cern/OU=computers/CN=crab-(preprod|prod)-tw(02|01).cern.ch
DEBUG 2019-05-13 19:16:20,246: 	 Executing : 
 command : openssl x509 -in ~/.globus/usercert.pem -subject -noout
 output : subject= /DC=ch/DC=cern/OU=Organic Units/OU=Users/CN=schhibra/CN=715612/CN=Simranjit Singh Chhibra

 error: 
 retcode : 0
DEBUG 2019-05-13 19:16:20,246: 	 Getting myproxy life time left for myproxy.cern.ch
DEBUG 2019-05-13 19:16:20,246: 	 Calculating hash of /DC=ch/DC=cern/OU=Organic Units/OU=Users/CN=schhibra/CN=715612/CN=Simranjit Singh Chhibra_cmsweb.cern.ch for credential name
DEBUG 2019-05-13 19:16:20,653: 	 Executing : 
 command : myproxy-info -l 3841cd59f3d3480019d577f9a3ad69704f35aad0 -s myproxy.cern.ch
 output : username: 3841cd59f3d3480019d577f9a3ad69704f35aad0
owner: /DC=ch/DC=cern/OU=Organic Units/OU=Users/CN=schhibra/CN=715612/CN=Simranjit Singh Chhibra
  renewal policy: /DC=ch/DC=cern/OU=computers/CN=vocms(052|058|030|0118|0105|0109).cern.ch|/DC=ch/DC=cern/OU=computers/CN=crab-(preprod|prod)-tw(02|01).cern.ch
  trusted retrieval policy: /DC=ch/DC=cern/OU=computers/CN=vocms(052|058|030|0118|0105|0109).cern.ch|/DC=ch/DC=cern/OU=computers/CN=crab-(preprod|prod)-tw(02|01).cern.ch
  timeleft: 431:08:03  (18.0 days)

 error: 
 retcode : 0
DEBUG 2019-05-13 19:16:20,654: 	 Myproxy is valid: 1552083
DEBUG 2019-05-13 19:16:20,655: 	 Command use: submit
DEBUG 2019-05-13 19:16:20,655: 	 Options use: []
DEBUG 2019-05-13 19:16:20,819: 	 CRABClient version: 3.3.1904
DEBUG 2019-05-13 19:16:20,819: 	 Instance is prod
DEBUG 2019-05-13 19:16:20,819: 	 Server base url is cmsweb.cern.ch
DEBUG 2019-05-13 19:16:20,819: 	 Command url /crabserver/prod/workflow
DEBUG 2019-05-13 19:16:20,819: 	 Started submission
DEBUG 2019-05-13 19:16:20,819: 	 Working on /afs/cern.ch/work/s/schhibra/DarkPhotonSearch_v2/CMSSW_9_4_14/src/ScoutingAnalysis/TreeMaker/crab/ZdScoutingM70_L1_12_5_L1_15_7_Official_AccXEff/crab_20190513_191617
DEBUG 2019-05-13 19:16:21,010: 	 Loading required information from the environment
DEBUG 2019-05-13 19:16:21,010: 	 Found CMSSW_9_4_14 for slc6_amd64_gcc630 with base /afs/cern.ch/work/s/schhibra/DarkPhotonSearch_v2/CMSSW_9_4_14
DEBUG 2019-05-13 19:16:21,010: 	 Loading required information from the environment
DEBUG 2019-05-13 19:16:21,010: 	 Found CMSSW_9_4_14 for slc6_amd64_gcc630 with base /afs/cern.ch/work/s/schhibra/DarkPhotonSearch_v2/CMSSW_9_4_14
DEBUG 2019-05-13 19:16:21,027: 	 UNIQUE NAME: tarUUID 83648d6e-c55e-4e54-8b8f-d99f5f3dd06d 
DEBUG 2019-05-13 19:16:21,028: 	 self.config: from WMCore.Configuration import Configuration
config = Configuration()
config.section_('General')
config.section_('JobType')
config.JobType.psetName = '../../test/tree_scout_cfg.py'
config.JobType.pluginName = 'Analysis'
config.JobType.inputFiles = ['../Rochester.tar.gz']
config.JobType.pyCfgParams = ['isMC=True', 'useLHEWeights=True', 'GlobalTag=94X_mc2017_realistic_v11', 'roccorData=Rochester/RoccoR2017.txt']
config.JobType.scriptExe = '../exec.sh'
config.section_('Data')
config.Data.inputDataset = '/DarkPhotonToMuMu_M70_madgraph_pythia8_TuneCP5/RunIIFall17DRPremix-PU2017_94X_mc2017_realistic_v11-v1/AODSIM'
config.Data.unitsPerJob = 10000
config.Data.publication = False
config.Data.splitting = 'EventAwareLumiBased'
config.Data.outLFNDirBase = '/store/group/phys_exotica/darkPhoton/schhibra/ScoutingNTuples2017'
config.section_('Site')
config.Site.storageSite = 'T2_CH_CERN'
config.section_('User')
config.section_('Debug')

DEBUG 2019-05-13 19:16:21,028: 	 self.config.JobType.psetName: ../../test/tree_scout_cfg.py
INFO 2019-05-13 19:16:21,028: 	 Importing CMSSW configuration ../../test/tree_scout_cfg.py
DEBUG 2019-05-13 19:16:21,028: 	 Additional parameters for the CMSSW configuration are: ['isMC=True', 'useLHEWeights=True', 'GlobalTag=94X_mc2017_realistic_v11', 'roccorData=Rochester/RoccoR2017.txt']
INFO 2019-05-13 19:16:22,744: 	 Finished importing CMSSW configuration ../../test/tree_scout_cfg.py
DEBUG 2019-05-13 19:16:22,744: 	 Writing CMSSW configuration to /afs/cern.ch/work/s/schhibra/DarkPhotonSearch_v2/CMSSW_9_4_14/src/ScoutingAnalysis/TreeMaker/crab/ZdScoutingM70_L1_12_5_L1_15_7_Official_AccXEff/crab_20190513_191617/inputs/PSet.py
DEBUG 2019-05-13 19:16:23,164: 	 The following EDM output files will be collected: []
DEBUG 2019-05-13 19:16:23,165: 	 The following TFile output files will be collected: ['tree_scout.root']
DEBUG 2019-05-13 19:16:23,165: 	 The following user output files will be collected: []
DEBUG 2019-05-13 19:16:23,165: 	 Loading required information from the environment
DEBUG 2019-05-13 19:16:23,165: 	 Found CMSSW_9_4_14 for slc6_amd64_gcc630 with base /afs/cern.ch/work/s/schhibra/DarkPhotonSearch_v2/CMSSW_9_4_14
DEBUG 2019-05-13 19:16:23,165: 	 Making tarball in /afs/cern.ch/work/s/schhibra/DarkPhotonSearch_v2/CMSSW_9_4_14/src/ScoutingAnalysis/TreeMaker/crab/ZdScoutingM70_L1_12_5_L1_15_7_Official_AccXEff/crab_20190513_191617/inputs/83648d6e-c55e-4e54-8b8f-d99f5f3dd06ddefault.tgz
DEBUG 2019-05-13 19:16:23,170: 	 Checking directory /afs/cern.ch/work/s/schhibra/DarkPhotonSearch_v2/CMSSW_9_4_14/lib
DEBUG 2019-05-13 19:16:23,170: 	 Adding directory /afs/cern.ch/work/s/schhibra/DarkPhotonSearch_v2/CMSSW_9_4_14/lib to tarball
DEBUG 2019-05-13 19:16:23,179: 	 Checking directory /afs/cern.ch/work/s/schhibra/DarkPhotonSearch_v2/CMSSW_9_4_14/biglib
DEBUG 2019-05-13 19:16:23,179: 	 Adding directory /afs/cern.ch/work/s/schhibra/DarkPhotonSearch_v2/CMSSW_9_4_14/biglib to tarball
DEBUG 2019-05-13 19:16:23,179: 	 Checking directory /afs/cern.ch/work/s/schhibra/DarkPhotonSearch_v2/CMSSW_9_4_14/module
DEBUG 2019-05-13 19:16:23,181: 	 Adding data directory /afs/cern.ch/work/s/schhibra/DarkPhotonSearch_v2/CMSSW_9_4_14/src/ScoutingAnalysis/TreeMaker/data to tarball
DEBUG 2019-05-13 19:16:23,374: 	 Adding data directory /afs/cern.ch/work/s/schhibra/DarkPhotonSearch_v2/CMSSW_9_4_14/src/ScoutingAnalysis/TreeMaker/interface to tarball
DEBUG 2019-05-13 19:16:23,390: 	 Adding file ../Rochester.tar.gz to tarball
DEBUG 2019-05-13 19:16:23,755: 	 Uploading archive /afs/cern.ch/work/s/schhibra/DarkPhotonSearch_v2/CMSSW_9_4_14/src/ScoutingAnalysis/TreeMaker/crab/ZdScoutingM70_L1_12_5_L1_15_7_Official_AccXEff/crab_20190513_191617/inputs/83648d6e-c55e-4e54-8b8f-d99f5f3dd06ddefault.tgz (1.385742.1 MB) to the CRAB cache. Using URI https://cmsweb.cern.ch/crabcache
DEBUG 2019-05-13 19:16:24,945: 	 Loading required information from the environment
DEBUG 2019-05-13 19:16:24,945: 	 Found CMSSW_9_4_14 for slc6_amd64_gcc630 with base /afs/cern.ch/work/s/schhibra/DarkPhotonSearch_v2/CMSSW_9_4_14
DEBUG 2019-05-13 19:16:24,945: 	 Making tarball in /afs/cern.ch/work/s/schhibra/DarkPhotonSearch_v2/CMSSW_9_4_14/src/ScoutingAnalysis/TreeMaker/crab/ZdScoutingM70_L1_12_5_L1_15_7_Official_AccXEff/crab_20190513_191617/inputs/debugFiles.tgz
DEBUG 2019-05-13 19:16:24,951: 	 Uploading archive /afs/cern.ch/work/s/schhibra/DarkPhotonSearch_v2/CMSSW_9_4_14/src/ScoutingAnalysis/TreeMaker/crab/ZdScoutingM70_L1_12_5_L1_15_7_Official_AccXEff/crab_20190513_191617/inputs/debugFiles.tgz (2 KB) to the CRAB cache. Using URI https://cmsweb.cern.ch/crabcache
DEBUG 2019-05-13 19:16:25,083: 	 Result uploading input files: c546ace1ca360e876c5df4cd4facdd8a3c1a2a64df44bf906ebc011f93f27e48.tar.gz 
INFO 2019-05-13 19:16:25,083: 	 Sending the request to the server
DEBUG 2019-05-13 19:16:25,084: 	 Submitting {'maxjobruntime': 1250, 'extrajdl': [], 'lfn': '/store/group/phys_exotica/darkPhoton/schhibra/ScoutingNTuples2017', 'savelogsflag': 0, 'useparent': 0, 'scriptexe': 'exec.sh', 'asyncdest': 'T2_CH_CERN', 'algoargs': 10000, 'cachefilename': 'c546ace1ca360e876c5df4cd4facdd8a3c1a2a64df44bf906ebc011f93f27e48.tar.gz', 'numcores': 1, 'addoutputfiles': [], 'generator': 'pythia', 'maxmemory': 2000, 'publishdbsurl': 'https://cmsweb.cern.ch/dbs/prod/phys03/DBSWriter', 'priority': 10, 'jobsw': 'CMSSW_9_4_14', 'edmoutfiles': [], 'userfiles': [], 'primarydataset': '', 'inputdata': '/DarkPhotonToMuMu_M70_madgraph_pythia8_TuneCP5/RunIIFall17DRPremix-PU2017_94X_mc2017_realistic_v11-v1/AODSIM', 'ignorelocality': 0, 'dryrun': 0, 'workflow': 'crab_20190513_191617', 'cacheurl': u'https://cmsweb.cern.ch/crabcache', 'nonprodsw': 0, 'tfileoutfiles': ['tree_scout.root'], 'oneEventMode': 0, 'debugfilename': 'c1aaeb7efc6a14ed008774539c9ca30fdaed08f5701dbd6fc06d6eca92734bdc.tar.gz', 'saveoutput': 1, 'publication': 0, 'jobarch': 'slc6_amd64_gcc630', 'totalunits': 0, 'splitalgo': 'EventAwareLumiBased', 'ignoreglobalblacklist': 0, 'nonvaliddata': 0, 'dbsurl': 'https://cmsweb.cern.ch/dbs/prod/global/DBSReader', 'publishgroupname': 0, 'jobtype': 'Analysis', 'publishname2': ''} 
DEBUG 2019-05-13 19:16:25,084: 	 Encoded submit request: maxjobruntime=1250&lfn=%2Fstore%2Fgroup%2Fphys_exotica%2FdarkPhoton%2Fschhibra%2FScoutingNTuples2017&savelogsflag=0&useparent=0&scriptexe=exec.sh&asyncdest=T2_CH_CERN&algoargs=10000&cachefilename=c546ace1ca360e876c5df4cd4facdd8a3c1a2a64df44bf906ebc011f93f27e48.tar.gz&numcores=1&generator=pythia&maxmemory=2000&publishdbsurl=https%3A%2F%2Fcmsweb.cern.ch%2Fdbs%2Fprod%2Fphys03%2FDBSWriter&priority=10&jobsw=CMSSW_9_4_14&primarydataset=&inputdata=%2FDarkPhotonToMuMu_M70_madgraph_pythia8_TuneCP5%2FRunIIFall17DRPremix-PU2017_94X_mc2017_realistic_v11-v1%2FAODSIM&ignorelocality=0&dryrun=0&workflow=crab_20190513_191617&cacheurl=https%3A%2F%2Fcmsweb.cern.ch%2Fcrabcache&nonprodsw=0&oneEventMode=0&debugfilename=c1aaeb7efc6a14ed008774539c9ca30fdaed08f5701dbd6fc06d6eca92734bdc.tar.gz&saveoutput=1&publication=0&jobarch=slc6_amd64_gcc630&totalunits=0&splitalgo=EventAwareLumiBased&ignoreglobalblacklist=0&nonvaliddata=0&dbsurl=https%3A%2F%2Fcmsweb.cern.ch%2Fdbs%2Fprod%2Fglobal%2FDBSReader&publishgroupname=0&jobtype=Analysis&publishname2=&tfileoutfiles=tree_scout.root
DEBUG 2019-05-13 19:16:25,327: 	 Result: {u'result': [{u'RequestName': u'190513_171625:schhibra_crab_20190513_191617'}]}
INFO 2019-05-13 19:16:25,330: 	 Success: Your task has been delivered to the CRAB3 server.
INFO 2019-05-13 19:16:25,330: 	 Task name: 190513_171625:schhibra_crab_20190513_191617
INFO 2019-05-13 19:16:25,330: 	 Project dir: ./crab_20190513_191617
INFO 2019-05-13 19:16:25,330: 	 Please use 'crab status -d ./crab_20190513_191617' to check how the submission process proceeds.
DEBUG 2019-05-13 19:16:25,332: 	 About to return
INFO 2019-05-13 19:16:25,334: 	 Log file is /afs/cern.ch/work/s/schhibra/DarkPhotonSearch_v2/CMSSW_9_4_14/src/ScoutingAnalysis/TreeMaker/crab/ZdScoutingM70_L1_12_5_L1_15_7_Official_AccXEff/crab_20190513_191617/crab.log
DEBUG 2019-05-13 19:35:13,363: 	 Executing command: 'kill'
DEBUG 2019-05-13 19:35:13,363: 	 Found CRAB cache file /afs/cern.ch/user/s/schhibra/.crab3
DEBUG 2019-05-13 19:35:13,374: 	 Checking credentials
DEBUG 2019-05-13 19:35:13,375: 	 Found proxy file /tmp/x509up_u59012
DEBUG 2019-05-13 19:35:13,375: 	 Getting proxy life time left
DEBUG 2019-05-13 19:35:14,180: 	 Executing : 
 command : voms-proxy-info -file /tmp/x509up_u59012 -timeleft
 output : 602831

 error: 
 retcode : 0
DEBUG 2019-05-13 19:35:14,988: 	 Executing : 
 command : voms-proxy-info -file /tmp/x509up_u59012 -actimeleft
 output : 602831

 error: 
 retcode : 0
DEBUG 2019-05-13 19:35:14,988: 	 Proxy valid for 167:27:11 hours
DEBUG 2019-05-13 19:35:15,106: 	 Executing : 
 command : openssl x509 -in ~/.globus/usercert.pem -subject -noout
 output : subject= /DC=ch/DC=cern/OU=Organic Units/OU=Users/CN=schhibra/CN=715612/CN=Simranjit Singh Chhibra

 error: 
 retcode : 0
DEBUG 2019-05-13 19:35:15,106: 	 Checking credentials
DEBUG 2019-05-13 19:35:15,108: 	 Found proxy file /tmp/x509up_u59012
DEBUG 2019-05-13 19:35:15,108: 	 Getting proxy life time left
DEBUG 2019-05-13 19:35:15,815: 	 Executing : 
 command : voms-proxy-info -file /tmp/x509up_u59012 -timeleft
 output : 602830

 error: 
 retcode : 0
DEBUG 2019-05-13 19:35:16,523: 	 Executing : 
 command : voms-proxy-info -file /tmp/x509up_u59012 -actimeleft
 output : 602829

 error: 
 retcode : 0
DEBUG 2019-05-13 19:35:16,523: 	 Proxy lifetime 602830 secs is different from voms extension lifetime 602829 secs for proxy: /tmp/x509up_u59012
DEBUG 2019-05-13 19:35:16,523: 	 Proxy valid for 167:27:09 hours
DEBUG 2019-05-13 19:35:16,663: 	 Registering user credentials for server /DC=ch/DC=cern/OU=computers/CN=vocms(052|058|030|0118|0105|0109).cern.ch|/DC=ch/DC=cern/OU=computers/CN=crab-(preprod|prod)-tw(02|01).cern.ch
DEBUG 2019-05-13 19:35:16,777: 	 Executing : 
 command : openssl x509 -in ~/.globus/usercert.pem -subject -noout
 output : subject= /DC=ch/DC=cern/OU=Organic Units/OU=Users/CN=schhibra/CN=715612/CN=Simranjit Singh Chhibra

 error: 
 retcode : 0
DEBUG 2019-05-13 19:35:16,778: 	 Getting myproxy life time left for myproxy.cern.ch
DEBUG 2019-05-13 19:35:16,778: 	 Calculating hash of /DC=ch/DC=cern/OU=Organic Units/OU=Users/CN=schhibra/CN=715612/CN=Simranjit Singh Chhibra_cmsweb.cern.ch for credential name
DEBUG 2019-05-13 19:35:17,183: 	 Executing : 
 command : myproxy-info -l 3841cd59f3d3480019d577f9a3ad69704f35aad0 -s myproxy.cern.ch
 output : username: 3841cd59f3d3480019d577f9a3ad69704f35aad0
owner: /DC=ch/DC=cern/OU=Organic Units/OU=Users/CN=schhibra/CN=715612/CN=Simranjit Singh Chhibra
  renewal policy: /DC=ch/DC=cern/OU=computers/CN=vocms(052|058|030|0118|0105|0109).cern.ch|/DC=ch/DC=cern/OU=computers/CN=crab-(preprod|prod)-tw(02|01).cern.ch
  trusted retrieval policy: /DC=ch/DC=cern/OU=computers/CN=vocms(052|058|030|0118|0105|0109).cern.ch|/DC=ch/DC=cern/OU=computers/CN=crab-(preprod|prod)-tw(02|01).cern.ch
  timeleft: 430:49:06  (18.0 days)

 error: 
 retcode : 0
DEBUG 2019-05-13 19:35:17,184: 	 Myproxy is valid: 1550946
DEBUG 2019-05-13 19:35:17,185: 	 Command use: kill
DEBUG 2019-05-13 19:35:17,185: 	 Options use: ['crab_20190513_191617']
DEBUG 2019-05-13 19:35:17,310: 	 CRABClient version: 3.3.1904
DEBUG 2019-05-13 19:35:17,310: 	 Instance is prod
DEBUG 2019-05-13 19:35:17,310: 	 Server base url is cmsweb.cern.ch
DEBUG 2019-05-13 19:35:17,310: 	 Command url /crabserver/prod/workflow
DEBUG 2019-05-13 19:35:17,310: 	 Killing task 190513_171625:schhibra_crab_20190513_191617
DEBUG 2019-05-13 19:35:17,612: 	 Result: {u'result': [{u'result': u'ok'}], u'desc': {u'columns': [u'tm_taskname', u'panda_jobset_id', u'tm_task_status', u'tm_task_command', u'tm_user_role', u'tm_user_group', u'tm_task_failure', u'tm_split_algo', u'tm_split_args', u'panda_resubmitted_jobs', u'tm_save_logs', u'tm_username', u'tm_user_dn', u'tm_arguments', u'tm_input_dataset', u'tm_dbs_url', u'tm_task_warnings', u'tm_publication', u'tm_user_webdir', u'tm_asourl', u'tm_asodb', u'tm_output_dataset', u'tm_collector', u'tm_schedd', u'tm_dry_run', u'clusterid', u'tm_start_time', u'tw_name']}}
INFO 2019-05-13 19:35:17,612: 	 Kill request successfully sent
INFO 2019-05-13 19:35:17,616: 	 Log file is /afs/cern.ch/work/s/schhibra/DarkPhotonSearch_v2/CMSSW_9_4_14/src/ScoutingAnalysis/TreeMaker/crab/ZdScoutingM70_L1_12_5_L1_15_7_Official_AccXEff/crab_20190513_191617/crab.log
