SysError in <TFile::ReadBuffer>: error reading from file /eos/cms/store/group/phys_exotica/darkPhoton/schhibra/ScoutingNTuples2017/ScoutingCaloMuon/crab_20190513_192439/190513_172447/0000/tree_scout_56.root (Input/output error)
Error in <TBranch::GetBasket>: File: /eos/cms/store/group/phys_exotica/darkPhoton/schhibra/ScoutingNTuples2017/ScoutingCaloMuon/crab_20190513_192439/190513_172447/0000/tree_scout_56.root at byte:0, branch:trig, entry:1, badread=4, nerrors=1, basketnumber=0
#0  0x00002b5cffce5bbc in waitpid () from /lib64/libc.so.6
#1  0x00002b5cffc63ea2 in do_system () from /lib64/libc.so.6
#2  0x00002b5cff5c8588 in TUnixSystem::StackTrace() () from /cvmfs/cms.cern.ch/slc6_amd64_gcc630/lcg/root/6.10.08-elfike2/lib/libCore.so
#3  0x00002b5d01840655 in cling::MultiplexInterpreterCallbacks::PrintStackTrace() () from /cvmfs/cms.cern.ch/slc6_amd64_gcc630/lcg/root/6.10.08-elfike2/lib/libCling.so
#4  0x00002b5d01840118 in cling_runtime_internal_throwIfInvalidPointer () from /cvmfs/cms.cern.ch/slc6_amd64_gcc630/lcg/root/6.10.08-elfike2/lib/libCling.so
#5  0x00002b5cff299f09 in ?? ()
#6  0x00007ffebb6f22d0 in ?? ()
#7  0x00002b5cff2985f5 in ?? ()
#8  0x0000000004f05f70 in ?? ()
#9  0x0000000004d663c0 in ?? ()
#10 0x0000000004f035c0 in ?? ()
#11 0x0000000003ec13e0 in ?? ()
#12 0x0000000005229690 in ?? ()
#13 0x00000000041091b0 in ?? ()
#14 0x0000000004db3820 in ?? ()
#15 0x000000000516aa40 in ?? ()
#16 0x0000000004efd3e0 in ?? ()
#17 0x0000000002882630 in ?? ()
#18 0x00000000052515e0 in ?? ()
#19 0x000000000514ad60 in ?? ()
#20 0x0000000005257af0 in ?? ()
#21 0x000000000525a250 in ?? ()
#22 0x000000000265dcb0 in ?? ()
#23 0x0000000005145250 in ?? ()
#24 0x00000000051479b0 in ?? ()
#25 0x000000000528b100 in ?? ()
#26 0x0000000005121120 in ?? ()
#27 0x0000000005123880 in ?? ()
#28 0x0000000004d5c840 in ?? ()
#29 0x0000000004d5ef40 in ?? ()
#30 0x0000000004d61640 in ?? ()
#31 0x0000000004d63420 in ?? ()
#32 0x0000000004e4ebe0 in ?? ()
#33 0x0000000004e51340 in ?? ()
#34 0x0000000004e53aa0 in ?? ()
#35 0x0000000004da8da0 in ?? ()
#36 0x0000000004dab500 in ?? ()
#37 0x0000000004dadc60 in ?? ()
#38 0x0000000004db03c0 in ?? ()
#39 0x000000000528fc40 in ?? ()
#40 0x0000000005292340 in ?? ()
#41 0x0000000005294aa0 in ?? ()
#42 0x0000000005297200 in ?? ()
#43 0x0000000005190b40 in ?? ()
#44 0x00000000051932a0 in ?? ()
#45 0x0000000005195a00 in ?? ()
#46 0x00000000051980a0 in ?? ()
#47 0x000000000519a740 in ?? ()
#48 0x000000000527ae10 in ?? ()
#49 0x000000000527d510 in ?? ()
#50 0x000000000527fc10 in ?? ()
#51 0x0000000005282310 in ?? ()
#52 0x0000000005284a10 in ?? ()
#53 0x0000000005287110 in ?? ()
#54 0x00000000051304b0 in ?? ()
#55 0x0000000005132bb0 in ?? ()
#56 0x0000000005135250 in ?? ()
#57 0x00000000051378f0 in ?? ()
#58 0x0000000005139f90 in ?? ()
#59 0x000000000513c690 in ?? ()
#60 0x000000000513ed90 in ?? ()
#61 0x0000000005176180 in ?? ()
#62 0x0000000005178880 in ?? ()
#63 0x000000000517af80 in ?? ()
#64 0x000000000517d680 in ?? ()
#65 0x000000000517fd80 in ?? ()
#66 0x0000000005182420 in ?? ()
#67 0x0000000005184ac0 in ?? ()
#68 0x0000000005187160 in ?? ()
#69 0x0000000005262a80 in ?? ()
#70 0x0000000005265180 in ?? ()
#71 0x0000000005267880 in ?? ()
#72 0x0000000005269f80 in ?? ()
#73 0x000000000526c680 in ?? ()
#74 0x000000000526ed80 in ?? ()
#75 0x0000000005271480 in ?? ()
#76 0x0000000005273b20 in ?? ()
#77 0x00000000052761c0 in ?? ()
#78 0x00000000053245d0 in ?? ()
#79 0x0000000005326c70 in ?? ()
#80 0x0000000005329310 in ?? ()
#81 0x000000000532b9b0 in ?? ()
#82 0x000000000532e050 in ?? ()
#83 0x00000000053306f0 in ?? ()
#84 0x0000000005332d90 in ?? ()
#85 0x0000000005335430 in ?? ()
#86 0x0000000005337ad0 in ?? ()
#87 0x000000000533a170 in ?? ()
#88 0x000000000533c810 in ?? ()
#89 0x000000000533eeb0 in ?? ()
#90 0x0000000005341550 in ?? ()
#91 0x0000000005343bf0 in ?? ()
#92 0x0000000005346290 in ?? ()
#93 0x0000000005348930 in ?? ()
#94 0x000000000534afd0 in ?? ()
#95 0x00000000053ff520 in ?? ()
#96 0x0000000005401980 in ?? ()
#97 0x0000000005403de0 in ?? ()
#98 0x0000000005406240 in ?? ()
#99 0x00000000054086a0 in ?? ()
#100 0x000000000540ab00 in ?? ()
#101 0x000000000540cf60 in ?? ()
#102 0x000000000540f3c0 in ?? ()
#103 0x0000000005411820 in ?? ()
#104 0x0000000005413c80 in ?? ()
#105 0x00000000054160e0 in ?? ()
#106 0x0000000005418540 in ?? ()
#107 0x000000000541a9a0 in ?? ()
#108 0x000000000541ce00 in ?? ()
#109 0x000000000541f260 in ?? ()
#110 0x00000000054216c0 in ?? ()
#111 0x0000000005423b20 in ?? ()
#112 0x0000000005425f80 in ?? ()
#113 0x00000000054283e0 in ?? ()
#114 0x000000000542a840 in ?? ()
#115 0x000000000542cca0 in ?? ()
#116 0x000000000542f100 in ?? ()
#117 0x0000000005431560 in ?? ()
#118 0x00000000054339c0 in ?? ()
#119 0x0000000005435e20 in ?? ()
#120 0x0000000005438280 in ?? ()
#121 0x000000000543a6e0 in ?? ()
#122 0x000000000543cb40 in ?? ()
#123 0x000000000543efa0 in ?? ()
#124 0x0000000005441400 in ?? ()
#125 0x0000000005443860 in ?? ()
#126 0x0000000005445cc0 in ?? ()
#127 0x0000000005448120 in ?? ()
#128 0x000000000544a580 in ?? ()
#129 0x000000000544c9e0 in ?? ()
#130 0x000000000544ee40 in ?? ()
#131 0x00000000054512a0 in ?? ()
#132 0x0000000005453700 in ?? ()
#133 0x0000000005455b60 in ?? ()
#134 0x0000000005457fc0 in ?? ()
#135 0x000000000545a420 in ?? ()
#136 0x000000000545c880 in ?? ()
#137 0x000000000545ece0 in ?? ()
#138 0x0000000005461140 in ?? ()
#139 0x00000000054635a0 in ?? ()
#140 0x0000000005465a00 in ?? ()
#141 0x0000000005467e60 in ?? ()
#142 0x000000000546a2c0 in ?? ()
#143 0x000000000546c720 in ?? ()
#144 0x000000000546eb80 in ?? ()
#145 0x0000000005470fe0 in ?? ()
#146 0x0000000005473440 in ?? ()
#147 0x00000000054758a0 in ?? ()
#148 0x0000000005477d00 in ?? ()
#149 0x000000000547a160 in ?? ()
#150 0x000000000547c5c0 in ?? ()
#151 0x000000000547ea20 in ?? ()
#152 0x0000000005480e80 in ?? ()
#153 0x00000000054832e0 in ?? ()
#154 0x0000000005485740 in ?? ()
#155 0x0000000005487ba0 in ?? ()
#156 0x000000000548a000 in ?? ()
#157 0x000000000548c460 in ?? ()
#158 0x000000000548e8c0 in ?? ()
#159 0x0000000005490d20 in ?? ()
#160 0x0000000005493180 in ?? ()
#161 0x00000000054955e0 in ?? ()
#162 0x0000000005497cb0 in ?? ()
#163 0x000000000549a350 in ?? ()
#164 0x000000000549c9f0 in ?? ()
#165 0x000000000549f090 in ?? ()
#166 0x00000000054a1730 in ?? ()
#167 0x00000000054a3dd0 in ?? ()
#168 0x00000000054a6470 in ?? ()
#169 0x00000000054a8b10 in ?? ()
#170 0x00000000054ab1b0 in ?? ()
#171 0x00000000054ad850 in ?? ()
#172 0x00000000054afef0 in ?? ()
#173 0x00000000054b2590 in ?? ()
#174 0x00000000054b4c30 in ?? ()
#175 0x00000000054b72d0 in ?? ()
#176 0x00000000054b9970 in ?? ()
#177 0x00000000054bc010 in ?? ()
#178 0x00000000054be6b0 in ?? ()
#179 0x00000000054c0d50 in ?? ()
#180 0x00000000054c33f0 in ?? ()
#181 0x00000000054c5a90 in ?? ()
#182 0x00000000054c8130 in ?? ()
#183 0x00000000054ca7d0 in ?? ()
#184 0x00000000054cce70 in ?? ()
#185 0x00000000054cf510 in ?? ()
#186 0x00000000054d1bb0 in ?? ()
#187 0x00000000054d4250 in ?? ()
#188 0x00000000054d68f0 in ?? ()
#189 0x00000000054d8f90 in ?? ()
#190 0x00000000054db630 in ?? ()
#191 0x00000000054ddcd0 in ?? ()
#192 0x00000000054e0370 in ?? ()
#193 0x00000000054e2a10 in ?? ()
#194 0x00000000054e50b0 in ?? ()
#195 0x00000000054e7750 in ?? ()
#196 0x00000000054e9df0 in ?? ()
#197 0x00000000054ec490 in ?? ()
#198 0x00000000054eeb30 in ?? ()
#199 0x00000000054f11d0 in ?? ()
#200 0x00000000054f3870 in ?? ()
#201 0x00000000054f5f10 in ?? ()
#202 0x00000000054f85b0 in ?? ()
#203 0x00000000054fac50 in ?? ()
#204 0x00000000054fd2f0 in ?? ()
#205 0x00000000054ff990 in ?? ()
#206 0x0000000005502030 in ?? ()
#207 0x00000000055046d0 in ?? ()
#208 0x0000000005506d70 in ?? ()
#209 0x0000000005509410 in ?? ()
#210 0x000000000550bab0 in ?? ()
#211 0x000000000550e150 in ?? ()
#212 0x00000000055107f0 in ?? ()
#213 0x0000000005512e90 in ?? ()
#214 0x0000000005515530 in ?? ()
#215 0x0000000005517bd0 in ?? ()
#216 0x000000000551a270 in ?? ()
#217 0x000000000551c910 in ?? ()
#218 0x000000000551efb0 in ?? ()
#219 0x0000000005521650 in ?? ()
#220 0x0000000005523cf0 in ?? ()
#221 0x0000000005526390 in ?? ()
#222 0x0000000005528a30 in ?? ()
#223 0x000000000552b0d0 in ?? ()
#224 0x000000000552d770 in ?? ()
#225 0x000000000552fe10 in ?? ()
#226 0x00000000055324b0 in ?? ()
#227 0x0000000005534b50 in ?? ()
#228 0x00000000055371f0 in ?? ()
#229 0x0000000005539890 in ?? ()
#230 0x000000000553bf30 in ?? ()
#231 0x000000000553e5d0 in ?? ()
#232 0x0000000005540c70 in ?? ()
#233 0x0000000005543310 in ?? ()
#234 0x00000000055459b0 in ?? ()
#235 0x0000000005548050 in ?? ()
#236 0x000000000554a6f0 in ?? ()
#237 0x000000000554cd90 in ?? ()
#238 0x000000000554f430 in ?? ()
#239 0x0000000005551ad0 in ?? ()
#240 0x0000000005554170 in ?? ()
#241 0x0000000005556810 in ?? ()
#242 0x0000000005558eb0 in ?? ()
#243 0x000000000555b550 in ?? ()
#244 0x000000000555dbf0 in ?? ()
#245 0x0000000005560290 in ?? ()
#246 0x0000000005562930 in ?? ()
#247 0x0000000005564fd0 in ?? ()
#248 0x0000000005567670 in ?? ()
#249 0x0000000005569d10 in ?? ()
#250 0x000000000556c3b0 in ?? ()
#251 0x000000000556ea50 in ?? ()
#252 0x00000000055710f0 in ?? ()
#253 0x0000000005573790 in ?? ()
#254 0x0000000005575e30 in ?? ()
#255 0x00000000055784d0 in ?? ()
#256 0x000000000557ab70 in ?? ()
#257 0x000000000557d210 in ?? ()
#258 0x000000000557f8b0 in ?? ()
#259 0x0000000005581f50 in ?? ()
#260 0x00000000055845f0 in ?? ()
#261 0x0000000005586c90 in ?? ()
#262 0x0000000005589330 in ?? ()
#263 0x000000000558b9d0 in ?? ()
#264 0x000000000558e070 in ?? ()
#265 0x0000000005590710 in ?? ()
#266 0x0000000005592db0 in ?? ()
#267 0x0000000005595450 in ?? ()
#268 0x0000000005597af0 in ?? ()
#269 0x00002b5cff0d57f0 in dl_open_worker () from /lib64/ld-linux-x86-64.so.2
Error in <HandleInterpreterException>: Trying to dereference null pointer or trying to call routine taking non-null arguments.
Execution of your code was aborted.
In file included from input_line_11:24:
In file included from /cvmfs/cms.cern.ch/slc6_amd64_gcc630/lcg/root/6.10.08-elfike2/etc/../etc/dictpch/allHeaders.h:1162:
In file included from /cvmfs/cms.cern.ch/slc6_amd64_gcc630/lcg/root/6.10.08-elfike2/etc/../include/TMPWorkerTree.h:24:
In file included from /cvmfs/cms.cern.ch/slc6_amd64_gcc630/lcg/root/6.10.08-elfike2/etc/../include/TTreeReader.h:27:
In file included from /cvmfs/cms.cern.ch/slc6_amd64_gcc630/lcg/root/6.10.08-elfike2/etc/../include/TTreeReaderUtils.h:27:
/cvmfs/cms.cern.ch/slc6_amd64_gcc630/lcg/root/6.10.08-elfike2/etc/../include/TTreeReaderValue.h:141:29: warning: null passed to a callee that requires a non-null argument [-Wnonnull]
   T& operator*() { return *Get(); }
                            ^~~~~
