SysError in <TFile::ReadBuffer>: error reading from file /eos/cms/store/group/phys_exotica/darkPhoton/schhibra/ScoutingNTuples2017/ScoutingCaloMuon/crab_20190513_192407/190513_172416/0000/tree_scout_25.root (Input/output error)
Error in <TBranchElement::GetBasket>: File: /eos/cms/store/group/phys_exotica/darkPhoton/schhibra/ScoutingNTuples2017/ScoutingCaloMuon/crab_20190513_192407/190513_172416/0000/tree_scout_25.root at byte:6565447, branch:muon4s, entry:34053, badread=4, nerrors=1, basketnumber=161
#0  0x00002aed7ed67bbc in waitpid () from /lib64/libc.so.6
#1  0x00002aed7ece5ea2 in do_system () from /lib64/libc.so.6
#2  0x00002aed7e64a588 in TUnixSystem::StackTrace() () from /cvmfs/cms.cern.ch/slc6_amd64_gcc630/lcg/root/6.10.08-elfike2/lib/libCore.so
#3  0x00002aed808c2655 in cling::MultiplexInterpreterCallbacks::PrintStackTrace() () from /cvmfs/cms.cern.ch/slc6_amd64_gcc630/lcg/root/6.10.08-elfike2/lib/libCling.so
#4  0x00002aed808c2118 in cling_runtime_internal_throwIfInvalidPointer () from /cvmfs/cms.cern.ch/slc6_amd64_gcc630/lcg/root/6.10.08-elfike2/lib/libCling.so
#5  0x00002aed7e31876c in ?? ()
#6  0x0000000004be9850 in ?? ()
#7  0x0000000004be5700 in ?? ()
#8  0x00000000048ec660 in ?? ()
#9  0x00000000048f3d20 in ?? ()
#10 0x00000000048ef710 in ?? ()
#11 0x00000000020f9420 in ?? ()
#12 0x0000000004d707b0 in ?? ()
#13 0x0000000004cf2bc0 in ?? ()
#14 0x0000000004cbb8f0 in ?? ()
#15 0x0000000004c46490 in ?? ()
#16 0x000000000499cf30 in ?? ()
#17 0x0000000004847840 in ?? ()
#18 0x00000000047e07c0 in ?? ()
#19 0x0000000002161840 in ?? ()
#20 0x00000000047f5c00 in ?? ()
#21 0x0000000004ccc350 in ?? ()
#22 0x0000000004cce130 in ?? ()
#23 0x0000000004d0b550 in ?? ()
#24 0x0000000004d0dcb0 in ?? ()
#25 0x0000000004d10410 in ?? ()
#26 0x0000000004c49d00 in ?? ()
#27 0x0000000004c4c400 in ?? ()
#28 0x0000000004c4eb00 in ?? ()
#29 0x0000000004cf9340 in ?? ()
#30 0x0000000004cfbaa0 in ?? ()
#31 0x0000000004cfe200 in ?? ()
#32 0x0000000004d00960 in ?? ()
#33 0x0000000004d02280 in ?? ()
#34 0x0000000003b9e2b0 in ?? ()
#35 0x0000000003ba0a10 in ?? ()
#36 0x0000000003ba3170 in ?? ()
#37 0x0000000004cd02f0 in ?? ()
#38 0x0000000004cd29f0 in ?? ()
#39 0x0000000004cd5150 in ?? ()
#40 0x0000000004cd78b0 in ?? ()
#41 0x0000000004bc4ef0 in ?? ()
#42 0x0000000004bc7650 in ?? ()
#43 0x0000000004bc9db0 in ?? ()
#44 0x0000000004bcc450 in ?? ()
#45 0x0000000004bceaf0 in ?? ()
#46 0x0000000004bd1190 in ?? ()
#47 0x0000000004834390 in ?? ()
#48 0x0000000004836a90 in ?? ()
#49 0x0000000004839190 in ?? ()
#50 0x000000000483b890 in ?? ()
#51 0x000000000483df90 in ?? ()
#52 0x0000000004becb60 in ?? ()
#53 0x0000000004bef260 in ?? ()
#54 0x0000000004bf1900 in ?? ()
#55 0x0000000004bf3fa0 in ?? ()
#56 0x0000000004bf6640 in ?? ()
#57 0x0000000004bf8d40 in ?? ()
#58 0x0000000004bfb440 in ?? ()
#59 0x0000000004bfd1c0 in ?? ()
#60 0x0000000004c54370 in ?? ()
#61 0x0000000004c56a70 in ?? ()
#62 0x0000000004c59170 in ?? ()
#63 0x0000000004c5b870 in ?? ()
#64 0x0000000004c5df10 in ?? ()
#65 0x0000000004c605b0 in ?? ()
#66 0x0000000004c62c50 in ?? ()
#67 0x0000000004c65350 in ?? ()
#68 0x0000000004c30560 in ?? ()
#69 0x0000000004c32c60 in ?? ()
#70 0x0000000004c35360 in ?? ()
#71 0x0000000004c37a60 in ?? ()
#72 0x0000000004c3a160 in ?? ()
#73 0x0000000004c3c860 in ?? ()
#74 0x0000000004c3ef00 in ?? ()
#75 0x0000000004c415a0 in ?? ()
#76 0x0000000004c43c40 in ?? ()
#77 0x0000000004dbf390 in ?? ()
#78 0x0000000004dc1a30 in ?? ()
#79 0x0000000004dc40d0 in ?? ()
#80 0x0000000004dc6770 in ?? ()
#81 0x0000000004dc8e10 in ?? ()
#82 0x0000000004dcb4b0 in ?? ()
#83 0x0000000004dcdb50 in ?? ()
#84 0x0000000004dd01f0 in ?? ()
#85 0x0000000004dd2890 in ?? ()
#86 0x0000000004dd4f30 in ?? ()
#87 0x0000000004dd75d0 in ?? ()
#88 0x0000000004dd9c70 in ?? ()
#89 0x0000000004ddc310 in ?? ()
#90 0x0000000004dde9b0 in ?? ()
#91 0x0000000004de1050 in ?? ()
#92 0x0000000004de36f0 in ?? ()
#93 0x0000000004de5d90 in ?? ()
#94 0x0000000004de7ab0 in ?? ()
#95 0x0000000004e9c890 in ?? ()
#96 0x0000000004e9ecf0 in ?? ()
#97 0x0000000004ea1150 in ?? ()
#98 0x0000000004ea35b0 in ?? ()
#99 0x0000000004ea5a10 in ?? ()
#100 0x0000000004ea7e70 in ?? ()
#101 0x0000000004eaa2d0 in ?? ()
#102 0x0000000004eac730 in ?? ()
#103 0x0000000004eaeb90 in ?? ()
#104 0x0000000004eb0ff0 in ?? ()
#105 0x0000000004eb3450 in ?? ()
#106 0x0000000004eb58b0 in ?? ()
#107 0x0000000004eb7d10 in ?? ()
#108 0x0000000004eba170 in ?? ()
#109 0x0000000004ebc5d0 in ?? ()
#110 0x0000000004ebea30 in ?? ()
#111 0x0000000004ec0e90 in ?? ()
#112 0x0000000004ec32f0 in ?? ()
#113 0x0000000004ec5750 in ?? ()
#114 0x0000000004ec7bb0 in ?? ()
#115 0x0000000004eca010 in ?? ()
#116 0x0000000004ecc470 in ?? ()
#117 0x0000000004ece8d0 in ?? ()
#118 0x0000000004ed0d30 in ?? ()
#119 0x0000000004ed3190 in ?? ()
#120 0x0000000004ed55f0 in ?? ()
#121 0x0000000004ed7a50 in ?? ()
#122 0x0000000004ed9eb0 in ?? ()
#123 0x0000000004edc310 in ?? ()
#124 0x0000000004ede770 in ?? ()
#125 0x0000000004ee0bd0 in ?? ()
#126 0x0000000004ee3030 in ?? ()
#127 0x0000000004ee5490 in ?? ()
#128 0x0000000004ee78f0 in ?? ()
#129 0x0000000004ee9d50 in ?? ()
#130 0x0000000004eec1b0 in ?? ()
#131 0x0000000004eee610 in ?? ()
#132 0x0000000004ef0a70 in ?? ()
#133 0x0000000004ef2ed0 in ?? ()
#134 0x0000000004ef5330 in ?? ()
#135 0x0000000004ef7790 in ?? ()
#136 0x0000000004ef9bf0 in ?? ()
#137 0x0000000004efc050 in ?? ()
#138 0x0000000004efe4b0 in ?? ()
#139 0x0000000004f00910 in ?? ()
#140 0x0000000004f02d70 in ?? ()
#141 0x0000000004f051d0 in ?? ()
#142 0x0000000004f07630 in ?? ()
#143 0x0000000004f09a90 in ?? ()
#144 0x0000000004f0bef0 in ?? ()
#145 0x0000000004f0e350 in ?? ()
#146 0x0000000004f107b0 in ?? ()
#147 0x0000000004f12c10 in ?? ()
#148 0x0000000004f15070 in ?? ()
#149 0x0000000004f174d0 in ?? ()
#150 0x0000000004f199f0 in ?? ()
#151 0x0000000004f1c090 in ?? ()
#152 0x0000000004f1e790 in ?? ()
#153 0x0000000004f20e30 in ?? ()
#154 0x0000000004f234d0 in ?? ()
#155 0x0000000004f25b70 in ?? ()
#156 0x0000000004f28210 in ?? ()
#157 0x0000000004f2a8b0 in ?? ()
#158 0x0000000004f2cf50 in ?? ()
#159 0x0000000004f2f5f0 in ?? ()
#160 0x0000000004f31d50 in ?? ()
#161 0x0000000004f343f0 in ?? ()
#162 0x0000000004f36a90 in ?? ()
#163 0x0000000004f39130 in ?? ()
#164 0x0000000004f3b7d0 in ?? ()
#165 0x0000000004f3de70 in ?? ()
#166 0x0000000004f40510 in ?? ()
#167 0x0000000004f42bb0 in ?? ()
#168 0x0000000004f45250 in ?? ()
#169 0x0000000004f478f0 in ?? ()
#170 0x0000000004f49f90 in ?? ()
#171 0x0000000004f4c630 in ?? ()
#172 0x0000000004f4ecd0 in ?? ()
#173 0x0000000004f51370 in ?? ()
#174 0x0000000004f53a10 in ?? ()
#175 0x0000000004f560b0 in ?? ()
#176 0x0000000004f58750 in ?? ()
#177 0x0000000004f5adf0 in ?? ()
#178 0x0000000004f5d490 in ?? ()
#179 0x0000000004f5fb30 in ?? ()
#180 0x0000000004f621d0 in ?? ()
#181 0x0000000004f64870 in ?? ()
#182 0x0000000004f66f10 in ?? ()
#183 0x0000000004f695b0 in ?? ()
#184 0x0000000004f6bc50 in ?? ()
#185 0x0000000004f6e2f0 in ?? ()
#186 0x0000000004f70990 in ?? ()
#187 0x0000000004f73030 in ?? ()
#188 0x0000000004f756d0 in ?? ()
#189 0x0000000004f77d70 in ?? ()
#190 0x0000000004f7a410 in ?? ()
#191 0x0000000004f7cab0 in ?? ()
#192 0x0000000004f7f150 in ?? ()
#193 0x0000000004f817f0 in ?? ()
#194 0x0000000004f83e90 in ?? ()
#195 0x0000000004f86530 in ?? ()
#196 0x0000000004f88bd0 in ?? ()
#197 0x0000000004f8b270 in ?? ()
#198 0x0000000004f8d910 in ?? ()
#199 0x0000000004f8ffb0 in ?? ()
#200 0x0000000004f92650 in ?? ()
#201 0x0000000004f94cf0 in ?? ()
#202 0x0000000004f97390 in ?? ()
#203 0x0000000004f99a30 in ?? ()
#204 0x0000000004f9c0d0 in ?? ()
#205 0x0000000004f9e770 in ?? ()
#206 0x0000000004fa0e10 in ?? ()
#207 0x0000000004fa34b0 in ?? ()
#208 0x0000000004fa5b50 in ?? ()
#209 0x0000000004fa81f0 in ?? ()
#210 0x0000000004faa890 in ?? ()
#211 0x0000000004facf30 in ?? ()
#212 0x0000000004faf5d0 in ?? ()
#213 0x0000000004fb1c70 in ?? ()
#214 0x0000000004fb4310 in ?? ()
#215 0x0000000004fb69b0 in ?? ()
#216 0x0000000004fb9050 in ?? ()
#217 0x0000000004fbb6f0 in ?? ()
#218 0x0000000004fbdd90 in ?? ()
#219 0x0000000004fc0430 in ?? ()
#220 0x0000000004fc2ad0 in ?? ()
#221 0x0000000004fc5170 in ?? ()
#222 0x0000000004fc7810 in ?? ()
#223 0x0000000004fc9eb0 in ?? ()
#224 0x0000000004fcc550 in ?? ()
#225 0x0000000004fcebf0 in ?? ()
#226 0x0000000004fd1290 in ?? ()
#227 0x0000000004fd3930 in ?? ()
#228 0x0000000004fd5fd0 in ?? ()
#229 0x0000000004fd8670 in ?? ()
#230 0x0000000004fdad10 in ?? ()
#231 0x0000000004fdd3b0 in ?? ()
#232 0x0000000004fdfa50 in ?? ()
#233 0x0000000004fe20f0 in ?? ()
#234 0x0000000004fe4790 in ?? ()
#235 0x0000000004fe6e30 in ?? ()
#236 0x0000000004fe94d0 in ?? ()
#237 0x0000000004febb70 in ?? ()
#238 0x0000000004fee210 in ?? ()
#239 0x0000000004ff08b0 in ?? ()
#240 0x0000000004ff2f50 in ?? ()
#241 0x0000000004ff55f0 in ?? ()
#242 0x0000000004ff7c90 in ?? ()
#243 0x0000000004ffa330 in ?? ()
#244 0x0000000004ffc9d0 in ?? ()
#245 0x0000000004fff070 in ?? ()
#246 0x0000000005001710 in ?? ()
#247 0x0000000005003db0 in ?? ()
#248 0x0000000005006450 in ?? ()
#249 0x0000000005008af0 in ?? ()
#250 0x000000000500b190 in ?? ()
#251 0x000000000500d830 in ?? ()
#252 0x000000000500fed0 in ?? ()
#253 0x0000000005012570 in ?? ()
#254 0x0000000005014c10 in ?? ()
#255 0x00000000050172b0 in ?? ()
#256 0x0000000005019950 in ?? ()
#257 0x000000000501bff0 in ?? ()
#258 0x000000000501e690 in ?? ()
#259 0x0000000005020d30 in ?? ()
#260 0x00000000050233d0 in ?? ()
#261 0x0000000005025a70 in ?? ()
#262 0x0000000005028110 in ?? ()
#263 0x000000000502a7b0 in ?? ()
#264 0x000000000502ce50 in ?? ()
#265 0x000000000502f4f0 in ?? ()
#266 0x0000000005031b90 in ?? ()
#267 0x00002aed7e1577f0 in dl_open_worker () from /lib64/ld-linux-x86-64.so.2
#268 0x00002aed808c2bd9 in cling::Interpreter::RunFunction(clang::FunctionDecl const*, cling::Value*) [clone .part.280] () from /cvmfs/cms.cern.ch/slc6_amd64_gcc630/lcg/root/6.10.08-elfike2/lib/libCling.so
#269 0x00002aed808c5fad in cling::Interpreter::EvaluateInternal(std::__cxx11::basic_string<char, std::char_traits<char>, std::allocator<char> > const&, cling::CompilationOptions, cling::Value*, cling::Transaction**, unsigned long) () from /cvmfs/cms.cern.ch/slc6_amd64_gcc630/lcg/root/6.10.08-elfike2/lib/libCling.so
#270 0x00002aed808c6201 in cling::Interpreter::echo(std::__cxx11::basic_string<char, std::char_traits<char>, std::allocator<char> > const&, cling::Value*) () from /cvmfs/cms.cern.ch/slc6_amd64_gcc630/lcg/root/6.10.08-elfike2/lib/libCling.so
#271 0x00002aed8095404a in cling::MetaSema::actOnxCommand(llvm::StringRef, llvm::StringRef, cling::Value*) () from /cvmfs/cms.cern.ch/slc6_amd64_gcc630/lcg/root/6.10.08-elfike2/lib/libCling.so
#272 0x00002aed8095f746 in cling::MetaParser::isXCommand(cling::MetaSema::ActionResult&, cling::Value*) () from /cvmfs/cms.cern.ch/slc6_amd64_gcc630/lcg/root/6.10.08-elfike2/lib/libCling.so
#273 0x00002aed809607fe in cling::MetaParser::isCommand(cling::MetaSema::ActionResult&, cling::Value*) () from /cvmfs/cms.cern.ch/slc6_amd64_gcc630/lcg/root/6.10.08-elfike2/lib/libCling.so
#274 0x00002aed8094d9c9 in cling::MetaProcessor::process(char const*, cling::Interpreter::CompilationResult&, cling::Value*, bool) () from /cvmfs/cms.cern.ch/slc6_amd64_gcc630/lcg/root/6.10.08-elfike2/lib/libCling.so
#275 0x00002aed80851241 in HandleInterpreterException(cling::MetaProcessor*, char const*, cling::Interpreter::CompilationResult&, cling::Value*) () from /cvmfs/cms.cern.ch/slc6_amd64_gcc630/lcg/root/6.10.08-elfike2/lib/libCling.so
#276 0x00002aed80861216 in TCling::ProcessLine(char const*, TInterpreter::EErrorCode*) () from /cvmfs/cms.cern.ch/slc6_amd64_gcc630/lcg/root/6.10.08-elfike2/lib/libCling.so
#277 0x00002aed80853dbd in TCling::ProcessLineSynch(char const*, TInterpreter::EErrorCode*) () from /cvmfs/cms.cern.ch/slc6_amd64_gcc630/lcg/root/6.10.08-elfike2/lib/libCling.so
#278 0x00002aed7e531aa7 in TApplication::ExecuteFile(char const*, int*, bool) () from /cvmfs/cms.cern.ch/slc6_amd64_gcc630/lcg/root/6.10.08-elfike2/lib/libCore.so
#279 0x00002aed7e533773 in TApplication::ProcessLine(char const*, bool, int*) () from /cvmfs/cms.cern.ch/slc6_amd64_gcc630/lcg/root/6.10.08-elfike2/lib/libCore.so
#280 0x00002aed7e17673e in TRint::ProcessLineNr(char const*, char const*, int*) () from /cvmfs/cms.cern.ch/slc6_amd64_gcc630/lcg/root/6.10.08-elfike2/lib/libRint.so
#281 0x00002aed7e177c57 in TRint::Run(bool) () from /cvmfs/cms.cern.ch/slc6_amd64_gcc630/lcg/root/6.10.08-elfike2/lib/libRint.so
#282 0x0000000000400b9c in main ()
Error in <HandleInterpreterException>: Trying to dereference null pointer or trying to call routine taking non-null arguments.
Execution of your code was aborted.
In file included from input_line_8:1:
/eos/cms/store/group/phys_exotica/darkPhoton/schhibra/ScoutingNTuples2017/jobs_data_v7/trim_gethisto_data_20190513_192407_scout_2.C:67:12: warning: null passed to a callee that requires a non-null argument [-Wnonnull]
      sort(muon4s->begin(), muon4s->end(), muonSorter);
           ^~~~~~
