DEBUG 2019-05-08 23:03:40,339: 	 Executing command: 'submit'
DEBUG 2019-05-08 23:03:40,339: 	 Found CRAB cache file /afs/cern.ch/user/s/schhibra/.crab3
DEBUG 2019-05-08 23:03:40,352: 	 Checking credentials
DEBUG 2019-05-08 23:03:40,353: 	 Found proxy file /tmp/x509up_u59012
DEBUG 2019-05-08 23:03:40,353: 	 Getting proxy life time left
DEBUG 2019-05-08 23:03:41,369: 	 Executing : 
 command : voms-proxy-info -file /tmp/x509up_u59012 -timeleft
 output : 597221

 error: 
 retcode : 0
DEBUG 2019-05-08 23:03:42,279: 	 Executing : 
 command : voms-proxy-info -file /tmp/x509up_u59012 -actimeleft
 output : 597220

 error: 
 retcode : 0
DEBUG 2019-05-08 23:03:42,279: 	 Proxy lifetime 597221 secs is different from voms extension lifetime 597220 secs for proxy: /tmp/x509up_u59012
DEBUG 2019-05-08 23:03:42,280: 	 Proxy valid for 165:53:40 hours
INFO 2019-05-08 23:03:42,280: 	 Will use CRAB configuration file crabConfig.py
DEBUG 2019-05-08 23:03:42,280: 	 Loading CRAB configuration file.
DEBUG 2019-05-08 23:03:42,289: 	 Will use CRAB Analysis plugin (i.e. will run an analysis job type).
DEBUG 2019-05-08 23:03:42,466: 	 Executing : 
 command : openssl x509 -in ~/.globus/usercert.pem -subject -noout
 output : subject= /DC=ch/DC=cern/OU=Organic Units/OU=Users/CN=schhibra/CN=715612/CN=Simranjit Singh Chhibra

 error: 
 retcode : 0
DEBUG 2019-05-08 23:03:42,467: 	 Checking credentials
DEBUG 2019-05-08 23:03:42,467: 	 Found proxy file /tmp/x509up_u59012
DEBUG 2019-05-08 23:03:42,467: 	 Getting proxy life time left
DEBUG 2019-05-08 23:03:43,386: 	 Executing : 
 command : voms-proxy-info -file /tmp/x509up_u59012 -timeleft
 output : 597219

 error: 
 retcode : 0
DEBUG 2019-05-08 23:03:44,403: 	 Executing : 
 command : voms-proxy-info -file /tmp/x509up_u59012 -actimeleft
 output : 597218

 error: 
 retcode : 0
DEBUG 2019-05-08 23:03:44,404: 	 Proxy lifetime 597219 secs is different from voms extension lifetime 597218 secs for proxy: /tmp/x509up_u59012
DEBUG 2019-05-08 23:03:44,404: 	 Proxy valid for 165:53:38 hours
DEBUG 2019-05-08 23:03:45,323: 	 Executing : 
 command : env X509_USER_PROXY=/tmp/x509up_u59012 voms-proxy-info -fqan
 output : /cms/Role=NULL/Capability=NULL

 error: 
 retcode : 0
DEBUG 2019-05-08 23:03:45,483: 	 Registering user credentials for server /DC=ch/DC=cern/OU=computers/CN=vocms(052|058|030|0118|0105|0109).cern.ch|/DC=ch/DC=cern/OU=computers/CN=crab-(preprod|prod)-tw(02|01).cern.ch
DEBUG 2019-05-08 23:03:45,600: 	 Executing : 
 command : openssl x509 -in ~/.globus/usercert.pem -subject -noout
 output : subject= /DC=ch/DC=cern/OU=Organic Units/OU=Users/CN=schhibra/CN=715612/CN=Simranjit Singh Chhibra

 error: 
 retcode : 0
DEBUG 2019-05-08 23:03:45,600: 	 Getting myproxy life time left for myproxy.cern.ch
DEBUG 2019-05-08 23:03:45,601: 	 Calculating hash of /DC=ch/DC=cern/OU=Organic Units/OU=Users/CN=schhibra/CN=715612/CN=Simranjit Singh Chhibra_cmsweb.cern.ch for credential name
DEBUG 2019-05-08 23:03:45,808: 	 Executing : 
 command : myproxy-info -l 3841cd59f3d3480019d577f9a3ad69704f35aad0 -s myproxy.cern.ch
 output : username: 3841cd59f3d3480019d577f9a3ad69704f35aad0
owner: /DC=ch/DC=cern/OU=Organic Units/OU=Users/CN=schhibra/CN=715612/CN=Simranjit Singh Chhibra
  renewal policy: /DC=ch/DC=cern/OU=computers/CN=vocms(052|058|030|0118|0105|0109).cern.ch|/DC=ch/DC=cern/OU=computers/CN=crab-(preprod|prod)-tw(02|01).cern.ch
  trusted retrieval policy: /DC=ch/DC=cern/OU=computers/CN=vocms(052|058|030|0118|0105|0109).cern.ch|/DC=ch/DC=cern/OU=computers/CN=crab-(preprod|prod)-tw(02|01).cern.ch
  timeleft: 547:20:38  (22.8 days)

 error: 
 retcode : 0
DEBUG 2019-05-08 23:03:45,810: 	 Myproxy is valid: 1970438
DEBUG 2019-05-08 23:03:45,810: 	 Command use: submit
DEBUG 2019-05-08 23:03:45,810: 	 Options use: ['crabConfig.py']
DEBUG 2019-05-08 23:03:45,922: 	 CRABClient version: 3.3.1904
DEBUG 2019-05-08 23:03:45,922: 	 Instance is prod
DEBUG 2019-05-08 23:03:45,922: 	 Server base url is cmsweb.cern.ch
DEBUG 2019-05-08 23:03:45,922: 	 Command url /crabserver/prod/workflow
DEBUG 2019-05-08 23:03:45,922: 	 Started submission
DEBUG 2019-05-08 23:03:45,922: 	 Working on /afs/cern.ch/work/s/schhibra/DarkPhotonSearch_v2/CMSSW_9_4_14/src/ScoutingAnalysis/TreeMaker/crab/ZdScoutingM40_L1_12_5_L1_15_7_Official_AccXEff/crab_20190508_230342
DEBUG 2019-05-08 23:03:46,065: 	 Loading required information from the environment
DEBUG 2019-05-08 23:03:46,065: 	 Found CMSSW_9_4_14 for slc6_amd64_gcc630 with base /afs/cern.ch/work/s/schhibra/DarkPhotonSearch_v2/CMSSW_9_4_14
DEBUG 2019-05-08 23:03:46,065: 	 Loading required information from the environment
DEBUG 2019-05-08 23:03:46,065: 	 Found CMSSW_9_4_14 for slc6_amd64_gcc630 with base /afs/cern.ch/work/s/schhibra/DarkPhotonSearch_v2/CMSSW_9_4_14
DEBUG 2019-05-08 23:03:46,094: 	 UNIQUE NAME: tarUUID a5c7a4ec-5e36-46e0-bb1b-38d58521575a 
DEBUG 2019-05-08 23:03:46,095: 	 self.config: from WMCore.Configuration import Configuration
config = Configuration()
config.section_('General')
config.section_('JobType')
config.JobType.psetName = '../../test/tree_scout_cfg.py'
config.JobType.pluginName = 'Analysis'
config.JobType.inputFiles = ['../Rochester.tar.gz']
config.JobType.pyCfgParams = ['isMC=True', 'useLHEWeights=True', 'GlobalTag=94X_mc2017_realistic_v11', 'roccorData=Rochester/RoccoR2017.txt']
config.JobType.scriptExe = '../exec.sh'
config.section_('Data')
config.Data.inputDataset = '/DarkPhotonToMuMu_M40_madgraph_pythia8_TuneCP5/RunIIFall17DRPremix-PU2017_94X_mc2017_realistic_v11-v1/AODSIM'
config.Data.unitsPerJob = 10000
config.Data.publication = False
config.Data.splitting = 'EventAwareLumiBased'
config.Data.outLFNDirBase = '/store/group/phys_exotica/darkPhoton/schhibra/ScoutingNTuples2017'
config.section_('Site')
config.Site.storageSite = 'T2_CH_CERN'
config.section_('User')
config.section_('Debug')

DEBUG 2019-05-08 23:03:46,095: 	 self.config.JobType.psetName: ../../test/tree_scout_cfg.py
INFO 2019-05-08 23:03:46,096: 	 Importing CMSSW configuration ../../test/tree_scout_cfg.py
DEBUG 2019-05-08 23:03:46,096: 	 Additional parameters for the CMSSW configuration are: ['isMC=True', 'useLHEWeights=True', 'GlobalTag=94X_mc2017_realistic_v11', 'roccorData=Rochester/RoccoR2017.txt']
INFO 2019-05-08 23:03:48,205: 	 Finished importing CMSSW configuration ../../test/tree_scout_cfg.py
DEBUG 2019-05-08 23:03:48,205: 	 Writing CMSSW configuration to /afs/cern.ch/work/s/schhibra/DarkPhotonSearch_v2/CMSSW_9_4_14/src/ScoutingAnalysis/TreeMaker/crab/ZdScoutingM40_L1_12_5_L1_15_7_Official_AccXEff/crab_20190508_230342/inputs/PSet.py
DEBUG 2019-05-08 23:03:48,628: 	 The following EDM output files will be collected: []
DEBUG 2019-05-08 23:03:48,628: 	 The following TFile output files will be collected: ['tree_scout.root']
DEBUG 2019-05-08 23:03:48,628: 	 The following user output files will be collected: []
DEBUG 2019-05-08 23:03:48,628: 	 Loading required information from the environment
DEBUG 2019-05-08 23:03:48,628: 	 Found CMSSW_9_4_14 for slc6_amd64_gcc630 with base /afs/cern.ch/work/s/schhibra/DarkPhotonSearch_v2/CMSSW_9_4_14
DEBUG 2019-05-08 23:03:48,628: 	 Making tarball in /afs/cern.ch/work/s/schhibra/DarkPhotonSearch_v2/CMSSW_9_4_14/src/ScoutingAnalysis/TreeMaker/crab/ZdScoutingM40_L1_12_5_L1_15_7_Official_AccXEff/crab_20190508_230342/inputs/a5c7a4ec-5e36-46e0-bb1b-38d58521575adefault.tgz
DEBUG 2019-05-08 23:03:48,636: 	 Checking directory /afs/cern.ch/work/s/schhibra/DarkPhotonSearch_v2/CMSSW_9_4_14/lib
DEBUG 2019-05-08 23:03:48,636: 	 Adding directory /afs/cern.ch/work/s/schhibra/DarkPhotonSearch_v2/CMSSW_9_4_14/lib to tarball
DEBUG 2019-05-08 23:03:48,648: 	 Checking directory /afs/cern.ch/work/s/schhibra/DarkPhotonSearch_v2/CMSSW_9_4_14/biglib
DEBUG 2019-05-08 23:03:48,648: 	 Adding directory /afs/cern.ch/work/s/schhibra/DarkPhotonSearch_v2/CMSSW_9_4_14/biglib to tarball
DEBUG 2019-05-08 23:03:48,649: 	 Checking directory /afs/cern.ch/work/s/schhibra/DarkPhotonSearch_v2/CMSSW_9_4_14/module
DEBUG 2019-05-08 23:03:48,651: 	 Adding data directory /afs/cern.ch/work/s/schhibra/DarkPhotonSearch_v2/CMSSW_9_4_14/src/ScoutingAnalysis/TreeMaker/data to tarball
DEBUG 2019-05-08 23:03:48,872: 	 Adding data directory /afs/cern.ch/work/s/schhibra/DarkPhotonSearch_v2/CMSSW_9_4_14/src/ScoutingAnalysis/TreeMaker/interface to tarball
DEBUG 2019-05-08 23:03:48,896: 	 Adding file ../Rochester.tar.gz to tarball
DEBUG 2019-05-08 23:03:49,249: 	 Uploading archive /afs/cern.ch/work/s/schhibra/DarkPhotonSearch_v2/CMSSW_9_4_14/src/ScoutingAnalysis/TreeMaker/crab/ZdScoutingM40_L1_12_5_L1_15_7_Official_AccXEff/crab_20190508_230342/inputs/a5c7a4ec-5e36-46e0-bb1b-38d58521575adefault.tgz (1.385742.1 MB) to the CRAB cache. Using URI https://cmsweb.cern.ch/crabcache
DEBUG 2019-05-08 23:03:50,548: 	 Loading required information from the environment
DEBUG 2019-05-08 23:03:50,548: 	 Found CMSSW_9_4_14 for slc6_amd64_gcc630 with base /afs/cern.ch/work/s/schhibra/DarkPhotonSearch_v2/CMSSW_9_4_14
DEBUG 2019-05-08 23:03:50,548: 	 Making tarball in /afs/cern.ch/work/s/schhibra/DarkPhotonSearch_v2/CMSSW_9_4_14/src/ScoutingAnalysis/TreeMaker/crab/ZdScoutingM40_L1_12_5_L1_15_7_Official_AccXEff/crab_20190508_230342/inputs/debugFiles.tgz
DEBUG 2019-05-08 23:03:50,555: 	 Uploading archive /afs/cern.ch/work/s/schhibra/DarkPhotonSearch_v2/CMSSW_9_4_14/src/ScoutingAnalysis/TreeMaker/crab/ZdScoutingM40_L1_12_5_L1_15_7_Official_AccXEff/crab_20190508_230342/inputs/debugFiles.tgz (2 KB) to the CRAB cache. Using URI https://cmsweb.cern.ch/crabcache
DEBUG 2019-05-08 23:03:50,700: 	 Result uploading input files: 202ff77a57cd694dca7493871a5db3be4cad6fd6c3a711e91d5ea562ffe1ebed.tar.gz 
INFO 2019-05-08 23:03:50,700: 	 Sending the request to the server
DEBUG 2019-05-08 23:03:50,700: 	 Submitting {'maxjobruntime': 1250, 'extrajdl': [], 'lfn': '/store/group/phys_exotica/darkPhoton/schhibra/ScoutingNTuples2017', 'savelogsflag': 0, 'useparent': 0, 'scriptexe': 'exec.sh', 'asyncdest': 'T2_CH_CERN', 'algoargs': 10000, 'cachefilename': '202ff77a57cd694dca7493871a5db3be4cad6fd6c3a711e91d5ea562ffe1ebed.tar.gz', 'numcores': 1, 'addoutputfiles': [], 'generator': 'pythia', 'maxmemory': 2000, 'publishdbsurl': 'https://cmsweb.cern.ch/dbs/prod/phys03/DBSWriter', 'priority': 10, 'jobsw': 'CMSSW_9_4_14', 'edmoutfiles': [], 'userfiles': [], 'primarydataset': '', 'inputdata': '/DarkPhotonToMuMu_M40_madgraph_pythia8_TuneCP5/RunIIFall17DRPremix-PU2017_94X_mc2017_realistic_v11-v1/AODSIM', 'ignorelocality': 0, 'dryrun': 0, 'workflow': 'crab_20190508_230342', 'cacheurl': u'https://cmsweb.cern.ch/crabcache', 'nonprodsw': 0, 'tfileoutfiles': ['tree_scout.root'], 'oneEventMode': 0, 'debugfilename': 'f211d4027cb4fee7943c3c1bea94f63d69000557441e96deb1e9a69da1af042e.tar.gz', 'saveoutput': 1, 'publication': 0, 'jobarch': 'slc6_amd64_gcc630', 'totalunits': 0, 'splitalgo': 'EventAwareLumiBased', 'ignoreglobalblacklist': 0, 'nonvaliddata': 0, 'dbsurl': 'https://cmsweb.cern.ch/dbs/prod/global/DBSReader', 'publishgroupname': 0, 'jobtype': 'Analysis', 'publishname2': ''} 
DEBUG 2019-05-08 23:03:50,701: 	 Encoded submit request: maxjobruntime=1250&lfn=%2Fstore%2Fgroup%2Fphys_exotica%2FdarkPhoton%2Fschhibra%2FScoutingNTuples2017&savelogsflag=0&useparent=0&scriptexe=exec.sh&asyncdest=T2_CH_CERN&algoargs=10000&cachefilename=202ff77a57cd694dca7493871a5db3be4cad6fd6c3a711e91d5ea562ffe1ebed.tar.gz&numcores=1&generator=pythia&maxmemory=2000&publishdbsurl=https%3A%2F%2Fcmsweb.cern.ch%2Fdbs%2Fprod%2Fphys03%2FDBSWriter&priority=10&jobsw=CMSSW_9_4_14&primarydataset=&inputdata=%2FDarkPhotonToMuMu_M40_madgraph_pythia8_TuneCP5%2FRunIIFall17DRPremix-PU2017_94X_mc2017_realistic_v11-v1%2FAODSIM&ignorelocality=0&dryrun=0&workflow=crab_20190508_230342&cacheurl=https%3A%2F%2Fcmsweb.cern.ch%2Fcrabcache&nonprodsw=0&oneEventMode=0&debugfilename=f211d4027cb4fee7943c3c1bea94f63d69000557441e96deb1e9a69da1af042e.tar.gz&saveoutput=1&publication=0&jobarch=slc6_amd64_gcc630&totalunits=0&splitalgo=EventAwareLumiBased&ignoreglobalblacklist=0&nonvaliddata=0&dbsurl=https%3A%2F%2Fcmsweb.cern.ch%2Fdbs%2Fprod%2Fglobal%2FDBSReader&publishgroupname=0&jobtype=Analysis&publishname2=&tfileoutfiles=tree_scout.root
DEBUG 2019-05-08 23:03:50,980: 	 Result: {u'result': [{u'RequestName': u'190508_210350:schhibra_crab_20190508_230342'}]}
INFO 2019-05-08 23:03:50,982: 	 Success: Your task has been delivered to the CRAB3 server.
INFO 2019-05-08 23:03:50,982: 	 Task name: 190508_210350:schhibra_crab_20190508_230342
INFO 2019-05-08 23:03:50,982: 	 Project dir: ./crab_20190508_230342
INFO 2019-05-08 23:03:50,983: 	 Please use 'crab status -d ./crab_20190508_230342' to check how the submission process proceeds.
DEBUG 2019-05-08 23:03:50,983: 	 About to return
INFO 2019-05-08 23:03:50,986: 	 Log file is /afs/cern.ch/work/s/schhibra/DarkPhotonSearch_v2/CMSSW_9_4_14/src/ScoutingAnalysis/TreeMaker/crab/ZdScoutingM40_L1_12_5_L1_15_7_Official_AccXEff/crab_20190508_230342/crab.log
DEBUG 2019-05-09 13:50:47,313: 	 Executing command: 'status'
DEBUG 2019-05-09 13:50:47,314: 	 Found CRAB cache file /afs/cern.ch/user/s/schhibra/.crab3
DEBUG 2019-05-09 13:50:47,340: 	 Checking credentials
DEBUG 2019-05-09 13:50:47,341: 	 Found proxy file /tmp/x509up_u59012
DEBUG 2019-05-09 13:50:47,341: 	 Getting proxy life time left
DEBUG 2019-05-09 13:50:48,351: 	 Executing : 
 command : voms-proxy-info -file /tmp/x509up_u59012 -timeleft
 output : 85022

 error: 
 retcode : 0
DEBUG 2019-05-09 13:50:49,465: 	 Executing : 
 command : voms-proxy-info -file /tmp/x509up_u59012 -actimeleft
 output : 85020

 error: 
 retcode : 0
DEBUG 2019-05-09 13:50:49,466: 	 Proxy lifetime 85022 secs is different from voms extension lifetime 85020 secs for proxy: /tmp/x509up_u59012
DEBUG 2019-05-09 13:50:49,466: 	 Proxy valid for 23:37:00 hours
DEBUG 2019-05-09 13:50:49,612: 	 Executing : 
 command : openssl x509 -in ~/.globus/usercert.pem -subject -noout
 output : subject= /DC=ch/DC=cern/OU=Organic Units/OU=Users/CN=schhibra/CN=715612/CN=Simranjit Singh Chhibra

 error: 
 retcode : 0
DEBUG 2019-05-09 13:50:49,613: 	 Checking credentials
DEBUG 2019-05-09 13:50:49,613: 	 Found proxy file /tmp/x509up_u59012
DEBUG 2019-05-09 13:50:49,613: 	 Getting proxy life time left
DEBUG 2019-05-09 13:50:50,521: 	 Executing : 
 command : voms-proxy-info -file /tmp/x509up_u59012 -timeleft
 output : 85020

 error: 
 retcode : 0
DEBUG 2019-05-09 13:50:51,430: 	 Executing : 
 command : voms-proxy-info -file /tmp/x509up_u59012 -actimeleft
 output : 85018

 error: 
 retcode : 0
DEBUG 2019-05-09 13:50:51,431: 	 Proxy lifetime 85020 secs is different from voms extension lifetime 85018 secs for proxy: /tmp/x509up_u59012
DEBUG 2019-05-09 13:50:51,431: 	 Proxy valid for 23:36:58 hours
DEBUG 2019-05-09 13:50:53,058: 	 Registering user credentials for server /DC=ch/DC=cern/OU=computers/CN=vocms(052|058|030|0118|0105|0109).cern.ch|/DC=ch/DC=cern/OU=computers/CN=crab-(preprod|prod)-tw(02|01).cern.ch
DEBUG 2019-05-09 13:50:53,178: 	 Executing : 
 command : openssl x509 -in ~/.globus/usercert.pem -subject -noout
 output : subject= /DC=ch/DC=cern/OU=Organic Units/OU=Users/CN=schhibra/CN=715612/CN=Simranjit Singh Chhibra

 error: 
 retcode : 0
DEBUG 2019-05-09 13:50:53,179: 	 Getting myproxy life time left for myproxy.cern.ch
DEBUG 2019-05-09 13:50:53,179: 	 Calculating hash of /DC=ch/DC=cern/OU=Organic Units/OU=Users/CN=schhibra/CN=715612/CN=Simranjit Singh Chhibra_cmsweb.cern.ch for credential name
DEBUG 2019-05-09 13:50:53,386: 	 Executing : 
 command : myproxy-info -l 3841cd59f3d3480019d577f9a3ad69704f35aad0 -s myproxy.cern.ch
 output : username: 3841cd59f3d3480019d577f9a3ad69704f35aad0
owner: /DC=ch/DC=cern/OU=Organic Units/OU=Users/CN=schhibra/CN=715612/CN=Simranjit Singh Chhibra
  renewal policy: /DC=ch/DC=cern/OU=computers/CN=vocms(052|058|030|0118|0105|0109).cern.ch|/DC=ch/DC=cern/OU=computers/CN=crab-(preprod|prod)-tw(02|01).cern.ch
  trusted retrieval policy: /DC=ch/DC=cern/OU=computers/CN=vocms(052|058|030|0118|0105|0109).cern.ch|/DC=ch/DC=cern/OU=computers/CN=crab-(preprod|prod)-tw(02|01).cern.ch
  timeleft: 532:33:30  (22.2 days)

 error: 
 retcode : 0
DEBUG 2019-05-09 13:50:53,387: 	 Myproxy is valid: 1917210
DEBUG 2019-05-09 13:50:53,388: 	 Command use: status
DEBUG 2019-05-09 13:50:53,388: 	 Options use: ['ZdScoutingM40_L1_12_5_L1_15_7_Official_AccXEff/crab_20190508_230342/']
DEBUG 2019-05-09 13:50:55,979: 	 CRABClient version: 3.3.1904
DEBUG 2019-05-09 13:50:55,979: 	 Instance is prod
DEBUG 2019-05-09 13:50:55,979: 	 Server base url is cmsweb.cern.ch
DEBUG 2019-05-09 13:50:55,979: 	 Command url /crabserver/prod/workflow
DEBUG 2019-05-09 13:50:58,569: 	 Got information from server oracle database: {u'result': [u'190508_210350:schhibra_crab_20190508_230342', u'None', u'None', u'SUBMITTED', u'SUBMIT', u'2019-05-08 21:03:50.963659', u'None', u'2019-05-08 21:06:34.366529', u'None', u'CMSSW_9_4_14', u'slc6_amd64_gcc630', u'/DarkPhotonToMuMu_M40_madgraph_pythia8_TuneCP5/RunIIFall17DRPremix-PU2017_94X_mc2017_realistic_v11-v1/AODSIM', u'F', u'0', u'[]', u'[]', u'EventAwareLumiBased', u"{'splitOnRun': False, 'events_per_job': 10000, 'halt_job_on_file_boundaries': False, 'runs': [], 'lumis': []}", u'202ff77a57cd694dca7493871a5db3be4cad6fd6c3a711e91d5ea562ffe1ebed.tar.gz', u'https://cmsweb.cern.ch/crabcache', u'schhibra', u'/DC=ch/DC=cern/OU=Organic Units/OU=Users/CN=schhibra/CN=715612/CN=Simranjit Singh Chhibra', u'cms', u'None', u'None', u'crab_20190508_230342-00000000000000000000000000000000', u'F', u'T2_CH_CERN', u'https://cmsweb.cern.ch/dbs/prod/global/DBSReader', u'https://cmsweb.cern.ch/dbs/prod/phys03/DBSWriter', u'F', u'[]', u"['tree_scout.root']", u'[]', u'Analysis', u'pythia', u'None', u'{}', u'[]', u'F', u'crab-prod-tw01', u'[]', u'1250', u'1', u'2000', u'10', u'None', u'[]', u'http://vocms0107.cern.ch/mon/cms175/190508_210350:schhibra_crab_20190508_230342', u'exec.sh', u'[]', u'[]', u'https://cmsweb.cern.ch/crabserver/prod', u'cmsgwms-collector-global.cern.ch:9620,cmssrv221.fnal.gov:9620', u'crab3@vocms0107.cern.ch', u'F', u'[]', u'T', u'/store/group/phys_exotica/darkPhoton/schhibra/ScoutingNTuples2017', u'F', u'None', u'F', u'None', u'DarkPhotonToMuMu_M40_madgraph_pythia8_TuneCP5', u'None', u'f211d4027cb4fee7943c3c1bea94f63d69000557441e96deb1e9a69da1af042e.tar.gz', u'39093000', u'filetransfers', u'F', u'188.185.115.30', u'0.0', u'None'], u'desc': {u'columns': [u'tm_taskname', u'tm_activity', u'panda_jobset_id', u'tm_task_status', u'tm_task_command', u'tm_start_time', u'tm_start_injection', u'tm_end_injection', u'tm_task_failure', u'tm_job_sw', u'tm_job_arch', u'tm_input_dataset', u'tm_nonvalid_input_dataset', u'tm_use_parent', u'tm_site_whitelist', u'tm_site_blacklist', u'tm_split_algo', u'tm_split_args', u'tm_user_sandbox', u'tm_cache_url', u'tm_username', u'tm_user_dn', u'tm_user_vo', u'tm_user_role', u'tm_user_group', u'tm_publish_name', u'tm_publish_groupname', u'tm_asyncdest', u'tm_dbs_url', u'tm_publish_dbs_url', u'tm_publication', u'tm_outfiles', u'tm_tfile_outfiles', u'tm_edm_outfiles', u'tm_job_type', u'tm_generator', u'tm_events_per_lumi', u'tm_arguments', u'panda_resubmitted_jobs', u'tm_save_logs', u'tw_name', u'tm_user_infiles', u'tm_maxjobruntime', u'tm_numcores', u'tm_maxmemory', u'tm_priority', u'tm_output_dataset', u'tm_task_warnings', u'tm_user_webdir', u'tm_scriptexe', u'tm_scriptargs', u'tm_extrajdl', u'tm_asourl', u'tm_collector', u'tm_schedd', u'tm_dry_run', u'tm_user_files', u'tm_transfer_outputs', u'tm_output_lfn', u'tm_ignore_locality', u'tm_fail_limit', u'tm_one_event_mode', u'tm_secondary_input_dataset', u'tm_primary_dataset', u'tm_last_publication', u'tm_debug_files', u'clusterid', u'tm_asodb', u'tm_ignore_global_blacklist', u'tm_submitter_ip_addr', u'tm_totalunits', u'tm_ddm_reqid']}}
INFO 2019-05-09 13:50:58,570: 	 CRAB project directory:		/afs/cern.ch/work/s/schhibra/DarkPhotonSearch_v2/CMSSW_9_4_14/src/ScoutingAnalysis/TreeMaker/crab/ZdScoutingM40_L1_12_5_L1_15_7_Official_AccXEff/crab_20190508_230342
INFO 2019-05-09 13:50:58,570: 	 Task name:			190508_210350:schhibra_crab_20190508_230342
INFO 2019-05-09 13:50:58,570: 	 Grid scheduler - Task Worker:	crab3@vocms0107.cern.ch - crab-prod-tw01
INFO 2019-05-09 13:50:58,571: 	 Status on the CRAB server:	SUBMITTED
INFO 2019-05-09 13:50:58,571: 	 Task URL to use for HELP:	https://cmsweb.cern.ch/crabserver/ui/task/190508_210350%3Aschhibra_crab_20190508_230342
INFO 2019-05-09 13:50:58,571: 	 Dashboard monitoring URL:	http://dashb-cms-job.cern.ch/dashboard/templates/task-analysis/#user=schhibra&refresh=0&table=Jobs&p=1&records=25&activemenu=2&status=&site=&tid=190508_210350%3Aschhibra_crab_20190508_230342
INFO 2019-05-09 13:50:58,571: 	 New dashboard monitoring URL:	https://monit-grafana.cern.ch/d/cmsTMDetail/cms-task-monitoring-task-view?orgId=11&var-user=schhibra&var-task=190508_210350%3Aschhibra_crab_20190508_230342
INFO 2019-05-09 13:50:58,571: 	 In case of issues with the new dashboard, please provide feedback to hn-cms-computing-tools@cern.ch
DEBUG 2019-05-09 13:50:58,571: 	 The CRAB server submitted your task to the Grid scheduler (cluster ID: 39093000)
DEBUG 2019-05-09 13:50:58,571: 	 Webdir is located at http://vocms0107.cern.ch/mon/cms175/190508_210350:schhibra_crab_20190508_230342
DEBUG 2019-05-09 13:50:58,697: 	 Proxied webdir is located at https://cmsweb.cern.ch/scheddmon/0107/cms175/190508_210350:schhibra_crab_20190508_230342
DEBUG 2019-05-09 13:50:58,697: 	 Retrieving 'status_cache' file from https://cmsweb.cern.ch/scheddmon/0107/cms175/190508_210350:schhibra_crab_20190508_230342/status_cache
DEBUG 2019-05-09 13:50:58,873: 	 Got information from status cache file: {'1': {'Retries': 0, 'WallDurations': [203.0, 264.8407299518585], 'StartTimes': [1557350336.0], 'SubmitTimes': [1557349608.0], 'JobIds': ['39093016.0'], 'EndTimes': [1557350539.0], 'Restarts': 0, 'RecordedSite': True, 'State': 'finished', 'ResidentSetSize': [2984], 'TotalUserCpuTimeHistory': [91], 'SiteHistory': ['Unknown', 'T2_US_Vanderbilt'], 'TotalSysCpuTimeHistory': [4]}, '3': {'Retries': 0, 'WallDurations': [8.0, 330.0], 'StartTimes': [1557350336.0], 'SubmitTimes': [1557349608.0], 'JobIds': ['39093018.0'], 'EndTimes': [1557350666.0], 'Restarts': 0, 'RecordedSite': True, 'State': 'finished', 'ResidentSetSize': [683240], 'TotalUserCpuTimeHistory': [226], 'SiteHistory': ['Unknown', 'T2_US_Vanderbilt'], 'TotalSysCpuTimeHistory': [7]}, '2': {'Retries': 0, 'WallDurations': [245.0, 264.8407299518585], 'StartTimes': [1557350336.0], 'SubmitTimes': [1557349607.0], 'JobIds': ['39093011.0'], 'EndTimes': [1557350581.0], 'Restarts': 0, 'RecordedSite': True, 'State': 'finished', 'ResidentSetSize': [28144], 'TotalUserCpuTimeHistory': [134], 'SiteHistory': ['Unknown', 'T2_US_Vanderbilt'], 'TotalSysCpuTimeHistory': [3]}, '5': {'Retries': 0, 'WallDurations': [9.0, 274.0], 'StartTimes': [1557350336.0], 'SubmitTimes': [1557349607.0], 'JobIds': ['39093014.0'], 'EndTimes': [1557350610.0], 'Restarts': 0, 'RecordedSite': True, 'State': 'finished', 'ResidentSetSize': [3096], 'TotalUserCpuTimeHistory': [173], 'SiteHistory': ['Unknown', 'T2_US_Vanderbilt'], 'TotalSysCpuTimeHistory': [6]}, '4': {'Retries': 0, 'WallDurations': [10.0, 283.0], 'StartTimes': [1557350335.0], 'SubmitTimes': [1557349607.0], 'JobIds': ['39093012.0'], 'EndTimes': [1557350618.0], 'Restarts': 0, 'RecordedSite': True, 'State': 'finished', 'ResidentSetSize': [2748], 'TotalUserCpuTimeHistory': [205], 'SiteHistory': ['Unknown', 'T2_US_MIT'], 'TotalSysCpuTimeHistory': [8]}}
INFO 2019-05-09 13:50:58,873: 	 Status on the scheduler:	COMPLETED
INFO 2019-05-09 13:50:58,874: 	 
Jobs status:                    finished     		100.0% (5/5)
INFO 2019-05-09 13:50:58,874: 	 
No publication information (publication has been disabled in the CRAB configuration file)
INFO 2019-05-09 13:50:58,875: 	 
Warning: the max jobs runtime is less than 30% of the task requested value (1250 min), please consider to request a lower value for failed jobs (allowed through crab resubmit) and/or improve the jobs splitting (e.g. config.Data.splitting = 'Automatic') in a new task.
INFO 2019-05-09 13:50:58,875: 	 
Summary of run jobs:
 * Memory: 2MB min, 667MB max, 141MB ave
 * Runtime: 0:04:24 min, 0:05:30 max, 0:04:43 ave
 * CPU eff: 36% min, 75% max, 60% ave
 * Waste: 0:07:55 (25% of total)

INFO 2019-05-09 13:50:58,958: 	 Log file is /afs/cern.ch/work/s/schhibra/DarkPhotonSearch_v2/CMSSW_9_4_14/src/ScoutingAnalysis/TreeMaker/crab/ZdScoutingM40_L1_12_5_L1_15_7_Official_AccXEff/crab_20190508_230342/crab.log
