DEBUG 2019-05-13 19:17:09,634: 	 Executing command: 'submit'
DEBUG 2019-05-13 19:17:09,635: 	 Found CRAB cache file /afs/cern.ch/user/s/schhibra/.crab3
DEBUG 2019-05-13 19:17:09,643: 	 Checking credentials
DEBUG 2019-05-13 19:17:09,644: 	 Found proxy file /tmp/x509up_u59012
DEBUG 2019-05-13 19:17:09,644: 	 Getting proxy life time left
DEBUG 2019-05-13 19:17:10,551: 	 Executing : 
 command : voms-proxy-info -file /tmp/x509up_u59012 -timeleft
 output : 603915

 error: 
 retcode : 0
DEBUG 2019-05-13 19:17:11,363: 	 Executing : 
 command : voms-proxy-info -file /tmp/x509up_u59012 -actimeleft
 output : 603914

 error: 
 retcode : 0
DEBUG 2019-05-13 19:17:11,363: 	 Proxy lifetime 603915 secs is different from voms extension lifetime 603914 secs for proxy: /tmp/x509up_u59012
DEBUG 2019-05-13 19:17:11,363: 	 Proxy valid for 167:45:14 hours
INFO 2019-05-13 19:17:11,364: 	 Will use CRAB configuration file crabConfig.py
DEBUG 2019-05-13 19:17:11,364: 	 Loading CRAB configuration file.
DEBUG 2019-05-13 19:17:11,395: 	 Will use CRAB Analysis plugin (i.e. will run an analysis job type).
DEBUG 2019-05-13 19:17:11,571: 	 Executing : 
 command : openssl x509 -in ~/.globus/usercert.pem -subject -noout
 output : subject= /DC=ch/DC=cern/OU=Organic Units/OU=Users/CN=schhibra/CN=715612/CN=Simranjit Singh Chhibra

 error: 
 retcode : 0
DEBUG 2019-05-13 19:17:11,572: 	 Checking credentials
DEBUG 2019-05-13 19:17:11,572: 	 Found proxy file /tmp/x509up_u59012
DEBUG 2019-05-13 19:17:11,572: 	 Getting proxy life time left
DEBUG 2019-05-13 19:17:12,380: 	 Executing : 
 command : voms-proxy-info -file /tmp/x509up_u59012 -timeleft
 output : 603913

 error: 
 retcode : 0
DEBUG 2019-05-13 19:17:13,188: 	 Executing : 
 command : voms-proxy-info -file /tmp/x509up_u59012 -actimeleft
 output : 603912

 error: 
 retcode : 0
DEBUG 2019-05-13 19:17:13,189: 	 Proxy lifetime 603913 secs is different from voms extension lifetime 603912 secs for proxy: /tmp/x509up_u59012
DEBUG 2019-05-13 19:17:13,189: 	 Proxy valid for 167:45:12 hours
DEBUG 2019-05-13 19:17:13,896: 	 Executing : 
 command : env X509_USER_PROXY=/tmp/x509up_u59012 voms-proxy-info -fqan
 output : /cms/Role=NULL/Capability=NULL

 error: 
 retcode : 0
DEBUG 2019-05-13 19:17:14,056: 	 Registering user credentials for server /DC=ch/DC=cern/OU=computers/CN=vocms(052|058|030|0118|0105|0109).cern.ch|/DC=ch/DC=cern/OU=computers/CN=crab-(preprod|prod)-tw(02|01).cern.ch
DEBUG 2019-05-13 19:17:14,170: 	 Executing : 
 command : openssl x509 -in ~/.globus/usercert.pem -subject -noout
 output : subject= /DC=ch/DC=cern/OU=Organic Units/OU=Users/CN=schhibra/CN=715612/CN=Simranjit Singh Chhibra

 error: 
 retcode : 0
DEBUG 2019-05-13 19:17:14,171: 	 Getting myproxy life time left for myproxy.cern.ch
DEBUG 2019-05-13 19:17:14,171: 	 Calculating hash of /DC=ch/DC=cern/OU=Organic Units/OU=Users/CN=schhibra/CN=715612/CN=Simranjit Singh Chhibra_cmsweb.cern.ch for credential name
DEBUG 2019-05-13 19:17:14,578: 	 Executing : 
 command : myproxy-info -l 3841cd59f3d3480019d577f9a3ad69704f35aad0 -s myproxy.cern.ch
 output : username: 3841cd59f3d3480019d577f9a3ad69704f35aad0
owner: /DC=ch/DC=cern/OU=Organic Units/OU=Users/CN=schhibra/CN=715612/CN=Simranjit Singh Chhibra
  renewal policy: /DC=ch/DC=cern/OU=computers/CN=vocms(052|058|030|0118|0105|0109).cern.ch|/DC=ch/DC=cern/OU=computers/CN=crab-(preprod|prod)-tw(02|01).cern.ch
  trusted retrieval policy: /DC=ch/DC=cern/OU=computers/CN=vocms(052|058|030|0118|0105|0109).cern.ch|/DC=ch/DC=cern/OU=computers/CN=crab-(preprod|prod)-tw(02|01).cern.ch
  timeleft: 431:07:09  (18.0 days)

 error: 
 retcode : 0
DEBUG 2019-05-13 19:17:14,580: 	 Myproxy is valid: 1552029
DEBUG 2019-05-13 19:17:14,580: 	 Command use: submit
DEBUG 2019-05-13 19:17:14,580: 	 Options use: []
DEBUG 2019-05-13 19:17:14,743: 	 CRABClient version: 3.3.1904
DEBUG 2019-05-13 19:17:14,743: 	 Instance is prod
DEBUG 2019-05-13 19:17:14,743: 	 Server base url is cmsweb.cern.ch
DEBUG 2019-05-13 19:17:14,743: 	 Command url /crabserver/prod/workflow
DEBUG 2019-05-13 19:17:14,743: 	 Started submission
DEBUG 2019-05-13 19:17:14,743: 	 Working on /afs/cern.ch/work/s/schhibra/DarkPhotonSearch_v2/CMSSW_9_4_14/src/ScoutingAnalysis/TreeMaker/crab/UpsilonMuMu_L1_12_5_L1_15_7/crab_20190513_191711
DEBUG 2019-05-13 19:17:14,891: 	 Loading required information from the environment
DEBUG 2019-05-13 19:17:14,891: 	 Found CMSSW_9_4_14 for slc6_amd64_gcc630 with base /afs/cern.ch/work/s/schhibra/DarkPhotonSearch_v2/CMSSW_9_4_14
DEBUG 2019-05-13 19:17:14,891: 	 Loading required information from the environment
DEBUG 2019-05-13 19:17:14,891: 	 Found CMSSW_9_4_14 for slc6_amd64_gcc630 with base /afs/cern.ch/work/s/schhibra/DarkPhotonSearch_v2/CMSSW_9_4_14
DEBUG 2019-05-13 19:17:14,913: 	 UNIQUE NAME: tarUUID 02f65a3a-ec53-4066-965d-4de79ac0ce5c 
DEBUG 2019-05-13 19:17:14,914: 	 self.config: from WMCore.Configuration import Configuration
config = Configuration()
config.section_('General')
config.section_('JobType')
config.JobType.psetName = '../../test/tree_scout_cfg.py'
config.JobType.pluginName = 'Analysis'
config.JobType.inputFiles = ['../Rochester.tar.gz']
config.JobType.pyCfgParams = ['isMC=True', 'useLHEWeights=True', 'applyHLTFilter=True', 'applyDimuonFilter=True', 'GlobalTag=94X_mc2017_realistic_v10', 'roccorData=Rochester/RoccoR2017.txt']
config.JobType.scriptExe = '../exec.sh'
config.section_('Data')
config.Data.inputDataset = '/UpsilonMuMu_UpsilonPt6_TuneCP5_13TeV-pythia8-evtgen/RunIIFall17DRPremix-RECOSIMstep_94X_mc2017_realistic_v10-v1/AODSIM'
config.Data.unitsPerJob = 50000
config.Data.publication = False
config.Data.splitting = 'EventAwareLumiBased'
config.Data.outLFNDirBase = '/store/group/phys_exotica/darkPhoton/schhibra/ScoutingNTuples2017'
config.section_('Site')
config.Site.storageSite = 'T2_CH_CERN'
config.section_('User')
config.section_('Debug')

DEBUG 2019-05-13 19:17:14,914: 	 self.config.JobType.psetName: ../../test/tree_scout_cfg.py
INFO 2019-05-13 19:17:14,915: 	 Importing CMSSW configuration ../../test/tree_scout_cfg.py
DEBUG 2019-05-13 19:17:14,915: 	 Additional parameters for the CMSSW configuration are: ['isMC=True', 'useLHEWeights=True', 'applyHLTFilter=True', 'applyDimuonFilter=True', 'GlobalTag=94X_mc2017_realistic_v10', 'roccorData=Rochester/RoccoR2017.txt']
INFO 2019-05-13 19:17:16,549: 	 Finished importing CMSSW configuration ../../test/tree_scout_cfg.py
DEBUG 2019-05-13 19:17:16,549: 	 Writing CMSSW configuration to /afs/cern.ch/work/s/schhibra/DarkPhotonSearch_v2/CMSSW_9_4_14/src/ScoutingAnalysis/TreeMaker/crab/UpsilonMuMu_L1_12_5_L1_15_7/crab_20190513_191711/inputs/PSet.py
DEBUG 2019-05-13 19:17:17,001: 	 The following EDM output files will be collected: []
DEBUG 2019-05-13 19:17:17,001: 	 The following TFile output files will be collected: ['tree_scout.root']
DEBUG 2019-05-13 19:17:17,001: 	 The following user output files will be collected: []
DEBUG 2019-05-13 19:17:17,002: 	 Loading required information from the environment
DEBUG 2019-05-13 19:17:17,002: 	 Found CMSSW_9_4_14 for slc6_amd64_gcc630 with base /afs/cern.ch/work/s/schhibra/DarkPhotonSearch_v2/CMSSW_9_4_14
DEBUG 2019-05-13 19:17:17,002: 	 Making tarball in /afs/cern.ch/work/s/schhibra/DarkPhotonSearch_v2/CMSSW_9_4_14/src/ScoutingAnalysis/TreeMaker/crab/UpsilonMuMu_L1_12_5_L1_15_7/crab_20190513_191711/inputs/02f65a3a-ec53-4066-965d-4de79ac0ce5cdefault.tgz
DEBUG 2019-05-13 19:17:17,007: 	 Checking directory /afs/cern.ch/work/s/schhibra/DarkPhotonSearch_v2/CMSSW_9_4_14/lib
DEBUG 2019-05-13 19:17:17,007: 	 Adding directory /afs/cern.ch/work/s/schhibra/DarkPhotonSearch_v2/CMSSW_9_4_14/lib to tarball
DEBUG 2019-05-13 19:17:17,025: 	 Checking directory /afs/cern.ch/work/s/schhibra/DarkPhotonSearch_v2/CMSSW_9_4_14/biglib
DEBUG 2019-05-13 19:17:17,025: 	 Adding directory /afs/cern.ch/work/s/schhibra/DarkPhotonSearch_v2/CMSSW_9_4_14/biglib to tarball
DEBUG 2019-05-13 19:17:17,026: 	 Checking directory /afs/cern.ch/work/s/schhibra/DarkPhotonSearch_v2/CMSSW_9_4_14/module
DEBUG 2019-05-13 19:17:17,027: 	 Adding data directory /afs/cern.ch/work/s/schhibra/DarkPhotonSearch_v2/CMSSW_9_4_14/src/ScoutingAnalysis/TreeMaker/data to tarball
DEBUG 2019-05-13 19:17:17,241: 	 Adding data directory /afs/cern.ch/work/s/schhibra/DarkPhotonSearch_v2/CMSSW_9_4_14/src/ScoutingAnalysis/TreeMaker/interface to tarball
DEBUG 2019-05-13 19:17:17,256: 	 Adding file ../Rochester.tar.gz to tarball
DEBUG 2019-05-13 19:17:17,623: 	 Uploading archive /afs/cern.ch/work/s/schhibra/DarkPhotonSearch_v2/CMSSW_9_4_14/src/ScoutingAnalysis/TreeMaker/crab/UpsilonMuMu_L1_12_5_L1_15_7/crab_20190513_191711/inputs/02f65a3a-ec53-4066-965d-4de79ac0ce5cdefault.tgz (1.385742.1 MB) to the CRAB cache. Using URI https://cmsweb.cern.ch/crabcache
DEBUG 2019-05-13 19:17:18,887: 	 Loading required information from the environment
DEBUG 2019-05-13 19:17:18,887: 	 Found CMSSW_9_4_14 for slc6_amd64_gcc630 with base /afs/cern.ch/work/s/schhibra/DarkPhotonSearch_v2/CMSSW_9_4_14
DEBUG 2019-05-13 19:17:18,887: 	 Making tarball in /afs/cern.ch/work/s/schhibra/DarkPhotonSearch_v2/CMSSW_9_4_14/src/ScoutingAnalysis/TreeMaker/crab/UpsilonMuMu_L1_12_5_L1_15_7/crab_20190513_191711/inputs/debugFiles.tgz
DEBUG 2019-05-13 19:17:18,893: 	 Uploading archive /afs/cern.ch/work/s/schhibra/DarkPhotonSearch_v2/CMSSW_9_4_14/src/ScoutingAnalysis/TreeMaker/crab/UpsilonMuMu_L1_12_5_L1_15_7/crab_20190513_191711/inputs/debugFiles.tgz (2 KB) to the CRAB cache. Using URI https://cmsweb.cern.ch/crabcache
DEBUG 2019-05-13 19:17:19,030: 	 Result uploading input files: df53b9a843ed471650fb3e571981f9e13eadbd1e2273e31fb2e567b6302f9658.tar.gz 
INFO 2019-05-13 19:17:19,030: 	 Sending the request to the server
DEBUG 2019-05-13 19:17:19,030: 	 Submitting {'maxjobruntime': 1250, 'extrajdl': [], 'lfn': '/store/group/phys_exotica/darkPhoton/schhibra/ScoutingNTuples2017', 'savelogsflag': 0, 'useparent': 0, 'scriptexe': 'exec.sh', 'asyncdest': 'T2_CH_CERN', 'algoargs': 50000, 'cachefilename': 'df53b9a843ed471650fb3e571981f9e13eadbd1e2273e31fb2e567b6302f9658.tar.gz', 'numcores': 1, 'addoutputfiles': [], 'generator': 'pythia', 'maxmemory': 2000, 'publishdbsurl': 'https://cmsweb.cern.ch/dbs/prod/phys03/DBSWriter', 'priority': 10, 'jobsw': 'CMSSW_9_4_14', 'edmoutfiles': [], 'userfiles': [], 'primarydataset': '', 'inputdata': '/UpsilonMuMu_UpsilonPt6_TuneCP5_13TeV-pythia8-evtgen/RunIIFall17DRPremix-RECOSIMstep_94X_mc2017_realistic_v10-v1/AODSIM', 'ignorelocality': 0, 'dryrun': 0, 'workflow': 'crab_20190513_191711', 'cacheurl': u'https://cmsweb.cern.ch/crabcache', 'nonprodsw': 0, 'tfileoutfiles': ['tree_scout.root'], 'oneEventMode': 0, 'debugfilename': '971fc2ef9ae4450f19bff3931625cda42f51d9e35ef40190374a53117e994a72.tar.gz', 'saveoutput': 1, 'publication': 0, 'jobarch': 'slc6_amd64_gcc630', 'totalunits': 0, 'splitalgo': 'EventAwareLumiBased', 'ignoreglobalblacklist': 0, 'nonvaliddata': 0, 'dbsurl': 'https://cmsweb.cern.ch/dbs/prod/global/DBSReader', 'publishgroupname': 0, 'jobtype': 'Analysis', 'publishname2': ''} 
DEBUG 2019-05-13 19:17:19,031: 	 Encoded submit request: maxjobruntime=1250&lfn=%2Fstore%2Fgroup%2Fphys_exotica%2FdarkPhoton%2Fschhibra%2FScoutingNTuples2017&savelogsflag=0&useparent=0&scriptexe=exec.sh&asyncdest=T2_CH_CERN&algoargs=50000&cachefilename=df53b9a843ed471650fb3e571981f9e13eadbd1e2273e31fb2e567b6302f9658.tar.gz&numcores=1&generator=pythia&maxmemory=2000&publishdbsurl=https%3A%2F%2Fcmsweb.cern.ch%2Fdbs%2Fprod%2Fphys03%2FDBSWriter&priority=10&jobsw=CMSSW_9_4_14&primarydataset=&inputdata=%2FUpsilonMuMu_UpsilonPt6_TuneCP5_13TeV-pythia8-evtgen%2FRunIIFall17DRPremix-RECOSIMstep_94X_mc2017_realistic_v10-v1%2FAODSIM&ignorelocality=0&dryrun=0&workflow=crab_20190513_191711&cacheurl=https%3A%2F%2Fcmsweb.cern.ch%2Fcrabcache&nonprodsw=0&oneEventMode=0&debugfilename=971fc2ef9ae4450f19bff3931625cda42f51d9e35ef40190374a53117e994a72.tar.gz&saveoutput=1&publication=0&jobarch=slc6_amd64_gcc630&totalunits=0&splitalgo=EventAwareLumiBased&ignoreglobalblacklist=0&nonvaliddata=0&dbsurl=https%3A%2F%2Fcmsweb.cern.ch%2Fdbs%2Fprod%2Fglobal%2FDBSReader&publishgroupname=0&jobtype=Analysis&publishname2=&tfileoutfiles=tree_scout.root
DEBUG 2019-05-13 19:17:19,299: 	 Result: {u'result': [{u'RequestName': u'190513_171719:schhibra_crab_20190513_191711'}]}
INFO 2019-05-13 19:17:19,301: 	 Success: Your task has been delivered to the CRAB3 server.
INFO 2019-05-13 19:17:19,301: 	 Task name: 190513_171719:schhibra_crab_20190513_191711
INFO 2019-05-13 19:17:19,301: 	 Project dir: ./crab_20190513_191711
INFO 2019-05-13 19:17:19,301: 	 Please use 'crab status -d ./crab_20190513_191711' to check how the submission process proceeds.
DEBUG 2019-05-13 19:17:19,301: 	 About to return
INFO 2019-05-13 19:17:19,304: 	 Log file is /afs/cern.ch/work/s/schhibra/DarkPhotonSearch_v2/CMSSW_9_4_14/src/ScoutingAnalysis/TreeMaker/crab/UpsilonMuMu_L1_12_5_L1_15_7/crab_20190513_191711/crab.log
