DEBUG 2019-05-13 19:27:20,688: 	 Executing command: 'submit'
DEBUG 2019-05-13 19:27:20,689: 	 Found CRAB cache file /afs/cern.ch/user/s/schhibra/.crab3
DEBUG 2019-05-13 19:27:20,698: 	 Checking credentials
DEBUG 2019-05-13 19:27:20,698: 	 Found proxy file /tmp/x509up_u59012
DEBUG 2019-05-13 19:27:20,698: 	 Getting proxy life time left
DEBUG 2019-05-13 19:27:21,506: 	 Executing : 
 command : voms-proxy-info -file /tmp/x509up_u59012 -timeleft
 output : 603304

 error: 
 retcode : 0
DEBUG 2019-05-13 19:27:22,316: 	 Executing : 
 command : voms-proxy-info -file /tmp/x509up_u59012 -actimeleft
 output : 603303

 error: 
 retcode : 0
DEBUG 2019-05-13 19:27:22,318: 	 Proxy lifetime 603304 secs is different from voms extension lifetime 603303 secs for proxy: /tmp/x509up_u59012
DEBUG 2019-05-13 19:27:22,318: 	 Proxy valid for 167:35:03 hours
INFO 2019-05-13 19:27:22,319: 	 Will use CRAB configuration file crabConfig.py
DEBUG 2019-05-13 19:27:22,319: 	 Loading CRAB configuration file.
DEBUG 2019-05-13 19:27:22,332: 	 Will use CRAB Analysis plugin (i.e. will run an analysis job type).
DEBUG 2019-05-13 19:27:22,577: 	 Executing : 
 command : openssl x509 -in ~/.globus/usercert.pem -subject -noout
 output : subject= /DC=ch/DC=cern/OU=Organic Units/OU=Users/CN=schhibra/CN=715612/CN=Simranjit Singh Chhibra

 error: 
 retcode : 0
DEBUG 2019-05-13 19:27:22,577: 	 Checking credentials
DEBUG 2019-05-13 19:27:22,577: 	 Found proxy file /tmp/x509up_u59012
DEBUG 2019-05-13 19:27:22,577: 	 Getting proxy life time left
DEBUG 2019-05-13 19:27:23,384: 	 Executing : 
 command : voms-proxy-info -file /tmp/x509up_u59012 -timeleft
 output : 603302

 error: 
 retcode : 0
DEBUG 2019-05-13 19:27:24,192: 	 Executing : 
 command : voms-proxy-info -file /tmp/x509up_u59012 -actimeleft
 output : 603301

 error: 
 retcode : 0
DEBUG 2019-05-13 19:27:24,193: 	 Proxy lifetime 603302 secs is different from voms extension lifetime 603301 secs for proxy: /tmp/x509up_u59012
DEBUG 2019-05-13 19:27:24,193: 	 Proxy valid for 167:35:01 hours
DEBUG 2019-05-13 19:27:25,000: 	 Executing : 
 command : env X509_USER_PROXY=/tmp/x509up_u59012 voms-proxy-info -fqan
 output : /cms/Role=NULL/Capability=NULL

 error: 
 retcode : 0
DEBUG 2019-05-13 19:27:25,119: 	 Registering user credentials for server /DC=ch/DC=cern/OU=computers/CN=vocms(052|058|030|0118|0105|0109).cern.ch|/DC=ch/DC=cern/OU=computers/CN=crab-(preprod|prod)-tw(02|01).cern.ch
DEBUG 2019-05-13 19:27:25,232: 	 Executing : 
 command : openssl x509 -in ~/.globus/usercert.pem -subject -noout
 output : subject= /DC=ch/DC=cern/OU=Organic Units/OU=Users/CN=schhibra/CN=715612/CN=Simranjit Singh Chhibra

 error: 
 retcode : 0
DEBUG 2019-05-13 19:27:25,232: 	 Getting myproxy life time left for myproxy.cern.ch
DEBUG 2019-05-13 19:27:25,232: 	 Calculating hash of /DC=ch/DC=cern/OU=Organic Units/OU=Users/CN=schhibra/CN=715612/CN=Simranjit Singh Chhibra_cmsweb.cern.ch for credential name
DEBUG 2019-05-13 19:27:25,644: 	 Executing : 
 command : myproxy-info -l 3841cd59f3d3480019d577f9a3ad69704f35aad0 -s myproxy.cern.ch
 output : username: 3841cd59f3d3480019d577f9a3ad69704f35aad0
owner: /DC=ch/DC=cern/OU=Organic Units/OU=Users/CN=schhibra/CN=715612/CN=Simranjit Singh Chhibra
  renewal policy: /DC=ch/DC=cern/OU=computers/CN=vocms(052|058|030|0118|0105|0109).cern.ch|/DC=ch/DC=cern/OU=computers/CN=crab-(preprod|prod)-tw(02|01).cern.ch
  trusted retrieval policy: /DC=ch/DC=cern/OU=computers/CN=vocms(052|058|030|0118|0105|0109).cern.ch|/DC=ch/DC=cern/OU=computers/CN=crab-(preprod|prod)-tw(02|01).cern.ch
  timeleft: 430:56:58  (18.0 days)

 error: 
 retcode : 0
DEBUG 2019-05-13 19:27:25,646: 	 Myproxy is valid: 1551418
DEBUG 2019-05-13 19:27:25,646: 	 Command use: submit
DEBUG 2019-05-13 19:27:25,646: 	 Options use: []
DEBUG 2019-05-13 19:27:25,785: 	 CRABClient version: 3.3.1904
DEBUG 2019-05-13 19:27:25,785: 	 Instance is prod
DEBUG 2019-05-13 19:27:25,785: 	 Server base url is cmsweb.cern.ch
DEBUG 2019-05-13 19:27:25,785: 	 Command url /crabserver/prod/workflow
DEBUG 2019-05-13 19:27:25,785: 	 Started submission
DEBUG 2019-05-13 19:27:25,785: 	 Working on /afs/cern.ch/work/s/schhibra/DarkPhotonSearch_v2/CMSSW_9_4_14/src/ScoutingAnalysis/TreeMaker/crab/DYJetsToLL_M-10to50_L1_12_5_L1_15_7/crab_20190513_192722
DEBUG 2019-05-13 19:27:25,936: 	 Loading required information from the environment
DEBUG 2019-05-13 19:27:25,936: 	 Found CMSSW_9_4_14 for slc6_amd64_gcc630 with base /afs/cern.ch/work/s/schhibra/DarkPhotonSearch_v2/CMSSW_9_4_14
DEBUG 2019-05-13 19:27:25,936: 	 Loading required information from the environment
DEBUG 2019-05-13 19:27:25,936: 	 Found CMSSW_9_4_14 for slc6_amd64_gcc630 with base /afs/cern.ch/work/s/schhibra/DarkPhotonSearch_v2/CMSSW_9_4_14
DEBUG 2019-05-13 19:27:25,958: 	 UNIQUE NAME: tarUUID 05426b73-093c-48d1-b74d-131a6922926e 
DEBUG 2019-05-13 19:27:25,959: 	 self.config: from WMCore.Configuration import Configuration
config = Configuration()
config.section_('General')
config.section_('JobType')
config.JobType.psetName = '../../test/tree_scout_cfg.py'
config.JobType.pluginName = 'Analysis'
config.JobType.inputFiles = ['../Rochester.tar.gz']
config.JobType.pyCfgParams = ['isMC=True', 'useLHEWeights=True', 'applyHLTFilter=True', 'applyDimuonFilter=True', 'GlobalTag=94X_mc2017_realistic_v11', 'roccorData=Rochester/RoccoR2017.txt']
config.JobType.scriptExe = '../exec.sh'
config.section_('Data')
config.Data.inputDataset = '/DYJetsToLL_M-10to50_TuneCP5_13TeV-madgraphMLM-pythia8/RunIIFall17DRPremix-PU2017_94X_mc2017_realistic_v11-v1/AODSIM'
config.Data.unitsPerJob = 50000
config.Data.publication = False
config.Data.splitting = 'EventAwareLumiBased'
config.Data.outLFNDirBase = '/store/group/phys_exotica/darkPhoton/schhibra/ScoutingNTuples2017'
config.section_('Site')
config.Site.storageSite = 'T2_CH_CERN'
config.section_('User')
config.section_('Debug')

DEBUG 2019-05-13 19:27:25,959: 	 self.config.JobType.psetName: ../../test/tree_scout_cfg.py
INFO 2019-05-13 19:27:25,959: 	 Importing CMSSW configuration ../../test/tree_scout_cfg.py
DEBUG 2019-05-13 19:27:25,959: 	 Additional parameters for the CMSSW configuration are: ['isMC=True', 'useLHEWeights=True', 'applyHLTFilter=True', 'applyDimuonFilter=True', 'GlobalTag=94X_mc2017_realistic_v11', 'roccorData=Rochester/RoccoR2017.txt']
INFO 2019-05-13 19:27:27,554: 	 Finished importing CMSSW configuration ../../test/tree_scout_cfg.py
DEBUG 2019-05-13 19:27:27,554: 	 Writing CMSSW configuration to /afs/cern.ch/work/s/schhibra/DarkPhotonSearch_v2/CMSSW_9_4_14/src/ScoutingAnalysis/TreeMaker/crab/DYJetsToLL_M-10to50_L1_12_5_L1_15_7/crab_20190513_192722/inputs/PSet.py
DEBUG 2019-05-13 19:27:27,951: 	 The following EDM output files will be collected: []
DEBUG 2019-05-13 19:27:27,951: 	 The following TFile output files will be collected: ['tree_scout.root']
DEBUG 2019-05-13 19:27:27,951: 	 The following user output files will be collected: []
DEBUG 2019-05-13 19:27:27,951: 	 Loading required information from the environment
DEBUG 2019-05-13 19:27:27,951: 	 Found CMSSW_9_4_14 for slc6_amd64_gcc630 with base /afs/cern.ch/work/s/schhibra/DarkPhotonSearch_v2/CMSSW_9_4_14
DEBUG 2019-05-13 19:27:27,951: 	 Making tarball in /afs/cern.ch/work/s/schhibra/DarkPhotonSearch_v2/CMSSW_9_4_14/src/ScoutingAnalysis/TreeMaker/crab/DYJetsToLL_M-10to50_L1_12_5_L1_15_7/crab_20190513_192722/inputs/05426b73-093c-48d1-b74d-131a6922926edefault.tgz
DEBUG 2019-05-13 19:27:27,963: 	 Checking directory /afs/cern.ch/work/s/schhibra/DarkPhotonSearch_v2/CMSSW_9_4_14/lib
DEBUG 2019-05-13 19:27:27,963: 	 Adding directory /afs/cern.ch/work/s/schhibra/DarkPhotonSearch_v2/CMSSW_9_4_14/lib to tarball
DEBUG 2019-05-13 19:27:27,973: 	 Checking directory /afs/cern.ch/work/s/schhibra/DarkPhotonSearch_v2/CMSSW_9_4_14/biglib
DEBUG 2019-05-13 19:27:27,973: 	 Adding directory /afs/cern.ch/work/s/schhibra/DarkPhotonSearch_v2/CMSSW_9_4_14/biglib to tarball
DEBUG 2019-05-13 19:27:27,973: 	 Checking directory /afs/cern.ch/work/s/schhibra/DarkPhotonSearch_v2/CMSSW_9_4_14/module
DEBUG 2019-05-13 19:27:27,975: 	 Adding data directory /afs/cern.ch/work/s/schhibra/DarkPhotonSearch_v2/CMSSW_9_4_14/src/ScoutingAnalysis/TreeMaker/data to tarball
DEBUG 2019-05-13 19:27:28,177: 	 Adding data directory /afs/cern.ch/work/s/schhibra/DarkPhotonSearch_v2/CMSSW_9_4_14/src/ScoutingAnalysis/TreeMaker/interface to tarball
DEBUG 2019-05-13 19:27:28,199: 	 Adding file ../Rochester.tar.gz to tarball
DEBUG 2019-05-13 19:27:28,561: 	 Uploading archive /afs/cern.ch/work/s/schhibra/DarkPhotonSearch_v2/CMSSW_9_4_14/src/ScoutingAnalysis/TreeMaker/crab/DYJetsToLL_M-10to50_L1_12_5_L1_15_7/crab_20190513_192722/inputs/05426b73-093c-48d1-b74d-131a6922926edefault.tgz (1.383789.1 MB) to the CRAB cache. Using URI https://cmsweb.cern.ch/crabcache
DEBUG 2019-05-13 19:27:29,814: 	 Loading required information from the environment
DEBUG 2019-05-13 19:27:29,814: 	 Found CMSSW_9_4_14 for slc6_amd64_gcc630 with base /afs/cern.ch/work/s/schhibra/DarkPhotonSearch_v2/CMSSW_9_4_14
DEBUG 2019-05-13 19:27:29,815: 	 Making tarball in /afs/cern.ch/work/s/schhibra/DarkPhotonSearch_v2/CMSSW_9_4_14/src/ScoutingAnalysis/TreeMaker/crab/DYJetsToLL_M-10to50_L1_12_5_L1_15_7/crab_20190513_192722/inputs/debugFiles.tgz
DEBUG 2019-05-13 19:27:29,820: 	 Uploading archive /afs/cern.ch/work/s/schhibra/DarkPhotonSearch_v2/CMSSW_9_4_14/src/ScoutingAnalysis/TreeMaker/crab/DYJetsToLL_M-10to50_L1_12_5_L1_15_7/crab_20190513_192722/inputs/debugFiles.tgz (2 KB) to the CRAB cache. Using URI https://cmsweb.cern.ch/crabcache
DEBUG 2019-05-13 19:27:29,952: 	 Result uploading input files: 14b99d335bfa033b1471f93e202220e0b75cc2adc604f01f94508707dcfb848b.tar.gz 
INFO 2019-05-13 19:27:29,952: 	 Sending the request to the server
DEBUG 2019-05-13 19:27:29,952: 	 Submitting {'maxjobruntime': 1250, 'extrajdl': [], 'lfn': '/store/group/phys_exotica/darkPhoton/schhibra/ScoutingNTuples2017', 'savelogsflag': 0, 'useparent': 0, 'scriptexe': 'exec.sh', 'asyncdest': 'T2_CH_CERN', 'algoargs': 50000, 'cachefilename': '14b99d335bfa033b1471f93e202220e0b75cc2adc604f01f94508707dcfb848b.tar.gz', 'numcores': 1, 'addoutputfiles': [], 'generator': 'pythia', 'maxmemory': 2000, 'publishdbsurl': 'https://cmsweb.cern.ch/dbs/prod/phys03/DBSWriter', 'priority': 10, 'jobsw': 'CMSSW_9_4_14', 'edmoutfiles': [], 'userfiles': [], 'primarydataset': '', 'inputdata': '/DYJetsToLL_M-10to50_TuneCP5_13TeV-madgraphMLM-pythia8/RunIIFall17DRPremix-PU2017_94X_mc2017_realistic_v11-v1/AODSIM', 'ignorelocality': 0, 'dryrun': 0, 'workflow': 'crab_20190513_192722', 'cacheurl': u'https://cmsweb.cern.ch/crabcache', 'nonprodsw': 0, 'tfileoutfiles': ['tree_scout.root'], 'oneEventMode': 0, 'debugfilename': '6cae0718b80f395987a9716446d3d6b0636c1c73d87bfbedb7794d20d4ff5c32.tar.gz', 'saveoutput': 1, 'publication': 0, 'jobarch': 'slc6_amd64_gcc630', 'totalunits': 0, 'splitalgo': 'EventAwareLumiBased', 'ignoreglobalblacklist': 0, 'nonvaliddata': 0, 'dbsurl': 'https://cmsweb.cern.ch/dbs/prod/global/DBSReader', 'publishgroupname': 0, 'jobtype': 'Analysis', 'publishname2': ''} 
DEBUG 2019-05-13 19:27:29,953: 	 Encoded submit request: maxjobruntime=1250&lfn=%2Fstore%2Fgroup%2Fphys_exotica%2FdarkPhoton%2Fschhibra%2FScoutingNTuples2017&savelogsflag=0&useparent=0&scriptexe=exec.sh&asyncdest=T2_CH_CERN&algoargs=50000&cachefilename=14b99d335bfa033b1471f93e202220e0b75cc2adc604f01f94508707dcfb848b.tar.gz&numcores=1&generator=pythia&maxmemory=2000&publishdbsurl=https%3A%2F%2Fcmsweb.cern.ch%2Fdbs%2Fprod%2Fphys03%2FDBSWriter&priority=10&jobsw=CMSSW_9_4_14&primarydataset=&inputdata=%2FDYJetsToLL_M-10to50_TuneCP5_13TeV-madgraphMLM-pythia8%2FRunIIFall17DRPremix-PU2017_94X_mc2017_realistic_v11-v1%2FAODSIM&ignorelocality=0&dryrun=0&workflow=crab_20190513_192722&cacheurl=https%3A%2F%2Fcmsweb.cern.ch%2Fcrabcache&nonprodsw=0&oneEventMode=0&debugfilename=6cae0718b80f395987a9716446d3d6b0636c1c73d87bfbedb7794d20d4ff5c32.tar.gz&saveoutput=1&publication=0&jobarch=slc6_amd64_gcc630&totalunits=0&splitalgo=EventAwareLumiBased&ignoreglobalblacklist=0&nonvaliddata=0&dbsurl=https%3A%2F%2Fcmsweb.cern.ch%2Fdbs%2Fprod%2Fglobal%2FDBSReader&publishgroupname=0&jobtype=Analysis&publishname2=&tfileoutfiles=tree_scout.root
DEBUG 2019-05-13 19:27:30,218: 	 Result: {u'result': [{u'RequestName': u'190513_172730:schhibra_crab_20190513_192722'}]}
INFO 2019-05-13 19:27:30,220: 	 Success: Your task has been delivered to the CRAB3 server.
INFO 2019-05-13 19:27:30,221: 	 Task name: 190513_172730:schhibra_crab_20190513_192722
INFO 2019-05-13 19:27:30,221: 	 Project dir: ./crab_20190513_192722
INFO 2019-05-13 19:27:30,221: 	 Please use 'crab status -d ./crab_20190513_192722' to check how the submission process proceeds.
DEBUG 2019-05-13 19:27:30,221: 	 About to return
INFO 2019-05-13 19:27:30,224: 	 Log file is /afs/cern.ch/work/s/schhibra/DarkPhotonSearch_v2/CMSSW_9_4_14/src/ScoutingAnalysis/TreeMaker/crab/DYJetsToLL_M-10to50_L1_12_5_L1_15_7/crab_20190513_192722/crab.log
