DEBUG 2019-05-08 23:07:31,804: 	 Executing command: 'submit'
DEBUG 2019-05-08 23:07:31,804: 	 Found CRAB cache file /afs/cern.ch/user/s/schhibra/.crab3
DEBUG 2019-05-08 23:07:31,819: 	 Checking credentials
DEBUG 2019-05-08 23:07:31,821: 	 Found proxy file /tmp/x509up_u59012
DEBUG 2019-05-08 23:07:31,821: 	 Getting proxy life time left
DEBUG 2019-05-08 23:07:32,936: 	 Executing : 
 command : voms-proxy-info -file /tmp/x509up_u59012 -timeleft
 output : 596990

 error: 
 retcode : 0
DEBUG 2019-05-08 23:07:33,952: 	 Executing : 
 command : voms-proxy-info -file /tmp/x509up_u59012 -actimeleft
 output : 596989

 error: 
 retcode : 0
DEBUG 2019-05-08 23:07:33,952: 	 Proxy lifetime 596990 secs is different from voms extension lifetime 596989 secs for proxy: /tmp/x509up_u59012
DEBUG 2019-05-08 23:07:33,953: 	 Proxy valid for 165:49:49 hours
INFO 2019-05-08 23:07:33,953: 	 Will use CRAB configuration file crabConfig.py
DEBUG 2019-05-08 23:07:33,953: 	 Loading CRAB configuration file.
DEBUG 2019-05-08 23:07:33,966: 	 Will use CRAB Analysis plugin (i.e. will run an analysis job type).
DEBUG 2019-05-08 23:07:34,096: 	 Executing : 
 command : openssl x509 -in ~/.globus/usercert.pem -subject -noout
 output : subject= /DC=ch/DC=cern/OU=Organic Units/OU=Users/CN=schhibra/CN=715612/CN=Simranjit Singh Chhibra

 error: 
 retcode : 0
DEBUG 2019-05-08 23:07:34,096: 	 Checking credentials
DEBUG 2019-05-08 23:07:34,096: 	 Found proxy file /tmp/x509up_u59012
DEBUG 2019-05-08 23:07:34,096: 	 Getting proxy life time left
DEBUG 2019-05-08 23:07:35,006: 	 Executing : 
 command : voms-proxy-info -file /tmp/x509up_u59012 -timeleft
 output : 596988

 error: 
 retcode : 0
DEBUG 2019-05-08 23:07:35,917: 	 Executing : 
 command : voms-proxy-info -file /tmp/x509up_u59012 -actimeleft
 output : 596987

 error: 
 retcode : 0
DEBUG 2019-05-08 23:07:35,917: 	 Proxy lifetime 596988 secs is different from voms extension lifetime 596987 secs for proxy: /tmp/x509up_u59012
DEBUG 2019-05-08 23:07:35,917: 	 Proxy valid for 165:49:47 hours
DEBUG 2019-05-08 23:07:36,832: 	 Executing : 
 command : env X509_USER_PROXY=/tmp/x509up_u59012 voms-proxy-info -fqan
 output : /cms/Role=NULL/Capability=NULL

 error: 
 retcode : 0
DEBUG 2019-05-08 23:07:37,010: 	 Registering user credentials for server /DC=ch/DC=cern/OU=computers/CN=vocms(052|058|030|0118|0105|0109).cern.ch|/DC=ch/DC=cern/OU=computers/CN=crab-(preprod|prod)-tw(02|01).cern.ch
DEBUG 2019-05-08 23:07:37,126: 	 Executing : 
 command : openssl x509 -in ~/.globus/usercert.pem -subject -noout
 output : subject= /DC=ch/DC=cern/OU=Organic Units/OU=Users/CN=schhibra/CN=715612/CN=Simranjit Singh Chhibra

 error: 
 retcode : 0
DEBUG 2019-05-08 23:07:37,127: 	 Getting myproxy life time left for myproxy.cern.ch
DEBUG 2019-05-08 23:07:37,127: 	 Calculating hash of /DC=ch/DC=cern/OU=Organic Units/OU=Users/CN=schhibra/CN=715612/CN=Simranjit Singh Chhibra_cmsweb.cern.ch for credential name
DEBUG 2019-05-08 23:07:37,334: 	 Executing : 
 command : myproxy-info -l 3841cd59f3d3480019d577f9a3ad69704f35aad0 -s myproxy.cern.ch
 output : username: 3841cd59f3d3480019d577f9a3ad69704f35aad0
owner: /DC=ch/DC=cern/OU=Organic Units/OU=Users/CN=schhibra/CN=715612/CN=Simranjit Singh Chhibra
  renewal policy: /DC=ch/DC=cern/OU=computers/CN=vocms(052|058|030|0118|0105|0109).cern.ch|/DC=ch/DC=cern/OU=computers/CN=crab-(preprod|prod)-tw(02|01).cern.ch
  trusted retrieval policy: /DC=ch/DC=cern/OU=computers/CN=vocms(052|058|030|0118|0105|0109).cern.ch|/DC=ch/DC=cern/OU=computers/CN=crab-(preprod|prod)-tw(02|01).cern.ch
  timeleft: 547:16:46  (22.8 days)

 error: 
 retcode : 0
DEBUG 2019-05-08 23:07:37,336: 	 Myproxy is valid: 1970206
DEBUG 2019-05-08 23:07:37,336: 	 Command use: submit
DEBUG 2019-05-08 23:07:37,336: 	 Options use: []
DEBUG 2019-05-08 23:07:37,482: 	 CRABClient version: 3.3.1904
DEBUG 2019-05-08 23:07:37,482: 	 Instance is prod
DEBUG 2019-05-08 23:07:37,482: 	 Server base url is cmsweb.cern.ch
DEBUG 2019-05-08 23:07:37,482: 	 Command url /crabserver/prod/workflow
DEBUG 2019-05-08 23:07:37,482: 	 Started submission
DEBUG 2019-05-08 23:07:37,482: 	 Working on /afs/cern.ch/work/s/schhibra/DarkPhotonSearch_v2/CMSSW_9_4_14/src/ScoutingAnalysis/TreeMaker/crab/ZdScoutingM50_L1_12_5_L1_15_7_Official_AccXEff/crab_20190508_230733
DEBUG 2019-05-08 23:07:37,663: 	 Loading required information from the environment
DEBUG 2019-05-08 23:07:37,663: 	 Found CMSSW_9_4_14 for slc6_amd64_gcc630 with base /afs/cern.ch/work/s/schhibra/DarkPhotonSearch_v2/CMSSW_9_4_14
DEBUG 2019-05-08 23:07:37,663: 	 Loading required information from the environment
DEBUG 2019-05-08 23:07:37,663: 	 Found CMSSW_9_4_14 for slc6_amd64_gcc630 with base /afs/cern.ch/work/s/schhibra/DarkPhotonSearch_v2/CMSSW_9_4_14
DEBUG 2019-05-08 23:07:37,693: 	 UNIQUE NAME: tarUUID 2dac671c-ed37-45f8-a182-3ba8fac4b48e 
DEBUG 2019-05-08 23:07:37,694: 	 self.config: from WMCore.Configuration import Configuration
config = Configuration()
config.section_('General')
config.section_('JobType')
config.JobType.psetName = '../../test/tree_scout_cfg.py'
config.JobType.pluginName = 'Analysis'
config.JobType.inputFiles = ['../Rochester.tar.gz']
config.JobType.pyCfgParams = ['isMC=True', 'useLHEWeights=True', 'GlobalTag=94X_mc2017_realistic_v11', 'roccorData=Rochester/RoccoR2017.txt']
config.JobType.scriptExe = '../exec.sh'
config.section_('Data')
config.Data.inputDataset = '/DarkPhotonToMuMu_M50_madgraph_pythia8_TuneCP5/RunIIFall17DRPremix-PU2017_94X_mc2017_realistic_v11-v1/AODSIM'
config.Data.unitsPerJob = 10000
config.Data.publication = False
config.Data.splitting = 'EventAwareLumiBased'
config.Data.outLFNDirBase = '/store/group/phys_exotica/darkPhoton/schhibra/ScoutingNTuples2017'
config.section_('Site')
config.Site.storageSite = 'T2_CH_CERN'
config.section_('User')
config.section_('Debug')

DEBUG 2019-05-08 23:07:37,694: 	 self.config.JobType.psetName: ../../test/tree_scout_cfg.py
INFO 2019-05-08 23:07:37,695: 	 Importing CMSSW configuration ../../test/tree_scout_cfg.py
DEBUG 2019-05-08 23:07:37,695: 	 Additional parameters for the CMSSW configuration are: ['isMC=True', 'useLHEWeights=True', 'GlobalTag=94X_mc2017_realistic_v11', 'roccorData=Rochester/RoccoR2017.txt']
INFO 2019-05-08 23:07:40,099: 	 Finished importing CMSSW configuration ../../test/tree_scout_cfg.py
DEBUG 2019-05-08 23:07:40,100: 	 Writing CMSSW configuration to /afs/cern.ch/work/s/schhibra/DarkPhotonSearch_v2/CMSSW_9_4_14/src/ScoutingAnalysis/TreeMaker/crab/ZdScoutingM50_L1_12_5_L1_15_7_Official_AccXEff/crab_20190508_230733/inputs/PSet.py
DEBUG 2019-05-08 23:07:40,622: 	 The following EDM output files will be collected: []
DEBUG 2019-05-08 23:07:40,622: 	 The following TFile output files will be collected: ['tree_scout.root']
DEBUG 2019-05-08 23:07:40,622: 	 The following user output files will be collected: []
DEBUG 2019-05-08 23:07:40,622: 	 Loading required information from the environment
DEBUG 2019-05-08 23:07:40,622: 	 Found CMSSW_9_4_14 for slc6_amd64_gcc630 with base /afs/cern.ch/work/s/schhibra/DarkPhotonSearch_v2/CMSSW_9_4_14
DEBUG 2019-05-08 23:07:40,623: 	 Making tarball in /afs/cern.ch/work/s/schhibra/DarkPhotonSearch_v2/CMSSW_9_4_14/src/ScoutingAnalysis/TreeMaker/crab/ZdScoutingM50_L1_12_5_L1_15_7_Official_AccXEff/crab_20190508_230733/inputs/2dac671c-ed37-45f8-a182-3ba8fac4b48edefault.tgz
DEBUG 2019-05-08 23:07:40,653: 	 Checking directory /afs/cern.ch/work/s/schhibra/DarkPhotonSearch_v2/CMSSW_9_4_14/lib
DEBUG 2019-05-08 23:07:40,653: 	 Adding directory /afs/cern.ch/work/s/schhibra/DarkPhotonSearch_v2/CMSSW_9_4_14/lib to tarball
DEBUG 2019-05-08 23:07:40,666: 	 Checking directory /afs/cern.ch/work/s/schhibra/DarkPhotonSearch_v2/CMSSW_9_4_14/biglib
DEBUG 2019-05-08 23:07:40,666: 	 Adding directory /afs/cern.ch/work/s/schhibra/DarkPhotonSearch_v2/CMSSW_9_4_14/biglib to tarball
DEBUG 2019-05-08 23:07:40,667: 	 Checking directory /afs/cern.ch/work/s/schhibra/DarkPhotonSearch_v2/CMSSW_9_4_14/module
DEBUG 2019-05-08 23:07:40,670: 	 Adding data directory /afs/cern.ch/work/s/schhibra/DarkPhotonSearch_v2/CMSSW_9_4_14/src/ScoutingAnalysis/TreeMaker/data to tarball
DEBUG 2019-05-08 23:07:40,897: 	 Adding data directory /afs/cern.ch/work/s/schhibra/DarkPhotonSearch_v2/CMSSW_9_4_14/src/ScoutingAnalysis/TreeMaker/interface to tarball
DEBUG 2019-05-08 23:07:40,918: 	 Adding file ../Rochester.tar.gz to tarball
DEBUG 2019-05-08 23:07:41,349: 	 Uploading archive /afs/cern.ch/work/s/schhibra/DarkPhotonSearch_v2/CMSSW_9_4_14/src/ScoutingAnalysis/TreeMaker/crab/ZdScoutingM50_L1_12_5_L1_15_7_Official_AccXEff/crab_20190508_230733/inputs/2dac671c-ed37-45f8-a182-3ba8fac4b48edefault.tgz (1.385742.1 MB) to the CRAB cache. Using URI https://cmsweb.cern.ch/crabcache
DEBUG 2019-05-08 23:07:42,655: 	 Loading required information from the environment
DEBUG 2019-05-08 23:07:42,655: 	 Found CMSSW_9_4_14 for slc6_amd64_gcc630 with base /afs/cern.ch/work/s/schhibra/DarkPhotonSearch_v2/CMSSW_9_4_14
DEBUG 2019-05-08 23:07:42,655: 	 Making tarball in /afs/cern.ch/work/s/schhibra/DarkPhotonSearch_v2/CMSSW_9_4_14/src/ScoutingAnalysis/TreeMaker/crab/ZdScoutingM50_L1_12_5_L1_15_7_Official_AccXEff/crab_20190508_230733/inputs/debugFiles.tgz
DEBUG 2019-05-08 23:07:42,661: 	 Uploading archive /afs/cern.ch/work/s/schhibra/DarkPhotonSearch_v2/CMSSW_9_4_14/src/ScoutingAnalysis/TreeMaker/crab/ZdScoutingM50_L1_12_5_L1_15_7_Official_AccXEff/crab_20190508_230733/inputs/debugFiles.tgz (2 KB) to the CRAB cache. Using URI https://cmsweb.cern.ch/crabcache
DEBUG 2019-05-08 23:07:42,799: 	 Result uploading input files: 202ff77a57cd694dca7493871a5db3be4cad6fd6c3a711e91d5ea562ffe1ebed.tar.gz 
INFO 2019-05-08 23:07:42,799: 	 Sending the request to the server
DEBUG 2019-05-08 23:07:42,799: 	 Submitting {'maxjobruntime': 1250, 'extrajdl': [], 'lfn': '/store/group/phys_exotica/darkPhoton/schhibra/ScoutingNTuples2017', 'savelogsflag': 0, 'useparent': 0, 'scriptexe': 'exec.sh', 'asyncdest': 'T2_CH_CERN', 'algoargs': 10000, 'cachefilename': '202ff77a57cd694dca7493871a5db3be4cad6fd6c3a711e91d5ea562ffe1ebed.tar.gz', 'numcores': 1, 'addoutputfiles': [], 'generator': 'pythia', 'maxmemory': 2000, 'publishdbsurl': 'https://cmsweb.cern.ch/dbs/prod/phys03/DBSWriter', 'priority': 10, 'jobsw': 'CMSSW_9_4_14', 'edmoutfiles': [], 'userfiles': [], 'primarydataset': '', 'inputdata': '/DarkPhotonToMuMu_M50_madgraph_pythia8_TuneCP5/RunIIFall17DRPremix-PU2017_94X_mc2017_realistic_v11-v1/AODSIM', 'ignorelocality': 0, 'dryrun': 0, 'workflow': 'crab_20190508_230733', 'cacheurl': u'https://cmsweb.cern.ch/crabcache', 'nonprodsw': 0, 'tfileoutfiles': ['tree_scout.root'], 'oneEventMode': 0, 'debugfilename': 'bc0cbe282111e0486cccc7df1d1e5a2eb0c4d0d24ad6c25dc025a77a67349407.tar.gz', 'saveoutput': 1, 'publication': 0, 'jobarch': 'slc6_amd64_gcc630', 'totalunits': 0, 'splitalgo': 'EventAwareLumiBased', 'ignoreglobalblacklist': 0, 'nonvaliddata': 0, 'dbsurl': 'https://cmsweb.cern.ch/dbs/prod/global/DBSReader', 'publishgroupname': 0, 'jobtype': 'Analysis', 'publishname2': ''} 
DEBUG 2019-05-08 23:07:42,800: 	 Encoded submit request: maxjobruntime=1250&lfn=%2Fstore%2Fgroup%2Fphys_exotica%2FdarkPhoton%2Fschhibra%2FScoutingNTuples2017&savelogsflag=0&useparent=0&scriptexe=exec.sh&asyncdest=T2_CH_CERN&algoargs=10000&cachefilename=202ff77a57cd694dca7493871a5db3be4cad6fd6c3a711e91d5ea562ffe1ebed.tar.gz&numcores=1&generator=pythia&maxmemory=2000&publishdbsurl=https%3A%2F%2Fcmsweb.cern.ch%2Fdbs%2Fprod%2Fphys03%2FDBSWriter&priority=10&jobsw=CMSSW_9_4_14&primarydataset=&inputdata=%2FDarkPhotonToMuMu_M50_madgraph_pythia8_TuneCP5%2FRunIIFall17DRPremix-PU2017_94X_mc2017_realistic_v11-v1%2FAODSIM&ignorelocality=0&dryrun=0&workflow=crab_20190508_230733&cacheurl=https%3A%2F%2Fcmsweb.cern.ch%2Fcrabcache&nonprodsw=0&oneEventMode=0&debugfilename=bc0cbe282111e0486cccc7df1d1e5a2eb0c4d0d24ad6c25dc025a77a67349407.tar.gz&saveoutput=1&publication=0&jobarch=slc6_amd64_gcc630&totalunits=0&splitalgo=EventAwareLumiBased&ignoreglobalblacklist=0&nonvaliddata=0&dbsurl=https%3A%2F%2Fcmsweb.cern.ch%2Fdbs%2Fprod%2Fglobal%2FDBSReader&publishgroupname=0&jobtype=Analysis&publishname2=&tfileoutfiles=tree_scout.root
DEBUG 2019-05-08 23:07:43,091: 	 Result: {u'result': [{u'RequestName': u'190508_210742:schhibra_crab_20190508_230733'}]}
INFO 2019-05-08 23:07:43,094: 	 Success: Your task has been delivered to the CRAB3 server.
INFO 2019-05-08 23:07:43,094: 	 Task name: 190508_210742:schhibra_crab_20190508_230733
INFO 2019-05-08 23:07:43,094: 	 Project dir: ./crab_20190508_230733
INFO 2019-05-08 23:07:43,095: 	 Please use 'crab status -d ./crab_20190508_230733' to check how the submission process proceeds.
DEBUG 2019-05-08 23:07:43,095: 	 About to return
INFO 2019-05-08 23:07:43,099: 	 Log file is /afs/cern.ch/work/s/schhibra/DarkPhotonSearch_v2/CMSSW_9_4_14/src/ScoutingAnalysis/TreeMaker/crab/ZdScoutingM50_L1_12_5_L1_15_7_Official_AccXEff/crab_20190508_230733/crab.log
DEBUG 2019-05-09 13:51:11,821: 	 Executing command: 'status'
DEBUG 2019-05-09 13:51:11,821: 	 Found CRAB cache file /afs/cern.ch/user/s/schhibra/.crab3
DEBUG 2019-05-09 13:51:11,863: 	 Checking credentials
DEBUG 2019-05-09 13:51:11,865: 	 Found proxy file /tmp/x509up_u59012
DEBUG 2019-05-09 13:51:11,865: 	 Getting proxy life time left
DEBUG 2019-05-09 13:51:13,375: 	 Executing : 
 command : voms-proxy-info -file /tmp/x509up_u59012 -timeleft
 output : 84997

 error: 
 retcode : 0
DEBUG 2019-05-09 13:51:14,283: 	 Executing : 
 command : voms-proxy-info -file /tmp/x509up_u59012 -actimeleft
 output : 84995

 error: 
 retcode : 0
DEBUG 2019-05-09 13:51:14,284: 	 Proxy lifetime 84997 secs is different from voms extension lifetime 84995 secs for proxy: /tmp/x509up_u59012
DEBUG 2019-05-09 13:51:14,284: 	 Proxy valid for 23:36:35 hours
DEBUG 2019-05-09 13:51:14,405: 	 Executing : 
 command : openssl x509 -in ~/.globus/usercert.pem -subject -noout
 output : subject= /DC=ch/DC=cern/OU=Organic Units/OU=Users/CN=schhibra/CN=715612/CN=Simranjit Singh Chhibra

 error: 
 retcode : 0
DEBUG 2019-05-09 13:51:14,405: 	 Checking credentials
DEBUG 2019-05-09 13:51:14,408: 	 Found proxy file /tmp/x509up_u59012
DEBUG 2019-05-09 13:51:14,408: 	 Getting proxy life time left
DEBUG 2019-05-09 13:51:15,317: 	 Executing : 
 command : voms-proxy-info -file /tmp/x509up_u59012 -timeleft
 output : 84995

 error: 
 retcode : 0
DEBUG 2019-05-09 13:51:16,227: 	 Executing : 
 command : voms-proxy-info -file /tmp/x509up_u59012 -actimeleft
 output : 84993

 error: 
 retcode : 0
DEBUG 2019-05-09 13:51:16,228: 	 Proxy lifetime 84995 secs is different from voms extension lifetime 84993 secs for proxy: /tmp/x509up_u59012
DEBUG 2019-05-09 13:51:16,228: 	 Proxy valid for 23:36:33 hours
DEBUG 2019-05-09 13:51:16,405: 	 Registering user credentials for server /DC=ch/DC=cern/OU=computers/CN=vocms(052|058|030|0118|0105|0109).cern.ch|/DC=ch/DC=cern/OU=computers/CN=crab-(preprod|prod)-tw(02|01).cern.ch
DEBUG 2019-05-09 13:51:16,520: 	 Executing : 
 command : openssl x509 -in ~/.globus/usercert.pem -subject -noout
 output : subject= /DC=ch/DC=cern/OU=Organic Units/OU=Users/CN=schhibra/CN=715612/CN=Simranjit Singh Chhibra

 error: 
 retcode : 0
DEBUG 2019-05-09 13:51:16,521: 	 Getting myproxy life time left for myproxy.cern.ch
DEBUG 2019-05-09 13:51:16,521: 	 Calculating hash of /DC=ch/DC=cern/OU=Organic Units/OU=Users/CN=schhibra/CN=715612/CN=Simranjit Singh Chhibra_cmsweb.cern.ch for credential name
DEBUG 2019-05-09 13:51:16,729: 	 Executing : 
 command : myproxy-info -l 3841cd59f3d3480019d577f9a3ad69704f35aad0 -s myproxy.cern.ch
 output : username: 3841cd59f3d3480019d577f9a3ad69704f35aad0
owner: /DC=ch/DC=cern/OU=Organic Units/OU=Users/CN=schhibra/CN=715612/CN=Simranjit Singh Chhibra
  renewal policy: /DC=ch/DC=cern/OU=computers/CN=vocms(052|058|030|0118|0105|0109).cern.ch|/DC=ch/DC=cern/OU=computers/CN=crab-(preprod|prod)-tw(02|01).cern.ch
  trusted retrieval policy: /DC=ch/DC=cern/OU=computers/CN=vocms(052|058|030|0118|0105|0109).cern.ch|/DC=ch/DC=cern/OU=computers/CN=crab-(preprod|prod)-tw(02|01).cern.ch
  timeleft: 532:33:07  (22.2 days)

 error: 
 retcode : 0
DEBUG 2019-05-09 13:51:16,730: 	 Myproxy is valid: 1917187
DEBUG 2019-05-09 13:51:16,731: 	 Command use: status
DEBUG 2019-05-09 13:51:16,731: 	 Options use: ['ZdScoutingM50_L1_12_5_L1_15_7_Official_AccXEff/crab_20190508_230733/']
DEBUG 2019-05-09 13:51:16,849: 	 CRABClient version: 3.3.1904
DEBUG 2019-05-09 13:51:16,849: 	 Instance is prod
DEBUG 2019-05-09 13:51:16,849: 	 Server base url is cmsweb.cern.ch
DEBUG 2019-05-09 13:51:16,849: 	 Command url /crabserver/prod/workflow
DEBUG 2019-05-09 13:51:16,969: 	 Got information from server oracle database: {u'result': [u'190508_210742:schhibra_crab_20190508_230733', u'None', u'None', u'SUBMITTED', u'SUBMIT', u'2019-05-08 21:07:43.083298', u'None', u'2019-05-08 21:10:29.250329', u'None', u'CMSSW_9_4_14', u'slc6_amd64_gcc630', u'/DarkPhotonToMuMu_M50_madgraph_pythia8_TuneCP5/RunIIFall17DRPremix-PU2017_94X_mc2017_realistic_v11-v1/AODSIM', u'F', u'0', u'[]', u'[]', u'EventAwareLumiBased', u"{'splitOnRun': False, 'events_per_job': 10000, 'halt_job_on_file_boundaries': False, 'runs': [], 'lumis': []}", u'202ff77a57cd694dca7493871a5db3be4cad6fd6c3a711e91d5ea562ffe1ebed.tar.gz', u'https://cmsweb.cern.ch/crabcache', u'schhibra', u'/DC=ch/DC=cern/OU=Organic Units/OU=Users/CN=schhibra/CN=715612/CN=Simranjit Singh Chhibra', u'cms', u'None', u'None', u'crab_20190508_230733-00000000000000000000000000000000', u'F', u'T2_CH_CERN', u'https://cmsweb.cern.ch/dbs/prod/global/DBSReader', u'https://cmsweb.cern.ch/dbs/prod/phys03/DBSWriter', u'F', u'[]', u"['tree_scout.root']", u'[]', u'Analysis', u'pythia', u'None', u'{}', u'[]', u'F', u'crab-prod-tw01', u'[]', u'1250', u'1', u'2000', u'10', u'None', u'[]', u'http://vocms0197.cern.ch/mon/cms175/190508_210742:schhibra_crab_20190508_230733', u'exec.sh', u'[]', u'[]', u'https://cmsweb.cern.ch/crabserver/prod', u'cmsgwms-collector-global.cern.ch:9620,cmssrv221.fnal.gov:9620', u'crab3@vocms0197.cern.ch', u'F', u'[]', u'T', u'/store/group/phys_exotica/darkPhoton/schhibra/ScoutingNTuples2017', u'F', u'None', u'F', u'None', u'DarkPhotonToMuMu_M50_madgraph_pythia8_TuneCP5', u'None', u'bc0cbe282111e0486cccc7df1d1e5a2eb0c4d0d24ad6c25dc025a77a67349407.tar.gz', u'37376356', u'filetransfers', u'F', u'188.185.115.30', u'0.0', u'None'], u'desc': {u'columns': [u'tm_taskname', u'tm_activity', u'panda_jobset_id', u'tm_task_status', u'tm_task_command', u'tm_start_time', u'tm_start_injection', u'tm_end_injection', u'tm_task_failure', u'tm_job_sw', u'tm_job_arch', u'tm_input_dataset', u'tm_nonvalid_input_dataset', u'tm_use_parent', u'tm_site_whitelist', u'tm_site_blacklist', u'tm_split_algo', u'tm_split_args', u'tm_user_sandbox', u'tm_cache_url', u'tm_username', u'tm_user_dn', u'tm_user_vo', u'tm_user_role', u'tm_user_group', u'tm_publish_name', u'tm_publish_groupname', u'tm_asyncdest', u'tm_dbs_url', u'tm_publish_dbs_url', u'tm_publication', u'tm_outfiles', u'tm_tfile_outfiles', u'tm_edm_outfiles', u'tm_job_type', u'tm_generator', u'tm_events_per_lumi', u'tm_arguments', u'panda_resubmitted_jobs', u'tm_save_logs', u'tw_name', u'tm_user_infiles', u'tm_maxjobruntime', u'tm_numcores', u'tm_maxmemory', u'tm_priority', u'tm_output_dataset', u'tm_task_warnings', u'tm_user_webdir', u'tm_scriptexe', u'tm_scriptargs', u'tm_extrajdl', u'tm_asourl', u'tm_collector', u'tm_schedd', u'tm_dry_run', u'tm_user_files', u'tm_transfer_outputs', u'tm_output_lfn', u'tm_ignore_locality', u'tm_fail_limit', u'tm_one_event_mode', u'tm_secondary_input_dataset', u'tm_primary_dataset', u'tm_last_publication', u'tm_debug_files', u'clusterid', u'tm_asodb', u'tm_ignore_global_blacklist', u'tm_submitter_ip_addr', u'tm_totalunits', u'tm_ddm_reqid']}}
INFO 2019-05-09 13:51:16,970: 	 CRAB project directory:		/afs/cern.ch/work/s/schhibra/DarkPhotonSearch_v2/CMSSW_9_4_14/src/ScoutingAnalysis/TreeMaker/crab/ZdScoutingM50_L1_12_5_L1_15_7_Official_AccXEff/crab_20190508_230733
INFO 2019-05-09 13:51:16,970: 	 Task name:			190508_210742:schhibra_crab_20190508_230733
INFO 2019-05-09 13:51:16,970: 	 Grid scheduler - Task Worker:	crab3@vocms0197.cern.ch - crab-prod-tw01
INFO 2019-05-09 13:51:16,970: 	 Status on the CRAB server:	SUBMITTED
INFO 2019-05-09 13:51:16,971: 	 Task URL to use for HELP:	https://cmsweb.cern.ch/crabserver/ui/task/190508_210742%3Aschhibra_crab_20190508_230733
INFO 2019-05-09 13:51:16,971: 	 Dashboard monitoring URL:	http://dashb-cms-job.cern.ch/dashboard/templates/task-analysis/#user=schhibra&refresh=0&table=Jobs&p=1&records=25&activemenu=2&status=&site=&tid=190508_210742%3Aschhibra_crab_20190508_230733
INFO 2019-05-09 13:51:16,971: 	 New dashboard monitoring URL:	https://monit-grafana.cern.ch/d/cmsTMDetail/cms-task-monitoring-task-view?orgId=11&var-user=schhibra&var-task=190508_210742%3Aschhibra_crab_20190508_230733
INFO 2019-05-09 13:51:16,971: 	 In case of issues with the new dashboard, please provide feedback to hn-cms-computing-tools@cern.ch
DEBUG 2019-05-09 13:51:16,971: 	 The CRAB server submitted your task to the Grid scheduler (cluster ID: 37376356)
DEBUG 2019-05-09 13:51:16,971: 	 Webdir is located at http://vocms0197.cern.ch/mon/cms175/190508_210742:schhibra_crab_20190508_230733
DEBUG 2019-05-09 13:51:17,101: 	 Proxied webdir is located at https://cmsweb.cern.ch/scheddmon/0197/cms175/190508_210742:schhibra_crab_20190508_230733
DEBUG 2019-05-09 13:51:17,101: 	 Retrieving 'status_cache' file from https://cmsweb.cern.ch/scheddmon/0197/cms175/190508_210742:schhibra_crab_20190508_230733/status_cache
DEBUG 2019-05-09 13:51:17,203: 	 Got information from status cache file: {'1': {'Retries': 0, 'WallDurations': [0], 'StartTimes': [], 'SubmitTimes': [1557349841.0], 'JobIds': ['37376359.0'], 'EndTimes': [], 'Restarts': 0, 'RecordedSite': False, 'State': 'idle', 'ResidentSetSize': [0], 'TotalUserCpuTimeHistory': [0.0], 'SiteHistory': ['Unknown'], 'TotalSysCpuTimeHistory': [0.0]}, '3': {'Retries': 0, 'WallDurations': [0], 'StartTimes': [], 'SubmitTimes': [1557349842.0], 'JobIds': ['37376363.0'], 'EndTimes': [], 'Restarts': 0, 'RecordedSite': False, 'State': 'idle', 'ResidentSetSize': [0], 'TotalUserCpuTimeHistory': [0.0], 'SiteHistory': ['Unknown'], 'TotalSysCpuTimeHistory': [0.0]}, '2': {'Retries': 0, 'WallDurations': [0], 'StartTimes': [], 'SubmitTimes': [1557349841.0], 'JobIds': ['37376360.0'], 'EndTimes': [], 'Restarts': 0, 'RecordedSite': False, 'State': 'idle', 'ResidentSetSize': [0], 'TotalUserCpuTimeHistory': [0.0], 'SiteHistory': ['Unknown'], 'TotalSysCpuTimeHistory': [0.0]}, '5': {'Retries': 0, 'WallDurations': [0], 'StartTimes': [], 'SubmitTimes': [1557349842.0], 'JobIds': ['37376362.0'], 'EndTimes': [], 'Restarts': 0, 'RecordedSite': False, 'State': 'idle', 'ResidentSetSize': [0], 'TotalUserCpuTimeHistory': [0.0], 'SiteHistory': ['Unknown'], 'TotalSysCpuTimeHistory': [0.0]}, '4': {'Retries': 0, 'WallDurations': [0], 'StartTimes': [], 'SubmitTimes': [1557349842.0], 'JobIds': ['37376361.0'], 'EndTimes': [], 'Restarts': 0, 'RecordedSite': False, 'State': 'idle', 'ResidentSetSize': [0], 'TotalUserCpuTimeHistory': [0.0], 'SiteHistory': ['Unknown'], 'TotalSysCpuTimeHistory': [0.0]}}
INFO 2019-05-09 13:51:17,203: 	 Status on the scheduler:	SUBMITTED
INFO 2019-05-09 13:51:17,204: 	 
Jobs status:                    idle         		100.0% (5/5)
INFO 2019-05-09 13:51:17,204: 	 
No publication information (publication has been disabled in the CRAB configuration file)
INFO 2019-05-09 13:51:17,216: 	 Log file is /afs/cern.ch/work/s/schhibra/DarkPhotonSearch_v2/CMSSW_9_4_14/src/ScoutingAnalysis/TreeMaker/crab/ZdScoutingM50_L1_12_5_L1_15_7_Official_AccXEff/crab_20190508_230733/crab.log
DEBUG 2019-05-12 18:58:27,195: 	 Executing command: 'status'
DEBUG 2019-05-12 18:58:27,195: 	 Found CRAB cache file /afs/cern.ch/user/s/schhibra/.crab3
DEBUG 2019-05-12 18:58:27,254: 	 Checking credentials
DEBUG 2019-05-12 18:58:27,254: 	 Found proxy file /tmp/x509up_u59012
DEBUG 2019-05-12 18:58:27,254: 	 Getting proxy life time left
DEBUG 2019-05-12 18:58:28,168: 	 Executing : 
 command : voms-proxy-info -file /tmp/x509up_u59012 -timeleft
 output : 85799

 error: 
 retcode : 0
DEBUG 2019-05-12 18:58:29,077: 	 Executing : 
 command : voms-proxy-info -file /tmp/x509up_u59012 -actimeleft
 output : 85797

 error: 
 retcode : 0
DEBUG 2019-05-12 18:58:29,078: 	 Proxy lifetime 85799 secs is different from voms extension lifetime 85797 secs for proxy: /tmp/x509up_u59012
DEBUG 2019-05-12 18:58:29,078: 	 Proxy valid for 23:49:57 hours
DEBUG 2019-05-12 18:58:29,201: 	 Executing : 
 command : openssl x509 -in ~/.globus/usercert.pem -subject -noout
 output : subject= /DC=ch/DC=cern/OU=Organic Units/OU=Users/CN=schhibra/CN=715612/CN=Simranjit Singh Chhibra

 error: 
 retcode : 0
DEBUG 2019-05-12 18:58:29,202: 	 Checking credentials
DEBUG 2019-05-12 18:58:29,203: 	 Found proxy file /tmp/x509up_u59012
DEBUG 2019-05-12 18:58:29,203: 	 Getting proxy life time left
DEBUG 2019-05-12 18:58:30,112: 	 Executing : 
 command : voms-proxy-info -file /tmp/x509up_u59012 -timeleft
 output : 85797

 error: 
 retcode : 0
DEBUG 2019-05-12 18:58:31,024: 	 Executing : 
 command : voms-proxy-info -file /tmp/x509up_u59012 -actimeleft
 output : 85796

 error: 
 retcode : 0
DEBUG 2019-05-12 18:58:31,024: 	 Proxy lifetime 85797 secs is different from voms extension lifetime 85796 secs for proxy: /tmp/x509up_u59012
DEBUG 2019-05-12 18:58:31,025: 	 Proxy valid for 23:49:56 hours
DEBUG 2019-05-12 18:58:31,213: 	 Registering user credentials for server /DC=ch/DC=cern/OU=computers/CN=vocms(052|058|030|0118|0105|0109).cern.ch|/DC=ch/DC=cern/OU=computers/CN=crab-(preprod|prod)-tw(02|01).cern.ch
DEBUG 2019-05-12 18:58:31,329: 	 Executing : 
 command : openssl x509 -in ~/.globus/usercert.pem -subject -noout
 output : subject= /DC=ch/DC=cern/OU=Organic Units/OU=Users/CN=schhibra/CN=715612/CN=Simranjit Singh Chhibra

 error: 
 retcode : 0
DEBUG 2019-05-12 18:58:31,329: 	 Getting myproxy life time left for myproxy.cern.ch
DEBUG 2019-05-12 18:58:31,329: 	 Calculating hash of /DC=ch/DC=cern/OU=Organic Units/OU=Users/CN=schhibra/CN=715612/CN=Simranjit Singh Chhibra_cmsweb.cern.ch for credential name
DEBUG 2019-05-12 18:58:31,737: 	 Executing : 
 command : myproxy-info -l 3841cd59f3d3480019d577f9a3ad69704f35aad0 -s myproxy.cern.ch
 output : username: 3841cd59f3d3480019d577f9a3ad69704f35aad0
owner: /DC=ch/DC=cern/OU=Organic Units/OU=Users/CN=schhibra/CN=715612/CN=Simranjit Singh Chhibra
  renewal policy: /DC=ch/DC=cern/OU=computers/CN=vocms(052|058|030|0118|0105|0109).cern.ch|/DC=ch/DC=cern/OU=computers/CN=crab-(preprod|prod)-tw(02|01).cern.ch
  trusted retrieval policy: /DC=ch/DC=cern/OU=computers/CN=vocms(052|058|030|0118|0105|0109).cern.ch|/DC=ch/DC=cern/OU=computers/CN=crab-(preprod|prod)-tw(02|01).cern.ch
  timeleft: 455:25:52  (19.0 days)

 error: 
 retcode : 0
DEBUG 2019-05-12 18:58:31,738: 	 Myproxy is valid: 1639552
DEBUG 2019-05-12 18:58:31,739: 	 Command use: status
DEBUG 2019-05-12 18:58:31,739: 	 Options use: ['ZdScoutingM50_L1_12_5_L1_15_7_Official_AccXEff/crab_20190508_230733/']
DEBUG 2019-05-12 18:58:31,849: 	 CRABClient version: 3.3.1904
DEBUG 2019-05-12 18:58:31,849: 	 Instance is prod
DEBUG 2019-05-12 18:58:31,849: 	 Server base url is cmsweb.cern.ch
DEBUG 2019-05-12 18:58:31,849: 	 Command url /crabserver/prod/workflow
DEBUG 2019-05-12 18:58:32,018: 	 Got information from server oracle database: {u'result': [u'190508_210742:schhibra_crab_20190508_230733', u'None', u'None', u'SUBMITTED', u'SUBMIT', u'2019-05-08 21:07:43.083298', u'None', u'2019-05-08 21:10:29.250329', u'None', u'CMSSW_9_4_14', u'slc6_amd64_gcc630', u'/DarkPhotonToMuMu_M50_madgraph_pythia8_TuneCP5/RunIIFall17DRPremix-PU2017_94X_mc2017_realistic_v11-v1/AODSIM', u'F', u'0', u'[]', u'[]', u'EventAwareLumiBased', u"{'splitOnRun': False, 'events_per_job': 10000, 'halt_job_on_file_boundaries': False, 'runs': [], 'lumis': []}", u'202ff77a57cd694dca7493871a5db3be4cad6fd6c3a711e91d5ea562ffe1ebed.tar.gz', u'https://cmsweb.cern.ch/crabcache', u'schhibra', u'/DC=ch/DC=cern/OU=Organic Units/OU=Users/CN=schhibra/CN=715612/CN=Simranjit Singh Chhibra', u'cms', u'None', u'None', u'crab_20190508_230733-00000000000000000000000000000000', u'F', u'T2_CH_CERN', u'https://cmsweb.cern.ch/dbs/prod/global/DBSReader', u'https://cmsweb.cern.ch/dbs/prod/phys03/DBSWriter', u'F', u'[]', u"['tree_scout.root']", u'[]', u'Analysis', u'pythia', u'None', u'{}', u'[]', u'F', u'crab-prod-tw01', u'[]', u'1250', u'1', u'2000', u'10', u'None', u'[]', u'http://vocms0197.cern.ch/mon/cms175/190508_210742:schhibra_crab_20190508_230733', u'exec.sh', u'[]', u'[]', u'https://cmsweb.cern.ch/crabserver/prod', u'cmsgwms-collector-global.cern.ch:9620,cmssrv221.fnal.gov:9620', u'crab3@vocms0197.cern.ch', u'F', u'[]', u'T', u'/store/group/phys_exotica/darkPhoton/schhibra/ScoutingNTuples2017', u'F', u'None', u'F', u'None', u'DarkPhotonToMuMu_M50_madgraph_pythia8_TuneCP5', u'None', u'bc0cbe282111e0486cccc7df1d1e5a2eb0c4d0d24ad6c25dc025a77a67349407.tar.gz', u'37376356', u'filetransfers', u'F', u'188.185.115.30', u'0.0', u'None'], u'desc': {u'columns': [u'tm_taskname', u'tm_activity', u'panda_jobset_id', u'tm_task_status', u'tm_task_command', u'tm_start_time', u'tm_start_injection', u'tm_end_injection', u'tm_task_failure', u'tm_job_sw', u'tm_job_arch', u'tm_input_dataset', u'tm_nonvalid_input_dataset', u'tm_use_parent', u'tm_site_whitelist', u'tm_site_blacklist', u'tm_split_algo', u'tm_split_args', u'tm_user_sandbox', u'tm_cache_url', u'tm_username', u'tm_user_dn', u'tm_user_vo', u'tm_user_role', u'tm_user_group', u'tm_publish_name', u'tm_publish_groupname', u'tm_asyncdest', u'tm_dbs_url', u'tm_publish_dbs_url', u'tm_publication', u'tm_outfiles', u'tm_tfile_outfiles', u'tm_edm_outfiles', u'tm_job_type', u'tm_generator', u'tm_events_per_lumi', u'tm_arguments', u'panda_resubmitted_jobs', u'tm_save_logs', u'tw_name', u'tm_user_infiles', u'tm_maxjobruntime', u'tm_numcores', u'tm_maxmemory', u'tm_priority', u'tm_output_dataset', u'tm_task_warnings', u'tm_user_webdir', u'tm_scriptexe', u'tm_scriptargs', u'tm_extrajdl', u'tm_asourl', u'tm_collector', u'tm_schedd', u'tm_dry_run', u'tm_user_files', u'tm_transfer_outputs', u'tm_output_lfn', u'tm_ignore_locality', u'tm_fail_limit', u'tm_one_event_mode', u'tm_secondary_input_dataset', u'tm_primary_dataset', u'tm_last_publication', u'tm_debug_files', u'clusterid', u'tm_asodb', u'tm_ignore_global_blacklist', u'tm_submitter_ip_addr', u'tm_totalunits', u'tm_ddm_reqid']}}
INFO 2019-05-12 18:58:32,018: 	 CRAB project directory:		/afs/cern.ch/work/s/schhibra/DarkPhotonSearch_v2/CMSSW_9_4_14/src/ScoutingAnalysis/TreeMaker/crab/ZdScoutingM50_L1_12_5_L1_15_7_Official_AccXEff/crab_20190508_230733
INFO 2019-05-12 18:58:32,019: 	 Task name:			190508_210742:schhibra_crab_20190508_230733
INFO 2019-05-12 18:58:32,019: 	 Grid scheduler - Task Worker:	crab3@vocms0197.cern.ch - crab-prod-tw01
INFO 2019-05-12 18:58:32,019: 	 Status on the CRAB server:	SUBMITTED
INFO 2019-05-12 18:58:32,019: 	 Task URL to use for HELP:	https://cmsweb.cern.ch/crabserver/ui/task/190508_210742%3Aschhibra_crab_20190508_230733
INFO 2019-05-12 18:58:32,019: 	 Dashboard monitoring URL:	http://dashb-cms-job.cern.ch/dashboard/templates/task-analysis/#user=schhibra&refresh=0&table=Jobs&p=1&records=25&activemenu=2&status=&site=&tid=190508_210742%3Aschhibra_crab_20190508_230733
INFO 2019-05-12 18:58:32,020: 	 New dashboard monitoring URL:	https://monit-grafana.cern.ch/d/cmsTMDetail/cms-task-monitoring-task-view?orgId=11&var-user=schhibra&var-task=190508_210742%3Aschhibra_crab_20190508_230733
INFO 2019-05-12 18:58:32,020: 	 In case of issues with the new dashboard, please provide feedback to hn-cms-computing-tools@cern.ch
DEBUG 2019-05-12 18:58:32,020: 	 The CRAB server submitted your task to the Grid scheduler (cluster ID: 37376356)
DEBUG 2019-05-12 18:58:32,020: 	 Webdir is located at http://vocms0197.cern.ch/mon/cms175/190508_210742:schhibra_crab_20190508_230733
DEBUG 2019-05-12 18:58:32,191: 	 Proxied webdir is located at https://cmsweb.cern.ch/scheddmon/0197/cms175/190508_210742:schhibra_crab_20190508_230733
DEBUG 2019-05-12 18:58:32,191: 	 Retrieving 'status_cache' file from https://cmsweb.cern.ch/scheddmon/0197/cms175/190508_210742:schhibra_crab_20190508_230733/status_cache
DEBUG 2019-05-12 18:58:32,590: 	 Got information from status cache file: {'1': {'Retries': 0, 'WallDurations': [9.0, 467.0], 'StartTimes': [1557422364.0], 'SubmitTimes': [1557349841.0], 'JobIds': ['37376359.0'], 'EndTimes': [1557422831.0], 'Restarts': 0, 'RecordedSite': True, 'State': 'finished', 'ResidentSetSize': [794276], 'TotalUserCpuTimeHistory': [117], 'SiteHistory': ['Unknown', 'T2_US_Wisconsin'], 'TotalSysCpuTimeHistory': [3]}, '3': {'Retries': 0, 'WallDurations': [9.0, 388.0], 'StartTimes': [1557422857.0], 'SubmitTimes': [1557349842.0], 'JobIds': ['37376363.0'], 'EndTimes': [1557423245.0], 'Restarts': 0, 'RecordedSite': True, 'State': 'finished', 'ResidentSetSize': [653104], 'TotalUserCpuTimeHistory': [151], 'SiteHistory': ['Unknown', 'T2_US_Vanderbilt'], 'TotalSysCpuTimeHistory': [3]}, '2': {'Retries': 0, 'WallDurations': [8.0, 364.0], 'StartTimes': [1557422487.0], 'SubmitTimes': [1557349841.0], 'JobIds': ['37376360.0'], 'EndTimes': [1557422851.0], 'Restarts': 0, 'RecordedSite': True, 'State': 'finished', 'ResidentSetSize': [680704], 'TotalUserCpuTimeHistory': [136], 'SiteHistory': ['Unknown', 'T2_US_Vanderbilt'], 'TotalSysCpuTimeHistory': [3]}, '5': {'Retries': 0, 'WallDurations': [9.0, 422.0], 'StartTimes': [1557422842.0], 'SubmitTimes': [1557349842.0], 'JobIds': ['37376362.0'], 'EndTimes': [1557423264.0], 'Restarts': 0, 'RecordedSite': True, 'State': 'finished', 'ResidentSetSize': [766512], 'TotalUserCpuTimeHistory': [115], 'SiteHistory': ['Unknown', 'T2_US_Wisconsin'], 'TotalSysCpuTimeHistory': [4]}, '4': {'Retries': 0, 'WallDurations': [9.0, 314.0], 'StartTimes': [1557422771.0], 'SubmitTimes': [1557349842.0], 'JobIds': ['37376361.0'], 'EndTimes': [1557423085.0], 'Restarts': 0, 'RecordedSite': True, 'State': 'finished', 'ResidentSetSize': [705336], 'TotalUserCpuTimeHistory': [100], 'SiteHistory': ['Unknown', 'T2_US_Nebraska'], 'TotalSysCpuTimeHistory': [3]}}
INFO 2019-05-12 18:58:32,590: 	 Status on the scheduler:	COMPLETED
INFO 2019-05-12 18:58:32,590: 	 
Jobs status:                    finished     		100.0% (5/5)
INFO 2019-05-12 18:58:32,591: 	 
No publication information (publication has been disabled in the CRAB configuration file)
INFO 2019-05-12 18:58:32,591: 	 
Warning: the max jobs runtime is less than 30% of the task requested value (1250 min), please consider to request a lower value for failed jobs (allowed through crab resubmit) and/or improve the jobs splitting (e.g. config.Data.splitting = 'Automatic') in a new task.
INFO 2019-05-12 18:58:32,591: 	 
Warning: the average jobs CPU efficiency is less than 50%, please consider to improve the jobs splitting (e.g. config.Data.splitting = 'Automatic') in a new task
INFO 2019-05-12 18:58:32,591: 	 
Summary of run jobs:
 * Memory: 748MB min, 775MB max, 703MB ave
 * Runtime: 0:05:14 min, 0:07:47 max, 0:06:31 ave
 * CPU eff: 26% min, 40% max, 32% ave
 * Waste: 0:00:44 (2% of total)

INFO 2019-05-12 18:58:32,614: 	 Log file is /afs/cern.ch/work/s/schhibra/DarkPhotonSearch_v2/CMSSW_9_4_14/src/ScoutingAnalysis/TreeMaker/crab/ZdScoutingM50_L1_12_5_L1_15_7_Official_AccXEff/crab_20190508_230733/crab.log
