DEBUG 2019-05-13 19:14:31,152: 	 Executing command: 'submit'
DEBUG 2019-05-13 19:14:31,153: 	 Found CRAB cache file /afs/cern.ch/user/s/schhibra/.crab3
DEBUG 2019-05-13 19:14:31,161: 	 Checking credentials
DEBUG 2019-05-13 19:14:31,162: 	 Found proxy file /tmp/x509up_u59012
DEBUG 2019-05-13 19:14:31,162: 	 Getting proxy life time left
DEBUG 2019-05-13 19:14:31,873: 	 Executing : 
 command : voms-proxy-info -file /tmp/x509up_u59012 -timeleft
 output : 604074

 error: 
 retcode : 0
DEBUG 2019-05-13 19:14:32,680: 	 Executing : 
 command : voms-proxy-info -file /tmp/x509up_u59012 -actimeleft
 output : 604073

 error: 
 retcode : 0
DEBUG 2019-05-13 19:14:32,681: 	 Proxy lifetime 604074 secs is different from voms extension lifetime 604073 secs for proxy: /tmp/x509up_u59012
DEBUG 2019-05-13 19:14:32,681: 	 Proxy valid for 167:47:53 hours
INFO 2019-05-13 19:14:32,681: 	 Will use CRAB configuration file crabConfig.py
DEBUG 2019-05-13 19:14:32,681: 	 Loading CRAB configuration file.
DEBUG 2019-05-13 19:14:32,689: 	 Will use CRAB Analysis plugin (i.e. will run an analysis job type).
DEBUG 2019-05-13 19:14:32,809: 	 Executing : 
 command : openssl x509 -in ~/.globus/usercert.pem -subject -noout
 output : subject= /DC=ch/DC=cern/OU=Organic Units/OU=Users/CN=schhibra/CN=715612/CN=Simranjit Singh Chhibra

 error: 
 retcode : 0
DEBUG 2019-05-13 19:14:32,809: 	 Checking credentials
DEBUG 2019-05-13 19:14:32,809: 	 Found proxy file /tmp/x509up_u59012
DEBUG 2019-05-13 19:14:32,809: 	 Getting proxy life time left
DEBUG 2019-05-13 19:14:33,617: 	 Executing : 
 command : voms-proxy-info -file /tmp/x509up_u59012 -timeleft
 output : 604072

 error: 
 retcode : 0
DEBUG 2019-05-13 19:14:34,429: 	 Executing : 
 command : voms-proxy-info -file /tmp/x509up_u59012 -actimeleft
 output : 604071

 error: 
 retcode : 0
DEBUG 2019-05-13 19:14:34,430: 	 Proxy lifetime 604072 secs is different from voms extension lifetime 604071 secs for proxy: /tmp/x509up_u59012
DEBUG 2019-05-13 19:14:34,430: 	 Proxy valid for 167:47:51 hours
DEBUG 2019-05-13 19:14:35,237: 	 Executing : 
 command : env X509_USER_PROXY=/tmp/x509up_u59012 voms-proxy-info -fqan
 output : /cms/Role=NULL/Capability=NULL

 error: 
 retcode : 0
DEBUG 2019-05-13 19:14:35,377: 	 Registering user credentials for server /DC=ch/DC=cern/OU=computers/CN=vocms(052|058|030|0118|0105|0109).cern.ch|/DC=ch/DC=cern/OU=computers/CN=crab-(preprod|prod)-tw(02|01).cern.ch
DEBUG 2019-05-13 19:14:35,489: 	 Executing : 
 command : openssl x509 -in ~/.globus/usercert.pem -subject -noout
 output : subject= /DC=ch/DC=cern/OU=Organic Units/OU=Users/CN=schhibra/CN=715612/CN=Simranjit Singh Chhibra

 error: 
 retcode : 0
DEBUG 2019-05-13 19:14:35,489: 	 Getting myproxy life time left for myproxy.cern.ch
DEBUG 2019-05-13 19:14:35,489: 	 Calculating hash of /DC=ch/DC=cern/OU=Organic Units/OU=Users/CN=schhibra/CN=715612/CN=Simranjit Singh Chhibra_cmsweb.cern.ch for credential name
DEBUG 2019-05-13 19:14:35,896: 	 Executing : 
 command : myproxy-info -l 3841cd59f3d3480019d577f9a3ad69704f35aad0 -s myproxy.cern.ch
 output : username: 3841cd59f3d3480019d577f9a3ad69704f35aad0
owner: /DC=ch/DC=cern/OU=Organic Units/OU=Users/CN=schhibra/CN=715612/CN=Simranjit Singh Chhibra
  renewal policy: /DC=ch/DC=cern/OU=computers/CN=vocms(052|058|030|0118|0105|0109).cern.ch|/DC=ch/DC=cern/OU=computers/CN=crab-(preprod|prod)-tw(02|01).cern.ch
  trusted retrieval policy: /DC=ch/DC=cern/OU=computers/CN=vocms(052|058|030|0118|0105|0109).cern.ch|/DC=ch/DC=cern/OU=computers/CN=crab-(preprod|prod)-tw(02|01).cern.ch
  timeleft: 431:09:48  (18.0 days)

 error: 
 retcode : 0
DEBUG 2019-05-13 19:14:35,898: 	 Myproxy is valid: 1552188
DEBUG 2019-05-13 19:14:35,898: 	 Command use: submit
DEBUG 2019-05-13 19:14:35,898: 	 Options use: []
DEBUG 2019-05-13 19:14:36,031: 	 CRABClient version: 3.3.1904
DEBUG 2019-05-13 19:14:36,031: 	 Instance is prod
DEBUG 2019-05-13 19:14:36,031: 	 Server base url is cmsweb.cern.ch
DEBUG 2019-05-13 19:14:36,031: 	 Command url /crabserver/prod/workflow
DEBUG 2019-05-13 19:14:36,032: 	 Started submission
DEBUG 2019-05-13 19:14:36,032: 	 Working on /afs/cern.ch/work/s/schhibra/DarkPhotonSearch_v2/CMSSW_9_4_14/src/ScoutingAnalysis/TreeMaker/crab/ZdScoutingM50_L1_12_5_L1_15_7_Official_AccXEff/crab_20190513_191432
DEBUG 2019-05-13 19:14:36,205: 	 Loading required information from the environment
DEBUG 2019-05-13 19:14:36,205: 	 Found CMSSW_9_4_14 for slc6_amd64_gcc630 with base /afs/cern.ch/work/s/schhibra/DarkPhotonSearch_v2/CMSSW_9_4_14
DEBUG 2019-05-13 19:14:36,205: 	 Loading required information from the environment
DEBUG 2019-05-13 19:14:36,205: 	 Found CMSSW_9_4_14 for slc6_amd64_gcc630 with base /afs/cern.ch/work/s/schhibra/DarkPhotonSearch_v2/CMSSW_9_4_14
DEBUG 2019-05-13 19:14:36,230: 	 UNIQUE NAME: tarUUID 07bcca68-a04a-4266-ad36-d8967953b7b1 
DEBUG 2019-05-13 19:14:36,231: 	 self.config: from WMCore.Configuration import Configuration
config = Configuration()
config.section_('General')
config.section_('JobType')
config.JobType.psetName = '../../test/tree_scout_cfg.py'
config.JobType.pluginName = 'Analysis'
config.JobType.inputFiles = ['../Rochester.tar.gz']
config.JobType.pyCfgParams = ['isMC=True', 'useLHEWeights=True', 'GlobalTag=94X_mc2017_realistic_v11', 'roccorData=Rochester/RoccoR2017.txt']
config.JobType.scriptExe = '../exec.sh'
config.section_('Data')
config.Data.inputDataset = '/DarkPhotonToMuMu_M50_madgraph_pythia8_TuneCP5/RunIIFall17DRPremix-PU2017_94X_mc2017_realistic_v11-v1/AODSIM'
config.Data.unitsPerJob = 10000
config.Data.publication = False
config.Data.splitting = 'EventAwareLumiBased'
config.Data.outLFNDirBase = '/store/group/phys_exotica/darkPhoton/schhibra/ScoutingNTuples2017'
config.section_('Site')
config.Site.storageSite = 'T2_CH_CERN'
config.section_('User')
config.section_('Debug')

DEBUG 2019-05-13 19:14:36,231: 	 self.config.JobType.psetName: ../../test/tree_scout_cfg.py
INFO 2019-05-13 19:14:36,231: 	 Importing CMSSW configuration ../../test/tree_scout_cfg.py
DEBUG 2019-05-13 19:14:36,231: 	 Additional parameters for the CMSSW configuration are: ['isMC=True', 'useLHEWeights=True', 'GlobalTag=94X_mc2017_realistic_v11', 'roccorData=Rochester/RoccoR2017.txt']
INFO 2019-05-13 19:14:37,915: 	 Finished importing CMSSW configuration ../../test/tree_scout_cfg.py
DEBUG 2019-05-13 19:14:37,916: 	 Writing CMSSW configuration to /afs/cern.ch/work/s/schhibra/DarkPhotonSearch_v2/CMSSW_9_4_14/src/ScoutingAnalysis/TreeMaker/crab/ZdScoutingM50_L1_12_5_L1_15_7_Official_AccXEff/crab_20190513_191432/inputs/PSet.py
DEBUG 2019-05-13 19:14:38,500: 	 The following EDM output files will be collected: []
DEBUG 2019-05-13 19:14:38,501: 	 The following TFile output files will be collected: ['tree_scout.root']
DEBUG 2019-05-13 19:14:38,501: 	 The following user output files will be collected: []
DEBUG 2019-05-13 19:14:38,501: 	 Loading required information from the environment
DEBUG 2019-05-13 19:14:38,501: 	 Found CMSSW_9_4_14 for slc6_amd64_gcc630 with base /afs/cern.ch/work/s/schhibra/DarkPhotonSearch_v2/CMSSW_9_4_14
DEBUG 2019-05-13 19:14:38,501: 	 Making tarball in /afs/cern.ch/work/s/schhibra/DarkPhotonSearch_v2/CMSSW_9_4_14/src/ScoutingAnalysis/TreeMaker/crab/ZdScoutingM50_L1_12_5_L1_15_7_Official_AccXEff/crab_20190513_191432/inputs/07bcca68-a04a-4266-ad36-d8967953b7b1default.tgz
DEBUG 2019-05-13 19:14:38,506: 	 Checking directory /afs/cern.ch/work/s/schhibra/DarkPhotonSearch_v2/CMSSW_9_4_14/lib
DEBUG 2019-05-13 19:14:38,506: 	 Adding directory /afs/cern.ch/work/s/schhibra/DarkPhotonSearch_v2/CMSSW_9_4_14/lib to tarball
DEBUG 2019-05-13 19:14:38,515: 	 Checking directory /afs/cern.ch/work/s/schhibra/DarkPhotonSearch_v2/CMSSW_9_4_14/biglib
DEBUG 2019-05-13 19:14:38,515: 	 Adding directory /afs/cern.ch/work/s/schhibra/DarkPhotonSearch_v2/CMSSW_9_4_14/biglib to tarball
DEBUG 2019-05-13 19:14:38,516: 	 Checking directory /afs/cern.ch/work/s/schhibra/DarkPhotonSearch_v2/CMSSW_9_4_14/module
DEBUG 2019-05-13 19:14:38,517: 	 Adding data directory /afs/cern.ch/work/s/schhibra/DarkPhotonSearch_v2/CMSSW_9_4_14/src/ScoutingAnalysis/TreeMaker/data to tarball
DEBUG 2019-05-13 19:14:38,739: 	 Adding data directory /afs/cern.ch/work/s/schhibra/DarkPhotonSearch_v2/CMSSW_9_4_14/src/ScoutingAnalysis/TreeMaker/interface to tarball
DEBUG 2019-05-13 19:14:38,752: 	 Adding file ../Rochester.tar.gz to tarball
DEBUG 2019-05-13 19:14:39,107: 	 Uploading archive /afs/cern.ch/work/s/schhibra/DarkPhotonSearch_v2/CMSSW_9_4_14/src/ScoutingAnalysis/TreeMaker/crab/ZdScoutingM50_L1_12_5_L1_15_7_Official_AccXEff/crab_20190513_191432/inputs/07bcca68-a04a-4266-ad36-d8967953b7b1default.tgz (1.385742.1 MB) to the CRAB cache. Using URI https://cmsweb.cern.ch/crabcache
DEBUG 2019-05-13 19:14:40,641: 	 Loading required information from the environment
DEBUG 2019-05-13 19:14:40,641: 	 Found CMSSW_9_4_14 for slc6_amd64_gcc630 with base /afs/cern.ch/work/s/schhibra/DarkPhotonSearch_v2/CMSSW_9_4_14
DEBUG 2019-05-13 19:14:40,641: 	 Making tarball in /afs/cern.ch/work/s/schhibra/DarkPhotonSearch_v2/CMSSW_9_4_14/src/ScoutingAnalysis/TreeMaker/crab/ZdScoutingM50_L1_12_5_L1_15_7_Official_AccXEff/crab_20190513_191432/inputs/debugFiles.tgz
DEBUG 2019-05-13 19:14:40,647: 	 Uploading archive /afs/cern.ch/work/s/schhibra/DarkPhotonSearch_v2/CMSSW_9_4_14/src/ScoutingAnalysis/TreeMaker/crab/ZdScoutingM50_L1_12_5_L1_15_7_Official_AccXEff/crab_20190513_191432/inputs/debugFiles.tgz (2 KB) to the CRAB cache. Using URI https://cmsweb.cern.ch/crabcache
DEBUG 2019-05-13 19:14:40,780: 	 Result uploading input files: c546ace1ca360e876c5df4cd4facdd8a3c1a2a64df44bf906ebc011f93f27e48.tar.gz 
INFO 2019-05-13 19:14:40,781: 	 Sending the request to the server
DEBUG 2019-05-13 19:14:40,781: 	 Submitting {'maxjobruntime': 1250, 'extrajdl': [], 'lfn': '/store/group/phys_exotica/darkPhoton/schhibra/ScoutingNTuples2017', 'savelogsflag': 0, 'useparent': 0, 'scriptexe': 'exec.sh', 'asyncdest': 'T2_CH_CERN', 'algoargs': 10000, 'cachefilename': 'c546ace1ca360e876c5df4cd4facdd8a3c1a2a64df44bf906ebc011f93f27e48.tar.gz', 'numcores': 1, 'addoutputfiles': [], 'generator': 'pythia', 'maxmemory': 2000, 'publishdbsurl': 'https://cmsweb.cern.ch/dbs/prod/phys03/DBSWriter', 'priority': 10, 'jobsw': 'CMSSW_9_4_14', 'edmoutfiles': [], 'userfiles': [], 'primarydataset': '', 'inputdata': '/DarkPhotonToMuMu_M50_madgraph_pythia8_TuneCP5/RunIIFall17DRPremix-PU2017_94X_mc2017_realistic_v11-v1/AODSIM', 'ignorelocality': 0, 'dryrun': 0, 'workflow': 'crab_20190513_191432', 'cacheurl': u'https://cmsweb.cern.ch/crabcache', 'nonprodsw': 0, 'tfileoutfiles': ['tree_scout.root'], 'oneEventMode': 0, 'debugfilename': 'cf08ae12b8d8b93df45b871fc1a1f7c6c4a393622473dab2a165311336eaec9f.tar.gz', 'saveoutput': 1, 'publication': 0, 'jobarch': 'slc6_amd64_gcc630', 'totalunits': 0, 'splitalgo': 'EventAwareLumiBased', 'ignoreglobalblacklist': 0, 'nonvaliddata': 0, 'dbsurl': 'https://cmsweb.cern.ch/dbs/prod/global/DBSReader', 'publishgroupname': 0, 'jobtype': 'Analysis', 'publishname2': ''} 
DEBUG 2019-05-13 19:14:40,781: 	 Encoded submit request: maxjobruntime=1250&lfn=%2Fstore%2Fgroup%2Fphys_exotica%2FdarkPhoton%2Fschhibra%2FScoutingNTuples2017&savelogsflag=0&useparent=0&scriptexe=exec.sh&asyncdest=T2_CH_CERN&algoargs=10000&cachefilename=c546ace1ca360e876c5df4cd4facdd8a3c1a2a64df44bf906ebc011f93f27e48.tar.gz&numcores=1&generator=pythia&maxmemory=2000&publishdbsurl=https%3A%2F%2Fcmsweb.cern.ch%2Fdbs%2Fprod%2Fphys03%2FDBSWriter&priority=10&jobsw=CMSSW_9_4_14&primarydataset=&inputdata=%2FDarkPhotonToMuMu_M50_madgraph_pythia8_TuneCP5%2FRunIIFall17DRPremix-PU2017_94X_mc2017_realistic_v11-v1%2FAODSIM&ignorelocality=0&dryrun=0&workflow=crab_20190513_191432&cacheurl=https%3A%2F%2Fcmsweb.cern.ch%2Fcrabcache&nonprodsw=0&oneEventMode=0&debugfilename=cf08ae12b8d8b93df45b871fc1a1f7c6c4a393622473dab2a165311336eaec9f.tar.gz&saveoutput=1&publication=0&jobarch=slc6_amd64_gcc630&totalunits=0&splitalgo=EventAwareLumiBased&ignoreglobalblacklist=0&nonvaliddata=0&dbsurl=https%3A%2F%2Fcmsweb.cern.ch%2Fdbs%2Fprod%2Fglobal%2FDBSReader&publishgroupname=0&jobtype=Analysis&publishname2=&tfileoutfiles=tree_scout.root
DEBUG 2019-05-13 19:14:41,041: 	 Result: {u'result': [{u'RequestName': u'190513_171440:schhibra_crab_20190513_191432'}]}
INFO 2019-05-13 19:14:41,044: 	 Success: Your task has been delivered to the CRAB3 server.
INFO 2019-05-13 19:14:41,044: 	 Task name: 190513_171440:schhibra_crab_20190513_191432
INFO 2019-05-13 19:14:41,044: 	 Project dir: ./crab_20190513_191432
INFO 2019-05-13 19:14:41,045: 	 Please use 'crab status -d ./crab_20190513_191432' to check how the submission process proceeds.
DEBUG 2019-05-13 19:14:41,045: 	 About to return
INFO 2019-05-13 19:14:41,048: 	 Log file is /afs/cern.ch/work/s/schhibra/DarkPhotonSearch_v2/CMSSW_9_4_14/src/ScoutingAnalysis/TreeMaker/crab/ZdScoutingM50_L1_12_5_L1_15_7_Official_AccXEff/crab_20190513_191432/crab.log
DEBUG 2019-05-13 19:34:43,837: 	 Executing command: 'kill'
DEBUG 2019-05-13 19:34:43,838: 	 Found CRAB cache file /afs/cern.ch/user/s/schhibra/.crab3
DEBUG 2019-05-13 19:34:43,846: 	 Checking credentials
DEBUG 2019-05-13 19:34:43,847: 	 Found proxy file /tmp/x509up_u59012
DEBUG 2019-05-13 19:34:43,847: 	 Getting proxy life time left
DEBUG 2019-05-13 19:34:44,656: 	 Executing : 
 command : voms-proxy-info -file /tmp/x509up_u59012 -timeleft
 output : 602861

 error: 
 retcode : 0
DEBUG 2019-05-13 19:34:45,362: 	 Executing : 
 command : voms-proxy-info -file /tmp/x509up_u59012 -actimeleft
 output : 602860

 error: 
 retcode : 0
DEBUG 2019-05-13 19:34:45,363: 	 Proxy lifetime 602861 secs is different from voms extension lifetime 602860 secs for proxy: /tmp/x509up_u59012
DEBUG 2019-05-13 19:34:45,363: 	 Proxy valid for 167:27:40 hours
DEBUG 2019-05-13 19:34:45,485: 	 Executing : 
 command : openssl x509 -in ~/.globus/usercert.pem -subject -noout
 output : subject= /DC=ch/DC=cern/OU=Organic Units/OU=Users/CN=schhibra/CN=715612/CN=Simranjit Singh Chhibra

 error: 
 retcode : 0
DEBUG 2019-05-13 19:34:45,486: 	 Checking credentials
DEBUG 2019-05-13 19:34:45,486: 	 Found proxy file /tmp/x509up_u59012
DEBUG 2019-05-13 19:34:45,486: 	 Getting proxy life time left
DEBUG 2019-05-13 19:34:46,293: 	 Executing : 
 command : voms-proxy-info -file /tmp/x509up_u59012 -timeleft
 output : 602859

 error: 
 retcode : 0
DEBUG 2019-05-13 19:34:47,104: 	 Executing : 
 command : voms-proxy-info -file /tmp/x509up_u59012 -actimeleft
 output : 602858

 error: 
 retcode : 0
DEBUG 2019-05-13 19:34:47,104: 	 Proxy lifetime 602859 secs is different from voms extension lifetime 602858 secs for proxy: /tmp/x509up_u59012
DEBUG 2019-05-13 19:34:47,104: 	 Proxy valid for 167:27:38 hours
DEBUG 2019-05-13 19:34:47,230: 	 Registering user credentials for server /DC=ch/DC=cern/OU=computers/CN=vocms(052|058|030|0118|0105|0109).cern.ch|/DC=ch/DC=cern/OU=computers/CN=crab-(preprod|prod)-tw(02|01).cern.ch
DEBUG 2019-05-13 19:34:47,341: 	 Executing : 
 command : openssl x509 -in ~/.globus/usercert.pem -subject -noout
 output : subject= /DC=ch/DC=cern/OU=Organic Units/OU=Users/CN=schhibra/CN=715612/CN=Simranjit Singh Chhibra

 error: 
 retcode : 0
DEBUG 2019-05-13 19:34:47,341: 	 Getting myproxy life time left for myproxy.cern.ch
DEBUG 2019-05-13 19:34:47,341: 	 Calculating hash of /DC=ch/DC=cern/OU=Organic Units/OU=Users/CN=schhibra/CN=715612/CN=Simranjit Singh Chhibra_cmsweb.cern.ch for credential name
DEBUG 2019-05-13 19:34:47,746: 	 Executing : 
 command : myproxy-info -l 3841cd59f3d3480019d577f9a3ad69704f35aad0 -s myproxy.cern.ch
 output : username: 3841cd59f3d3480019d577f9a3ad69704f35aad0
owner: /DC=ch/DC=cern/OU=Organic Units/OU=Users/CN=schhibra/CN=715612/CN=Simranjit Singh Chhibra
  renewal policy: /DC=ch/DC=cern/OU=computers/CN=vocms(052|058|030|0118|0105|0109).cern.ch|/DC=ch/DC=cern/OU=computers/CN=crab-(preprod|prod)-tw(02|01).cern.ch
  trusted retrieval policy: /DC=ch/DC=cern/OU=computers/CN=vocms(052|058|030|0118|0105|0109).cern.ch|/DC=ch/DC=cern/OU=computers/CN=crab-(preprod|prod)-tw(02|01).cern.ch
  timeleft: 430:49:36  (18.0 days)

 error: 
 retcode : 0
DEBUG 2019-05-13 19:34:47,747: 	 Myproxy is valid: 1550976
DEBUG 2019-05-13 19:34:47,748: 	 Command use: kill
DEBUG 2019-05-13 19:34:47,748: 	 Options use: ['crab_20190513_191432']
DEBUG 2019-05-13 19:34:47,885: 	 CRABClient version: 3.3.1904
DEBUG 2019-05-13 19:34:47,885: 	 Instance is prod
DEBUG 2019-05-13 19:34:47,885: 	 Server base url is cmsweb.cern.ch
DEBUG 2019-05-13 19:34:47,885: 	 Command url /crabserver/prod/workflow
DEBUG 2019-05-13 19:34:47,885: 	 Killing task 190513_171440:schhibra_crab_20190513_191432
DEBUG 2019-05-13 19:34:47,995: 	 Result: {u'result': [{u'result': u'ok'}], u'desc': {u'columns': [u'tm_taskname', u'panda_jobset_id', u'tm_task_status', u'tm_task_command', u'tm_user_role', u'tm_user_group', u'tm_task_failure', u'tm_split_algo', u'tm_split_args', u'panda_resubmitted_jobs', u'tm_save_logs', u'tm_username', u'tm_user_dn', u'tm_arguments', u'tm_input_dataset', u'tm_dbs_url', u'tm_task_warnings', u'tm_publication', u'tm_user_webdir', u'tm_asourl', u'tm_asodb', u'tm_output_dataset', u'tm_collector', u'tm_schedd', u'tm_dry_run', u'clusterid', u'tm_start_time', u'tw_name']}}
INFO 2019-05-13 19:34:47,995: 	 Kill request successfully sent
INFO 2019-05-13 19:34:47,998: 	 Log file is /afs/cern.ch/work/s/schhibra/DarkPhotonSearch_v2/CMSSW_9_4_14/src/ScoutingAnalysis/TreeMaker/crab/ZdScoutingM50_L1_12_5_L1_15_7_Official_AccXEff/crab_20190513_191432/crab.log
