DEBUG 2019-05-13 19:27:50,944: 	 Executing command: 'submit'
DEBUG 2019-05-13 19:27:50,946: 	 Found CRAB cache file /afs/cern.ch/user/s/schhibra/.crab3
DEBUG 2019-05-13 19:27:50,955: 	 Checking credentials
DEBUG 2019-05-13 19:27:50,955: 	 Found proxy file /tmp/x509up_u59012
DEBUG 2019-05-13 19:27:50,955: 	 Getting proxy life time left
DEBUG 2019-05-13 19:27:51,761: 	 Executing : 
 command : voms-proxy-info -file /tmp/x509up_u59012 -timeleft
 output : 603274

 error: 
 retcode : 0
DEBUG 2019-05-13 19:27:52,569: 	 Executing : 
 command : voms-proxy-info -file /tmp/x509up_u59012 -actimeleft
 output : 603273

 error: 
 retcode : 0
DEBUG 2019-05-13 19:27:52,570: 	 Proxy lifetime 603274 secs is different from voms extension lifetime 603273 secs for proxy: /tmp/x509up_u59012
DEBUG 2019-05-13 19:27:52,570: 	 Proxy valid for 167:34:33 hours
INFO 2019-05-13 19:27:52,570: 	 Will use CRAB configuration file crabConfig.py
DEBUG 2019-05-13 19:27:52,570: 	 Loading CRAB configuration file.
DEBUG 2019-05-13 19:27:52,597: 	 Will use CRAB Analysis plugin (i.e. will run an analysis job type).
DEBUG 2019-05-13 19:27:52,717: 	 Executing : 
 command : openssl x509 -in ~/.globus/usercert.pem -subject -noout
 output : subject= /DC=ch/DC=cern/OU=Organic Units/OU=Users/CN=schhibra/CN=715612/CN=Simranjit Singh Chhibra

 error: 
 retcode : 0
DEBUG 2019-05-13 19:27:52,718: 	 Checking credentials
DEBUG 2019-05-13 19:27:52,718: 	 Found proxy file /tmp/x509up_u59012
DEBUG 2019-05-13 19:27:52,718: 	 Getting proxy life time left
DEBUG 2019-05-13 19:27:53,424: 	 Executing : 
 command : voms-proxy-info -file /tmp/x509up_u59012 -timeleft
 output : 603272

 error: 
 retcode : 0
DEBUG 2019-05-13 19:27:54,232: 	 Executing : 
 command : voms-proxy-info -file /tmp/x509up_u59012 -actimeleft
 output : 603271

 error: 
 retcode : 0
DEBUG 2019-05-13 19:27:54,232: 	 Proxy lifetime 603272 secs is different from voms extension lifetime 603271 secs for proxy: /tmp/x509up_u59012
DEBUG 2019-05-13 19:27:54,233: 	 Proxy valid for 167:34:31 hours
DEBUG 2019-05-13 19:27:55,045: 	 Executing : 
 command : env X509_USER_PROXY=/tmp/x509up_u59012 voms-proxy-info -fqan
 output : /cms/Role=NULL/Capability=NULL

 error: 
 retcode : 0
DEBUG 2019-05-13 19:27:55,207: 	 Registering user credentials for server /DC=ch/DC=cern/OU=computers/CN=vocms(052|058|030|0118|0105|0109).cern.ch|/DC=ch/DC=cern/OU=computers/CN=crab-(preprod|prod)-tw(02|01).cern.ch
DEBUG 2019-05-13 19:27:55,319: 	 Executing : 
 command : openssl x509 -in ~/.globus/usercert.pem -subject -noout
 output : subject= /DC=ch/DC=cern/OU=Organic Units/OU=Users/CN=schhibra/CN=715612/CN=Simranjit Singh Chhibra

 error: 
 retcode : 0
DEBUG 2019-05-13 19:27:55,320: 	 Getting myproxy life time left for myproxy.cern.ch
DEBUG 2019-05-13 19:27:55,320: 	 Calculating hash of /DC=ch/DC=cern/OU=Organic Units/OU=Users/CN=schhibra/CN=715612/CN=Simranjit Singh Chhibra_cmsweb.cern.ch for credential name
DEBUG 2019-05-13 19:27:55,725: 	 Executing : 
 command : myproxy-info -l 3841cd59f3d3480019d577f9a3ad69704f35aad0 -s myproxy.cern.ch
 output : username: 3841cd59f3d3480019d577f9a3ad69704f35aad0
owner: /DC=ch/DC=cern/OU=Organic Units/OU=Users/CN=schhibra/CN=715612/CN=Simranjit Singh Chhibra
  renewal policy: /DC=ch/DC=cern/OU=computers/CN=vocms(052|058|030|0118|0105|0109).cern.ch|/DC=ch/DC=cern/OU=computers/CN=crab-(preprod|prod)-tw(02|01).cern.ch
  trusted retrieval policy: /DC=ch/DC=cern/OU=computers/CN=vocms(052|058|030|0118|0105|0109).cern.ch|/DC=ch/DC=cern/OU=computers/CN=crab-(preprod|prod)-tw(02|01).cern.ch
  timeleft: 430:56:28  (18.0 days)

 error: 
 retcode : 0
DEBUG 2019-05-13 19:27:55,727: 	 Myproxy is valid: 1551388
DEBUG 2019-05-13 19:27:55,727: 	 Command use: submit
DEBUG 2019-05-13 19:27:55,727: 	 Options use: []
DEBUG 2019-05-13 19:27:55,890: 	 CRABClient version: 3.3.1904
DEBUG 2019-05-13 19:27:55,890: 	 Instance is prod
DEBUG 2019-05-13 19:27:55,890: 	 Server base url is cmsweb.cern.ch
DEBUG 2019-05-13 19:27:55,890: 	 Command url /crabserver/prod/workflow
DEBUG 2019-05-13 19:27:55,890: 	 Started submission
DEBUG 2019-05-13 19:27:55,890: 	 Working on /afs/cern.ch/work/s/schhibra/DarkPhotonSearch_v2/CMSSW_9_4_14/src/ScoutingAnalysis/TreeMaker/crab/UpsilonMuMu_L1_12_5_L1_15_7/crab_20190513_192752
DEBUG 2019-05-13 19:27:56,065: 	 Loading required information from the environment
DEBUG 2019-05-13 19:27:56,065: 	 Found CMSSW_9_4_14 for slc6_amd64_gcc630 with base /afs/cern.ch/work/s/schhibra/DarkPhotonSearch_v2/CMSSW_9_4_14
DEBUG 2019-05-13 19:27:56,065: 	 Loading required information from the environment
DEBUG 2019-05-13 19:27:56,065: 	 Found CMSSW_9_4_14 for slc6_amd64_gcc630 with base /afs/cern.ch/work/s/schhibra/DarkPhotonSearch_v2/CMSSW_9_4_14
DEBUG 2019-05-13 19:27:56,081: 	 UNIQUE NAME: tarUUID cc6a8c67-c074-4ab8-a8a4-0e03741927bd 
DEBUG 2019-05-13 19:27:56,081: 	 self.config: from WMCore.Configuration import Configuration
config = Configuration()
config.section_('General')
config.section_('JobType')
config.JobType.psetName = '../../test/tree_scout_cfg.py'
config.JobType.pluginName = 'Analysis'
config.JobType.inputFiles = ['../Rochester.tar.gz']
config.JobType.pyCfgParams = ['isMC=True', 'useLHEWeights=True', 'applyHLTFilter=True', 'applyDimuonFilter=True', 'GlobalTag=94X_mc2017_realistic_v10', 'roccorData=Rochester/RoccoR2017.txt']
config.JobType.scriptExe = '../exec.sh'
config.section_('Data')
config.Data.inputDataset = '/UpsilonMuMu_UpsilonPt6_TuneCP5_13TeV-pythia8-evtgen/RunIIFall17DRPremix-RECOSIMstep_94X_mc2017_realistic_v10-v1/AODSIM'
config.Data.unitsPerJob = 50000
config.Data.publication = False
config.Data.splitting = 'EventAwareLumiBased'
config.Data.outLFNDirBase = '/store/group/phys_exotica/darkPhoton/schhibra/ScoutingNTuples2017'
config.section_('Site')
config.Site.storageSite = 'T2_CH_CERN'
config.section_('User')
config.section_('Debug')

DEBUG 2019-05-13 19:27:56,081: 	 self.config.JobType.psetName: ../../test/tree_scout_cfg.py
INFO 2019-05-13 19:27:56,082: 	 Importing CMSSW configuration ../../test/tree_scout_cfg.py
DEBUG 2019-05-13 19:27:56,082: 	 Additional parameters for the CMSSW configuration are: ['isMC=True', 'useLHEWeights=True', 'applyHLTFilter=True', 'applyDimuonFilter=True', 'GlobalTag=94X_mc2017_realistic_v10', 'roccorData=Rochester/RoccoR2017.txt']
INFO 2019-05-13 19:27:57,667: 	 Finished importing CMSSW configuration ../../test/tree_scout_cfg.py
DEBUG 2019-05-13 19:27:57,667: 	 Writing CMSSW configuration to /afs/cern.ch/work/s/schhibra/DarkPhotonSearch_v2/CMSSW_9_4_14/src/ScoutingAnalysis/TreeMaker/crab/UpsilonMuMu_L1_12_5_L1_15_7/crab_20190513_192752/inputs/PSet.py
DEBUG 2019-05-13 19:27:58,107: 	 The following EDM output files will be collected: []
DEBUG 2019-05-13 19:27:58,107: 	 The following TFile output files will be collected: ['tree_scout.root']
DEBUG 2019-05-13 19:27:58,107: 	 The following user output files will be collected: []
DEBUG 2019-05-13 19:27:58,107: 	 Loading required information from the environment
DEBUG 2019-05-13 19:27:58,107: 	 Found CMSSW_9_4_14 for slc6_amd64_gcc630 with base /afs/cern.ch/work/s/schhibra/DarkPhotonSearch_v2/CMSSW_9_4_14
DEBUG 2019-05-13 19:27:58,107: 	 Making tarball in /afs/cern.ch/work/s/schhibra/DarkPhotonSearch_v2/CMSSW_9_4_14/src/ScoutingAnalysis/TreeMaker/crab/UpsilonMuMu_L1_12_5_L1_15_7/crab_20190513_192752/inputs/cc6a8c67-c074-4ab8-a8a4-0e03741927bddefault.tgz
DEBUG 2019-05-13 19:27:58,111: 	 Checking directory /afs/cern.ch/work/s/schhibra/DarkPhotonSearch_v2/CMSSW_9_4_14/lib
DEBUG 2019-05-13 19:27:58,111: 	 Adding directory /afs/cern.ch/work/s/schhibra/DarkPhotonSearch_v2/CMSSW_9_4_14/lib to tarball
DEBUG 2019-05-13 19:27:58,119: 	 Checking directory /afs/cern.ch/work/s/schhibra/DarkPhotonSearch_v2/CMSSW_9_4_14/biglib
DEBUG 2019-05-13 19:27:58,119: 	 Adding directory /afs/cern.ch/work/s/schhibra/DarkPhotonSearch_v2/CMSSW_9_4_14/biglib to tarball
DEBUG 2019-05-13 19:27:58,119: 	 Checking directory /afs/cern.ch/work/s/schhibra/DarkPhotonSearch_v2/CMSSW_9_4_14/module
DEBUG 2019-05-13 19:27:58,121: 	 Adding data directory /afs/cern.ch/work/s/schhibra/DarkPhotonSearch_v2/CMSSW_9_4_14/src/ScoutingAnalysis/TreeMaker/data to tarball
DEBUG 2019-05-13 19:27:58,330: 	 Adding data directory /afs/cern.ch/work/s/schhibra/DarkPhotonSearch_v2/CMSSW_9_4_14/src/ScoutingAnalysis/TreeMaker/interface to tarball
DEBUG 2019-05-13 19:27:58,353: 	 Adding file ../Rochester.tar.gz to tarball
DEBUG 2019-05-13 19:27:58,713: 	 Uploading archive /afs/cern.ch/work/s/schhibra/DarkPhotonSearch_v2/CMSSW_9_4_14/src/ScoutingAnalysis/TreeMaker/crab/UpsilonMuMu_L1_12_5_L1_15_7/crab_20190513_192752/inputs/cc6a8c67-c074-4ab8-a8a4-0e03741927bddefault.tgz (1.383789.1 MB) to the CRAB cache. Using URI https://cmsweb.cern.ch/crabcache
DEBUG 2019-05-13 19:27:59,888: 	 Loading required information from the environment
DEBUG 2019-05-13 19:27:59,888: 	 Found CMSSW_9_4_14 for slc6_amd64_gcc630 with base /afs/cern.ch/work/s/schhibra/DarkPhotonSearch_v2/CMSSW_9_4_14
DEBUG 2019-05-13 19:27:59,888: 	 Making tarball in /afs/cern.ch/work/s/schhibra/DarkPhotonSearch_v2/CMSSW_9_4_14/src/ScoutingAnalysis/TreeMaker/crab/UpsilonMuMu_L1_12_5_L1_15_7/crab_20190513_192752/inputs/debugFiles.tgz
DEBUG 2019-05-13 19:27:59,895: 	 Uploading archive /afs/cern.ch/work/s/schhibra/DarkPhotonSearch_v2/CMSSW_9_4_14/src/ScoutingAnalysis/TreeMaker/crab/UpsilonMuMu_L1_12_5_L1_15_7/crab_20190513_192752/inputs/debugFiles.tgz (2 KB) to the CRAB cache. Using URI https://cmsweb.cern.ch/crabcache
DEBUG 2019-05-13 19:28:00,023: 	 Result uploading input files: f93b90bbea0c244330a56ca39edb82f79a268b86f00cefcf2cb8baa38bec91e7.tar.gz 
INFO 2019-05-13 19:28:00,023: 	 Sending the request to the server
DEBUG 2019-05-13 19:28:00,023: 	 Submitting {'maxjobruntime': 1250, 'extrajdl': [], 'lfn': '/store/group/phys_exotica/darkPhoton/schhibra/ScoutingNTuples2017', 'savelogsflag': 0, 'useparent': 0, 'scriptexe': 'exec.sh', 'asyncdest': 'T2_CH_CERN', 'algoargs': 50000, 'cachefilename': 'f93b90bbea0c244330a56ca39edb82f79a268b86f00cefcf2cb8baa38bec91e7.tar.gz', 'numcores': 1, 'addoutputfiles': [], 'generator': 'pythia', 'maxmemory': 2000, 'publishdbsurl': 'https://cmsweb.cern.ch/dbs/prod/phys03/DBSWriter', 'priority': 10, 'jobsw': 'CMSSW_9_4_14', 'edmoutfiles': [], 'userfiles': [], 'primarydataset': '', 'inputdata': '/UpsilonMuMu_UpsilonPt6_TuneCP5_13TeV-pythia8-evtgen/RunIIFall17DRPremix-RECOSIMstep_94X_mc2017_realistic_v10-v1/AODSIM', 'ignorelocality': 0, 'dryrun': 0, 'workflow': 'crab_20190513_192752', 'cacheurl': u'https://cmsweb.cern.ch/crabcache', 'nonprodsw': 0, 'tfileoutfiles': ['tree_scout.root'], 'oneEventMode': 0, 'debugfilename': '971fc2ef9ae4450f19bff3931625cda42f51d9e35ef40190374a53117e994a72.tar.gz', 'saveoutput': 1, 'publication': 0, 'jobarch': 'slc6_amd64_gcc630', 'totalunits': 0, 'splitalgo': 'EventAwareLumiBased', 'ignoreglobalblacklist': 0, 'nonvaliddata': 0, 'dbsurl': 'https://cmsweb.cern.ch/dbs/prod/global/DBSReader', 'publishgroupname': 0, 'jobtype': 'Analysis', 'publishname2': ''} 
DEBUG 2019-05-13 19:28:00,023: 	 Encoded submit request: maxjobruntime=1250&lfn=%2Fstore%2Fgroup%2Fphys_exotica%2FdarkPhoton%2Fschhibra%2FScoutingNTuples2017&savelogsflag=0&useparent=0&scriptexe=exec.sh&asyncdest=T2_CH_CERN&algoargs=50000&cachefilename=f93b90bbea0c244330a56ca39edb82f79a268b86f00cefcf2cb8baa38bec91e7.tar.gz&numcores=1&generator=pythia&maxmemory=2000&publishdbsurl=https%3A%2F%2Fcmsweb.cern.ch%2Fdbs%2Fprod%2Fphys03%2FDBSWriter&priority=10&jobsw=CMSSW_9_4_14&primarydataset=&inputdata=%2FUpsilonMuMu_UpsilonPt6_TuneCP5_13TeV-pythia8-evtgen%2FRunIIFall17DRPremix-RECOSIMstep_94X_mc2017_realistic_v10-v1%2FAODSIM&ignorelocality=0&dryrun=0&workflow=crab_20190513_192752&cacheurl=https%3A%2F%2Fcmsweb.cern.ch%2Fcrabcache&nonprodsw=0&oneEventMode=0&debugfilename=971fc2ef9ae4450f19bff3931625cda42f51d9e35ef40190374a53117e994a72.tar.gz&saveoutput=1&publication=0&jobarch=slc6_amd64_gcc630&totalunits=0&splitalgo=EventAwareLumiBased&ignoreglobalblacklist=0&nonvaliddata=0&dbsurl=https%3A%2F%2Fcmsweb.cern.ch%2Fdbs%2Fprod%2Fglobal%2FDBSReader&publishgroupname=0&jobtype=Analysis&publishname2=&tfileoutfiles=tree_scout.root
DEBUG 2019-05-13 19:28:00,289: 	 Result: {u'result': [{u'RequestName': u'190513_172800:schhibra_crab_20190513_192752'}]}
INFO 2019-05-13 19:28:00,292: 	 Success: Your task has been delivered to the CRAB3 server.
INFO 2019-05-13 19:28:00,292: 	 Task name: 190513_172800:schhibra_crab_20190513_192752
INFO 2019-05-13 19:28:00,293: 	 Project dir: ./crab_20190513_192752
INFO 2019-05-13 19:28:00,293: 	 Please use 'crab status -d ./crab_20190513_192752' to check how the submission process proceeds.
DEBUG 2019-05-13 19:28:00,293: 	 About to return
INFO 2019-05-13 19:28:00,296: 	 Log file is /afs/cern.ch/work/s/schhibra/DarkPhotonSearch_v2/CMSSW_9_4_14/src/ScoutingAnalysis/TreeMaker/crab/UpsilonMuMu_L1_12_5_L1_15_7/crab_20190513_192752/crab.log
