DEBUG 2019-05-13 19:15:33,702: 	 Executing command: 'submit'
DEBUG 2019-05-13 19:15:33,703: 	 Found CRAB cache file /afs/cern.ch/user/s/schhibra/.crab3
DEBUG 2019-05-13 19:15:33,711: 	 Checking credentials
DEBUG 2019-05-13 19:15:33,711: 	 Found proxy file /tmp/x509up_u59012
DEBUG 2019-05-13 19:15:33,711: 	 Getting proxy life time left
DEBUG 2019-05-13 19:15:34,519: 	 Executing : 
 command : voms-proxy-info -file /tmp/x509up_u59012 -timeleft
 output : 604011

 error: 
 retcode : 0
DEBUG 2019-05-13 19:15:35,227: 	 Executing : 
 command : voms-proxy-info -file /tmp/x509up_u59012 -actimeleft
 output : 604010

 error: 
 retcode : 0
DEBUG 2019-05-13 19:15:35,228: 	 Proxy lifetime 604011 secs is different from voms extension lifetime 604010 secs for proxy: /tmp/x509up_u59012
DEBUG 2019-05-13 19:15:35,228: 	 Proxy valid for 167:46:50 hours
INFO 2019-05-13 19:15:35,228: 	 Will use CRAB configuration file crabConfig.py
DEBUG 2019-05-13 19:15:35,228: 	 Loading CRAB configuration file.
DEBUG 2019-05-13 19:15:35,273: 	 Will use CRAB Analysis plugin (i.e. will run an analysis job type).
DEBUG 2019-05-13 19:15:35,484: 	 Executing : 
 command : openssl x509 -in ~/.globus/usercert.pem -subject -noout
 output : subject= /DC=ch/DC=cern/OU=Organic Units/OU=Users/CN=schhibra/CN=715612/CN=Simranjit Singh Chhibra

 error: 
 retcode : 0
DEBUG 2019-05-13 19:15:35,484: 	 Checking credentials
DEBUG 2019-05-13 19:15:35,484: 	 Found proxy file /tmp/x509up_u59012
DEBUG 2019-05-13 19:15:35,484: 	 Getting proxy life time left
DEBUG 2019-05-13 19:15:36,294: 	 Executing : 
 command : voms-proxy-info -file /tmp/x509up_u59012 -timeleft
 output : 604009

 error: 
 retcode : 0
DEBUG 2019-05-13 19:15:37,004: 	 Executing : 
 command : voms-proxy-info -file /tmp/x509up_u59012 -actimeleft
 output : 604009

 error: 
 retcode : 0
DEBUG 2019-05-13 19:15:37,004: 	 Proxy valid for 167:46:49 hours
DEBUG 2019-05-13 19:15:37,811: 	 Executing : 
 command : env X509_USER_PROXY=/tmp/x509up_u59012 voms-proxy-info -fqan
 output : /cms/Role=NULL/Capability=NULL

 error: 
 retcode : 0
DEBUG 2019-05-13 19:15:37,955: 	 Registering user credentials for server /DC=ch/DC=cern/OU=computers/CN=vocms(052|058|030|0118|0105|0109).cern.ch|/DC=ch/DC=cern/OU=computers/CN=crab-(preprod|prod)-tw(02|01).cern.ch
DEBUG 2019-05-13 19:15:38,069: 	 Executing : 
 command : openssl x509 -in ~/.globus/usercert.pem -subject -noout
 output : subject= /DC=ch/DC=cern/OU=Organic Units/OU=Users/CN=schhibra/CN=715612/CN=Simranjit Singh Chhibra

 error: 
 retcode : 0
DEBUG 2019-05-13 19:15:38,069: 	 Getting myproxy life time left for myproxy.cern.ch
DEBUG 2019-05-13 19:15:38,069: 	 Calculating hash of /DC=ch/DC=cern/OU=Organic Units/OU=Users/CN=schhibra/CN=715612/CN=Simranjit Singh Chhibra_cmsweb.cern.ch for credential name
DEBUG 2019-05-13 19:15:38,475: 	 Executing : 
 command : myproxy-info -l 3841cd59f3d3480019d577f9a3ad69704f35aad0 -s myproxy.cern.ch
 output : username: 3841cd59f3d3480019d577f9a3ad69704f35aad0
owner: /DC=ch/DC=cern/OU=Organic Units/OU=Users/CN=schhibra/CN=715612/CN=Simranjit Singh Chhibra
  renewal policy: /DC=ch/DC=cern/OU=computers/CN=vocms(052|058|030|0118|0105|0109).cern.ch|/DC=ch/DC=cern/OU=computers/CN=crab-(preprod|prod)-tw(02|01).cern.ch
  trusted retrieval policy: /DC=ch/DC=cern/OU=computers/CN=vocms(052|058|030|0118|0105|0109).cern.ch|/DC=ch/DC=cern/OU=computers/CN=crab-(preprod|prod)-tw(02|01).cern.ch
  timeleft: 431:08:45  (18.0 days)

 error: 
 retcode : 0
DEBUG 2019-05-13 19:15:38,477: 	 Myproxy is valid: 1552125
DEBUG 2019-05-13 19:15:38,477: 	 Command use: submit
DEBUG 2019-05-13 19:15:38,477: 	 Options use: []
DEBUG 2019-05-13 19:15:38,629: 	 CRABClient version: 3.3.1904
DEBUG 2019-05-13 19:15:38,629: 	 Instance is prod
DEBUG 2019-05-13 19:15:38,629: 	 Server base url is cmsweb.cern.ch
DEBUG 2019-05-13 19:15:38,629: 	 Command url /crabserver/prod/workflow
DEBUG 2019-05-13 19:15:38,629: 	 Started submission
DEBUG 2019-05-13 19:15:38,629: 	 Working on /afs/cern.ch/work/s/schhibra/DarkPhotonSearch_v2/CMSSW_9_4_14/src/ScoutingAnalysis/TreeMaker/crab/ZdScoutingM15_L1_12_5_L1_15_7_Official_AccXEff/crab_20190513_191535
DEBUG 2019-05-13 19:15:38,806: 	 Loading required information from the environment
DEBUG 2019-05-13 19:15:38,806: 	 Found CMSSW_9_4_14 for slc6_amd64_gcc630 with base /afs/cern.ch/work/s/schhibra/DarkPhotonSearch_v2/CMSSW_9_4_14
DEBUG 2019-05-13 19:15:38,806: 	 Loading required information from the environment
DEBUG 2019-05-13 19:15:38,806: 	 Found CMSSW_9_4_14 for slc6_amd64_gcc630 with base /afs/cern.ch/work/s/schhibra/DarkPhotonSearch_v2/CMSSW_9_4_14
DEBUG 2019-05-13 19:15:38,826: 	 UNIQUE NAME: tarUUID 2805aecd-3008-41d0-877e-1806ff090d47 
DEBUG 2019-05-13 19:15:38,827: 	 self.config: from WMCore.Configuration import Configuration
config = Configuration()
config.section_('General')
config.section_('JobType')
config.JobType.psetName = '../../test/tree_scout_cfg.py'
config.JobType.pluginName = 'Analysis'
config.JobType.inputFiles = ['../Rochester.tar.gz']
config.JobType.pyCfgParams = ['isMC=True', 'useLHEWeights=True', 'GlobalTag=94X_mc2017_realistic_v11', 'roccorData=Rochester/RoccoR2017.txt']
config.JobType.scriptExe = '../exec.sh'
config.section_('Data')
config.Data.inputDataset = '/DarkPhotonToMuMu_M15_madgraph_pythia8_TuneCP5/RunIIFall17DRPremix-PU2017_94X_mc2017_realistic_v11-v1/AODSIM'
config.Data.unitsPerJob = 10000
config.Data.publication = False
config.Data.splitting = 'EventAwareLumiBased'
config.Data.outLFNDirBase = '/store/group/phys_exotica/darkPhoton/schhibra/ScoutingNTuples2017'
config.section_('Site')
config.Site.storageSite = 'T2_CH_CERN'
config.section_('User')
config.section_('Debug')

DEBUG 2019-05-13 19:15:38,827: 	 self.config.JobType.psetName: ../../test/tree_scout_cfg.py
INFO 2019-05-13 19:15:38,827: 	 Importing CMSSW configuration ../../test/tree_scout_cfg.py
DEBUG 2019-05-13 19:15:38,827: 	 Additional parameters for the CMSSW configuration are: ['isMC=True', 'useLHEWeights=True', 'GlobalTag=94X_mc2017_realistic_v11', 'roccorData=Rochester/RoccoR2017.txt']
INFO 2019-05-13 19:15:40,496: 	 Finished importing CMSSW configuration ../../test/tree_scout_cfg.py
DEBUG 2019-05-13 19:15:40,496: 	 Writing CMSSW configuration to /afs/cern.ch/work/s/schhibra/DarkPhotonSearch_v2/CMSSW_9_4_14/src/ScoutingAnalysis/TreeMaker/crab/ZdScoutingM15_L1_12_5_L1_15_7_Official_AccXEff/crab_20190513_191535/inputs/PSet.py
DEBUG 2019-05-13 19:15:40,954: 	 The following EDM output files will be collected: []
DEBUG 2019-05-13 19:15:40,954: 	 The following TFile output files will be collected: ['tree_scout.root']
DEBUG 2019-05-13 19:15:40,954: 	 The following user output files will be collected: []
DEBUG 2019-05-13 19:15:40,954: 	 Loading required information from the environment
DEBUG 2019-05-13 19:15:40,954: 	 Found CMSSW_9_4_14 for slc6_amd64_gcc630 with base /afs/cern.ch/work/s/schhibra/DarkPhotonSearch_v2/CMSSW_9_4_14
DEBUG 2019-05-13 19:15:40,954: 	 Making tarball in /afs/cern.ch/work/s/schhibra/DarkPhotonSearch_v2/CMSSW_9_4_14/src/ScoutingAnalysis/TreeMaker/crab/ZdScoutingM15_L1_12_5_L1_15_7_Official_AccXEff/crab_20190513_191535/inputs/2805aecd-3008-41d0-877e-1806ff090d47default.tgz
DEBUG 2019-05-13 19:15:40,987: 	 Checking directory /afs/cern.ch/work/s/schhibra/DarkPhotonSearch_v2/CMSSW_9_4_14/lib
DEBUG 2019-05-13 19:15:40,987: 	 Adding directory /afs/cern.ch/work/s/schhibra/DarkPhotonSearch_v2/CMSSW_9_4_14/lib to tarball
DEBUG 2019-05-13 19:15:40,997: 	 Checking directory /afs/cern.ch/work/s/schhibra/DarkPhotonSearch_v2/CMSSW_9_4_14/biglib
DEBUG 2019-05-13 19:15:40,997: 	 Adding directory /afs/cern.ch/work/s/schhibra/DarkPhotonSearch_v2/CMSSW_9_4_14/biglib to tarball
DEBUG 2019-05-13 19:15:40,998: 	 Checking directory /afs/cern.ch/work/s/schhibra/DarkPhotonSearch_v2/CMSSW_9_4_14/module
DEBUG 2019-05-13 19:15:41,001: 	 Adding data directory /afs/cern.ch/work/s/schhibra/DarkPhotonSearch_v2/CMSSW_9_4_14/src/ScoutingAnalysis/TreeMaker/data to tarball
DEBUG 2019-05-13 19:15:41,233: 	 Adding data directory /afs/cern.ch/work/s/schhibra/DarkPhotonSearch_v2/CMSSW_9_4_14/src/ScoutingAnalysis/TreeMaker/interface to tarball
DEBUG 2019-05-13 19:15:41,255: 	 Adding file ../Rochester.tar.gz to tarball
DEBUG 2019-05-13 19:15:41,655: 	 Uploading archive /afs/cern.ch/work/s/schhibra/DarkPhotonSearch_v2/CMSSW_9_4_14/src/ScoutingAnalysis/TreeMaker/crab/ZdScoutingM15_L1_12_5_L1_15_7_Official_AccXEff/crab_20190513_191535/inputs/2805aecd-3008-41d0-877e-1806ff090d47default.tgz (1.385742.1 MB) to the CRAB cache. Using URI https://cmsweb.cern.ch/crabcache
DEBUG 2019-05-13 19:15:42,880: 	 Loading required information from the environment
DEBUG 2019-05-13 19:15:42,881: 	 Found CMSSW_9_4_14 for slc6_amd64_gcc630 with base /afs/cern.ch/work/s/schhibra/DarkPhotonSearch_v2/CMSSW_9_4_14
DEBUG 2019-05-13 19:15:42,881: 	 Making tarball in /afs/cern.ch/work/s/schhibra/DarkPhotonSearch_v2/CMSSW_9_4_14/src/ScoutingAnalysis/TreeMaker/crab/ZdScoutingM15_L1_12_5_L1_15_7_Official_AccXEff/crab_20190513_191535/inputs/debugFiles.tgz
DEBUG 2019-05-13 19:15:42,886: 	 Uploading archive /afs/cern.ch/work/s/schhibra/DarkPhotonSearch_v2/CMSSW_9_4_14/src/ScoutingAnalysis/TreeMaker/crab/ZdScoutingM15_L1_12_5_L1_15_7_Official_AccXEff/crab_20190513_191535/inputs/debugFiles.tgz (2 KB) to the CRAB cache. Using URI https://cmsweb.cern.ch/crabcache
DEBUG 2019-05-13 19:15:42,979: 	 Result uploading input files: c546ace1ca360e876c5df4cd4facdd8a3c1a2a64df44bf906ebc011f93f27e48.tar.gz 
INFO 2019-05-13 19:15:42,980: 	 Sending the request to the server
DEBUG 2019-05-13 19:15:42,980: 	 Submitting {'maxjobruntime': 1250, 'extrajdl': [], 'lfn': '/store/group/phys_exotica/darkPhoton/schhibra/ScoutingNTuples2017', 'savelogsflag': 0, 'useparent': 0, 'scriptexe': 'exec.sh', 'asyncdest': 'T2_CH_CERN', 'algoargs': 10000, 'cachefilename': 'c546ace1ca360e876c5df4cd4facdd8a3c1a2a64df44bf906ebc011f93f27e48.tar.gz', 'numcores': 1, 'addoutputfiles': [], 'generator': 'pythia', 'maxmemory': 2000, 'publishdbsurl': 'https://cmsweb.cern.ch/dbs/prod/phys03/DBSWriter', 'priority': 10, 'jobsw': 'CMSSW_9_4_14', 'edmoutfiles': [], 'userfiles': [], 'primarydataset': '', 'inputdata': '/DarkPhotonToMuMu_M15_madgraph_pythia8_TuneCP5/RunIIFall17DRPremix-PU2017_94X_mc2017_realistic_v11-v1/AODSIM', 'ignorelocality': 0, 'dryrun': 0, 'workflow': 'crab_20190513_191535', 'cacheurl': u'https://cmsweb.cern.ch/crabcache', 'nonprodsw': 0, 'tfileoutfiles': ['tree_scout.root'], 'oneEventMode': 0, 'debugfilename': '4ef2ab48e69a1a8b049fe987c29c740b2a5fb593f892b5b838802636cc039296.tar.gz', 'saveoutput': 1, 'publication': 0, 'jobarch': 'slc6_amd64_gcc630', 'totalunits': 0, 'splitalgo': 'EventAwareLumiBased', 'ignoreglobalblacklist': 0, 'nonvaliddata': 0, 'dbsurl': 'https://cmsweb.cern.ch/dbs/prod/global/DBSReader', 'publishgroupname': 0, 'jobtype': 'Analysis', 'publishname2': ''} 
DEBUG 2019-05-13 19:15:42,980: 	 Encoded submit request: maxjobruntime=1250&lfn=%2Fstore%2Fgroup%2Fphys_exotica%2FdarkPhoton%2Fschhibra%2FScoutingNTuples2017&savelogsflag=0&useparent=0&scriptexe=exec.sh&asyncdest=T2_CH_CERN&algoargs=10000&cachefilename=c546ace1ca360e876c5df4cd4facdd8a3c1a2a64df44bf906ebc011f93f27e48.tar.gz&numcores=1&generator=pythia&maxmemory=2000&publishdbsurl=https%3A%2F%2Fcmsweb.cern.ch%2Fdbs%2Fprod%2Fphys03%2FDBSWriter&priority=10&jobsw=CMSSW_9_4_14&primarydataset=&inputdata=%2FDarkPhotonToMuMu_M15_madgraph_pythia8_TuneCP5%2FRunIIFall17DRPremix-PU2017_94X_mc2017_realistic_v11-v1%2FAODSIM&ignorelocality=0&dryrun=0&workflow=crab_20190513_191535&cacheurl=https%3A%2F%2Fcmsweb.cern.ch%2Fcrabcache&nonprodsw=0&oneEventMode=0&debugfilename=4ef2ab48e69a1a8b049fe987c29c740b2a5fb593f892b5b838802636cc039296.tar.gz&saveoutput=1&publication=0&jobarch=slc6_amd64_gcc630&totalunits=0&splitalgo=EventAwareLumiBased&ignoreglobalblacklist=0&nonvaliddata=0&dbsurl=https%3A%2F%2Fcmsweb.cern.ch%2Fdbs%2Fprod%2Fglobal%2FDBSReader&publishgroupname=0&jobtype=Analysis&publishname2=&tfileoutfiles=tree_scout.root
DEBUG 2019-05-13 19:15:43,222: 	 Result: {u'result': [{u'RequestName': u'190513_171543:schhibra_crab_20190513_191535'}]}
INFO 2019-05-13 19:15:43,225: 	 Success: Your task has been delivered to the CRAB3 server.
INFO 2019-05-13 19:15:43,225: 	 Task name: 190513_171543:schhibra_crab_20190513_191535
INFO 2019-05-13 19:15:43,225: 	 Project dir: ./crab_20190513_191535
INFO 2019-05-13 19:15:43,225: 	 Please use 'crab status -d ./crab_20190513_191535' to check how the submission process proceeds.
DEBUG 2019-05-13 19:15:43,226: 	 About to return
INFO 2019-05-13 19:15:43,228: 	 Log file is /afs/cern.ch/work/s/schhibra/DarkPhotonSearch_v2/CMSSW_9_4_14/src/ScoutingAnalysis/TreeMaker/crab/ZdScoutingM15_L1_12_5_L1_15_7_Official_AccXEff/crab_20190513_191535/crab.log
DEBUG 2019-05-13 19:32:57,788: 	 Executing command: 'kill'
DEBUG 2019-05-13 19:32:57,788: 	 Found CRAB cache file /afs/cern.ch/user/s/schhibra/.crab3
DEBUG 2019-05-13 19:32:57,796: 	 Checking credentials
DEBUG 2019-05-13 19:32:57,796: 	 Found proxy file /tmp/x509up_u59012
DEBUG 2019-05-13 19:32:57,796: 	 Getting proxy life time left
DEBUG 2019-05-13 19:32:58,602: 	 Executing : 
 command : voms-proxy-info -file /tmp/x509up_u59012 -timeleft
 output : 602967

 error: 
 retcode : 0
DEBUG 2019-05-13 19:32:59,309: 	 Executing : 
 command : voms-proxy-info -file /tmp/x509up_u59012 -actimeleft
 output : 602966

 error: 
 retcode : 0
DEBUG 2019-05-13 19:32:59,310: 	 Proxy lifetime 602967 secs is different from voms extension lifetime 602966 secs for proxy: /tmp/x509up_u59012
DEBUG 2019-05-13 19:32:59,310: 	 Proxy valid for 167:29:26 hours
DEBUG 2019-05-13 19:32:59,423: 	 Executing : 
 command : openssl x509 -in ~/.globus/usercert.pem -subject -noout
 output : subject= /DC=ch/DC=cern/OU=Organic Units/OU=Users/CN=schhibra/CN=715612/CN=Simranjit Singh Chhibra

 error: 
 retcode : 0
DEBUG 2019-05-13 19:32:59,424: 	 Checking credentials
DEBUG 2019-05-13 19:32:59,424: 	 Found proxy file /tmp/x509up_u59012
DEBUG 2019-05-13 19:32:59,424: 	 Getting proxy life time left
DEBUG 2019-05-13 19:33:00,131: 	 Executing : 
 command : voms-proxy-info -file /tmp/x509up_u59012 -timeleft
 output : 602965

 error: 
 retcode : 0
DEBUG 2019-05-13 19:33:00,938: 	 Executing : 
 command : voms-proxy-info -file /tmp/x509up_u59012 -actimeleft
 output : 602965

 error: 
 retcode : 0
DEBUG 2019-05-13 19:33:00,939: 	 Proxy valid for 167:29:25 hours
DEBUG 2019-05-13 19:33:01,083: 	 Registering user credentials for server /DC=ch/DC=cern/OU=computers/CN=vocms(052|058|030|0118|0105|0109).cern.ch|/DC=ch/DC=cern/OU=computers/CN=crab-(preprod|prod)-tw(02|01).cern.ch
DEBUG 2019-05-13 19:33:01,194: 	 Executing : 
 command : openssl x509 -in ~/.globus/usercert.pem -subject -noout
 output : subject= /DC=ch/DC=cern/OU=Organic Units/OU=Users/CN=schhibra/CN=715612/CN=Simranjit Singh Chhibra

 error: 
 retcode : 0
DEBUG 2019-05-13 19:33:01,194: 	 Getting myproxy life time left for myproxy.cern.ch
DEBUG 2019-05-13 19:33:01,194: 	 Calculating hash of /DC=ch/DC=cern/OU=Organic Units/OU=Users/CN=schhibra/CN=715612/CN=Simranjit Singh Chhibra_cmsweb.cern.ch for credential name
DEBUG 2019-05-13 19:33:01,600: 	 Executing : 
 command : myproxy-info -l 3841cd59f3d3480019d577f9a3ad69704f35aad0 -s myproxy.cern.ch
 output : username: 3841cd59f3d3480019d577f9a3ad69704f35aad0
owner: /DC=ch/DC=cern/OU=Organic Units/OU=Users/CN=schhibra/CN=715612/CN=Simranjit Singh Chhibra
  renewal policy: /DC=ch/DC=cern/OU=computers/CN=vocms(052|058|030|0118|0105|0109).cern.ch|/DC=ch/DC=cern/OU=computers/CN=crab-(preprod|prod)-tw(02|01).cern.ch
  trusted retrieval policy: /DC=ch/DC=cern/OU=computers/CN=vocms(052|058|030|0118|0105|0109).cern.ch|/DC=ch/DC=cern/OU=computers/CN=crab-(preprod|prod)-tw(02|01).cern.ch
  timeleft: 430:51:22  (18.0 days)

 error: 
 retcode : 0
DEBUG 2019-05-13 19:33:01,601: 	 Myproxy is valid: 1551082
DEBUG 2019-05-13 19:33:01,602: 	 Command use: kill
DEBUG 2019-05-13 19:33:01,602: 	 Options use: ['crab_20190513_191535']
DEBUG 2019-05-13 19:33:01,742: 	 CRABClient version: 3.3.1904
DEBUG 2019-05-13 19:33:01,742: 	 Instance is prod
DEBUG 2019-05-13 19:33:01,742: 	 Server base url is cmsweb.cern.ch
DEBUG 2019-05-13 19:33:01,742: 	 Command url /crabserver/prod/workflow
DEBUG 2019-05-13 19:33:01,742: 	 Killing task 190513_171543:schhibra_crab_20190513_191535
DEBUG 2019-05-13 19:33:01,867: 	 Result: {u'result': [{u'result': u'ok'}], u'desc': {u'columns': [u'tm_taskname', u'panda_jobset_id', u'tm_task_status', u'tm_task_command', u'tm_user_role', u'tm_user_group', u'tm_task_failure', u'tm_split_algo', u'tm_split_args', u'panda_resubmitted_jobs', u'tm_save_logs', u'tm_username', u'tm_user_dn', u'tm_arguments', u'tm_input_dataset', u'tm_dbs_url', u'tm_task_warnings', u'tm_publication', u'tm_user_webdir', u'tm_asourl', u'tm_asodb', u'tm_output_dataset', u'tm_collector', u'tm_schedd', u'tm_dry_run', u'clusterid', u'tm_start_time', u'tw_name']}}
INFO 2019-05-13 19:33:01,868: 	 Kill request successfully sent
INFO 2019-05-13 19:33:01,871: 	 Log file is /afs/cern.ch/work/s/schhibra/DarkPhotonSearch_v2/CMSSW_9_4_14/src/ScoutingAnalysis/TreeMaker/crab/ZdScoutingM15_L1_12_5_L1_15_7_Official_AccXEff/crab_20190513_191535/crab.log
