000 (1421350.000.000) 06/14 14:07:52 Job submitted from host: <188.185.71.142:9618?addrs=188.185.71.142-9618&noUDP&sock=4096_1802_3>
...
001 (1421350.000.000) 06/14 14:34:50 Job executing on host: <128.142.133.28:9618?addrs=128.142.133.28-9618+[2001-1458-301-32--100-11]-9618&noUDP&sock=19559_6cf5_3>
...
006 (1421350.000.000) 06/14 14:34:58 Image size of job updated: 168096
	94  -  MemoryUsage of job (MB)
	95552  -  ResidentSetSize of job (KB)
...
006 (1421350.000.000) 06/14 14:39:45 Image size of job updated: 211788
	94  -  MemoryUsage of job (MB)
	95552  -  ResidentSetSize of job (KB)
...
005 (1421350.000.000) 06/14 14:39:45 Job terminated.
	(1) Normal termination (return value 0)
		Usr 0 00:02:16, Sys 0 00:02:06  -  Run Remote Usage
		Usr 0 00:00:00, Sys 0 00:00:00  -  Run Local Usage
		Usr 0 00:02:16, Sys 0 00:02:06  -  Total Remote Usage
		Usr 0 00:00:00, Sys 0 00:00:00  -  Total Local Usage
	60  -  Run Bytes Sent By Job
	293  -  Run Bytes Received By Job
	60  -  Total Bytes Sent By Job
	293  -  Total Bytes Received By Job
	Partitionable Resources :    Usage  Request Allocated
	   Cpus                 :                 1          
	   Disk (KB)            :       15        1   2048485
	   Memory (MB)          :       94     2000      2000
...
