000 (1421344.000.000) 06/14 14:07:20 Job submitted from host: <188.185.71.142:9618?addrs=188.185.71.142-9618&noUDP&sock=4096_1802_3>
...
001 (1421344.000.000) 06/14 14:34:51 Job executing on host: <188.184.204.15:9618?addrs=188.184.204.15-9618+[2001-1458-301-7d--100-8]-9618&noUDP&sock=19573_0749_3>
...
006 (1421344.000.000) 06/14 14:35:00 Image size of job updated: 168060
	94  -  MemoryUsage of job (MB)
	95512  -  ResidentSetSize of job (KB)
...
006 (1421344.000.000) 06/14 14:40:00 Image size of job updated: 212424
	137  -  MemoryUsage of job (MB)
	139816  -  ResidentSetSize of job (KB)
...
005 (1421344.000.000) 06/14 15:11:08 Job terminated.
	(1) Normal termination (return value 0)
		Usr 0 00:15:44, Sys 0 00:15:35  -  Run Remote Usage
		Usr 0 00:00:00, Sys 0 00:00:00  -  Run Local Usage
		Usr 0 00:15:44, Sys 0 00:15:35  -  Total Remote Usage
		Usr 0 00:00:00, Sys 0 00:00:00  -  Total Local Usage
	60  -  Run Bytes Sent By Job
	293  -  Run Bytes Received By Job
	60  -  Total Bytes Sent By Job
	293  -  Total Bytes Received By Job
	Partitionable Resources :    Usage  Request Allocated
	   Cpus                 :                 1          
	   Disk (KB)            :       16        1   1443132
	   Memory (MB)          :      137     2000      2000
...
