000 (1421378.000.000) 06/14 14:11:38 Job submitted from host: <188.185.71.142:9618?addrs=188.185.71.142-9618&noUDP&sock=4096_1802_3>
...
001 (1421378.000.000) 06/14 14:42:40 Job executing on host: <137.138.46.86:9618?addrs=137.138.46.86-9618+[--1]-9618&noUDP&sock=4669_1fc6_3>
...
006 (1421378.000.000) 06/14 14:42:49 Image size of job updated: 212256
	137  -  MemoryUsage of job (MB)
	139732  -  ResidentSetSize of job (KB)
...
006 (1421378.000.000) 06/14 14:47:11 Image size of job updated: 212660
	137  -  MemoryUsage of job (MB)
	139732  -  ResidentSetSize of job (KB)
...
005 (1421378.000.000) 06/14 14:47:11 Job terminated.
	(1) Normal termination (return value 0)
		Usr 0 00:02:04, Sys 0 00:01:56  -  Run Remote Usage
		Usr 0 00:00:00, Sys 0 00:00:00  -  Run Local Usage
		Usr 0 00:02:04, Sys 0 00:01:56  -  Total Remote Usage
		Usr 0 00:00:00, Sys 0 00:00:00  -  Total Local Usage
	60  -  Run Bytes Sent By Job
	293  -  Run Bytes Received By Job
	60  -  Total Bytes Sent By Job
	293  -  Total Bytes Received By Job
	Partitionable Resources :    Usage  Request Allocated
	   Cpus                 :                 1          
	   Disk (KB)            :       15        1   1887536
	   Memory (MB)          :      137     2000      2000
...
