000 (1421374.000.000) 06/14 14:11:02 Job submitted from host: <188.185.71.142:9618?addrs=188.185.71.142-9618&noUDP&sock=4096_1802_3>
...
001 (1421374.000.000) 06/14 14:34:53 Job executing on host: <137.138.46.96:9618?addrs=137.138.46.96-9618+[2001-1458-d00-24--52]-9618&noUDP&sock=4671_7ef7_3>
...
006 (1421374.000.000) 06/14 14:35:01 Image size of job updated: 176552
	102  -  MemoryUsage of job (MB)
	104036  -  ResidentSetSize of job (KB)
...
006 (1421374.000.000) 06/14 14:38:45 Image size of job updated: 212160
	103  -  MemoryUsage of job (MB)
	104536  -  ResidentSetSize of job (KB)
...
005 (1421374.000.000) 06/14 14:38:45 Job terminated.
	(1) Normal termination (return value 0)
		Usr 0 00:01:41, Sys 0 00:01:38  -  Run Remote Usage
		Usr 0 00:00:00, Sys 0 00:00:00  -  Run Local Usage
		Usr 0 00:01:41, Sys 0 00:01:38  -  Total Remote Usage
		Usr 0 00:00:00, Sys 0 00:00:00  -  Total Local Usage
	60  -  Run Bytes Sent By Job
	293  -  Run Bytes Received By Job
	60  -  Total Bytes Sent By Job
	293  -  Total Bytes Received By Job
	Partitionable Resources :    Usage  Request Allocated
	   Cpus                 :                 1          
	   Disk (KB)            :       15        1   1808045
	   Memory (MB)          :      103     2000      2000
...
