000 (1421342.000.000) 06/14 14:07:08 Job submitted from host: <188.185.71.142:9618?addrs=188.185.71.142-9618&noUDP&sock=4096_1802_3>
...
001 (1421342.000.000) 06/14 14:16:31 Job executing on host: <188.184.204.237:9618?addrs=188.184.204.237-9618+[2001-1458-301-7d--100-f9]-9618&noUDP&sock=19582_33a3_3>
...
006 (1421342.000.000) 06/14 14:16:40 Image size of job updated: 167396
	93  -  MemoryUsage of job (MB)
	94876  -  ResidentSetSize of job (KB)
...
006 (1421342.000.000) 06/14 14:21:41 Image size of job updated: 170972
	97  -  MemoryUsage of job (MB)
	98392  -  ResidentSetSize of job (KB)
...
006 (1421342.000.000) 06/14 14:26:42 Image size of job updated: 208136
	131  -  MemoryUsage of job (MB)
	134076  -  ResidentSetSize of job (KB)
...
005 (1421342.000.000) 06/14 15:08:53 Job terminated.
	(1) Normal termination (return value 0)
		Usr 0 00:23:36, Sys 0 00:22:51  -  Run Remote Usage
		Usr 0 00:00:00, Sys 0 00:00:00  -  Run Local Usage
		Usr 0 00:23:36, Sys 0 00:22:51  -  Total Remote Usage
		Usr 0 00:00:00, Sys 0 00:00:00  -  Total Local Usage
	60  -  Run Bytes Sent By Job
	293  -  Run Bytes Received By Job
	60  -  Total Bytes Sent By Job
	293  -  Total Bytes Received By Job
	Partitionable Resources :    Usage  Request Allocated
	   Cpus                 :                 1          
	   Disk (KB)            :       15        1   1558249
	   Memory (MB)          :      131     2000      2000
...
