000 (1421381.000.000) 06/14 14:12:07 Job submitted from host: <188.185.71.142:9618?addrs=188.185.71.142-9618&noUDP&sock=4096_1802_3>
...
001 (1421381.000.000) 06/14 14:34:52 Job executing on host: <188.184.142.99:9618?addrs=188.184.142.99-9618+[2001-1458-301-46--100-59]-9618&noUDP&sock=4766_a876_3>
...
006 (1421381.000.000) 06/14 14:35:01 Image size of job updated: 167424
	93  -  MemoryUsage of job (MB)
	94908  -  ResidentSetSize of job (KB)
...
006 (1421381.000.000) 06/14 14:40:02 Image size of job updated: 212712
	137  -  MemoryUsage of job (MB)
	140136  -  ResidentSetSize of job (KB)
...
006 (1421381.000.000) 06/14 14:41:26 Image size of job updated: 213364
	137  -  MemoryUsage of job (MB)
	140136  -  ResidentSetSize of job (KB)
...
005 (1421381.000.000) 06/14 14:41:26 Job terminated.
	(1) Normal termination (return value 0)
		Usr 0 00:02:54, Sys 0 00:02:38  -  Run Remote Usage
		Usr 0 00:00:00, Sys 0 00:00:00  -  Run Local Usage
		Usr 0 00:02:54, Sys 0 00:02:38  -  Total Remote Usage
		Usr 0 00:00:00, Sys 0 00:00:00  -  Total Local Usage
	60  -  Run Bytes Sent By Job
	293  -  Run Bytes Received By Job
	60  -  Total Bytes Sent By Job
	293  -  Total Bytes Received By Job
	Partitionable Resources :    Usage  Request Allocated
	   Cpus                 :                 1          
	   Disk (KB)            :       15        1   2083132
	   Memory (MB)          :      137     2000      2000
...
