000 (1421363.000.000) 06/14 14:09:44 Job submitted from host: <188.185.71.142:9618?addrs=188.185.71.142-9618&noUDP&sock=4096_1802_3>
...
001 (1421363.000.000) 06/14 14:34:52 Job executing on host: <188.184.133.71:9618?addrs=188.184.133.71-9618+[2001-1458-301-a0--100-114]-9618&noUDP&sock=16654_d656_3>
...
006 (1421363.000.000) 06/14 14:35:00 Image size of job updated: 167716
	93  -  MemoryUsage of job (MB)
	95192  -  ResidentSetSize of job (KB)
...
006 (1421363.000.000) 06/14 14:40:00 Image size of job updated: 212564
	137  -  MemoryUsage of job (MB)
	139980  -  ResidentSetSize of job (KB)
...
005 (1421363.000.000) 06/14 15:04:44 Job terminated.
	(1) Normal termination (return value 0)
		Usr 0 00:13:40, Sys 0 00:12:38  -  Run Remote Usage
		Usr 0 00:00:00, Sys 0 00:00:00  -  Run Local Usage
		Usr 0 00:13:40, Sys 0 00:12:38  -  Total Remote Usage
		Usr 0 00:00:00, Sys 0 00:00:00  -  Total Local Usage
	60  -  Run Bytes Sent By Job
	293  -  Run Bytes Received By Job
	60  -  Total Bytes Sent By Job
	293  -  Total Bytes Received By Job
	Partitionable Resources :    Usage  Request Allocated
	   Cpus                 :                 1          
	   Disk (KB)            :       15        1   2117341
	   Memory (MB)          :      137     2000      2000
...
