000 (1421353.000.000) 06/14 14:08:10 Job submitted from host: <188.185.71.142:9618?addrs=188.185.71.142-9618&noUDP&sock=4096_1802_3>
...
001 (1421353.000.000) 06/14 14:38:38 Job executing on host: <128.142.133.73:9618?addrs=128.142.133.73-9618+[2001-1458-301-32--100-42]-9618&noUDP&sock=19547_31d3_3>
...
006 (1421353.000.000) 06/14 14:38:46 Image size of job updated: 168012
	94  -  MemoryUsage of job (MB)
	95496  -  ResidentSetSize of job (KB)
...
006 (1421353.000.000) 06/14 14:43:46 Image size of job updated: 212216
	137  -  MemoryUsage of job (MB)
	139640  -  ResidentSetSize of job (KB)
...
006 (1421353.000.000) 06/14 14:48:47 Image size of job updated: 212216
	137  -  MemoryUsage of job (MB)
	139652  -  ResidentSetSize of job (KB)
...
005 (1421353.000.000) 06/14 15:13:23 Job terminated.
	(1) Normal termination (return value 0)
		Usr 0 00:13:44, Sys 0 00:13:30  -  Run Remote Usage
		Usr 0 00:00:00, Sys 0 00:00:00  -  Run Local Usage
		Usr 0 00:13:44, Sys 0 00:13:30  -  Total Remote Usage
		Usr 0 00:00:00, Sys 0 00:00:00  -  Total Local Usage
	60  -  Run Bytes Sent By Job
	293  -  Run Bytes Received By Job
	60  -  Total Bytes Sent By Job
	293  -  Total Bytes Received By Job
	Partitionable Resources :    Usage  Request Allocated
	   Cpus                 :                 1          
	   Disk (KB)            :       16        1   2129395
	   Memory (MB)          :      137     2000      2000
...
