000 (1421343.000.000) 06/14 14:07:14 Job submitted from host: <188.185.71.142:9618?addrs=188.185.71.142-9618&noUDP&sock=4096_1802_3>
...
001 (1421343.000.000) 06/14 14:16:32 Job executing on host: <128.142.133.194:9618?addrs=128.142.133.194-9618+[2001-1458-301-32--100-c0]-9618&noUDP&sock=19545_d2a2_3>
...
006 (1421343.000.000) 06/14 14:16:41 Image size of job updated: 152708
	83  -  MemoryUsage of job (MB)
	84948  -  ResidentSetSize of job (KB)
...
006 (1421343.000.000) 06/14 14:21:41 Image size of job updated: 168728
	94  -  MemoryUsage of job (MB)
	96144  -  ResidentSetSize of job (KB)
...
006 (1421343.000.000) 06/14 14:26:41 Image size of job updated: 191972
	137  -  MemoryUsage of job (MB)
	139672  -  ResidentSetSize of job (KB)
...
005 (1421343.000.000) 06/14 15:00:42 Job terminated.
	(1) Normal termination (return value 0)
		Usr 0 00:19:13, Sys 0 00:18:26  -  Run Remote Usage
		Usr 0 00:00:00, Sys 0 00:00:00  -  Run Local Usage
		Usr 0 00:19:13, Sys 0 00:18:26  -  Total Remote Usage
		Usr 0 00:00:00, Sys 0 00:00:00  -  Total Local Usage
	60  -  Run Bytes Sent By Job
	293  -  Run Bytes Received By Job
	60  -  Total Bytes Sent By Job
	293  -  Total Bytes Received By Job
	Partitionable Resources :    Usage  Request Allocated
	   Cpus                 :                 1          
	   Disk (KB)            :       15        1   1418052
	   Memory (MB)          :      137     2000      2000
...
