000 (1421376.000.000) 06/14 14:11:10 Job submitted from host: <188.185.71.142:9618?addrs=188.185.71.142-9618&noUDP&sock=4096_1802_3>
...
001 (1421376.000.000) 06/14 14:34:51 Job executing on host: <137.138.46.86:9618?addrs=137.138.46.86-9618+[--1]-9618&noUDP&sock=4669_1fc6_3>
...
006 (1421376.000.000) 06/14 14:34:59 Image size of job updated: 154060
	84  -  MemoryUsage of job (MB)
	85732  -  ResidentSetSize of job (KB)
...
006 (1421376.000.000) 06/14 14:39:01 Image size of job updated: 212504
	84  -  MemoryUsage of job (MB)
	85732  -  ResidentSetSize of job (KB)
...
005 (1421376.000.000) 06/14 14:39:02 Job terminated.
	(1) Normal termination (return value 0)
		Usr 0 00:01:52, Sys 0 00:01:42  -  Run Remote Usage
		Usr 0 00:00:00, Sys 0 00:00:00  -  Run Local Usage
		Usr 0 00:01:52, Sys 0 00:01:42  -  Total Remote Usage
		Usr 0 00:00:00, Sys 0 00:00:00  -  Total Local Usage
	60  -  Run Bytes Sent By Job
	293  -  Run Bytes Received By Job
	60  -  Total Bytes Sent By Job
	293  -  Total Bytes Received By Job
	Partitionable Resources :    Usage  Request Allocated
	   Cpus                 :                 1          
	   Disk (KB)            :       15        1   1887536
	   Memory (MB)          :       84     2000      2000
...
