000 (1421360.000.000) 06/14 14:09:27 Job submitted from host: <188.185.71.142:9618?addrs=188.185.71.142-9618&noUDP&sock=4096_1802_3>
...
001 (1421360.000.000) 06/14 14:34:49 Job executing on host: <188.184.133.128:9618?addrs=188.184.133.128-9618+[2001-1458-301-a0--100-181]-9618&noUDP&sock=16648_b8c4_3>
...
006 (1421360.000.000) 06/14 14:34:58 Image size of job updated: 167244
	93  -  MemoryUsage of job (MB)
	94728  -  ResidentSetSize of job (KB)
...
006 (1421360.000.000) 06/14 14:37:48 Image size of job updated: 210248
	93  -  MemoryUsage of job (MB)
	94728  -  ResidentSetSize of job (KB)
...
005 (1421360.000.000) 06/14 14:37:48 Job terminated.
	(1) Normal termination (return value 0)
		Usr 0 00:01:20, Sys 0 00:01:16  -  Run Remote Usage
		Usr 0 00:00:00, Sys 0 00:00:00  -  Run Local Usage
		Usr 0 00:01:20, Sys 0 00:01:16  -  Total Remote Usage
		Usr 0 00:00:00, Sys 0 00:00:00  -  Total Local Usage
	60  -  Run Bytes Sent By Job
	293  -  Run Bytes Received By Job
	60  -  Total Bytes Sent By Job
	293  -  Total Bytes Received By Job
	Partitionable Resources :    Usage  Request Allocated
	   Cpus                 :                 1          
	   Disk (KB)            :       16        1   2131472
	   Memory (MB)          :       93     2000      2000
...
