000 (1421370.000.000) 06/14 14:10:34 Job submitted from host: <188.185.71.142:9618?addrs=188.185.71.142-9618&noUDP&sock=4096_1802_3>
...
001 (1421370.000.000) 06/14 14:41:28 Job executing on host: <188.184.142.99:9618?addrs=188.184.142.99-9618+[2001-1458-301-46--100-59]-9618&noUDP&sock=4766_a876_3>
...
006 (1421370.000.000) 06/14 14:41:37 Image size of job updated: 212388
	137  -  MemoryUsage of job (MB)
	139868  -  ResidentSetSize of job (KB)
...
006 (1421370.000.000) 06/14 14:46:38 Image size of job updated: 212620
	137  -  MemoryUsage of job (MB)
	140040  -  ResidentSetSize of job (KB)
...
005 (1421370.000.000) 06/14 15:28:54 Job terminated.
	(1) Normal termination (return value 0)
		Usr 0 00:20:42, Sys 0 00:19:32  -  Run Remote Usage
		Usr 0 00:00:00, Sys 0 00:00:00  -  Run Local Usage
		Usr 0 00:20:42, Sys 0 00:19:32  -  Total Remote Usage
		Usr 0 00:00:00, Sys 0 00:00:00  -  Total Local Usage
	255  -  Run Bytes Sent By Job
	292  -  Run Bytes Received By Job
	255  -  Total Bytes Sent By Job
	292  -  Total Bytes Received By Job
	Partitionable Resources :    Usage  Request Allocated
	   Cpus                 :                 1          
	   Disk (KB)            :       16        1   2083132
	   Memory (MB)          :      137     2000      2000
...
