000 (1421354.000.000) 06/14 14:08:35 Job submitted from host: <188.185.71.142:9618?addrs=188.185.71.142-9618&noUDP&sock=4096_1802_3>
...
001 (1421354.000.000) 06/14 14:34:49 Job executing on host: <128.142.133.73:9618?addrs=128.142.133.73-9618+[2001-1458-301-32--100-42]-9618&noUDP&sock=19547_31d3_3>
...
006 (1421354.000.000) 06/14 14:34:58 Image size of job updated: 168296
	94  -  MemoryUsage of job (MB)
	95784  -  ResidentSetSize of job (KB)
...
006 (1421354.000.000) 06/14 14:38:36 Image size of job updated: 211808
	94  -  MemoryUsage of job (MB)
	95784  -  ResidentSetSize of job (KB)
...
005 (1421354.000.000) 06/14 14:38:36 Job terminated.
	(1) Normal termination (return value 0)
		Usr 0 00:01:28, Sys 0 00:01:24  -  Run Remote Usage
		Usr 0 00:00:00, Sys 0 00:00:00  -  Run Local Usage
		Usr 0 00:01:28, Sys 0 00:01:24  -  Total Remote Usage
		Usr 0 00:00:00, Sys 0 00:00:00  -  Total Local Usage
	60  -  Run Bytes Sent By Job
	293  -  Run Bytes Received By Job
	60  -  Total Bytes Sent By Job
	293  -  Total Bytes Received By Job
	Partitionable Resources :    Usage  Request Allocated
	   Cpus                 :                 1          
	   Disk (KB)            :       15        1   2129395
	   Memory (MB)          :       94     2000      2000
...
