000 (1421369.000.000) 06/14 14:10:26 Job submitted from host: <188.185.71.142:9618?addrs=188.185.71.142-9618&noUDP&sock=4096_1802_3>
...
001 (1421369.000.000) 06/14 14:40:35 Job executing on host: <137.138.119.5:9618?addrs=137.138.119.5-9618+[2001-1458-d00-4--40]-9618&noUDP&sock=19497_e616_3>
...
006 (1421369.000.000) 06/14 14:40:44 Image size of job updated: 212060
	137  -  MemoryUsage of job (MB)
	139540  -  ResidentSetSize of job (KB)
...
006 (1421369.000.000) 06/14 14:45:45 Image size of job updated: 212144
	137  -  MemoryUsage of job (MB)
	139564  -  ResidentSetSize of job (KB)
...
006 (1421369.000.000) 06/14 14:46:11 Image size of job updated: 212800
	137  -  MemoryUsage of job (MB)
	139564  -  ResidentSetSize of job (KB)
...
005 (1421369.000.000) 06/14 14:46:11 Job terminated.
	(1) Normal termination (return value 0)
		Usr 0 00:02:32, Sys 0 00:02:26  -  Run Remote Usage
		Usr 0 00:00:00, Sys 0 00:00:00  -  Run Local Usage
		Usr 0 00:02:32, Sys 0 00:02:26  -  Total Remote Usage
		Usr 0 00:00:00, Sys 0 00:00:00  -  Total Local Usage
	60  -  Run Bytes Sent By Job
	293  -  Run Bytes Received By Job
	60  -  Total Bytes Sent By Job
	293  -  Total Bytes Received By Job
	Partitionable Resources :    Usage  Request Allocated
	   Cpus                 :                 1          
	   Disk (KB)            :       16        1   2071378
	   Memory (MB)          :      137     2000      2000
...
