000 (1421384.000.000) 06/14 14:13:01 Job submitted from host: <188.185.71.142:9618?addrs=188.185.71.142-9618&noUDP&sock=4096_1802_3>
...
001 (1421384.000.000) 06/14 14:34:53 Job executing on host: <137.138.51.99:9618?addrs=137.138.51.99-9618+[--1]-9618&noUDP&sock=4678_4c20_3>
...
006 (1421384.000.000) 06/14 14:35:02 Image size of job updated: 168300
	94  -  MemoryUsage of job (MB)
	95776  -  ResidentSetSize of job (KB)
...
006 (1421384.000.000) 06/14 14:40:02 Image size of job updated: 212748
	137  -  MemoryUsage of job (MB)
	140164  -  ResidentSetSize of job (KB)
...
006 (1421384.000.000) 06/14 14:42:42 Image size of job updated: 212964
	137  -  MemoryUsage of job (MB)
	140164  -  ResidentSetSize of job (KB)
...
005 (1421384.000.000) 06/14 14:42:42 Job terminated.
	(1) Normal termination (return value 0)
		Usr 0 00:03:10, Sys 0 00:02:50  -  Run Remote Usage
		Usr 0 00:00:00, Sys 0 00:00:00  -  Run Local Usage
		Usr 0 00:03:10, Sys 0 00:02:50  -  Total Remote Usage
		Usr 0 00:00:00, Sys 0 00:00:00  -  Total Local Usage
	60  -  Run Bytes Sent By Job
	293  -  Run Bytes Received By Job
	60  -  Total Bytes Sent By Job
	293  -  Total Bytes Received By Job
	Partitionable Resources :    Usage  Request Allocated
	   Cpus                 :                 1          
	   Disk (KB)            :       15        1   1784044
	   Memory (MB)          :      137     2000      2000
...
