000 (1421362.000.000) 06/14 14:09:37 Job submitted from host: <188.185.71.142:9618?addrs=188.185.71.142-9618&noUDP&sock=4096_1802_3>
...
001 (1421362.000.000) 06/14 14:34:50 Job executing on host: <188.184.206.21:9618?addrs=188.184.206.21-9618+[2001-1458-301-7d--100-1f4]-9618&noUDP&sock=19586_f204_3>
...
006 (1421362.000.000) 06/14 14:34:59 Image size of job updated: 168552
	94  -  MemoryUsage of job (MB)
	96028  -  ResidentSetSize of job (KB)
...
006 (1421362.000.000) 06/14 14:40:00 Image size of job updated: 208104
	137  -  MemoryUsage of job (MB)
	139816  -  ResidentSetSize of job (KB)
...
005 (1421362.000.000) 06/14 15:24:46 Job terminated.
	(1) Normal termination (return value 0)
		Usr 0 00:21:17, Sys 0 00:21:30  -  Run Remote Usage
		Usr 0 00:00:00, Sys 0 00:00:00  -  Run Local Usage
		Usr 0 00:21:17, Sys 0 00:21:30  -  Total Remote Usage
		Usr 0 00:00:00, Sys 0 00:00:00  -  Total Local Usage
	60  -  Run Bytes Sent By Job
	293  -  Run Bytes Received By Job
	60  -  Total Bytes Sent By Job
	293  -  Total Bytes Received By Job
	Partitionable Resources :    Usage  Request Allocated
	   Cpus                 :                 1          
	   Disk (KB)            :       15        1   1403549
	   Memory (MB)          :      137     2000      2000
...
