000 (1421351.000.000) 06/14 14:07:57 Job submitted from host: <188.185.71.142:9618?addrs=188.185.71.142-9618&noUDP&sock=4096_1802_3>
...
001 (1421351.000.000) 06/14 14:38:23 Job executing on host: <188.184.132.39:9618?addrs=188.184.132.39-9618+[2001-1458-301-a0--100-23]-9618&noUDP&sock=16489_a935_3>
...
006 (1421351.000.000) 06/14 14:38:31 Image size of job updated: 212188
	137  -  MemoryUsage of job (MB)
	139660  -  ResidentSetSize of job (KB)
...
006 (1421351.000.000) 06/14 14:39:57 Image size of job updated: 212732
	137  -  MemoryUsage of job (MB)
	139660  -  ResidentSetSize of job (KB)
...
005 (1421351.000.000) 06/14 14:39:58 Job terminated.
	(1) Normal termination (return value 0)
		Usr 0 00:00:42, Sys 0 00:00:41  -  Run Remote Usage
		Usr 0 00:00:00, Sys 0 00:00:00  -  Run Local Usage
		Usr 0 00:00:42, Sys 0 00:00:41  -  Total Remote Usage
		Usr 0 00:00:00, Sys 0 00:00:00  -  Total Local Usage
	59  -  Run Bytes Sent By Job
	292  -  Run Bytes Received By Job
	59  -  Total Bytes Sent By Job
	292  -  Total Bytes Received By Job
	Partitionable Resources :    Usage  Request Allocated
	   Cpus                 :                 1          
	   Disk (KB)            :       16        1   2112820
	   Memory (MB)          :      137     2000      2000
...
