000 (1421361.000.000) 06/14 14:09:32 Job submitted from host: <188.185.71.142:9618?addrs=188.185.71.142-9618&noUDP&sock=4096_1802_3>
...
001 (1421361.000.000) 06/14 14:34:51 Job executing on host: <188.184.205.40:9618?addrs=188.184.205.40-9618+[2001-1458-301-7d--100-131]-9618&noUDP&sock=19560_1c8e_3>
...
006 (1421361.000.000) 06/14 14:34:59 Image size of job updated: 168212
	94  -  MemoryUsage of job (MB)
	95700  -  ResidentSetSize of job (KB)
...
006 (1421361.000.000) 06/14 14:39:59 Image size of job updated: 212144
	137  -  MemoryUsage of job (MB)
	139572  -  ResidentSetSize of job (KB)
...
005 (1421361.000.000) 06/14 15:19:07 Job terminated.
	(1) Normal termination (return value 0)
		Usr 0 00:19:24, Sys 0 00:19:52  -  Run Remote Usage
		Usr 0 00:00:00, Sys 0 00:00:00  -  Run Local Usage
		Usr 0 00:19:24, Sys 0 00:19:52  -  Total Remote Usage
		Usr 0 00:00:00, Sys 0 00:00:00  -  Total Local Usage
	257  -  Run Bytes Sent By Job
	293  -  Run Bytes Received By Job
	257  -  Total Bytes Sent By Job
	293  -  Total Bytes Received By Job
	Partitionable Resources :    Usage  Request Allocated
	   Cpus                 :                 1          
	   Disk (KB)            :       16        1   2097552
	   Memory (MB)          :      137     2000      2000
...
