000 (1421375.000.000) 06/14 14:11:06 Job submitted from host: <188.185.71.142:9618?addrs=188.185.71.142-9618&noUDP&sock=4096_1802_3>
...
001 (1421375.000.000) 06/14 14:41:18 Job executing on host: <137.138.51.106:9618?addrs=137.138.51.106-9618+[--1]-9618&noUDP&sock=4710_3f28_3>
...
006 (1421375.000.000) 06/14 14:41:27 Image size of job updated: 167928
	94  -  MemoryUsage of job (MB)
	95408  -  ResidentSetSize of job (KB)
...
006 (1421375.000.000) 06/14 14:45:21 Image size of job updated: 212328
	94  -  MemoryUsage of job (MB)
	95408  -  ResidentSetSize of job (KB)
...
005 (1421375.000.000) 06/14 14:45:21 Job terminated.
	(1) Normal termination (return value 0)
		Usr 0 00:01:51, Sys 0 00:01:43  -  Run Remote Usage
		Usr 0 00:00:00, Sys 0 00:00:00  -  Run Local Usage
		Usr 0 00:01:51, Sys 0 00:01:43  -  Total Remote Usage
		Usr 0 00:00:00, Sys 0 00:00:00  -  Total Local Usage
	60  -  Run Bytes Sent By Job
	293  -  Run Bytes Received By Job
	60  -  Total Bytes Sent By Job
	293  -  Total Bytes Received By Job
	Partitionable Resources :    Usage  Request Allocated
	   Cpus                 :                 1          
	   Disk (KB)            :       15        1   1903880
	   Memory (MB)          :       94     2000      2000
...
