000 (1421380.000.000) 06/14 14:12:00 Job submitted from host: <188.185.71.142:9618?addrs=188.185.71.142-9618&noUDP&sock=4096_1802_3>
...
001 (1421380.000.000) 06/14 14:42:45 Job executing on host: <137.138.51.99:9618?addrs=137.138.51.99-9618+[--1]-9618&noUDP&sock=4678_4c20_3>
...
006 (1421380.000.000) 06/14 14:42:53 Image size of job updated: 193844
	119  -  MemoryUsage of job (MB)
	121320  -  ResidentSetSize of job (KB)
...
006 (1421380.000.000) 06/14 14:47:53 Image size of job updated: 211576
	136  -  MemoryUsage of job (MB)
	138992  -  ResidentSetSize of job (KB)
...
006 (1421380.000.000) 06/14 14:52:54 Image size of job updated: 211656
	136  -  MemoryUsage of job (MB)
	138992  -  ResidentSetSize of job (KB)
...
005 (1421380.000.000) 06/14 15:40:44 Job terminated.
	(1) Normal termination (return value 0)
		Usr 0 00:25:23, Sys 0 00:24:03  -  Run Remote Usage
		Usr 0 00:00:00, Sys 0 00:00:00  -  Run Local Usage
		Usr 0 00:25:23, Sys 0 00:24:03  -  Total Remote Usage
		Usr 0 00:00:00, Sys 0 00:00:00  -  Total Local Usage
	60  -  Run Bytes Sent By Job
	293  -  Run Bytes Received By Job
	60  -  Total Bytes Sent By Job
	293  -  Total Bytes Received By Job
	Partitionable Resources :    Usage  Request Allocated
	   Cpus                 :                 1          
	   Disk (KB)            :       15        1   1784044
	   Memory (MB)          :      136     2000      2000
...
