000 (1421348.000.000) 06/14 14:07:43 Job submitted from host: <188.185.71.142:9618?addrs=188.185.71.142-9618&noUDP&sock=4096_1802_3>
...
001 (1421348.000.000) 06/14 14:37:50 Job executing on host: <188.184.133.128:9618?addrs=188.184.133.128-9618+[2001-1458-301-a0--100-181]-9618&noUDP&sock=16648_b8c4_3>
...
006 (1421348.000.000) 06/14 14:37:59 Image size of job updated: 212096
	137  -  MemoryUsage of job (MB)
	139576  -  ResidentSetSize of job (KB)
...
005 (1421348.000.000) 06/14 14:43:33 Job terminated.
	(1) Normal termination (return value 0)
		Usr 0 00:02:32, Sys 0 00:02:29  -  Run Remote Usage
		Usr 0 00:00:00, Sys 0 00:00:00  -  Run Local Usage
		Usr 0 00:02:32, Sys 0 00:02:29  -  Total Remote Usage
		Usr 0 00:00:00, Sys 0 00:00:00  -  Total Local Usage
	60  -  Run Bytes Sent By Job
	293  -  Run Bytes Received By Job
	60  -  Total Bytes Sent By Job
	293  -  Total Bytes Received By Job
	Partitionable Resources :    Usage  Request Allocated
	   Cpus                 :                 1          
	   Disk (KB)            :       16        1   2131472
	   Memory (MB)          :      137     2000      2000
...
