000 (1421345.000.000) 06/14 14:07:25 Job submitted from host: <188.185.71.142:9618?addrs=188.185.71.142-9618&noUDP&sock=4096_1802_3>
...
001 (1421345.000.000) 06/14 14:34:47 Job executing on host: <188.184.133.122:9618?addrs=188.184.133.122-9618+[2001-1458-301-a0--100-165]-9618&noUDP&sock=16511_c04b_3>
...
006 (1421345.000.000) 06/14 14:34:55 Image size of job updated: 152824
	84  -  MemoryUsage of job (MB)
	85072  -  ResidentSetSize of job (KB)
...
006 (1421345.000.000) 06/14 14:39:55 Image size of job updated: 211932
	137  -  MemoryUsage of job (MB)
	139356  -  ResidentSetSize of job (KB)
...
006 (1421345.000.000) 06/14 14:44:56 Image size of job updated: 212280
	137  -  MemoryUsage of job (MB)
	139704  -  ResidentSetSize of job (KB)
...
005 (1421345.000.000) 06/14 14:59:48 Job terminated.
	(1) Normal termination (return value 0)
		Usr 0 00:10:50, Sys 0 00:10:06  -  Run Remote Usage
		Usr 0 00:00:00, Sys 0 00:00:00  -  Run Local Usage
		Usr 0 00:10:50, Sys 0 00:10:06  -  Total Remote Usage
		Usr 0 00:00:00, Sys 0 00:00:00  -  Total Local Usage
	60  -  Run Bytes Sent By Job
	293  -  Run Bytes Received By Job
	60  -  Total Bytes Sent By Job
	293  -  Total Bytes Received By Job
	Partitionable Resources :    Usage  Request Allocated
	   Cpus                 :                 1          
	   Disk (KB)            :       15        1   2180322
	   Memory (MB)          :      137     2000      2000
...
