000 (1421358.000.000) 06/14 14:09:09 Job submitted from host: <188.185.71.142:9618?addrs=188.185.71.142-9618&noUDP&sock=4096_1802_3>
...
001 (1421358.000.000) 06/14 14:39:37 Job executing on host: <188.184.206.120:9618?addrs=188.184.206.120-9618+[2001-1458-301-7d--100-295]-9618&noUDP&sock=19569_48e8_3>
...
006 (1421358.000.000) 06/14 14:39:45 Image size of job updated: 210960
	137  -  MemoryUsage of job (MB)
	139280  -  ResidentSetSize of job (KB)
...
006 (1421358.000.000) 06/14 14:42:32 Image size of job updated: 575524
	137  -  MemoryUsage of job (MB)
	139280  -  ResidentSetSize of job (KB)
...
005 (1421358.000.000) 06/14 14:42:32 Job terminated.
	(1) Normal termination (return value 0)
		Usr 0 00:01:12, Sys 0 00:01:10  -  Run Remote Usage
		Usr 0 00:00:00, Sys 0 00:00:00  -  Run Local Usage
		Usr 0 00:01:12, Sys 0 00:01:10  -  Total Remote Usage
		Usr 0 00:00:00, Sys 0 00:00:00  -  Total Local Usage
	60  -  Run Bytes Sent By Job
	293  -  Run Bytes Received By Job
	60  -  Total Bytes Sent By Job
	293  -  Total Bytes Received By Job
	Partitionable Resources :    Usage  Request Allocated
	   Cpus                 :                 1          
	   Disk (KB)            :       16        1   2154129
	   Memory (MB)          :      137     2000      2000
...
