000 (1421365.000.000) 06/14 14:09:58 Job submitted from host: <188.185.71.142:9618?addrs=188.185.71.142-9618&noUDP&sock=4096_1802_3>
...
001 (1421365.000.000) 06/14 14:34:51 Job executing on host: <188.184.206.9:9618?addrs=188.184.206.9-9618+[2001-1458-301-7d--100-208]-9618&noUDP&sock=19635_8e28_3>
...
006 (1421365.000.000) 06/14 14:35:01 Image size of job updated: 168168
	94  -  MemoryUsage of job (MB)
	95604  -  ResidentSetSize of job (KB)
...
006 (1421365.000.000) 06/14 14:40:01 Image size of job updated: 170404
	96  -  MemoryUsage of job (MB)
	97780  -  ResidentSetSize of job (KB)
...
006 (1421365.000.000) 06/14 14:40:30 Image size of job updated: 211952
	96  -  MemoryUsage of job (MB)
	97780  -  ResidentSetSize of job (KB)
...
005 (1421365.000.000) 06/14 14:40:30 Job terminated.
	(1) Normal termination (return value 0)
		Usr 0 00:02:16, Sys 0 00:02:16  -  Run Remote Usage
		Usr 0 00:00:00, Sys 0 00:00:00  -  Run Local Usage
		Usr 0 00:02:16, Sys 0 00:02:16  -  Total Remote Usage
		Usr 0 00:00:00, Sys 0 00:00:00  -  Total Local Usage
	60  -  Run Bytes Sent By Job
	293  -  Run Bytes Received By Job
	60  -  Total Bytes Sent By Job
	293  -  Total Bytes Received By Job
	Partitionable Resources :    Usage  Request Allocated
	   Cpus                 :                 1          
	   Disk (KB)            :       16        1   2141443
	   Memory (MB)          :       96     2000      2000
...
