000 (1421386.000.000) 06/14 14:13:21 Job submitted from host: <188.185.71.142:9618?addrs=188.185.71.142-9618&noUDP&sock=4096_1802_3>
...
001 (1421386.000.000) 06/14 14:43:23 Job executing on host: <188.184.132.27:9618?addrs=188.184.132.27-9618+[2001-1458-301-a0--100-29]-9618&noUDP&sock=16492_b7fe_3>
...
006 (1421386.000.000) 06/14 14:43:31 Image size of job updated: 168160
	94  -  MemoryUsage of job (MB)
	95632  -  ResidentSetSize of job (KB)
...
006 (1421386.000.000) 06/14 14:48:31 Image size of job updated: 212840
	137  -  MemoryUsage of job (MB)
	140252  -  ResidentSetSize of job (KB)
...
005 (1421386.000.000) 06/14 14:50:21 Job terminated.
	(1) Normal termination (return value 0)
		Usr 0 00:02:50, Sys 0 00:02:40  -  Run Remote Usage
		Usr 0 00:00:00, Sys 0 00:00:00  -  Run Local Usage
		Usr 0 00:02:50, Sys 0 00:02:40  -  Total Remote Usage
		Usr 0 00:00:00, Sys 0 00:00:00  -  Total Local Usage
	60  -  Run Bytes Sent By Job
	293  -  Run Bytes Received By Job
	60  -  Total Bytes Sent By Job
	293  -  Total Bytes Received By Job
	Partitionable Resources :    Usage  Request Allocated
	   Cpus                 :                 1          
	   Disk (KB)            :       16        1   2170734
	   Memory (MB)          :      137     2000      2000
...
