000 (1421377.000.000) 06/14 14:11:24 Job submitted from host: <188.185.71.142:9618?addrs=188.185.71.142-9618&noUDP&sock=4096_1802_3>
...
001 (1421377.000.000) 06/14 14:34:50 Job executing on host: <188.184.132.39:9618?addrs=188.184.132.39-9618+[2001-1458-301-a0--100-23]-9618&noUDP&sock=16489_a935_3>
...
006 (1421377.000.000) 06/14 14:34:58 Image size of job updated: 167248
	93  -  MemoryUsage of job (MB)
	94724  -  ResidentSetSize of job (KB)
...
006 (1421377.000.000) 06/14 14:38:20 Image size of job updated: 212552
	93  -  MemoryUsage of job (MB)
	94724  -  ResidentSetSize of job (KB)
...
005 (1421377.000.000) 06/14 14:38:21 Job terminated.
	(1) Normal termination (return value 0)
		Usr 0 00:01:33, Sys 0 00:01:31  -  Run Remote Usage
		Usr 0 00:00:00, Sys 0 00:00:00  -  Run Local Usage
		Usr 0 00:01:33, Sys 0 00:01:31  -  Total Remote Usage
		Usr 0 00:00:00, Sys 0 00:00:00  -  Total Local Usage
	60  -  Run Bytes Sent By Job
	293  -  Run Bytes Received By Job
	60  -  Total Bytes Sent By Job
	293  -  Total Bytes Received By Job
	Partitionable Resources :    Usage  Request Allocated
	   Cpus                 :                 1          
	   Disk (KB)            :       15        1   2112820
	   Memory (MB)          :       93     2000      2000
...
