000 (1421368.000.000) 06/14 14:10:20 Job submitted from host: <188.185.71.142:9618?addrs=188.185.71.142-9618&noUDP&sock=4096_1802_3>
...
001 (1421368.000.000) 06/14 14:40:32 Job executing on host: <188.184.206.9:9618?addrs=188.184.206.9-9618+[2001-1458-301-7d--100-208]-9618&noUDP&sock=19635_8e28_3>
...
006 (1421368.000.000) 06/14 14:40:41 Image size of job updated: 167908
	94  -  MemoryUsage of job (MB)
	95392  -  ResidentSetSize of job (KB)
...
006 (1421368.000.000) 06/14 14:45:42 Image size of job updated: 212308
	137  -  MemoryUsage of job (MB)
	139732  -  ResidentSetSize of job (KB)
...
005 (1421368.000.000) 06/14 14:47:46 Job terminated.
	(1) Normal termination (return value 0)
		Usr 0 00:02:42, Sys 0 00:02:37  -  Run Remote Usage
		Usr 0 00:00:00, Sys 0 00:00:00  -  Run Local Usage
		Usr 0 00:02:42, Sys 0 00:02:37  -  Total Remote Usage
		Usr 0 00:00:00, Sys 0 00:00:00  -  Total Local Usage
	60  -  Run Bytes Sent By Job
	293  -  Run Bytes Received By Job
	60  -  Total Bytes Sent By Job
	293  -  Total Bytes Received By Job
	Partitionable Resources :    Usage  Request Allocated
	   Cpus                 :                 1          
	   Disk (KB)            :       16        1   2141443
	   Memory (MB)          :      137     2000      2000
...
