000 (1421355.000.000) 06/14 14:08:46 Job submitted from host: <188.185.71.142:9618?addrs=188.185.71.142-9618&noUDP&sock=4096_1802_3>
...
001 (1421355.000.000) 06/14 14:38:48 Job executing on host: <137.138.46.96:9618?addrs=137.138.46.96-9618+[2001-1458-d00-24--52]-9618&noUDP&sock=4671_7ef7_3>
...
006 (1421355.000.000) 06/14 14:38:56 Image size of job updated: 168068
	94  -  MemoryUsage of job (MB)
	95540  -  ResidentSetSize of job (KB)
...
006 (1421355.000.000) 06/14 14:41:40 Image size of job updated: 212156
	94  -  MemoryUsage of job (MB)
	95540  -  ResidentSetSize of job (KB)
...
005 (1421355.000.000) 06/14 14:41:40 Job terminated.
	(1) Normal termination (return value 0)
		Usr 0 00:01:15, Sys 0 00:01:15  -  Run Remote Usage
		Usr 0 00:00:00, Sys 0 00:00:00  -  Run Local Usage
		Usr 0 00:01:15, Sys 0 00:01:15  -  Total Remote Usage
		Usr 0 00:00:00, Sys 0 00:00:00  -  Total Local Usage
	60  -  Run Bytes Sent By Job
	293  -  Run Bytes Received By Job
	60  -  Total Bytes Sent By Job
	293  -  Total Bytes Received By Job
	Partitionable Resources :    Usage  Request Allocated
	   Cpus                 :                 1          
	   Disk (KB)            :       16        1   1808045
	   Memory (MB)          :       94     2000      2000
...
