000 (1421383.000.000) 06/14 14:12:18 Job submitted from host: <188.185.71.142:9618?addrs=188.185.71.142-9618&noUDP&sock=4096_1802_3>
...
001 (1421383.000.000) 06/14 14:42:47 Job executing on host: <188.184.207.49:9618?addrs=188.184.207.49-9618+[--1]-9618&noUDP&sock=4684_69b2_3>
...
006 (1421383.000.000) 06/14 14:42:56 Image size of job updated: 212528
	137  -  MemoryUsage of job (MB)
	140008  -  ResidentSetSize of job (KB)
...
006 (1421383.000.000) 06/14 14:47:57 Image size of job updated: 212528
	137  -  MemoryUsage of job (MB)
	140152  -  ResidentSetSize of job (KB)
...
005 (1421383.000.000) 06/14 14:51:07 Job terminated.
	(1) Normal termination (return value 0)
		Usr 0 00:03:13, Sys 0 00:02:55  -  Run Remote Usage
		Usr 0 00:00:00, Sys 0 00:00:00  -  Run Local Usage
		Usr 0 00:03:13, Sys 0 00:02:55  -  Total Remote Usage
		Usr 0 00:00:00, Sys 0 00:00:00  -  Total Local Usage
	60  -  Run Bytes Sent By Job
	293  -  Run Bytes Received By Job
	60  -  Total Bytes Sent By Job
	293  -  Total Bytes Received By Job
	Partitionable Resources :    Usage  Request Allocated
	   Cpus                 :                 1          
	   Disk (KB)            :       15        1   2118371
	   Memory (MB)          :      137     2000      2000
...
