000 (1421385.000.000) 06/14 14:13:12 Job submitted from host: <188.185.71.142:9618?addrs=188.185.71.142-9618&noUDP&sock=4096_1802_3>
...
001 (1421385.000.000) 06/14 14:34:56 Job executing on host: <188.184.207.49:9618?addrs=188.184.207.49-9618+[--1]-9618&noUDP&sock=4684_69b2_3>
...
006 (1421385.000.000) 06/14 14:35:05 Image size of job updated: 168292
	94  -  MemoryUsage of job (MB)
	95736  -  ResidentSetSize of job (KB)
...
006 (1421385.000.000) 06/14 14:40:06 Image size of job updated: 169564
	96  -  MemoryUsage of job (MB)
	97316  -  ResidentSetSize of job (KB)
...
006 (1421385.000.000) 06/14 14:42:45 Image size of job updated: 575736
	96  -  MemoryUsage of job (MB)
	97316  -  ResidentSetSize of job (KB)
...
005 (1421385.000.000) 06/14 14:42:45 Job terminated.
	(1) Normal termination (return value 0)
		Usr 0 00:03:10, Sys 0 00:02:52  -  Run Remote Usage
		Usr 0 00:00:00, Sys 0 00:00:00  -  Run Local Usage
		Usr 0 00:03:10, Sys 0 00:02:52  -  Total Remote Usage
		Usr 0 00:00:00, Sys 0 00:00:00  -  Total Local Usage
	60  -  Run Bytes Sent By Job
	293  -  Run Bytes Received By Job
	60  -  Total Bytes Sent By Job
	293  -  Total Bytes Received By Job
	Partitionable Resources :    Usage  Request Allocated
	   Cpus                 :                 1          
	   Disk (KB)            :       15        1   2118371
	   Memory (MB)          :       96     2000      2000
...
