000 (1421357.000.000) 06/14 14:09:00 Job submitted from host: <188.185.71.142:9618?addrs=188.185.71.142-9618&noUDP&sock=4096_1802_3>
...
001 (1421357.000.000) 06/14 14:39:14 Job executing on host: <188.184.132.248:9618?addrs=188.184.132.248-9618+[2001-1458-301-a0--100-127]-9618&noUDP&sock=16561_0c07_3>
...
006 (1421357.000.000) 06/14 14:39:23 Image size of job updated: 211756
	136  -  MemoryUsage of job (MB)
	139240  -  ResidentSetSize of job (KB)
...
006 (1421357.000.000) 06/14 14:42:37 Image size of job updated: 575620
	136  -  MemoryUsage of job (MB)
	139240  -  ResidentSetSize of job (KB)
...
005 (1421357.000.000) 06/14 14:42:37 Job terminated.
	(1) Normal termination (return value 0)
		Usr 0 00:01:29, Sys 0 00:01:27  -  Run Remote Usage
		Usr 0 00:00:00, Sys 0 00:00:00  -  Run Local Usage
		Usr 0 00:01:29, Sys 0 00:01:27  -  Total Remote Usage
		Usr 0 00:00:00, Sys 0 00:00:00  -  Total Local Usage
	60  -  Run Bytes Sent By Job
	293  -  Run Bytes Received By Job
	60  -  Total Bytes Sent By Job
	293  -  Total Bytes Received By Job
	Partitionable Resources :    Usage  Request Allocated
	   Cpus                 :                 1          
	   Disk (KB)            :       16        1   2051035
	   Memory (MB)          :      136     2000      2000
...
