DEBUG 2019-05-08 20:34:38,790: 	 Executing command: 'submit'
DEBUG 2019-05-08 20:34:38,790: 	 Found CRAB cache file /afs/cern.ch/user/s/schhibra/.crab3
DEBUG 2019-05-08 20:34:38,801: 	 Checking credentials
DEBUG 2019-05-08 20:34:38,801: 	 Found proxy file /tmp/x509up_u59012
DEBUG 2019-05-08 20:34:38,801: 	 Getting proxy life time left
DEBUG 2019-05-08 20:34:39,711: 	 Executing : 
 command : voms-proxy-info -file /tmp/x509up_u59012 -timeleft
 output : 602136

 error: 
 retcode : 0
DEBUG 2019-05-08 20:34:40,620: 	 Executing : 
 command : voms-proxy-info -file /tmp/x509up_u59012 -actimeleft
 output : 602135

 error: 
 retcode : 0
DEBUG 2019-05-08 20:34:40,620: 	 Proxy lifetime 602136 secs is different from voms extension lifetime 602135 secs for proxy: /tmp/x509up_u59012
DEBUG 2019-05-08 20:34:40,621: 	 Proxy valid for 167:15:35 hours
INFO 2019-05-08 20:34:40,621: 	 Will use CRAB configuration file crabConfig.py
DEBUG 2019-05-08 20:34:40,621: 	 Loading CRAB configuration file.
ERROR 2019-05-08 20:34:40,629: 	 Invalid CRAB configuration: Parameter Data.splitting requires a value of type <type 'str'> (while a value of type <type 'list'> was given).
The documentation about the CRAB configuration file can be found in https://twiki.cern.ch/twiki/bin/view/CMSPublic/CRAB3ConfigurationFile
ERROR 2019-05-08 20:34:40,629: 	 Caught exception
Traceback (most recent call last):
  File "/cvmfs/cms.cern.ch/crab3/slc6_amd64_gcc493/cms/crabclient/3.3.1904/bin/crab", line 161, in <module>
    client()
  File "/cvmfs/cms.cern.ch/crab3/slc6_amd64_gcc493/cms/crabclient/3.3.1904/bin/crab", line 146, in __call__
    self.cmd = sub_cmd(self.logger, args[1:])
  File "/cvmfs/cms.cern.ch/crab3/slc6_amd64_gcc493/cms/crabclient/3.3.1904/lib/python2.7/site-packages/CRABClient/Commands/submit.py", line 34, in __init__
    SubCommand.__init__(self, logger, cmdargs, disable_interspersed_args=True)
  File "/cvmfs/cms.cern.ch/crab3/slc6_amd64_gcc493/cms/crabclient/3.3.1904/lib/python2.7/site-packages/CRABClient/Commands/SubCommand.py", line 311, in __init__
    self.loadConfig(self.options.config, self.args)
  File "/cvmfs/cms.cern.ch/crab3/slc6_amd64_gcc493/cms/crabclient/3.3.1904/lib/python2.7/site-packages/CRABClient/Commands/SubCommand.py", line 92, in loadConfig
    raise ConfigurationException(configmsg)
ConfigurationException: Invalid CRAB configuration: Parameter Data.splitting requires a value of type <type 'str'> (while a value of type <type 'list'> was given).
The documentation about the CRAB configuration file can be found in https://twiki.cern.ch/twiki/bin/view/CMSPublic/CRAB3ConfigurationFile
DEBUG 2019-05-08 23:04:25,316: 	 Executing command: 'submit'
DEBUG 2019-05-08 23:04:25,317: 	 Found CRAB cache file /afs/cern.ch/user/s/schhibra/.crab3
DEBUG 2019-05-08 23:04:25,333: 	 Checking credentials
DEBUG 2019-05-08 23:04:25,333: 	 Found proxy file /tmp/x509up_u59012
DEBUG 2019-05-08 23:04:25,334: 	 Getting proxy life time left
DEBUG 2019-05-08 23:04:26,342: 	 Executing : 
 command : voms-proxy-info -file /tmp/x509up_u59012 -timeleft
 output : 597176

 error: 
 retcode : 0
DEBUG 2019-05-08 23:04:27,352: 	 Executing : 
 command : voms-proxy-info -file /tmp/x509up_u59012 -actimeleft
 output : 597175

 error: 
 retcode : 0
DEBUG 2019-05-08 23:04:27,353: 	 Proxy lifetime 597176 secs is different from voms extension lifetime 597175 secs for proxy: /tmp/x509up_u59012
DEBUG 2019-05-08 23:04:27,353: 	 Proxy valid for 165:52:55 hours
INFO 2019-05-08 23:04:27,353: 	 Will use CRAB configuration file crabConfig.py
DEBUG 2019-05-08 23:04:27,353: 	 Loading CRAB configuration file.
ERROR 2019-05-08 23:04:27,363: 	 Invalid CRAB configuration: Parameter Data.splitting requires a value of type <type 'str'> (while a value of type <type 'list'> was given).
The documentation about the CRAB configuration file can be found in https://twiki.cern.ch/twiki/bin/view/CMSPublic/CRAB3ConfigurationFile
ERROR 2019-05-08 23:04:27,363: 	 Caught exception
Traceback (most recent call last):
  File "/cvmfs/cms.cern.ch/crab3/slc6_amd64_gcc493/cms/crabclient/3.3.1904/bin/crab", line 161, in <module>
    client()
  File "/cvmfs/cms.cern.ch/crab3/slc6_amd64_gcc493/cms/crabclient/3.3.1904/bin/crab", line 146, in __call__
    self.cmd = sub_cmd(self.logger, args[1:])
  File "/cvmfs/cms.cern.ch/crab3/slc6_amd64_gcc493/cms/crabclient/3.3.1904/lib/python2.7/site-packages/CRABClient/Commands/submit.py", line 34, in __init__
    SubCommand.__init__(self, logger, cmdargs, disable_interspersed_args=True)
  File "/cvmfs/cms.cern.ch/crab3/slc6_amd64_gcc493/cms/crabclient/3.3.1904/lib/python2.7/site-packages/CRABClient/Commands/SubCommand.py", line 311, in __init__
    self.loadConfig(self.options.config, self.args)
  File "/cvmfs/cms.cern.ch/crab3/slc6_amd64_gcc493/cms/crabclient/3.3.1904/lib/python2.7/site-packages/CRABClient/Commands/SubCommand.py", line 92, in loadConfig
    raise ConfigurationException(configmsg)
ConfigurationException: Invalid CRAB configuration: Parameter Data.splitting requires a value of type <type 'str'> (while a value of type <type 'list'> was given).
The documentation about the CRAB configuration file can be found in https://twiki.cern.ch/twiki/bin/view/CMSPublic/CRAB3ConfigurationFile
