000 (1414771.000.000) 06/13 20:30:46 Job submitted from host: <188.185.71.142:9618?addrs=188.185.71.142-9618&noUDP&sock=4096_1802_3>
...
001 (1414771.000.000) 06/13 20:33:23 Job executing on host: <188.184.210.118:9618?addrs=188.184.210.118-9618+[2001-1458-301-10b--100-61]-9618&noUDP&sock=20379_e09e_3>
...
006 (1414771.000.000) 06/13 20:33:32 Image size of job updated: 166976
	93  -  MemoryUsage of job (MB)
	94452  -  ResidentSetSize of job (KB)
...
006 (1414771.000.000) 06/13 20:36:03 Image size of job updated: 211232
	93  -  MemoryUsage of job (MB)
	94452  -  ResidentSetSize of job (KB)
...
005 (1414771.000.000) 06/13 20:36:04 Job terminated.
	(1) Normal termination (return value 0)
		Usr 0 00:01:12, Sys 0 00:01:06  -  Run Remote Usage
		Usr 0 00:00:00, Sys 0 00:00:00  -  Run Local Usage
		Usr 0 00:01:12, Sys 0 00:01:06  -  Total Remote Usage
		Usr 0 00:00:00, Sys 0 00:00:00  -  Total Local Usage
	60  -  Run Bytes Sent By Job
	293  -  Run Bytes Received By Job
	60  -  Total Bytes Sent By Job
	293  -  Total Bytes Received By Job
	Partitionable Resources :    Usage  Request Allocated
	   Cpus                 :                 1          
	   Disk (KB)            :       16        1   3098552
	   Memory (MB)          :       93     2000      2000
...
