000 (1414799.000.000) 06/13 20:32:15 Job submitted from host: <188.185.71.142:9618?addrs=188.185.71.142-9618&noUDP&sock=4096_1802_3>
...
001 (1414799.000.000) 06/13 20:33:32 Job executing on host: <188.184.196.14:9618?addrs=188.184.196.14-9618+[2001-1458-301-102--100-12]-9618&noUDP&sock=20325_d681_3>
...
006 (1414799.000.000) 06/13 20:33:41 Image size of job updated: 211792
	137  -  MemoryUsage of job (MB)
	139276  -  ResidentSetSize of job (KB)
...
005 (1414799.000.000) 06/13 20:38:06 Job terminated.
	(1) Normal termination (return value 0)
		Usr 0 00:01:59, Sys 0 00:01:52  -  Run Remote Usage
		Usr 0 00:00:00, Sys 0 00:00:00  -  Run Local Usage
		Usr 0 00:01:59, Sys 0 00:01:52  -  Total Remote Usage
		Usr 0 00:00:00, Sys 0 00:00:00  -  Total Local Usage
	60  -  Run Bytes Sent By Job
	293  -  Run Bytes Received By Job
	60  -  Total Bytes Sent By Job
	293  -  Total Bytes Received By Job
	Partitionable Resources :    Usage  Request Allocated
	   Cpus                 :                 1          
	   Disk (KB)            :       16        1   3074948
	   Memory (MB)          :      137     2000      2000
...
