000 (1414765.000.000) 06/13 20:30:29 Job submitted from host: <188.185.71.142:9618?addrs=188.185.71.142-9618&noUDP&sock=4096_1802_3>
...
001 (1414765.000.000) 06/13 20:33:28 Job executing on host: <188.184.138.201:9618?addrs=188.184.138.201-9618+[2001-1458-301-45--100-e2]-9618&noUDP&sock=5609_e2cc_3>
...
006 (1414765.000.000) 06/13 20:33:36 Image size of job updated: 167160
	93  -  MemoryUsage of job (MB)
	94832  -  ResidentSetSize of job (KB)
...
006 (1414765.000.000) 06/13 20:38:36 Image size of job updated: 211196
	136  -  MemoryUsage of job (MB)
	138960  -  ResidentSetSize of job (KB)
...
006 (1414765.000.000) 06/13 20:43:37 Image size of job updated: 211352
	136  -  MemoryUsage of job (MB)
	139116  -  ResidentSetSize of job (KB)
...
005 (1414765.000.000) 06/13 21:02:49 Job terminated.
	(1) Normal termination (return value 0)
		Usr 0 00:13:15, Sys 0 00:12:47  -  Run Remote Usage
		Usr 0 00:00:00, Sys 0 00:00:00  -  Run Local Usage
		Usr 0 00:13:15, Sys 0 00:12:47  -  Total Remote Usage
		Usr 0 00:00:00, Sys 0 00:00:00  -  Total Local Usage
	60  -  Run Bytes Sent By Job
	293  -  Run Bytes Received By Job
	60  -  Total Bytes Sent By Job
	293  -  Total Bytes Received By Job
	Partitionable Resources :    Usage  Request Allocated
	   Cpus                 :                 1          
	   Disk (KB)            :       15        1   2916073
	   Memory (MB)          :      136     2000      2000
...
