000 (1414769.000.000) 06/13 20:30:40 Job submitted from host: <188.185.71.142:9618?addrs=188.185.71.142-9618&noUDP&sock=4096_1802_3>
...
001 (1414769.000.000) 06/13 20:33:25 Job executing on host: <188.184.190.102:9618?addrs=188.184.190.102-9618+[2001-1458-301-4b--100-5b]-9618&noUDP&sock=5696_8f8a_3>
...
006 (1414769.000.000) 06/13 20:33:33 Image size of job updated: 211384
	136  -  MemoryUsage of job (MB)
	138836  -  ResidentSetSize of job (KB)
...
006 (1414769.000.000) 06/13 20:36:37 Image size of job updated: 211704
	136  -  MemoryUsage of job (MB)
	138836  -  ResidentSetSize of job (KB)
...
005 (1414769.000.000) 06/13 20:36:37 Job terminated.
	(1) Normal termination (return value 0)
		Usr 0 00:01:26, Sys 0 00:01:23  -  Run Remote Usage
		Usr 0 00:00:00, Sys 0 00:00:00  -  Run Local Usage
		Usr 0 00:01:26, Sys 0 00:01:23  -  Total Remote Usage
		Usr 0 00:00:00, Sys 0 00:00:00  -  Total Local Usage
	60  -  Run Bytes Sent By Job
	293  -  Run Bytes Received By Job
	60  -  Total Bytes Sent By Job
	293  -  Total Bytes Received By Job
	Partitionable Resources :    Usage  Request Allocated
	   Cpus                 :                 1          
	   Disk (KB)            :       15        1   2723295
	   Memory (MB)          :      136     2000      2000
...
