000 (1414793.000.000) 06/13 20:31:54 Job submitted from host: <188.185.71.142:9618?addrs=188.185.71.142-9618&noUDP&sock=4096_1802_3>
...
001 (1414793.000.000) 06/13 20:33:40 Job executing on host: <188.184.138.88:9618?addrs=188.184.138.88-9618+[2001-1458-301-45--100-5b]-9618&noUDP&sock=5593_e949_3>
...
006 (1414793.000.000) 06/13 20:33:48 Image size of job updated: 166904
	93  -  MemoryUsage of job (MB)
	94380  -  ResidentSetSize of job (KB)
...
006 (1414793.000.000) 06/13 20:38:48 Image size of job updated: 212148
	137  -  MemoryUsage of job (MB)
	139564  -  ResidentSetSize of job (KB)
...
005 (1414793.000.000) 06/13 20:38:52 Job terminated.
	(1) Normal termination (return value 0)
		Usr 0 00:02:17, Sys 0 00:02:07  -  Run Remote Usage
		Usr 0 00:00:00, Sys 0 00:00:00  -  Run Local Usage
		Usr 0 00:02:17, Sys 0 00:02:07  -  Total Remote Usage
		Usr 0 00:00:00, Sys 0 00:00:00  -  Total Local Usage
	60  -  Run Bytes Sent By Job
	293  -  Run Bytes Received By Job
	60  -  Total Bytes Sent By Job
	293  -  Total Bytes Received By Job
	Partitionable Resources :    Usage  Request Allocated
	   Cpus                 :                 1          
	   Disk (KB)            :       15        1   2976112
	   Memory (MB)          :      137     2000      2000
...
