000 (1414755.000.000) 06/13 20:29:29 Job submitted from host: <188.185.71.142:9618?addrs=188.185.71.142-9618&noUDP&sock=4096_1802_3>
...
001 (1414755.000.000) 06/13 20:30:39 Job executing on host: <188.184.210.245:9618?addrs=188.184.210.245-9618+[2001-1458-301-10b--100-eb]-9618&noUDP&sock=20340_206d_3>
...
006 (1414755.000.000) 06/13 20:30:47 Image size of job updated: 167884
	94  -  MemoryUsage of job (MB)
	95364  -  ResidentSetSize of job (KB)
...
006 (1414755.000.000) 06/13 20:35:47 Image size of job updated: 168400
	94  -  MemoryUsage of job (MB)
	95820  -  ResidentSetSize of job (KB)
...
006 (1414755.000.000) 06/13 20:40:48 Image size of job updated: 211072
	136  -  MemoryUsage of job (MB)
	138492  -  ResidentSetSize of job (KB)
...
006 (1414755.000.000) 06/13 20:45:48 Image size of job updated: 211832
	136  -  MemoryUsage of job (MB)
	139252  -  ResidentSetSize of job (KB)
...
005 (1414755.000.000) 06/13 21:10:02 Job terminated.
	(1) Normal termination (return value 0)
		Usr 0 00:17:07, Sys 0 00:16:33  -  Run Remote Usage
		Usr 0 00:00:00, Sys 0 00:00:00  -  Run Local Usage
		Usr 0 00:17:07, Sys 0 00:16:33  -  Total Remote Usage
		Usr 0 00:00:00, Sys 0 00:00:00  -  Total Local Usage
	60  -  Run Bytes Sent By Job
	293  -  Run Bytes Received By Job
	60  -  Total Bytes Sent By Job
	293  -  Total Bytes Received By Job
	Partitionable Resources :    Usage  Request Allocated
	   Cpus                 :                 1          
	   Disk (KB)            :       16        1   3082428
	   Memory (MB)          :      136     2000      2000
...
