000 (1414757.000.000) 06/13 20:29:34 Job submitted from host: <188.185.71.142:9618?addrs=188.185.71.142-9618&noUDP&sock=4096_1802_3>
...
001 (1414757.000.000) 06/13 20:30:38 Job executing on host: <188.184.139.16:9618?addrs=188.184.139.16-9618+[2001-1458-301-45--100-10a]-9618&noUDP&sock=5597_a7a9_3>
...
006 (1414757.000.000) 06/13 20:30:47 Image size of job updated: 161024
	88  -  MemoryUsage of job (MB)
	89664  -  ResidentSetSize of job (KB)
...
006 (1414757.000.000) 06/13 20:35:47 Image size of job updated: 169260
	95  -  MemoryUsage of job (MB)
	96648  -  ResidentSetSize of job (KB)
...
006 (1414757.000.000) 06/13 20:40:47 Image size of job updated: 211864
	135  -  MemoryUsage of job (MB)
	137460  -  ResidentSetSize of job (KB)
...
005 (1414757.000.000) 06/13 21:00:44 Job terminated.
	(1) Normal termination (return value 0)
		Usr 0 00:10:44, Sys 0 00:10:26  -  Run Remote Usage
		Usr 0 00:00:00, Sys 0 00:00:00  -  Run Local Usage
		Usr 0 00:10:44, Sys 0 00:10:26  -  Total Remote Usage
		Usr 0 00:00:00, Sys 0 00:00:00  -  Total Local Usage
	60  -  Run Bytes Sent By Job
	293  -  Run Bytes Received By Job
	60  -  Total Bytes Sent By Job
	293  -  Total Bytes Received By Job
	Partitionable Resources :    Usage  Request Allocated
	   Cpus                 :                 1          
	   Disk (KB)            :       16        1   2418823
	   Memory (MB)          :      135     2000      2000
...
