000 (1414783.000.000) 06/13 20:31:21 Job submitted from host: <188.185.71.142:9618?addrs=188.185.71.142-9618&noUDP&sock=4096_1802_3>
...
001 (1414783.000.000) 06/13 20:33:26 Job executing on host: <188.184.210.126:9618?addrs=188.184.210.126-9618+[--1]-9618&noUDP&sock=5680_9606_3>
...
006 (1414783.000.000) 06/13 20:33:36 Image size of job updated: 32472
	22  -  MemoryUsage of job (MB)
	21984  -  ResidentSetSize of job (KB)
...
006 (1414783.000.000) 06/13 20:38:36 Image size of job updated: 168624
	94  -  MemoryUsage of job (MB)
	96052  -  ResidentSetSize of job (KB)
...
006 (1414783.000.000) 06/13 20:43:36 Image size of job updated: 169324
	94  -  MemoryUsage of job (MB)
	96052  -  ResidentSetSize of job (KB)
...
006 (1414783.000.000) 06/13 20:48:38 Image size of job updated: 207636
	129  -  MemoryUsage of job (MB)
	131232  -  ResidentSetSize of job (KB)
...
005 (1414783.000.000) 06/13 21:22:23 Job terminated.
	(1) Normal termination (return value 0)
		Usr 0 00:18:57, Sys 0 00:17:47  -  Run Remote Usage
		Usr 0 00:00:00, Sys 0 00:00:00  -  Run Local Usage
		Usr 0 00:18:57, Sys 0 00:17:47  -  Total Remote Usage
		Usr 0 00:00:00, Sys 0 00:00:00  -  Total Local Usage
	60  -  Run Bytes Sent By Job
	293  -  Run Bytes Received By Job
	60  -  Total Bytes Sent By Job
	293  -  Total Bytes Received By Job
	Partitionable Resources :    Usage  Request Allocated
	   Cpus                 :                 1          
	   Disk (KB)            :       16        1   2835510
	   Memory (MB)          :      129     2000      2000
...
