000 (1414786.000.000) 06/13 20:31:32 Job submitted from host: <188.185.71.142:9618?addrs=188.185.71.142-9618&noUDP&sock=4096_1802_3>
...
001 (1414786.000.000) 06/13 20:33:30 Job executing on host: <188.184.139.211:9618?addrs=188.184.139.211-9618+[2001-1458-301-45--100-1c0]-9618&noUDP&sock=5721_b568_3>
...
006 (1414786.000.000) 06/13 20:33:39 Image size of job updated: 211716
	136  -  MemoryUsage of job (MB)
	139168  -  ResidentSetSize of job (KB)
...
005 (1414786.000.000) 06/13 20:36:44 Job terminated.
	(1) Normal termination (return value 0)
		Usr 0 00:01:29, Sys 0 00:01:24  -  Run Remote Usage
		Usr 0 00:00:00, Sys 0 00:00:00  -  Run Local Usage
		Usr 0 00:01:29, Sys 0 00:01:24  -  Total Remote Usage
		Usr 0 00:00:00, Sys 0 00:00:00  -  Total Local Usage
	60  -  Run Bytes Sent By Job
	293  -  Run Bytes Received By Job
	60  -  Total Bytes Sent By Job
	293  -  Total Bytes Received By Job
	Partitionable Resources :    Usage  Request Allocated
	   Cpus                 :                 1          
	   Disk (KB)            :       15        1   2544479
	   Memory (MB)          :      136     2000      2000
...
