000 (1414766.000.000) 06/13 20:30:32 Job submitted from host: <188.185.71.142:9618?addrs=188.185.71.142-9618&noUDP&sock=4096_1802_3>
...
001 (1414766.000.000) 06/13 20:33:24 Job executing on host: <188.184.138.39:9618?addrs=188.184.138.39-9618+[2001-1458-301-45--100-26]-9618&noUDP&sock=5608_3334_3>
...
006 (1414766.000.000) 06/13 20:33:32 Image size of job updated: 165704
	94  -  MemoryUsage of job (MB)
	95328  -  ResidentSetSize of job (KB)
...
005 (1414766.000.000) 06/13 20:36:48 Job terminated.
	(1) Normal termination (return value 0)
		Usr 0 00:01:33, Sys 0 00:01:26  -  Run Remote Usage
		Usr 0 00:00:00, Sys 0 00:00:00  -  Run Local Usage
		Usr 0 00:01:33, Sys 0 00:01:26  -  Total Remote Usage
		Usr 0 00:00:00, Sys 0 00:00:00  -  Total Local Usage
	60  -  Run Bytes Sent By Job
	293  -  Run Bytes Received By Job
	60  -  Total Bytes Sent By Job
	293  -  Total Bytes Received By Job
	Partitionable Resources :    Usage  Request Allocated
	   Cpus                 :                 1          
	   Disk (KB)            :       16        1   3210195
	   Memory (MB)          :       94     2000      2000
...
