000 (1414774.000.000) 06/13 20:30:54 Job submitted from host: <188.185.71.142:9618?addrs=188.185.71.142-9618&noUDP&sock=4096_1802_3>
...
001 (1414774.000.000) 06/13 20:33:26 Job executing on host: <188.184.210.186:9618?addrs=188.184.210.186-9618+[2001-1458-301-10b--100-ce]-9618&noUDP&sock=20336_620c_3>
...
006 (1414774.000.000) 06/13 20:33:34 Image size of job updated: 209152
	136  -  MemoryUsage of job (MB)
	139020  -  ResidentSetSize of job (KB)
...
006 (1414774.000.000) 06/13 20:38:34 Image size of job updated: 209248
	136  -  MemoryUsage of job (MB)
	139244  -  ResidentSetSize of job (KB)
...
005 (1414774.000.000) 06/13 21:17:49 Job terminated.
	(1) Normal termination (return value 0)
		Usr 0 00:19:44, Sys 0 00:19:04  -  Run Remote Usage
		Usr 0 00:00:00, Sys 0 00:00:00  -  Run Local Usage
		Usr 0 00:19:44, Sys 0 00:19:04  -  Total Remote Usage
		Usr 0 00:00:00, Sys 0 00:00:00  -  Total Local Usage
	60  -  Run Bytes Sent By Job
	293  -  Run Bytes Received By Job
	60  -  Total Bytes Sent By Job
	293  -  Total Bytes Received By Job
	Partitionable Resources :    Usage  Request Allocated
	   Cpus                 :                 1          
	   Disk (KB)            :       15        1   3358244
	   Memory (MB)          :      136     2000      2000
...
