000 (1414773.000.000) 06/13 20:30:51 Job submitted from host: <188.185.71.142:9618?addrs=188.185.71.142-9618&noUDP&sock=4096_1802_3>
...
001 (1414773.000.000) 06/13 20:33:26 Job executing on host: <188.184.197.195:9618?addrs=188.184.197.195-9618+[--1]-9618&noUDP&sock=5696_8f8a_3>
...
006 (1414773.000.000) 06/13 20:33:35 Image size of job updated: 211592
	136  -  MemoryUsage of job (MB)
	139076  -  ResidentSetSize of job (KB)
...
006 (1414773.000.000) 06/13 20:43:37 Image size of job updated: 211684
	136  -  MemoryUsage of job (MB)
	139108  -  ResidentSetSize of job (KB)
...
006 (1414773.000.000) 06/13 20:48:37 Image size of job updated: 211984
	137  -  MemoryUsage of job (MB)
	139408  -  ResidentSetSize of job (KB)
...
005 (1414773.000.000) 06/13 21:20:35 Job terminated.
	(1) Normal termination (return value 0)
		Usr 0 00:22:01, Sys 0 00:20:26  -  Run Remote Usage
		Usr 0 00:00:00, Sys 0 00:00:00  -  Run Local Usage
		Usr 0 00:22:01, Sys 0 00:20:26  -  Total Remote Usage
		Usr 0 00:00:00, Sys 0 00:00:00  -  Total Local Usage
	60  -  Run Bytes Sent By Job
	293  -  Run Bytes Received By Job
	60  -  Total Bytes Sent By Job
	293  -  Total Bytes Received By Job
	Partitionable Resources :    Usage  Request Allocated
	   Cpus                 :                 1          
	   Disk (KB)            :       15        1   2916404
	   Memory (MB)          :      137     2000      2000
...
