000 (1414800.000.000) 06/13 20:32:19 Job submitted from host: <188.185.71.142:9618?addrs=188.185.71.142-9618&noUDP&sock=4096_1802_3>
...
001 (1414800.000.000) 06/13 20:33:37 Job executing on host: <188.184.190.190:9618?addrs=188.184.190.190-9618+[2001-1458-301-4b--100-bf]-9618&noUDP&sock=5598_5742_3>
...
006 (1414800.000.000) 06/13 20:33:46 Image size of job updated: 167728
	93  -  MemoryUsage of job (MB)
	95168  -  ResidentSetSize of job (KB)
...
006 (1414800.000.000) 06/13 20:38:47 Image size of job updated: 211280
	136  -  MemoryUsage of job (MB)
	138660  -  ResidentSetSize of job (KB)
...
005 (1414800.000.000) 06/13 20:40:46 Job terminated.
	(1) Normal termination (return value 0)
		Usr 0 00:02:56, Sys 0 00:02:37  -  Run Remote Usage
		Usr 0 00:00:00, Sys 0 00:00:00  -  Run Local Usage
		Usr 0 00:02:56, Sys 0 00:02:37  -  Total Remote Usage
		Usr 0 00:00:00, Sys 0 00:00:00  -  Total Local Usage
	60  -  Run Bytes Sent By Job
	293  -  Run Bytes Received By Job
	60  -  Total Bytes Sent By Job
	293  -  Total Bytes Received By Job
	Partitionable Resources :    Usage  Request Allocated
	   Cpus                 :                 1          
	   Disk (KB)            :       15        1   2643112
	   Memory (MB)          :      136     2000      2000
...
