000 (1414775.000.000) 06/13 20:30:56 Job submitted from host: <188.185.71.142:9618?addrs=188.185.71.142-9618&noUDP&sock=4096_1802_3>
...
001 (1414775.000.000) 06/13 20:34:29 Job executing on host: <188.184.197.105:9618?addrs=188.184.197.105-9618+[2001-1458-301-103--100-67]-9618&noUDP&sock=5716_476f_3>
...
006 (1414775.000.000) 06/13 20:34:38 Image size of job updated: 211564
	136  -  MemoryUsage of job (MB)
	139012  -  ResidentSetSize of job (KB)
...
006 (1414775.000.000) 06/13 20:39:39 Image size of job updated: 212164
	137  -  MemoryUsage of job (MB)
	139552  -  ResidentSetSize of job (KB)
...
006 (1414775.000.000) 06/13 20:49:40 Image size of job updated: 212184
	137  -  MemoryUsage of job (MB)
	139572  -  ResidentSetSize of job (KB)
...
006 (1414775.000.000) 06/13 21:01:20 Image size of job updated: 575072
	137  -  MemoryUsage of job (MB)
	139572  -  ResidentSetSize of job (KB)
...
005 (1414775.000.000) 06/13 21:01:20 Job terminated.
	(1) Normal termination (return value 0)
		Usr 0 00:11:35, Sys 0 00:10:34  -  Run Remote Usage
		Usr 0 00:00:00, Sys 0 00:00:00  -  Run Local Usage
		Usr 0 00:11:35, Sys 0 00:10:34  -  Total Remote Usage
		Usr 0 00:00:00, Sys 0 00:00:00  -  Total Local Usage
	60  -  Run Bytes Sent By Job
	293  -  Run Bytes Received By Job
	60  -  Total Bytes Sent By Job
	293  -  Total Bytes Received By Job
	Partitionable Resources :    Usage  Request Allocated
	   Cpus                 :                 1          
	   Disk (KB)            :       16        1   3027744
	   Memory (MB)          :      137     2000      2000
...
