000 (1414758.000.000) 06/13 20:29:37 Job submitted from host: <188.185.71.142:9618?addrs=188.185.71.142-9618&noUDP&sock=4096_1802_3>
...
001 (1414758.000.000) 06/13 20:30:34 Job executing on host: <188.184.190.177:9618?addrs=188.184.190.177-9618+[2001-1458-301-4b--100-c1]-9618&noUDP&sock=5693_80c1_3>
...
006 (1414758.000.000) 06/13 20:30:42 Image size of job updated: 181504
	107  -  MemoryUsage of job (MB)
	108988  -  ResidentSetSize of job (KB)
...
006 (1414758.000.000) 06/13 20:35:42 Image size of job updated: 211444
	136  -  MemoryUsage of job (MB)
	138868  -  ResidentSetSize of job (KB)
...
005 (1414758.000.000) 06/13 20:36:26 Job terminated.
	(1) Normal termination (return value 0)
		Usr 0 00:02:43, Sys 0 00:02:28  -  Run Remote Usage
		Usr 0 00:00:00, Sys 0 00:00:00  -  Run Local Usage
		Usr 0 00:02:43, Sys 0 00:02:28  -  Total Remote Usage
		Usr 0 00:00:00, Sys 0 00:00:00  -  Total Local Usage
	60  -  Run Bytes Sent By Job
	293  -  Run Bytes Received By Job
	60  -  Total Bytes Sent By Job
	293  -  Total Bytes Received By Job
	Partitionable Resources :    Usage  Request Allocated
	   Cpus                 :                 1          
	   Disk (KB)            :       15        1   3149890
	   Memory (MB)          :      136     2000      2000
...
