000 (1414781.000.000) 06/13 20:31:13 Job submitted from host: <188.185.71.142:9618?addrs=188.185.71.142-9618&noUDP&sock=4096_1802_3>
...
001 (1414781.000.000) 06/13 20:33:29 Job executing on host: <188.184.211.166:9618?addrs=188.184.211.166-9618+[2001-1458-301-10b--100-1b3]-9618&noUDP&sock=5698_eeba_3>
...
006 (1414781.000.000) 06/13 20:33:37 Image size of job updated: 153276
	84  -  MemoryUsage of job (MB)
	85212  -  ResidentSetSize of job (KB)
...
006 (1414781.000.000) 06/13 20:38:37 Image size of job updated: 211636
	136  -  MemoryUsage of job (MB)
	139052  -  ResidentSetSize of job (KB)
...
005 (1414781.000.000) 06/13 20:38:39 Job terminated.
	(1) Normal termination (return value 0)
		Usr 0 00:02:18, Sys 0 00:02:11  -  Run Remote Usage
		Usr 0 00:00:00, Sys 0 00:00:00  -  Run Local Usage
		Usr 0 00:02:18, Sys 0 00:02:11  -  Total Remote Usage
		Usr 0 00:00:00, Sys 0 00:00:00  -  Total Local Usage
	60  -  Run Bytes Sent By Job
	293  -  Run Bytes Received By Job
	60  -  Total Bytes Sent By Job
	293  -  Total Bytes Received By Job
	Partitionable Resources :    Usage  Request Allocated
	   Cpus                 :                 1          
	   Disk (KB)            :       16        1   3129207
	   Memory (MB)          :      136     2000      2000
...
