000 (1414782.000.000) 06/13 20:31:17 Job submitted from host: <188.185.71.142:9618?addrs=188.185.71.142-9618&noUDP&sock=4096_1802_3>
...
001 (1414782.000.000) 06/13 20:33:30 Job executing on host: <188.184.210.143:9618?addrs=188.184.210.143-9618+[2001-1458-301-10b--100-b3]-9618&noUDP&sock=20232_0c32_3>
...
006 (1414782.000.000) 06/13 20:33:38 Image size of job updated: 165264
	94  -  MemoryUsage of job (MB)
	95324  -  ResidentSetSize of job (KB)
...
006 (1414782.000.000) 06/13 20:38:38 Image size of job updated: 167328
	96  -  MemoryUsage of job (MB)
	97500  -  ResidentSetSize of job (KB)
...
006 (1414782.000.000) 06/13 20:43:39 Image size of job updated: 209416
	137  -  MemoryUsage of job (MB)
	139484  -  ResidentSetSize of job (KB)
...
005 (1414782.000.000) 06/13 21:14:48 Job terminated.
	(1) Normal termination (return value 0)
		Usr 0 00:18:26, Sys 0 00:17:00  -  Run Remote Usage
		Usr 0 00:00:00, Sys 0 00:00:00  -  Run Local Usage
		Usr 0 00:18:26, Sys 0 00:17:00  -  Total Remote Usage
		Usr 0 00:00:00, Sys 0 00:00:00  -  Total Local Usage
	59  -  Run Bytes Sent By Job
	292  -  Run Bytes Received By Job
	59  -  Total Bytes Sent By Job
	292  -  Total Bytes Received By Job
	Partitionable Resources :    Usage  Request Allocated
	   Cpus                 :                 1          
	   Disk (KB)            :       16        1   3024584
	   Memory (MB)          :      137     2000      2000
...
