000 (1414791.000.000) 06/13 20:31:47 Job submitted from host: <188.185.71.142:9618?addrs=188.185.71.142-9618&noUDP&sock=4096_1802_3>
...
001 (1414791.000.000) 06/13 20:33:32 Job executing on host: <188.184.210.127:9618?addrs=188.184.210.127-9618+[2001-1458-301-10b--100-ac]-9618&noUDP&sock=20263_4fa2_3>
...
006 (1414791.000.000) 06/13 20:33:41 Image size of job updated: 164708
	93  -  MemoryUsage of job (MB)
	94212  -  ResidentSetSize of job (KB)
...
005 (1414791.000.000) 06/13 20:37:37 Job terminated.
	(1) Normal termination (return value 0)
		Usr 0 00:01:52, Sys 0 00:01:42  -  Run Remote Usage
		Usr 0 00:00:00, Sys 0 00:00:00  -  Run Local Usage
		Usr 0 00:01:52, Sys 0 00:01:42  -  Total Remote Usage
		Usr 0 00:00:00, Sys 0 00:00:00  -  Total Local Usage
	60  -  Run Bytes Sent By Job
	293  -  Run Bytes Received By Job
	60  -  Total Bytes Sent By Job
	293  -  Total Bytes Received By Job
	Partitionable Resources :    Usage  Request Allocated
	   Cpus                 :                 1          
	   Disk (KB)            :       16        1   2987129
	   Memory (MB)          :       93     2000      2000
...
