000 (1414795.000.000) 06/13 20:32:01 Job submitted from host: <188.185.71.142:9618?addrs=188.185.71.142-9618&noUDP&sock=4096_1802_3>
...
001 (1414795.000.000) 06/13 20:33:36 Job executing on host: <188.184.213.211:9618?addrs=188.184.213.211-9618+[2001-1458-301-10c--100-1c4]-9618&noUDP&sock=5691_2191_3>
...
006 (1414795.000.000) 06/13 20:33:44 Image size of job updated: 75768
	31  -  MemoryUsage of job (MB)
	31528  -  ResidentSetSize of job (KB)
...
006 (1414795.000.000) 06/13 20:38:44 Image size of job updated: 216028
	141  -  MemoryUsage of job (MB)
	143416  -  ResidentSetSize of job (KB)
...
005 (1414795.000.000) 06/13 20:41:56 Job terminated.
	(1) Normal termination (return value 0)
		Usr 0 00:03:08, Sys 0 00:02:48  -  Run Remote Usage
		Usr 0 00:00:00, Sys 0 00:00:00  -  Run Local Usage
		Usr 0 00:03:08, Sys 0 00:02:48  -  Total Remote Usage
		Usr 0 00:00:00, Sys 0 00:00:00  -  Total Local Usage
	60  -  Run Bytes Sent By Job
	293  -  Run Bytes Received By Job
	60  -  Total Bytes Sent By Job
	293  -  Total Bytes Received By Job
	Partitionable Resources :    Usage  Request Allocated
	   Cpus                 :                 1          
	   Disk (KB)            :       16        1   2662064
	   Memory (MB)          :      141     2000      2000
...
