000 (1414798.000.000) 06/13 20:32:11 Job submitted from host: <188.185.71.142:9618?addrs=188.185.71.142-9618&noUDP&sock=4096_1802_3>
...
001 (1414798.000.000) 06/13 20:33:34 Job executing on host: <188.184.139.216:9618?addrs=188.184.139.216-9618+[2001-1458-301-45--100-1ca]-9618&noUDP&sock=5725_73c9_3>
...
006 (1414798.000.000) 06/13 20:33:43 Image size of job updated: 212056
	137  -  MemoryUsage of job (MB)
	139480  -  ResidentSetSize of job (KB)
...
005 (1414798.000.000) 06/13 20:38:17 Job terminated.
	(1) Normal termination (return value 0)
		Usr 0 00:02:03, Sys 0 00:01:53  -  Run Remote Usage
		Usr 0 00:00:00, Sys 0 00:00:00  -  Run Local Usage
		Usr 0 00:02:03, Sys 0 00:01:53  -  Total Remote Usage
		Usr 0 00:00:00, Sys 0 00:00:00  -  Total Local Usage
	60  -  Run Bytes Sent By Job
	293  -  Run Bytes Received By Job
	60  -  Total Bytes Sent By Job
	293  -  Total Bytes Received By Job
	Partitionable Resources :    Usage  Request Allocated
	   Cpus                 :                 1          
	   Disk (KB)            :       15        1   3164759
	   Memory (MB)          :      137     2000      2000
...
