000 (1414761.000.000) 06/13 20:29:45 Job submitted from host: <188.185.71.142:9618?addrs=188.185.71.142-9618&noUDP&sock=4096_1802_3>
...
001 (1414761.000.000) 06/13 20:30:36 Job executing on host: <188.184.213.220:9618?addrs=188.184.213.220-9618+[2001-1458-301-10c--100-1d1]-9618&noUDP&sock=20394_2a8a_3>
...
006 (1414761.000.000) 06/13 20:30:46 Image size of job updated: 210028
	136  -  MemoryUsage of job (MB)
	138960  -  ResidentSetSize of job (KB)
...
006 (1414761.000.000) 06/13 20:35:46 Image size of job updated: 210028
	136  -  MemoryUsage of job (MB)
	139088  -  ResidentSetSize of job (KB)
...
005 (1414761.000.000) 06/13 20:35:55 Job terminated.
	(1) Normal termination (return value 0)
		Usr 0 00:02:32, Sys 0 00:02:14  -  Run Remote Usage
		Usr 0 00:00:00, Sys 0 00:00:00  -  Run Local Usage
		Usr 0 00:02:32, Sys 0 00:02:14  -  Total Remote Usage
		Usr 0 00:00:00, Sys 0 00:00:00  -  Total Local Usage
	60  -  Run Bytes Sent By Job
	293  -  Run Bytes Received By Job
	60  -  Total Bytes Sent By Job
	293  -  Total Bytes Received By Job
	Partitionable Resources :    Usage  Request Allocated
	   Cpus                 :                 1          
	   Disk (KB)            :       15        1   2917533
	   Memory (MB)          :      136     2000      2000
...
