000 (1414763.000.000) 06/13 20:30:24 Job submitted from host: <188.185.71.142:9618?addrs=188.185.71.142-9618&noUDP&sock=4096_1802_3>
...
001 (1414763.000.000) 06/13 20:30:32 Job executing on host: <188.184.197.216:9618?addrs=188.184.197.216-9618+[2001-1458-301-103--100-d6]-9618&noUDP&sock=20391_1bc1_3>
...
006 (1414763.000.000) 06/13 20:30:41 Image size of job updated: 211556
	136  -  MemoryUsage of job (MB)
	139032  -  ResidentSetSize of job (KB)
...
006 (1414763.000.000) 06/13 20:31:56 Image size of job updated: 211856
	136  -  MemoryUsage of job (MB)
	139036  -  ResidentSetSize of job (KB)
...
005 (1414763.000.000) 06/13 20:31:56 Job terminated.
	(1) Normal termination (return value 0)
		Usr 0 00:00:36, Sys 0 00:00:35  -  Run Remote Usage
		Usr 0 00:00:00, Sys 0 00:00:00  -  Run Local Usage
		Usr 0 00:00:36, Sys 0 00:00:35  -  Total Remote Usage
		Usr 0 00:00:00, Sys 0 00:00:00  -  Total Local Usage
	59  -  Run Bytes Sent By Job
	292  -  Run Bytes Received By Job
	59  -  Total Bytes Sent By Job
	292  -  Total Bytes Received By Job
	Partitionable Resources :    Usage  Request Allocated
	   Cpus                 :                 1          
	   Disk (KB)            :       16        1   3042016
	   Memory (MB)          :      136     2000      2000
...
