000 (1414789.000.000) 06/13 20:31:40 Job submitted from host: <188.185.71.142:9618?addrs=188.185.71.142-9618&noUDP&sock=4096_1802_3>
...
001 (1414789.000.000) 06/13 20:33:32 Job executing on host: <188.184.196.147:9618?addrs=188.184.196.147-9618+[--1]-9618&noUDP&sock=5699_9e52_3>
...
006 (1414789.000.000) 06/13 20:33:41 Image size of job updated: 211628
	136  -  MemoryUsage of job (MB)
	139172  -  ResidentSetSize of job (KB)
...
006 (1414789.000.000) 06/13 20:37:11 Image size of job updated: 211988
	136  -  MemoryUsage of job (MB)
	139172  -  ResidentSetSize of job (KB)
...
005 (1414789.000.000) 06/13 20:37:15 Job terminated.
	(1) Normal termination (return value 0)
		Usr 0 00:01:38, Sys 0 00:01:35  -  Run Remote Usage
		Usr 0 00:00:00, Sys 0 00:00:00  -  Run Local Usage
		Usr 0 00:01:38, Sys 0 00:01:35  -  Total Remote Usage
		Usr 0 00:00:00, Sys 0 00:00:00  -  Total Local Usage
	60  -  Run Bytes Sent By Job
	293  -  Run Bytes Received By Job
	60  -  Total Bytes Sent By Job
	293  -  Total Bytes Received By Job
	Partitionable Resources :    Usage  Request Allocated
	   Cpus                 :                 1          
	   Disk (KB)            :       15        1   2813120
	   Memory (MB)          :      136     2000      2000
...
