000 (1414772.000.000) 06/13 20:30:48 Job submitted from host: <188.185.71.142:9618?addrs=188.185.71.142-9618&noUDP&sock=4096_1802_3>
...
001 (1414772.000.000) 06/13 20:33:28 Job executing on host: <188.184.197.46:9618?addrs=188.184.197.46-9618+[2001-1458-301-103--100-23]-9618&noUDP&sock=20262_a00a_3>
...
006 (1414772.000.000) 06/13 20:33:37 Image size of job updated: 166760
	93  -  MemoryUsage of job (MB)
	94240  -  ResidentSetSize of job (KB)
...
006 (1414772.000.000) 06/13 20:36:31 Image size of job updated: 209820
	93  -  MemoryUsage of job (MB)
	94240  -  ResidentSetSize of job (KB)
...
005 (1414772.000.000) 06/13 20:36:31 Job terminated.
	(1) Normal termination (return value 0)
		Usr 0 00:01:19, Sys 0 00:01:15  -  Run Remote Usage
		Usr 0 00:00:00, Sys 0 00:00:00  -  Run Local Usage
		Usr 0 00:01:19, Sys 0 00:01:15  -  Total Remote Usage
		Usr 0 00:00:00, Sys 0 00:00:00  -  Total Local Usage
	60  -  Run Bytes Sent By Job
	293  -  Run Bytes Received By Job
	60  -  Total Bytes Sent By Job
	293  -  Total Bytes Received By Job
	Partitionable Resources :    Usage  Request Allocated
	   Cpus                 :                 1          
	   Disk (KB)            :       16        1   2791176
	   Memory (MB)          :       93     2000      2000
...
