000 (1414767.000.000) 06/13 20:30:35 Job submitted from host: <188.185.71.142:9618?addrs=188.185.71.142-9618&noUDP&sock=4096_1802_3>
...
001 (1414767.000.000) 06/13 20:33:25 Job executing on host: <188.184.211.21:9618?addrs=188.184.211.21-9618+[2001-1458-301-10b--100-12c]-9618&noUDP&sock=5690_71f8_3>
...
006 (1414767.000.000) 06/13 20:33:33 Image size of job updated: 167564
	93  -  MemoryUsage of job (MB)
	95012  -  ResidentSetSize of job (KB)
...
006 (1414767.000.000) 06/13 20:36:42 Image size of job updated: 211632
	93  -  MemoryUsage of job (MB)
	95012  -  ResidentSetSize of job (KB)
...
005 (1414767.000.000) 06/13 20:36:42 Job terminated.
	(1) Normal termination (return value 0)
		Usr 0 00:01:22, Sys 0 00:01:17  -  Run Remote Usage
		Usr 0 00:00:00, Sys 0 00:00:00  -  Run Local Usage
		Usr 0 00:01:22, Sys 0 00:01:17  -  Total Remote Usage
		Usr 0 00:00:00, Sys 0 00:00:00  -  Total Local Usage
	60  -  Run Bytes Sent By Job
	293  -  Run Bytes Received By Job
	60  -  Total Bytes Sent By Job
	293  -  Total Bytes Received By Job
	Partitionable Resources :    Usage  Request Allocated
	   Cpus                 :                 1          
	   Disk (KB)            :       15        1   2775430
	   Memory (MB)          :       93     2000      2000
...
