000 (1414768.000.000) 06/13 20:30:38 Job submitted from host: <188.185.71.142:9618?addrs=188.185.71.142-9618&noUDP&sock=4096_1802_3>
...
001 (1414768.000.000) 06/13 20:33:26 Job executing on host: <188.184.211.107:9618?addrs=188.184.211.107-9618+[2001-1458-301-10b--100-17d]-9618&noUDP&sock=20313_9b5e_3>
...
006 (1414768.000.000) 06/13 20:33:35 Image size of job updated: 158972
	85  -  MemoryUsage of job (MB)
	86552  -  ResidentSetSize of job (KB)
...
006 (1414768.000.000) 06/13 20:37:24 Image size of job updated: 211776
	85  -  MemoryUsage of job (MB)
	86556  -  ResidentSetSize of job (KB)
...
005 (1414768.000.000) 06/13 20:37:24 Job terminated.
	(1) Normal termination (return value 0)
		Usr 0 00:01:37, Sys 0 00:01:30  -  Run Remote Usage
		Usr 0 00:00:00, Sys 0 00:00:00  -  Run Local Usage
		Usr 0 00:01:37, Sys 0 00:01:30  -  Total Remote Usage
		Usr 0 00:00:00, Sys 0 00:00:00  -  Total Local Usage
	60  -  Run Bytes Sent By Job
	293  -  Run Bytes Received By Job
	60  -  Total Bytes Sent By Job
	293  -  Total Bytes Received By Job
	Partitionable Resources :    Usage  Request Allocated
	   Cpus                 :                 1          
	   Disk (KB)            :       16        1   2604107
	   Memory (MB)          :       85     2000      2000
...
