000 (1414762.000.000) 06/13 20:30:07 Job submitted from host: <188.185.71.142:9618?addrs=188.185.71.142-9618&noUDP&sock=4096_1802_3>
...
001 (1414762.000.000) 06/13 20:30:36 Job executing on host: <188.184.138.78:9618?addrs=188.184.138.78-9618+[--1]-9618&noUDP&sock=5717_f707_3>
...
006 (1414762.000.000) 06/13 20:30:45 Image size of job updated: 211520
	136  -  MemoryUsage of job (MB)
	139000  -  ResidentSetSize of job (KB)
...
005 (1414762.000.000) 06/13 20:34:44 Job terminated.
	(1) Normal termination (return value 0)
		Usr 0 00:01:53, Sys 0 00:01:51  -  Run Remote Usage
		Usr 0 00:00:00, Sys 0 00:00:00  -  Run Local Usage
		Usr 0 00:01:53, Sys 0 00:01:51  -  Total Remote Usage
		Usr 0 00:00:00, Sys 0 00:00:00  -  Total Local Usage
	60  -  Run Bytes Sent By Job
	293  -  Run Bytes Received By Job
	60  -  Total Bytes Sent By Job
	293  -  Total Bytes Received By Job
	Partitionable Resources :    Usage  Request Allocated
	   Cpus                 :                 1          
	   Disk (KB)            :       15        1   2946402
	   Memory (MB)          :      136     2000      2000
...
