000 (1414770.000.000) 06/13 20:30:43 Job submitted from host: <188.185.71.142:9618?addrs=188.185.71.142-9618&noUDP&sock=4096_1802_3>
...
001 (1414770.000.000) 06/13 20:33:27 Job executing on host: <188.184.190.60:9618?addrs=188.184.190.60-9618+[2001-1458-301-4b--100-54]-9618&noUDP&sock=5588_7b4f_3>
...
006 (1414770.000.000) 06/13 20:33:35 Image size of job updated: 166536
	92  -  MemoryUsage of job (MB)
	94040  -  ResidentSetSize of job (KB)
...
006 (1414770.000.000) 06/13 20:37:39 Image size of job updated: 575016
	92  -  MemoryUsage of job (MB)
	94180  -  ResidentSetSize of job (KB)
...
005 (1414770.000.000) 06/13 20:37:39 Job terminated.
	(1) Normal termination (return value 0)
		Usr 0 00:01:43, Sys 0 00:01:38  -  Run Remote Usage
		Usr 0 00:00:00, Sys 0 00:00:00  -  Run Local Usage
		Usr 0 00:01:43, Sys 0 00:01:38  -  Total Remote Usage
		Usr 0 00:00:00, Sys 0 00:00:00  -  Total Local Usage
	60  -  Run Bytes Sent By Job
	293  -  Run Bytes Received By Job
	60  -  Total Bytes Sent By Job
	293  -  Total Bytes Received By Job
	Partitionable Resources :    Usage  Request Allocated
	   Cpus                 :                 1          
	   Disk (KB)            :       16        1   2482996
	   Memory (MB)          :       92     2000      2000
...
