000 (1414797.000.000) 06/13 20:32:08 Job submitted from host: <188.185.71.142:9618?addrs=188.185.71.142-9618&noUDP&sock=4096_1802_3>
...
001 (1414797.000.000) 06/13 20:33:34 Job executing on host: <188.184.212.100:9618?addrs=188.184.212.100-9618+[--1]-9618&noUDP&sock=5678_36d5_3>
...
006 (1414797.000.000) 06/13 20:33:43 Image size of job updated: 211880
	137  -  MemoryUsage of job (MB)
	139368  -  ResidentSetSize of job (KB)
...
006 (1414797.000.000) 06/13 20:38:43 Image size of job updated: 212308
	137  -  MemoryUsage of job (MB)
	139736  -  ResidentSetSize of job (KB)
...
005 (1414797.000.000) 06/13 20:39:26 Job terminated.
	(1) Normal termination (return value 0)
		Usr 0 00:02:40, Sys 0 00:02:24  -  Run Remote Usage
		Usr 0 00:00:00, Sys 0 00:00:00  -  Run Local Usage
		Usr 0 00:02:40, Sys 0 00:02:24  -  Total Remote Usage
		Usr 0 00:00:00, Sys 0 00:00:00  -  Total Local Usage
	60  -  Run Bytes Sent By Job
	293  -  Run Bytes Received By Job
	60  -  Total Bytes Sent By Job
	293  -  Total Bytes Received By Job
	Partitionable Resources :    Usage  Request Allocated
	   Cpus                 :                 1          
	   Disk (KB)            :       15        1   2773215
	   Memory (MB)          :      137     2000      2000
...
