000 (1414788.000.000) 06/13 20:31:38 Job submitted from host: <188.185.71.142:9618?addrs=188.185.71.142-9618&noUDP&sock=4096_1802_3>
...
001 (1414788.000.000) 06/13 20:33:32 Job executing on host: <188.184.211.127:9618?addrs=188.184.211.127-9618+[--1]-9618&noUDP&sock=5736_ff54_3>
...
006 (1414788.000.000) 06/13 20:33:42 Image size of job updated: 211848
	137  -  MemoryUsage of job (MB)
	139332  -  ResidentSetSize of job (KB)
...
005 (1414788.000.000) 06/13 20:38:11 Job terminated.
	(1) Normal termination (return value 0)
		Usr 0 00:02:07, Sys 0 00:01:56  -  Run Remote Usage
		Usr 0 00:00:00, Sys 0 00:00:00  -  Run Local Usage
		Usr 0 00:02:07, Sys 0 00:01:56  -  Total Remote Usage
		Usr 0 00:00:00, Sys 0 00:00:00  -  Total Local Usage
	60  -  Run Bytes Sent By Job
	293  -  Run Bytes Received By Job
	60  -  Total Bytes Sent By Job
	293  -  Total Bytes Received By Job
	Partitionable Resources :    Usage  Request Allocated
	   Cpus                 :                 1          
	   Disk (KB)            :       15        1   2918955
	   Memory (MB)          :      137     2000      2000
...
