000 (1414780.000.000) 06/13 20:31:10 Job submitted from host: <188.185.71.142:9618?addrs=188.185.71.142-9618&noUDP&sock=4096_1802_3>
...
001 (1414780.000.000) 06/13 20:33:26 Job executing on host: <188.184.211.74:9618?addrs=188.184.211.74-9618+[2001-1458-301-10b--100-15c]-9618&noUDP&sock=20320_6888_3>
...
006 (1414780.000.000) 06/13 20:33:35 Image size of job updated: 211604
	136  -  MemoryUsage of job (MB)
	139080  -  ResidentSetSize of job (KB)
...
006 (1414780.000.000) 06/13 20:37:30 Image size of job updated: 211672
	136  -  MemoryUsage of job (MB)
	139080  -  ResidentSetSize of job (KB)
...
005 (1414780.000.000) 06/13 20:37:30 Job terminated.
	(1) Normal termination (return value 0)
		Usr 0 00:01:50, Sys 0 00:01:45  -  Run Remote Usage
		Usr 0 00:00:00, Sys 0 00:00:00  -  Run Local Usage
		Usr 0 00:01:50, Sys 0 00:01:45  -  Total Remote Usage
		Usr 0 00:00:00, Sys 0 00:00:00  -  Total Local Usage
	60  -  Run Bytes Sent By Job
	293  -  Run Bytes Received By Job
	60  -  Total Bytes Sent By Job
	293  -  Total Bytes Received By Job
	Partitionable Resources :    Usage  Request Allocated
	   Cpus                 :                 1          
	   Disk (KB)            :       15        1   3112163
	   Memory (MB)          :      136     2000      2000
...
