000 (1414794.000.000) 06/13 20:31:57 Job submitted from host: <188.185.71.142:9618?addrs=188.185.71.142-9618&noUDP&sock=4096_1802_3>
...
001 (1414794.000.000) 06/13 20:33:37 Job executing on host: <188.184.139.65:9618?addrs=188.184.139.65-9618+[2001-1458-301-45--100-14c]-9618&noUDP&sock=5610_9265_3>
...
006 (1414794.000.000) 06/13 20:33:45 Image size of job updated: 208644
	137  -  MemoryUsage of job (MB)
	139452  -  ResidentSetSize of job (KB)
...
006 (1414794.000.000) 06/13 20:38:45 Image size of job updated: 208824
	137  -  MemoryUsage of job (MB)
	139592  -  ResidentSetSize of job (KB)
...
005 (1414794.000.000) 06/13 20:39:18 Job terminated.
	(1) Normal termination (return value 0)
		Usr 0 00:02:33, Sys 0 00:02:19  -  Run Remote Usage
		Usr 0 00:00:00, Sys 0 00:00:00  -  Run Local Usage
		Usr 0 00:02:33, Sys 0 00:02:19  -  Total Remote Usage
		Usr 0 00:00:00, Sys 0 00:00:00  -  Total Local Usage
	60  -  Run Bytes Sent By Job
	293  -  Run Bytes Received By Job
	60  -  Total Bytes Sent By Job
	293  -  Total Bytes Received By Job
	Partitionable Resources :    Usage  Request Allocated
	   Cpus                 :                 1          
	   Disk (KB)            :       15        1   2979284
	   Memory (MB)          :      137     2000      2000
...
