000 (1414759.000.000) 06/13 20:29:40 Job submitted from host: <188.185.71.142:9618?addrs=188.185.71.142-9618&noUDP&sock=4096_1802_3>
...
001 (1414759.000.000) 06/13 20:30:36 Job executing on host: <188.184.254.26:9618?addrs=188.184.254.26-9618+[2001-1458-301-8--100-18]-9618&noUDP&sock=5689_c260_3>
...
006 (1414759.000.000) 06/13 20:30:44 Image size of job updated: 167012
	93  -  MemoryUsage of job (MB)
	94484  -  ResidentSetSize of job (KB)
...
006 (1414759.000.000) 06/13 20:34:51 Image size of job updated: 211168
	93  -  MemoryUsage of job (MB)
	94484  -  ResidentSetSize of job (KB)
...
005 (1414759.000.000) 06/13 20:34:51 Job terminated.
	(1) Normal termination (return value 0)
		Usr 0 00:02:00, Sys 0 00:01:51  -  Run Remote Usage
		Usr 0 00:00:00, Sys 0 00:00:00  -  Run Local Usage
		Usr 0 00:02:00, Sys 0 00:01:51  -  Total Remote Usage
		Usr 0 00:00:00, Sys 0 00:00:00  -  Total Local Usage
	60  -  Run Bytes Sent By Job
	293  -  Run Bytes Received By Job
	60  -  Total Bytes Sent By Job
	293  -  Total Bytes Received By Job
	Partitionable Resources :    Usage  Request Allocated
	   Cpus                 :                 1          
	   Disk (KB)            :       16        1   2941547
	   Memory (MB)          :       93     2000      2000
...
