000 (1414778.000.000) 06/13 20:31:04 Job submitted from host: <188.185.71.142:9618?addrs=188.185.71.142-9618&noUDP&sock=4096_1802_3>
...
001 (1414778.000.000) 06/13 20:33:30 Job executing on host: <188.184.138.57:9618?addrs=188.184.138.57-9618+[2001-1458-301-45--100-2f]-9618&noUDP&sock=5615_005e_3>
...
006 (1414778.000.000) 06/13 20:33:38 Image size of job updated: 93760
	49  -  MemoryUsage of job (MB)
	49456  -  ResidentSetSize of job (KB)
...
006 (1414778.000.000) 06/13 20:38:38 Image size of job updated: 211784
	136  -  MemoryUsage of job (MB)
	139172  -  ResidentSetSize of job (KB)
...
006 (1414778.000.000) 06/13 20:39:03 Image size of job updated: 211788
	136  -  MemoryUsage of job (MB)
	139172  -  ResidentSetSize of job (KB)
...
005 (1414778.000.000) 06/13 20:39:03 Job terminated.
	(1) Normal termination (return value 0)
		Usr 0 00:02:18, Sys 0 00:02:09  -  Run Remote Usage
		Usr 0 00:00:00, Sys 0 00:00:00  -  Run Local Usage
		Usr 0 00:02:18, Sys 0 00:02:09  -  Total Remote Usage
		Usr 0 00:00:00, Sys 0 00:00:00  -  Total Local Usage
	60  -  Run Bytes Sent By Job
	293  -  Run Bytes Received By Job
	60  -  Total Bytes Sent By Job
	293  -  Total Bytes Received By Job
	Partitionable Resources :    Usage  Request Allocated
	   Cpus                 :                 1          
	   Disk (KB)            :       15        1   2622686
	   Memory (MB)          :      136     2000      2000
...
