000 (1414760.000.000) 06/13 20:29:43 Job submitted from host: <188.185.71.142:9618?addrs=188.185.71.142-9618&noUDP&sock=4096_1802_3>
...
001 (1414760.000.000) 06/13 20:31:39 Job executing on host: <188.184.196.45:9618?addrs=188.184.196.45-9618+[2001-1458-301-102--100-2a]-9618&noUDP&sock=20268_bd9b_3>
...
006 (1414760.000.000) 06/13 20:31:48 Image size of job updated: 167800
	94  -  MemoryUsage of job (MB)
	95248  -  ResidentSetSize of job (KB)
...
006 (1414760.000.000) 06/13 20:36:49 Image size of job updated: 211488
	136  -  MemoryUsage of job (MB)
	138876  -  ResidentSetSize of job (KB)
...
005 (1414760.000.000) 06/13 20:38:02 Job terminated.
	(1) Normal termination (return value 0)
		Usr 0 00:02:52, Sys 0 00:02:36  -  Run Remote Usage
		Usr 0 00:00:00, Sys 0 00:00:00  -  Run Local Usage
		Usr 0 00:02:52, Sys 0 00:02:36  -  Total Remote Usage
		Usr 0 00:00:00, Sys 0 00:00:00  -  Total Local Usage
	60  -  Run Bytes Sent By Job
	293  -  Run Bytes Received By Job
	60  -  Total Bytes Sent By Job
	293  -  Total Bytes Received By Job
	Partitionable Resources :    Usage  Request Allocated
	   Cpus                 :                 1          
	   Disk (KB)            :       15        1   2982181
	   Memory (MB)          :      136     2000      2000
...
