000 (1414779.000.000) 06/13 20:31:08 Job submitted from host: <188.185.71.142:9618?addrs=188.185.71.142-9618&noUDP&sock=4096_1802_3>
...
001 (1414779.000.000) 06/13 20:34:33 Job executing on host: <188.184.139.9:9618?addrs=188.184.139.9-9618+[2001-1458-301-45--100-f7]-9618&noUDP&sock=5728_8292_3>
...
006 (1414779.000.000) 06/13 20:34:41 Image size of job updated: 211276
	136  -  MemoryUsage of job (MB)
	138728  -  ResidentSetSize of job (KB)
...
006 (1414779.000.000) 06/13 20:38:33 Image size of job updated: 211348
	136  -  MemoryUsage of job (MB)
	138728  -  ResidentSetSize of job (KB)
...
005 (1414779.000.000) 06/13 20:38:33 Job terminated.
	(1) Normal termination (return value 0)
		Usr 0 00:01:51, Sys 0 00:01:46  -  Run Remote Usage
		Usr 0 00:00:00, Sys 0 00:00:00  -  Run Local Usage
		Usr 0 00:01:51, Sys 0 00:01:46  -  Total Remote Usage
		Usr 0 00:00:00, Sys 0 00:00:00  -  Total Local Usage
	60  -  Run Bytes Sent By Job
	293  -  Run Bytes Received By Job
	60  -  Total Bytes Sent By Job
	293  -  Total Bytes Received By Job
	Partitionable Resources :    Usage  Request Allocated
	   Cpus                 :                 1          
	   Disk (KB)            :       15        1   3263587
	   Memory (MB)          :      136     2000      2000
...
