000 (1414785.000.000) 06/13 20:31:26 Job submitted from host: <188.185.71.142:9618?addrs=188.185.71.142-9618&noUDP&sock=4096_1802_3>
...
001 (1414785.000.000) 06/13 20:33:29 Job executing on host: <188.184.190.121:9618?addrs=188.184.190.121-9618+[--1]-9618&noUDP&sock=5683_a4cf_3>
...
006 (1414785.000.000) 06/13 20:33:37 Image size of job updated: 211956
	137  -  MemoryUsage of job (MB)
	139396  -  ResidentSetSize of job (KB)
...
006 (1414785.000.000) 06/13 20:58:14 Image size of job updated: 212284
	137  -  MemoryUsage of job (MB)
	139396  -  ResidentSetSize of job (KB)
...
005 (1414785.000.000) 06/13 21:00:17 Job terminated.
	(1) Normal termination (return value 0)
		Usr 0 00:11:27, Sys 0 00:10:33  -  Run Remote Usage
		Usr 0 00:00:00, Sys 0 00:00:00  -  Run Local Usage
		Usr 0 00:11:27, Sys 0 00:10:33  -  Total Remote Usage
		Usr 0 00:00:00, Sys 0 00:00:00  -  Total Local Usage
	60  -  Run Bytes Sent By Job
	293  -  Run Bytes Received By Job
	60  -  Total Bytes Sent By Job
	293  -  Total Bytes Received By Job
	Partitionable Resources :    Usage  Request Allocated
	   Cpus                 :                 1          
	   Disk (KB)            :       15        1   3066517
	   Memory (MB)          :      137     2000      2000
...
