DEBUG 2019-05-13 19:15:01,024: 	 Executing command: 'submit'
DEBUG 2019-05-13 19:15:01,024: 	 Found CRAB cache file /afs/cern.ch/user/s/schhibra/.crab3
DEBUG 2019-05-13 19:15:01,032: 	 Checking credentials
DEBUG 2019-05-13 19:15:01,032: 	 Found proxy file /tmp/x509up_u59012
DEBUG 2019-05-13 19:15:01,032: 	 Getting proxy life time left
DEBUG 2019-05-13 19:15:01,842: 	 Executing : 
 command : voms-proxy-info -file /tmp/x509up_u59012 -timeleft
 output : 604044

 error: 
 retcode : 0
DEBUG 2019-05-13 19:15:02,651: 	 Executing : 
 command : voms-proxy-info -file /tmp/x509up_u59012 -actimeleft
 output : 604043

 error: 
 retcode : 0
DEBUG 2019-05-13 19:15:02,651: 	 Proxy lifetime 604044 secs is different from voms extension lifetime 604043 secs for proxy: /tmp/x509up_u59012
DEBUG 2019-05-13 19:15:02,651: 	 Proxy valid for 167:47:23 hours
INFO 2019-05-13 19:15:02,655: 	 Will use CRAB configuration file crabConfig.py
DEBUG 2019-05-13 19:15:02,655: 	 Loading CRAB configuration file.
DEBUG 2019-05-13 19:15:02,689: 	 Will use CRAB Analysis plugin (i.e. will run an analysis job type).
DEBUG 2019-05-13 19:15:02,813: 	 Executing : 
 command : openssl x509 -in ~/.globus/usercert.pem -subject -noout
 output : subject= /DC=ch/DC=cern/OU=Organic Units/OU=Users/CN=schhibra/CN=715612/CN=Simranjit Singh Chhibra

 error: 
 retcode : 0
DEBUG 2019-05-13 19:15:02,814: 	 Checking credentials
DEBUG 2019-05-13 19:15:02,815: 	 Found proxy file /tmp/x509up_u59012
DEBUG 2019-05-13 19:15:02,815: 	 Getting proxy life time left
DEBUG 2019-05-13 19:15:03,629: 	 Executing : 
 command : voms-proxy-info -file /tmp/x509up_u59012 -timeleft
 output : 604042

 error: 
 retcode : 0
DEBUG 2019-05-13 19:15:04,443: 	 Executing : 
 command : voms-proxy-info -file /tmp/x509up_u59012 -actimeleft
 output : 604041

 error: 
 retcode : 0
DEBUG 2019-05-13 19:15:04,443: 	 Proxy lifetime 604042 secs is different from voms extension lifetime 604041 secs for proxy: /tmp/x509up_u59012
DEBUG 2019-05-13 19:15:04,444: 	 Proxy valid for 167:47:21 hours
DEBUG 2019-05-13 19:15:05,254: 	 Executing : 
 command : env X509_USER_PROXY=/tmp/x509up_u59012 voms-proxy-info -fqan
 output : /cms/Role=NULL/Capability=NULL

 error: 
 retcode : 0
DEBUG 2019-05-13 19:15:05,415: 	 Registering user credentials for server /DC=ch/DC=cern/OU=computers/CN=vocms(052|058|030|0118|0105|0109).cern.ch|/DC=ch/DC=cern/OU=computers/CN=crab-(preprod|prod)-tw(02|01).cern.ch
DEBUG 2019-05-13 19:15:05,526: 	 Executing : 
 command : openssl x509 -in ~/.globus/usercert.pem -subject -noout
 output : subject= /DC=ch/DC=cern/OU=Organic Units/OU=Users/CN=schhibra/CN=715612/CN=Simranjit Singh Chhibra

 error: 
 retcode : 0
DEBUG 2019-05-13 19:15:05,527: 	 Getting myproxy life time left for myproxy.cern.ch
DEBUG 2019-05-13 19:15:05,527: 	 Calculating hash of /DC=ch/DC=cern/OU=Organic Units/OU=Users/CN=schhibra/CN=715612/CN=Simranjit Singh Chhibra_cmsweb.cern.ch for credential name
DEBUG 2019-05-13 19:15:05,833: 	 Executing : 
 command : myproxy-info -l 3841cd59f3d3480019d577f9a3ad69704f35aad0 -s myproxy.cern.ch
 output : username: 3841cd59f3d3480019d577f9a3ad69704f35aad0
owner: /DC=ch/DC=cern/OU=Organic Units/OU=Users/CN=schhibra/CN=715612/CN=Simranjit Singh Chhibra
  renewal policy: /DC=ch/DC=cern/OU=computers/CN=vocms(052|058|030|0118|0105|0109).cern.ch|/DC=ch/DC=cern/OU=computers/CN=crab-(preprod|prod)-tw(02|01).cern.ch
  trusted retrieval policy: /DC=ch/DC=cern/OU=computers/CN=vocms(052|058|030|0118|0105|0109).cern.ch|/DC=ch/DC=cern/OU=computers/CN=crab-(preprod|prod)-tw(02|01).cern.ch
  timeleft: 431:09:18  (18.0 days)

 error: 
 retcode : 0
DEBUG 2019-05-13 19:15:05,834: 	 Myproxy is valid: 1552158
DEBUG 2019-05-13 19:15:05,834: 	 Command use: submit
DEBUG 2019-05-13 19:15:05,834: 	 Options use: []
DEBUG 2019-05-13 19:15:06,026: 	 CRABClient version: 3.3.1904
DEBUG 2019-05-13 19:15:06,026: 	 Instance is prod
DEBUG 2019-05-13 19:15:06,026: 	 Server base url is cmsweb.cern.ch
DEBUG 2019-05-13 19:15:06,026: 	 Command url /crabserver/prod/workflow
DEBUG 2019-05-13 19:15:06,027: 	 Started submission
DEBUG 2019-05-13 19:15:06,027: 	 Working on /afs/cern.ch/work/s/schhibra/DarkPhotonSearch_v2/CMSSW_9_4_14/src/ScoutingAnalysis/TreeMaker/crab/ZdScoutingM25_L1_12_5_L1_15_7_Official_AccXEff/crab_20190513_191502
DEBUG 2019-05-13 19:15:06,141: 	 Loading required information from the environment
DEBUG 2019-05-13 19:15:06,141: 	 Found CMSSW_9_4_14 for slc6_amd64_gcc630 with base /afs/cern.ch/work/s/schhibra/DarkPhotonSearch_v2/CMSSW_9_4_14
DEBUG 2019-05-13 19:15:06,141: 	 Loading required information from the environment
DEBUG 2019-05-13 19:15:06,141: 	 Found CMSSW_9_4_14 for slc6_amd64_gcc630 with base /afs/cern.ch/work/s/schhibra/DarkPhotonSearch_v2/CMSSW_9_4_14
DEBUG 2019-05-13 19:15:06,160: 	 UNIQUE NAME: tarUUID 4f3f06c8-43aa-4401-aa25-c1cc20d4d0eb 
DEBUG 2019-05-13 19:15:06,161: 	 self.config: from WMCore.Configuration import Configuration
config = Configuration()
config.section_('General')
config.section_('JobType')
config.JobType.psetName = '../../test/tree_scout_cfg.py'
config.JobType.pluginName = 'Analysis'
config.JobType.inputFiles = ['../Rochester.tar.gz']
config.JobType.pyCfgParams = ['isMC=True', 'useLHEWeights=True', 'GlobalTag=94X_mc2017_realistic_v11', 'roccorData=Rochester/RoccoR2017.txt']
config.JobType.scriptExe = '../exec.sh'
config.section_('Data')
config.Data.inputDataset = '/DarkPhotonToMuMu_M25_madgraph_pythia8_TuneCP5/RunIIFall17DRPremix-PU2017_94X_mc2017_realistic_v11-v1/AODSIM'
config.Data.unitsPerJob = 10000
config.Data.publication = False
config.Data.splitting = 'EventAwareLumiBased'
config.Data.outLFNDirBase = '/store/group/phys_exotica/darkPhoton/schhibra/ScoutingNTuples2017'
config.section_('Site')
config.Site.storageSite = 'T2_CH_CERN'
config.section_('User')
config.section_('Debug')

DEBUG 2019-05-13 19:15:06,161: 	 self.config.JobType.psetName: ../../test/tree_scout_cfg.py
INFO 2019-05-13 19:15:06,161: 	 Importing CMSSW configuration ../../test/tree_scout_cfg.py
DEBUG 2019-05-13 19:15:06,162: 	 Additional parameters for the CMSSW configuration are: ['isMC=True', 'useLHEWeights=True', 'GlobalTag=94X_mc2017_realistic_v11', 'roccorData=Rochester/RoccoR2017.txt']
INFO 2019-05-13 19:15:07,765: 	 Finished importing CMSSW configuration ../../test/tree_scout_cfg.py
DEBUG 2019-05-13 19:15:07,766: 	 Writing CMSSW configuration to /afs/cern.ch/work/s/schhibra/DarkPhotonSearch_v2/CMSSW_9_4_14/src/ScoutingAnalysis/TreeMaker/crab/ZdScoutingM25_L1_12_5_L1_15_7_Official_AccXEff/crab_20190513_191502/inputs/PSet.py
DEBUG 2019-05-13 19:15:08,198: 	 The following EDM output files will be collected: []
DEBUG 2019-05-13 19:15:08,198: 	 The following TFile output files will be collected: ['tree_scout.root']
DEBUG 2019-05-13 19:15:08,198: 	 The following user output files will be collected: []
DEBUG 2019-05-13 19:15:08,198: 	 Loading required information from the environment
DEBUG 2019-05-13 19:15:08,198: 	 Found CMSSW_9_4_14 for slc6_amd64_gcc630 with base /afs/cern.ch/work/s/schhibra/DarkPhotonSearch_v2/CMSSW_9_4_14
DEBUG 2019-05-13 19:15:08,198: 	 Making tarball in /afs/cern.ch/work/s/schhibra/DarkPhotonSearch_v2/CMSSW_9_4_14/src/ScoutingAnalysis/TreeMaker/crab/ZdScoutingM25_L1_12_5_L1_15_7_Official_AccXEff/crab_20190513_191502/inputs/4f3f06c8-43aa-4401-aa25-c1cc20d4d0ebdefault.tgz
DEBUG 2019-05-13 19:15:08,203: 	 Checking directory /afs/cern.ch/work/s/schhibra/DarkPhotonSearch_v2/CMSSW_9_4_14/lib
DEBUG 2019-05-13 19:15:08,203: 	 Adding directory /afs/cern.ch/work/s/schhibra/DarkPhotonSearch_v2/CMSSW_9_4_14/lib to tarball
DEBUG 2019-05-13 19:15:08,212: 	 Checking directory /afs/cern.ch/work/s/schhibra/DarkPhotonSearch_v2/CMSSW_9_4_14/biglib
DEBUG 2019-05-13 19:15:08,212: 	 Adding directory /afs/cern.ch/work/s/schhibra/DarkPhotonSearch_v2/CMSSW_9_4_14/biglib to tarball
DEBUG 2019-05-13 19:15:08,213: 	 Checking directory /afs/cern.ch/work/s/schhibra/DarkPhotonSearch_v2/CMSSW_9_4_14/module
DEBUG 2019-05-13 19:15:08,214: 	 Adding data directory /afs/cern.ch/work/s/schhibra/DarkPhotonSearch_v2/CMSSW_9_4_14/src/ScoutingAnalysis/TreeMaker/data to tarball
DEBUG 2019-05-13 19:15:08,432: 	 Adding data directory /afs/cern.ch/work/s/schhibra/DarkPhotonSearch_v2/CMSSW_9_4_14/src/ScoutingAnalysis/TreeMaker/interface to tarball
DEBUG 2019-05-13 19:15:08,445: 	 Adding file ../Rochester.tar.gz to tarball
DEBUG 2019-05-13 19:15:08,804: 	 Uploading archive /afs/cern.ch/work/s/schhibra/DarkPhotonSearch_v2/CMSSW_9_4_14/src/ScoutingAnalysis/TreeMaker/crab/ZdScoutingM25_L1_12_5_L1_15_7_Official_AccXEff/crab_20190513_191502/inputs/4f3f06c8-43aa-4401-aa25-c1cc20d4d0ebdefault.tgz (1.384766.1 MB) to the CRAB cache. Using URI https://cmsweb.cern.ch/crabcache
DEBUG 2019-05-13 19:15:09,986: 	 Loading required information from the environment
DEBUG 2019-05-13 19:15:09,986: 	 Found CMSSW_9_4_14 for slc6_amd64_gcc630 with base /afs/cern.ch/work/s/schhibra/DarkPhotonSearch_v2/CMSSW_9_4_14
DEBUG 2019-05-13 19:15:09,986: 	 Making tarball in /afs/cern.ch/work/s/schhibra/DarkPhotonSearch_v2/CMSSW_9_4_14/src/ScoutingAnalysis/TreeMaker/crab/ZdScoutingM25_L1_12_5_L1_15_7_Official_AccXEff/crab_20190513_191502/inputs/debugFiles.tgz
DEBUG 2019-05-13 19:15:09,992: 	 Uploading archive /afs/cern.ch/work/s/schhibra/DarkPhotonSearch_v2/CMSSW_9_4_14/src/ScoutingAnalysis/TreeMaker/crab/ZdScoutingM25_L1_12_5_L1_15_7_Official_AccXEff/crab_20190513_191502/inputs/debugFiles.tgz (2 KB) to the CRAB cache. Using URI https://cmsweb.cern.ch/crabcache
DEBUG 2019-05-13 19:15:10,093: 	 Result uploading input files: c546ace1ca360e876c5df4cd4facdd8a3c1a2a64df44bf906ebc011f93f27e48.tar.gz 
INFO 2019-05-13 19:15:10,093: 	 Sending the request to the server
DEBUG 2019-05-13 19:15:10,093: 	 Submitting {'maxjobruntime': 1250, 'extrajdl': [], 'lfn': '/store/group/phys_exotica/darkPhoton/schhibra/ScoutingNTuples2017', 'savelogsflag': 0, 'useparent': 0, 'scriptexe': 'exec.sh', 'asyncdest': 'T2_CH_CERN', 'algoargs': 10000, 'cachefilename': 'c546ace1ca360e876c5df4cd4facdd8a3c1a2a64df44bf906ebc011f93f27e48.tar.gz', 'numcores': 1, 'addoutputfiles': [], 'generator': 'pythia', 'maxmemory': 2000, 'publishdbsurl': 'https://cmsweb.cern.ch/dbs/prod/phys03/DBSWriter', 'priority': 10, 'jobsw': 'CMSSW_9_4_14', 'edmoutfiles': [], 'userfiles': [], 'primarydataset': '', 'inputdata': '/DarkPhotonToMuMu_M25_madgraph_pythia8_TuneCP5/RunIIFall17DRPremix-PU2017_94X_mc2017_realistic_v11-v1/AODSIM', 'ignorelocality': 0, 'dryrun': 0, 'workflow': 'crab_20190513_191502', 'cacheurl': u'https://cmsweb.cern.ch/crabcache', 'nonprodsw': 0, 'tfileoutfiles': ['tree_scout.root'], 'oneEventMode': 0, 'debugfilename': 'b688ea1211a8a2a8f07f67c248f50592d15098a8dacfbe49ae0821461d6d4260.tar.gz', 'saveoutput': 1, 'publication': 0, 'jobarch': 'slc6_amd64_gcc630', 'totalunits': 0, 'splitalgo': 'EventAwareLumiBased', 'ignoreglobalblacklist': 0, 'nonvaliddata': 0, 'dbsurl': 'https://cmsweb.cern.ch/dbs/prod/global/DBSReader', 'publishgroupname': 0, 'jobtype': 'Analysis', 'publishname2': ''} 
DEBUG 2019-05-13 19:15:10,094: 	 Encoded submit request: maxjobruntime=1250&lfn=%2Fstore%2Fgroup%2Fphys_exotica%2FdarkPhoton%2Fschhibra%2FScoutingNTuples2017&savelogsflag=0&useparent=0&scriptexe=exec.sh&asyncdest=T2_CH_CERN&algoargs=10000&cachefilename=c546ace1ca360e876c5df4cd4facdd8a3c1a2a64df44bf906ebc011f93f27e48.tar.gz&numcores=1&generator=pythia&maxmemory=2000&publishdbsurl=https%3A%2F%2Fcmsweb.cern.ch%2Fdbs%2Fprod%2Fphys03%2FDBSWriter&priority=10&jobsw=CMSSW_9_4_14&primarydataset=&inputdata=%2FDarkPhotonToMuMu_M25_madgraph_pythia8_TuneCP5%2FRunIIFall17DRPremix-PU2017_94X_mc2017_realistic_v11-v1%2FAODSIM&ignorelocality=0&dryrun=0&workflow=crab_20190513_191502&cacheurl=https%3A%2F%2Fcmsweb.cern.ch%2Fcrabcache&nonprodsw=0&oneEventMode=0&debugfilename=b688ea1211a8a2a8f07f67c248f50592d15098a8dacfbe49ae0821461d6d4260.tar.gz&saveoutput=1&publication=0&jobarch=slc6_amd64_gcc630&totalunits=0&splitalgo=EventAwareLumiBased&ignoreglobalblacklist=0&nonvaliddata=0&dbsurl=https%3A%2F%2Fcmsweb.cern.ch%2Fdbs%2Fprod%2Fglobal%2FDBSReader&publishgroupname=0&jobtype=Analysis&publishname2=&tfileoutfiles=tree_scout.root
DEBUG 2019-05-13 19:15:10,346: 	 Result: {u'result': [{u'RequestName': u'190513_171510:schhibra_crab_20190513_191502'}]}
INFO 2019-05-13 19:15:10,351: 	 Success: Your task has been delivered to the CRAB3 server.
INFO 2019-05-13 19:15:10,352: 	 Task name: 190513_171510:schhibra_crab_20190513_191502
INFO 2019-05-13 19:15:10,352: 	 Project dir: ./crab_20190513_191502
INFO 2019-05-13 19:15:10,352: 	 Please use 'crab status -d ./crab_20190513_191502' to check how the submission process proceeds.
DEBUG 2019-05-13 19:15:10,352: 	 About to return
INFO 2019-05-13 19:15:10,355: 	 Log file is /afs/cern.ch/work/s/schhibra/DarkPhotonSearch_v2/CMSSW_9_4_14/src/ScoutingAnalysis/TreeMaker/crab/ZdScoutingM25_L1_12_5_L1_15_7_Official_AccXEff/crab_20190513_191502/crab.log
DEBUG 2019-05-13 19:33:37,810: 	 Executing command: 'kill'
DEBUG 2019-05-13 19:33:37,810: 	 Found CRAB cache file /afs/cern.ch/user/s/schhibra/.crab3
DEBUG 2019-05-13 19:33:37,818: 	 Checking credentials
DEBUG 2019-05-13 19:33:37,818: 	 Found proxy file /tmp/x509up_u59012
DEBUG 2019-05-13 19:33:37,818: 	 Getting proxy life time left
DEBUG 2019-05-13 19:33:38,624: 	 Executing : 
 command : voms-proxy-info -file /tmp/x509up_u59012 -timeleft
 output : 602927

 error: 
 retcode : 0
DEBUG 2019-05-13 19:33:39,335: 	 Executing : 
 command : voms-proxy-info -file /tmp/x509up_u59012 -actimeleft
 output : 602926

 error: 
 retcode : 0
DEBUG 2019-05-13 19:33:39,336: 	 Proxy lifetime 602927 secs is different from voms extension lifetime 602926 secs for proxy: /tmp/x509up_u59012
DEBUG 2019-05-13 19:33:39,336: 	 Proxy valid for 167:28:46 hours
DEBUG 2019-05-13 19:33:39,452: 	 Executing : 
 command : openssl x509 -in ~/.globus/usercert.pem -subject -noout
 output : subject= /DC=ch/DC=cern/OU=Organic Units/OU=Users/CN=schhibra/CN=715612/CN=Simranjit Singh Chhibra

 error: 
 retcode : 0
DEBUG 2019-05-13 19:33:39,452: 	 Checking credentials
DEBUG 2019-05-13 19:33:39,452: 	 Found proxy file /tmp/x509up_u59012
DEBUG 2019-05-13 19:33:39,452: 	 Getting proxy life time left
DEBUG 2019-05-13 19:33:40,260: 	 Executing : 
 command : voms-proxy-info -file /tmp/x509up_u59012 -timeleft
 output : 602925

 error: 
 retcode : 0
DEBUG 2019-05-13 19:33:41,068: 	 Executing : 
 command : voms-proxy-info -file /tmp/x509up_u59012 -actimeleft
 output : 602925

 error: 
 retcode : 0
DEBUG 2019-05-13 19:33:41,068: 	 Proxy valid for 167:28:45 hours
DEBUG 2019-05-13 19:33:41,289: 	 Registering user credentials for server /DC=ch/DC=cern/OU=computers/CN=vocms(052|058|030|0118|0105|0109).cern.ch|/DC=ch/DC=cern/OU=computers/CN=crab-(preprod|prod)-tw(02|01).cern.ch
DEBUG 2019-05-13 19:33:41,400: 	 Executing : 
 command : openssl x509 -in ~/.globus/usercert.pem -subject -noout
 output : subject= /DC=ch/DC=cern/OU=Organic Units/OU=Users/CN=schhibra/CN=715612/CN=Simranjit Singh Chhibra

 error: 
 retcode : 0
DEBUG 2019-05-13 19:33:41,401: 	 Getting myproxy life time left for myproxy.cern.ch
DEBUG 2019-05-13 19:33:41,401: 	 Calculating hash of /DC=ch/DC=cern/OU=Organic Units/OU=Users/CN=schhibra/CN=715612/CN=Simranjit Singh Chhibra_cmsweb.cern.ch for credential name
DEBUG 2019-05-13 19:33:41,805: 	 Executing : 
 command : myproxy-info -l 3841cd59f3d3480019d577f9a3ad69704f35aad0 -s myproxy.cern.ch
 output : username: 3841cd59f3d3480019d577f9a3ad69704f35aad0
owner: /DC=ch/DC=cern/OU=Organic Units/OU=Users/CN=schhibra/CN=715612/CN=Simranjit Singh Chhibra
  renewal policy: /DC=ch/DC=cern/OU=computers/CN=vocms(052|058|030|0118|0105|0109).cern.ch|/DC=ch/DC=cern/OU=computers/CN=crab-(preprod|prod)-tw(02|01).cern.ch
  trusted retrieval policy: /DC=ch/DC=cern/OU=computers/CN=vocms(052|058|030|0118|0105|0109).cern.ch|/DC=ch/DC=cern/OU=computers/CN=crab-(preprod|prod)-tw(02|01).cern.ch
  timeleft: 430:50:42  (18.0 days)

 error: 
 retcode : 0
DEBUG 2019-05-13 19:33:41,807: 	 Myproxy is valid: 1551042
DEBUG 2019-05-13 19:33:41,809: 	 Command use: kill
DEBUG 2019-05-13 19:33:41,809: 	 Options use: ['crab_20190513_191502']
DEBUG 2019-05-13 19:33:41,971: 	 CRABClient version: 3.3.1904
DEBUG 2019-05-13 19:33:41,971: 	 Instance is prod
DEBUG 2019-05-13 19:33:41,971: 	 Server base url is cmsweb.cern.ch
DEBUG 2019-05-13 19:33:41,971: 	 Command url /crabserver/prod/workflow
DEBUG 2019-05-13 19:33:41,971: 	 Killing task 190513_171510:schhibra_crab_20190513_191502
DEBUG 2019-05-13 19:33:42,118: 	 Result: {u'result': [{u'result': u'ok'}], u'desc': {u'columns': [u'tm_taskname', u'panda_jobset_id', u'tm_task_status', u'tm_task_command', u'tm_user_role', u'tm_user_group', u'tm_task_failure', u'tm_split_algo', u'tm_split_args', u'panda_resubmitted_jobs', u'tm_save_logs', u'tm_username', u'tm_user_dn', u'tm_arguments', u'tm_input_dataset', u'tm_dbs_url', u'tm_task_warnings', u'tm_publication', u'tm_user_webdir', u'tm_asourl', u'tm_asodb', u'tm_output_dataset', u'tm_collector', u'tm_schedd', u'tm_dry_run', u'clusterid', u'tm_start_time', u'tw_name']}}
INFO 2019-05-13 19:33:42,118: 	 Kill request successfully sent
INFO 2019-05-13 19:33:42,121: 	 Log file is /afs/cern.ch/work/s/schhibra/DarkPhotonSearch_v2/CMSSW_9_4_14/src/ScoutingAnalysis/TreeMaker/crab/ZdScoutingM25_L1_12_5_L1_15_7_Official_AccXEff/crab_20190513_191502/crab.log
