DEBUG 2019-05-08 22:59:05,255: 	 Executing command: 'submit'
DEBUG 2019-05-08 22:59:05,256: 	 Found CRAB cache file /afs/cern.ch/user/s/schhibra/.crab3
DEBUG 2019-05-08 22:59:05,268: 	 Checking credentials
DEBUG 2019-05-08 22:59:05,269: 	 Found proxy file /tmp/x509up_u59012
DEBUG 2019-05-08 22:59:05,269: 	 Getting proxy life time left
DEBUG 2019-05-08 22:59:06,780: 	 Executing : 
 command : voms-proxy-info -file /tmp/x509up_u59012 -timeleft
 output : 597496

 error: 
 retcode : 0
DEBUG 2019-05-08 22:59:07,798: 	 Executing : 
 command : voms-proxy-info -file /tmp/x509up_u59012 -actimeleft
 output : 597495

 error: 
 retcode : 0
DEBUG 2019-05-08 22:59:07,799: 	 Proxy lifetime 597496 secs is different from voms extension lifetime 597495 secs for proxy: /tmp/x509up_u59012
DEBUG 2019-05-08 22:59:07,799: 	 Proxy valid for 165:58:15 hours
INFO 2019-05-08 22:59:07,799: 	 Will use CRAB configuration file crabConfig.py
DEBUG 2019-05-08 22:59:07,799: 	 Loading CRAB configuration file.
DEBUG 2019-05-08 22:59:07,805: 	 Will use CRAB Analysis plugin (i.e. will run an analysis job type).
DEBUG 2019-05-08 22:59:07,938: 	 Executing : 
 command : openssl x509 -in ~/.globus/usercert.pem -subject -noout
 output : subject= /DC=ch/DC=cern/OU=Organic Units/OU=Users/CN=schhibra/CN=715612/CN=Simranjit Singh Chhibra

 error: 
 retcode : 0
DEBUG 2019-05-08 22:59:07,939: 	 Checking credentials
DEBUG 2019-05-08 22:59:07,939: 	 Found proxy file /tmp/x509up_u59012
DEBUG 2019-05-08 22:59:07,939: 	 Getting proxy life time left
DEBUG 2019-05-08 22:59:08,848: 	 Executing : 
 command : voms-proxy-info -file /tmp/x509up_u59012 -timeleft
 output : 597494

 error: 
 retcode : 0
DEBUG 2019-05-08 22:59:09,858: 	 Executing : 
 command : voms-proxy-info -file /tmp/x509up_u59012 -actimeleft
 output : 597493

 error: 
 retcode : 0
DEBUG 2019-05-08 22:59:09,859: 	 Proxy lifetime 597494 secs is different from voms extension lifetime 597493 secs for proxy: /tmp/x509up_u59012
DEBUG 2019-05-08 22:59:09,859: 	 Proxy valid for 165:58:13 hours
DEBUG 2019-05-08 22:59:10,767: 	 Executing : 
 command : env X509_USER_PROXY=/tmp/x509up_u59012 voms-proxy-info -fqan
 output : /cms/Role=NULL/Capability=NULL

 error: 
 retcode : 0
DEBUG 2019-05-08 22:59:10,952: 	 Registering user credentials for server /DC=ch/DC=cern/OU=computers/CN=vocms(052|058|030|0118|0105|0109).cern.ch|/DC=ch/DC=cern/OU=computers/CN=crab-(preprod|prod)-tw(02|01).cern.ch
DEBUG 2019-05-08 22:59:11,069: 	 Executing : 
 command : openssl x509 -in ~/.globus/usercert.pem -subject -noout
 output : subject= /DC=ch/DC=cern/OU=Organic Units/OU=Users/CN=schhibra/CN=715612/CN=Simranjit Singh Chhibra

 error: 
 retcode : 0
DEBUG 2019-05-08 22:59:11,070: 	 Getting myproxy life time left for myproxy.cern.ch
DEBUG 2019-05-08 22:59:11,070: 	 Calculating hash of /DC=ch/DC=cern/OU=Organic Units/OU=Users/CN=schhibra/CN=715612/CN=Simranjit Singh Chhibra_cmsweb.cern.ch for credential name
DEBUG 2019-05-08 22:59:11,277: 	 Executing : 
 command : myproxy-info -l 3841cd59f3d3480019d577f9a3ad69704f35aad0 -s myproxy.cern.ch
 output : username: 3841cd59f3d3480019d577f9a3ad69704f35aad0
owner: /DC=ch/DC=cern/OU=Organic Units/OU=Users/CN=schhibra/CN=715612/CN=Simranjit Singh Chhibra
  renewal policy: /DC=ch/DC=cern/OU=computers/CN=vocms(052|058|030|0118|0105|0109).cern.ch|/DC=ch/DC=cern/OU=computers/CN=crab-(preprod|prod)-tw(02|01).cern.ch
  trusted retrieval policy: /DC=ch/DC=cern/OU=computers/CN=vocms(052|058|030|0118|0105|0109).cern.ch|/DC=ch/DC=cern/OU=computers/CN=crab-(preprod|prod)-tw(02|01).cern.ch
  timeleft: 547:25:12  (22.8 days)

 error: 
 retcode : 0
DEBUG 2019-05-08 22:59:11,278: 	 Myproxy is valid: 1970712
DEBUG 2019-05-08 22:59:11,278: 	 Command use: submit
DEBUG 2019-05-08 22:59:11,279: 	 Options use: ['crabConfig.py']
DEBUG 2019-05-08 22:59:11,590: 	 CRABClient version: 3.3.1904
DEBUG 2019-05-08 22:59:11,590: 	 Instance is prod
DEBUG 2019-05-08 22:59:11,590: 	 Server base url is cmsweb.cern.ch
DEBUG 2019-05-08 22:59:11,590: 	 Command url /crabserver/prod/workflow
DEBUG 2019-05-08 22:59:11,590: 	 Started submission
DEBUG 2019-05-08 22:59:11,590: 	 Working on /afs/cern.ch/work/s/schhibra/DarkPhotonSearch_v2/CMSSW_9_4_14/src/ScoutingAnalysis/TreeMaker/crab/ZdScoutingM10_L1_12_5_L1_15_7_Official_AccXEff/crab_20190508_225907
DEBUG 2019-05-08 22:59:11,756: 	 Loading required information from the environment
DEBUG 2019-05-08 22:59:11,756: 	 Found CMSSW_9_4_14 for slc6_amd64_gcc630 with base /afs/cern.ch/work/s/schhibra/DarkPhotonSearch_v2/CMSSW_9_4_14
DEBUG 2019-05-08 22:59:11,756: 	 Loading required information from the environment
DEBUG 2019-05-08 22:59:11,756: 	 Found CMSSW_9_4_14 for slc6_amd64_gcc630 with base /afs/cern.ch/work/s/schhibra/DarkPhotonSearch_v2/CMSSW_9_4_14
DEBUG 2019-05-08 22:59:11,782: 	 UNIQUE NAME: tarUUID 66a484b0-3fc9-4826-8d72-33b4a8d43bc3 
DEBUG 2019-05-08 22:59:11,783: 	 self.config: from WMCore.Configuration import Configuration
config = Configuration()
config.section_('General')
config.section_('JobType')
config.JobType.psetName = '../../test/tree_scout_cfg.py'
config.JobType.pluginName = 'Analysis'
config.JobType.inputFiles = ['../Rochester.tar.gz']
config.JobType.pyCfgParams = ['isMC=True', 'useLHEWeights=True', 'GlobalTag=94X_mc2017_realistic_v11', 'roccorData=Rochester/RoccoR2017.txt']
config.JobType.scriptExe = '../exec.sh'
config.section_('Data')
config.Data.inputDataset = '/DarkPhotonToMuMu_M10_madgraph_pythia8_TuneCP5/RunIIFall17DRPremix-PU2017_94X_mc2017_realistic_v11-v1/AODSIM'
config.Data.unitsPerJob = 10000
config.Data.publication = False
config.Data.splitting = 'EventAwareLumiBased'
config.Data.outLFNDirBase = '/store/group/phys_exotica/darkPhoton/schhibra/ScoutingNTuples2017'
config.section_('Site')
config.Site.storageSite = 'T2_CH_CERN'
config.section_('User')
config.section_('Debug')

DEBUG 2019-05-08 22:59:11,783: 	 self.config.JobType.psetName: ../../test/tree_scout_cfg.py
INFO 2019-05-08 22:59:11,784: 	 Importing CMSSW configuration ../../test/tree_scout_cfg.py
DEBUG 2019-05-08 22:59:11,784: 	 Additional parameters for the CMSSW configuration are: ['isMC=True', 'useLHEWeights=True', 'GlobalTag=94X_mc2017_realistic_v11', 'roccorData=Rochester/RoccoR2017.txt']
INFO 2019-05-08 22:59:13,771: 	 Finished importing CMSSW configuration ../../test/tree_scout_cfg.py
DEBUG 2019-05-08 22:59:13,771: 	 Writing CMSSW configuration to /afs/cern.ch/work/s/schhibra/DarkPhotonSearch_v2/CMSSW_9_4_14/src/ScoutingAnalysis/TreeMaker/crab/ZdScoutingM10_L1_12_5_L1_15_7_Official_AccXEff/crab_20190508_225907/inputs/PSet.py
DEBUG 2019-05-08 22:59:14,215: 	 The following EDM output files will be collected: []
DEBUG 2019-05-08 22:59:14,215: 	 The following TFile output files will be collected: ['tree_scout.root']
DEBUG 2019-05-08 22:59:14,215: 	 The following user output files will be collected: []
DEBUG 2019-05-08 22:59:14,215: 	 Loading required information from the environment
DEBUG 2019-05-08 22:59:14,216: 	 Found CMSSW_9_4_14 for slc6_amd64_gcc630 with base /afs/cern.ch/work/s/schhibra/DarkPhotonSearch_v2/CMSSW_9_4_14
DEBUG 2019-05-08 22:59:14,216: 	 Making tarball in /afs/cern.ch/work/s/schhibra/DarkPhotonSearch_v2/CMSSW_9_4_14/src/ScoutingAnalysis/TreeMaker/crab/ZdScoutingM10_L1_12_5_L1_15_7_Official_AccXEff/crab_20190508_225907/inputs/66a484b0-3fc9-4826-8d72-33b4a8d43bc3default.tgz
DEBUG 2019-05-08 22:59:14,222: 	 Checking directory /afs/cern.ch/work/s/schhibra/DarkPhotonSearch_v2/CMSSW_9_4_14/lib
DEBUG 2019-05-08 22:59:14,222: 	 Adding directory /afs/cern.ch/work/s/schhibra/DarkPhotonSearch_v2/CMSSW_9_4_14/lib to tarball
DEBUG 2019-05-08 22:59:14,234: 	 Checking directory /afs/cern.ch/work/s/schhibra/DarkPhotonSearch_v2/CMSSW_9_4_14/biglib
DEBUG 2019-05-08 22:59:14,234: 	 Adding directory /afs/cern.ch/work/s/schhibra/DarkPhotonSearch_v2/CMSSW_9_4_14/biglib to tarball
DEBUG 2019-05-08 22:59:14,235: 	 Checking directory /afs/cern.ch/work/s/schhibra/DarkPhotonSearch_v2/CMSSW_9_4_14/module
DEBUG 2019-05-08 22:59:14,237: 	 Adding data directory /afs/cern.ch/work/s/schhibra/DarkPhotonSearch_v2/CMSSW_9_4_14/src/ScoutingAnalysis/TreeMaker/data to tarball
DEBUG 2019-05-08 22:59:14,476: 	 Adding data directory /afs/cern.ch/work/s/schhibra/DarkPhotonSearch_v2/CMSSW_9_4_14/src/ScoutingAnalysis/TreeMaker/interface to tarball
DEBUG 2019-05-08 22:59:14,496: 	 Adding file ../Rochester.tar.gz to tarball
DEBUG 2019-05-08 22:59:14,887: 	 Uploading archive /afs/cern.ch/work/s/schhibra/DarkPhotonSearch_v2/CMSSW_9_4_14/src/ScoutingAnalysis/TreeMaker/crab/ZdScoutingM10_L1_12_5_L1_15_7_Official_AccXEff/crab_20190508_225907/inputs/66a484b0-3fc9-4826-8d72-33b4a8d43bc3default.tgz (1.385742.1 MB) to the CRAB cache. Using URI https://cmsweb.cern.ch/crabcache
DEBUG 2019-05-08 22:59:16,095: 	 Loading required information from the environment
DEBUG 2019-05-08 22:59:16,096: 	 Found CMSSW_9_4_14 for slc6_amd64_gcc630 with base /afs/cern.ch/work/s/schhibra/DarkPhotonSearch_v2/CMSSW_9_4_14
DEBUG 2019-05-08 22:59:16,096: 	 Making tarball in /afs/cern.ch/work/s/schhibra/DarkPhotonSearch_v2/CMSSW_9_4_14/src/ScoutingAnalysis/TreeMaker/crab/ZdScoutingM10_L1_12_5_L1_15_7_Official_AccXEff/crab_20190508_225907/inputs/debugFiles.tgz
DEBUG 2019-05-08 22:59:16,109: 	 Uploading archive /afs/cern.ch/work/s/schhibra/DarkPhotonSearch_v2/CMSSW_9_4_14/src/ScoutingAnalysis/TreeMaker/crab/ZdScoutingM10_L1_12_5_L1_15_7_Official_AccXEff/crab_20190508_225907/inputs/debugFiles.tgz (2 KB) to the CRAB cache. Using URI https://cmsweb.cern.ch/crabcache
DEBUG 2019-05-08 22:59:16,212: 	 Result uploading input files: 202ff77a57cd694dca7493871a5db3be4cad6fd6c3a711e91d5ea562ffe1ebed.tar.gz 
INFO 2019-05-08 22:59:16,212: 	 Sending the request to the server
DEBUG 2019-05-08 22:59:16,213: 	 Submitting {'maxjobruntime': 1250, 'extrajdl': [], 'lfn': '/store/group/phys_exotica/darkPhoton/schhibra/ScoutingNTuples2017', 'savelogsflag': 0, 'useparent': 0, 'scriptexe': 'exec.sh', 'asyncdest': 'T2_CH_CERN', 'algoargs': 10000, 'cachefilename': '202ff77a57cd694dca7493871a5db3be4cad6fd6c3a711e91d5ea562ffe1ebed.tar.gz', 'numcores': 1, 'addoutputfiles': [], 'generator': 'pythia', 'maxmemory': 2000, 'publishdbsurl': 'https://cmsweb.cern.ch/dbs/prod/phys03/DBSWriter', 'priority': 10, 'jobsw': 'CMSSW_9_4_14', 'edmoutfiles': [], 'userfiles': [], 'primarydataset': '', 'inputdata': '/DarkPhotonToMuMu_M10_madgraph_pythia8_TuneCP5/RunIIFall17DRPremix-PU2017_94X_mc2017_realistic_v11-v1/AODSIM', 'ignorelocality': 0, 'dryrun': 0, 'workflow': 'crab_20190508_225907', 'cacheurl': u'https://cmsweb.cern.ch/crabcache', 'nonprodsw': 0, 'tfileoutfiles': ['tree_scout.root'], 'oneEventMode': 0, 'debugfilename': '6507476aca92196af886990aa4234a1015e06bb238a65530d54de3d312e1b1ec.tar.gz', 'saveoutput': 1, 'publication': 0, 'jobarch': 'slc6_amd64_gcc630', 'totalunits': 0, 'splitalgo': 'EventAwareLumiBased', 'ignoreglobalblacklist': 0, 'nonvaliddata': 0, 'dbsurl': 'https://cmsweb.cern.ch/dbs/prod/global/DBSReader', 'publishgroupname': 0, 'jobtype': 'Analysis', 'publishname2': ''} 
DEBUG 2019-05-08 22:59:16,213: 	 Encoded submit request: maxjobruntime=1250&lfn=%2Fstore%2Fgroup%2Fphys_exotica%2FdarkPhoton%2Fschhibra%2FScoutingNTuples2017&savelogsflag=0&useparent=0&scriptexe=exec.sh&asyncdest=T2_CH_CERN&algoargs=10000&cachefilename=202ff77a57cd694dca7493871a5db3be4cad6fd6c3a711e91d5ea562ffe1ebed.tar.gz&numcores=1&generator=pythia&maxmemory=2000&publishdbsurl=https%3A%2F%2Fcmsweb.cern.ch%2Fdbs%2Fprod%2Fphys03%2FDBSWriter&priority=10&jobsw=CMSSW_9_4_14&primarydataset=&inputdata=%2FDarkPhotonToMuMu_M10_madgraph_pythia8_TuneCP5%2FRunIIFall17DRPremix-PU2017_94X_mc2017_realistic_v11-v1%2FAODSIM&ignorelocality=0&dryrun=0&workflow=crab_20190508_225907&cacheurl=https%3A%2F%2Fcmsweb.cern.ch%2Fcrabcache&nonprodsw=0&oneEventMode=0&debugfilename=6507476aca92196af886990aa4234a1015e06bb238a65530d54de3d312e1b1ec.tar.gz&saveoutput=1&publication=0&jobarch=slc6_amd64_gcc630&totalunits=0&splitalgo=EventAwareLumiBased&ignoreglobalblacklist=0&nonvaliddata=0&dbsurl=https%3A%2F%2Fcmsweb.cern.ch%2Fdbs%2Fprod%2Fglobal%2FDBSReader&publishgroupname=0&jobtype=Analysis&publishname2=&tfileoutfiles=tree_scout.root
DEBUG 2019-05-08 22:59:16,426: 	 Result: {u'result': [{u'RequestName': u'190508_205916:schhibra_crab_20190508_225907'}]}
INFO 2019-05-08 22:59:16,429: 	 Success: Your task has been delivered to the CRAB3 server.
INFO 2019-05-08 22:59:16,429: 	 Task name: 190508_205916:schhibra_crab_20190508_225907
INFO 2019-05-08 22:59:16,429: 	 Project dir: ./crab_20190508_225907
INFO 2019-05-08 22:59:16,429: 	 Please use 'crab status -d ./crab_20190508_225907' to check how the submission process proceeds.
DEBUG 2019-05-08 22:59:16,429: 	 About to return
INFO 2019-05-08 22:59:16,433: 	 Log file is /afs/cern.ch/work/s/schhibra/DarkPhotonSearch_v2/CMSSW_9_4_14/src/ScoutingAnalysis/TreeMaker/crab/ZdScoutingM10_L1_12_5_L1_15_7_Official_AccXEff/crab_20190508_225907/crab.log
DEBUG 2019-05-09 13:47:08,706: 	 Executing command: 'status'
DEBUG 2019-05-09 13:47:08,706: 	 Found CRAB cache file /afs/cern.ch/user/s/schhibra/.crab3
DEBUG 2019-05-09 13:47:08,765: 	 Checking credentials
DEBUG 2019-05-09 13:47:08,769: 	 Found proxy file /tmp/x509up_u59012
DEBUG 2019-05-09 13:47:08,769: 	 Getting proxy life time left
DEBUG 2019-05-09 13:47:09,879: 	 Executing : 
 command : voms-proxy-info -file /tmp/x509up_u59012 -timeleft
 output : 85241

 error: 
 retcode : 0
DEBUG 2019-05-09 13:47:10,789: 	 Executing : 
 command : voms-proxy-info -file /tmp/x509up_u59012 -actimeleft
 output : 85239

 error: 
 retcode : 0
DEBUG 2019-05-09 13:47:10,789: 	 Proxy lifetime 85241 secs is different from voms extension lifetime 85239 secs for proxy: /tmp/x509up_u59012
DEBUG 2019-05-09 13:47:10,789: 	 Proxy valid for 23:40:39 hours
DEBUG 2019-05-09 13:47:10,910: 	 Executing : 
 command : openssl x509 -in ~/.globus/usercert.pem -subject -noout
 output : subject= /DC=ch/DC=cern/OU=Organic Units/OU=Users/CN=schhibra/CN=715612/CN=Simranjit Singh Chhibra

 error: 
 retcode : 0
DEBUG 2019-05-09 13:47:10,911: 	 Checking credentials
DEBUG 2019-05-09 13:47:10,911: 	 Found proxy file /tmp/x509up_u59012
DEBUG 2019-05-09 13:47:10,911: 	 Getting proxy life time left
DEBUG 2019-05-09 13:47:11,818: 	 Executing : 
 command : voms-proxy-info -file /tmp/x509up_u59012 -timeleft
 output : 85239

 error: 
 retcode : 0
DEBUG 2019-05-09 13:47:12,727: 	 Executing : 
 command : voms-proxy-info -file /tmp/x509up_u59012 -actimeleft
 output : 85237

 error: 
 retcode : 0
DEBUG 2019-05-09 13:47:12,727: 	 Proxy lifetime 85239 secs is different from voms extension lifetime 85237 secs for proxy: /tmp/x509up_u59012
DEBUG 2019-05-09 13:47:12,727: 	 Proxy valid for 23:40:37 hours
DEBUG 2019-05-09 13:47:13,089: 	 Registering user credentials for server /DC=ch/DC=cern/OU=computers/CN=vocms(052|058|030|0118|0105|0109).cern.ch|/DC=ch/DC=cern/OU=computers/CN=crab-(preprod|prod)-tw(02|01).cern.ch
DEBUG 2019-05-09 13:47:13,205: 	 Executing : 
 command : openssl x509 -in ~/.globus/usercert.pem -subject -noout
 output : subject= /DC=ch/DC=cern/OU=Organic Units/OU=Users/CN=schhibra/CN=715612/CN=Simranjit Singh Chhibra

 error: 
 retcode : 0
DEBUG 2019-05-09 13:47:13,206: 	 Getting myproxy life time left for myproxy.cern.ch
DEBUG 2019-05-09 13:47:13,206: 	 Calculating hash of /DC=ch/DC=cern/OU=Organic Units/OU=Users/CN=schhibra/CN=715612/CN=Simranjit Singh Chhibra_cmsweb.cern.ch for credential name
DEBUG 2019-05-09 13:47:13,412: 	 Executing : 
 command : myproxy-info -l 3841cd59f3d3480019d577f9a3ad69704f35aad0 -s myproxy.cern.ch
 output : username: 3841cd59f3d3480019d577f9a3ad69704f35aad0
owner: /DC=ch/DC=cern/OU=Organic Units/OU=Users/CN=schhibra/CN=715612/CN=Simranjit Singh Chhibra
  renewal policy: /DC=ch/DC=cern/OU=computers/CN=vocms(052|058|030|0118|0105|0109).cern.ch|/DC=ch/DC=cern/OU=computers/CN=crab-(preprod|prod)-tw(02|01).cern.ch
  trusted retrieval policy: /DC=ch/DC=cern/OU=computers/CN=vocms(052|058|030|0118|0105|0109).cern.ch|/DC=ch/DC=cern/OU=computers/CN=crab-(preprod|prod)-tw(02|01).cern.ch
  timeleft: 532:37:10  (22.2 days)

 error: 
 retcode : 0
DEBUG 2019-05-09 13:47:13,413: 	 Myproxy is valid: 1917430
DEBUG 2019-05-09 13:47:13,414: 	 Command use: status
DEBUG 2019-05-09 13:47:13,414: 	 Options use: ['ZdScoutingM10_L1_12_5_L1_15_7_Official_AccXEff/crab_20190508_225907/']
DEBUG 2019-05-09 13:47:13,546: 	 CRABClient version: 3.3.1904
DEBUG 2019-05-09 13:47:13,546: 	 Instance is prod
DEBUG 2019-05-09 13:47:13,546: 	 Server base url is cmsweb.cern.ch
DEBUG 2019-05-09 13:47:13,546: 	 Command url /crabserver/prod/workflow
DEBUG 2019-05-09 13:47:13,702: 	 Got information from server oracle database: {u'result': [u'190508_205916:schhibra_crab_20190508_225907', u'None', u'None', u'SUBMITTED', u'SUBMIT', u'2019-05-08 20:59:16.418932', u'None', u'2019-05-08 21:01:18.555628', u'None', u'CMSSW_9_4_14', u'slc6_amd64_gcc630', u'/DarkPhotonToMuMu_M10_madgraph_pythia8_TuneCP5/RunIIFall17DRPremix-PU2017_94X_mc2017_realistic_v11-v1/AODSIM', u'F', u'0', u'[]', u'[]', u'EventAwareLumiBased', u"{'splitOnRun': False, 'events_per_job': 10000, 'halt_job_on_file_boundaries': False, 'runs': [], 'lumis': []}", u'202ff77a57cd694dca7493871a5db3be4cad6fd6c3a711e91d5ea562ffe1ebed.tar.gz', u'https://cmsweb.cern.ch/crabcache', u'schhibra', u'/DC=ch/DC=cern/OU=Organic Units/OU=Users/CN=schhibra/CN=715612/CN=Simranjit Singh Chhibra', u'cms', u'None', u'None', u'crab_20190508_225907-00000000000000000000000000000000', u'F', u'T2_CH_CERN', u'https://cmsweb.cern.ch/dbs/prod/global/DBSReader', u'https://cmsweb.cern.ch/dbs/prod/phys03/DBSWriter', u'F', u'[]', u"['tree_scout.root']", u'[]', u'Analysis', u'pythia', u'None', u'{}', u'[]', u'F', u'crab-prod-tw01', u'[]', u'1250', u'1', u'2000', u'10', u'None', u'[]', u'http://vocms0197.cern.ch/mon/cms175/190508_205916:schhibra_crab_20190508_225907', u'exec.sh', u'[]', u'[]', u'https://cmsweb.cern.ch/crabserver/prod', u'cmsgwms-collector-global.cern.ch:9620,cmssrv221.fnal.gov:9620', u'crab3@vocms0197.cern.ch', u'F', u'[]', u'T', u'/store/group/phys_exotica/darkPhoton/schhibra/ScoutingNTuples2017', u'F', u'None', u'F', u'None', u'DarkPhotonToMuMu_M10_madgraph_pythia8_TuneCP5', u'None', u'6507476aca92196af886990aa4234a1015e06bb238a65530d54de3d312e1b1ec.tar.gz', u'37375912', u'filetransfers', u'F', u'188.185.115.30', u'0.0', u'None'], u'desc': {u'columns': [u'tm_taskname', u'tm_activity', u'panda_jobset_id', u'tm_task_status', u'tm_task_command', u'tm_start_time', u'tm_start_injection', u'tm_end_injection', u'tm_task_failure', u'tm_job_sw', u'tm_job_arch', u'tm_input_dataset', u'tm_nonvalid_input_dataset', u'tm_use_parent', u'tm_site_whitelist', u'tm_site_blacklist', u'tm_split_algo', u'tm_split_args', u'tm_user_sandbox', u'tm_cache_url', u'tm_username', u'tm_user_dn', u'tm_user_vo', u'tm_user_role', u'tm_user_group', u'tm_publish_name', u'tm_publish_groupname', u'tm_asyncdest', u'tm_dbs_url', u'tm_publish_dbs_url', u'tm_publication', u'tm_outfiles', u'tm_tfile_outfiles', u'tm_edm_outfiles', u'tm_job_type', u'tm_generator', u'tm_events_per_lumi', u'tm_arguments', u'panda_resubmitted_jobs', u'tm_save_logs', u'tw_name', u'tm_user_infiles', u'tm_maxjobruntime', u'tm_numcores', u'tm_maxmemory', u'tm_priority', u'tm_output_dataset', u'tm_task_warnings', u'tm_user_webdir', u'tm_scriptexe', u'tm_scriptargs', u'tm_extrajdl', u'tm_asourl', u'tm_collector', u'tm_schedd', u'tm_dry_run', u'tm_user_files', u'tm_transfer_outputs', u'tm_output_lfn', u'tm_ignore_locality', u'tm_fail_limit', u'tm_one_event_mode', u'tm_secondary_input_dataset', u'tm_primary_dataset', u'tm_last_publication', u'tm_debug_files', u'clusterid', u'tm_asodb', u'tm_ignore_global_blacklist', u'tm_submitter_ip_addr', u'tm_totalunits', u'tm_ddm_reqid']}}
INFO 2019-05-09 13:47:13,703: 	 CRAB project directory:		/afs/cern.ch/work/s/schhibra/DarkPhotonSearch_v2/CMSSW_9_4_14/src/ScoutingAnalysis/TreeMaker/crab/ZdScoutingM10_L1_12_5_L1_15_7_Official_AccXEff/crab_20190508_225907
INFO 2019-05-09 13:47:13,703: 	 Task name:			190508_205916:schhibra_crab_20190508_225907
INFO 2019-05-09 13:47:13,703: 	 Grid scheduler - Task Worker:	crab3@vocms0197.cern.ch - crab-prod-tw01
INFO 2019-05-09 13:47:13,703: 	 Status on the CRAB server:	SUBMITTED
INFO 2019-05-09 13:47:13,703: 	 Task URL to use for HELP:	https://cmsweb.cern.ch/crabserver/ui/task/190508_205916%3Aschhibra_crab_20190508_225907
INFO 2019-05-09 13:47:13,703: 	 Dashboard monitoring URL:	http://dashb-cms-job.cern.ch/dashboard/templates/task-analysis/#user=schhibra&refresh=0&table=Jobs&p=1&records=25&activemenu=2&status=&site=&tid=190508_205916%3Aschhibra_crab_20190508_225907
INFO 2019-05-09 13:47:13,703: 	 New dashboard monitoring URL:	https://monit-grafana.cern.ch/d/cmsTMDetail/cms-task-monitoring-task-view?orgId=11&var-user=schhibra&var-task=190508_205916%3Aschhibra_crab_20190508_225907
INFO 2019-05-09 13:47:13,703: 	 In case of issues with the new dashboard, please provide feedback to hn-cms-computing-tools@cern.ch
DEBUG 2019-05-09 13:47:13,703: 	 The CRAB server submitted your task to the Grid scheduler (cluster ID: 37375912)
DEBUG 2019-05-09 13:47:13,704: 	 Webdir is located at http://vocms0197.cern.ch/mon/cms175/190508_205916:schhibra_crab_20190508_225907
DEBUG 2019-05-09 13:47:13,803: 	 Proxied webdir is located at https://cmsweb.cern.ch/scheddmon/0197/cms175/190508_205916:schhibra_crab_20190508_225907
DEBUG 2019-05-09 13:47:13,803: 	 Retrieving 'status_cache' file from https://cmsweb.cern.ch/scheddmon/0197/cms175/190508_205916:schhibra_crab_20190508_225907/status_cache
DEBUG 2019-05-09 13:47:13,970: 	 Got information from status cache file: {'1': {'Retries': 0, 'WallDurations': [211.0, 260.59993410110474], 'StartTimes': [1557350611.0], 'SubmitTimes': [1557349290.0], 'JobIds': ['37375972.0'], 'EndTimes': [1557350822.0], 'Restarts': 0, 'RecordedSite': True, 'State': 'finished', 'ResidentSetSize': [17816], 'TotalUserCpuTimeHistory': [142], 'SiteHistory': ['Unknown', 'T1_FR_CCIN2P3'], 'TotalSysCpuTimeHistory': [3]}, '3': {'Retries': 0, 'WallDurations': [8.0, 203.0], 'StartTimes': [1557351027.0], 'SubmitTimes': [1557349291.0], 'JobIds': ['37375976.0'], 'EndTimes': [1557351230.0], 'Restarts': 0, 'RecordedSite': True, 'State': 'finished', 'ResidentSetSize': [2732], 'TotalUserCpuTimeHistory': [156], 'SiteHistory': ['Unknown', 'T1_FR_CCIN2P3'], 'TotalSysCpuTimeHistory': [3]}, '2': {'Retries': 0, 'WallDurations': [9.0, 275.0], 'StartTimes': [1557350610.0], 'SubmitTimes': [1557349290.0], 'JobIds': ['37375973.0'], 'EndTimes': [1557350885.0], 'Restarts': 0, 'RecordedSite': True, 'State': 'finished', 'ResidentSetSize': [29188], 'TotalUserCpuTimeHistory': [169], 'SiteHistory': ['Unknown', 'T1_FR_CCIN2P3'], 'TotalSysCpuTimeHistory': [4]}, '5': {'Retries': 0, 'WallDurations': [251.0, 285.53414011001587], 'StartTimes': [1557350887.0], 'SubmitTimes': [1557349291.0], 'JobIds': ['37375975.0'], 'EndTimes': [1557351138.0], 'Restarts': 0, 'RecordedSite': True, 'State': 'finished', 'ResidentSetSize': [28444], 'TotalUserCpuTimeHistory': [174], 'SiteHistory': ['Unknown', 'T1_FR_CCIN2P3'], 'TotalSysCpuTimeHistory': [4]}, '4': {'Retries': 0, 'WallDurations': [8.0, 200.0], 'StartTimes': [1557350825.0], 'SubmitTimes': [1557349290.0], 'JobIds': ['37375974.0'], 'EndTimes': [1557351025.0], 'Restarts': 0, 'RecordedSite': True, 'State': 'finished', 'ResidentSetSize': [2764], 'TotalUserCpuTimeHistory': [150], 'SiteHistory': ['Unknown', 'T1_FR_CCIN2P3'], 'TotalSysCpuTimeHistory': [3]}}
INFO 2019-05-09 13:47:13,970: 	 Status on the scheduler:	COMPLETED
INFO 2019-05-09 13:47:13,970: 	 
Jobs status:                    finished     		100.0% (5/5)
INFO 2019-05-09 13:47:13,970: 	 
No publication information (publication has been disabled in the CRAB configuration file)
INFO 2019-05-09 13:47:13,970: 	 
Warning: the max jobs runtime is less than 30% of the task requested value (1250 min), please consider to request a lower value for failed jobs (allowed through crab resubmit) and/or improve the jobs splitting (e.g. config.Data.splitting = 'Automatic') in a new task.
INFO 2019-05-09 13:47:13,970: 	 
Summary of run jobs:
 * Memory: 17MB min, 28MB max, 16MB ave
 * Runtime: 0:03:20 min, 0:04:45 max, 0:04:04 ave
 * CPU eff: 56% min, 78% max, 66% ave
 * Waste: 0:08:07 (28% of total)

INFO 2019-05-09 13:47:14,011: 	 Log file is /afs/cern.ch/work/s/schhibra/DarkPhotonSearch_v2/CMSSW_9_4_14/src/ScoutingAnalysis/TreeMaker/crab/ZdScoutingM10_L1_12_5_L1_15_7_Official_AccXEff/crab_20190508_225907/crab.log
