DEBUG 2019-05-13 19:25:58,909: 	 Executing command: 'submit'
DEBUG 2019-05-13 19:25:58,909: 	 Found CRAB cache file /afs/cern.ch/user/s/schhibra/.crab3
DEBUG 2019-05-13 19:25:58,917: 	 Checking credentials
DEBUG 2019-05-13 19:25:58,917: 	 Found proxy file /tmp/x509up_u59012
DEBUG 2019-05-13 19:25:58,917: 	 Getting proxy life time left
DEBUG 2019-05-13 19:25:59,623: 	 Executing : 
 command : voms-proxy-info -file /tmp/x509up_u59012 -timeleft
 output : 603386

 error: 
 retcode : 0
DEBUG 2019-05-13 19:26:00,429: 	 Executing : 
 command : voms-proxy-info -file /tmp/x509up_u59012 -actimeleft
 output : 603385

 error: 
 retcode : 0
DEBUG 2019-05-13 19:26:00,430: 	 Proxy lifetime 603386 secs is different from voms extension lifetime 603385 secs for proxy: /tmp/x509up_u59012
DEBUG 2019-05-13 19:26:00,430: 	 Proxy valid for 167:36:25 hours
INFO 2019-05-13 19:26:00,430: 	 Will use CRAB configuration file crabConfig.py
DEBUG 2019-05-13 19:26:00,430: 	 Loading CRAB configuration file.
DEBUG 2019-05-13 19:26:00,446: 	 Will use CRAB Analysis plugin (i.e. will run an analysis job type).
DEBUG 2019-05-13 19:26:00,567: 	 Executing : 
 command : openssl x509 -in ~/.globus/usercert.pem -subject -noout
 output : subject= /DC=ch/DC=cern/OU=Organic Units/OU=Users/CN=schhibra/CN=715612/CN=Simranjit Singh Chhibra

 error: 
 retcode : 0
DEBUG 2019-05-13 19:26:00,568: 	 Checking credentials
DEBUG 2019-05-13 19:26:00,568: 	 Found proxy file /tmp/x509up_u59012
DEBUG 2019-05-13 19:26:00,568: 	 Getting proxy life time left
DEBUG 2019-05-13 19:26:01,277: 	 Executing : 
 command : voms-proxy-info -file /tmp/x509up_u59012 -timeleft
 output : 603384

 error: 
 retcode : 0
DEBUG 2019-05-13 19:26:02,087: 	 Executing : 
 command : voms-proxy-info -file /tmp/x509up_u59012 -actimeleft
 output : 603383

 error: 
 retcode : 0
DEBUG 2019-05-13 19:26:02,088: 	 Proxy lifetime 603384 secs is different from voms extension lifetime 603383 secs for proxy: /tmp/x509up_u59012
DEBUG 2019-05-13 19:26:02,088: 	 Proxy valid for 167:36:23 hours
DEBUG 2019-05-13 19:26:02,897: 	 Executing : 
 command : env X509_USER_PROXY=/tmp/x509up_u59012 voms-proxy-info -fqan
 output : /cms/Role=NULL/Capability=NULL

 error: 
 retcode : 0
DEBUG 2019-05-13 19:26:03,061: 	 Registering user credentials for server /DC=ch/DC=cern/OU=computers/CN=vocms(052|058|030|0118|0105|0109).cern.ch|/DC=ch/DC=cern/OU=computers/CN=crab-(preprod|prod)-tw(02|01).cern.ch
DEBUG 2019-05-13 19:26:03,181: 	 Executing : 
 command : openssl x509 -in ~/.globus/usercert.pem -subject -noout
 output : subject= /DC=ch/DC=cern/OU=Organic Units/OU=Users/CN=schhibra/CN=715612/CN=Simranjit Singh Chhibra

 error: 
 retcode : 0
DEBUG 2019-05-13 19:26:03,182: 	 Getting myproxy life time left for myproxy.cern.ch
DEBUG 2019-05-13 19:26:03,182: 	 Calculating hash of /DC=ch/DC=cern/OU=Organic Units/OU=Users/CN=schhibra/CN=715612/CN=Simranjit Singh Chhibra_cmsweb.cern.ch for credential name
DEBUG 2019-05-13 19:26:03,589: 	 Executing : 
 command : myproxy-info -l 3841cd59f3d3480019d577f9a3ad69704f35aad0 -s myproxy.cern.ch
 output : username: 3841cd59f3d3480019d577f9a3ad69704f35aad0
owner: /DC=ch/DC=cern/OU=Organic Units/OU=Users/CN=schhibra/CN=715612/CN=Simranjit Singh Chhibra
  renewal policy: /DC=ch/DC=cern/OU=computers/CN=vocms(052|058|030|0118|0105|0109).cern.ch|/DC=ch/DC=cern/OU=computers/CN=crab-(preprod|prod)-tw(02|01).cern.ch
  trusted retrieval policy: /DC=ch/DC=cern/OU=computers/CN=vocms(052|058|030|0118|0105|0109).cern.ch|/DC=ch/DC=cern/OU=computers/CN=crab-(preprod|prod)-tw(02|01).cern.ch
  timeleft: 430:58:20  (18.0 days)

 error: 
 retcode : 0
DEBUG 2019-05-13 19:26:03,590: 	 Myproxy is valid: 1551500
DEBUG 2019-05-13 19:26:03,590: 	 Command use: submit
DEBUG 2019-05-13 19:26:03,591: 	 Options use: []
DEBUG 2019-05-13 19:26:03,694: 	 CRABClient version: 3.3.1904
DEBUG 2019-05-13 19:26:03,695: 	 Instance is prod
DEBUG 2019-05-13 19:26:03,695: 	 Server base url is cmsweb.cern.ch
DEBUG 2019-05-13 19:26:03,695: 	 Command url /crabserver/prod/workflow
DEBUG 2019-05-13 19:26:03,695: 	 Started submission
DEBUG 2019-05-13 19:26:03,695: 	 Working on /afs/cern.ch/work/s/schhibra/DarkPhotonSearch_v2/CMSSW_9_4_14/src/ScoutingAnalysis/TreeMaker/crab/ZdScoutingM35_L1_12_5_L1_15_7_Official_AccXEff/crab_20190513_192600
DEBUG 2019-05-13 19:26:03,847: 	 Loading required information from the environment
DEBUG 2019-05-13 19:26:03,847: 	 Found CMSSW_9_4_14 for slc6_amd64_gcc630 with base /afs/cern.ch/work/s/schhibra/DarkPhotonSearch_v2/CMSSW_9_4_14
DEBUG 2019-05-13 19:26:03,847: 	 Loading required information from the environment
DEBUG 2019-05-13 19:26:03,847: 	 Found CMSSW_9_4_14 for slc6_amd64_gcc630 with base /afs/cern.ch/work/s/schhibra/DarkPhotonSearch_v2/CMSSW_9_4_14
DEBUG 2019-05-13 19:26:03,870: 	 UNIQUE NAME: tarUUID a2fe1a1f-7c90-4f8c-aab7-cad2abeed2fb 
DEBUG 2019-05-13 19:26:03,871: 	 self.config: from WMCore.Configuration import Configuration
config = Configuration()
config.section_('General')
config.section_('JobType')
config.JobType.psetName = '../../test/tree_scout_cfg.py'
config.JobType.pluginName = 'Analysis'
config.JobType.inputFiles = ['../Rochester.tar.gz']
config.JobType.pyCfgParams = ['isMC=True', 'useLHEWeights=True', 'GlobalTag=94X_mc2017_realistic_v11', 'roccorData=Rochester/RoccoR2017.txt']
config.JobType.scriptExe = '../exec.sh'
config.section_('Data')
config.Data.inputDataset = '/DarkPhotonToMuMu_M35_madgraph_pythia8_TuneCP5/RunIIFall17DRPremix-PU2017_94X_mc2017_realistic_v11-v1/AODSIM'
config.Data.unitsPerJob = 10000
config.Data.publication = False
config.Data.splitting = 'EventAwareLumiBased'
config.Data.outLFNDirBase = '/store/group/phys_exotica/darkPhoton/schhibra/ScoutingNTuples2017'
config.section_('Site')
config.Site.storageSite = 'T2_CH_CERN'
config.section_('User')
config.section_('Debug')

DEBUG 2019-05-13 19:26:03,871: 	 self.config.JobType.psetName: ../../test/tree_scout_cfg.py
INFO 2019-05-13 19:26:03,871: 	 Importing CMSSW configuration ../../test/tree_scout_cfg.py
DEBUG 2019-05-13 19:26:03,872: 	 Additional parameters for the CMSSW configuration are: ['isMC=True', 'useLHEWeights=True', 'GlobalTag=94X_mc2017_realistic_v11', 'roccorData=Rochester/RoccoR2017.txt']
INFO 2019-05-13 19:26:05,641: 	 Finished importing CMSSW configuration ../../test/tree_scout_cfg.py
DEBUG 2019-05-13 19:26:05,641: 	 Writing CMSSW configuration to /afs/cern.ch/work/s/schhibra/DarkPhotonSearch_v2/CMSSW_9_4_14/src/ScoutingAnalysis/TreeMaker/crab/ZdScoutingM35_L1_12_5_L1_15_7_Official_AccXEff/crab_20190513_192600/inputs/PSet.py
DEBUG 2019-05-13 19:26:06,054: 	 The following EDM output files will be collected: []
DEBUG 2019-05-13 19:26:06,054: 	 The following TFile output files will be collected: ['tree_scout.root']
DEBUG 2019-05-13 19:26:06,054: 	 The following user output files will be collected: []
DEBUG 2019-05-13 19:26:06,054: 	 Loading required information from the environment
DEBUG 2019-05-13 19:26:06,054: 	 Found CMSSW_9_4_14 for slc6_amd64_gcc630 with base /afs/cern.ch/work/s/schhibra/DarkPhotonSearch_v2/CMSSW_9_4_14
DEBUG 2019-05-13 19:26:06,054: 	 Making tarball in /afs/cern.ch/work/s/schhibra/DarkPhotonSearch_v2/CMSSW_9_4_14/src/ScoutingAnalysis/TreeMaker/crab/ZdScoutingM35_L1_12_5_L1_15_7_Official_AccXEff/crab_20190513_192600/inputs/a2fe1a1f-7c90-4f8c-aab7-cad2abeed2fbdefault.tgz
DEBUG 2019-05-13 19:26:06,059: 	 Checking directory /afs/cern.ch/work/s/schhibra/DarkPhotonSearch_v2/CMSSW_9_4_14/lib
DEBUG 2019-05-13 19:26:06,059: 	 Adding directory /afs/cern.ch/work/s/schhibra/DarkPhotonSearch_v2/CMSSW_9_4_14/lib to tarball
DEBUG 2019-05-13 19:26:06,070: 	 Checking directory /afs/cern.ch/work/s/schhibra/DarkPhotonSearch_v2/CMSSW_9_4_14/biglib
DEBUG 2019-05-13 19:26:06,070: 	 Adding directory /afs/cern.ch/work/s/schhibra/DarkPhotonSearch_v2/CMSSW_9_4_14/biglib to tarball
DEBUG 2019-05-13 19:26:06,070: 	 Checking directory /afs/cern.ch/work/s/schhibra/DarkPhotonSearch_v2/CMSSW_9_4_14/module
DEBUG 2019-05-13 19:26:06,071: 	 Adding data directory /afs/cern.ch/work/s/schhibra/DarkPhotonSearch_v2/CMSSW_9_4_14/src/ScoutingAnalysis/TreeMaker/data to tarball
DEBUG 2019-05-13 19:26:06,272: 	 Adding data directory /afs/cern.ch/work/s/schhibra/DarkPhotonSearch_v2/CMSSW_9_4_14/src/ScoutingAnalysis/TreeMaker/interface to tarball
DEBUG 2019-05-13 19:26:06,293: 	 Adding file ../Rochester.tar.gz to tarball
DEBUG 2019-05-13 19:26:06,659: 	 Uploading archive /afs/cern.ch/work/s/schhibra/DarkPhotonSearch_v2/CMSSW_9_4_14/src/ScoutingAnalysis/TreeMaker/crab/ZdScoutingM35_L1_12_5_L1_15_7_Official_AccXEff/crab_20190513_192600/inputs/a2fe1a1f-7c90-4f8c-aab7-cad2abeed2fbdefault.tgz (1.384766.1 MB) to the CRAB cache. Using URI https://cmsweb.cern.ch/crabcache
DEBUG 2019-05-13 19:26:07,900: 	 Loading required information from the environment
DEBUG 2019-05-13 19:26:07,900: 	 Found CMSSW_9_4_14 for slc6_amd64_gcc630 with base /afs/cern.ch/work/s/schhibra/DarkPhotonSearch_v2/CMSSW_9_4_14
DEBUG 2019-05-13 19:26:07,900: 	 Making tarball in /afs/cern.ch/work/s/schhibra/DarkPhotonSearch_v2/CMSSW_9_4_14/src/ScoutingAnalysis/TreeMaker/crab/ZdScoutingM35_L1_12_5_L1_15_7_Official_AccXEff/crab_20190513_192600/inputs/debugFiles.tgz
DEBUG 2019-05-13 19:26:07,906: 	 Uploading archive /afs/cern.ch/work/s/schhibra/DarkPhotonSearch_v2/CMSSW_9_4_14/src/ScoutingAnalysis/TreeMaker/crab/ZdScoutingM35_L1_12_5_L1_15_7_Official_AccXEff/crab_20190513_192600/inputs/debugFiles.tgz (2 KB) to the CRAB cache. Using URI https://cmsweb.cern.ch/crabcache
DEBUG 2019-05-13 19:26:08,007: 	 Result uploading input files: a91432ba4693afbbde9dbfbf3a45ce6415c548894da6deac0dabcf6ac4d297eb.tar.gz 
INFO 2019-05-13 19:26:08,007: 	 Sending the request to the server
DEBUG 2019-05-13 19:26:08,008: 	 Submitting {'maxjobruntime': 1250, 'extrajdl': [], 'lfn': '/store/group/phys_exotica/darkPhoton/schhibra/ScoutingNTuples2017', 'savelogsflag': 0, 'useparent': 0, 'scriptexe': 'exec.sh', 'asyncdest': 'T2_CH_CERN', 'algoargs': 10000, 'cachefilename': 'a91432ba4693afbbde9dbfbf3a45ce6415c548894da6deac0dabcf6ac4d297eb.tar.gz', 'numcores': 1, 'addoutputfiles': [], 'generator': 'pythia', 'maxmemory': 2000, 'publishdbsurl': 'https://cmsweb.cern.ch/dbs/prod/phys03/DBSWriter', 'priority': 10, 'jobsw': 'CMSSW_9_4_14', 'edmoutfiles': [], 'userfiles': [], 'primarydataset': '', 'inputdata': '/DarkPhotonToMuMu_M35_madgraph_pythia8_TuneCP5/RunIIFall17DRPremix-PU2017_94X_mc2017_realistic_v11-v1/AODSIM', 'ignorelocality': 0, 'dryrun': 0, 'workflow': 'crab_20190513_192600', 'cacheurl': u'https://cmsweb.cern.ch/crabcache', 'nonprodsw': 0, 'tfileoutfiles': ['tree_scout.root'], 'oneEventMode': 0, 'debugfilename': '7f023d0942086124eb9f7d9fd72c0345afb2eb04897946e21f58132967150ed7.tar.gz', 'saveoutput': 1, 'publication': 0, 'jobarch': 'slc6_amd64_gcc630', 'totalunits': 0, 'splitalgo': 'EventAwareLumiBased', 'ignoreglobalblacklist': 0, 'nonvaliddata': 0, 'dbsurl': 'https://cmsweb.cern.ch/dbs/prod/global/DBSReader', 'publishgroupname': 0, 'jobtype': 'Analysis', 'publishname2': ''} 
DEBUG 2019-05-13 19:26:08,008: 	 Encoded submit request: maxjobruntime=1250&lfn=%2Fstore%2Fgroup%2Fphys_exotica%2FdarkPhoton%2Fschhibra%2FScoutingNTuples2017&savelogsflag=0&useparent=0&scriptexe=exec.sh&asyncdest=T2_CH_CERN&algoargs=10000&cachefilename=a91432ba4693afbbde9dbfbf3a45ce6415c548894da6deac0dabcf6ac4d297eb.tar.gz&numcores=1&generator=pythia&maxmemory=2000&publishdbsurl=https%3A%2F%2Fcmsweb.cern.ch%2Fdbs%2Fprod%2Fphys03%2FDBSWriter&priority=10&jobsw=CMSSW_9_4_14&primarydataset=&inputdata=%2FDarkPhotonToMuMu_M35_madgraph_pythia8_TuneCP5%2FRunIIFall17DRPremix-PU2017_94X_mc2017_realistic_v11-v1%2FAODSIM&ignorelocality=0&dryrun=0&workflow=crab_20190513_192600&cacheurl=https%3A%2F%2Fcmsweb.cern.ch%2Fcrabcache&nonprodsw=0&oneEventMode=0&debugfilename=7f023d0942086124eb9f7d9fd72c0345afb2eb04897946e21f58132967150ed7.tar.gz&saveoutput=1&publication=0&jobarch=slc6_amd64_gcc630&totalunits=0&splitalgo=EventAwareLumiBased&ignoreglobalblacklist=0&nonvaliddata=0&dbsurl=https%3A%2F%2Fcmsweb.cern.ch%2Fdbs%2Fprod%2Fglobal%2FDBSReader&publishgroupname=0&jobtype=Analysis&publishname2=&tfileoutfiles=tree_scout.root
DEBUG 2019-05-13 19:26:08,323: 	 Result: {u'result': [{u'RequestName': u'190513_172608:schhibra_crab_20190513_192600'}]}
INFO 2019-05-13 19:26:08,325: 	 Success: Your task has been delivered to the CRAB3 server.
INFO 2019-05-13 19:26:08,325: 	 Task name: 190513_172608:schhibra_crab_20190513_192600
INFO 2019-05-13 19:26:08,326: 	 Project dir: ./crab_20190513_192600
INFO 2019-05-13 19:26:08,326: 	 Please use 'crab status -d ./crab_20190513_192600' to check how the submission process proceeds.
DEBUG 2019-05-13 19:26:08,326: 	 About to return
INFO 2019-05-13 19:26:08,329: 	 Log file is /afs/cern.ch/work/s/schhibra/DarkPhotonSearch_v2/CMSSW_9_4_14/src/ScoutingAnalysis/TreeMaker/crab/ZdScoutingM35_L1_12_5_L1_15_7_Official_AccXEff/crab_20190513_192600/crab.log
DEBUG 2019-05-17 19:15:50,920: 	 Executing command: 'status'
DEBUG 2019-05-17 19:15:50,920: 	 Found CRAB cache file /afs/cern.ch/user/s/schhibra/.crab3
DEBUG 2019-05-17 19:15:50,950: 	 Checking credentials
DEBUG 2019-05-17 19:15:50,951: 	 Found proxy file /tmp/x509up_u59012
DEBUG 2019-05-17 19:15:50,951: 	 Getting proxy life time left
DEBUG 2019-05-17 19:15:51,960: 	 Executing : 
 command : voms-proxy-info -file /tmp/x509up_u59012 -timeleft
 output : 584156

 error: 
 retcode : 0
DEBUG 2019-05-17 19:15:52,972: 	 Executing : 
 command : voms-proxy-info -file /tmp/x509up_u59012 -actimeleft
 output : 584154

 error: 
 retcode : 0
DEBUG 2019-05-17 19:15:52,973: 	 Proxy lifetime 584156 secs is different from voms extension lifetime 584154 secs for proxy: /tmp/x509up_u59012
DEBUG 2019-05-17 19:15:52,973: 	 Proxy valid for 162:15:54 hours
DEBUG 2019-05-17 19:15:53,094: 	 Executing : 
 command : openssl x509 -in ~/.globus/usercert.pem -subject -noout
 output : subject= /DC=ch/DC=cern/OU=Organic Units/OU=Users/CN=schhibra/CN=715612/CN=Simranjit Singh Chhibra

 error: 
 retcode : 0
DEBUG 2019-05-17 19:15:53,094: 	 Checking credentials
DEBUG 2019-05-17 19:15:53,094: 	 Found proxy file /tmp/x509up_u59012
DEBUG 2019-05-17 19:15:53,094: 	 Getting proxy life time left
DEBUG 2019-05-17 19:15:54,004: 	 Executing : 
 command : voms-proxy-info -file /tmp/x509up_u59012 -timeleft
 output : 584154

 error: 
 retcode : 0
DEBUG 2019-05-17 19:15:54,919: 	 Executing : 
 command : voms-proxy-info -file /tmp/x509up_u59012 -actimeleft
 output : 584152

 error: 
 retcode : 0
DEBUG 2019-05-17 19:15:54,920: 	 Proxy lifetime 584154 secs is different from voms extension lifetime 584152 secs for proxy: /tmp/x509up_u59012
DEBUG 2019-05-17 19:15:54,920: 	 Proxy valid for 162:15:52 hours
DEBUG 2019-05-17 19:15:55,046: 	 Registering user credentials for server /DC=ch/DC=cern/OU=computers/CN=vocms(052|058|030|0118|0105|0109).cern.ch|/DC=ch/DC=cern/OU=computers/CN=crab-(preprod|prod)-tw(02|01).cern.ch
DEBUG 2019-05-17 19:15:55,162: 	 Executing : 
 command : openssl x509 -in ~/.globus/usercert.pem -subject -noout
 output : subject= /DC=ch/DC=cern/OU=Organic Units/OU=Users/CN=schhibra/CN=715612/CN=Simranjit Singh Chhibra

 error: 
 retcode : 0
DEBUG 2019-05-17 19:15:55,163: 	 Getting myproxy life time left for myproxy.cern.ch
DEBUG 2019-05-17 19:15:55,163: 	 Calculating hash of /DC=ch/DC=cern/OU=Organic Units/OU=Users/CN=schhibra/CN=715612/CN=Simranjit Singh Chhibra_cmsweb.cern.ch for credential name
DEBUG 2019-05-17 19:15:55,370: 	 Executing : 
 command : myproxy-info -l 3841cd59f3d3480019d577f9a3ad69704f35aad0 -s myproxy.cern.ch
 output : username: 3841cd59f3d3480019d577f9a3ad69704f35aad0
owner: /DC=ch/DC=cern/OU=Organic Units/OU=Users/CN=schhibra/CN=715612/CN=Simranjit Singh Chhibra
  renewal policy: /DC=ch/DC=cern/OU=computers/CN=vocms(052|058|030|0118|0105|0109).cern.ch|/DC=ch/DC=cern/OU=computers/CN=crab-(preprod|prod)-tw(02|01).cern.ch
  trusted retrieval policy: /DC=ch/DC=cern/OU=computers/CN=vocms(052|058|030|0118|0105|0109).cern.ch|/DC=ch/DC=cern/OU=computers/CN=crab-(preprod|prod)-tw(02|01).cern.ch
  timeleft: 701:52:24  (29.2 days)

 error: 
 retcode : 0
DEBUG 2019-05-17 19:15:55,372: 	 Myproxy is valid: 2526744
DEBUG 2019-05-17 19:15:55,373: 	 Command use: status
DEBUG 2019-05-17 19:15:55,373: 	 Options use: ['ZdScoutingM35_L1_12_5_L1_15_7_Official_AccXEff/crab_20190513_192600/']
DEBUG 2019-05-17 19:15:55,508: 	 CRABClient version: 3.3.1904
DEBUG 2019-05-17 19:15:55,508: 	 Instance is prod
DEBUG 2019-05-17 19:15:55,508: 	 Server base url is cmsweb.cern.ch
DEBUG 2019-05-17 19:15:55,508: 	 Command url /crabserver/prod/workflow
DEBUG 2019-05-17 19:15:55,653: 	 Got information from server oracle database: {u'result': [u'190513_172608:schhibra_crab_20190513_192600', u'None', u'None', u'SUBMITTED', u'SUBMIT', u'2019-05-13 17:26:08.306776', u'None', u'2019-05-13 17:27:03.794025', u'None', u'CMSSW_9_4_14', u'slc6_amd64_gcc630', u'/DarkPhotonToMuMu_M35_madgraph_pythia8_TuneCP5/RunIIFall17DRPremix-PU2017_94X_mc2017_realistic_v11-v1/AODSIM', u'F', u'0', u'[]', u'[]', u'EventAwareLumiBased', u"{'splitOnRun': False, 'events_per_job': 10000, 'halt_job_on_file_boundaries': False, 'runs': [], 'lumis': []}", u'a91432ba4693afbbde9dbfbf3a45ce6415c548894da6deac0dabcf6ac4d297eb.tar.gz', u'https://cmsweb.cern.ch/crabcache', u'schhibra', u'/DC=ch/DC=cern/OU=Organic Units/OU=Users/CN=schhibra/CN=715612/CN=Simranjit Singh Chhibra', u'cms', u'None', u'None', u'crab_20190513_192600-00000000000000000000000000000000', u'F', u'T2_CH_CERN', u'https://cmsweb.cern.ch/dbs/prod/global/DBSReader', u'https://cmsweb.cern.ch/dbs/prod/phys03/DBSWriter', u'F', u'[]', u"['tree_scout.root']", u'[]', u'Analysis', u'pythia', u'None', u'{}', u'[]', u'F', u'crab-prod-tw01', u'[]', u'1250', u'1', u'2000', u'10', u'None', u'[]', u'http://vocms0195.cern.ch/mon/cms175/190513_172608:schhibra_crab_20190513_192600', u'exec.sh', u'[]', u'[]', u'https://cmsweb.cern.ch/crabserver/prod', u'cmsgwms-collector-global.cern.ch:9620,cmssrv221.fnal.gov:9620', u'crab3@vocms0195.cern.ch', u'F', u'[]', u'T', u'/store/group/phys_exotica/darkPhoton/schhibra/ScoutingNTuples2017', u'F', u'None', u'F', u'None', u'DarkPhotonToMuMu_M35_madgraph_pythia8_TuneCP5', u'None', u'7f023d0942086124eb9f7d9fd72c0345afb2eb04897946e21f58132967150ed7.tar.gz', u'37288734', u'filetransfers', u'F', u'188.184.104.130', u'0.0', u'None'], u'desc': {u'columns': [u'tm_taskname', u'tm_activity', u'panda_jobset_id', u'tm_task_status', u'tm_task_command', u'tm_start_time', u'tm_start_injection', u'tm_end_injection', u'tm_task_failure', u'tm_job_sw', u'tm_job_arch', u'tm_input_dataset', u'tm_nonvalid_input_dataset', u'tm_use_parent', u'tm_site_whitelist', u'tm_site_blacklist', u'tm_split_algo', u'tm_split_args', u'tm_user_sandbox', u'tm_cache_url', u'tm_username', u'tm_user_dn', u'tm_user_vo', u'tm_user_role', u'tm_user_group', u'tm_publish_name', u'tm_publish_groupname', u'tm_asyncdest', u'tm_dbs_url', u'tm_publish_dbs_url', u'tm_publication', u'tm_outfiles', u'tm_tfile_outfiles', u'tm_edm_outfiles', u'tm_job_type', u'tm_generator', u'tm_events_per_lumi', u'tm_arguments', u'panda_resubmitted_jobs', u'tm_save_logs', u'tw_name', u'tm_user_infiles', u'tm_maxjobruntime', u'tm_numcores', u'tm_maxmemory', u'tm_priority', u'tm_output_dataset', u'tm_task_warnings', u'tm_user_webdir', u'tm_scriptexe', u'tm_scriptargs', u'tm_extrajdl', u'tm_asourl', u'tm_collector', u'tm_schedd', u'tm_dry_run', u'tm_user_files', u'tm_transfer_outputs', u'tm_output_lfn', u'tm_ignore_locality', u'tm_fail_limit', u'tm_one_event_mode', u'tm_secondary_input_dataset', u'tm_primary_dataset', u'tm_last_publication', u'tm_debug_files', u'clusterid', u'tm_asodb', u'tm_ignore_global_blacklist', u'tm_submitter_ip_addr', u'tm_totalunits', u'tm_ddm_reqid']}}
INFO 2019-05-17 19:15:55,654: 	 CRAB project directory:		/afs/cern.ch/work/s/schhibra/DarkPhotonSearch_v2/CMSSW_9_4_14/src/ScoutingAnalysis/TreeMaker/crab/ZdScoutingM35_L1_12_5_L1_15_7_Official_AccXEff/crab_20190513_192600
INFO 2019-05-17 19:15:55,654: 	 Task name:			190513_172608:schhibra_crab_20190513_192600
INFO 2019-05-17 19:15:55,654: 	 Grid scheduler - Task Worker:	crab3@vocms0195.cern.ch - crab-prod-tw01
INFO 2019-05-17 19:15:55,654: 	 Status on the CRAB server:	SUBMITTED
INFO 2019-05-17 19:15:55,655: 	 Task URL to use for HELP:	https://cmsweb.cern.ch/crabserver/ui/task/190513_172608%3Aschhibra_crab_20190513_192600
INFO 2019-05-17 19:15:55,655: 	 Dashboard monitoring URL:	http://dashb-cms-job.cern.ch/dashboard/templates/task-analysis/#user=schhibra&refresh=0&table=Jobs&p=1&records=25&activemenu=2&status=&site=&tid=190513_172608%3Aschhibra_crab_20190513_192600
INFO 2019-05-17 19:15:55,655: 	 New dashboard monitoring URL:	https://monit-grafana.cern.ch/d/cmsTMDetail/cms-task-monitoring-task-view?orgId=11&var-user=schhibra&var-task=190513_172608%3Aschhibra_crab_20190513_192600
INFO 2019-05-17 19:15:55,655: 	 In case of issues with the new dashboard, please provide feedback to hn-cms-computing-tools@cern.ch
DEBUG 2019-05-17 19:15:55,655: 	 The CRAB server submitted your task to the Grid scheduler (cluster ID: 37288734)
DEBUG 2019-05-17 19:15:55,655: 	 Webdir is located at http://vocms0195.cern.ch/mon/cms175/190513_172608:schhibra_crab_20190513_192600
DEBUG 2019-05-17 19:15:55,786: 	 Proxied webdir is located at https://cmsweb.cern.ch/scheddmon/0195/cms175/190513_172608:schhibra_crab_20190513_192600
DEBUG 2019-05-17 19:15:55,786: 	 Retrieving 'status_cache' file from https://cmsweb.cern.ch/scheddmon/0195/cms175/190513_172608:schhibra_crab_20190513_192600/status_cache
DEBUG 2019-05-17 19:15:56,572: 	 Got information from status cache file: {'1': {'Retries': 0, 'WallDurations': [9.0, 299.0], 'StartTimes': [1557776150.0], 'SubmitTimes': [1557768437.0], 'JobIds': ['37288736.0'], 'EndTimes': [1557776449.0], 'Restarts': 0, 'RecordedSite': True, 'State': 'finished', 'ResidentSetSize': [17244], 'TotalUserCpuTimeHistory': [182], 'SiteHistory': ['Unknown', 'T2_US_MIT'], 'TotalSysCpuTimeHistory': [5]}, '3': {'Retries': 0, 'WallDurations': [9.0, 278.0], 'StartTimes': [1557776151.0], 'SubmitTimes': [1557768437.0], 'JobIds': ['37288737.0'], 'EndTimes': [1557776429.0], 'Restarts': 0, 'RecordedSite': True, 'State': 'finished', 'ResidentSetSize': [2832], 'TotalUserCpuTimeHistory': [137], 'SiteHistory': ['Unknown', 'T2_US_Purdue'], 'TotalSysCpuTimeHistory': [3]}, '2': {'Retries': 0, 'WallDurations': [10.0, 336.0], 'StartTimes': [1557776152.0], 'SubmitTimes': [1557768438.0], 'JobIds': ['37288739.0'], 'EndTimes': [1557776488.0], 'Restarts': 0, 'RecordedSite': True, 'State': 'finished', 'ResidentSetSize': [704188], 'TotalUserCpuTimeHistory': [181], 'SiteHistory': ['Unknown', 'T2_US_MIT'], 'TotalSysCpuTimeHistory': [6]}, '5': {'Retries': 0, 'WallDurations': [8.0, 202.0], 'StartTimes': [1557776437.0], 'SubmitTimes': [1557768438.0], 'JobIds': ['37288740.0'], 'EndTimes': [1557776639.0], 'Restarts': 0, 'RecordedSite': True, 'State': 'finished', 'ResidentSetSize': [2832], 'TotalUserCpuTimeHistory': [139], 'SiteHistory': ['Unknown', 'T2_US_Purdue'], 'TotalSysCpuTimeHistory': [3]}, '4': {'Retries': 0, 'WallDurations': [10.0, 335.0], 'StartTimes': [1557776151.0], 'SubmitTimes': [1557768437.0], 'JobIds': ['37288738.0'], 'EndTimes': [1557776486.0], 'Restarts': 0, 'RecordedSite': True, 'State': 'finished', 'ResidentSetSize': [699356], 'TotalUserCpuTimeHistory': [192], 'SiteHistory': ['Unknown', 'T2_US_MIT'], 'TotalSysCpuTimeHistory': [5]}}
INFO 2019-05-17 19:15:56,572: 	 Status on the scheduler:	COMPLETED
INFO 2019-05-17 19:15:56,572: 	 
Jobs status:                    finished     		100.0% (5/5)
INFO 2019-05-17 19:15:56,572: 	 
No publication information (publication has been disabled in the CRAB configuration file)
INFO 2019-05-17 19:15:56,573: 	 
Warning: the max jobs runtime is less than 30% of the task requested value (1250 min), please consider to request a lower value for failed jobs (allowed through crab resubmit) and/or improve the jobs splitting (e.g. config.Data.splitting = 'Automatic') in a new task.
INFO 2019-05-17 19:15:56,573: 	 
Summary of run jobs:
 * Memory: 16MB min, 687MB max, 279MB ave
 * Runtime: 0:03:22 min, 0:05:36 max, 0:04:50 ave
 * CPU eff: 50% min, 70% max, 59% ave
 * Waste: 0:00:46 (3% of total)

INFO 2019-05-17 19:15:56,615: 	 Log file is /afs/cern.ch/work/s/schhibra/DarkPhotonSearch_v2/CMSSW_9_4_14/src/ScoutingAnalysis/TreeMaker/crab/ZdScoutingM35_L1_12_5_L1_15_7_Official_AccXEff/crab_20190513_192600/crab.log
