DEBUG 2019-05-13 19:25:48,816: 	 Executing command: 'submit'
DEBUG 2019-05-13 19:25:48,816: 	 Found CRAB cache file /afs/cern.ch/user/s/schhibra/.crab3
DEBUG 2019-05-13 19:25:48,824: 	 Checking credentials
DEBUG 2019-05-13 19:25:48,825: 	 Found proxy file /tmp/x509up_u59012
DEBUG 2019-05-13 19:25:48,825: 	 Getting proxy life time left
DEBUG 2019-05-13 19:25:49,631: 	 Executing : 
 command : voms-proxy-info -file /tmp/x509up_u59012 -timeleft
 output : 603396

 error: 
 retcode : 0
DEBUG 2019-05-13 19:25:50,338: 	 Executing : 
 command : voms-proxy-info -file /tmp/x509up_u59012 -actimeleft
 output : 603395

 error: 
 retcode : 0
DEBUG 2019-05-13 19:25:50,338: 	 Proxy lifetime 603396 secs is different from voms extension lifetime 603395 secs for proxy: /tmp/x509up_u59012
DEBUG 2019-05-13 19:25:50,339: 	 Proxy valid for 167:36:35 hours
INFO 2019-05-13 19:25:50,339: 	 Will use CRAB configuration file crabConfig.py
DEBUG 2019-05-13 19:25:50,339: 	 Loading CRAB configuration file.
DEBUG 2019-05-13 19:25:50,349: 	 Will use CRAB Analysis plugin (i.e. will run an analysis job type).
DEBUG 2019-05-13 19:25:50,554: 	 Executing : 
 command : openssl x509 -in ~/.globus/usercert.pem -subject -noout
 output : subject= /DC=ch/DC=cern/OU=Organic Units/OU=Users/CN=schhibra/CN=715612/CN=Simranjit Singh Chhibra

 error: 
 retcode : 0
DEBUG 2019-05-13 19:25:50,554: 	 Checking credentials
DEBUG 2019-05-13 19:25:50,554: 	 Found proxy file /tmp/x509up_u59012
DEBUG 2019-05-13 19:25:50,554: 	 Getting proxy life time left
DEBUG 2019-05-13 19:25:51,262: 	 Executing : 
 command : voms-proxy-info -file /tmp/x509up_u59012 -timeleft
 output : 603394

 error: 
 retcode : 0
DEBUG 2019-05-13 19:25:52,071: 	 Executing : 
 command : voms-proxy-info -file /tmp/x509up_u59012 -actimeleft
 output : 603394

 error: 
 retcode : 0
DEBUG 2019-05-13 19:25:52,072: 	 Proxy valid for 167:36:34 hours
DEBUG 2019-05-13 19:25:52,880: 	 Executing : 
 command : env X509_USER_PROXY=/tmp/x509up_u59012 voms-proxy-info -fqan
 output : /cms/Role=NULL/Capability=NULL

 error: 
 retcode : 0
DEBUG 2019-05-13 19:25:53,032: 	 Registering user credentials for server /DC=ch/DC=cern/OU=computers/CN=vocms(052|058|030|0118|0105|0109).cern.ch|/DC=ch/DC=cern/OU=computers/CN=crab-(preprod|prod)-tw(02|01).cern.ch
DEBUG 2019-05-13 19:25:53,144: 	 Executing : 
 command : openssl x509 -in ~/.globus/usercert.pem -subject -noout
 output : subject= /DC=ch/DC=cern/OU=Organic Units/OU=Users/CN=schhibra/CN=715612/CN=Simranjit Singh Chhibra

 error: 
 retcode : 0
DEBUG 2019-05-13 19:25:53,144: 	 Getting myproxy life time left for myproxy.cern.ch
DEBUG 2019-05-13 19:25:53,144: 	 Calculating hash of /DC=ch/DC=cern/OU=Organic Units/OU=Users/CN=schhibra/CN=715612/CN=Simranjit Singh Chhibra_cmsweb.cern.ch for credential name
DEBUG 2019-05-13 19:25:53,550: 	 Executing : 
 command : myproxy-info -l 3841cd59f3d3480019d577f9a3ad69704f35aad0 -s myproxy.cern.ch
 output : username: 3841cd59f3d3480019d577f9a3ad69704f35aad0
owner: /DC=ch/DC=cern/OU=Organic Units/OU=Users/CN=schhibra/CN=715612/CN=Simranjit Singh Chhibra
  renewal policy: /DC=ch/DC=cern/OU=computers/CN=vocms(052|058|030|0118|0105|0109).cern.ch|/DC=ch/DC=cern/OU=computers/CN=crab-(preprod|prod)-tw(02|01).cern.ch
  trusted retrieval policy: /DC=ch/DC=cern/OU=computers/CN=vocms(052|058|030|0118|0105|0109).cern.ch|/DC=ch/DC=cern/OU=computers/CN=crab-(preprod|prod)-tw(02|01).cern.ch
  timeleft: 430:58:30  (18.0 days)

 error: 
 retcode : 0
DEBUG 2019-05-13 19:25:53,551: 	 Myproxy is valid: 1551510
DEBUG 2019-05-13 19:25:53,552: 	 Command use: submit
DEBUG 2019-05-13 19:25:53,552: 	 Options use: []
DEBUG 2019-05-13 19:25:53,657: 	 CRABClient version: 3.3.1904
DEBUG 2019-05-13 19:25:53,657: 	 Instance is prod
DEBUG 2019-05-13 19:25:53,657: 	 Server base url is cmsweb.cern.ch
DEBUG 2019-05-13 19:25:53,657: 	 Command url /crabserver/prod/workflow
DEBUG 2019-05-13 19:25:53,657: 	 Started submission
DEBUG 2019-05-13 19:25:53,657: 	 Working on /afs/cern.ch/work/s/schhibra/DarkPhotonSearch_v2/CMSSW_9_4_14/src/ScoutingAnalysis/TreeMaker/crab/ZdScoutingM25_L1_12_5_L1_15_7_Official_AccXEff/crab_20190513_192550
DEBUG 2019-05-13 19:25:53,810: 	 Loading required information from the environment
DEBUG 2019-05-13 19:25:53,810: 	 Found CMSSW_9_4_14 for slc6_amd64_gcc630 with base /afs/cern.ch/work/s/schhibra/DarkPhotonSearch_v2/CMSSW_9_4_14
DEBUG 2019-05-13 19:25:53,810: 	 Loading required information from the environment
DEBUG 2019-05-13 19:25:53,810: 	 Found CMSSW_9_4_14 for slc6_amd64_gcc630 with base /afs/cern.ch/work/s/schhibra/DarkPhotonSearch_v2/CMSSW_9_4_14
DEBUG 2019-05-13 19:25:53,830: 	 UNIQUE NAME: tarUUID 596dfa3f-d919-4584-a794-040b2346455f 
DEBUG 2019-05-13 19:25:53,830: 	 self.config: from WMCore.Configuration import Configuration
config = Configuration()
config.section_('General')
config.section_('JobType')
config.JobType.psetName = '../../test/tree_scout_cfg.py'
config.JobType.pluginName = 'Analysis'
config.JobType.inputFiles = ['../Rochester.tar.gz']
config.JobType.pyCfgParams = ['isMC=True', 'useLHEWeights=True', 'GlobalTag=94X_mc2017_realistic_v11', 'roccorData=Rochester/RoccoR2017.txt']
config.JobType.scriptExe = '../exec.sh'
config.section_('Data')
config.Data.inputDataset = '/DarkPhotonToMuMu_M25_madgraph_pythia8_TuneCP5/RunIIFall17DRPremix-PU2017_94X_mc2017_realistic_v11-v1/AODSIM'
config.Data.unitsPerJob = 10000
config.Data.publication = False
config.Data.splitting = 'EventAwareLumiBased'
config.Data.outLFNDirBase = '/store/group/phys_exotica/darkPhoton/schhibra/ScoutingNTuples2017'
config.section_('Site')
config.Site.storageSite = 'T2_CH_CERN'
config.section_('User')
config.section_('Debug')

DEBUG 2019-05-13 19:25:53,831: 	 self.config.JobType.psetName: ../../test/tree_scout_cfg.py
INFO 2019-05-13 19:25:53,831: 	 Importing CMSSW configuration ../../test/tree_scout_cfg.py
DEBUG 2019-05-13 19:25:53,831: 	 Additional parameters for the CMSSW configuration are: ['isMC=True', 'useLHEWeights=True', 'GlobalTag=94X_mc2017_realistic_v11', 'roccorData=Rochester/RoccoR2017.txt']
INFO 2019-05-13 19:25:55,441: 	 Finished importing CMSSW configuration ../../test/tree_scout_cfg.py
DEBUG 2019-05-13 19:25:55,441: 	 Writing CMSSW configuration to /afs/cern.ch/work/s/schhibra/DarkPhotonSearch_v2/CMSSW_9_4_14/src/ScoutingAnalysis/TreeMaker/crab/ZdScoutingM25_L1_12_5_L1_15_7_Official_AccXEff/crab_20190513_192550/inputs/PSet.py
DEBUG 2019-05-13 19:25:55,859: 	 The following EDM output files will be collected: []
DEBUG 2019-05-13 19:25:55,859: 	 The following TFile output files will be collected: ['tree_scout.root']
DEBUG 2019-05-13 19:25:55,859: 	 The following user output files will be collected: []
DEBUG 2019-05-13 19:25:55,859: 	 Loading required information from the environment
DEBUG 2019-05-13 19:25:55,859: 	 Found CMSSW_9_4_14 for slc6_amd64_gcc630 with base /afs/cern.ch/work/s/schhibra/DarkPhotonSearch_v2/CMSSW_9_4_14
DEBUG 2019-05-13 19:25:55,860: 	 Making tarball in /afs/cern.ch/work/s/schhibra/DarkPhotonSearch_v2/CMSSW_9_4_14/src/ScoutingAnalysis/TreeMaker/crab/ZdScoutingM25_L1_12_5_L1_15_7_Official_AccXEff/crab_20190513_192550/inputs/596dfa3f-d919-4584-a794-040b2346455fdefault.tgz
DEBUG 2019-05-13 19:25:55,864: 	 Checking directory /afs/cern.ch/work/s/schhibra/DarkPhotonSearch_v2/CMSSW_9_4_14/lib
DEBUG 2019-05-13 19:25:55,864: 	 Adding directory /afs/cern.ch/work/s/schhibra/DarkPhotonSearch_v2/CMSSW_9_4_14/lib to tarball
DEBUG 2019-05-13 19:25:55,872: 	 Checking directory /afs/cern.ch/work/s/schhibra/DarkPhotonSearch_v2/CMSSW_9_4_14/biglib
DEBUG 2019-05-13 19:25:55,872: 	 Adding directory /afs/cern.ch/work/s/schhibra/DarkPhotonSearch_v2/CMSSW_9_4_14/biglib to tarball
DEBUG 2019-05-13 19:25:55,873: 	 Checking directory /afs/cern.ch/work/s/schhibra/DarkPhotonSearch_v2/CMSSW_9_4_14/module
DEBUG 2019-05-13 19:25:55,874: 	 Adding data directory /afs/cern.ch/work/s/schhibra/DarkPhotonSearch_v2/CMSSW_9_4_14/src/ScoutingAnalysis/TreeMaker/data to tarball
DEBUG 2019-05-13 19:25:56,059: 	 Adding data directory /afs/cern.ch/work/s/schhibra/DarkPhotonSearch_v2/CMSSW_9_4_14/src/ScoutingAnalysis/TreeMaker/interface to tarball
DEBUG 2019-05-13 19:25:56,078: 	 Adding file ../Rochester.tar.gz to tarball
DEBUG 2019-05-13 19:25:56,432: 	 Uploading archive /afs/cern.ch/work/s/schhibra/DarkPhotonSearch_v2/CMSSW_9_4_14/src/ScoutingAnalysis/TreeMaker/crab/ZdScoutingM25_L1_12_5_L1_15_7_Official_AccXEff/crab_20190513_192550/inputs/596dfa3f-d919-4584-a794-040b2346455fdefault.tgz (1.383789.1 MB) to the CRAB cache. Using URI https://cmsweb.cern.ch/crabcache
DEBUG 2019-05-13 19:25:57,544: 	 Loading required information from the environment
DEBUG 2019-05-13 19:25:57,544: 	 Found CMSSW_9_4_14 for slc6_amd64_gcc630 with base /afs/cern.ch/work/s/schhibra/DarkPhotonSearch_v2/CMSSW_9_4_14
DEBUG 2019-05-13 19:25:57,544: 	 Making tarball in /afs/cern.ch/work/s/schhibra/DarkPhotonSearch_v2/CMSSW_9_4_14/src/ScoutingAnalysis/TreeMaker/crab/ZdScoutingM25_L1_12_5_L1_15_7_Official_AccXEff/crab_20190513_192550/inputs/debugFiles.tgz
DEBUG 2019-05-13 19:25:57,550: 	 Uploading archive /afs/cern.ch/work/s/schhibra/DarkPhotonSearch_v2/CMSSW_9_4_14/src/ScoutingAnalysis/TreeMaker/crab/ZdScoutingM25_L1_12_5_L1_15_7_Official_AccXEff/crab_20190513_192550/inputs/debugFiles.tgz (2 KB) to the CRAB cache. Using URI https://cmsweb.cern.ch/crabcache
DEBUG 2019-05-13 19:25:57,675: 	 Result uploading input files: a91432ba4693afbbde9dbfbf3a45ce6415c548894da6deac0dabcf6ac4d297eb.tar.gz 
INFO 2019-05-13 19:25:57,675: 	 Sending the request to the server
DEBUG 2019-05-13 19:25:57,675: 	 Submitting {'maxjobruntime': 1250, 'extrajdl': [], 'lfn': '/store/group/phys_exotica/darkPhoton/schhibra/ScoutingNTuples2017', 'savelogsflag': 0, 'useparent': 0, 'scriptexe': 'exec.sh', 'asyncdest': 'T2_CH_CERN', 'algoargs': 10000, 'cachefilename': 'a91432ba4693afbbde9dbfbf3a45ce6415c548894da6deac0dabcf6ac4d297eb.tar.gz', 'numcores': 1, 'addoutputfiles': [], 'generator': 'pythia', 'maxmemory': 2000, 'publishdbsurl': 'https://cmsweb.cern.ch/dbs/prod/phys03/DBSWriter', 'priority': 10, 'jobsw': 'CMSSW_9_4_14', 'edmoutfiles': [], 'userfiles': [], 'primarydataset': '', 'inputdata': '/DarkPhotonToMuMu_M25_madgraph_pythia8_TuneCP5/RunIIFall17DRPremix-PU2017_94X_mc2017_realistic_v11-v1/AODSIM', 'ignorelocality': 0, 'dryrun': 0, 'workflow': 'crab_20190513_192550', 'cacheurl': u'https://cmsweb.cern.ch/crabcache', 'nonprodsw': 0, 'tfileoutfiles': ['tree_scout.root'], 'oneEventMode': 0, 'debugfilename': 'b688ea1211a8a2a8f07f67c248f50592d15098a8dacfbe49ae0821461d6d4260.tar.gz', 'saveoutput': 1, 'publication': 0, 'jobarch': 'slc6_amd64_gcc630', 'totalunits': 0, 'splitalgo': 'EventAwareLumiBased', 'ignoreglobalblacklist': 0, 'nonvaliddata': 0, 'dbsurl': 'https://cmsweb.cern.ch/dbs/prod/global/DBSReader', 'publishgroupname': 0, 'jobtype': 'Analysis', 'publishname2': ''} 
DEBUG 2019-05-13 19:25:57,676: 	 Encoded submit request: maxjobruntime=1250&lfn=%2Fstore%2Fgroup%2Fphys_exotica%2FdarkPhoton%2Fschhibra%2FScoutingNTuples2017&savelogsflag=0&useparent=0&scriptexe=exec.sh&asyncdest=T2_CH_CERN&algoargs=10000&cachefilename=a91432ba4693afbbde9dbfbf3a45ce6415c548894da6deac0dabcf6ac4d297eb.tar.gz&numcores=1&generator=pythia&maxmemory=2000&publishdbsurl=https%3A%2F%2Fcmsweb.cern.ch%2Fdbs%2Fprod%2Fphys03%2FDBSWriter&priority=10&jobsw=CMSSW_9_4_14&primarydataset=&inputdata=%2FDarkPhotonToMuMu_M25_madgraph_pythia8_TuneCP5%2FRunIIFall17DRPremix-PU2017_94X_mc2017_realistic_v11-v1%2FAODSIM&ignorelocality=0&dryrun=0&workflow=crab_20190513_192550&cacheurl=https%3A%2F%2Fcmsweb.cern.ch%2Fcrabcache&nonprodsw=0&oneEventMode=0&debugfilename=b688ea1211a8a2a8f07f67c248f50592d15098a8dacfbe49ae0821461d6d4260.tar.gz&saveoutput=1&publication=0&jobarch=slc6_amd64_gcc630&totalunits=0&splitalgo=EventAwareLumiBased&ignoreglobalblacklist=0&nonvaliddata=0&dbsurl=https%3A%2F%2Fcmsweb.cern.ch%2Fdbs%2Fprod%2Fglobal%2FDBSReader&publishgroupname=0&jobtype=Analysis&publishname2=&tfileoutfiles=tree_scout.root
DEBUG 2019-05-13 19:25:58,392: 	 Result: {u'result': [{u'RequestName': u'190513_172558:schhibra_crab_20190513_192550'}]}
INFO 2019-05-13 19:25:58,395: 	 Success: Your task has been delivered to the CRAB3 server.
INFO 2019-05-13 19:25:58,395: 	 Task name: 190513_172558:schhibra_crab_20190513_192550
INFO 2019-05-13 19:25:58,396: 	 Project dir: ./crab_20190513_192550
INFO 2019-05-13 19:25:58,396: 	 Please use 'crab status -d ./crab_20190513_192550' to check how the submission process proceeds.
DEBUG 2019-05-13 19:25:58,396: 	 About to return
INFO 2019-05-13 19:25:58,399: 	 Log file is /afs/cern.ch/work/s/schhibra/DarkPhotonSearch_v2/CMSSW_9_4_14/src/ScoutingAnalysis/TreeMaker/crab/ZdScoutingM25_L1_12_5_L1_15_7_Official_AccXEff/crab_20190513_192550/crab.log
DEBUG 2019-05-17 19:15:02,371: 	 Executing command: 'status'
DEBUG 2019-05-17 19:15:02,371: 	 Found CRAB cache file /afs/cern.ch/user/s/schhibra/.crab3
DEBUG 2019-05-17 19:15:02,416: 	 Checking credentials
DEBUG 2019-05-17 19:15:02,417: 	 Found proxy file /tmp/x509up_u59012
DEBUG 2019-05-17 19:15:02,417: 	 Getting proxy life time left
DEBUG 2019-05-17 19:15:03,428: 	 Executing : 
 command : voms-proxy-info -file /tmp/x509up_u59012 -timeleft
 output : 584204

 error: 
 retcode : 0
DEBUG 2019-05-17 19:15:04,339: 	 Executing : 
 command : voms-proxy-info -file /tmp/x509up_u59012 -actimeleft
 output : 584202

 error: 
 retcode : 0
DEBUG 2019-05-17 19:15:04,339: 	 Proxy lifetime 584204 secs is different from voms extension lifetime 584202 secs for proxy: /tmp/x509up_u59012
DEBUG 2019-05-17 19:15:04,339: 	 Proxy valid for 162:16:42 hours
DEBUG 2019-05-17 19:15:04,566: 	 Executing : 
 command : openssl x509 -in ~/.globus/usercert.pem -subject -noout
 output : subject= /DC=ch/DC=cern/OU=Organic Units/OU=Users/CN=schhibra/CN=715612/CN=Simranjit Singh Chhibra

 error: 
 retcode : 0
DEBUG 2019-05-17 19:15:04,567: 	 Checking credentials
DEBUG 2019-05-17 19:15:04,567: 	 Found proxy file /tmp/x509up_u59012
DEBUG 2019-05-17 19:15:04,567: 	 Getting proxy life time left
DEBUG 2019-05-17 19:15:05,479: 	 Executing : 
 command : voms-proxy-info -file /tmp/x509up_u59012 -timeleft
 output : 584202

 error: 
 retcode : 0
DEBUG 2019-05-17 19:15:06,488: 	 Executing : 
 command : voms-proxy-info -file /tmp/x509up_u59012 -actimeleft
 output : 584200

 error: 
 retcode : 0
DEBUG 2019-05-17 19:15:06,489: 	 Proxy lifetime 584202 secs is different from voms extension lifetime 584200 secs for proxy: /tmp/x509up_u59012
DEBUG 2019-05-17 19:15:06,489: 	 Proxy valid for 162:16:40 hours
DEBUG 2019-05-17 19:15:06,667: 	 Registering user credentials for server /DC=ch/DC=cern/OU=computers/CN=vocms(052|058|030|0118|0105|0109).cern.ch|/DC=ch/DC=cern/OU=computers/CN=crab-(preprod|prod)-tw(02|01).cern.ch
DEBUG 2019-05-17 19:15:06,785: 	 Executing : 
 command : openssl x509 -in ~/.globus/usercert.pem -subject -noout
 output : subject= /DC=ch/DC=cern/OU=Organic Units/OU=Users/CN=schhibra/CN=715612/CN=Simranjit Singh Chhibra

 error: 
 retcode : 0
DEBUG 2019-05-17 19:15:06,785: 	 Getting myproxy life time left for myproxy.cern.ch
DEBUG 2019-05-17 19:15:06,785: 	 Calculating hash of /DC=ch/DC=cern/OU=Organic Units/OU=Users/CN=schhibra/CN=715612/CN=Simranjit Singh Chhibra_cmsweb.cern.ch for credential name
DEBUG 2019-05-17 19:15:07,092: 	 Executing : 
 command : myproxy-info -l 3841cd59f3d3480019d577f9a3ad69704f35aad0 -s myproxy.cern.ch
 output : username: 3841cd59f3d3480019d577f9a3ad69704f35aad0
owner: /DC=ch/DC=cern/OU=Organic Units/OU=Users/CN=schhibra/CN=715612/CN=Simranjit Singh Chhibra
  renewal policy: /DC=ch/DC=cern/OU=computers/CN=vocms(052|058|030|0118|0105|0109).cern.ch|/DC=ch/DC=cern/OU=computers/CN=crab-(preprod|prod)-tw(02|01).cern.ch
  trusted retrieval policy: /DC=ch/DC=cern/OU=computers/CN=vocms(052|058|030|0118|0105|0109).cern.ch|/DC=ch/DC=cern/OU=computers/CN=crab-(preprod|prod)-tw(02|01).cern.ch
  timeleft: 701:53:13  (29.2 days)

 error: 
 retcode : 0
DEBUG 2019-05-17 19:15:07,093: 	 Myproxy is valid: 2526793
DEBUG 2019-05-17 19:15:07,094: 	 Command use: status
DEBUG 2019-05-17 19:15:07,094: 	 Options use: ['ZdScoutingM25_L1_12_5_L1_15_7_Official_AccXEff/crab_20190513_192550/']
DEBUG 2019-05-17 19:15:07,262: 	 CRABClient version: 3.3.1904
DEBUG 2019-05-17 19:15:07,262: 	 Instance is prod
DEBUG 2019-05-17 19:15:07,262: 	 Server base url is cmsweb.cern.ch
DEBUG 2019-05-17 19:15:07,262: 	 Command url /crabserver/prod/workflow
DEBUG 2019-05-17 19:15:07,408: 	 Got information from server oracle database: {u'result': [u'190513_172558:schhibra_crab_20190513_192550', u'None', u'None', u'SUBMITTED', u'SUBMIT', u'2019-05-13 17:25:58.385551', u'None', u'2019-05-13 17:26:38.001982', u'None', u'CMSSW_9_4_14', u'slc6_amd64_gcc630', u'/DarkPhotonToMuMu_M25_madgraph_pythia8_TuneCP5/RunIIFall17DRPremix-PU2017_94X_mc2017_realistic_v11-v1/AODSIM', u'F', u'0', u'[]', u'[]', u'EventAwareLumiBased', u"{'splitOnRun': False, 'events_per_job': 10000, 'halt_job_on_file_boundaries': False, 'runs': [], 'lumis': []}", u'a91432ba4693afbbde9dbfbf3a45ce6415c548894da6deac0dabcf6ac4d297eb.tar.gz', u'https://cmsweb.cern.ch/crabcache', u'schhibra', u'/DC=ch/DC=cern/OU=Organic Units/OU=Users/CN=schhibra/CN=715612/CN=Simranjit Singh Chhibra', u'cms', u'None', u'None', u'crab_20190513_192550-00000000000000000000000000000000', u'F', u'T2_CH_CERN', u'https://cmsweb.cern.ch/dbs/prod/global/DBSReader', u'https://cmsweb.cern.ch/dbs/prod/phys03/DBSWriter', u'F', u'[]', u"['tree_scout.root']", u'[]', u'Analysis', u'pythia', u'None', u'{}', u'[]', u'F', u'crab-prod-tw01', u'[]', u'1250', u'1', u'2000', u'10', u'None', u'[]', u'http://vocms0144.cern.ch/mon/cms175/190513_172558:schhibra_crab_20190513_192550', u'exec.sh', u'[]', u'[]', u'https://cmsweb.cern.ch/crabserver/prod', u'cmsgwms-collector-global.cern.ch:9620,cmssrv221.fnal.gov:9620', u'crab3@vocms0144.cern.ch', u'F', u'[]', u'T', u'/store/group/phys_exotica/darkPhoton/schhibra/ScoutingNTuples2017', u'F', u'None', u'F', u'None', u'DarkPhotonToMuMu_M25_madgraph_pythia8_TuneCP5', u'None', u'b688ea1211a8a2a8f07f67c248f50592d15098a8dacfbe49ae0821461d6d4260.tar.gz', u'39273689', u'filetransfers', u'F', u'188.184.104.130', u'0.0', u'None'], u'desc': {u'columns': [u'tm_taskname', u'tm_activity', u'panda_jobset_id', u'tm_task_status', u'tm_task_command', u'tm_start_time', u'tm_start_injection', u'tm_end_injection', u'tm_task_failure', u'tm_job_sw', u'tm_job_arch', u'tm_input_dataset', u'tm_nonvalid_input_dataset', u'tm_use_parent', u'tm_site_whitelist', u'tm_site_blacklist', u'tm_split_algo', u'tm_split_args', u'tm_user_sandbox', u'tm_cache_url', u'tm_username', u'tm_user_dn', u'tm_user_vo', u'tm_user_role', u'tm_user_group', u'tm_publish_name', u'tm_publish_groupname', u'tm_asyncdest', u'tm_dbs_url', u'tm_publish_dbs_url', u'tm_publication', u'tm_outfiles', u'tm_tfile_outfiles', u'tm_edm_outfiles', u'tm_job_type', u'tm_generator', u'tm_events_per_lumi', u'tm_arguments', u'panda_resubmitted_jobs', u'tm_save_logs', u'tw_name', u'tm_user_infiles', u'tm_maxjobruntime', u'tm_numcores', u'tm_maxmemory', u'tm_priority', u'tm_output_dataset', u'tm_task_warnings', u'tm_user_webdir', u'tm_scriptexe', u'tm_scriptargs', u'tm_extrajdl', u'tm_asourl', u'tm_collector', u'tm_schedd', u'tm_dry_run', u'tm_user_files', u'tm_transfer_outputs', u'tm_output_lfn', u'tm_ignore_locality', u'tm_fail_limit', u'tm_one_event_mode', u'tm_secondary_input_dataset', u'tm_primary_dataset', u'tm_last_publication', u'tm_debug_files', u'clusterid', u'tm_asodb', u'tm_ignore_global_blacklist', u'tm_submitter_ip_addr', u'tm_totalunits', u'tm_ddm_reqid']}}
INFO 2019-05-17 19:15:07,409: 	 CRAB project directory:		/afs/cern.ch/work/s/schhibra/DarkPhotonSearch_v2/CMSSW_9_4_14/src/ScoutingAnalysis/TreeMaker/crab/ZdScoutingM25_L1_12_5_L1_15_7_Official_AccXEff/crab_20190513_192550
INFO 2019-05-17 19:15:07,409: 	 Task name:			190513_172558:schhibra_crab_20190513_192550
INFO 2019-05-17 19:15:07,409: 	 Grid scheduler - Task Worker:	crab3@vocms0144.cern.ch - crab-prod-tw01
INFO 2019-05-17 19:15:07,409: 	 Status on the CRAB server:	SUBMITTED
INFO 2019-05-17 19:15:07,409: 	 Task URL to use for HELP:	https://cmsweb.cern.ch/crabserver/ui/task/190513_172558%3Aschhibra_crab_20190513_192550
INFO 2019-05-17 19:15:07,409: 	 Dashboard monitoring URL:	http://dashb-cms-job.cern.ch/dashboard/templates/task-analysis/#user=schhibra&refresh=0&table=Jobs&p=1&records=25&activemenu=2&status=&site=&tid=190513_172558%3Aschhibra_crab_20190513_192550
INFO 2019-05-17 19:15:07,410: 	 New dashboard monitoring URL:	https://monit-grafana.cern.ch/d/cmsTMDetail/cms-task-monitoring-task-view?orgId=11&var-user=schhibra&var-task=190513_172558%3Aschhibra_crab_20190513_192550
INFO 2019-05-17 19:15:07,410: 	 In case of issues with the new dashboard, please provide feedback to hn-cms-computing-tools@cern.ch
DEBUG 2019-05-17 19:15:07,410: 	 The CRAB server submitted your task to the Grid scheduler (cluster ID: 39273689)
DEBUG 2019-05-17 19:15:07,410: 	 Webdir is located at http://vocms0144.cern.ch/mon/cms175/190513_172558:schhibra_crab_20190513_192550
DEBUG 2019-05-17 19:15:07,577: 	 Proxied webdir is located at https://cmsweb.cern.ch/scheddmon/0144/cms175/190513_172558:schhibra_crab_20190513_192550
DEBUG 2019-05-17 19:15:07,578: 	 Retrieving 'status_cache' file from https://cmsweb.cern.ch/scheddmon/0144/cms175/190513_172558:schhibra_crab_20190513_192550/status_cache
DEBUG 2019-05-17 19:15:08,344: 	 Got information from status cache file: {'1': {'Retries': 0, 'WallDurations': [220.0, 222.0], 'StartTimes': [1557776425.0], 'SubmitTimes': [1557768409.0], 'JobIds': ['39273695.0'], 'EndTimes': [1557776647.0], 'Restarts': 0, 'RecordedSite': True, 'State': 'finished', 'ResidentSetSize': [4940], 'TotalUserCpuTimeHistory': [153], 'SiteHistory': ['Unknown', 'T2_US_Wisconsin'], 'TotalSysCpuTimeHistory': [5]}, '3': {'Retries': 0, 'WallDurations': [8.0, 225.0], 'StartTimes': [1557776427.0], 'SubmitTimes': [1557768409.0], 'JobIds': ['39273697.0'], 'EndTimes': [1557776652.0], 'Restarts': 0, 'RecordedSite': True, 'State': 'finished', 'ResidentSetSize': [6572], 'TotalUserCpuTimeHistory': [158], 'SiteHistory': ['Unknown', 'T2_US_Wisconsin'], 'TotalSysCpuTimeHistory': [5]}, '2': {'Retries': 0, 'WallDurations': [10.0, 391.0], 'StartTimes': [1557776427.0], 'SubmitTimes': [1557768408.0], 'JobIds': ['39273693.0'], 'EndTimes': [1557776818.0], 'Restarts': 0, 'RecordedSite': True, 'State': 'finished', 'ResidentSetSize': [700456], 'TotalUserCpuTimeHistory': [175], 'SiteHistory': ['Unknown', 'T2_US_MIT'], 'TotalSysCpuTimeHistory': [5]}, '5': {'Retries': 0, 'WallDurations': [9.0, 229.0], 'StartTimes': [1557776424.0], 'SubmitTimes': [1557768409.0], 'JobIds': ['39273696.0'], 'EndTimes': [1557776653.0], 'Restarts': 0, 'RecordedSite': True, 'State': 'finished', 'ResidentSetSize': [30940], 'TotalUserCpuTimeHistory': [168], 'SiteHistory': ['Unknown', 'T2_US_Wisconsin'], 'TotalSysCpuTimeHistory': [5]}, '4': {'Retries': 0, 'WallDurations': [9.0, 401.0], 'StartTimes': [1557776427.0], 'SubmitTimes': [1557768409.0], 'JobIds': ['39273694.0'], 'EndTimes': [1557776828.0], 'Restarts': 0, 'RecordedSite': True, 'State': 'finished', 'ResidentSetSize': [695992], 'TotalUserCpuTimeHistory': [184], 'SiteHistory': ['Unknown', 'T2_US_MIT'], 'TotalSysCpuTimeHistory': [5]}}
INFO 2019-05-17 19:15:08,345: 	 Status on the scheduler:	COMPLETED
INFO 2019-05-17 19:15:08,345: 	 
Jobs status:                    finished     		100.0% (5/5)
INFO 2019-05-17 19:15:08,345: 	 
No publication information (publication has been disabled in the CRAB configuration file)
INFO 2019-05-17 19:15:08,346: 	 
Warning: the max jobs runtime is less than 30% of the task requested value (1250 min), please consider to request a lower value for failed jobs (allowed through crab resubmit) and/or improve the jobs splitting (e.g. config.Data.splitting = 'Automatic') in a new task.
INFO 2019-05-17 19:15:08,346: 	 
Summary of run jobs:
 * Memory: 4MB min, 684MB max, 281MB ave
 * Runtime: 0:03:42 min, 0:06:41 max, 0:04:53 ave
 * CPU eff: 46% min, 76% max, 59% ave
 * Waste: 0:04:16 (15% of total)

INFO 2019-05-17 19:15:08,437: 	 Log file is /afs/cern.ch/work/s/schhibra/DarkPhotonSearch_v2/CMSSW_9_4_14/src/ScoutingAnalysis/TreeMaker/crab/ZdScoutingM25_L1_12_5_L1_15_7_Official_AccXEff/crab_20190513_192550/crab.log
