DEBUG 2019-05-08 22:05:26,080: 	 Executing command: 'submit'
DEBUG 2019-05-08 22:05:26,081: 	 Found CRAB cache file /afs/cern.ch/user/s/schhibra/.crab3
DEBUG 2019-05-08 22:05:26,097: 	 Checking credentials
DEBUG 2019-05-08 22:05:26,099: 	 Found proxy file /tmp/x509up_u59012
DEBUG 2019-05-08 22:05:26,099: 	 Getting proxy life time left
DEBUG 2019-05-08 22:05:27,208: 	 Executing : 
 command : voms-proxy-info -file /tmp/x509up_u59012 -timeleft
 output : 600715

 error: 
 retcode : 0
DEBUG 2019-05-08 22:05:28,219: 	 Executing : 
 command : voms-proxy-info -file /tmp/x509up_u59012 -actimeleft
 output : 600714

 error: 
 retcode : 0
DEBUG 2019-05-08 22:05:28,220: 	 Proxy lifetime 600715 secs is different from voms extension lifetime 600714 secs for proxy: /tmp/x509up_u59012
DEBUG 2019-05-08 22:05:28,220: 	 Proxy valid for 166:51:54 hours
INFO 2019-05-08 22:05:28,220: 	 Will use CRAB configuration file crabConfig.py
DEBUG 2019-05-08 22:05:28,221: 	 Loading CRAB configuration file.
DEBUG 2019-05-08 22:05:28,230: 	 Will use CRAB Analysis plugin (i.e. will run an analysis job type).
DEBUG 2019-05-08 22:05:28,362: 	 Executing : 
 command : openssl x509 -in ~/.globus/usercert.pem -subject -noout
 output : subject= /DC=ch/DC=cern/OU=Organic Units/OU=Users/CN=schhibra/CN=715612/CN=Simranjit Singh Chhibra

 error: 
 retcode : 0
DEBUG 2019-05-08 22:05:28,363: 	 Checking credentials
DEBUG 2019-05-08 22:05:28,364: 	 Found proxy file /tmp/x509up_u59012
DEBUG 2019-05-08 22:05:28,364: 	 Getting proxy life time left
DEBUG 2019-05-08 22:05:30,380: 	 Executing : 
 command : voms-proxy-info -file /tmp/x509up_u59012 -timeleft
 output : 600712

 error: 
 retcode : 0
DEBUG 2019-05-08 22:05:31,590: 	 Executing : 
 command : voms-proxy-info -file /tmp/x509up_u59012 -actimeleft
 output : 600711

 error: 
 retcode : 0
DEBUG 2019-05-08 22:05:31,590: 	 Proxy lifetime 600712 secs is different from voms extension lifetime 600711 secs for proxy: /tmp/x509up_u59012
DEBUG 2019-05-08 22:05:31,590: 	 Proxy valid for 166:51:51 hours
DEBUG 2019-05-08 22:05:32,699: 	 Executing : 
 command : env X509_USER_PROXY=/tmp/x509up_u59012 voms-proxy-info -fqan
 output : /cms/Role=NULL/Capability=NULL

 error: 
 retcode : 0
DEBUG 2019-05-08 22:05:32,877: 	 Registering user credentials for server /DC=ch/DC=cern/OU=computers/CN=vocms(052|058|030|0118|0105|0109).cern.ch|/DC=ch/DC=cern/OU=computers/CN=crab-(preprod|prod)-tw(02|01).cern.ch
DEBUG 2019-05-08 22:05:32,992: 	 Executing : 
 command : openssl x509 -in ~/.globus/usercert.pem -subject -noout
 output : subject= /DC=ch/DC=cern/OU=Organic Units/OU=Users/CN=schhibra/CN=715612/CN=Simranjit Singh Chhibra

 error: 
 retcode : 0
DEBUG 2019-05-08 22:05:32,993: 	 Getting myproxy life time left for myproxy.cern.ch
DEBUG 2019-05-08 22:05:32,993: 	 Calculating hash of /DC=ch/DC=cern/OU=Organic Units/OU=Users/CN=schhibra/CN=715612/CN=Simranjit Singh Chhibra_cmsweb.cern.ch for credential name
DEBUG 2019-05-08 22:05:33,200: 	 Executing : 
 command : myproxy-info -l 3841cd59f3d3480019d577f9a3ad69704f35aad0 -s myproxy.cern.ch
 output : username: 3841cd59f3d3480019d577f9a3ad69704f35aad0
owner: /DC=ch/DC=cern/OU=Organic Units/OU=Users/CN=schhibra/CN=715612/CN=Simranjit Singh Chhibra
  renewal policy: /DC=ch/DC=cern/OU=computers/CN=vocms(052|058|030|0118|0105|0109).cern.ch|/DC=ch/DC=cern/OU=computers/CN=crab-(preprod|prod)-tw(02|01).cern.ch
  trusted retrieval policy: /DC=ch/DC=cern/OU=computers/CN=vocms(052|058|030|0118|0105|0109).cern.ch|/DC=ch/DC=cern/OU=computers/CN=crab-(preprod|prod)-tw(02|01).cern.ch
  timeleft: 548:18:50  (22.8 days)

 error: 
 retcode : 0
DEBUG 2019-05-08 22:05:33,201: 	 Myproxy is valid: 1973930
DEBUG 2019-05-08 22:05:33,201: 	 Command use: submit
DEBUG 2019-05-08 22:05:33,201: 	 Options use: ['crabConfig.py']
DEBUG 2019-05-08 22:05:33,334: 	 CRABClient version: 3.3.1904
DEBUG 2019-05-08 22:05:33,334: 	 Instance is prod
DEBUG 2019-05-08 22:05:33,334: 	 Server base url is cmsweb.cern.ch
DEBUG 2019-05-08 22:05:33,334: 	 Command url /crabserver/prod/workflow
DEBUG 2019-05-08 22:05:33,334: 	 Started submission
DEBUG 2019-05-08 22:05:33,334: 	 Working on /afs/cern.ch/work/s/schhibra/DarkPhotonSearch_v2/CMSSW_9_4_14/src/ScoutingAnalysis/TreeMaker/crab/ScoutingRunC_L1_15_7/crab_20190508_220528
DEBUG 2019-05-08 22:05:33,520: 	 Loading required information from the environment
DEBUG 2019-05-08 22:05:33,520: 	 Found CMSSW_9_4_14 for slc6_amd64_gcc630 with base /afs/cern.ch/work/s/schhibra/DarkPhotonSearch_v2/CMSSW_9_4_14
DEBUG 2019-05-08 22:05:33,520: 	 Loading required information from the environment
DEBUG 2019-05-08 22:05:33,520: 	 Found CMSSW_9_4_14 for slc6_amd64_gcc630 with base /afs/cern.ch/work/s/schhibra/DarkPhotonSearch_v2/CMSSW_9_4_14
DEBUG 2019-05-08 22:05:33,553: 	 UNIQUE NAME: tarUUID 6c9809d2-c5aa-4630-9689-fae3b2b2f0a3 
DEBUG 2019-05-08 22:05:33,554: 	 self.config: from WMCore.Configuration import Configuration
config = Configuration()
config.section_('General')
config.section_('JobType')
config.JobType.psetName = '../../test/tree_scout_cfg.py'
config.JobType.pluginName = 'Analysis'
config.JobType.inputFiles = ['../Rochester.tar.gz']
config.JobType.pyCfgParams = ['applyHLTFilter=True', 'applyDimuonFilter=True', 'GlobalTag=94X_dataRun2_ReReco17_forValidation', 'roccorData=Rochester/RoccoR2017.txt']
config.JobType.scriptExe = '../exec.sh'
config.section_('Data')
config.Data.inputDataset = '/ScoutingCaloMuon/Run2017C-v1/RAW'
config.Data.publication = False
config.Data.unitsPerJob = 100
config.Data.splitting = 'LumiBased'
config.Data.lumiMask = '/afs/cern.ch/work/s/schhibra/public/Cert_Run2017C_D_E_F_scouting_12_5_off.json'
config.Data.outLFNDirBase = '/store/group/phys_exotica/darkPhoton/schhibra/ScoutingNTuples2017'
config.section_('Site')
config.Site.storageSite = 'T2_CH_CERN'
config.section_('User')
config.section_('Debug')

DEBUG 2019-05-08 22:05:33,554: 	 self.config.JobType.psetName: ../../test/tree_scout_cfg.py
INFO 2019-05-08 22:05:33,554: 	 Importing CMSSW configuration ../../test/tree_scout_cfg.py
DEBUG 2019-05-08 22:05:33,554: 	 Additional parameters for the CMSSW configuration are: ['applyHLTFilter=True', 'applyDimuonFilter=True', 'GlobalTag=94X_dataRun2_ReReco17_forValidation', 'roccorData=Rochester/RoccoR2017.txt']
INFO 2019-05-08 22:05:35,882: 	 Finished importing CMSSW configuration ../../test/tree_scout_cfg.py
DEBUG 2019-05-08 22:05:35,882: 	 Writing CMSSW configuration to /afs/cern.ch/work/s/schhibra/DarkPhotonSearch_v2/CMSSW_9_4_14/src/ScoutingAnalysis/TreeMaker/crab/ScoutingRunC_L1_15_7/crab_20190508_220528/inputs/PSet.py
DEBUG 2019-05-08 22:05:36,321: 	 The following EDM output files will be collected: []
DEBUG 2019-05-08 22:05:36,321: 	 The following TFile output files will be collected: ['tree_scout.root']
DEBUG 2019-05-08 22:05:36,321: 	 The following user output files will be collected: []
DEBUG 2019-05-08 22:05:36,321: 	 Loading required information from the environment
DEBUG 2019-05-08 22:05:36,321: 	 Found CMSSW_9_4_14 for slc6_amd64_gcc630 with base /afs/cern.ch/work/s/schhibra/DarkPhotonSearch_v2/CMSSW_9_4_14
DEBUG 2019-05-08 22:05:36,321: 	 Making tarball in /afs/cern.ch/work/s/schhibra/DarkPhotonSearch_v2/CMSSW_9_4_14/src/ScoutingAnalysis/TreeMaker/crab/ScoutingRunC_L1_15_7/crab_20190508_220528/inputs/6c9809d2-c5aa-4630-9689-fae3b2b2f0a3default.tgz
DEBUG 2019-05-08 22:05:36,340: 	 Checking directory /afs/cern.ch/work/s/schhibra/DarkPhotonSearch_v2/CMSSW_9_4_14/lib
DEBUG 2019-05-08 22:05:36,341: 	 Adding directory /afs/cern.ch/work/s/schhibra/DarkPhotonSearch_v2/CMSSW_9_4_14/lib to tarball
DEBUG 2019-05-08 22:05:36,353: 	 Checking directory /afs/cern.ch/work/s/schhibra/DarkPhotonSearch_v2/CMSSW_9_4_14/biglib
DEBUG 2019-05-08 22:05:36,353: 	 Adding directory /afs/cern.ch/work/s/schhibra/DarkPhotonSearch_v2/CMSSW_9_4_14/biglib to tarball
DEBUG 2019-05-08 22:05:36,354: 	 Checking directory /afs/cern.ch/work/s/schhibra/DarkPhotonSearch_v2/CMSSW_9_4_14/module
DEBUG 2019-05-08 22:05:36,356: 	 Adding data directory /afs/cern.ch/work/s/schhibra/DarkPhotonSearch_v2/CMSSW_9_4_14/src/ScoutingAnalysis/TreeMaker/data to tarball
DEBUG 2019-05-08 22:05:36,583: 	 Adding data directory /afs/cern.ch/work/s/schhibra/DarkPhotonSearch_v2/CMSSW_9_4_14/src/ScoutingAnalysis/TreeMaker/interface to tarball
DEBUG 2019-05-08 22:05:36,604: 	 Adding file ../Rochester.tar.gz to tarball
DEBUG 2019-05-08 22:05:36,992: 	 Uploading archive /afs/cern.ch/work/s/schhibra/DarkPhotonSearch_v2/CMSSW_9_4_14/src/ScoutingAnalysis/TreeMaker/crab/ScoutingRunC_L1_15_7/crab_20190508_220528/inputs/6c9809d2-c5aa-4630-9689-fae3b2b2f0a3default.tgz (1.386719.1 MB) to the CRAB cache. Using URI https://cmsweb.cern.ch/crabcache
DEBUG 2019-05-08 22:05:38,312: 	 Loading required information from the environment
DEBUG 2019-05-08 22:05:38,312: 	 Found CMSSW_9_4_14 for slc6_amd64_gcc630 with base /afs/cern.ch/work/s/schhibra/DarkPhotonSearch_v2/CMSSW_9_4_14
DEBUG 2019-05-08 22:05:38,312: 	 Making tarball in /afs/cern.ch/work/s/schhibra/DarkPhotonSearch_v2/CMSSW_9_4_14/src/ScoutingAnalysis/TreeMaker/crab/ScoutingRunC_L1_15_7/crab_20190508_220528/inputs/debugFiles.tgz
DEBUG 2019-05-08 22:05:38,319: 	 Uploading archive /afs/cern.ch/work/s/schhibra/DarkPhotonSearch_v2/CMSSW_9_4_14/src/ScoutingAnalysis/TreeMaker/crab/ScoutingRunC_L1_15_7/crab_20190508_220528/inputs/debugFiles.tgz (2 KB) to the CRAB cache. Using URI https://cmsweb.cern.ch/crabcache
DEBUG 2019-05-08 22:05:38,457: 	 Result uploading input files: a4a6de1421749891668391b772179f1e9398c95898338b320284b3e543fff1c0.tar.gz 
DEBUG 2019-05-08 22:05:38,457: 	 Attaching lumi mask /afs/cern.ch/work/s/schhibra/public/Cert_Run2017C_D_E_F_scouting_12_5_off.json to the request
DEBUG 2019-05-08 22:05:38,457: 	 Reading lumi-mask from /afs/cern.ch/work/s/schhibra/public/Cert_Run2017C_D_E_F_scouting_12_5_off.json
INFO 2019-05-08 22:05:38,458: 	 Sending the request to the server
DEBUG 2019-05-08 22:05:38,459: 	 Submitting {'maxjobruntime': 1250, 'extrajdl': [], 'lfn': '/store/group/phys_exotica/darkPhoton/schhibra/ScoutingNTuples2017', 'savelogsflag': 0, 'useparent': 0, 'scriptexe': 'exec.sh', 'asyncdest': 'T2_CH_CERN', 'algoargs': 100, 'cachefilename': 'a4a6de1421749891668391b772179f1e9398c95898338b320284b3e543fff1c0.tar.gz', 'numcores': 1, 'addoutputfiles': [], 'generator': 'pythia', 'maxmemory': 2000, 'publishdbsurl': 'https://cmsweb.cern.ch/dbs/prod/phys03/DBSWriter', 'priority': 10, 'jobsw': 'CMSSW_9_4_14', 'edmoutfiles': [], 'userfiles': [], 'primarydataset': '', 'inputdata': '/ScoutingCaloMuon/Run2017C-v1/RAW', 'ignorelocality': 0, 'dryrun': 0, 'workflow': 'crab_20190508_220528', 'cacheurl': u'https://cmsweb.cern.ch/crabcache', 'runs': [u'300497', u'300514', u'300806', u'303832', u'303948', u'303998', u'304120', u'304144', u'304169', u'304204', u'304209', u'304291', u'304292', u'304333', u'304354', u'304366', u'304446', u'304447', u'304505', u'304506', u'304507', u'304562', u'304616', u'304625', u'304626', u'304654', u'304661', u'304662', u'304663', u'304671', u'304737', u'304738', u'304776', u'304777', u'304797', u'305044', u'305045', u'305059', u'305062', u'305063', u'305064', u'305081', u'305112', u'305178', u'305179', u'305180', u'305181', u'305182', u'305183', u'305184', u'305185', u'305186', u'305202', u'305207', u'305234', u'305236', u'305237', u'305247', u'305248', u'305282', u'305310', u'305311', u'305312', u'305336', u'305338', u'305364', u'305365', u'305376', u'305377', u'305405', u'305406', u'305440', u'305441', u'305516', u'305517', u'305586', u'305588', u'305589', u'305636', u'305766', u'305809', u'305814', u'305821', u'305832', u'305862', u'305898', u'305902', u'305967', u'306029', u'306030', u'306036', u'306037', u'306038', u'306041', u'306042', u'306091', u'306092', u'306121', u'306122', u'306125', u'306134', u'306135', u'306138', u'306153', u'306154', u'306171', u'306418', u'306419', u'306420', u'306422', u'306423', u'306454', u'306455', u'306456'], 'lumis': ['50,162', '62,99', '69,200', '54,62', '158,161', '79,130', '1,39', '86,355,357,410', '50,78', '55,58,61,258', '52,138,140,177,190,218', '56,76', '1,184', '74,447', '82,295', '44,506', '40,102,104,104,107,109', '1,288', '60,82', '1,369', '1,75', '52,56,60,351,353,415', '52,223,227,342,345,460', '73,408,410,533', '1,8', '53,390,392,537', '53,205', '1,142', '1,51,53,126', '51,242,244,543', '69,142', '1,322,324,488', '49,77,80,80,87,87', '1,502', '28,553', '3,203,302,306,309,310,313,313,318,325', '1,1', '63,407,409,518,520,572', '1,3', '1,34', '1,96', '54,755', '68,719', '69,119', '1,16', '1,4', '1,6', '1,4', '1,261', '1,1,3,3,5,6', '1,1', '1,231', '74,132,136,714', '52,85,87,785', '52,91,93,93', '1,20', '1,594', '57,427', '1,293', '75,207', '60,450', '1,150', '1,98', '36,238', '1,101', '50,141', '1,568', '71,210', '1,590', '44,117,119,572', '1,125', '20,271', '1,121', '46,518,558,561,563,635', '1,36', '53,634', '1,55', '1,1', '60,339,342,470,472,667,671,672', '55,716', '56,197', '85,650', '59,719', '87,265', '81,705', '70,746', '53,521', '1,32', '63,91', '1,110', '60,60', '1,23,25,29,31,43', '1,136', '1,145,147,319', '1,69', '422,614,616,617', '1,55', '57,142', '1,124', '1,434', '53,73', '1,704', '1,5', '78,158', '1,593', '1,9', '1,33,35,65', '1,57', '1,108', '9,122', '1,110', '13,95', '1,5', '1,237,239,483'], 'nonprodsw': 0, 'tfileoutfiles': ['tree_scout.root'], 'oneEventMode': 0, 'debugfilename': '7a9e4bdcf21e9b819256cba14ec9022f777d4472e645eed8e88b24dafb7a941d.tar.gz', 'saveoutput': 1, 'publication': 0, 'jobarch': 'slc6_amd64_gcc630', 'totalunits': 0, 'splitalgo': 'LumiBased', 'ignoreglobalblacklist': 0, 'nonvaliddata': 0, 'dbsurl': 'https://cmsweb.cern.ch/dbs/prod/global/DBSReader', 'publishgroupname': 0, 'jobtype': 'Analysis', 'publishname2': ''} 
DEBUG 2019-05-08 22:05:38,459: 	 Encoded submit request: maxjobruntime=1250&lfn=%2Fstore%2Fgroup%2Fphys_exotica%2FdarkPhoton%2Fschhibra%2FScoutingNTuples2017&savelogsflag=0&useparent=0&scriptexe=exec.sh&asyncdest=T2_CH_CERN&algoargs=100&cachefilename=a4a6de1421749891668391b772179f1e9398c95898338b320284b3e543fff1c0.tar.gz&numcores=1&generator=pythia&maxmemory=2000&publishdbsurl=https%3A%2F%2Fcmsweb.cern.ch%2Fdbs%2Fprod%2Fphys03%2FDBSWriter&priority=10&jobsw=CMSSW_9_4_14&primarydataset=&inputdata=%2FScoutingCaloMuon%2FRun2017C-v1%2FRAW&ignorelocality=0&dryrun=0&workflow=crab_20190508_220528&cacheurl=https%3A%2F%2Fcmsweb.cern.ch%2Fcrabcache&nonprodsw=0&oneEventMode=0&debugfilename=7a9e4bdcf21e9b819256cba14ec9022f777d4472e645eed8e88b24dafb7a941d.tar.gz&saveoutput=1&publication=0&jobarch=slc6_amd64_gcc630&totalunits=0&splitalgo=LumiBased&ignoreglobalblacklist=0&nonvaliddata=0&dbsurl=https%3A%2F%2Fcmsweb.cern.ch%2Fdbs%2Fprod%2Fglobal%2FDBSReader&publishgroupname=0&jobtype=Analysis&publishname2=&tfileoutfiles=tree_scout.root&runs=300497&runs=300514&runs=300806&runs=303832&runs=303948&runs=303998&runs=304120&runs=304144&runs=304169&runs=304204&runs=304209&runs=304291&runs=304292&runs=304333&runs=304354&runs=304366&runs=304446&runs=304447&runs=304505&runs=304506&runs=304507&runs=304562&runs=304616&runs=304625&runs=304626&runs=304654&runs=304661&runs=304662&runs=304663&runs=304671&runs=304737&runs=304738&runs=304776&runs=304777&runs=304797&runs=305044&runs=305045&runs=305059&runs=305062&runs=305063&runs=305064&runs=305081&runs=305112&runs=305178&runs=305179&runs=305180&runs=305181&runs=305182&runs=305183&runs=305184&runs=305185&runs=305186&runs=305202&runs=305207&runs=305234&runs=305236&runs=305237&runs=305247&runs=305248&runs=305282&runs=305310&runs=305311&runs=305312&runs=305336&runs=305338&runs=305364&runs=305365&runs=305376&runs=305377&runs=305405&runs=305406&runs=305440&runs=305441&runs=305516&runs=305517&runs=305586&runs=305588&runs=305589&runs=305636&runs=305766&runs=305809&runs=305814&runs=305821&runs=305832&runs=305862&runs=305898&runs=305902&runs=305967&runs=306029&runs=306030&runs=306036&runs=306037&runs=306038&runs=306041&runs=306042&runs=306091&runs=306092&runs=306121&runs=306122&runs=306125&runs=306134&runs=306135&runs=306138&runs=306153&runs=306154&runs=306171&runs=306418&runs=306419&runs=306420&runs=306422&runs=306423&runs=306454&runs=306455&runs=306456&lumis=50%2C162&lumis=62%2C99&lumis=69%2C200&lumis=54%2C62&lumis=158%2C161&lumis=79%2C130&lumis=1%2C39&lumis=86%2C355%2C357%2C410&lumis=50%2C78&lumis=55%2C58%2C61%2C258&lumis=52%2C138%2C140%2C177%2C190%2C218&lumis=56%2C76&lumis=1%2C184&lumis=74%2C447&lumis=82%2C295&lumis=44%2C506&lumis=40%2C102%2C104%2C104%2C107%2C109&lumis=1%2C288&lumis=60%2C82&lumis=1%2C369&lumis=1%2C75&lumis=52%2C56%2C60%2C351%2C353%2C415&lumis=52%2C223%2C227%2C342%2C345%2C460&lumis=73%2C408%2C410%2C533&lumis=1%2C8&lumis=53%2C390%2C392%2C537&lumis=53%2C205&lumis=1%2C142&lumis=1%2C51%2C53%2C126&lumis=51%2C242%2C244%2C543&lumis=69%2C142&lumis=1%2C322%2C324%2C488&lumis=49%2C77%2C80%2C80%2C87%2C87&lumis=1%2C502&lumis=28%2C553&lumis=3%2C203%2C302%2C306%2C309%2C310%2C313%2C313%2C318%2C325&lumis=1%2C1&lumis=63%2C407%2C409%2C518%2C520%2C572&lumis=1%2C3&lumis=1%2C34&lumis=1%2C96&lumis=54%2C755&lumis=68%2C719&lumis=69%2C119&lumis=1%2C16&lumis=1%2C4&lumis=1%2C6&lumis=1%2C4&lumis=1%2C261&lumis=1%2C1%2C3%2C3%2C5%2C6&lumis=1%2C1&lumis=1%2C231&lumis=74%2C132%2C136%2C714&lumis=52%2C85%2C87%2C785&lumis=52%2C91%2C93%2C93&lumis=1%2C20&lumis=1%2C594&lumis=57%2C427&lumis=1%2C293&lumis=75%2C207&lumis=60%2C450&lumis=1%2C150&lumis=1%2C98&lumis=36%2C238&lumis=1%2C101&lumis=50%2C141&lumis=1%2C568&lumis=71%2C210&lumis=1%2C590&lumis=44%2C117%2C119%2C572&lumis=1%2C125&lumis=20%2C271&lumis=1%2C121&lumis=46%2C518%2C558%2C561%2C563%2C635&lumis=1%2C36&lumis=53%2C634&lumis=1%2C55&lumis=1%2C1&lumis=60%2C339%2C342%2C470%2C472%2C667%2C671%2C672&lumis=55%2C716&lumis=56%2C197&lumis=85%2C650&lumis=59%2C719&lumis=87%2C265&lumis=81%2C705&lumis=70%2C746&lumis=53%2C521&lumis=1%2C32&lumis=63%2C91&lumis=1%2C110&lumis=60%2C60&lumis=1%2C23%2C25%2C29%2C31%2C43&lumis=1%2C136&lumis=1%2C145%2C147%2C319&lumis=1%2C69&lumis=422%2C614%2C616%2C617&lumis=1%2C55&lumis=57%2C142&lumis=1%2C124&lumis=1%2C434&lumis=53%2C73&lumis=1%2C704&lumis=1%2C5&lumis=78%2C158&lumis=1%2C593&lumis=1%2C9&lumis=1%2C33%2C35%2C65&lumis=1%2C57&lumis=1%2C108&lumis=9%2C122&lumis=1%2C110&lumis=13%2C95&lumis=1%2C5&lumis=1%2C237%2C239%2C483
DEBUG 2019-05-08 22:05:38,691: 	 Result: {u'result': [{u'RequestName': u'190508_200538:schhibra_crab_20190508_220528'}]}
INFO 2019-05-08 22:05:38,732: 	 Success: Your task has been delivered to the CRAB3 server.
INFO 2019-05-08 22:05:38,733: 	 Task name: 190508_200538:schhibra_crab_20190508_220528
INFO 2019-05-08 22:05:38,733: 	 Project dir: ./crab_20190508_220528
INFO 2019-05-08 22:05:38,733: 	 Please use 'crab status -d ./crab_20190508_220528' to check how the submission process proceeds.
DEBUG 2019-05-08 22:05:38,733: 	 About to return
INFO 2019-05-08 22:05:38,737: 	 Log file is /afs/cern.ch/work/s/schhibra/DarkPhotonSearch_v2/CMSSW_9_4_14/src/ScoutingAnalysis/TreeMaker/crab/ScoutingRunC_L1_15_7/crab_20190508_220528/crab.log
DEBUG 2019-05-08 22:14:07,362: 	 Executing command: 'status'
DEBUG 2019-05-08 22:14:07,362: 	 Found CRAB cache file /afs/cern.ch/user/s/schhibra/.crab3
DEBUG 2019-05-08 22:14:07,381: 	 Checking credentials
DEBUG 2019-05-08 22:14:07,383: 	 Found proxy file /tmp/x509up_u59012
DEBUG 2019-05-08 22:14:07,383: 	 Getting proxy life time left
DEBUG 2019-05-08 22:14:08,399: 	 Executing : 
 command : voms-proxy-info -file /tmp/x509up_u59012 -timeleft
 output : 600194

 error: 
 retcode : 0
DEBUG 2019-05-08 22:14:09,414: 	 Executing : 
 command : voms-proxy-info -file /tmp/x509up_u59012 -actimeleft
 output : 600193

 error: 
 retcode : 0
DEBUG 2019-05-08 22:14:09,415: 	 Proxy lifetime 600194 secs is different from voms extension lifetime 600193 secs for proxy: /tmp/x509up_u59012
DEBUG 2019-05-08 22:14:09,415: 	 Proxy valid for 166:43:13 hours
DEBUG 2019-05-08 22:14:10,100: 	 Executing : 
 command : openssl x509 -in ~/.globus/usercert.pem -subject -noout
 output : subject= /DC=ch/DC=cern/OU=Organic Units/OU=Users/CN=schhibra/CN=715612/CN=Simranjit Singh Chhibra

 error: 
 retcode : 0
DEBUG 2019-05-08 22:14:10,100: 	 Checking credentials
DEBUG 2019-05-08 22:14:10,101: 	 Found proxy file /tmp/x509up_u59012
DEBUG 2019-05-08 22:14:10,101: 	 Getting proxy life time left
DEBUG 2019-05-08 22:14:11,016: 	 Executing : 
 command : voms-proxy-info -file /tmp/x509up_u59012 -timeleft
 output : 600192

 error: 
 retcode : 0
DEBUG 2019-05-08 22:14:11,928: 	 Executing : 
 command : voms-proxy-info -file /tmp/x509up_u59012 -actimeleft
 output : 600191

 error: 
 retcode : 0
DEBUG 2019-05-08 22:14:11,928: 	 Proxy lifetime 600192 secs is different from voms extension lifetime 600191 secs for proxy: /tmp/x509up_u59012
DEBUG 2019-05-08 22:14:11,929: 	 Proxy valid for 166:43:11 hours
DEBUG 2019-05-08 22:14:12,118: 	 Registering user credentials for server /DC=ch/DC=cern/OU=computers/CN=vocms(052|058|030|0118|0105|0109).cern.ch|/DC=ch/DC=cern/OU=computers/CN=crab-(preprod|prod)-tw(02|01).cern.ch
DEBUG 2019-05-08 22:14:12,235: 	 Executing : 
 command : openssl x509 -in ~/.globus/usercert.pem -subject -noout
 output : subject= /DC=ch/DC=cern/OU=Organic Units/OU=Users/CN=schhibra/CN=715612/CN=Simranjit Singh Chhibra

 error: 
 retcode : 0
DEBUG 2019-05-08 22:14:12,236: 	 Getting myproxy life time left for myproxy.cern.ch
DEBUG 2019-05-08 22:14:12,236: 	 Calculating hash of /DC=ch/DC=cern/OU=Organic Units/OU=Users/CN=schhibra/CN=715612/CN=Simranjit Singh Chhibra_cmsweb.cern.ch for credential name
DEBUG 2019-05-08 22:14:12,545: 	 Executing : 
 command : myproxy-info -l 3841cd59f3d3480019d577f9a3ad69704f35aad0 -s myproxy.cern.ch
 output : username: 3841cd59f3d3480019d577f9a3ad69704f35aad0
owner: /DC=ch/DC=cern/OU=Organic Units/OU=Users/CN=schhibra/CN=715612/CN=Simranjit Singh Chhibra
  renewal policy: /DC=ch/DC=cern/OU=computers/CN=vocms(052|058|030|0118|0105|0109).cern.ch|/DC=ch/DC=cern/OU=computers/CN=crab-(preprod|prod)-tw(02|01).cern.ch
  trusted retrieval policy: /DC=ch/DC=cern/OU=computers/CN=vocms(052|058|030|0118|0105|0109).cern.ch|/DC=ch/DC=cern/OU=computers/CN=crab-(preprod|prod)-tw(02|01).cern.ch
  timeleft: 548:10:11  (22.8 days)

 error: 
 retcode : 0
DEBUG 2019-05-08 22:14:12,547: 	 Myproxy is valid: 1973411
DEBUG 2019-05-08 22:14:12,551: 	 Command use: status
DEBUG 2019-05-08 22:14:12,551: 	 Options use: ['ScoutingRunC_L1_15_7/crab_20190508_220528/']
DEBUG 2019-05-08 22:14:12,710: 	 CRABClient version: 3.3.1904
DEBUG 2019-05-08 22:14:12,710: 	 Instance is prod
DEBUG 2019-05-08 22:14:12,710: 	 Server base url is cmsweb.cern.ch
DEBUG 2019-05-08 22:14:12,710: 	 Command url /crabserver/prod/workflow
DEBUG 2019-05-08 22:14:12,857: 	 Got information from server oracle database: {u'result': [u'190508_200538:schhibra_crab_20190508_220528', u'None', u'None', u'SUBMITTED', u'SUBMIT', u'2019-05-08 20:05:38.683061', u'None', u'2019-05-08 20:07:24.676720', u'None', u'CMSSW_9_4_14', u'slc6_amd64_gcc630', u'/ScoutingCaloMuon/Run2017C-v1/RAW', u'F', u'0', u'[]', u'[]', u'LumiBased', u"{'splitOnRun': False, 'halt_job_on_file_boundaries': False, 'lumis': ['50,162', '62,99', '69,200', '54,62', '158,161', '79,130', '1,39', '86,355,357,410', '50,78', '55,58,61,258', '52,138,140,177,190,218', '56,76', '1,184', '74,447', '82,295', '44,506', '40,102,104,104,107,109', '1,288', '60,82', '1,369', '1,75', '52,56,60,351,353,415', '52,223,227,342,345,460', '73,408,410,533', '1,8', '53,390,392,537', '53,205', '1,142', '1,51,53,126', '51,242,244,543', '69,142', '1,322,324,488', '49,77,80,80,87,87', '1,502', '28,553', '3,203,302,306,309,310,313,313,318,325', '1,1', '63,407,409,518,520,572', '1,3', '1,34', '1,96', '54,755', '68,719', '69,119', '1,16', '1,4', '1,6', '1,4', '1,261', '1,1,3,3,5,6', '1,1', '1,231', '74,132,136,714', '52,85,87,785', '52,91,93,93', '1,20', '1,594', '57,427', '1,293', '75,207', '60,450', '1,150', '1,98', '36,238', '1,101', '50,141', '1,568', '71,210', '1,590', '44,117,119,572', '1,125', '20,271', '1,121', '46,518,558,561,563,635', '1,36', '53,634', '1,55', '1,1', '60,339,342,470,472,667,671,672', '55,716', '56,197', '85,650', '59,719', '87,265', '81,705', '70,746', '53,521', '1,32', '63,91', '1,110', '60,60', '1,23,25,29,31,43', '1,136', '1,145,147,319', '1,69', '422,614,616,617', '1,55', '57,142', '1,124', '1,434', '53,73', '1,704', '1,5', '78,158', '1,593', '1,9', '1,33,35,65', '1,57', '1,108', '9,122', '1,110', '13,95', '1,5', '1,237,239,483'], 'runs': ['300497', '300514', '300806', '303832', '303948', '303998', '304120', '304144', '304169', '304204', '304209', '304291', '304292', '304333', '304354', '304366', '304446', '304447', '304505', '304506', '304507', '304562', '304616', '304625', '304626', '304654', '304661', '304662', '304663', '304671', '304737', '304738', '304776', '304777', '304797', '305044', '305045', '305059', '305062', '305063', '305064', '305081', '305112', '305178', '305179', '305180', '305181', '305182', '305183', '305184', '305185', '305186', '305202', '305207', '305234', '305236', '305237', '305247', '305248', '305282', '305310', '305311', '305312', '305336', '305338', '305364', '305365', '305376', '305377', '305405', '305406', '305440', '305441', '305516', '305517', '305586', '305588', '305589', '305636', '305766', '305809', '305814', '305821', '305832', '305862', '305898', '305902', '305967', '306029', '306030', '306036', '306037', '306038', '306041', '306042', '306091', '306092', '306121', '306122', '306125', '306134', '306135', '306138', '306153', '306154', '306171', '306418', '306419', '306420', '306422', '306423', '306454', '306455', '306456'], 'lumis_per_job': 100}", u'a4a6de1421749891668391b772179f1e9398c95898338b320284b3e543fff1c0.tar.gz', u'https://cmsweb.cern.ch/crabcache', u'schhibra', u'/DC=ch/DC=cern/OU=Organic Units/OU=Users/CN=schhibra/CN=715612/CN=Simranjit Singh Chhibra', u'cms', u'None', u'None', u'crab_20190508_220528-00000000000000000000000000000000', u'F', u'T2_CH_CERN', u'https://cmsweb.cern.ch/dbs/prod/global/DBSReader', u'https://cmsweb.cern.ch/dbs/prod/phys03/DBSWriter', u'F', u'[]', u"['tree_scout.root']", u'[]', u'Analysis', u'pythia', u'None', u'{}', u'[]', u'F', u'crab-prod-tw01', u'[]', u'1250', u'1', u'2000', u'10', u'None', u'[]', u'http://vocms0120.cern.ch/mon/cms175/190508_200538:schhibra_crab_20190508_220528', u'exec.sh', u'[]', u'[]', u'https://cmsweb.cern.ch/crabserver/prod', u'cmsgwms-collector-global.cern.ch:9620,cmssrv221.fnal.gov:9620', u'crab3@vocms0120.cern.ch', u'F', u'[]', u'T', u'/store/group/phys_exotica/darkPhoton/schhibra/ScoutingNTuples2017', u'F', u'None', u'F', u'None', u'ScoutingCaloMuon', u'None', u'7a9e4bdcf21e9b819256cba14ec9022f777d4472e645eed8e88b24dafb7a941d.tar.gz', u'37604907', u'filetransfers', u'F', u'188.185.115.30', u'0.0', u'None'], u'desc': {u'columns': [u'tm_taskname', u'tm_activity', u'panda_jobset_id', u'tm_task_status', u'tm_task_command', u'tm_start_time', u'tm_start_injection', u'tm_end_injection', u'tm_task_failure', u'tm_job_sw', u'tm_job_arch', u'tm_input_dataset', u'tm_nonvalid_input_dataset', u'tm_use_parent', u'tm_site_whitelist', u'tm_site_blacklist', u'tm_split_algo', u'tm_split_args', u'tm_user_sandbox', u'tm_cache_url', u'tm_username', u'tm_user_dn', u'tm_user_vo', u'tm_user_role', u'tm_user_group', u'tm_publish_name', u'tm_publish_groupname', u'tm_asyncdest', u'tm_dbs_url', u'tm_publish_dbs_url', u'tm_publication', u'tm_outfiles', u'tm_tfile_outfiles', u'tm_edm_outfiles', u'tm_job_type', u'tm_generator', u'tm_events_per_lumi', u'tm_arguments', u'panda_resubmitted_jobs', u'tm_save_logs', u'tw_name', u'tm_user_infiles', u'tm_maxjobruntime', u'tm_numcores', u'tm_maxmemory', u'tm_priority', u'tm_output_dataset', u'tm_task_warnings', u'tm_user_webdir', u'tm_scriptexe', u'tm_scriptargs', u'tm_extrajdl', u'tm_asourl', u'tm_collector', u'tm_schedd', u'tm_dry_run', u'tm_user_files', u'tm_transfer_outputs', u'tm_output_lfn', u'tm_ignore_locality', u'tm_fail_limit', u'tm_one_event_mode', u'tm_secondary_input_dataset', u'tm_primary_dataset', u'tm_last_publication', u'tm_debug_files', u'clusterid', u'tm_asodb', u'tm_ignore_global_blacklist', u'tm_submitter_ip_addr', u'tm_totalunits', u'tm_ddm_reqid']}}
INFO 2019-05-08 22:14:12,858: 	 CRAB project directory:		/afs/cern.ch/work/s/schhibra/DarkPhotonSearch_v2/CMSSW_9_4_14/src/ScoutingAnalysis/TreeMaker/crab/ScoutingRunC_L1_15_7/crab_20190508_220528
INFO 2019-05-08 22:14:12,858: 	 Task name:			190508_200538:schhibra_crab_20190508_220528
INFO 2019-05-08 22:14:12,858: 	 Grid scheduler - Task Worker:	crab3@vocms0120.cern.ch - crab-prod-tw01
INFO 2019-05-08 22:14:12,859: 	 Status on the CRAB server:	SUBMITTED
INFO 2019-05-08 22:14:12,859: 	 Task URL to use for HELP:	https://cmsweb.cern.ch/crabserver/ui/task/190508_200538%3Aschhibra_crab_20190508_220528
INFO 2019-05-08 22:14:12,859: 	 Dashboard monitoring URL:	http://dashb-cms-job.cern.ch/dashboard/templates/task-analysis/#user=schhibra&refresh=0&table=Jobs&p=1&records=25&activemenu=2&status=&site=&tid=190508_200538%3Aschhibra_crab_20190508_220528
INFO 2019-05-08 22:14:12,859: 	 New dashboard monitoring URL:	https://monit-grafana.cern.ch/d/cmsTMDetail/cms-task-monitoring-task-view?orgId=11&var-user=schhibra&var-task=190508_200538%3Aschhibra_crab_20190508_220528
INFO 2019-05-08 22:14:12,859: 	 In case of issues with the new dashboard, please provide feedback to hn-cms-computing-tools@cern.ch
DEBUG 2019-05-08 22:14:12,859: 	 The CRAB server submitted your task to the Grid scheduler (cluster ID: 37604907)
DEBUG 2019-05-08 22:14:12,859: 	 Webdir is located at http://vocms0120.cern.ch/mon/cms175/190508_200538:schhibra_crab_20190508_220528
DEBUG 2019-05-08 22:14:13,023: 	 Proxied webdir is located at https://cmsweb.cern.ch/scheddmon/0120/cms175/190508_200538:schhibra_crab_20190508_220528
DEBUG 2019-05-08 22:14:13,023: 	 Retrieving 'status_cache' file from https://cmsweb.cern.ch/scheddmon/0120/cms175/190508_200538:schhibra_crab_20190508_220528/status_cache
DEBUG 2019-05-08 22:14:13,133: 	 Got information from status cache file: {'1': {'Retries': 0, 'WallDurations': [310.0], 'StartTimes': [1557346100.0], 'SubmitTimes': [1557346057.0], 'JobIds': ['37604910.0'], 'EndTimes': [], 'Restarts': 0, 'RecordedSite': True, 'State': 'running', 'ResidentSetSize': [360992], 'TotalUserCpuTimeHistory': [123.0], 'SiteHistory': ['T2_US_Vanderbilt'], 'TotalSysCpuTimeHistory': [6.0]}, '3': {'Retries': 0, 'WallDurations': [310.0], 'StartTimes': [1557346101.0], 'SubmitTimes': [1557346057.0], 'JobIds': ['37604911.0'], 'EndTimes': [], 'Restarts': 0, 'RecordedSite': True, 'State': 'running', 'ResidentSetSize': [341100], 'TotalUserCpuTimeHistory': [162.0], 'SiteHistory': ['T2_US_Vanderbilt'], 'TotalSysCpuTimeHistory': [8.0]}, '2': {'Retries': 0, 'WallDurations': [0], 'StartTimes': [], 'SubmitTimes': [1557346057.0], 'JobIds': ['37604912.0'], 'EndTimes': [], 'Restarts': 0, 'RecordedSite': False, 'State': 'idle', 'ResidentSetSize': [0], 'TotalUserCpuTimeHistory': [0.0], 'SiteHistory': ['Unknown'], 'TotalSysCpuTimeHistory': [0.0]}}
INFO 2019-05-08 22:14:13,133: 	 Status on the scheduler:	SUBMITTED
INFO 2019-05-08 22:14:13,134: 	 
Jobs status:                    idle         		 33.3% (1/3)
INFO 2019-05-08 22:14:13,134: 	 				running      		 66.7% (2/3)
INFO 2019-05-08 22:14:13,134: 	 
No publication information (publication has been disabled in the CRAB configuration file)
INFO 2019-05-08 22:14:13,158: 	 Log file is /afs/cern.ch/work/s/schhibra/DarkPhotonSearch_v2/CMSSW_9_4_14/src/ScoutingAnalysis/TreeMaker/crab/ScoutingRunC_L1_15_7/crab_20190508_220528/crab.log
DEBUG 2019-05-08 22:38:16,568: 	 Executing command: 'status'
DEBUG 2019-05-08 22:38:16,568: 	 Found CRAB cache file /afs/cern.ch/user/s/schhibra/.crab3
DEBUG 2019-05-08 22:38:16,600: 	 Checking credentials
DEBUG 2019-05-08 22:38:16,602: 	 Found proxy file /tmp/x509up_u59012
DEBUG 2019-05-08 22:38:16,602: 	 Getting proxy life time left
DEBUG 2019-05-08 22:38:17,713: 	 Executing : 
 command : voms-proxy-info -file /tmp/x509up_u59012 -timeleft
 output : 598745

 error: 
 retcode : 0
DEBUG 2019-05-08 22:38:18,727: 	 Executing : 
 command : voms-proxy-info -file /tmp/x509up_u59012 -actimeleft
 output : 598744

 error: 
 retcode : 0
DEBUG 2019-05-08 22:38:18,728: 	 Proxy lifetime 598745 secs is different from voms extension lifetime 598744 secs for proxy: /tmp/x509up_u59012
DEBUG 2019-05-08 22:38:18,728: 	 Proxy valid for 166:19:04 hours
DEBUG 2019-05-08 22:38:18,857: 	 Executing : 
 command : openssl x509 -in ~/.globus/usercert.pem -subject -noout
 output : subject= /DC=ch/DC=cern/OU=Organic Units/OU=Users/CN=schhibra/CN=715612/CN=Simranjit Singh Chhibra

 error: 
 retcode : 0
DEBUG 2019-05-08 22:38:18,858: 	 Checking credentials
DEBUG 2019-05-08 22:38:18,858: 	 Found proxy file /tmp/x509up_u59012
DEBUG 2019-05-08 22:38:18,858: 	 Getting proxy life time left
DEBUG 2019-05-08 22:38:19,870: 	 Executing : 
 command : voms-proxy-info -file /tmp/x509up_u59012 -timeleft
 output : 598743

 error: 
 retcode : 0
DEBUG 2019-05-08 22:38:20,881: 	 Executing : 
 command : voms-proxy-info -file /tmp/x509up_u59012 -actimeleft
 output : 598742

 error: 
 retcode : 0
DEBUG 2019-05-08 22:38:20,881: 	 Proxy lifetime 598743 secs is different from voms extension lifetime 598742 secs for proxy: /tmp/x509up_u59012
DEBUG 2019-05-08 22:38:20,882: 	 Proxy valid for 166:19:02 hours
DEBUG 2019-05-08 22:38:21,050: 	 Registering user credentials for server /DC=ch/DC=cern/OU=computers/CN=vocms(052|058|030|0118|0105|0109).cern.ch|/DC=ch/DC=cern/OU=computers/CN=crab-(preprod|prod)-tw(02|01).cern.ch
DEBUG 2019-05-08 22:38:21,174: 	 Executing : 
 command : openssl x509 -in ~/.globus/usercert.pem -subject -noout
 output : subject= /DC=ch/DC=cern/OU=Organic Units/OU=Users/CN=schhibra/CN=715612/CN=Simranjit Singh Chhibra

 error: 
 retcode : 0
DEBUG 2019-05-08 22:38:21,175: 	 Getting myproxy life time left for myproxy.cern.ch
DEBUG 2019-05-08 22:38:21,175: 	 Calculating hash of /DC=ch/DC=cern/OU=Organic Units/OU=Users/CN=schhibra/CN=715612/CN=Simranjit Singh Chhibra_cmsweb.cern.ch for credential name
DEBUG 2019-05-08 22:38:21,482: 	 Executing : 
 command : myproxy-info -l 3841cd59f3d3480019d577f9a3ad69704f35aad0 -s myproxy.cern.ch
 output : username: 3841cd59f3d3480019d577f9a3ad69704f35aad0
owner: /DC=ch/DC=cern/OU=Organic Units/OU=Users/CN=schhibra/CN=715612/CN=Simranjit Singh Chhibra
  renewal policy: /DC=ch/DC=cern/OU=computers/CN=vocms(052|058|030|0118|0105|0109).cern.ch|/DC=ch/DC=cern/OU=computers/CN=crab-(preprod|prod)-tw(02|01).cern.ch
  trusted retrieval policy: /DC=ch/DC=cern/OU=computers/CN=vocms(052|058|030|0118|0105|0109).cern.ch|/DC=ch/DC=cern/OU=computers/CN=crab-(preprod|prod)-tw(02|01).cern.ch
  timeleft: 547:46:02  (22.8 days)

 error: 
 retcode : 0
DEBUG 2019-05-08 22:38:21,484: 	 Myproxy is valid: 1971962
DEBUG 2019-05-08 22:38:21,485: 	 Command use: status
DEBUG 2019-05-08 22:38:21,486: 	 Options use: ['ScoutingRunC_L1_15_7/crab_20190508_220528/']
DEBUG 2019-05-08 22:38:21,651: 	 CRABClient version: 3.3.1904
DEBUG 2019-05-08 22:38:21,651: 	 Instance is prod
DEBUG 2019-05-08 22:38:21,651: 	 Server base url is cmsweb.cern.ch
DEBUG 2019-05-08 22:38:21,651: 	 Command url /crabserver/prod/workflow
DEBUG 2019-05-08 22:38:21,792: 	 Got information from server oracle database: {u'result': [u'190508_200538:schhibra_crab_20190508_220528', u'None', u'None', u'SUBMITTED', u'SUBMIT', u'2019-05-08 20:05:38.683061', u'None', u'2019-05-08 20:07:24.676720', u'None', u'CMSSW_9_4_14', u'slc6_amd64_gcc630', u'/ScoutingCaloMuon/Run2017C-v1/RAW', u'F', u'0', u'[]', u'[]', u'LumiBased', u"{'splitOnRun': False, 'halt_job_on_file_boundaries': False, 'lumis': ['50,162', '62,99', '69,200', '54,62', '158,161', '79,130', '1,39', '86,355,357,410', '50,78', '55,58,61,258', '52,138,140,177,190,218', '56,76', '1,184', '74,447', '82,295', '44,506', '40,102,104,104,107,109', '1,288', '60,82', '1,369', '1,75', '52,56,60,351,353,415', '52,223,227,342,345,460', '73,408,410,533', '1,8', '53,390,392,537', '53,205', '1,142', '1,51,53,126', '51,242,244,543', '69,142', '1,322,324,488', '49,77,80,80,87,87', '1,502', '28,553', '3,203,302,306,309,310,313,313,318,325', '1,1', '63,407,409,518,520,572', '1,3', '1,34', '1,96', '54,755', '68,719', '69,119', '1,16', '1,4', '1,6', '1,4', '1,261', '1,1,3,3,5,6', '1,1', '1,231', '74,132,136,714', '52,85,87,785', '52,91,93,93', '1,20', '1,594', '57,427', '1,293', '75,207', '60,450', '1,150', '1,98', '36,238', '1,101', '50,141', '1,568', '71,210', '1,590', '44,117,119,572', '1,125', '20,271', '1,121', '46,518,558,561,563,635', '1,36', '53,634', '1,55', '1,1', '60,339,342,470,472,667,671,672', '55,716', '56,197', '85,650', '59,719', '87,265', '81,705', '70,746', '53,521', '1,32', '63,91', '1,110', '60,60', '1,23,25,29,31,43', '1,136', '1,145,147,319', '1,69', '422,614,616,617', '1,55', '57,142', '1,124', '1,434', '53,73', '1,704', '1,5', '78,158', '1,593', '1,9', '1,33,35,65', '1,57', '1,108', '9,122', '1,110', '13,95', '1,5', '1,237,239,483'], 'runs': ['300497', '300514', '300806', '303832', '303948', '303998', '304120', '304144', '304169', '304204', '304209', '304291', '304292', '304333', '304354', '304366', '304446', '304447', '304505', '304506', '304507', '304562', '304616', '304625', '304626', '304654', '304661', '304662', '304663', '304671', '304737', '304738', '304776', '304777', '304797', '305044', '305045', '305059', '305062', '305063', '305064', '305081', '305112', '305178', '305179', '305180', '305181', '305182', '305183', '305184', '305185', '305186', '305202', '305207', '305234', '305236', '305237', '305247', '305248', '305282', '305310', '305311', '305312', '305336', '305338', '305364', '305365', '305376', '305377', '305405', '305406', '305440', '305441', '305516', '305517', '305586', '305588', '305589', '305636', '305766', '305809', '305814', '305821', '305832', '305862', '305898', '305902', '305967', '306029', '306030', '306036', '306037', '306038', '306041', '306042', '306091', '306092', '306121', '306122', '306125', '306134', '306135', '306138', '306153', '306154', '306171', '306418', '306419', '306420', '306422', '306423', '306454', '306455', '306456'], 'lumis_per_job': 100}", u'a4a6de1421749891668391b772179f1e9398c95898338b320284b3e543fff1c0.tar.gz', u'https://cmsweb.cern.ch/crabcache', u'schhibra', u'/DC=ch/DC=cern/OU=Organic Units/OU=Users/CN=schhibra/CN=715612/CN=Simranjit Singh Chhibra', u'cms', u'None', u'None', u'crab_20190508_220528-00000000000000000000000000000000', u'F', u'T2_CH_CERN', u'https://cmsweb.cern.ch/dbs/prod/global/DBSReader', u'https://cmsweb.cern.ch/dbs/prod/phys03/DBSWriter', u'F', u'[]', u"['tree_scout.root']", u'[]', u'Analysis', u'pythia', u'None', u'{}', u'[]', u'F', u'crab-prod-tw01', u'[]', u'1250', u'1', u'2000', u'10', u'None', u'[]', u'http://vocms0120.cern.ch/mon/cms175/190508_200538:schhibra_crab_20190508_220528', u'exec.sh', u'[]', u'[]', u'https://cmsweb.cern.ch/crabserver/prod', u'cmsgwms-collector-global.cern.ch:9620,cmssrv221.fnal.gov:9620', u'crab3@vocms0120.cern.ch', u'F', u'[]', u'T', u'/store/group/phys_exotica/darkPhoton/schhibra/ScoutingNTuples2017', u'F', u'None', u'F', u'None', u'ScoutingCaloMuon', u'None', u'7a9e4bdcf21e9b819256cba14ec9022f777d4472e645eed8e88b24dafb7a941d.tar.gz', u'37604907', u'filetransfers', u'F', u'188.185.115.30', u'0.0', u'None'], u'desc': {u'columns': [u'tm_taskname', u'tm_activity', u'panda_jobset_id', u'tm_task_status', u'tm_task_command', u'tm_start_time', u'tm_start_injection', u'tm_end_injection', u'tm_task_failure', u'tm_job_sw', u'tm_job_arch', u'tm_input_dataset', u'tm_nonvalid_input_dataset', u'tm_use_parent', u'tm_site_whitelist', u'tm_site_blacklist', u'tm_split_algo', u'tm_split_args', u'tm_user_sandbox', u'tm_cache_url', u'tm_username', u'tm_user_dn', u'tm_user_vo', u'tm_user_role', u'tm_user_group', u'tm_publish_name', u'tm_publish_groupname', u'tm_asyncdest', u'tm_dbs_url', u'tm_publish_dbs_url', u'tm_publication', u'tm_outfiles', u'tm_tfile_outfiles', u'tm_edm_outfiles', u'tm_job_type', u'tm_generator', u'tm_events_per_lumi', u'tm_arguments', u'panda_resubmitted_jobs', u'tm_save_logs', u'tw_name', u'tm_user_infiles', u'tm_maxjobruntime', u'tm_numcores', u'tm_maxmemory', u'tm_priority', u'tm_output_dataset', u'tm_task_warnings', u'tm_user_webdir', u'tm_scriptexe', u'tm_scriptargs', u'tm_extrajdl', u'tm_asourl', u'tm_collector', u'tm_schedd', u'tm_dry_run', u'tm_user_files', u'tm_transfer_outputs', u'tm_output_lfn', u'tm_ignore_locality', u'tm_fail_limit', u'tm_one_event_mode', u'tm_secondary_input_dataset', u'tm_primary_dataset', u'tm_last_publication', u'tm_debug_files', u'clusterid', u'tm_asodb', u'tm_ignore_global_blacklist', u'tm_submitter_ip_addr', u'tm_totalunits', u'tm_ddm_reqid']}}
INFO 2019-05-08 22:38:21,793: 	 CRAB project directory:		/afs/cern.ch/work/s/schhibra/DarkPhotonSearch_v2/CMSSW_9_4_14/src/ScoutingAnalysis/TreeMaker/crab/ScoutingRunC_L1_15_7/crab_20190508_220528
INFO 2019-05-08 22:38:21,793: 	 Task name:			190508_200538:schhibra_crab_20190508_220528
INFO 2019-05-08 22:38:21,793: 	 Grid scheduler - Task Worker:	crab3@vocms0120.cern.ch - crab-prod-tw01
INFO 2019-05-08 22:38:21,793: 	 Status on the CRAB server:	SUBMITTED
INFO 2019-05-08 22:38:21,793: 	 Task URL to use for HELP:	https://cmsweb.cern.ch/crabserver/ui/task/190508_200538%3Aschhibra_crab_20190508_220528
INFO 2019-05-08 22:38:21,794: 	 Dashboard monitoring URL:	http://dashb-cms-job.cern.ch/dashboard/templates/task-analysis/#user=schhibra&refresh=0&table=Jobs&p=1&records=25&activemenu=2&status=&site=&tid=190508_200538%3Aschhibra_crab_20190508_220528
INFO 2019-05-08 22:38:21,794: 	 New dashboard monitoring URL:	https://monit-grafana.cern.ch/d/cmsTMDetail/cms-task-monitoring-task-view?orgId=11&var-user=schhibra&var-task=190508_200538%3Aschhibra_crab_20190508_220528
INFO 2019-05-08 22:38:21,795: 	 In case of issues with the new dashboard, please provide feedback to hn-cms-computing-tools@cern.ch
DEBUG 2019-05-08 22:38:21,795: 	 The CRAB server submitted your task to the Grid scheduler (cluster ID: 37604907)
DEBUG 2019-05-08 22:38:21,795: 	 Webdir is located at http://vocms0120.cern.ch/mon/cms175/190508_200538:schhibra_crab_20190508_220528
DEBUG 2019-05-08 22:38:21,933: 	 Proxied webdir is located at https://cmsweb.cern.ch/scheddmon/0120/cms175/190508_200538:schhibra_crab_20190508_220528
DEBUG 2019-05-08 22:38:21,933: 	 Retrieving 'status_cache' file from https://cmsweb.cern.ch/scheddmon/0120/cms175/190508_200538:schhibra_crab_20190508_220528/status_cache
DEBUG 2019-05-08 22:38:22,070: 	 Got information from status cache file: {'1': {'Retries': 0, 'WallDurations': [1510.0], 'StartTimes': [1557346100.0], 'SubmitTimes': [1557346057.0], 'JobIds': ['37604910.0'], 'EndTimes': [], 'Restarts': 0, 'RecordedSite': True, 'State': 'running', 'ResidentSetSize': [493328], 'TotalUserCpuTimeHistory': [1116.0], 'SiteHistory': ['T2_US_Vanderbilt'], 'TotalSysCpuTimeHistory': [54.0]}, '3': {'Retries': 0, 'WallDurations': [1514.0], 'StartTimes': [1557346101.0], 'SubmitTimes': [1557346057.0], 'JobIds': ['37604911.0'], 'EndTimes': [], 'Restarts': 0, 'RecordedSite': True, 'State': 'running', 'ResidentSetSize': [487300], 'TotalUserCpuTimeHistory': [1223.0], 'SiteHistory': ['T2_US_Vanderbilt'], 'TotalSysCpuTimeHistory': [58.0]}, '2': {'Retries': 0, 'WallDurations': [0], 'StartTimes': [], 'SubmitTimes': [1557346057.0], 'JobIds': ['37604912.0'], 'EndTimes': [], 'Restarts': 0, 'RecordedSite': False, 'State': 'idle', 'ResidentSetSize': [0], 'TotalUserCpuTimeHistory': [0.0], 'SiteHistory': ['Unknown'], 'TotalSysCpuTimeHistory': [0.0]}}
INFO 2019-05-08 22:38:22,070: 	 Status on the scheduler:	SUBMITTED
INFO 2019-05-08 22:38:22,070: 	 
Jobs status:                    idle         		 33.3% (1/3)
INFO 2019-05-08 22:38:22,070: 	 				running      		 66.7% (2/3)
INFO 2019-05-08 22:38:22,071: 	 
No publication information (publication has been disabled in the CRAB configuration file)
INFO 2019-05-08 22:38:22,101: 	 Log file is /afs/cern.ch/work/s/schhibra/DarkPhotonSearch_v2/CMSSW_9_4_14/src/ScoutingAnalysis/TreeMaker/crab/ScoutingRunC_L1_15_7/crab_20190508_220528/crab.log
DEBUG 2019-05-08 22:52:33,946: 	 Executing command: 'status'
DEBUG 2019-05-08 22:52:33,946: 	 Found CRAB cache file /afs/cern.ch/user/s/schhibra/.crab3
DEBUG 2019-05-08 22:52:33,957: 	 Checking credentials
DEBUG 2019-05-08 22:52:33,957: 	 Found proxy file /tmp/x509up_u59012
DEBUG 2019-05-08 22:52:33,958: 	 Getting proxy life time left
DEBUG 2019-05-08 22:52:34,966: 	 Executing : 
 command : voms-proxy-info -file /tmp/x509up_u59012 -timeleft
 output : 597888

 error: 
 retcode : 0
DEBUG 2019-05-08 22:52:35,874: 	 Executing : 
 command : voms-proxy-info -file /tmp/x509up_u59012 -actimeleft
 output : 597887

 error: 
 retcode : 0
DEBUG 2019-05-08 22:52:35,875: 	 Proxy lifetime 597888 secs is different from voms extension lifetime 597887 secs for proxy: /tmp/x509up_u59012
DEBUG 2019-05-08 22:52:35,875: 	 Proxy valid for 166:04:47 hours
DEBUG 2019-05-08 22:52:36,001: 	 Executing : 
 command : openssl x509 -in ~/.globus/usercert.pem -subject -noout
 output : subject= /DC=ch/DC=cern/OU=Organic Units/OU=Users/CN=schhibra/CN=715612/CN=Simranjit Singh Chhibra

 error: 
 retcode : 0
DEBUG 2019-05-08 22:52:36,001: 	 Checking credentials
DEBUG 2019-05-08 22:52:36,001: 	 Found proxy file /tmp/x509up_u59012
DEBUG 2019-05-08 22:52:36,001: 	 Getting proxy life time left
DEBUG 2019-05-08 22:52:36,912: 	 Executing : 
 command : voms-proxy-info -file /tmp/x509up_u59012 -timeleft
 output : 597886

 error: 
 retcode : 0
DEBUG 2019-05-08 22:52:37,920: 	 Executing : 
 command : voms-proxy-info -file /tmp/x509up_u59012 -actimeleft
 output : 597885

 error: 
 retcode : 0
DEBUG 2019-05-08 22:52:37,921: 	 Proxy lifetime 597886 secs is different from voms extension lifetime 597885 secs for proxy: /tmp/x509up_u59012
DEBUG 2019-05-08 22:52:37,921: 	 Proxy valid for 166:04:45 hours
DEBUG 2019-05-08 22:52:38,029: 	 Registering user credentials for server /DC=ch/DC=cern/OU=computers/CN=vocms(052|058|030|0118|0105|0109).cern.ch|/DC=ch/DC=cern/OU=computers/CN=crab-(preprod|prod)-tw(02|01).cern.ch
DEBUG 2019-05-08 22:52:38,143: 	 Executing : 
 command : openssl x509 -in ~/.globus/usercert.pem -subject -noout
 output : subject= /DC=ch/DC=cern/OU=Organic Units/OU=Users/CN=schhibra/CN=715612/CN=Simranjit Singh Chhibra

 error: 
 retcode : 0
DEBUG 2019-05-08 22:52:38,143: 	 Getting myproxy life time left for myproxy.cern.ch
DEBUG 2019-05-08 22:52:38,144: 	 Calculating hash of /DC=ch/DC=cern/OU=Organic Units/OU=Users/CN=schhibra/CN=715612/CN=Simranjit Singh Chhibra_cmsweb.cern.ch for credential name
DEBUG 2019-05-08 22:52:38,350: 	 Executing : 
 command : myproxy-info -l 3841cd59f3d3480019d577f9a3ad69704f35aad0 -s myproxy.cern.ch
 output : username: 3841cd59f3d3480019d577f9a3ad69704f35aad0
owner: /DC=ch/DC=cern/OU=Organic Units/OU=Users/CN=schhibra/CN=715612/CN=Simranjit Singh Chhibra
  renewal policy: /DC=ch/DC=cern/OU=computers/CN=vocms(052|058|030|0118|0105|0109).cern.ch|/DC=ch/DC=cern/OU=computers/CN=crab-(preprod|prod)-tw(02|01).cern.ch
  trusted retrieval policy: /DC=ch/DC=cern/OU=computers/CN=vocms(052|058|030|0118|0105|0109).cern.ch|/DC=ch/DC=cern/OU=computers/CN=crab-(preprod|prod)-tw(02|01).cern.ch
  timeleft: 547:31:45  (22.8 days)

 error: 
 retcode : 0
DEBUG 2019-05-08 22:52:38,352: 	 Myproxy is valid: 1971105
DEBUG 2019-05-08 22:52:38,353: 	 Command use: status
DEBUG 2019-05-08 22:52:38,353: 	 Options use: ['ScoutingRunC_L1_15_7/crab_20190508_220528/']
DEBUG 2019-05-08 22:52:38,464: 	 CRABClient version: 3.3.1904
DEBUG 2019-05-08 22:52:38,464: 	 Instance is prod
DEBUG 2019-05-08 22:52:38,464: 	 Server base url is cmsweb.cern.ch
DEBUG 2019-05-08 22:52:38,464: 	 Command url /crabserver/prod/workflow
DEBUG 2019-05-08 22:52:38,609: 	 Got information from server oracle database: {u'result': [u'190508_200538:schhibra_crab_20190508_220528', u'None', u'None', u'SUBMITTED', u'SUBMIT', u'2019-05-08 20:05:38.683061', u'None', u'2019-05-08 20:07:24.676720', u'None', u'CMSSW_9_4_14', u'slc6_amd64_gcc630', u'/ScoutingCaloMuon/Run2017C-v1/RAW', u'F', u'0', u'[]', u'[]', u'LumiBased', u"{'splitOnRun': False, 'halt_job_on_file_boundaries': False, 'lumis': ['50,162', '62,99', '69,200', '54,62', '158,161', '79,130', '1,39', '86,355,357,410', '50,78', '55,58,61,258', '52,138,140,177,190,218', '56,76', '1,184', '74,447', '82,295', '44,506', '40,102,104,104,107,109', '1,288', '60,82', '1,369', '1,75', '52,56,60,351,353,415', '52,223,227,342,345,460', '73,408,410,533', '1,8', '53,390,392,537', '53,205', '1,142', '1,51,53,126', '51,242,244,543', '69,142', '1,322,324,488', '49,77,80,80,87,87', '1,502', '28,553', '3,203,302,306,309,310,313,313,318,325', '1,1', '63,407,409,518,520,572', '1,3', '1,34', '1,96', '54,755', '68,719', '69,119', '1,16', '1,4', '1,6', '1,4', '1,261', '1,1,3,3,5,6', '1,1', '1,231', '74,132,136,714', '52,85,87,785', '52,91,93,93', '1,20', '1,594', '57,427', '1,293', '75,207', '60,450', '1,150', '1,98', '36,238', '1,101', '50,141', '1,568', '71,210', '1,590', '44,117,119,572', '1,125', '20,271', '1,121', '46,518,558,561,563,635', '1,36', '53,634', '1,55', '1,1', '60,339,342,470,472,667,671,672', '55,716', '56,197', '85,650', '59,719', '87,265', '81,705', '70,746', '53,521', '1,32', '63,91', '1,110', '60,60', '1,23,25,29,31,43', '1,136', '1,145,147,319', '1,69', '422,614,616,617', '1,55', '57,142', '1,124', '1,434', '53,73', '1,704', '1,5', '78,158', '1,593', '1,9', '1,33,35,65', '1,57', '1,108', '9,122', '1,110', '13,95', '1,5', '1,237,239,483'], 'runs': ['300497', '300514', '300806', '303832', '303948', '303998', '304120', '304144', '304169', '304204', '304209', '304291', '304292', '304333', '304354', '304366', '304446', '304447', '304505', '304506', '304507', '304562', '304616', '304625', '304626', '304654', '304661', '304662', '304663', '304671', '304737', '304738', '304776', '304777', '304797', '305044', '305045', '305059', '305062', '305063', '305064', '305081', '305112', '305178', '305179', '305180', '305181', '305182', '305183', '305184', '305185', '305186', '305202', '305207', '305234', '305236', '305237', '305247', '305248', '305282', '305310', '305311', '305312', '305336', '305338', '305364', '305365', '305376', '305377', '305405', '305406', '305440', '305441', '305516', '305517', '305586', '305588', '305589', '305636', '305766', '305809', '305814', '305821', '305832', '305862', '305898', '305902', '305967', '306029', '306030', '306036', '306037', '306038', '306041', '306042', '306091', '306092', '306121', '306122', '306125', '306134', '306135', '306138', '306153', '306154', '306171', '306418', '306419', '306420', '306422', '306423', '306454', '306455', '306456'], 'lumis_per_job': 100}", u'a4a6de1421749891668391b772179f1e9398c95898338b320284b3e543fff1c0.tar.gz', u'https://cmsweb.cern.ch/crabcache', u'schhibra', u'/DC=ch/DC=cern/OU=Organic Units/OU=Users/CN=schhibra/CN=715612/CN=Simranjit Singh Chhibra', u'cms', u'None', u'None', u'crab_20190508_220528-00000000000000000000000000000000', u'F', u'T2_CH_CERN', u'https://cmsweb.cern.ch/dbs/prod/global/DBSReader', u'https://cmsweb.cern.ch/dbs/prod/phys03/DBSWriter', u'F', u'[]', u"['tree_scout.root']", u'[]', u'Analysis', u'pythia', u'None', u'{}', u'[]', u'F', u'crab-prod-tw01', u'[]', u'1250', u'1', u'2000', u'10', u'None', u'[]', u'http://vocms0120.cern.ch/mon/cms175/190508_200538:schhibra_crab_20190508_220528', u'exec.sh', u'[]', u'[]', u'https://cmsweb.cern.ch/crabserver/prod', u'cmsgwms-collector-global.cern.ch:9620,cmssrv221.fnal.gov:9620', u'crab3@vocms0120.cern.ch', u'F', u'[]', u'T', u'/store/group/phys_exotica/darkPhoton/schhibra/ScoutingNTuples2017', u'F', u'None', u'F', u'None', u'ScoutingCaloMuon', u'None', u'7a9e4bdcf21e9b819256cba14ec9022f777d4472e645eed8e88b24dafb7a941d.tar.gz', u'37604907', u'filetransfers', u'F', u'188.185.115.30', u'0.0', u'None'], u'desc': {u'columns': [u'tm_taskname', u'tm_activity', u'panda_jobset_id', u'tm_task_status', u'tm_task_command', u'tm_start_time', u'tm_start_injection', u'tm_end_injection', u'tm_task_failure', u'tm_job_sw', u'tm_job_arch', u'tm_input_dataset', u'tm_nonvalid_input_dataset', u'tm_use_parent', u'tm_site_whitelist', u'tm_site_blacklist', u'tm_split_algo', u'tm_split_args', u'tm_user_sandbox', u'tm_cache_url', u'tm_username', u'tm_user_dn', u'tm_user_vo', u'tm_user_role', u'tm_user_group', u'tm_publish_name', u'tm_publish_groupname', u'tm_asyncdest', u'tm_dbs_url', u'tm_publish_dbs_url', u'tm_publication', u'tm_outfiles', u'tm_tfile_outfiles', u'tm_edm_outfiles', u'tm_job_type', u'tm_generator', u'tm_events_per_lumi', u'tm_arguments', u'panda_resubmitted_jobs', u'tm_save_logs', u'tw_name', u'tm_user_infiles', u'tm_maxjobruntime', u'tm_numcores', u'tm_maxmemory', u'tm_priority', u'tm_output_dataset', u'tm_task_warnings', u'tm_user_webdir', u'tm_scriptexe', u'tm_scriptargs', u'tm_extrajdl', u'tm_asourl', u'tm_collector', u'tm_schedd', u'tm_dry_run', u'tm_user_files', u'tm_transfer_outputs', u'tm_output_lfn', u'tm_ignore_locality', u'tm_fail_limit', u'tm_one_event_mode', u'tm_secondary_input_dataset', u'tm_primary_dataset', u'tm_last_publication', u'tm_debug_files', u'clusterid', u'tm_asodb', u'tm_ignore_global_blacklist', u'tm_submitter_ip_addr', u'tm_totalunits', u'tm_ddm_reqid']}}
INFO 2019-05-08 22:52:38,610: 	 CRAB project directory:		/afs/cern.ch/work/s/schhibra/DarkPhotonSearch_v2/CMSSW_9_4_14/src/ScoutingAnalysis/TreeMaker/crab/ScoutingRunC_L1_15_7/crab_20190508_220528
INFO 2019-05-08 22:52:38,610: 	 Task name:			190508_200538:schhibra_crab_20190508_220528
INFO 2019-05-08 22:52:38,611: 	 Grid scheduler - Task Worker:	crab3@vocms0120.cern.ch - crab-prod-tw01
INFO 2019-05-08 22:52:38,611: 	 Status on the CRAB server:	SUBMITTED
INFO 2019-05-08 22:52:38,611: 	 Task URL to use for HELP:	https://cmsweb.cern.ch/crabserver/ui/task/190508_200538%3Aschhibra_crab_20190508_220528
INFO 2019-05-08 22:52:38,611: 	 Dashboard monitoring URL:	http://dashb-cms-job.cern.ch/dashboard/templates/task-analysis/#user=schhibra&refresh=0&table=Jobs&p=1&records=25&activemenu=2&status=&site=&tid=190508_200538%3Aschhibra_crab_20190508_220528
INFO 2019-05-08 22:52:38,612: 	 New dashboard monitoring URL:	https://monit-grafana.cern.ch/d/cmsTMDetail/cms-task-monitoring-task-view?orgId=11&var-user=schhibra&var-task=190508_200538%3Aschhibra_crab_20190508_220528
INFO 2019-05-08 22:52:38,612: 	 In case of issues with the new dashboard, please provide feedback to hn-cms-computing-tools@cern.ch
DEBUG 2019-05-08 22:52:38,612: 	 The CRAB server submitted your task to the Grid scheduler (cluster ID: 37604907)
DEBUG 2019-05-08 22:52:38,612: 	 Webdir is located at http://vocms0120.cern.ch/mon/cms175/190508_200538:schhibra_crab_20190508_220528
DEBUG 2019-05-08 22:52:38,712: 	 Proxied webdir is located at https://cmsweb.cern.ch/scheddmon/0120/cms175/190508_200538:schhibra_crab_20190508_220528
DEBUG 2019-05-08 22:52:38,712: 	 Retrieving 'status_cache' file from https://cmsweb.cern.ch/scheddmon/0120/cms175/190508_200538:schhibra_crab_20190508_220528/status_cache
DEBUG 2019-05-08 22:52:38,822: 	 Got information from status cache file: {'1': {'Retries': 0, 'WallDurations': [2412.0], 'StartTimes': [1557346100.0], 'SubmitTimes': [1557346057.0], 'JobIds': ['37604910.0'], 'EndTimes': [], 'Restarts': 0, 'RecordedSite': True, 'State': 'running', 'ResidentSetSize': [588960], 'TotalUserCpuTimeHistory': [1886.0], 'SiteHistory': ['T2_US_Vanderbilt'], 'TotalSysCpuTimeHistory': [90.0]}, '3': {'Retries': 0, 'WallDurations': [2115.0], 'StartTimes': [1557346101.0], 'SubmitTimes': [1557346057.0], 'JobIds': ['37604911.0'], 'EndTimes': [], 'Restarts': 0, 'RecordedSite': True, 'State': 'running', 'ResidentSetSize': [610848], 'TotalUserCpuTimeHistory': [1649.0], 'SiteHistory': ['T2_US_Vanderbilt'], 'TotalSysCpuTimeHistory': [78.0]}, '2': {'Retries': 0, 'WallDurations': [0], 'StartTimes': [], 'SubmitTimes': [1557346057.0], 'JobIds': ['37604912.0'], 'EndTimes': [], 'Restarts': 0, 'RecordedSite': False, 'State': 'idle', 'ResidentSetSize': [0], 'TotalUserCpuTimeHistory': [0.0], 'SiteHistory': ['Unknown'], 'TotalSysCpuTimeHistory': [0.0]}}
INFO 2019-05-08 22:52:38,822: 	 Status on the scheduler:	SUBMITTED
INFO 2019-05-08 22:52:38,822: 	 
Jobs status:                    idle         		 33.3% (1/3)
INFO 2019-05-08 22:52:38,822: 	 				running      		 66.7% (2/3)
INFO 2019-05-08 22:52:38,822: 	 
No publication information (publication has been disabled in the CRAB configuration file)
INFO 2019-05-08 22:52:38,834: 	 Log file is /afs/cern.ch/work/s/schhibra/DarkPhotonSearch_v2/CMSSW_9_4_14/src/ScoutingAnalysis/TreeMaker/crab/ScoutingRunC_L1_15_7/crab_20190508_220528/crab.log
DEBUG 2019-05-09 13:33:25,414: 	 Executing command: 'status'
DEBUG 2019-05-09 13:33:25,414: 	 Found CRAB cache file /afs/cern.ch/user/s/schhibra/.crab3
DEBUG 2019-05-09 13:33:25,462: 	 Checking credentials
DEBUG 2019-05-09 13:33:25,464: 	 Found proxy file /tmp/x509up_u59012
DEBUG 2019-05-09 13:33:25,464: 	 Getting proxy life time left
DEBUG 2019-05-09 13:33:26,474: 	 Executing : 
 command : voms-proxy-info -file /tmp/x509up_u59012 -timeleft
 output : 86064

 error: 
 retcode : 0
DEBUG 2019-05-09 13:33:27,384: 	 Executing : 
 command : voms-proxy-info -file /tmp/x509up_u59012 -actimeleft
 output : 86062

 error: 
 retcode : 0
DEBUG 2019-05-09 13:33:27,384: 	 Proxy lifetime 86064 secs is different from voms extension lifetime 86062 secs for proxy: /tmp/x509up_u59012
DEBUG 2019-05-09 13:33:27,384: 	 Proxy valid for 23:54:22 hours
DEBUG 2019-05-09 13:33:27,527: 	 Executing : 
 command : openssl x509 -in ~/.globus/usercert.pem -subject -noout
 output : subject= /DC=ch/DC=cern/OU=Organic Units/OU=Users/CN=schhibra/CN=715612/CN=Simranjit Singh Chhibra

 error: 
 retcode : 0
DEBUG 2019-05-09 13:33:27,527: 	 Checking credentials
DEBUG 2019-05-09 13:33:27,528: 	 Found proxy file /tmp/x509up_u59012
DEBUG 2019-05-09 13:33:27,528: 	 Getting proxy life time left
DEBUG 2019-05-09 13:33:28,537: 	 Executing : 
 command : voms-proxy-info -file /tmp/x509up_u59012 -timeleft
 output : 86062

 error: 
 retcode : 0
DEBUG 2019-05-09 13:33:29,448: 	 Executing : 
 command : voms-proxy-info -file /tmp/x509up_u59012 -actimeleft
 output : 86060

 error: 
 retcode : 0
DEBUG 2019-05-09 13:33:29,448: 	 Proxy lifetime 86062 secs is different from voms extension lifetime 86060 secs for proxy: /tmp/x509up_u59012
DEBUG 2019-05-09 13:33:29,449: 	 Proxy valid for 23:54:20 hours
DEBUG 2019-05-09 13:33:29,569: 	 Registering user credentials for server /DC=ch/DC=cern/OU=computers/CN=vocms(052|058|030|0118|0105|0109).cern.ch|/DC=ch/DC=cern/OU=computers/CN=crab-(preprod|prod)-tw(02|01).cern.ch
DEBUG 2019-05-09 13:33:29,685: 	 Executing : 
 command : openssl x509 -in ~/.globus/usercert.pem -subject -noout
 output : subject= /DC=ch/DC=cern/OU=Organic Units/OU=Users/CN=schhibra/CN=715612/CN=Simranjit Singh Chhibra

 error: 
 retcode : 0
DEBUG 2019-05-09 13:33:29,686: 	 Getting myproxy life time left for myproxy.cern.ch
DEBUG 2019-05-09 13:33:29,686: 	 Calculating hash of /DC=ch/DC=cern/OU=Organic Units/OU=Users/CN=schhibra/CN=715612/CN=Simranjit Singh Chhibra_cmsweb.cern.ch for credential name
DEBUG 2019-05-09 13:33:29,894: 	 Executing : 
 command : myproxy-info -l 3841cd59f3d3480019d577f9a3ad69704f35aad0 -s myproxy.cern.ch
 output : username: 3841cd59f3d3480019d577f9a3ad69704f35aad0
owner: /DC=ch/DC=cern/OU=Organic Units/OU=Users/CN=schhibra/CN=715612/CN=Simranjit Singh Chhibra
  renewal policy: /DC=ch/DC=cern/OU=computers/CN=vocms(052|058|030|0118|0105|0109).cern.ch|/DC=ch/DC=cern/OU=computers/CN=crab-(preprod|prod)-tw(02|01).cern.ch
  trusted retrieval policy: /DC=ch/DC=cern/OU=computers/CN=vocms(052|058|030|0118|0105|0109).cern.ch|/DC=ch/DC=cern/OU=computers/CN=crab-(preprod|prod)-tw(02|01).cern.ch
  timeleft: 532:50:54  (22.2 days)

 error: 
 retcode : 0
DEBUG 2019-05-09 13:33:29,895: 	 Myproxy is valid: 1918254
DEBUG 2019-05-09 13:33:29,896: 	 Command use: status
DEBUG 2019-05-09 13:33:29,896: 	 Options use: ['ScoutingRunC_L1_15_7/crab_20190508_220528/']
DEBUG 2019-05-09 13:33:30,033: 	 CRABClient version: 3.3.1904
DEBUG 2019-05-09 13:33:30,033: 	 Instance is prod
DEBUG 2019-05-09 13:33:30,034: 	 Server base url is cmsweb.cern.ch
DEBUG 2019-05-09 13:33:30,034: 	 Command url /crabserver/prod/workflow
DEBUG 2019-05-09 13:33:30,154: 	 Got information from server oracle database: {u'result': [u'190508_200538:schhibra_crab_20190508_220528', u'None', u'None', u'SUBMITTED', u'SUBMIT', u'2019-05-08 20:05:38.683061', u'None', u'2019-05-08 20:07:24.676720', u'None', u'CMSSW_9_4_14', u'slc6_amd64_gcc630', u'/ScoutingCaloMuon/Run2017C-v1/RAW', u'F', u'0', u'[]', u'[]', u'LumiBased', u"{'splitOnRun': False, 'halt_job_on_file_boundaries': False, 'lumis': ['50,162', '62,99', '69,200', '54,62', '158,161', '79,130', '1,39', '86,355,357,410', '50,78', '55,58,61,258', '52,138,140,177,190,218', '56,76', '1,184', '74,447', '82,295', '44,506', '40,102,104,104,107,109', '1,288', '60,82', '1,369', '1,75', '52,56,60,351,353,415', '52,223,227,342,345,460', '73,408,410,533', '1,8', '53,390,392,537', '53,205', '1,142', '1,51,53,126', '51,242,244,543', '69,142', '1,322,324,488', '49,77,80,80,87,87', '1,502', '28,553', '3,203,302,306,309,310,313,313,318,325', '1,1', '63,407,409,518,520,572', '1,3', '1,34', '1,96', '54,755', '68,719', '69,119', '1,16', '1,4', '1,6', '1,4', '1,261', '1,1,3,3,5,6', '1,1', '1,231', '74,132,136,714', '52,85,87,785', '52,91,93,93', '1,20', '1,594', '57,427', '1,293', '75,207', '60,450', '1,150', '1,98', '36,238', '1,101', '50,141', '1,568', '71,210', '1,590', '44,117,119,572', '1,125', '20,271', '1,121', '46,518,558,561,563,635', '1,36', '53,634', '1,55', '1,1', '60,339,342,470,472,667,671,672', '55,716', '56,197', '85,650', '59,719', '87,265', '81,705', '70,746', '53,521', '1,32', '63,91', '1,110', '60,60', '1,23,25,29,31,43', '1,136', '1,145,147,319', '1,69', '422,614,616,617', '1,55', '57,142', '1,124', '1,434', '53,73', '1,704', '1,5', '78,158', '1,593', '1,9', '1,33,35,65', '1,57', '1,108', '9,122', '1,110', '13,95', '1,5', '1,237,239,483'], 'runs': ['300497', '300514', '300806', '303832', '303948', '303998', '304120', '304144', '304169', '304204', '304209', '304291', '304292', '304333', '304354', '304366', '304446', '304447', '304505', '304506', '304507', '304562', '304616', '304625', '304626', '304654', '304661', '304662', '304663', '304671', '304737', '304738', '304776', '304777', '304797', '305044', '305045', '305059', '305062', '305063', '305064', '305081', '305112', '305178', '305179', '305180', '305181', '305182', '305183', '305184', '305185', '305186', '305202', '305207', '305234', '305236', '305237', '305247', '305248', '305282', '305310', '305311', '305312', '305336', '305338', '305364', '305365', '305376', '305377', '305405', '305406', '305440', '305441', '305516', '305517', '305586', '305588', '305589', '305636', '305766', '305809', '305814', '305821', '305832', '305862', '305898', '305902', '305967', '306029', '306030', '306036', '306037', '306038', '306041', '306042', '306091', '306092', '306121', '306122', '306125', '306134', '306135', '306138', '306153', '306154', '306171', '306418', '306419', '306420', '306422', '306423', '306454', '306455', '306456'], 'lumis_per_job': 100}", u'a4a6de1421749891668391b772179f1e9398c95898338b320284b3e543fff1c0.tar.gz', u'https://cmsweb.cern.ch/crabcache', u'schhibra', u'/DC=ch/DC=cern/OU=Organic Units/OU=Users/CN=schhibra/CN=715612/CN=Simranjit Singh Chhibra', u'cms', u'None', u'None', u'crab_20190508_220528-00000000000000000000000000000000', u'F', u'T2_CH_CERN', u'https://cmsweb.cern.ch/dbs/prod/global/DBSReader', u'https://cmsweb.cern.ch/dbs/prod/phys03/DBSWriter', u'F', u'[]', u"['tree_scout.root']", u'[]', u'Analysis', u'pythia', u'None', u'{}', u'[]', u'F', u'crab-prod-tw01', u'[]', u'1250', u'1', u'2000', u'10', u'None', u'[]', u'http://vocms0120.cern.ch/mon/cms175/190508_200538:schhibra_crab_20190508_220528', u'exec.sh', u'[]', u'[]', u'https://cmsweb.cern.ch/crabserver/prod', u'cmsgwms-collector-global.cern.ch:9620,cmssrv221.fnal.gov:9620', u'crab3@vocms0120.cern.ch', u'F', u'[]', u'T', u'/store/group/phys_exotica/darkPhoton/schhibra/ScoutingNTuples2017', u'F', u'None', u'F', u'None', u'ScoutingCaloMuon', u'None', u'7a9e4bdcf21e9b819256cba14ec9022f777d4472e645eed8e88b24dafb7a941d.tar.gz', u'37604907', u'filetransfers', u'F', u'188.185.115.30', u'0.0', u'None'], u'desc': {u'columns': [u'tm_taskname', u'tm_activity', u'panda_jobset_id', u'tm_task_status', u'tm_task_command', u'tm_start_time', u'tm_start_injection', u'tm_end_injection', u'tm_task_failure', u'tm_job_sw', u'tm_job_arch', u'tm_input_dataset', u'tm_nonvalid_input_dataset', u'tm_use_parent', u'tm_site_whitelist', u'tm_site_blacklist', u'tm_split_algo', u'tm_split_args', u'tm_user_sandbox', u'tm_cache_url', u'tm_username', u'tm_user_dn', u'tm_user_vo', u'tm_user_role', u'tm_user_group', u'tm_publish_name', u'tm_publish_groupname', u'tm_asyncdest', u'tm_dbs_url', u'tm_publish_dbs_url', u'tm_publication', u'tm_outfiles', u'tm_tfile_outfiles', u'tm_edm_outfiles', u'tm_job_type', u'tm_generator', u'tm_events_per_lumi', u'tm_arguments', u'panda_resubmitted_jobs', u'tm_save_logs', u'tw_name', u'tm_user_infiles', u'tm_maxjobruntime', u'tm_numcores', u'tm_maxmemory', u'tm_priority', u'tm_output_dataset', u'tm_task_warnings', u'tm_user_webdir', u'tm_scriptexe', u'tm_scriptargs', u'tm_extrajdl', u'tm_asourl', u'tm_collector', u'tm_schedd', u'tm_dry_run', u'tm_user_files', u'tm_transfer_outputs', u'tm_output_lfn', u'tm_ignore_locality', u'tm_fail_limit', u'tm_one_event_mode', u'tm_secondary_input_dataset', u'tm_primary_dataset', u'tm_last_publication', u'tm_debug_files', u'clusterid', u'tm_asodb', u'tm_ignore_global_blacklist', u'tm_submitter_ip_addr', u'tm_totalunits', u'tm_ddm_reqid']}}
INFO 2019-05-09 13:33:30,155: 	 CRAB project directory:		/afs/cern.ch/work/s/schhibra/DarkPhotonSearch_v2/CMSSW_9_4_14/src/ScoutingAnalysis/TreeMaker/crab/ScoutingRunC_L1_15_7/crab_20190508_220528
INFO 2019-05-09 13:33:30,155: 	 Task name:			190508_200538:schhibra_crab_20190508_220528
INFO 2019-05-09 13:33:30,155: 	 Grid scheduler - Task Worker:	crab3@vocms0120.cern.ch - crab-prod-tw01
INFO 2019-05-09 13:33:30,155: 	 Status on the CRAB server:	SUBMITTED
INFO 2019-05-09 13:33:30,155: 	 Task URL to use for HELP:	https://cmsweb.cern.ch/crabserver/ui/task/190508_200538%3Aschhibra_crab_20190508_220528
INFO 2019-05-09 13:33:30,155: 	 Dashboard monitoring URL:	http://dashb-cms-job.cern.ch/dashboard/templates/task-analysis/#user=schhibra&refresh=0&table=Jobs&p=1&records=25&activemenu=2&status=&site=&tid=190508_200538%3Aschhibra_crab_20190508_220528
INFO 2019-05-09 13:33:30,155: 	 New dashboard monitoring URL:	https://monit-grafana.cern.ch/d/cmsTMDetail/cms-task-monitoring-task-view?orgId=11&var-user=schhibra&var-task=190508_200538%3Aschhibra_crab_20190508_220528
INFO 2019-05-09 13:33:30,155: 	 In case of issues with the new dashboard, please provide feedback to hn-cms-computing-tools@cern.ch
DEBUG 2019-05-09 13:33:30,156: 	 The CRAB server submitted your task to the Grid scheduler (cluster ID: 37604907)
DEBUG 2019-05-09 13:33:30,156: 	 Webdir is located at http://vocms0120.cern.ch/mon/cms175/190508_200538:schhibra_crab_20190508_220528
DEBUG 2019-05-09 13:33:30,287: 	 Proxied webdir is located at https://cmsweb.cern.ch/scheddmon/0120/cms175/190508_200538:schhibra_crab_20190508_220528
DEBUG 2019-05-09 13:33:30,287: 	 Retrieving 'status_cache' file from https://cmsweb.cern.ch/scheddmon/0120/cms175/190508_200538:schhibra_crab_20190508_220528/status_cache
DEBUG 2019-05-09 13:33:30,412: 	 Got information from status cache file: {'1': {'Retries': 0, 'WallDurations': [14456.0], 'StartTimes': [1557346100.0], 'SubmitTimes': [1557346057.0], 'JobIds': ['37604910.0'], 'EndTimes': [1557360556.0], 'Restarts': 0, 'RecordedSite': True, 'State': 'finished', 'ResidentSetSize': [694496], 'TotalUserCpuTimeHistory': [12040], 'SiteHistory': ['T2_US_Vanderbilt'], 'TotalSysCpuTimeHistory': [577]}, '3': {'Retries': 0, 'WallDurations': [11735.0], 'StartTimes': [1557346101.0], 'SubmitTimes': [1557346057.0], 'JobIds': ['37604911.0'], 'EndTimes': [1557357836.0], 'Restarts': 0, 'RecordedSite': True, 'State': 'finished', 'ResidentSetSize': [684740], 'TotalUserCpuTimeHistory': [9785], 'SiteHistory': ['T2_US_Vanderbilt'], 'TotalSysCpuTimeHistory': [467]}, '2': {'Retries': 0, 'WallDurations': [9.0, 14071.0], 'StartTimes': [1557349349.0], 'SubmitTimes': [1557346057.0], 'JobIds': ['37604912.0'], 'EndTimes': [1557363420.0], 'Restarts': 0, 'RecordedSite': True, 'State': 'finished', 'ResidentSetSize': [713624], 'TotalUserCpuTimeHistory': [13026], 'SiteHistory': ['Unknown', 'T1_FR_CCIN2P3'], 'TotalSysCpuTimeHistory': [561]}}
INFO 2019-05-09 13:33:30,412: 	 Status on the scheduler:	COMPLETED
INFO 2019-05-09 13:33:30,413: 	 
Jobs status:                    finished     		100.0% (3/3)
INFO 2019-05-09 13:33:30,413: 	 
No publication information (publication has been disabled in the CRAB configuration file)
INFO 2019-05-09 13:33:30,413: 	 
Warning: the max jobs runtime is less than 30% of the task requested value (1250 min), please consider to request a lower value for failed jobs (allowed through crab resubmit) and/or improve the jobs splitting (e.g. config.Data.splitting = 'Automatic') in a new task.
INFO 2019-05-09 13:33:30,413: 	 
Summary of run jobs:
 * Memory: 678MB min, 696MB max, 681MB ave
 * Runtime: 3:15:35 min, 4:00:56 max, 3:43:40 ave
 * CPU eff: 87% min, 97% max, 91% ave
 * Waste: 0:00:09 (0% of total)

INFO 2019-05-09 13:33:30,483: 	 Log file is /afs/cern.ch/work/s/schhibra/DarkPhotonSearch_v2/CMSSW_9_4_14/src/ScoutingAnalysis/TreeMaker/crab/ScoutingRunC_L1_15_7/crab_20190508_220528/crab.log
DEBUG 2019-05-12 18:48:47,526: 	 Executing command: 'status'
DEBUG 2019-05-12 18:48:47,526: 	 Found CRAB cache file /afs/cern.ch/user/s/schhibra/.crab3
DEBUG 2019-05-12 18:48:47,666: 	 Checking credentials
DEBUG 2019-05-12 18:48:47,666: 	 Found proxy file /tmp/x509up_u59012
DEBUG 2019-05-12 18:48:47,666: 	 Getting proxy life time left
DEBUG 2019-05-12 18:48:48,573: 	 Executing : 
 command : voms-proxy-info -file /tmp/x509up_u59012 -timeleft
 output : 86379

 error: 
 retcode : 0
DEBUG 2019-05-12 18:48:49,482: 	 Executing : 
 command : voms-proxy-info -file /tmp/x509up_u59012 -actimeleft
 output : 86377

 error: 
 retcode : 0
DEBUG 2019-05-12 18:48:49,482: 	 Proxy lifetime 86379 secs is different from voms extension lifetime 86377 secs for proxy: /tmp/x509up_u59012
DEBUG 2019-05-12 18:48:49,482: 	 Proxy valid for 23:59:37 hours
DEBUG 2019-05-12 18:48:49,600: 	 Executing : 
 command : openssl x509 -in ~/.globus/usercert.pem -subject -noout
 output : subject= /DC=ch/DC=cern/OU=Organic Units/OU=Users/CN=schhibra/CN=715612/CN=Simranjit Singh Chhibra

 error: 
 retcode : 0
DEBUG 2019-05-12 18:48:49,601: 	 Checking credentials
DEBUG 2019-05-12 18:48:49,601: 	 Found proxy file /tmp/x509up_u59012
DEBUG 2019-05-12 18:48:49,601: 	 Getting proxy life time left
DEBUG 2019-05-12 18:48:50,510: 	 Executing : 
 command : voms-proxy-info -file /tmp/x509up_u59012 -timeleft
 output : 86377

 error: 
 retcode : 0
DEBUG 2019-05-12 18:48:51,417: 	 Executing : 
 command : voms-proxy-info -file /tmp/x509up_u59012 -actimeleft
 output : 86375

 error: 
 retcode : 0
DEBUG 2019-05-12 18:48:51,418: 	 Proxy lifetime 86377 secs is different from voms extension lifetime 86375 secs for proxy: /tmp/x509up_u59012
DEBUG 2019-05-12 18:48:51,418: 	 Proxy valid for 23:59:35 hours
DEBUG 2019-05-12 18:48:51,553: 	 Registering user credentials for server /DC=ch/DC=cern/OU=computers/CN=vocms(052|058|030|0118|0105|0109).cern.ch|/DC=ch/DC=cern/OU=computers/CN=crab-(preprod|prod)-tw(02|01).cern.ch
DEBUG 2019-05-12 18:48:51,666: 	 Executing : 
 command : openssl x509 -in ~/.globus/usercert.pem -subject -noout
 output : subject= /DC=ch/DC=cern/OU=Organic Units/OU=Users/CN=schhibra/CN=715612/CN=Simranjit Singh Chhibra

 error: 
 retcode : 0
DEBUG 2019-05-12 18:48:51,667: 	 Getting myproxy life time left for myproxy.cern.ch
DEBUG 2019-05-12 18:48:51,667: 	 Calculating hash of /DC=ch/DC=cern/OU=Organic Units/OU=Users/CN=schhibra/CN=715612/CN=Simranjit Singh Chhibra_cmsweb.cern.ch for credential name
DEBUG 2019-05-12 18:48:52,073: 	 Executing : 
 command : myproxy-info -l 3841cd59f3d3480019d577f9a3ad69704f35aad0 -s myproxy.cern.ch
 output : username: 3841cd59f3d3480019d577f9a3ad69704f35aad0
owner: /DC=ch/DC=cern/OU=Organic Units/OU=Users/CN=schhibra/CN=715612/CN=Simranjit Singh Chhibra
  renewal policy: /DC=ch/DC=cern/OU=computers/CN=vocms(052|058|030|0118|0105|0109).cern.ch|/DC=ch/DC=cern/OU=computers/CN=crab-(preprod|prod)-tw(02|01).cern.ch
  trusted retrieval policy: /DC=ch/DC=cern/OU=computers/CN=vocms(052|058|030|0118|0105|0109).cern.ch|/DC=ch/DC=cern/OU=computers/CN=crab-(preprod|prod)-tw(02|01).cern.ch
  timeleft: 455:35:32  (19.0 days)

 error: 
 retcode : 0
DEBUG 2019-05-12 18:48:52,075: 	 Myproxy is valid: 1640132
DEBUG 2019-05-12 18:48:52,076: 	 Command use: status
DEBUG 2019-05-12 18:48:52,076: 	 Options use: ['ScoutingRunC_L1_15_7/crab_20190508_220528/']
DEBUG 2019-05-12 18:48:52,204: 	 CRABClient version: 3.3.1904
DEBUG 2019-05-12 18:48:52,204: 	 Instance is prod
DEBUG 2019-05-12 18:48:52,204: 	 Server base url is cmsweb.cern.ch
DEBUG 2019-05-12 18:48:52,204: 	 Command url /crabserver/prod/workflow
DEBUG 2019-05-12 18:48:52,334: 	 Got information from server oracle database: {u'result': [u'190508_200538:schhibra_crab_20190508_220528', u'None', u'None', u'SUBMITTED', u'SUBMIT', u'2019-05-08 20:05:38.683061', u'None', u'2019-05-08 20:07:24.676720', u'None', u'CMSSW_9_4_14', u'slc6_amd64_gcc630', u'/ScoutingCaloMuon/Run2017C-v1/RAW', u'F', u'0', u'[]', u'[]', u'LumiBased', u"{'splitOnRun': False, 'halt_job_on_file_boundaries': False, 'lumis': ['50,162', '62,99', '69,200', '54,62', '158,161', '79,130', '1,39', '86,355,357,410', '50,78', '55,58,61,258', '52,138,140,177,190,218', '56,76', '1,184', '74,447', '82,295', '44,506', '40,102,104,104,107,109', '1,288', '60,82', '1,369', '1,75', '52,56,60,351,353,415', '52,223,227,342,345,460', '73,408,410,533', '1,8', '53,390,392,537', '53,205', '1,142', '1,51,53,126', '51,242,244,543', '69,142', '1,322,324,488', '49,77,80,80,87,87', '1,502', '28,553', '3,203,302,306,309,310,313,313,318,325', '1,1', '63,407,409,518,520,572', '1,3', '1,34', '1,96', '54,755', '68,719', '69,119', '1,16', '1,4', '1,6', '1,4', '1,261', '1,1,3,3,5,6', '1,1', '1,231', '74,132,136,714', '52,85,87,785', '52,91,93,93', '1,20', '1,594', '57,427', '1,293', '75,207', '60,450', '1,150', '1,98', '36,238', '1,101', '50,141', '1,568', '71,210', '1,590', '44,117,119,572', '1,125', '20,271', '1,121', '46,518,558,561,563,635', '1,36', '53,634', '1,55', '1,1', '60,339,342,470,472,667,671,672', '55,716', '56,197', '85,650', '59,719', '87,265', '81,705', '70,746', '53,521', '1,32', '63,91', '1,110', '60,60', '1,23,25,29,31,43', '1,136', '1,145,147,319', '1,69', '422,614,616,617', '1,55', '57,142', '1,124', '1,434', '53,73', '1,704', '1,5', '78,158', '1,593', '1,9', '1,33,35,65', '1,57', '1,108', '9,122', '1,110', '13,95', '1,5', '1,237,239,483'], 'runs': ['300497', '300514', '300806', '303832', '303948', '303998', '304120', '304144', '304169', '304204', '304209', '304291', '304292', '304333', '304354', '304366', '304446', '304447', '304505', '304506', '304507', '304562', '304616', '304625', '304626', '304654', '304661', '304662', '304663', '304671', '304737', '304738', '304776', '304777', '304797', '305044', '305045', '305059', '305062', '305063', '305064', '305081', '305112', '305178', '305179', '305180', '305181', '305182', '305183', '305184', '305185', '305186', '305202', '305207', '305234', '305236', '305237', '305247', '305248', '305282', '305310', '305311', '305312', '305336', '305338', '305364', '305365', '305376', '305377', '305405', '305406', '305440', '305441', '305516', '305517', '305586', '305588', '305589', '305636', '305766', '305809', '305814', '305821', '305832', '305862', '305898', '305902', '305967', '306029', '306030', '306036', '306037', '306038', '306041', '306042', '306091', '306092', '306121', '306122', '306125', '306134', '306135', '306138', '306153', '306154', '306171', '306418', '306419', '306420', '306422', '306423', '306454', '306455', '306456'], 'lumis_per_job': 100}", u'a4a6de1421749891668391b772179f1e9398c95898338b320284b3e543fff1c0.tar.gz', u'https://cmsweb.cern.ch/crabcache', u'schhibra', u'/DC=ch/DC=cern/OU=Organic Units/OU=Users/CN=schhibra/CN=715612/CN=Simranjit Singh Chhibra', u'cms', u'None', u'None', u'crab_20190508_220528-00000000000000000000000000000000', u'F', u'T2_CH_CERN', u'https://cmsweb.cern.ch/dbs/prod/global/DBSReader', u'https://cmsweb.cern.ch/dbs/prod/phys03/DBSWriter', u'F', u'[]', u"['tree_scout.root']", u'[]', u'Analysis', u'pythia', u'None', u'{}', u'[]', u'F', u'crab-prod-tw01', u'[]', u'1250', u'1', u'2000', u'10', u'None', u'[]', u'http://vocms0120.cern.ch/mon/cms175/190508_200538:schhibra_crab_20190508_220528', u'exec.sh', u'[]', u'[]', u'https://cmsweb.cern.ch/crabserver/prod', u'cmsgwms-collector-global.cern.ch:9620,cmssrv221.fnal.gov:9620', u'crab3@vocms0120.cern.ch', u'F', u'[]', u'T', u'/store/group/phys_exotica/darkPhoton/schhibra/ScoutingNTuples2017', u'F', u'None', u'F', u'None', u'ScoutingCaloMuon', u'None', u'7a9e4bdcf21e9b819256cba14ec9022f777d4472e645eed8e88b24dafb7a941d.tar.gz', u'37604907', u'filetransfers', u'F', u'188.185.115.30', u'0.0', u'None'], u'desc': {u'columns': [u'tm_taskname', u'tm_activity', u'panda_jobset_id', u'tm_task_status', u'tm_task_command', u'tm_start_time', u'tm_start_injection', u'tm_end_injection', u'tm_task_failure', u'tm_job_sw', u'tm_job_arch', u'tm_input_dataset', u'tm_nonvalid_input_dataset', u'tm_use_parent', u'tm_site_whitelist', u'tm_site_blacklist', u'tm_split_algo', u'tm_split_args', u'tm_user_sandbox', u'tm_cache_url', u'tm_username', u'tm_user_dn', u'tm_user_vo', u'tm_user_role', u'tm_user_group', u'tm_publish_name', u'tm_publish_groupname', u'tm_asyncdest', u'tm_dbs_url', u'tm_publish_dbs_url', u'tm_publication', u'tm_outfiles', u'tm_tfile_outfiles', u'tm_edm_outfiles', u'tm_job_type', u'tm_generator', u'tm_events_per_lumi', u'tm_arguments', u'panda_resubmitted_jobs', u'tm_save_logs', u'tw_name', u'tm_user_infiles', u'tm_maxjobruntime', u'tm_numcores', u'tm_maxmemory', u'tm_priority', u'tm_output_dataset', u'tm_task_warnings', u'tm_user_webdir', u'tm_scriptexe', u'tm_scriptargs', u'tm_extrajdl', u'tm_asourl', u'tm_collector', u'tm_schedd', u'tm_dry_run', u'tm_user_files', u'tm_transfer_outputs', u'tm_output_lfn', u'tm_ignore_locality', u'tm_fail_limit', u'tm_one_event_mode', u'tm_secondary_input_dataset', u'tm_primary_dataset', u'tm_last_publication', u'tm_debug_files', u'clusterid', u'tm_asodb', u'tm_ignore_global_blacklist', u'tm_submitter_ip_addr', u'tm_totalunits', u'tm_ddm_reqid']}}
INFO 2019-05-12 18:48:52,334: 	 CRAB project directory:		/afs/cern.ch/work/s/schhibra/DarkPhotonSearch_v2/CMSSW_9_4_14/src/ScoutingAnalysis/TreeMaker/crab/ScoutingRunC_L1_15_7/crab_20190508_220528
INFO 2019-05-12 18:48:52,334: 	 Task name:			190508_200538:schhibra_crab_20190508_220528
INFO 2019-05-12 18:48:52,334: 	 Grid scheduler - Task Worker:	crab3@vocms0120.cern.ch - crab-prod-tw01
INFO 2019-05-12 18:48:52,335: 	 Status on the CRAB server:	SUBMITTED
INFO 2019-05-12 18:48:52,335: 	 Task URL to use for HELP:	https://cmsweb.cern.ch/crabserver/ui/task/190508_200538%3Aschhibra_crab_20190508_220528
INFO 2019-05-12 18:48:52,335: 	 Dashboard monitoring URL:	http://dashb-cms-job.cern.ch/dashboard/templates/task-analysis/#user=schhibra&refresh=0&table=Jobs&p=1&records=25&activemenu=2&status=&site=&tid=190508_200538%3Aschhibra_crab_20190508_220528
INFO 2019-05-12 18:48:52,335: 	 New dashboard monitoring URL:	https://monit-grafana.cern.ch/d/cmsTMDetail/cms-task-monitoring-task-view?orgId=11&var-user=schhibra&var-task=190508_200538%3Aschhibra_crab_20190508_220528
INFO 2019-05-12 18:48:52,335: 	 In case of issues with the new dashboard, please provide feedback to hn-cms-computing-tools@cern.ch
DEBUG 2019-05-12 18:48:52,335: 	 The CRAB server submitted your task to the Grid scheduler (cluster ID: 37604907)
DEBUG 2019-05-12 18:48:52,335: 	 Webdir is located at http://vocms0120.cern.ch/mon/cms175/190508_200538:schhibra_crab_20190508_220528
DEBUG 2019-05-12 18:48:52,470: 	 Proxied webdir is located at https://cmsweb.cern.ch/scheddmon/0120/cms175/190508_200538:schhibra_crab_20190508_220528
DEBUG 2019-05-12 18:48:52,470: 	 Retrieving 'status_cache' file from https://cmsweb.cern.ch/scheddmon/0120/cms175/190508_200538:schhibra_crab_20190508_220528/status_cache
DEBUG 2019-05-12 18:48:52,777: 	 Got information from status cache file: {'1': {'Retries': 0, 'WallDurations': [14456.0], 'StartTimes': [1557346100.0], 'SubmitTimes': [1557346057.0], 'JobIds': ['37604910.0'], 'EndTimes': [1557360556.0], 'Restarts': 0, 'RecordedSite': True, 'State': 'finished', 'ResidentSetSize': [694496], 'TotalUserCpuTimeHistory': [12040], 'SiteHistory': ['T2_US_Vanderbilt'], 'TotalSysCpuTimeHistory': [577]}, '3': {'Retries': 0, 'WallDurations': [11735.0], 'StartTimes': [1557346101.0], 'SubmitTimes': [1557346057.0], 'JobIds': ['37604911.0'], 'EndTimes': [1557357836.0], 'Restarts': 0, 'RecordedSite': True, 'State': 'finished', 'ResidentSetSize': [684740], 'TotalUserCpuTimeHistory': [9785], 'SiteHistory': ['T2_US_Vanderbilt'], 'TotalSysCpuTimeHistory': [467]}, '2': {'Retries': 0, 'WallDurations': [9.0, 14071.0], 'StartTimes': [1557349349.0], 'SubmitTimes': [1557346057.0], 'JobIds': ['37604912.0'], 'EndTimes': [1557363420.0], 'Restarts': 0, 'RecordedSite': True, 'State': 'finished', 'ResidentSetSize': [713624], 'TotalUserCpuTimeHistory': [13026], 'SiteHistory': ['Unknown', 'T1_FR_CCIN2P3'], 'TotalSysCpuTimeHistory': [561]}}
INFO 2019-05-12 18:48:52,777: 	 Status on the scheduler:	COMPLETED
INFO 2019-05-12 18:48:52,777: 	 
Jobs status:                    finished     		100.0% (3/3)
INFO 2019-05-12 18:48:52,777: 	 
No publication information (publication has been disabled in the CRAB configuration file)
INFO 2019-05-12 18:48:52,777: 	 
Warning: the max jobs runtime is less than 30% of the task requested value (1250 min), please consider to request a lower value for failed jobs (allowed through crab resubmit) and/or improve the jobs splitting (e.g. config.Data.splitting = 'Automatic') in a new task.
INFO 2019-05-12 18:48:52,778: 	 
Summary of run jobs:
 * Memory: 678MB min, 696MB max, 681MB ave
 * Runtime: 3:15:35 min, 4:00:56 max, 3:43:40 ave
 * CPU eff: 87% min, 97% max, 91% ave
 * Waste: 0:00:09 (0% of total)

INFO 2019-05-12 18:48:52,826: 	 Log file is /afs/cern.ch/work/s/schhibra/DarkPhotonSearch_v2/CMSSW_9_4_14/src/ScoutingAnalysis/TreeMaker/crab/ScoutingRunC_L1_15_7/crab_20190508_220528/crab.log
