DEBUG 2019-05-13 19:26:59,485: 	 Executing command: 'submit'
DEBUG 2019-05-13 19:26:59,486: 	 Found CRAB cache file /afs/cern.ch/user/s/schhibra/.crab3
DEBUG 2019-05-13 19:26:59,497: 	 Checking credentials
DEBUG 2019-05-13 19:26:59,497: 	 Found proxy file /tmp/x509up_u59012
DEBUG 2019-05-13 19:26:59,497: 	 Getting proxy life time left
DEBUG 2019-05-13 19:27:00,304: 	 Executing : 
 command : voms-proxy-info -file /tmp/x509up_u59012 -timeleft
 output : 603325

 error: 
 retcode : 0
DEBUG 2019-05-13 19:27:01,112: 	 Executing : 
 command : voms-proxy-info -file /tmp/x509up_u59012 -actimeleft
 output : 603324

 error: 
 retcode : 0
DEBUG 2019-05-13 19:27:01,113: 	 Proxy lifetime 603325 secs is different from voms extension lifetime 603324 secs for proxy: /tmp/x509up_u59012
DEBUG 2019-05-13 19:27:01,113: 	 Proxy valid for 167:35:24 hours
INFO 2019-05-13 19:27:01,113: 	 Will use CRAB configuration file crabConfig.py
DEBUG 2019-05-13 19:27:01,113: 	 Loading CRAB configuration file.
DEBUG 2019-05-13 19:27:01,133: 	 Will use CRAB Analysis plugin (i.e. will run an analysis job type).
DEBUG 2019-05-13 19:27:01,356: 	 Executing : 
 command : openssl x509 -in ~/.globus/usercert.pem -subject -noout
 output : subject= /DC=ch/DC=cern/OU=Organic Units/OU=Users/CN=schhibra/CN=715612/CN=Simranjit Singh Chhibra

 error: 
 retcode : 0
DEBUG 2019-05-13 19:27:01,357: 	 Checking credentials
DEBUG 2019-05-13 19:27:01,357: 	 Found proxy file /tmp/x509up_u59012
DEBUG 2019-05-13 19:27:01,357: 	 Getting proxy life time left
DEBUG 2019-05-13 19:27:02,166: 	 Executing : 
 command : voms-proxy-info -file /tmp/x509up_u59012 -timeleft
 output : 603323

 error: 
 retcode : 0
DEBUG 2019-05-13 19:27:02,973: 	 Executing : 
 command : voms-proxy-info -file /tmp/x509up_u59012 -actimeleft
 output : 603323

 error: 
 retcode : 0
DEBUG 2019-05-13 19:27:02,974: 	 Proxy valid for 167:35:23 hours
DEBUG 2019-05-13 19:27:03,785: 	 Executing : 
 command : env X509_USER_PROXY=/tmp/x509up_u59012 voms-proxy-info -fqan
 output : /cms/Role=NULL/Capability=NULL

 error: 
 retcode : 0
DEBUG 2019-05-13 19:27:03,948: 	 Registering user credentials for server /DC=ch/DC=cern/OU=computers/CN=vocms(052|058|030|0118|0105|0109).cern.ch|/DC=ch/DC=cern/OU=computers/CN=crab-(preprod|prod)-tw(02|01).cern.ch
DEBUG 2019-05-13 19:27:04,060: 	 Executing : 
 command : openssl x509 -in ~/.globus/usercert.pem -subject -noout
 output : subject= /DC=ch/DC=cern/OU=Organic Units/OU=Users/CN=schhibra/CN=715612/CN=Simranjit Singh Chhibra

 error: 
 retcode : 0
DEBUG 2019-05-13 19:27:04,061: 	 Getting myproxy life time left for myproxy.cern.ch
DEBUG 2019-05-13 19:27:04,061: 	 Calculating hash of /DC=ch/DC=cern/OU=Organic Units/OU=Users/CN=schhibra/CN=715612/CN=Simranjit Singh Chhibra_cmsweb.cern.ch for credential name
DEBUG 2019-05-13 19:27:04,467: 	 Executing : 
 command : myproxy-info -l 3841cd59f3d3480019d577f9a3ad69704f35aad0 -s myproxy.cern.ch
 output : username: 3841cd59f3d3480019d577f9a3ad69704f35aad0
owner: /DC=ch/DC=cern/OU=Organic Units/OU=Users/CN=schhibra/CN=715612/CN=Simranjit Singh Chhibra
  renewal policy: /DC=ch/DC=cern/OU=computers/CN=vocms(052|058|030|0118|0105|0109).cern.ch|/DC=ch/DC=cern/OU=computers/CN=crab-(preprod|prod)-tw(02|01).cern.ch
  trusted retrieval policy: /DC=ch/DC=cern/OU=computers/CN=vocms(052|058|030|0118|0105|0109).cern.ch|/DC=ch/DC=cern/OU=computers/CN=crab-(preprod|prod)-tw(02|01).cern.ch
  timeleft: 430:57:19  (18.0 days)

 error: 
 retcode : 0
DEBUG 2019-05-13 19:27:04,469: 	 Myproxy is valid: 1551439
DEBUG 2019-05-13 19:27:04,469: 	 Command use: submit
DEBUG 2019-05-13 19:27:04,469: 	 Options use: []
DEBUG 2019-05-13 19:27:04,604: 	 CRABClient version: 3.3.1904
DEBUG 2019-05-13 19:27:04,604: 	 Instance is prod
DEBUG 2019-05-13 19:27:04,604: 	 Server base url is cmsweb.cern.ch
DEBUG 2019-05-13 19:27:04,604: 	 Command url /crabserver/prod/workflow
DEBUG 2019-05-13 19:27:04,604: 	 Started submission
DEBUG 2019-05-13 19:27:04,604: 	 Working on /afs/cern.ch/work/s/schhibra/DarkPhotonSearch_v2/CMSSW_9_4_14/src/ScoutingAnalysis/TreeMaker/crab/ZdScoutingM70_L1_12_5_L1_15_7_Official_AccXEff/crab_20190513_192701
DEBUG 2019-05-13 19:27:04,758: 	 Loading required information from the environment
DEBUG 2019-05-13 19:27:04,758: 	 Found CMSSW_9_4_14 for slc6_amd64_gcc630 with base /afs/cern.ch/work/s/schhibra/DarkPhotonSearch_v2/CMSSW_9_4_14
DEBUG 2019-05-13 19:27:04,758: 	 Loading required information from the environment
DEBUG 2019-05-13 19:27:04,758: 	 Found CMSSW_9_4_14 for slc6_amd64_gcc630 with base /afs/cern.ch/work/s/schhibra/DarkPhotonSearch_v2/CMSSW_9_4_14
DEBUG 2019-05-13 19:27:04,776: 	 UNIQUE NAME: tarUUID 9a7a5fa7-54ca-470c-bff7-b59fa5014218 
DEBUG 2019-05-13 19:27:04,776: 	 self.config: from WMCore.Configuration import Configuration
config = Configuration()
config.section_('General')
config.section_('JobType')
config.JobType.psetName = '../../test/tree_scout_cfg.py'
config.JobType.pluginName = 'Analysis'
config.JobType.inputFiles = ['../Rochester.tar.gz']
config.JobType.pyCfgParams = ['isMC=True', 'useLHEWeights=True', 'GlobalTag=94X_mc2017_realistic_v11', 'roccorData=Rochester/RoccoR2017.txt']
config.JobType.scriptExe = '../exec.sh'
config.section_('Data')
config.Data.inputDataset = '/DarkPhotonToMuMu_M70_madgraph_pythia8_TuneCP5/RunIIFall17DRPremix-PU2017_94X_mc2017_realistic_v11-v1/AODSIM'
config.Data.unitsPerJob = 10000
config.Data.publication = False
config.Data.splitting = 'EventAwareLumiBased'
config.Data.outLFNDirBase = '/store/group/phys_exotica/darkPhoton/schhibra/ScoutingNTuples2017'
config.section_('Site')
config.Site.storageSite = 'T2_CH_CERN'
config.section_('User')
config.section_('Debug')

DEBUG 2019-05-13 19:27:04,776: 	 self.config.JobType.psetName: ../../test/tree_scout_cfg.py
INFO 2019-05-13 19:27:04,777: 	 Importing CMSSW configuration ../../test/tree_scout_cfg.py
DEBUG 2019-05-13 19:27:04,777: 	 Additional parameters for the CMSSW configuration are: ['isMC=True', 'useLHEWeights=True', 'GlobalTag=94X_mc2017_realistic_v11', 'roccorData=Rochester/RoccoR2017.txt']
INFO 2019-05-13 19:27:06,378: 	 Finished importing CMSSW configuration ../../test/tree_scout_cfg.py
DEBUG 2019-05-13 19:27:06,378: 	 Writing CMSSW configuration to /afs/cern.ch/work/s/schhibra/DarkPhotonSearch_v2/CMSSW_9_4_14/src/ScoutingAnalysis/TreeMaker/crab/ZdScoutingM70_L1_12_5_L1_15_7_Official_AccXEff/crab_20190513_192701/inputs/PSet.py
DEBUG 2019-05-13 19:27:06,804: 	 The following EDM output files will be collected: []
DEBUG 2019-05-13 19:27:06,804: 	 The following TFile output files will be collected: ['tree_scout.root']
DEBUG 2019-05-13 19:27:06,804: 	 The following user output files will be collected: []
DEBUG 2019-05-13 19:27:06,804: 	 Loading required information from the environment
DEBUG 2019-05-13 19:27:06,804: 	 Found CMSSW_9_4_14 for slc6_amd64_gcc630 with base /afs/cern.ch/work/s/schhibra/DarkPhotonSearch_v2/CMSSW_9_4_14
DEBUG 2019-05-13 19:27:06,804: 	 Making tarball in /afs/cern.ch/work/s/schhibra/DarkPhotonSearch_v2/CMSSW_9_4_14/src/ScoutingAnalysis/TreeMaker/crab/ZdScoutingM70_L1_12_5_L1_15_7_Official_AccXEff/crab_20190513_192701/inputs/9a7a5fa7-54ca-470c-bff7-b59fa5014218default.tgz
DEBUG 2019-05-13 19:27:06,810: 	 Checking directory /afs/cern.ch/work/s/schhibra/DarkPhotonSearch_v2/CMSSW_9_4_14/lib
DEBUG 2019-05-13 19:27:06,810: 	 Adding directory /afs/cern.ch/work/s/schhibra/DarkPhotonSearch_v2/CMSSW_9_4_14/lib to tarball
DEBUG 2019-05-13 19:27:06,817: 	 Checking directory /afs/cern.ch/work/s/schhibra/DarkPhotonSearch_v2/CMSSW_9_4_14/biglib
DEBUG 2019-05-13 19:27:06,817: 	 Adding directory /afs/cern.ch/work/s/schhibra/DarkPhotonSearch_v2/CMSSW_9_4_14/biglib to tarball
DEBUG 2019-05-13 19:27:06,818: 	 Checking directory /afs/cern.ch/work/s/schhibra/DarkPhotonSearch_v2/CMSSW_9_4_14/module
DEBUG 2019-05-13 19:27:06,819: 	 Adding data directory /afs/cern.ch/work/s/schhibra/DarkPhotonSearch_v2/CMSSW_9_4_14/src/ScoutingAnalysis/TreeMaker/data to tarball
DEBUG 2019-05-13 19:27:07,002: 	 Adding data directory /afs/cern.ch/work/s/schhibra/DarkPhotonSearch_v2/CMSSW_9_4_14/src/ScoutingAnalysis/TreeMaker/interface to tarball
DEBUG 2019-05-13 19:27:07,021: 	 Adding file ../Rochester.tar.gz to tarball
DEBUG 2019-05-13 19:27:07,391: 	 Uploading archive /afs/cern.ch/work/s/schhibra/DarkPhotonSearch_v2/CMSSW_9_4_14/src/ScoutingAnalysis/TreeMaker/crab/ZdScoutingM70_L1_12_5_L1_15_7_Official_AccXEff/crab_20190513_192701/inputs/9a7a5fa7-54ca-470c-bff7-b59fa5014218default.tgz (1.383789.1 MB) to the CRAB cache. Using URI https://cmsweb.cern.ch/crabcache
DEBUG 2019-05-13 19:27:08,625: 	 Loading required information from the environment
DEBUG 2019-05-13 19:27:08,625: 	 Found CMSSW_9_4_14 for slc6_amd64_gcc630 with base /afs/cern.ch/work/s/schhibra/DarkPhotonSearch_v2/CMSSW_9_4_14
DEBUG 2019-05-13 19:27:08,625: 	 Making tarball in /afs/cern.ch/work/s/schhibra/DarkPhotonSearch_v2/CMSSW_9_4_14/src/ScoutingAnalysis/TreeMaker/crab/ZdScoutingM70_L1_12_5_L1_15_7_Official_AccXEff/crab_20190513_192701/inputs/debugFiles.tgz
DEBUG 2019-05-13 19:27:08,631: 	 Uploading archive /afs/cern.ch/work/s/schhibra/DarkPhotonSearch_v2/CMSSW_9_4_14/src/ScoutingAnalysis/TreeMaker/crab/ZdScoutingM70_L1_12_5_L1_15_7_Official_AccXEff/crab_20190513_192701/inputs/debugFiles.tgz (2 KB) to the CRAB cache. Using URI https://cmsweb.cern.ch/crabcache
DEBUG 2019-05-13 19:27:08,762: 	 Result uploading input files: a91432ba4693afbbde9dbfbf3a45ce6415c548894da6deac0dabcf6ac4d297eb.tar.gz 
INFO 2019-05-13 19:27:08,762: 	 Sending the request to the server
DEBUG 2019-05-13 19:27:08,762: 	 Submitting {'maxjobruntime': 1250, 'extrajdl': [], 'lfn': '/store/group/phys_exotica/darkPhoton/schhibra/ScoutingNTuples2017', 'savelogsflag': 0, 'useparent': 0, 'scriptexe': 'exec.sh', 'asyncdest': 'T2_CH_CERN', 'algoargs': 10000, 'cachefilename': 'a91432ba4693afbbde9dbfbf3a45ce6415c548894da6deac0dabcf6ac4d297eb.tar.gz', 'numcores': 1, 'addoutputfiles': [], 'generator': 'pythia', 'maxmemory': 2000, 'publishdbsurl': 'https://cmsweb.cern.ch/dbs/prod/phys03/DBSWriter', 'priority': 10, 'jobsw': 'CMSSW_9_4_14', 'edmoutfiles': [], 'userfiles': [], 'primarydataset': '', 'inputdata': '/DarkPhotonToMuMu_M70_madgraph_pythia8_TuneCP5/RunIIFall17DRPremix-PU2017_94X_mc2017_realistic_v11-v1/AODSIM', 'ignorelocality': 0, 'dryrun': 0, 'workflow': 'crab_20190513_192701', 'cacheurl': u'https://cmsweb.cern.ch/crabcache', 'nonprodsw': 0, 'tfileoutfiles': ['tree_scout.root'], 'oneEventMode': 0, 'debugfilename': 'c1aaeb7efc6a14ed008774539c9ca30fdaed08f5701dbd6fc06d6eca92734bdc.tar.gz', 'saveoutput': 1, 'publication': 0, 'jobarch': 'slc6_amd64_gcc630', 'totalunits': 0, 'splitalgo': 'EventAwareLumiBased', 'ignoreglobalblacklist': 0, 'nonvaliddata': 0, 'dbsurl': 'https://cmsweb.cern.ch/dbs/prod/global/DBSReader', 'publishgroupname': 0, 'jobtype': 'Analysis', 'publishname2': ''} 
DEBUG 2019-05-13 19:27:08,763: 	 Encoded submit request: maxjobruntime=1250&lfn=%2Fstore%2Fgroup%2Fphys_exotica%2FdarkPhoton%2Fschhibra%2FScoutingNTuples2017&savelogsflag=0&useparent=0&scriptexe=exec.sh&asyncdest=T2_CH_CERN&algoargs=10000&cachefilename=a91432ba4693afbbde9dbfbf3a45ce6415c548894da6deac0dabcf6ac4d297eb.tar.gz&numcores=1&generator=pythia&maxmemory=2000&publishdbsurl=https%3A%2F%2Fcmsweb.cern.ch%2Fdbs%2Fprod%2Fphys03%2FDBSWriter&priority=10&jobsw=CMSSW_9_4_14&primarydataset=&inputdata=%2FDarkPhotonToMuMu_M70_madgraph_pythia8_TuneCP5%2FRunIIFall17DRPremix-PU2017_94X_mc2017_realistic_v11-v1%2FAODSIM&ignorelocality=0&dryrun=0&workflow=crab_20190513_192701&cacheurl=https%3A%2F%2Fcmsweb.cern.ch%2Fcrabcache&nonprodsw=0&oneEventMode=0&debugfilename=c1aaeb7efc6a14ed008774539c9ca30fdaed08f5701dbd6fc06d6eca92734bdc.tar.gz&saveoutput=1&publication=0&jobarch=slc6_amd64_gcc630&totalunits=0&splitalgo=EventAwareLumiBased&ignoreglobalblacklist=0&nonvaliddata=0&dbsurl=https%3A%2F%2Fcmsweb.cern.ch%2Fdbs%2Fprod%2Fglobal%2FDBSReader&publishgroupname=0&jobtype=Analysis&publishname2=&tfileoutfiles=tree_scout.root
DEBUG 2019-05-13 19:27:09,041: 	 Result: {u'result': [{u'RequestName': u'190513_172708:schhibra_crab_20190513_192701'}]}
INFO 2019-05-13 19:27:09,043: 	 Success: Your task has been delivered to the CRAB3 server.
INFO 2019-05-13 19:27:09,044: 	 Task name: 190513_172708:schhibra_crab_20190513_192701
INFO 2019-05-13 19:27:09,044: 	 Project dir: ./crab_20190513_192701
INFO 2019-05-13 19:27:09,044: 	 Please use 'crab status -d ./crab_20190513_192701' to check how the submission process proceeds.
DEBUG 2019-05-13 19:27:09,044: 	 About to return
INFO 2019-05-13 19:27:09,047: 	 Log file is /afs/cern.ch/work/s/schhibra/DarkPhotonSearch_v2/CMSSW_9_4_14/src/ScoutingAnalysis/TreeMaker/crab/ZdScoutingM70_L1_12_5_L1_15_7_Official_AccXEff/crab_20190513_192701/crab.log
DEBUG 2019-05-17 19:18:15,553: 	 Executing command: 'status'
DEBUG 2019-05-17 19:18:15,553: 	 Found CRAB cache file /afs/cern.ch/user/s/schhibra/.crab3
DEBUG 2019-05-17 19:18:15,587: 	 Checking credentials
DEBUG 2019-05-17 19:18:15,587: 	 Found proxy file /tmp/x509up_u59012
DEBUG 2019-05-17 19:18:15,587: 	 Getting proxy life time left
DEBUG 2019-05-17 19:18:16,600: 	 Executing : 
 command : voms-proxy-info -file /tmp/x509up_u59012 -timeleft
 output : 584011

 error: 
 retcode : 0
DEBUG 2019-05-17 19:18:17,511: 	 Executing : 
 command : voms-proxy-info -file /tmp/x509up_u59012 -actimeleft
 output : 584009

 error: 
 retcode : 0
DEBUG 2019-05-17 19:18:17,511: 	 Proxy lifetime 584011 secs is different from voms extension lifetime 584009 secs for proxy: /tmp/x509up_u59012
DEBUG 2019-05-17 19:18:17,511: 	 Proxy valid for 162:13:29 hours
DEBUG 2019-05-17 19:18:17,636: 	 Executing : 
 command : openssl x509 -in ~/.globus/usercert.pem -subject -noout
 output : subject= /DC=ch/DC=cern/OU=Organic Units/OU=Users/CN=schhibra/CN=715612/CN=Simranjit Singh Chhibra

 error: 
 retcode : 0
DEBUG 2019-05-17 19:18:17,637: 	 Checking credentials
DEBUG 2019-05-17 19:18:17,637: 	 Found proxy file /tmp/x509up_u59012
DEBUG 2019-05-17 19:18:17,637: 	 Getting proxy life time left
DEBUG 2019-05-17 19:18:18,558: 	 Executing : 
 command : voms-proxy-info -file /tmp/x509up_u59012 -timeleft
 output : 584009

 error: 
 retcode : 0
DEBUG 2019-05-17 19:18:19,473: 	 Executing : 
 command : voms-proxy-info -file /tmp/x509up_u59012 -actimeleft
 output : 584007

 error: 
 retcode : 0
DEBUG 2019-05-17 19:18:19,474: 	 Proxy lifetime 584009 secs is different from voms extension lifetime 584007 secs for proxy: /tmp/x509up_u59012
DEBUG 2019-05-17 19:18:19,474: 	 Proxy valid for 162:13:27 hours
DEBUG 2019-05-17 19:18:19,624: 	 Registering user credentials for server /DC=ch/DC=cern/OU=computers/CN=vocms(052|058|030|0118|0105|0109).cern.ch|/DC=ch/DC=cern/OU=computers/CN=crab-(preprod|prod)-tw(02|01).cern.ch
DEBUG 2019-05-17 19:18:19,739: 	 Executing : 
 command : openssl x509 -in ~/.globus/usercert.pem -subject -noout
 output : subject= /DC=ch/DC=cern/OU=Organic Units/OU=Users/CN=schhibra/CN=715612/CN=Simranjit Singh Chhibra

 error: 
 retcode : 0
DEBUG 2019-05-17 19:18:19,740: 	 Getting myproxy life time left for myproxy.cern.ch
DEBUG 2019-05-17 19:18:19,740: 	 Calculating hash of /DC=ch/DC=cern/OU=Organic Units/OU=Users/CN=schhibra/CN=715612/CN=Simranjit Singh Chhibra_cmsweb.cern.ch for credential name
DEBUG 2019-05-17 19:18:19,946: 	 Executing : 
 command : myproxy-info -l 3841cd59f3d3480019d577f9a3ad69704f35aad0 -s myproxy.cern.ch
 output : username: 3841cd59f3d3480019d577f9a3ad69704f35aad0
owner: /DC=ch/DC=cern/OU=Organic Units/OU=Users/CN=schhibra/CN=715612/CN=Simranjit Singh Chhibra
  renewal policy: /DC=ch/DC=cern/OU=computers/CN=vocms(052|058|030|0118|0105|0109).cern.ch|/DC=ch/DC=cern/OU=computers/CN=crab-(preprod|prod)-tw(02|01).cern.ch
  trusted retrieval policy: /DC=ch/DC=cern/OU=computers/CN=vocms(052|058|030|0118|0105|0109).cern.ch|/DC=ch/DC=cern/OU=computers/CN=crab-(preprod|prod)-tw(02|01).cern.ch
  timeleft: 701:50:00  (29.2 days)

 error: 
 retcode : 0
DEBUG 2019-05-17 19:18:19,948: 	 Myproxy is valid: 2526600
DEBUG 2019-05-17 19:18:19,949: 	 Command use: status
DEBUG 2019-05-17 19:18:19,949: 	 Options use: ['ZdScoutingM70_L1_12_5_L1_15_7_Official_AccXEff/crab_20190513_192701/']
DEBUG 2019-05-17 19:18:20,112: 	 CRABClient version: 3.3.1904
DEBUG 2019-05-17 19:18:20,112: 	 Instance is prod
DEBUG 2019-05-17 19:18:20,112: 	 Server base url is cmsweb.cern.ch
DEBUG 2019-05-17 19:18:20,112: 	 Command url /crabserver/prod/workflow
DEBUG 2019-05-17 19:18:20,245: 	 Got information from server oracle database: {u'result': [u'190513_172708:schhibra_crab_20190513_192701', u'None', u'None', u'SUBMITTED', u'SUBMIT', u'2019-05-13 17:27:09.013251', u'None', u'2019-05-13 17:27:46.337884', u'None', u'CMSSW_9_4_14', u'slc6_amd64_gcc630', u'/DarkPhotonToMuMu_M70_madgraph_pythia8_TuneCP5/RunIIFall17DRPremix-PU2017_94X_mc2017_realistic_v11-v1/AODSIM', u'F', u'0', u'[]', u'[]', u'EventAwareLumiBased', u"{'splitOnRun': False, 'events_per_job': 10000, 'halt_job_on_file_boundaries': False, 'runs': [], 'lumis': []}", u'a91432ba4693afbbde9dbfbf3a45ce6415c548894da6deac0dabcf6ac4d297eb.tar.gz', u'https://cmsweb.cern.ch/crabcache', u'schhibra', u'/DC=ch/DC=cern/OU=Organic Units/OU=Users/CN=schhibra/CN=715612/CN=Simranjit Singh Chhibra', u'cms', u'None', u'None', u'crab_20190513_192701-00000000000000000000000000000000', u'F', u'T2_CH_CERN', u'https://cmsweb.cern.ch/dbs/prod/global/DBSReader', u'https://cmsweb.cern.ch/dbs/prod/phys03/DBSWriter', u'F', u'[]', u"['tree_scout.root']", u'[]', u'Analysis', u'pythia', u'None', u'{}', u'[]', u'F', u'crab-prod-tw01', u'[]', u'1250', u'1', u'2000', u'10', u'None', u'[]', u'http://vocms0194.cern.ch/mon/cms175/190513_172708:schhibra_crab_20190513_192701', u'exec.sh', u'[]', u'[]', u'https://cmsweb.cern.ch/crabserver/prod', u'cmsgwms-collector-global.cern.ch:9620,cmssrv221.fnal.gov:9620', u'crab3@vocms0194.cern.ch', u'F', u'[]', u'T', u'/store/group/phys_exotica/darkPhoton/schhibra/ScoutingNTuples2017', u'F', u'None', u'F', u'None', u'DarkPhotonToMuMu_M70_madgraph_pythia8_TuneCP5', u'None', u'c1aaeb7efc6a14ed008774539c9ca30fdaed08f5701dbd6fc06d6eca92734bdc.tar.gz', u'37882363', u'filetransfers', u'F', u'188.184.104.130', u'0.0', u'None'], u'desc': {u'columns': [u'tm_taskname', u'tm_activity', u'panda_jobset_id', u'tm_task_status', u'tm_task_command', u'tm_start_time', u'tm_start_injection', u'tm_end_injection', u'tm_task_failure', u'tm_job_sw', u'tm_job_arch', u'tm_input_dataset', u'tm_nonvalid_input_dataset', u'tm_use_parent', u'tm_site_whitelist', u'tm_site_blacklist', u'tm_split_algo', u'tm_split_args', u'tm_user_sandbox', u'tm_cache_url', u'tm_username', u'tm_user_dn', u'tm_user_vo', u'tm_user_role', u'tm_user_group', u'tm_publish_name', u'tm_publish_groupname', u'tm_asyncdest', u'tm_dbs_url', u'tm_publish_dbs_url', u'tm_publication', u'tm_outfiles', u'tm_tfile_outfiles', u'tm_edm_outfiles', u'tm_job_type', u'tm_generator', u'tm_events_per_lumi', u'tm_arguments', u'panda_resubmitted_jobs', u'tm_save_logs', u'tw_name', u'tm_user_infiles', u'tm_maxjobruntime', u'tm_numcores', u'tm_maxmemory', u'tm_priority', u'tm_output_dataset', u'tm_task_warnings', u'tm_user_webdir', u'tm_scriptexe', u'tm_scriptargs', u'tm_extrajdl', u'tm_asourl', u'tm_collector', u'tm_schedd', u'tm_dry_run', u'tm_user_files', u'tm_transfer_outputs', u'tm_output_lfn', u'tm_ignore_locality', u'tm_fail_limit', u'tm_one_event_mode', u'tm_secondary_input_dataset', u'tm_primary_dataset', u'tm_last_publication', u'tm_debug_files', u'clusterid', u'tm_asodb', u'tm_ignore_global_blacklist', u'tm_submitter_ip_addr', u'tm_totalunits', u'tm_ddm_reqid']}}
INFO 2019-05-17 19:18:20,246: 	 CRAB project directory:		/afs/cern.ch/work/s/schhibra/DarkPhotonSearch_v2/CMSSW_9_4_14/src/ScoutingAnalysis/TreeMaker/crab/ZdScoutingM70_L1_12_5_L1_15_7_Official_AccXEff/crab_20190513_192701
INFO 2019-05-17 19:18:20,246: 	 Task name:			190513_172708:schhibra_crab_20190513_192701
INFO 2019-05-17 19:18:20,246: 	 Grid scheduler - Task Worker:	crab3@vocms0194.cern.ch - crab-prod-tw01
INFO 2019-05-17 19:18:20,246: 	 Status on the CRAB server:	SUBMITTED
INFO 2019-05-17 19:18:20,246: 	 Task URL to use for HELP:	https://cmsweb.cern.ch/crabserver/ui/task/190513_172708%3Aschhibra_crab_20190513_192701
INFO 2019-05-17 19:18:20,246: 	 Dashboard monitoring URL:	http://dashb-cms-job.cern.ch/dashboard/templates/task-analysis/#user=schhibra&refresh=0&table=Jobs&p=1&records=25&activemenu=2&status=&site=&tid=190513_172708%3Aschhibra_crab_20190513_192701
INFO 2019-05-17 19:18:20,246: 	 New dashboard monitoring URL:	https://monit-grafana.cern.ch/d/cmsTMDetail/cms-task-monitoring-task-view?orgId=11&var-user=schhibra&var-task=190513_172708%3Aschhibra_crab_20190513_192701
INFO 2019-05-17 19:18:20,246: 	 In case of issues with the new dashboard, please provide feedback to hn-cms-computing-tools@cern.ch
DEBUG 2019-05-17 19:18:20,247: 	 The CRAB server submitted your task to the Grid scheduler (cluster ID: 37882363)
DEBUG 2019-05-17 19:18:20,247: 	 Webdir is located at http://vocms0194.cern.ch/mon/cms175/190513_172708:schhibra_crab_20190513_192701
DEBUG 2019-05-17 19:18:20,401: 	 Proxied webdir is located at https://cmsweb.cern.ch/scheddmon/0194/cms175/190513_172708:schhibra_crab_20190513_192701
DEBUG 2019-05-17 19:18:20,401: 	 Retrieving 'status_cache' file from https://cmsweb.cern.ch/scheddmon/0194/cms175/190513_172708:schhibra_crab_20190513_192701/status_cache
DEBUG 2019-05-17 19:18:20,683: 	 Got information from status cache file: {'1': {'Retries': 0, 'WallDurations': [9.0, 332.0], 'StartTimes': [1557777756.0], 'SubmitTimes': [1557768478.0], 'JobIds': ['37882404.0'], 'EndTimes': [1557778088.0], 'Restarts': 0, 'RecordedSite': True, 'State': 'finished', 'ResidentSetSize': [617848], 'TotalUserCpuTimeHistory': [187], 'SiteHistory': ['Unknown', 'T2_EE_Estonia'], 'TotalSysCpuTimeHistory': [5]}, '3': {'Retries': 0, 'WallDurations': [9.0, 316.0], 'StartTimes': [1557778140.0], 'SubmitTimes': [1557768481.0], 'JobIds': ['37882412.0'], 'EndTimes': [1557778456.0], 'Restarts': 0, 'RecordedSite': True, 'State': 'finished', 'ResidentSetSize': [710404], 'TotalUserCpuTimeHistory': [199], 'SiteHistory': ['Unknown', 'T2_EE_Estonia'], 'TotalSysCpuTimeHistory': [5]}, '2': {'Retries': 0, 'WallDurations': [8.0, 291.0], 'StartTimes': [1557778141.0], 'SubmitTimes': [1557768481.0], 'JobIds': ['37882409.0'], 'EndTimes': [1557778432.0], 'Restarts': 0, 'RecordedSite': True, 'State': 'finished', 'ResidentSetSize': [6364], 'TotalUserCpuTimeHistory': [177], 'SiteHistory': ['Unknown', 'T2_EE_Estonia'], 'TotalSysCpuTimeHistory': [4]}, '5': {'Retries': 0, 'WallDurations': [10.0, 352.0], 'StartTimes': [1557778092.0], 'SubmitTimes': [1557768479.0], 'JobIds': ['37882406.0'], 'EndTimes': [1557778444.0], 'Restarts': 0, 'RecordedSite': True, 'State': 'finished', 'ResidentSetSize': [664116], 'TotalUserCpuTimeHistory': [199], 'SiteHistory': ['Unknown', 'T2_EE_Estonia'], 'TotalSysCpuTimeHistory': [5]}, '4': {'Retries': 0, 'WallDurations': [9.0, 248.0], 'StartTimes': [1557778436.0], 'SubmitTimes': [1557768481.0], 'JobIds': ['37882415.0'], 'EndTimes': [1557778684.0], 'Restarts': 0, 'RecordedSite': True, 'State': 'finished', 'ResidentSetSize': [6632], 'TotalUserCpuTimeHistory': [170], 'SiteHistory': ['Unknown', 'T2_EE_Estonia'], 'TotalSysCpuTimeHistory': [6]}}
INFO 2019-05-17 19:18:20,683: 	 Status on the scheduler:	COMPLETED
INFO 2019-05-17 19:18:20,683: 	 
Jobs status:                    finished     		100.0% (5/5)
INFO 2019-05-17 19:18:20,684: 	 
No publication information (publication has been disabled in the CRAB configuration file)
INFO 2019-05-17 19:18:20,684: 	 
Warning: the max jobs runtime is less than 30% of the task requested value (1250 min), please consider to request a lower value for failed jobs (allowed through crab resubmit) and/or improve the jobs splitting (e.g. config.Data.splitting = 'Automatic') in a new task.
INFO 2019-05-17 19:18:20,684: 	 
Summary of run jobs:
 * Memory: 6MB min, 693MB max, 392MB ave
 * Runtime: 0:04:08 min, 0:05:52 max, 0:05:07 ave
 * CPU eff: 58% min, 71% max, 62% ave
 * Waste: 0:00:45 (3% of total)

INFO 2019-05-17 19:18:20,743: 	 Log file is /afs/cern.ch/work/s/schhibra/DarkPhotonSearch_v2/CMSSW_9_4_14/src/ScoutingAnalysis/TreeMaker/crab/ZdScoutingM70_L1_12_5_L1_15_7_Official_AccXEff/crab_20190513_192701/crab.log
